PERL_DL_NONLAZY=1 /home/src/perl/repoperls/installed-perls/perl/puSu4Ff/perl-5.8.0@28771/bin/perl "-MExtUtils::Command::MM" "-e" "test_harness(0, 'blib/lib', 'blib/arch')" t/*.t
t/aalias................ok
t/aalias1...............ok
t/abranch_return_sub....ok
t/acond_and.............ok
t/acond_branch..........ok
t/acond_or..............FAILED tests 7-8, 72, 121-148
	Failed 31/166 tests, 81.33% okay
t/acond_xor.............ok
t/adefault_param........FAILED tests 7-8, 40-41, 56-57, 59-74
	Failed 22/69 tests, 68.12% okay
t/adeparse..............ok
t/adestroy..............ok
t/adynamic_subs.........ok
t/aeval1................ok
t/aeval2................ok
t/aeval3................ok
t/afork.................ok
t/aif...................ok
t/ainc_sub..............ok
t/amodule1..............ok
t/amodule2..............ok
t/amodule_ignore........ok
t/amodule_import........ok
t/amodule_relative......ok
t/aoverload_bool........ok
t/aoverloaded...........ok
t/apod..................ok
        1/1 skipped: various reasons
t/apod_nocp.............ok
        1/1 skipped: various reasons
t/arequire..............ok
t/askip.................ok
t/asort.................ok
t/aspecial_blocks.......ok
t/astatement............ok
t/at0...................ok
t/at1...................ok
t/at2...................ok
t/atrivial..............ok
t/auncoverable..........ok
t/eval_sub..............ok
t/eval_use..............ok
t/md5...................ok
Failed Test        Stat Wstat Total Fail  List of Failed
-------------------------------------------------------------------------------
t/acond_or.t                    166   31  7-8 72 121-148
t/adefault_param.t               69   27  7-8 40-41 56-57 59-74
2 subtests skipped.
Failed 2/39 test scripts. 48/3474 subtests failed.
Files=39, Tests=3474, 167 wallclock secs (160.22 cusr +  2.92 csys = 163.14 CPU)
