[2016-10-24 03:44:38-0400] ==> Starting synctree
[2016-10-24 03:44:38-0400] qx[/usr/bin/rsync -az --delete -v /home/dcollins/toolchain/buildbot/master/workers/bot1/linux-smoke/build/ . ]
[2016-10-24 03:45:39-0400] qx[/usr/bin/perl Porting/make_dot_patch.pl > .patch]
[2016-10-24 03:45:40-0400] /home/dcollins/toolchain/buildbot/master/workers/bot1/linux-smoke/smoke is now up to patchlevel 875a57f183ac1c46e31889e2c32aa0b7cfb17043
[2016-10-24 03:45:40-0400] ==> Starting runsmoke
[2016-10-24 03:45:40-0400] [../smoke/tssmokeperl.pl] chdir(/home/dcollins/toolchain/buildbot/master/workers/bot1/linux-smoke/smoke)
[2016-10-24 03:45:40-0400] qx[/usr/bin/perl -e "require q[/home/dcollins/toolchain/buildbot/master/workers/bot1/linux-smoke/smoke/cpan/Test-Harness/lib/Test/Harness.pm];print Test::Harness->VERSION" 2>&1]
Argument "3.36_01" isn't numeric in numeric ge (>=) at /home/dcollins/toolchain/smoke/Test/Smoke/App/RunSmoke.pm line 190.
[2016-10-24 03:45:40-0400] Found: Test::Harness version 3.36_01.
[2016-10-24 03:45:40-0400] Reading build configurations from /home/dcollins/toolchain/testsmoke/perlcurrent.cfg
[2016-10-24 03:45:40-0400] Reading 'Policy.sh' from default content (v=1)
[2016-10-24 03:45:40-0400] Running smoke tests without $ENV{PERLIO}
[2016-10-24 03:45:40-0400] make distclean ...
[2016-10-24 03:45:40-0400] Smoking patch 875a57f183ac1c46e31889e2c32aa0b7cfb17043 v5.25.6-81-g875a57f
[2016-10-24 03:45:40-0400] Smoking branch smoke-me/khw-locale
[2016-10-24 03:45:40-0400] Locally applied patches from '/home/dcollins/toolchain/buildbot/master/workers/bot1/linux-smoke/smoke/patchlevel.h'
[2016-10-24 03:45:40-0400] Patches: 'uncommitted-changes'
[2016-10-24 03:45:40-0400] Adding 'SMOKE875a57f183ac1c46e31889e2c32aa0b7cfb17043' to the registered patches.
[2016-10-24 03:45:40-0400] 
[2016-10-24 03:45:40-0400] Configuration: -Dusedevel -Dcc="ccache gcc-6"
[2016-10-24 03:45:40-0400] ------------------------------------------------------------------------------
[2016-10-24 03:45:40-0400] make distclean ...
[2016-10-24 03:45:40-0400] 
[2016-10-24 03:45:40-0400] Copy Policy.sh ...
[2016-10-24 03:45:40-0400] 
[2016-10-24 03:45:40-0400] Configure ...
[2016-10-24 03:46:21-0400] 
[2016-10-24 03:46:21-0400] make ...
pp_ctl.c: In function ‘Perl_pp_goto’:
pp_ctl.c:2798:104: warning: self-comparison always evaluates to false [-Wtautological-compare]
       EXTEND(SP, items+1); /* @_ could have been extended. */
                                                                                                        ^ 
locale.c: In function ‘Perl_my_strerror’:
locale.c:2781:10: warning: suggest braces around empty body in an ‘else’ statement [-Wempty-body]
     else DEBUG_Lv(PerlIO_printf(Perl_debug_log, "%s: %d: WITHIN locale scope\n", __FILE__, __LINE__));
          ^
no docs for setlocale
magic: PERL_MAGIC_qr already provided by misc
inflate.c: In function ‘inflateUndermine’:
inflate.c:1487:9: warning: unused parameter ‘subvert’ [-Wunused-parameter]
     int subvert)
         ^~~~~~~
inflate.c: In function ‘inflateMark’:
inflate.c:1507:51: warning: left shift of negative value [-Wshift-negative-value]
     if (strm == Z_NULL || strm->state == Z_NULL) return -1L << 16;
                                                   ^~
magic: PERL_MAGIC_qr already provided by misc
Warning (mostly harmless): No library found for -lposix
Warning (mostly harmless): No library found for -lcposix
Making header files for XS...
Use of uninitialized value in split at /home/dcollins/toolchain/smoke/Test/Smoke/Smoker.pm line 529.
[2016-10-24 03:47:38-0400] Skip tests from '/home/dcollins/toolchain/testsmoke/smokecurrent.skiptests'
[2016-10-24 03:47:38-0400] 
[2016-10-24 03:47:38-0400]  Tests start here:
[2016-10-24 03:47:38-0400] TSTENV = stdio	
The _test target is deprecated. Please upgrade your smoker
# Using IPC::Cmd
# parser guessed wrong encoding expected 'CP1252' got 'UTF-8'

# Testing Net::Ping 2.51, Perl 5.025007, /home/dcollins/toolchain/buildbot/master/workers/bot1/linux-smoke/smoke/perl
# Checking icmp
Name "POSIX::EXPORT_TAGS" used only once: possible typo at t/export.t line 199.
[2016-10-24 03:47:39-0400] echo >&2 The _test target is deprecated. Please upgrade your smoker
[2016-10-24 03:47:39-0400] ./runtests choose
[2016-10-24 04:00:40-0400] All tests successful.
[2016-10-24 04:00:40-0400] Elapsed: 781 sec
[2016-10-24 04:00:40-0400] u=6.36  s=6.05  cu=342.92  cs=151.46  scripts=2328  tests=955688
[2016-10-24 04:00:40-0400] 
[2016-10-24 04:00:40-0400] OK, archive results ...

[2016-10-24 04:00:40-0400] Unskip tests from '/home/dcollins/toolchain/testsmoke/smokecurrent.skiptests'
[2016-10-24 04:00:40-0400] 
[2016-10-24 04:00:40-0400] Configuration: -Dusedevel -Dcc="ccache gcc-6" -DDEBUGGING
[2016-10-24 04:00:40-0400] ------------------------------------------------------------------------------
[2016-10-24 04:00:40-0400] make distclean ...
[2016-10-24 04:01:06-0400] 
[2016-10-24 04:01:06-0400] Copy Policy.sh ...
[2016-10-24 04:01:06-0400] 
[2016-10-24 04:01:06-0400] Configure ...
[2016-10-24 04:01:59-0400] 
[2016-10-24 04:01:59-0400] make ...
pp_ctl.c: In function ‘Perl_pp_goto’:
pp_ctl.c:2798:104: warning: self-comparison always evaluates to false [-Wtautological-compare]
       EXTEND(SP, items+1); /* @_ could have been extended. */
                                                                                                        ^ 
no docs for setlocale
magic: PERL_MAGIC_qr already provided by misc
inflate.c: In function ‘inflateUndermine’:
inflate.c:1487:9: warning: unused parameter ‘subvert’ [-Wunused-parameter]
     int subvert)
         ^~~~~~~
inflate.c: In function ‘inflateMark’:
inflate.c:1507:51: warning: left shift of negative value [-Wshift-negative-value]
     if (strm == Z_NULL || strm->state == Z_NULL) return -1L << 16;
                                                   ^~
magic: PERL_MAGIC_qr already provided by misc
Warning (mostly harmless): No library found for -lposix
Warning (mostly harmless): No library found for -lcposix
Making header files for XS...
Use of uninitialized value in split at /home/dcollins/toolchain/smoke/Test/Smoke/Smoker.pm line 529.
[2016-10-24 04:03:59-0400] Skip tests from '/home/dcollins/toolchain/testsmoke/smokecurrent.skiptests'
[2016-10-24 04:03:59-0400] 
[2016-10-24 04:03:59-0400]  Tests start here:
[2016-10-24 04:03:59-0400] TSTENV = stdio	
The _test target is deprecated. Please upgrade your smoker
# Using IPC::Cmd
# parser guessed wrong encoding expected 'CP1252' got 'UTF-8'

# Testing Net::Ping 2.51, Perl 5.025007, /home/dcollins/toolchain/buildbot/master/workers/bot1/linux-smoke/smoke/perl
# Checking icmp
Name "POSIX::EXPORT_TAGS" used only once: possible typo at t/export.t line 199.
[2016-10-24 04:03:59-0400] echo >&2 The _test target is deprecated. Please upgrade your smoker
[2016-10-24 04:03:59-0400] ./runtests choose
[2016-10-24 04:16:45-0400] All tests successful.
[2016-10-24 04:16:45-0400] Elapsed: 766 sec
[2016-10-24 04:16:45-0400] u=7.29  s=5.35  cu=383.40  cs=114.51  scripts=2329  tests=955649
[2016-10-24 04:16:45-0400] 
[2016-10-24 04:16:45-0400] OK, archive results ...

[2016-10-24 04:16:45-0400] Unskip tests from '/home/dcollins/toolchain/testsmoke/smokecurrent.skiptests'
[2016-10-24 04:16:45-0400] 
[2016-10-24 04:16:45-0400] Configuration: -Dusedevel -Dcc="ccache gcc-6" -Duselongdouble
[2016-10-24 04:16:45-0400] ------------------------------------------------------------------------------
[2016-10-24 04:16:45-0400] make distclean ...
[2016-10-24 04:16:54-0400] 
[2016-10-24 04:16:54-0400] Copy Policy.sh ...
[2016-10-24 04:16:54-0400] 
[2016-10-24 04:16:54-0400] Configure ...
[2016-10-24 04:17:30-0400] 
[2016-10-24 04:17:30-0400] make ...
pp_ctl.c: In function ‘Perl_pp_goto’:
pp_ctl.c:2798:104: warning: self-comparison always evaluates to false [-Wtautological-compare]
       EXTEND(SP, items+1); /* @_ could have been extended. */
                                                                                                        ^ 
locale.c: In function ‘Perl_my_strerror’:
locale.c:2781:10: warning: suggest braces around empty body in an ‘else’ statement [-Wempty-body]
     else DEBUG_Lv(PerlIO_printf(Perl_debug_log, "%s: %d: WITHIN locale scope\n", __FILE__, __LINE__));
          ^
no docs for setlocale
magic: PERL_MAGIC_qr already provided by misc
inflate.c: In function ‘inflateUndermine’:
inflate.c:1487:9: warning: unused parameter ‘subvert’ [-Wunused-parameter]
     int subvert)
         ^~~~~~~
inflate.c: In function ‘inflateMark’:
inflate.c:1507:51: warning: left shift of negative value [-Wshift-negative-value]
     if (strm == Z_NULL || strm->state == Z_NULL) return -1L << 16;
                                                   ^~
magic: PERL_MAGIC_qr already provided by misc
Warning (mostly harmless): No library found for -lposix
Warning (mostly harmless): No library found for -lcposix
Making header files for XS...
Use of uninitialized value in split at /home/dcollins/toolchain/smoke/Test/Smoke/Smoker.pm line 529.
[2016-10-24 04:18:44-0400] Skip tests from '/home/dcollins/toolchain/testsmoke/smokecurrent.skiptests'
[2016-10-24 04:18:44-0400] 
[2016-10-24 04:18:44-0400]  Tests start here:
[2016-10-24 04:18:44-0400] TSTENV = stdio	
The _test target is deprecated. Please upgrade your smoker
# Using IPC::Cmd
# parser guessed wrong encoding expected 'CP1252' got 'UTF-8'

# Testing Net::Ping 2.51, Perl 5.025007, /home/dcollins/toolchain/buildbot/master/workers/bot1/linux-smoke/smoke/perl
# Checking icmp
Name "POSIX::EXPORT_TAGS" used only once: possible typo at t/export.t line 199.
[2016-10-24 04:18:44-0400] echo >&2 The _test target is deprecated. Please upgrade your smoker
[2016-10-24 04:18:44-0400] ./runtests choose
[2016-10-24 04:28:57-0400] All tests successful.
[2016-10-24 04:28:57-0400] Elapsed: 613 sec
[2016-10-24 04:28:57-0400] u=4.76  s=4.12  cu=279.69  cs=76.54  scripts=2328  tests=955768
[2016-10-24 04:28:57-0400] 
[2016-10-24 04:28:57-0400] OK, archive results ...

[2016-10-24 04:28:57-0400] Unskip tests from '/home/dcollins/toolchain/testsmoke/smokecurrent.skiptests'
[2016-10-24 04:28:57-0400] 
[2016-10-24 04:28:57-0400] Configuration: -Dusedevel -Dcc="ccache gcc-6" -Duselongdouble -DDEBUGGING
[2016-10-24 04:28:57-0400] ------------------------------------------------------------------------------
[2016-10-24 04:28:57-0400] make distclean ...
[2016-10-24 04:29:06-0400] 
[2016-10-24 04:29:06-0400] Copy Policy.sh ...
[2016-10-24 04:29:06-0400] 
[2016-10-24 04:29:06-0400] Configure ...
[2016-10-24 04:29:46-0400] 
[2016-10-24 04:29:46-0400] make ...
pp_ctl.c: In function ‘Perl_pp_goto’:
pp_ctl.c:2798:104: warning: self-comparison always evaluates to false [-Wtautological-compare]
       EXTEND(SP, items+1); /* @_ could have been extended. */
                                                                                                        ^ 
no docs for setlocale
magic: PERL_MAGIC_qr already provided by misc
inflate.c: In function ‘inflateUndermine’:
inflate.c:1487:9: warning: unused parameter ‘subvert’ [-Wunused-parameter]
     int subvert)
         ^~~~~~~
inflate.c: In function ‘inflateMark’:
inflate.c:1507:51: warning: left shift of negative value [-Wshift-negative-value]
     if (strm == Z_NULL || strm->state == Z_NULL) return -1L << 16;
                                                   ^~
magic: PERL_MAGIC_qr already provided by misc
Warning (mostly harmless): No library found for -lposix
Warning (mostly harmless): No library found for -lcposix
Making header files for XS...
Use of uninitialized value in split at /home/dcollins/toolchain/smoke/Test/Smoke/Smoker.pm line 529.
[2016-10-24 04:31:19-0400] Skip tests from '/home/dcollins/toolchain/testsmoke/smokecurrent.skiptests'
[2016-10-24 04:31:19-0400] 
[2016-10-24 04:31:19-0400]  Tests start here:
[2016-10-24 04:31:19-0400] TSTENV = stdio	
The _test target is deprecated. Please upgrade your smoker
# Using IPC::Cmd
# parser guessed wrong encoding expected 'CP1252' got 'UTF-8'

# Testing Net::Ping 2.51, Perl 5.025007, /home/dcollins/toolchain/buildbot/master/workers/bot1/linux-smoke/smoke/perl
# Checking icmp
Name "POSIX::EXPORT_TAGS" used only once: possible typo at t/export.t line 199.
[2016-10-24 04:31:19-0400] echo >&2 The _test target is deprecated. Please upgrade your smoker
[2016-10-24 04:31:19-0400] ./runtests choose
[2016-10-24 04:45:08-0400] All tests successful.
[2016-10-24 04:45:08-0400] Elapsed: 829 sec
[2016-10-24 04:45:08-0400] u=8.16  s=10.65  cu=434.35  cs=120.36  scripts=2329  tests=955674
[2016-10-24 04:45:08-0400] 
[2016-10-24 04:45:08-0400] OK, archive results ...

[2016-10-24 04:45:08-0400] Unskip tests from '/home/dcollins/toolchain/testsmoke/smokecurrent.skiptests'
[2016-10-24 04:45:08-0400] 
[2016-10-24 04:45:08-0400] Configuration: -Dusedevel -Dcc="ccache gcc-6" -Dusequadmath
[2016-10-24 04:45:08-0400] ------------------------------------------------------------------------------
[2016-10-24 04:45:08-0400] make distclean ...
[2016-10-24 04:45:31-0400] 
[2016-10-24 04:45:31-0400] Copy Policy.sh ...
[2016-10-24 04:45:31-0400] 
[2016-10-24 04:45:31-0400] Configure ...
[2016-10-24 04:46:13-0400] 
[2016-10-24 04:46:13-0400] make ...
pp_ctl.c: In function ‘Perl_pp_goto’:
pp_ctl.c:2798:104: warning: self-comparison always evaluates to false [-Wtautological-compare]
       EXTEND(SP, items+1); /* @_ could have been extended. */
                                                                                                        ^ 
locale.c: In function ‘Perl_my_strerror’:
locale.c:2781:10: warning: suggest braces around empty body in an ‘else’ statement [-Wempty-body]
     else DEBUG_Lv(PerlIO_printf(Perl_debug_log, "%s: %d: WITHIN locale scope\n", __FILE__, __LINE__));
          ^
no docs for setlocale
magic: PERL_MAGIC_qr already provided by misc
inflate.c: In function ‘inflateUndermine’:
inflate.c:1487:9: warning: unused parameter ‘subvert’ [-Wunused-parameter]
     int subvert)
         ^~~~~~~
inflate.c: In function ‘inflateMark’:
inflate.c:1507:51: warning: left shift of negative value [-Wshift-negative-value]
     if (strm == Z_NULL || strm->state == Z_NULL) return -1L << 16;
                                                   ^~
magic: PERL_MAGIC_qr already provided by misc
Warning (mostly harmless): No library found for -lposix
Warning (mostly harmless): No library found for -lcposix
Making header files for XS...
Use of uninitialized value in split at /home/dcollins/toolchain/smoke/Test/Smoke/Smoker.pm line 529.
[2016-10-24 04:47:11-0400] Skip tests from '/home/dcollins/toolchain/testsmoke/smokecurrent.skiptests'
[2016-10-24 04:47:11-0400] 
[2016-10-24 04:47:11-0400]  Tests start here:
[2016-10-24 04:47:11-0400] TSTENV = stdio	
The _test target is deprecated. Please upgrade your smoker
# Using IPC::Cmd
# parser guessed wrong encoding expected 'CP1252' got 'UTF-8'

#   Failed test at t/arg_string.t line 25.
#                   'x at t/arg_string.t line 9.
# 	main::lm(-3500000000000000000000000000000) called at t/arg_string.t line 25
# '
#     doesn't match '(?^:main::lm\(-3\.5[eE]\+?30\))'
# Looks like you failed 1 test of 32.
# Testing Net::Ping 2.51, Perl 5.025007, /home/dcollins/toolchain/buildbot/master/workers/bot1/linux-smoke/smoke/perl
# Checking icmp
Name "POSIX::EXPORT_TAGS" used only once: possible typo at t/export.t line 199.
Failed 1 test out of 2327, 99.96% okay.
### Since not all tests were successful, you may want to run some of
### them individually and examine any diagnostic messages they produce.
### See the INSTALL document's section on "make test".
### You have a good chance to get more information by running
###   ./perl harness
### in the 't' directory since most (>=80%) of the tests succeeded.
### You may have to set your dynamic library search path,
### LD_LIBRARY_PATH, to point to the build directory:
###   setenv LD_LIBRARY_PATH `pwd`:$LD_LIBRARY_PATH; cd t; ./perl harness
###   LD_LIBRARY_PATH=`pwd`:$LD_LIBRARY_PATH; export LD_LIBRARY_PATH; cd t; ./perl harness
###   export LD_LIBRARY_PATH=`pwd`:$LD_LIBRARY_PATH; cd t; ./perl harness
### for csh-style shells, like tcsh; or for traditional/modern
### Bourne-style shells, like bash, ksh, and zsh, respectively.
make: *** [_test] Error 1
[2016-10-24 04:47:11-0400] echo >&2 The _test target is deprecated. Please upgrade your smoker
[2016-10-24 04:47:11-0400] ./runtests choose
[2016-10-24 04:55:28-0400] dist/Carp/t/arg_string ......................................... FAILED at test 5
[2016-10-24 04:59:16-0400] Elapsed: 725 sec
[2016-10-24 04:59:16-0400] u=5.96  s=10.22  cu=340.90  cs=111.96  scripts=2327  tests=955643
[2016-10-24 04:59:16-0400] makefile:797: recipe for target '_test' failed
[2016-10-24 04:59:16-0400] 
[2016-10-24 04:59:16-0400] Error while reading test-results: 2
[2016-10-24 04:59:16-0400] 
[2016-10-24 04:59:16-0400] Extending failures with harness:
[2016-10-24 04:59:16-0400] 	../t/dist/Carp/t/arg_string.t
Can't read ../t/dist/Carp/t/arg_string.t.
[2016-10-24 04:59:16-0400] 
[2016-10-24 04:59:16-0400] Inconsistent test results (between TEST and harness):
[2016-10-24 04:59:16-0400]     ../t/dist/Carp/t/arg_string.t........... ......................................... FAILED at test 5

[2016-10-24 04:59:16-0400] Unskip tests from '/home/dcollins/toolchain/testsmoke/smokecurrent.skiptests'
[2016-10-24 04:59:16-0400] 
[2016-10-24 04:59:16-0400] Configuration: -Dusedevel -Dcc="ccache gcc-6" -Dusequadmath -DDEBUGGING
[2016-10-24 04:59:16-0400] ------------------------------------------------------------------------------
[2016-10-24 04:59:16-0400] make distclean ...
[2016-10-24 04:59:30-0400] 
[2016-10-24 04:59:30-0400] Copy Policy.sh ...
[2016-10-24 04:59:30-0400] 
[2016-10-24 04:59:30-0400] Configure ...
[2016-10-24 05:00:22-0400] 
[2016-10-24 05:00:22-0400] make ...
pp_ctl.c: In function ‘Perl_pp_goto’:
pp_ctl.c:2798:104: warning: self-comparison always evaluates to false [-Wtautological-compare]
       EXTEND(SP, items+1); /* @_ could have been extended. */
                                                                                                        ^ 
no docs for setlocale
magic: PERL_MAGIC_qr already provided by misc
inflate.c: In function ‘inflateUndermine’:
inflate.c:1487:9: warning: unused parameter ‘subvert’ [-Wunused-parameter]
     int subvert)
         ^~~~~~~
inflate.c: In function ‘inflateMark’:
inflate.c:1507:51: warning: left shift of negative value [-Wshift-negative-value]
     if (strm == Z_NULL || strm->state == Z_NULL) return -1L << 16;
                                                   ^~
magic: PERL_MAGIC_qr already provided by misc
Warning (mostly harmless): No library found for -lposix
Warning (mostly harmless): No library found for -lcposix
Making header files for XS...
Use of uninitialized value in split at /home/dcollins/toolchain/smoke/Test/Smoke/Smoker.pm line 529.
[2016-10-24 05:02:19-0400] Skip tests from '/home/dcollins/toolchain/testsmoke/smokecurrent.skiptests'
[2016-10-24 05:02:19-0400] 
[2016-10-24 05:02:19-0400]  Tests start here:
[2016-10-24 05:02:19-0400] TSTENV = stdio	
The _test target is deprecated. Please upgrade your smoker
# Using IPC::Cmd
# parser guessed wrong encoding expected 'CP1252' got 'UTF-8'

#   Failed test at t/arg_string.t line 25.
#                   'x at t/arg_string.t line 9.
# 	main::lm(-3500000000000000000000000000000) called at t/arg_string.t line 25
# '
#     doesn't match '(?^:main::lm\(-3\.5[eE]\+?30\))'
# Looks like you failed 1 test of 32.
# Testing Net::Ping 2.51, Perl 5.025007, /home/dcollins/toolchain/buildbot/master/workers/bot1/linux-smoke/smoke/perl
# Checking icmp
Name "POSIX::EXPORT_TAGS" used only once: possible typo at t/export.t line 199.
Failed 1 test out of 2328, 99.96% okay.
### Since not all tests were successful, you may want to run some of
### them individually and examine any diagnostic messages they produce.
### See the INSTALL document's section on "make test".
### You have a good chance to get more information by running
###   ./perl harness
### in the 't' directory since most (>=80%) of the tests succeeded.
### You may have to set your dynamic library search path,
### LD_LIBRARY_PATH, to point to the build directory:
###   setenv LD_LIBRARY_PATH `pwd`:$LD_LIBRARY_PATH; cd t; ./perl harness
###   LD_LIBRARY_PATH=`pwd`:$LD_LIBRARY_PATH; export LD_LIBRARY_PATH; cd t; ./perl harness
###   export LD_LIBRARY_PATH=`pwd`:$LD_LIBRARY_PATH; cd t; ./perl harness
### for csh-style shells, like tcsh; or for traditional/modern
### Bourne-style shells, like bash, ksh, and zsh, respectively.
make: *** [_test] Error 1
[2016-10-24 05:02:19-0400] echo >&2 The _test target is deprecated. Please upgrade your smoker
[2016-10-24 05:02:19-0400] ./runtests choose
[2016-10-24 05:11:50-0400] dist/Carp/t/arg_string ......................................... FAILED at test 5
[2016-10-24 05:16:23-0400] Elapsed: 844 sec
[2016-10-24 05:16:23-0400] u=8.22  s=8.71  cu=433.00  cs=124.82  scripts=2328  tests=955699
[2016-10-24 05:16:23-0400] makefile:797: recipe for target '_test' failed
[2016-10-24 05:16:23-0400] 
[2016-10-24 05:16:23-0400] Error while reading test-results: 2
[2016-10-24 05:16:23-0400] 
[2016-10-24 05:16:23-0400] Extending failures with harness:
[2016-10-24 05:16:23-0400] 	../t/dist/Carp/t/arg_string.t
Can't read ../t/dist/Carp/t/arg_string.t.
[2016-10-24 05:16:23-0400] 
[2016-10-24 05:16:23-0400] Inconsistent test results (between TEST and harness):
[2016-10-24 05:16:23-0400]     ../t/dist/Carp/t/arg_string.t........... ......................................... FAILED at test 5

[2016-10-24 05:16:23-0400] Unskip tests from '/home/dcollins/toolchain/testsmoke/smokecurrent.skiptests'
[2016-10-24 05:16:23-0400] 
[2016-10-24 05:16:23-0400] Configuration: -Dusedevel -Dcc="ccache gcc-6" -Dusethreads
[2016-10-24 05:16:23-0400] ------------------------------------------------------------------------------
[2016-10-24 05:16:23-0400] make distclean ...
[2016-10-24 05:16:42-0400] 
[2016-10-24 05:16:42-0400] Copy Policy.sh ...
[2016-10-24 05:16:42-0400] 
[2016-10-24 05:16:42-0400] Configure ...
[2016-10-24 05:17:40-0400] 
[2016-10-24 05:17:40-0400] make ...
pp_ctl.c: In function ‘Perl_pp_goto’:
pp_ctl.c:2798:112: warning: self-comparison always evaluates to false [-Wtautological-compare]
       EXTEND(SP, items+1); /* @_ could have been extended. */
                                                                                                                ^ 
locale.c: In function ‘Perl_my_strerror’:
locale.c:2756:14: warning: suggest braces around empty body in an ‘else’ statement [-Wempty-body]
         else DEBUG_Lv(PerlIO_printf(Perl_debug_log, "%s: %d: uselocale returned 0x%"UVxf"\n", __FILE__, __LINE__, PTR2UV(save_locale)));
              ^
locale.c:2781:10: warning: suggest braces around empty body in an ‘else’ statement [-Wempty-body]
     else DEBUG_Lv(PerlIO_printf(Perl_debug_log, "%s: %d: WITHIN locale scope\n", __FILE__, __LINE__));
          ^
no docs for setlocale
magic: PERL_MAGIC_qr already provided by misc
inflate.c: In function ‘inflateUndermine’:
inflate.c:1487:9: warning: unused parameter ‘subvert’ [-Wunused-parameter]
     int subvert)
         ^~~~~~~
inflate.c: In function ‘inflateMark’:
inflate.c:1507:51: warning: left shift of negative value [-Wshift-negative-value]
     if (strm == Z_NULL || strm->state == Z_NULL) return -1L << 16;
                                                   ^~
magic: PERL_MAGIC_qr already provided by misc
Warning (mostly harmless): No library found for -lposix
Warning (mostly harmless): No library found for -lcposix
Making header files for XS...
Use of uninitialized value in split at /home/dcollins/toolchain/smoke/Test/Smoke/Smoker.pm line 529.
[2016-10-24 05:19:07-0400] Skip tests from '/home/dcollins/toolchain/testsmoke/smokecurrent.skiptests'
[2016-10-24 05:19:07-0400] 
[2016-10-24 05:19:07-0400]  Tests start here:
[2016-10-24 05:19:07-0400] TSTENV = stdio	
The _test target is deprecated. Please upgrade your smoker
# Using IPC::Cmd
# parser guessed wrong encoding expected 'CP1252' got 'UTF-8'

# Testing Net::Ping 2.51, Perl 5.025007, /home/dcollins/toolchain/buildbot/master/workers/bot1/linux-smoke/smoke/perl
# Checking icmp
Name "POSIX::EXPORT_TAGS" used only once: possible typo at t/export.t line 199.
[2016-10-24 05:19:07-0400] echo >&2 The _test target is deprecated. Please upgrade your smoker
[2016-10-24 05:19:07-0400] ./runtests choose
[2016-10-24 05:33:56-0400] All tests successful.
[2016-10-24 05:33:56-0400] Elapsed: 889 sec
[2016-10-24 05:33:56-0400] u=6.44  s=10.66  cu=408.96  cs=119.82  scripts=2408  tests=966664
[2016-10-24 05:33:56-0400] 
[2016-10-24 05:33:56-0400] OK, archive results ...

[2016-10-24 05:33:56-0400] Unskip tests from '/home/dcollins/toolchain/testsmoke/smokecurrent.skiptests'
[2016-10-24 05:33:56-0400] 
[2016-10-24 05:33:56-0400] Configuration: -Dusedevel -Dcc="ccache gcc-6" -Dusethreads -DDEBUGGING
[2016-10-24 05:33:56-0400] ------------------------------------------------------------------------------
[2016-10-24 05:33:56-0400] make distclean ...
[2016-10-24 05:34:08-0400] 
[2016-10-24 05:34:08-0400] Copy Policy.sh ...
[2016-10-24 05:34:08-0400] 
[2016-10-24 05:34:08-0400] Configure ...
[2016-10-24 05:34:55-0400] 
[2016-10-24 05:34:55-0400] make ...
pp_ctl.c: In function ‘Perl_pp_goto’:
pp_ctl.c:2798:112: warning: self-comparison always evaluates to false [-Wtautological-compare]
       EXTEND(SP, items+1); /* @_ could have been extended. */
                                                                                                                ^ 
no docs for setlocale
magic: PERL_MAGIC_qr already provided by misc
inflate.c: In function ‘inflateUndermine’:
inflate.c:1487:9: warning: unused parameter ‘subvert’ [-Wunused-parameter]
     int subvert)
         ^~~~~~~
inflate.c: In function ‘inflateMark’:
inflate.c:1507:51: warning: left shift of negative value [-Wshift-negative-value]
     if (strm == Z_NULL || strm->state == Z_NULL) return -1L << 16;
                                                   ^~
magic: PERL_MAGIC_qr already provided by misc
Warning (mostly harmless): No library found for -lposix
Warning (mostly harmless): No library found for -lcposix
Making header files for XS...
Use of uninitialized value in split at /home/dcollins/toolchain/smoke/Test/Smoke/Smoker.pm line 529.
[2016-10-24 05:37:00-0400] Skip tests from '/home/dcollins/toolchain/testsmoke/smokecurrent.skiptests'
[2016-10-24 05:37:00-0400] 
[2016-10-24 05:37:00-0400]  Tests start here:
[2016-10-24 05:37:00-0400] TSTENV = stdio	
The _test target is deprecated. Please upgrade your smoker
# Using IPC::Cmd
# parser guessed wrong encoding expected 'CP1252' got 'UTF-8'

# Testing Net::Ping 2.51, Perl 5.025007, /home/dcollins/toolchain/buildbot/master/workers/bot1/linux-smoke/smoke/perl
# Checking icmp
Name "POSIX::EXPORT_TAGS" used only once: possible typo at t/export.t line 199.
[2016-10-24 05:37:00-0400] echo >&2 The _test target is deprecated. Please upgrade your smoker
[2016-10-24 05:37:00-0400] ./runtests choose
[2016-10-24 05:53:10-0400] All tests successful.
[2016-10-24 05:53:10-0400] Elapsed: 970 sec
[2016-10-24 05:53:10-0400] u=7.57  s=8.24  cu=486.29  cs=116.77  scripts=2409  tests=966683
[2016-10-24 05:53:10-0400] 
[2016-10-24 05:53:10-0400] OK, archive results ...

[2016-10-24 05:53:10-0400] Unskip tests from '/home/dcollins/toolchain/testsmoke/smokecurrent.skiptests'
[2016-10-24 05:53:10-0400] 
[2016-10-24 05:53:10-0400] Configuration: -Dusedevel -Dcc="ccache gcc-6" -Dusethreads -Duselongdouble
[2016-10-24 05:53:10-0400] ------------------------------------------------------------------------------
[2016-10-24 05:53:10-0400] make distclean ...
[2016-10-24 05:53:25-0400] 
[2016-10-24 05:53:25-0400] Copy Policy.sh ...
[2016-10-24 05:53:25-0400] 
[2016-10-24 05:53:25-0400] Configure ...
[2016-10-24 05:54:24-0400] 
[2016-10-24 05:54:24-0400] make ...
pp_ctl.c: In function ‘Perl_pp_goto’:
pp_ctl.c:2798:112: warning: self-comparison always evaluates to false [-Wtautological-compare]
       EXTEND(SP, items+1); /* @_ could have been extended. */
                                                                                                                ^ 
locale.c: In function ‘Perl_my_strerror’:
locale.c:2756:14: warning: suggest braces around empty body in an ‘else’ statement [-Wempty-body]
         else DEBUG_Lv(PerlIO_printf(Perl_debug_log, "%s: %d: uselocale returned 0x%"UVxf"\n", __FILE__, __LINE__, PTR2UV(save_locale)));
              ^
locale.c:2781:10: warning: suggest braces around empty body in an ‘else’ statement [-Wempty-body]
     else DEBUG_Lv(PerlIO_printf(Perl_debug_log, "%s: %d: WITHIN locale scope\n", __FILE__, __LINE__));
          ^
no docs for setlocale
magic: PERL_MAGIC_qr already provided by misc
inflate.c: In function ‘inflateUndermine’:
inflate.c:1487:9: warning: unused parameter ‘subvert’ [-Wunused-parameter]
     int subvert)
         ^~~~~~~
inflate.c: In function ‘inflateMark’:
inflate.c:1507:51: warning: left shift of negative value [-Wshift-negative-value]
     if (strm == Z_NULL || strm->state == Z_NULL) return -1L << 16;
                                                   ^~
magic: PERL_MAGIC_qr already provided by misc
Warning (mostly harmless): No library found for -lposix
Warning (mostly harmless): No library found for -lcposix
Making header files for XS...
Use of uninitialized value in split at /home/dcollins/toolchain/smoke/Test/Smoke/Smoker.pm line 529.
[2016-10-24 05:55:36-0400] Skip tests from '/home/dcollins/toolchain/testsmoke/smokecurrent.skiptests'
[2016-10-24 05:55:36-0400] 
[2016-10-24 05:55:36-0400]  Tests start here:
[2016-10-24 05:55:36-0400] TSTENV = stdio	
The _test target is deprecated. Please upgrade your smoker
# Using IPC::Cmd
# parser guessed wrong encoding expected 'CP1252' got 'UTF-8'

# Testing Net::Ping 2.51, Perl 5.025007, /home/dcollins/toolchain/buildbot/master/workers/bot1/linux-smoke/smoke/perl
# Checking icmp
Name "POSIX::EXPORT_TAGS" used only once: possible typo at t/export.t line 199.
[2016-10-24 05:55:36-0400] echo >&2 The _test target is deprecated. Please upgrade your smoker
[2016-10-24 05:55:36-0400] ./runtests choose
[2016-10-24 06:10:41-0400] All tests successful.
[2016-10-24 06:10:41-0400] Elapsed: 905 sec
[2016-10-24 06:10:41-0400] u=6.84  s=7.36  cu=416.25  cs=121.50  scripts=2408  tests=966710
[2016-10-24 06:10:41-0400] 
[2016-10-24 06:10:41-0400] OK, archive results ...

[2016-10-24 06:10:41-0400] Unskip tests from '/home/dcollins/toolchain/testsmoke/smokecurrent.skiptests'
[2016-10-24 06:10:41-0400] 
[2016-10-24 06:10:41-0400] Configuration: -Dusedevel -Dcc="ccache gcc-6" -Dusethreads -Duselongdouble -DDEBUGGING
[2016-10-24 06:10:41-0400] ------------------------------------------------------------------------------
[2016-10-24 06:10:41-0400] make distclean ...
[2016-10-24 06:10:53-0400] 
[2016-10-24 06:10:53-0400] Copy Policy.sh ...
[2016-10-24 06:10:53-0400] 
[2016-10-24 06:10:53-0400] Configure ...
[2016-10-24 06:12:07-0400] 
[2016-10-24 06:12:07-0400] make ...
pp_ctl.c: In function ‘Perl_pp_goto’:
pp_ctl.c:2798:112: warning: self-comparison always evaluates to false [-Wtautological-compare]
       EXTEND(SP, items+1); /* @_ could have been extended. */
                                                                                                                ^ 
no docs for setlocale
magic: PERL_MAGIC_qr already provided by misc
inflate.c: In function ‘inflateUndermine’:
inflate.c:1487:9: warning: unused parameter ‘subvert’ [-Wunused-parameter]
     int subvert)
         ^~~~~~~
inflate.c: In function ‘inflateMark’:
inflate.c:1507:51: warning: left shift of negative value [-Wshift-negative-value]
     if (strm == Z_NULL || strm->state == Z_NULL) return -1L << 16;
                                                   ^~
magic: PERL_MAGIC_qr already provided by misc
Warning (mostly harmless): No library found for -lposix
Warning (mostly harmless): No library found for -lcposix
Making header files for XS...
Use of uninitialized value in split at /home/dcollins/toolchain/smoke/Test/Smoke/Smoker.pm line 529.
[2016-10-24 06:13:56-0400] Skip tests from '/home/dcollins/toolchain/testsmoke/smokecurrent.skiptests'
[2016-10-24 06:13:56-0400] 
[2016-10-24 06:13:56-0400]  Tests start here:
[2016-10-24 06:13:56-0400] TSTENV = stdio	
The _test target is deprecated. Please upgrade your smoker
# Using IPC::Cmd
# parser guessed wrong encoding expected 'CP1252' got 'UTF-8'

# Testing Net::Ping 2.51, Perl 5.025007, /home/dcollins/toolchain/buildbot/master/workers/bot1/linux-smoke/smoke/perl
# Checking icmp
Name "POSIX::EXPORT_TAGS" used only once: possible typo at t/export.t line 199.
[2016-10-24 06:13:56-0400] echo >&2 The _test target is deprecated. Please upgrade your smoker
[2016-10-24 06:13:57-0400] ./runtests choose
[2016-10-24 06:29:37-0400] All tests successful.
[2016-10-24 06:29:37-0400] Elapsed: 940 sec
[2016-10-24 06:29:37-0400] u=8.26  s=8.15  cu=482.98  cs=112.82  scripts=2409  tests=966578
[2016-10-24 06:29:37-0400] 
[2016-10-24 06:29:37-0400] OK, archive results ...

[2016-10-24 06:29:37-0400] Unskip tests from '/home/dcollins/toolchain/testsmoke/smokecurrent.skiptests'
[2016-10-24 06:29:37-0400] 
[2016-10-24 06:29:37-0400] Configuration: -Dusedevel -Dcc="ccache gcc-6" -Dusethreads -Dusequadmath
[2016-10-24 06:29:37-0400] ------------------------------------------------------------------------------
[2016-10-24 06:29:37-0400] make distclean ...
[2016-10-24 06:29:49-0400] 
[2016-10-24 06:29:49-0400] Copy Policy.sh ...
[2016-10-24 06:29:49-0400] 
[2016-10-24 06:29:49-0400] Configure ...
[2016-10-24 06:30:28-0400] 
[2016-10-24 06:30:28-0400] make ...
pp_ctl.c: In function ‘Perl_pp_goto’:
pp_ctl.c:2798:112: warning: self-comparison always evaluates to false [-Wtautological-compare]
       EXTEND(SP, items+1); /* @_ could have been extended. */
                                                                                                                ^ 
locale.c: In function ‘Perl_my_strerror’:
locale.c:2756:14: warning: suggest braces around empty body in an ‘else’ statement [-Wempty-body]
         else DEBUG_Lv(PerlIO_printf(Perl_debug_log, "%s: %d: uselocale returned 0x%"UVxf"\n", __FILE__, __LINE__, PTR2UV(save_locale)));
              ^
locale.c:2781:10: warning: suggest braces around empty body in an ‘else’ statement [-Wempty-body]
     else DEBUG_Lv(PerlIO_printf(Perl_debug_log, "%s: %d: WITHIN locale scope\n", __FILE__, __LINE__));
          ^
no docs for setlocale
magic: PERL_MAGIC_qr already provided by misc
inflate.c: In function ‘inflateUndermine’:
inflate.c:1487:9: warning: unused parameter ‘subvert’ [-Wunused-parameter]
     int subvert)
         ^~~~~~~
inflate.c: In function ‘inflateMark’:
inflate.c:1507:51: warning: left shift of negative value [-Wshift-negative-value]
     if (strm == Z_NULL || strm->state == Z_NULL) return -1L << 16;
                                                   ^~
magic: PERL_MAGIC_qr already provided by misc
Warning (mostly harmless): No library found for -lposix
Warning (mostly harmless): No library found for -lcposix
Making header files for XS...
Use of uninitialized value in split at /home/dcollins/toolchain/smoke/Test/Smoke/Smoker.pm line 529.
[2016-10-24 06:31:30-0400] Skip tests from '/home/dcollins/toolchain/testsmoke/smokecurrent.skiptests'
[2016-10-24 06:31:30-0400] 
[2016-10-24 06:31:30-0400]  Tests start here:
[2016-10-24 06:31:30-0400] TSTENV = stdio	
The _test target is deprecated. Please upgrade your smoker
# Using IPC::Cmd
# parser guessed wrong encoding expected 'CP1252' got 'UTF-8'

#   Failed test at t/arg_string.t line 25.
#                   'x at t/arg_string.t line 9.
# 	main::lm(-3500000000000000000000000000000) called at t/arg_string.t line 25
# '
#     doesn't match '(?^:main::lm\(-3\.5[eE]\+?30\))'
# Looks like you failed 1 test of 32.
# Testing Net::Ping 2.51, Perl 5.025007, /home/dcollins/toolchain/buildbot/master/workers/bot1/linux-smoke/smoke/perl
# Checking icmp
Name "POSIX::EXPORT_TAGS" used only once: possible typo at t/export.t line 199.
Failed 1 test out of 2407, 99.96% okay.
### Since not all tests were successful, you may want to run some of
### them individually and examine any diagnostic messages they produce.
### See the INSTALL document's section on "make test".
### You have a good chance to get more information by running
###   ./perl harness
### in the 't' directory since most (>=80%) of the tests succeeded.
### You may have to set your dynamic library search path,
### LD_LIBRARY_PATH, to point to the build directory:
###   setenv LD_LIBRARY_PATH `pwd`:$LD_LIBRARY_PATH; cd t; ./perl harness
###   LD_LIBRARY_PATH=`pwd`:$LD_LIBRARY_PATH; export LD_LIBRARY_PATH; cd t; ./perl harness
###   export LD_LIBRARY_PATH=`pwd`:$LD_LIBRARY_PATH; cd t; ./perl harness
### for csh-style shells, like tcsh; or for traditional/modern
### Bourne-style shells, like bash, ksh, and zsh, respectively.
make: *** [_test] Error 1
[2016-10-24 06:31:30-0400] echo >&2 The _test target is deprecated. Please upgrade your smoker
[2016-10-24 06:31:30-0400] ./runtests choose
[2016-10-24 06:39:44-0400] dist/Carp/t/arg_string ......................................... FAILED at test 5
[2016-10-24 06:45:00-0400] Elapsed: 810 sec
[2016-10-24 06:45:00-0400] u=5.85  s=9.58  cu=380.99  cs=90.97  scripts=2407  tests=966614
[2016-10-24 06:45:00-0400] makefile:797: recipe for target '_test' failed
[2016-10-24 06:45:00-0400] 
[2016-10-24 06:45:00-0400] Error while reading test-results: 2
[2016-10-24 06:45:00-0400] 
[2016-10-24 06:45:00-0400] Extending failures with harness:
[2016-10-24 06:45:00-0400] 	../t/dist/Carp/t/arg_string.t
Can't read ../t/dist/Carp/t/arg_string.t.
[2016-10-24 06:45:00-0400] 
[2016-10-24 06:45:00-0400] Inconsistent test results (between TEST and harness):
[2016-10-24 06:45:00-0400]     ../t/dist/Carp/t/arg_string.t........... ......................................... FAILED at test 5

[2016-10-24 06:45:00-0400] Unskip tests from '/home/dcollins/toolchain/testsmoke/smokecurrent.skiptests'
[2016-10-24 06:45:00-0400] 
[2016-10-24 06:45:00-0400] Configuration: -Dusedevel -Dcc="ccache gcc-6" -Dusethreads -Dusequadmath -DDEBUGGING
[2016-10-24 06:45:00-0400] ------------------------------------------------------------------------------
[2016-10-24 06:45:00-0400] make distclean ...
[2016-10-24 06:45:16-0400] 
[2016-10-24 06:45:16-0400] Copy Policy.sh ...
[2016-10-24 06:45:16-0400] 
[2016-10-24 06:45:16-0400] Configure ...
[2016-10-24 06:46:23-0400] 
[2016-10-24 06:46:23-0400] make ...
pp_ctl.c: In function ‘Perl_pp_goto’:
pp_ctl.c:2798:112: warning: self-comparison always evaluates to false [-Wtautological-compare]
       EXTEND(SP, items+1); /* @_ could have been extended. */
                                                                                                                ^ 
no docs for setlocale
magic: PERL_MAGIC_qr already provided by misc
inflate.c: In function ‘inflateUndermine’:
inflate.c:1487:9: warning: unused parameter ‘subvert’ [-Wunused-parameter]
     int subvert)
         ^~~~~~~
inflate.c: In function ‘inflateMark’:
inflate.c:1507:51: warning: left shift of negative value [-Wshift-negative-value]
     if (strm == Z_NULL || strm->state == Z_NULL) return -1L << 16;
                                                   ^~
magic: PERL_MAGIC_qr already provided by misc
Warning (mostly harmless): No library found for -lposix
Warning (mostly harmless): No library found for -lcposix
Making header files for XS...
Use of uninitialized value in split at /home/dcollins/toolchain/smoke/Test/Smoke/Smoker.pm line 529.
[2016-10-24 06:48:26-0400] Skip tests from '/home/dcollins/toolchain/testsmoke/smokecurrent.skiptests'
[2016-10-24 06:48:26-0400] 
[2016-10-24 06:48:26-0400]  Tests start here:
[2016-10-24 06:48:26-0400] TSTENV = stdio	
The _test target is deprecated. Please upgrade your smoker
# Using IPC::Cmd
# parser guessed wrong encoding expected 'CP1252' got 'UTF-8'

#   Failed test at t/arg_string.t line 25.
#                   'x at t/arg_string.t line 9.
# 	main::lm(-3500000000000000000000000000000) called at t/arg_string.t line 25
# '
#     doesn't match '(?^:main::lm\(-3\.5[eE]\+?30\))'
# Looks like you failed 1 test of 32.
# Testing Net::Ping 2.51, Perl 5.025007, /home/dcollins/toolchain/buildbot/master/workers/bot1/linux-smoke/smoke/perl
# Checking icmp
Name "POSIX::EXPORT_TAGS" used only once: possible typo at t/export.t line 199.
Failed 1 test out of 2408, 99.96% okay.
### Since not all tests were successful, you may want to run some of
### them individually and examine any diagnostic messages they produce.
### See the INSTALL document's section on "make test".
### You have a good chance to get more information by running
###   ./perl harness
### in the 't' directory since most (>=80%) of the tests succeeded.
### You may have to set your dynamic library search path,
### LD_LIBRARY_PATH, to point to the build directory:
###   setenv LD_LIBRARY_PATH `pwd`:$LD_LIBRARY_PATH; cd t; ./perl harness
###   LD_LIBRARY_PATH=`pwd`:$LD_LIBRARY_PATH; export LD_LIBRARY_PATH; cd t; ./perl harness
###   export LD_LIBRARY_PATH=`pwd`:$LD_LIBRARY_PATH; cd t; ./perl harness
### for csh-style shells, like tcsh; or for traditional/modern
### Bourne-style shells, like bash, ksh, and zsh, respectively.
make: *** [_test] Error 1
[2016-10-24 06:48:26-0400] echo >&2 The _test target is deprecated. Please upgrade your smoker
[2016-10-24 06:48:26-0400] ./runtests choose
[2016-10-24 06:59:23-0400] dist/Carp/t/arg_string ......................................... FAILED at test 5
[2016-10-24 07:05:37-0400] Elapsed: 1031 sec
[2016-10-24 07:05:37-0400] u=7.59  s=11.15  cu=527.12  cs=135.59  scripts=2408  tests=966608
[2016-10-24 07:05:37-0400] makefile:797: recipe for target '_test' failed
[2016-10-24 07:05:37-0400] 
[2016-10-24 07:05:37-0400] Error while reading test-results: 2
[2016-10-24 07:05:37-0400] 
[2016-10-24 07:05:37-0400] Extending failures with harness:
[2016-10-24 07:05:37-0400] 	../t/dist/Carp/t/arg_string.t
Can't read ../t/dist/Carp/t/arg_string.t.
Wide character in print at /home/dcollins/toolchain/smoke/Test/Smoke/Reporter.pm line 787.
[2016-10-24 07:05:37-0400] 
[2016-10-24 07:05:37-0400] Inconsistent test results (between TEST and harness):
[2016-10-24 07:05:37-0400]     ../t/dist/Carp/t/arg_string.t........... ......................................... FAILED at test 5

[2016-10-24 07:05:37-0400] Unskip tests from '/home/dcollins/toolchain/testsmoke/smokecurrent.skiptests'
[2016-10-24 07:05:37-0400] Finished smoking 875a57f183ac1c46e31889e2c32aa0b7cfb17043 v5.25.6-81-g875a57f smoke-me/khw-locale
[2016-10-24 07:05:37-0400] Reading smokeresult from /home/dcollins/toolchain/buildbot/master/workers/bot1/linux-smoke/smoke/mktest.out
[2016-10-24 07:05:37-0400] Processing [-Dcc="ccache gcc-6"]
[2016-10-24 07:05:37-0400] Processing [-DDEBUGGING -Dcc="ccache gcc-6"]
[2016-10-24 07:05:37-0400] Processing [-Dcc="ccache gcc-6" -Duselongdouble]
[2016-10-24 07:05:37-0400] Processing [-DDEBUGGING -Dcc="ccache gcc-6" -Duselongdouble]
[2016-10-24 07:05:37-0400] Processing [-Dcc="ccache gcc-6" -Dusequadmath]
[2016-10-24 07:05:37-0400] Processing [-DDEBUGGING -Dcc="ccache gcc-6" -Dusequadmath]
[2016-10-24 07:05:37-0400] Processing [-Dcc="ccache gcc-6" -Dusethreads]
[2016-10-24 07:05:37-0400] Processing [-DDEBUGGING -Dcc="ccache gcc-6" -Dusethreads]
[2016-10-24 07:05:37-0400] Processing [-Dcc="ccache gcc-6" -Dusethreads -Duselongdouble]
[2016-10-24 07:05:37-0400] Processing [-DDEBUGGING -Dcc="ccache gcc-6" -Dusethreads -Duselongdouble]
[2016-10-24 07:05:37-0400] Processing [-Dcc="ccache gcc-6" -Dusethreads -Dusequadmath]
[2016-10-24 07:05:37-0400] Processing [-DDEBUGGING -Dcc="ccache gcc-6" -Dusethreads -Dusequadmath]
[2016-10-24 07:05:37-0400] ==> Starting reporter
[2016-10-24 07:05:37-0400] Writing report to '/home/dcollins/toolchain/buildbot/master/workers/bot1/linux-smoke/smoke/mktest.rpt'
[2016-10-24 07:05:37-0400] Locally applied patches from '/home/dcollins/toolchain/buildbot/master/workers/bot1/linux-smoke/smoke/patchlevel.h'
[2016-10-24 07:05:37-0400] Patches: 'uncommitted-changes;SMOKE875a57f183ac1c46e31889e2c32aa0b7cfb17043'
[2016-10-24 07:05:37-0400] Looking for cc messages: 'gcc'
Pattern(gcc): /(^(?-s:.+?):(?: In function .+?:$|(?: undefined reference to .+?$)|\d+(?:\:\d+)?: (?:warning:|error:|note:|invalid) .+?$))/
[2016-10-24 07:05:37-0400] Looking for non-fatal messages: 'gcc'
[2016-10-24 07:05:37-0400] '/home/dcollins/toolchain/buildbot/master/workers/bot1/linux-smoke/smoke/mktest.rpt' written OK
[2016-10-24 07:05:37-0400] Gathering CoreSmokeDB information...
[2016-10-24 07:05:37-0400] Locally applied patches from '/home/dcollins/toolchain/buildbot/master/workers/bot1/linux-smoke/smoke/patchlevel.h'
[2016-10-24 07:05:37-0400] Patches: 'uncommitted-changes;SMOKE875a57f183ac1c46e31889e2c32aa0b7cfb17043'
[2016-10-24 07:05:37-0400] Write to '/home/dcollins/toolchain/buildbot/master/workers/bot1/linux-smoke/smoke/mktest.jsn': ok
[2016-10-24 07:05:37-0400] ==> Starting sendreport
[2016-10-24 07:05:37-0400] ==> Starting mailer
Sending report to smokers-reports@perl.org,dcollinsn@gmail.com 