<!DOCTYPE html>

<html lang="en">
  <head>
    <title>Bug #91502 for REST-Neo4p: Test fails against localhost for Neo4j 2.0.0 &#40;using Neo4j 2.0.0 stable&#41;</title>
    <meta http-equiv="X-UA-Compatible" content="IE=edge" />
    <!-- The X-UA-Compatible <meta> tag above must be very early in <head> -->

    <script>
if (window.top !== window.self) {
    document.write = "";

    window.top.location = window.self.location;

    setTimeout(function(){
        document.body.innerHTML = "";
    }, 1);

    window.self.onload = function(){
        document.body.innerHTML = "";
    };
}
</script>



<link rel="shortcut icon" href="/NoAuth/images/favicon.png" type="image/png" />
<link rel="stylesheet" href="/NoAuth/css/aileron-squished-00f758259152f8b6670ee485f462e6b8.css" type="text/css" media="all" />
<link rel="stylesheet" href="/NoAuth/css/print.css" type="text/css" media="print" />




<script type="text/javascript" src="/NoAuth/js/squished-42167f2409ce368da2d31038e5cb2a57.js"></script>

<script type="text/javascript"><!--
	jQuery( loadTitleBoxStates );

--></script>


<!--[if lt IE 8]>
<link rel="stylesheet" href="/NoAuth/css/aileron/msie.css" type="text/css" media="all" />
<![endif]-->
<!--[if lt IE 7]>
<link rel="stylesheet" href="/NoAuth/css/aileron/msie6.css" type="text/css" media="all" />
<![endif]-->
<script type="text/javascript">
jQuery(document).ready(function(){
    jQuery.fn.supersubs.defaults = {
        maxWidth: 30,
        extraWidth: 2
    };

    jQuery("#app-nav.toplevel").addClass('sf-menu sf-js-enabled sf-shadow').supersubs().superfish({ speed: 'fast' });
    jQuery("#page-menu.toplevel").addClass('sf-menu sf-js-enabled').supersubs().superfish({ dropShadows: false, speed: 'fast' }).supposition();
});
</script>


<!-- Site CSS from theme editor -->
<style type="text/css" media="all" id="sitecss">
</style>

<meta name="google-site-verification" content="kD3-uEJK1AkTqaC-rckcSt_HPkAj674DPPuEN6i-y0g" />

</head>
  <body class="aileron sidebyside" id="comp-Public-Bug-Display">

<div id="logo">
<a href="https://rt.cpan.org/"><img
    src="/NoAuth/images/cpan.png"
    alt="CPAN"
    width="181"
    height="38" /></a>
    <span class="rtname">RT for rt.cpan.org</span>
</div>


<div id="quickbar">
  <div id="quick-personal">
    <span class="hide"><a href="#skipnav">Skip Menu</a> | </span>
</div>

</div>
<div id="header"><h1>Bug #91502 for REST-Neo4p: Test fails against localhost for Neo4j 2.0.0 &#40;using Neo4j 2.0.0 stable&#41;</h1></div>


<div id="main-navigation"><ul id="app-nav" class="toplevel">
 <li id="li-search_dist"><a id="search_dist" class="menu-item " href="/Public/">Search Distributions</a></li>
 <li id="li-browse_dist"><a id="browse_dist" class="menu-item " href="/Public/Dist/Browse.html">Browse Distributions</a></li>
 <li id="li-about" class="has-children"><a id="about" class="menu-item " href="/NoAuth/RT/CPAN/About.html">About rt.cpan.org</a>
 <ul>
  <li id="li-about-usage"><a id="about-usage" class="menu-item " href="/NoAuth/RT/CPAN/Usage.html">How do Iâ€¦?</a></li>
  <li id="li-about-about"><a id="about-about" class="menu-item " href="/NoAuth/RT/CPAN/About.html">About</a></li>
 </ul>
 </li>
 <li id="li-preferences"><a id="preferences" class="menu-item ">Welcome <span class="current-user">anonymous guest</span>.</a></li>
 <li id="li-login"><a id="login" class="menu-item " href="/NoAuth/Logout.html">Login as another user</a></li>
</ul></div>
<div id="page-navigation"><ul id="page-menu" class="toplevel">
 <li id="li-page-active_bugs"><a id="page-active_bugs" class="menu-item " href="/Public/Dist/Display.html?Status=Active;Name=REST-Neo4p">Active bugs</a></li>
 <li id="li-page-resolved_bugs"><a id="page-resolved_bugs" class="menu-item " href="/Public/Dist/Display.html?Status=Resolved;Name=REST-Neo4p">Resolved bugs</a></li>
 <li id="li-page-rejected_bugs"><a id="page-rejected_bugs" class="menu-item " href="/Public/Dist/Display.html?Status=Rejected;Name=REST-Neo4p">Rejected bugs</a></li>
 <li id="li-page-report"><a id="page-report" class="menu-item " href="/Public/Bug/Report.html?Queue=REST-Neo4p">Report a new bug</a></li>
</ul></div>
<div id="topactions"><form action="/Public/Search/Simple.html" id="simple-search">
  <input size="12" name="q" accesskey="0" class="field" value="" placeholder="Search..." />
</form>

<form action="/Public/Bug/Report.html" name="CreateTicketInQueue" id="CreateTicketInQueue" >
<input type="submit" class="button" value="New ticket in" />&nbsp;<label accesskey="9">
  <input name="Queue" size="25" placeholder="Module or distribution" value="" class="select-queue" data-autocomplete="Queues" data-autocomplete-autosubmit=1 data-autocomplete-params="right=CreateTicket" />

</label>

</form>

</div>
<div id="body">
<div id="announcement" style="padding: 1em; margin: 1em; border: solid black 1px; background: #eee">
<a href="https://log.perl.org/2020/12/rtcpanorg-sunset.html">rt.cpan.org will be shut down on March 1st, 2021.</a>
</div>

<a name="skipnav" id="skipnav" accesskey="8"></a>





<p>This queue is for tickets about the <a href="https://metacpan.org/release/REST-Neo4p">REST-Neo4p CPAN distribution</a>.</p>





<div class="">
  <div class="titlebox" id="">
  <div class="titlebox-title">
    <span class="widget"><a href="#" onclick="return rollup('TitleBox\x2D\x2D\x5FPublic\x5FBug\x5FDisplay\x5Fhtml\x2D\x2D\x2D\x2D\x2D\x2DUmVwb3J0IGluZm9ybWF0aW9u\x2D\x2D\x2D0');" title="Toggle visibility"></a></span>
    <span class="left">Report information</span>
    <span class="right-empty">		    </span>
  </div>
  <div class="titlebox-content " id="TitleBox--_Public_Bug_Display_html------UmVwb3J0IGluZm9ybWF0aW9u---0">


<table width="100%" class="ticket-summary">
<tr>
  <td valign="top" class="boxcontainer">
    <div class="ticket-info-basics">
  <div class="titlebox ticket-info-basics " id="">
  <div class="titlebox-title">
    <span class="widget"><a href="#" onclick="return rollup('TitleBox\x2D\x2D\x5FPublic\x5FBug\x5FDisplay\x5Fhtml\x2D\x2Dticket\x2Dinfo\x2Dbasics\x2D\x2D\x2D\x2DVGhlIEJhc2ljcw\x5F\x5F\x2D\x2D\x2D0');" title="Toggle visibility"></a></span>
    <span class="left">The Basics</span>
    <span class="right-empty">		    </span>
  </div>
  <div class="titlebox-content " id="TitleBox--_Public_Bug_Display_html--ticket-info-basics----VGhlIEJhc2ljcw__---0">


        <table>
  <tr class="id">
    <td class="label">Id:</td>
    <td class="value">91502</td>
  </tr>
  <tr class="status">
    <td class="label">Status:</td>
    <td class="value">resolved</td>
  </tr>
  <tr class="priority">
    <td class="label">Priority:</td>
    <td class="value">0/
</td>
  </tr>
  <tr class="queue">
    <td class="label">Queue:</td>
    <td class="value"><a href="/Dist/Display.html?Queue=REST-Neo4p">REST-Neo4p</a>
</td>
  </tr>
</table>

        <hr class="clear" />
  </div>
</div>




</div>


    <div class="ticket-info-people">
  <div class="titlebox ticket-info-people " id="">
  <div class="titlebox-title">
    <span class="widget"><a href="#" onclick="return rollup('TitleBox\x2D\x2D\x5FPublic\x5FBug\x5FDisplay\x5Fhtml\x2D\x2Dticket\x2Dinfo\x2Dpeople\x2D\x2D\x2D\x2DUGVvcGxl\x2D\x2D\x2D0');" title="Toggle visibility"></a></span>
    <span class="left">People</span>
    <span class="right-empty">		    </span>
  </div>
  <div class="titlebox-content " id="TitleBox--_Public_Bug_Display_html--ticket-info-people----UGVvcGxl---0">


        <table>
  <tr>
    <td class="label">Owner:</td>
    <td class="value">maj.fortinbras [...] gmail.com
    
    </td>
  </tr>
  <tr>
    <td class="labeltop">Requestors:</td>
    <td class="value">
symonsjo [...] gmail.com

<br />

</td>
  </tr>
  <tr>
    <td class="labeltop">Cc:</td>
    <td class="value">

</td>
  </tr>
  <tr>
    <td class="labeltop">AdminCc:</td>
    <td class="value">

</td>
  </tr>
</table>

        <hr class="clear" />
  </div>
</div>




</div>



  </td>
  <td valign="top" class="boxcontainer">
    
    <div class="ticket-info-cfs">
  <div class="titlebox ticket-info-cfs " id="">
  <div class="titlebox-title">
    <span class="widget"><a href="#" onclick="return rollup('TitleBox\x2D\x2D\x5FPublic\x5FBug\x5FDisplay\x5Fhtml\x2D\x2Dticket\x2Dinfo\x2Dcfs\x2D\x2D\x2D\x2DQnVnIEluZm9ybWF0aW9u\x2D\x2D\x2D0');" title="Toggle visibility"></a></span>
    <span class="left">Bug Information</span>
    <span class="right-empty">		    </span>
  </div>
  <div class="titlebox-content " id="TitleBox--_Public_Bug_Display_html--ticket-info-cfs----QnVnIEluZm9ybWF0aW9u---0">

 
        <table>
  <tr id="CF-1-ShowRow">
    <td class="label">Severity:</td>
    <td class="value">
Normal    </td>
  </tr>
  <tr id="CF-245446-ShowRow">
    <td class="label">Broken in:</td>
    <td class="value">
0.126    </td>
  </tr>
  <tr id="CF-245447-ShowRow">
    <td class="label">Fixed in:</td>
    <td class="value">
0.2222    </td>
  </tr>
</table>


        <hr class="clear" />
  </div>
</div>




</div>


    




  </td>
</tr>
</table>

    <hr class="clear" />
  </div>
</div>




</div>


<br />


<div class="history">
<div class="titlebox" id="">
  <div class="titlebox-title">
    <span class="widget"><a href="#" onclick="return rollup('TitleBox\x2D\x2D\x5FPublic\x5FBug\x5FDisplay\x5Fhtml\x2D\x2D\x2D\x2D\x2D\x2DSGlzdG9yeQ\x5F\x5F\x2D\x2D\x2D0');" title="Toggle visibility"></a></span>
    <span class="left">History</span>
    <span class="right">		<a href="#" data-direction="open" onclick="return toggle_all_folds(this, 'Show\x20all\x20quoted\x20text', 'Hide\x20all\x20quoted\x20text');">Show all quoted text</a> &mdash; <a href="/Public/Bug/Display.html?ShowHeaders=1;id=91502">Show full headers</a>    </span>
  </div>
  <div class="titlebox-content " id="TitleBox--_Public_Bug_Display_html------SGlzdG9yeQ__---0">


<div id="ticket-history">
<div class="ticket-transaction message Create odd">
<div class="ticket-transaction">
  <div class="metadata">
    <span class="type">
      <a name="txn-1303328" href="/Public/Bug/Display.html?id=91502#txn-1303328">#</a>      
    </span>
    <span class="date">Wed&nbsp;Dec&nbsp;18&nbsp;14:42:10&nbsp;2013</span>
    <span class="description">symonsjo [...] gmail.com -  Ticket created</span>
    <span class="time-taken"></span>    <span class="actions hidden"></span>
  </div>
    <div class="content">
      
<table>
  <tr>
    <td align="right" class="message-header-key">Subject:</td>
    <td class="message-header-value"> Test fails against localhost for Neo4j 2.0.0 &#40;using Neo4j 2.0.0
 stable&#41;</td>
  </tr>
</table>
<div class="downloadattachment">
<a href="/Ticket/Attachment/1303328/690621/">Download &#40;untitled&#41;</a> / <a href="/Ticket/Attachment/WithHeaders/690621">with headers</a>
<br />
<span class="downloadcontenttype">text/plain 1.5k</span>
</div>
<div class="messagebody">
<div class="message-stanza plain-text-white-space">[root@larva bin]# cd /var/tmp/REST-Neo4p-0.126
[root@larva REST-Neo4p-0.126]# perl Makefile.PL
# running Build.PL
Server for live tests: [<span class="clickylink"><a target="new" rel="nofollow" href="http://127.0.0.1:7474">http://127.0.0.1:7474</a></span> ]
<span class="clickylink"><a target="new" rel="nofollow" href="http://127.0.0.1:7474">http://127.0.0.1:7474</a></span>
Created MYMETA.yml and MYMETA.json
Creating new &#39;Build&#39; script for &#39;REST-Neo4p&#39; version &#39;0.126&#39;
Unknown &#39;build_class&#39;, defaulting to &#39;Module::Build&#39;
[root@larva REST-Neo4p-0.126]# make
/usr/bin/perl Build --makefile_env_macros 1
Building REST-Neo4p
[root@larva REST-Neo4p-0.126]# make test
/usr/bin/perl Build --makefile_env_macros 1 test
t/001_load.t ............ ok
t/002_agent.t ........... 1/8
#   Failed test &#39;neo4j version 1.8...&#39;
#   at t/002_agent.t line 37.
#                   &#39;2.0.0&#39;
#     doesn&#39;t match &#39;&#40;?-xism:^1.8&#41;&#39;
# Looks like you failed 1 test of 8.
t/002_agent.t ........... Dubious, test returned 1 &#40;wstat 256, 0x100&#41;
Failed 1/8 subtests
t/003_objs.t ............ ok
t/004_idx.t ............. ok
t/005_db.t .............. ok
t/006_query.t ........... ok
t/007_accessors.t ....... ok
t/008_batch_agent.t ..... ok
t/009_batch.t ........... ok
t/010_batch_synopsis.t .. 1/? # this may take a while ...
t/010_batch_synopsis.t .. ok
t/098_pod.t ............. skipped: Test::Pod 1.00 required for testing POD
t/099_error.t ........... ok

Test Summary Report
-------------------
t/002_agent.t         &#40;Wstat: 256 Tests: 8 Failed: 1&#41;
  Failed test:  7
  Non-zero exit status: 1
Files=12, Tests=603, 22 wallclock secs &#40; 0.21 usr  0.04 sys + 10.68 cusr  0.70 csys = 11.63 CPU&#41;
Result: FAIL
Failed 1/12 test programs. 1/603 subtests failed.
make: *** [test] Error 255
</div></div>
    </div>
</div>
</div>
<div class="ticket-transaction people Set even">
<div class="ticket-transaction">
  <div class="metadata">
    <span class="type">
      <a name="txn-1303443" href="/Public/Bug/Display.html?id=91502#txn-1303443">#</a>      
    </span>
    <span class="date">Wed&nbsp;Dec&nbsp;18&nbsp;19:59:25&nbsp;2013</span>
    <span class="description">maj.fortinbras [...] gmail.com -  Taken</span>
    <span class="time-taken"></span>    <span class="actions hidden"></span>
  </div>
    <div class="content">
    </div>
</div>
</div>
<div class="ticket-transaction message Correspond odd">
<div class="ticket-transaction">
  <div class="metadata">
    <span class="type">
      <a name="txn-1303445" href="/Public/Bug/Display.html?id=91502#txn-1303445">#</a>      
    </span>
    <span class="date">Wed&nbsp;Dec&nbsp;18&nbsp;20:07:29&nbsp;2013</span>
    <span class="description">maj.fortinbras [...] gmail.com -  Correspondence added</span>
    <span class="time-taken"></span>    <span class="actions hidden"></span>
  </div>
    <div class="content">
      
<div class="downloadattachment">
<a href="/Ticket/Attachment/1303445/690680/">Download &#40;untitled&#41;</a> / <a href="/Ticket/Attachment/WithHeaders/690680">with headers</a>
<br />
<span class="downloadcontenttype">text/plain 1.8k</span>
</div>
<div class="messagebody">
<div class="message-stanza plain-text-white-space">Hi -
I see you&#39;re using REST::Neo4p v0.126. Please upgrade to the latest version &#40;0.2222&#41;; 002_agent should pass for you.
Let me know if you see the issue &#40;or any others&#41; after upgrade.
thanks MAJ

On Wed Dec 18 14:42:10 2013, symonsjo@gmail.com wrote:
<span
    class="message-stanza-folder closed"
    onclick="fold_message_stanza(this, 'Show\x20quoted\x20text', 'Hide\x20quoted\x20text');">Show quoted text</span><br /><div class="message-stanza closed">&gt; [root@larva bin]# cd /var/tmp/REST-Neo4p-0.126
&gt; [root@larva REST-Neo4p-0.126]# perl Makefile.PL
&gt; # running Build.PL
&gt; Server for live tests: [<span class="clickylink"><a target="new" rel="nofollow" href="http://127.0.0.1:7474">http://127.0.0.1:7474</a></span> ]
&gt; <span class="clickylink"><a target="new" rel="nofollow" href="http://127.0.0.1:7474">http://127.0.0.1:7474</a></span>
&gt; Created MYMETA.yml and MYMETA.json
&gt; Creating new &#39;Build&#39; script for &#39;REST-Neo4p&#39; version &#39;0.126&#39;
&gt; Unknown &#39;build_class&#39;, defaulting to &#39;Module::Build&#39;
&gt; [root@larva REST-Neo4p-0.126]# make
&gt; /usr/bin/perl Build --makefile_env_macros 1
&gt; Building REST-Neo4p
&gt; [root@larva REST-Neo4p-0.126]# make test
&gt; /usr/bin/perl Build --makefile_env_macros 1 test
&gt; t/001_load.t ............ ok
&gt; t/002_agent.t ........... 1/8
&gt; #   Failed test &#39;neo4j version 1.8...&#39;
&gt; #   at t/002_agent.t line 37.
&gt; #                   &#39;2.0.0&#39;
&gt; #     doesn&#39;t match &#39;&#40;?-xism:^1.8&#41;&#39;
&gt; # Looks like you failed 1 test of 8.
&gt; t/002_agent.t ........... Dubious, test returned 1 &#40;wstat 256, 0x100&#41;
&gt; Failed 1/8 subtests
&gt; t/003_objs.t ............ ok
&gt; t/004_idx.t ............. ok
&gt; t/005_db.t .............. ok
&gt; t/006_query.t ........... ok
&gt; t/007_accessors.t ....... ok
&gt; t/008_batch_agent.t ..... ok
&gt; t/009_batch.t ........... ok
&gt; t/010_batch_synopsis.t .. 1/? # this may take a while ...
&gt; t/010_batch_synopsis.t .. ok
&gt; t/098_pod.t ............. skipped: Test::Pod 1.00 required for testing
&gt; POD
&gt; t/099_error.t ........... ok
&gt; 
&gt; Test Summary Report
&gt; -------------------
&gt; t/002_agent.t         &#40;Wstat: 256 Tests: 8 Failed: 1&#41;
&gt;   Failed test:  7
&gt;   Non-zero exit status: 1
&gt; Files=12, Tests=603, 22 wallclock secs &#40; 0.21 usr  0.04 sys + 10.68
&gt; cusr  0.70 csys = 11.63 CPU&#41;
&gt; Result: FAIL
&gt; Failed 1/12 test programs. 1/603 subtests failed.
&gt; make: *** [test] Error 255
</div></div></div>
    </div>
</div>
</div>
<div class="ticket-transaction basics Status even">
<div class="ticket-transaction">
  <div class="metadata">
    <span class="type">
      <a name="txn-1303446" href="/Public/Bug/Display.html?id=91502#txn-1303446">#</a>      
    </span>
    <span class="date">Wed&nbsp;Dec&nbsp;18&nbsp;20:07:30&nbsp;2013</span>
    <span class="description">The RT System itself -  Status changed from &#39;new&#39; to &#39;open&#39;</span>
    <span class="time-taken"></span>    <span class="actions hidden"></span>
  </div>
    <div class="content">
    </div>
</div>
</div>
<div class="ticket-transaction message Correspond odd">
<div class="ticket-transaction">
  <div class="metadata">
    <span class="type">
      <a name="txn-1303500" href="/Public/Bug/Display.html?id=91502#txn-1303500">#</a>      
    </span>
    <span class="date">Thu&nbsp;Dec&nbsp;19&nbsp;01:15:22&nbsp;2013</span>
    <span class="description">symonsjo [...] gmail.com -  Correspondence added</span>
    <span class="time-taken"></span>    <span class="actions hidden"></span>
  </div>
    <div class="content">
      
<table>
  <tr>
    <td align="right" class="message-header-key">From:</td>
    <td class="message-header-value"> symonsjo [...] gmail.com</td>
  </tr>
</table>
<div class="downloadattachment">
<a href="/Ticket/Attachment/1303500/690709/">Download &#40;untitled&#41;</a> / <a href="/Ticket/Attachment/WithHeaders/690709">with headers</a>
<br />
<span class="downloadcontenttype">text/plain 4.7k</span>
</div>
<div class="messagebody">
<div class="message-stanza plain-text-white-space">On Wed Dec 18 20:07:29 2013, MAJENSEN wrote:
<span
    class="message-stanza-folder closed"
    onclick="fold_message_stanza(this, 'Show\x20quoted\x20text', 'Hide\x20quoted\x20text');">Show quoted text</span><br /><div class="message-stanza closed">&gt; Hi -
&gt; I see you&#39;re using REST::Neo4p v0.126. Please upgrade to the latest
&gt; version &#40;0.2222&#41;; 002_agent should pass for you.
&gt; Let me know if you see the issue &#40;or any others&#41; after upgrade.
&gt; thanks MAJ
&gt; 
&gt; On Wed Dec 18 14:42:10 2013, symonsjo@gmail.com wrote:
<div class="message-stanza open">&gt; &gt; [root@larva bin]# cd /var/tmp/REST-Neo4p-0.126
&gt; &gt; [root@larva REST-Neo4p-0.126]# perl Makefile.PL
&gt; &gt; # running Build.PL
&gt; &gt; Server for live tests: [<span class="clickylink"><a target="new" rel="nofollow" href="http://127.0.0.1:7474">http://127.0.0.1:7474</a></span> ]
&gt; &gt; <span class="clickylink"><a target="new" rel="nofollow" href="http://127.0.0.1:7474">http://127.0.0.1:7474</a></span>
&gt; &gt; Created MYMETA.yml and MYMETA.json
&gt; &gt; Creating new &#39;Build&#39; script for &#39;REST-Neo4p&#39; version &#39;0.126&#39;
&gt; &gt; Unknown &#39;build_class&#39;, defaulting to &#39;Module::Build&#39;
&gt; &gt; [root@larva REST-Neo4p-0.126]# make
&gt; &gt; /usr/bin/perl Build --makefile_env_macros 1
&gt; &gt; Building REST-Neo4p
&gt; &gt; [root@larva REST-Neo4p-0.126]# make test
&gt; &gt; /usr/bin/perl Build --makefile_env_macros 1 test
&gt; &gt; t/001_load.t ............ ok
&gt; &gt; t/002_agent.t ........... 1/8
&gt; &gt; #   Failed test &#39;neo4j version 1.8...&#39;
&gt; &gt; #   at t/002_agent.t line 37.
&gt; &gt; #                   &#39;2.0.0&#39;
&gt; &gt; #     doesn&#39;t match &#39;&#40;?-xism:^1.8&#41;&#39;
&gt; &gt; # Looks like you failed 1 test of 8.
&gt; &gt; t/002_agent.t ........... Dubious, test returned 1 &#40;wstat 256, 0x100&#41;
&gt; &gt; Failed 1/8 subtests
&gt; &gt; t/003_objs.t ............ ok
&gt; &gt; t/004_idx.t ............. ok
&gt; &gt; t/005_db.t .............. ok
&gt; &gt; t/006_query.t ........... ok
&gt; &gt; t/007_accessors.t ....... ok
&gt; &gt; t/008_batch_agent.t ..... ok
&gt; &gt; t/009_batch.t ........... ok
&gt; &gt; t/010_batch_synopsis.t .. 1/? # this may take a while ...
&gt; &gt; t/010_batch_synopsis.t .. ok
&gt; &gt; t/098_pod.t ............. skipped: Test::Pod 1.00 required for
&gt; &gt; testing
&gt; &gt; POD
&gt; &gt; t/099_error.t ........... ok
&gt; &gt;
&gt; &gt; Test Summary Report
&gt; &gt; -------------------
&gt; &gt; t/002_agent.t         &#40;Wstat: 256 Tests: 8 Failed: 1&#41;
&gt; &gt;   Failed test:  7
&gt; &gt;   Non-zero exit status: 1
&gt; &gt; Files=12, Tests=603, 22 wallclock secs &#40; 0.21 usr  0.04 sys + 10.68
&gt; &gt; cusr  0.70 csys = 11.63 CPU&#41;
&gt; &gt; Result: FAIL
&gt; &gt; Failed 1/12 test programs. 1/603 subtests failed.
&gt; &gt; make: *** [test] Error 255
</div></div>
Hi Mark,

For some reason I had 0.126 bookmarked so my bad on that. I&#39;ve noticed a bug though with 0.2222 in that you say yes to using localhost as the test but then it tries to connect to www.zzyxx.foo:7474 instead for agent_mod.t and fails for that. Output below:

[root@larva REST-Neo4p-0.2222]# perl Makefile.PL 
# running Build.PL 
Server for live tests: [<span class="clickylink"><a target="new" rel="nofollow" href="http://127.0.0.1:7474">http://127.0.0.1:7474</a></span> ]
<span class="clickylink"><a target="new" rel="nofollow" href="http://127.0.0.1:7474">http://127.0.0.1:7474</a></span> 
Username: [ ]
 
Pass: [ ]
 
Created MYMETA.yml and MYMETA.json
Creating new &#39;Build&#39; script for &#39;REST-Neo4p&#39; version &#39;0.2222&#39;
Unknown &#39;build_class&#39;, defaulting to &#39;Module::Build&#39;
[root@larva REST-Neo4p-0.2222]# make
/usr/bin/perl Build --makefile_env_macros 1
Building REST-Neo4p
[root@larva REST-Neo4p-0.2222]# make test
/usr/bin/perl Build --makefile_env_macros 1 test
t/001_load.t ................ ok   
t/002_agent.t ............... ok   
t/003_objs.t ................ ok     
t/0041_idx_create_unique.t .. ok     
t/004_idx.t ................. 1/68 # rt80440
t/004_idx.t ................. ok     
t/0051_handle.t ............. ok    
t/005_db.t .................. ok     
t/006_query.t ............... 10/? # rt80343
t/006_query.t ............... ok    
t/007_accessors.t ........... ok     
t/008_batch_agent.t ......... ok    
t/009_batch.t ............... ok    
t/010_batch_synopsis.t ...... 1/? # this may take a while ...
t/010_batch_synopsis.t ...... ok     
t/011_neo4p_synopsis.t ...... ok    
t/020_constraint.t .......... ok    
t/021_validation.t .......... ok     
t/022_constrain.t ........... ok    
t/023_constrain_synopsis.t .. ok    
t/030_idx_escape.t .......... ok    
t/040_v2_labels.t ........... ok     
t/041_v2_txns.t ............. ok     
t/098_pod.t ................. skipped: Test::Pod 1.00 required for testing POD
t/099_error.t ............... 1/? # rt80207
t/099_error.t ............... ok    
t/agent_mod.t ............... 1/? 
#   Failed test &#39;timed out ok&#39;
#   at t/agent_mod.t line 41.
#                   &#39;Can&#39;t connect to www.zzyxx.foo:7474 &#40;Bad hostname&#41;&#39;
#     doesn&#39;t match &#39;&#40;?-xism:timeout&#41;&#39;
# Looks like you failed 1 test of 4.
t/agent_mod.t ............... Dubious, test returned 1 &#40;wstat 256, 0x100&#41;
Failed 1/4 subtests 
t/rt_80150.t ................ ok   
t/rt_80196.t ................ ok   
t/rt_80471.t ................ ok   
t/rt_81128.t ................ ok     
t/rt_90072.t ................ skipped: Test::CPAN::Changes required for this test

Test Summary Report
-------------------
t/040_v2_labels.t         &#40;Wstat: 0 Tests: 35 Failed: 0&#41;
  TODO passed:   12
t/agent_mod.t             &#40;Wstat: 256 Tests: 4 Failed: 1&#41;
  Failed test:  3
  Non-zero exit status: 1
Files=28, Tests=1052, 36 wallclock secs &#40; 0.32 usr  0.08 sys + 16.57 cusr  1.49 csys = 18.46 CPU&#41;
Result: FAIL
Failed 1/28 test programs. 1/1052 subtests failed.
make: *** [test] Error 255
</div></div>
    </div>
</div>
</div>
<div class="ticket-transaction message Correspond even">
<div class="ticket-transaction">
  <div class="metadata">
    <span class="type">
      <a name="txn-1307057" href="/Public/Bug/Display.html?id=91502#txn-1307057">#</a>      
    </span>
    <span class="date">Tue&nbsp;Dec&nbsp;31&nbsp;17:44:48&nbsp;2013</span>
    <span class="description">maj.fortinbras [...] gmail.com -  Correspondence added</span>
    <span class="time-taken"></span>    <span class="actions hidden"></span>
  </div>
    <div class="content">
      
<div class="downloadattachment">
<a href="/Ticket/Attachment/1307057/692618/">Download &#40;untitled&#41;</a> / <a href="/Ticket/Attachment/WithHeaders/692618">with headers</a>
<br />
<span class="downloadcontenttype">text/plain 5.3k</span>
</div>
<div class="messagebody">
<div class="message-stanza plain-text-white-space">Jo - I think this result occasionally comes out of the test &#40;a timing thing&#41;. The test is checking for the right fail when trying to connect to a bad address. I have fixed the test to ignore the response below, so it shouldn&#39;t appear. Let me know - MAJ
On Thu Dec 19 01:15:22 2013, symonsjo@gmail.com wrote:
<span
    class="message-stanza-folder closed"
    onclick="fold_message_stanza(this, 'Show\x20quoted\x20text', 'Hide\x20quoted\x20text');">Show quoted text</span><br /><div class="message-stanza closed">&gt; On Wed Dec 18 20:07:29 2013, MAJENSEN wrote:
<div class="message-stanza open">&gt; &gt; Hi -
&gt; &gt; I see you&#39;re using REST::Neo4p v0.126. Please upgrade to the latest
&gt; &gt; version &#40;0.2222&#41;; 002_agent should pass for you.
&gt; &gt; Let me know if you see the issue &#40;or any others&#41; after upgrade.
&gt; &gt; thanks MAJ
&gt; &gt;
&gt; &gt; On Wed Dec 18 14:42:10 2013, symonsjo@gmail.com wrote:
<div class="message-stanza open">&gt; &gt; &gt; [root@larva bin]# cd /var/tmp/REST-Neo4p-0.126
&gt; &gt; &gt; [root@larva REST-Neo4p-0.126]# perl Makefile.PL
&gt; &gt; &gt; # running Build.PL
&gt; &gt; &gt; Server for live tests: [<span class="clickylink"><a target="new" rel="nofollow" href="http://127.0.0.1:7474">http://127.0.0.1:7474</a></span> ]
&gt; &gt; &gt; <span class="clickylink"><a target="new" rel="nofollow" href="http://127.0.0.1:7474">http://127.0.0.1:7474</a></span>
&gt; &gt; &gt; Created MYMETA.yml and MYMETA.json
&gt; &gt; &gt; Creating new &#39;Build&#39; script for &#39;REST-Neo4p&#39; version &#39;0.126&#39;
&gt; &gt; &gt; Unknown &#39;build_class&#39;, defaulting to &#39;Module::Build&#39;
&gt; &gt; &gt; [root@larva REST-Neo4p-0.126]# make
&gt; &gt; &gt; /usr/bin/perl Build --makefile_env_macros 1
&gt; &gt; &gt; Building REST-Neo4p
&gt; &gt; &gt; [root@larva REST-Neo4p-0.126]# make test
&gt; &gt; &gt; /usr/bin/perl Build --makefile_env_macros 1 test
&gt; &gt; &gt; t/001_load.t ............ ok
&gt; &gt; &gt; t/002_agent.t ........... 1/8
&gt; &gt; &gt; #   Failed test &#39;neo4j version 1.8...&#39;
&gt; &gt; &gt; #   at t/002_agent.t line 37.
&gt; &gt; &gt; #                   &#39;2.0.0&#39;
&gt; &gt; &gt; #     doesn&#39;t match &#39;&#40;?-xism:^1.8&#41;&#39;
&gt; &gt; &gt; # Looks like you failed 1 test of 8.
&gt; &gt; &gt; t/002_agent.t ........... Dubious, test returned 1 &#40;wstat 256,
&gt; &gt; &gt; 0x100&#41;
&gt; &gt; &gt; Failed 1/8 subtests
&gt; &gt; &gt; t/003_objs.t ............ ok
&gt; &gt; &gt; t/004_idx.t ............. ok
&gt; &gt; &gt; t/005_db.t .............. ok
&gt; &gt; &gt; t/006_query.t ........... ok
&gt; &gt; &gt; t/007_accessors.t ....... ok
&gt; &gt; &gt; t/008_batch_agent.t ..... ok
&gt; &gt; &gt; t/009_batch.t ........... ok
&gt; &gt; &gt; t/010_batch_synopsis.t .. 1/? # this may take a while ...
&gt; &gt; &gt; t/010_batch_synopsis.t .. ok
&gt; &gt; &gt; t/098_pod.t ............. skipped: Test::Pod 1.00 required for
&gt; &gt; &gt; testing
&gt; &gt; &gt; POD
&gt; &gt; &gt; t/099_error.t ........... ok
&gt; &gt; &gt;
&gt; &gt; &gt; Test Summary Report
&gt; &gt; &gt; -------------------
&gt; &gt; &gt; t/002_agent.t         &#40;Wstat: 256 Tests: 8 Failed: 1&#41;
&gt; &gt; &gt;   Failed test:  7
&gt; &gt; &gt;   Non-zero exit status: 1
&gt; &gt; &gt; Files=12, Tests=603, 22 wallclock secs &#40; 0.21 usr  0.04 sys + 10.68
&gt; &gt; &gt; cusr  0.70 csys = 11.63 CPU&#41;
&gt; &gt; &gt; Result: FAIL
&gt; &gt; &gt; Failed 1/12 test programs. 1/603 subtests failed.
&gt; &gt; &gt; make: *** [test] Error 255
</div></div>&gt; 
&gt; Hi Mark,
&gt; 
&gt; For some reason I had 0.126 bookmarked so my bad on that. I&#39;ve noticed
&gt; a bug though with 0.2222 in that you say yes to using localhost as the
&gt; test but then it tries to connect to www.zzyxx.foo:7474 instead for
&gt; agent_mod.t and fails for that. Output below:
&gt; 
&gt; [root@larva REST-Neo4p-0.2222]# perl Makefile.PL
&gt; # running Build.PL
&gt; Server for live tests: [<span class="clickylink"><a target="new" rel="nofollow" href="http://127.0.0.1:7474">http://127.0.0.1:7474</a></span> ]
&gt; <span class="clickylink"><a target="new" rel="nofollow" href="http://127.0.0.1:7474">http://127.0.0.1:7474</a></span>
&gt; Username: [ ]
&gt; 
&gt; Pass: [ ]
&gt; 
&gt; Created MYMETA.yml and MYMETA.json
&gt; Creating new &#39;Build&#39; script for &#39;REST-Neo4p&#39; version &#39;0.2222&#39;
&gt; Unknown &#39;build_class&#39;, defaulting to &#39;Module::Build&#39;
&gt; [root@larva REST-Neo4p-0.2222]# make
&gt; /usr/bin/perl Build --makefile_env_macros 1
&gt; Building REST-Neo4p
&gt; [root@larva REST-Neo4p-0.2222]# make test
&gt; /usr/bin/perl Build --makefile_env_macros 1 test
&gt;    t/001_load.t ................ ok
&gt;    t/002_agent.t ............... ok
&gt;      t/003_objs.t ................ ok
&gt;      t/0041_idx_create_unique.t .. ok
&gt; t/004_idx.t ................. 1/68 # rt80440
&gt;      t/004_idx.t ................. ok
&gt;     t/0051_handle.t ............. ok
&gt;      t/005_db.t .................. ok
&gt; t/006_query.t ............... 10/? # rt80343
&gt;     t/006_query.t ............... ok
&gt;      t/007_accessors.t ........... ok
&gt;     t/008_batch_agent.t ......... ok
&gt;     t/009_batch.t ............... ok
&gt; t/010_batch_synopsis.t ...... 1/? # this may take a while ...
&gt;      t/010_batch_synopsis.t ...... ok
&gt;     t/011_neo4p_synopsis.t ...... ok
&gt;     t/020_constraint.t .......... ok
&gt;      t/021_validation.t .......... ok
&gt;     t/022_constrain.t ........... ok
&gt;     t/023_constrain_synopsis.t .. ok
&gt;     t/030_idx_escape.t .......... ok
&gt;      t/040_v2_labels.t ........... ok
&gt;      t/041_v2_txns.t ............. ok
&gt; t/098_pod.t ................. skipped: Test::Pod 1.00 required for
&gt; testing POD
&gt; t/099_error.t ............... 1/? # rt80207
&gt;     t/099_error.t ............... ok
&gt;  t/agent_mod.t ............... 1/?
&gt; #   Failed test &#39;timed out ok&#39;
&gt; #   at t/agent_mod.t line 41.
&gt; #                   &#39;Can&#39;t connect to www.zzyxx.foo:7474 &#40;Bad
&gt; hostname&#41;&#39;
&gt; #     doesn&#39;t match &#39;&#40;?-xism:timeout&#41;&#39;
&gt; # Looks like you failed 1 test of 4.
&gt; t/agent_mod.t ............... Dubious, test returned 1 &#40;wstat 256,
&gt; 0x100&#41;
&gt;  Failed 1/4 subtests
&gt;    t/rt_80150.t ................ ok
&gt;    t/rt_80196.t ................ ok
&gt;    t/rt_80471.t ................ ok
&gt;      t/rt_81128.t ................ ok
&gt; t/rt_90072.t ................ skipped: Test::CPAN::Changes required
&gt; for this test
&gt; 
&gt; Test Summary Report
&gt; -------------------
&gt; t/040_v2_labels.t         &#40;Wstat: 0 Tests: 35 Failed: 0&#41;
&gt;   TODO passed:   12
&gt; t/agent_mod.t             &#40;Wstat: 256 Tests: 4 Failed: 1&#41;
&gt;   Failed test:  3
&gt;   Non-zero exit status: 1
&gt; Files=28, Tests=1052, 36 wallclock secs &#40; 0.32 usr  0.08 sys + 16.57
&gt; cusr  1.49 csys = 18.46 CPU&#41;
&gt; Result: FAIL
&gt; Failed 1/28 test programs. 1/1052 subtests failed.
&gt; make: *** [test] Error 255
</div></div></div>
    </div>
</div>
</div>
<div class="ticket-transaction message Correspond odd">
<div class="ticket-transaction">
  <div class="metadata">
    <span class="type">
      <a name="txn-1307132" href="/Public/Bug/Display.html?id=91502#txn-1307132">#</a>      
    </span>
    <span class="date">Wed&nbsp;Jan&nbsp;01&nbsp;02:50:02&nbsp;2014</span>
    <span class="description">symonsjo [...] gmail.com -  Correspondence added</span>
    <span class="time-taken"></span>    <span class="actions hidden"></span>
  </div>
    <div class="content">
      
<table>
  <tr>
    <td align="right" class="message-header-key">From:</td>
    <td class="message-header-value"> symonsjo [...] gmail.com</td>
  </tr>
</table>
<div class="downloadattachment">
<a href="/Ticket/Attachment/1307132/692657/">Download &#40;untitled&#41;</a> / <a href="/Ticket/Attachment/WithHeaders/692657">with headers</a>
<br />
<span class="downloadcontenttype">text/plain 7.9k</span>
</div>
<div class="messagebody">
<div class="message-stanza plain-text-white-space">Hi MAJ,

I can confirm I did not encounter this error when building 0.2232.

[root@larva REST-Neo4p-0.2232]# perl Makefile.PL
# running Build.PL
Server for live tests: [<span class="clickylink"><a target="new" rel="nofollow" href="http://127.0.0.1:7474">http://127.0.0.1:7474</a></span> ]
<span class="clickylink"><a target="new" rel="nofollow" href="http://127.0.0.1:7474">http://127.0.0.1:7474</a></span> 
Username: [ ]       
 
Pass: [ ]
 
Created MYMETA.yml and MYMETA.json
Creating new &#39;Build&#39; script for &#39;REST-Neo4p&#39; version &#39;0.2232&#39;
Unknown &#39;build_class&#39;, defaulting to &#39;Module::Build&#39;
[root@larva REST-Neo4p-0.2232]# make
/usr/bin/perl Build --makefile_env_macros 1
Building REST-Neo4p
[root@larva REST-Neo4p-0.2232]# make test
/usr/bin/perl Build --makefile_env_macros 1 test
t/001_load.t ................ ok   
t/002_agent.t ............... ok   
t/003_objs.t ................ ok     
t/0041_idx_create_unique.t .. ok     
t/004_idx.t ................. 1/68 # rt80440
t/004_idx.t ................. ok     
t/0051_handle.t ............. ok    
t/005_db.t .................. ok     
t/006_query.t ............... 20/? # rt80343
t/006_query.t ............... ok    
t/007_accessors.t ........... ok     
t/008_batch_agent.t ......... ok    
t/009_batch.t ............... ok    
t/010_batch_synopsis.t ...... 1/? # this may take a while ...
t/010_batch_synopsis.t ...... ok     
t/011_neo4p_synopsis.t ...... ok    
t/020_constraint.t .......... ok    
t/021_validation.t .......... ok     
t/022_constrain.t ........... ok    
t/023_constrain_synopsis.t .. ok    
t/030_idx_escape.t .......... ok    
t/040_v2_labels.t ........... ok     
t/041_v2_txns.t ............. ok     
t/098_pod.t ................. skipped: Test::Pod 1.00 required for testing POD
t/099_error.t ............... 1/? # rt91682
# rt80207
t/099_error.t ............... ok    
t/agent_mod.t ............... ok   
t/rt_80150.t ................ ok   
t/rt_80196.t ................ ok   
t/rt_80471.t ................ ok   
t/rt_81128.t ................ ok     
t/rt_90072.t ................ skipped: Test::CPAN::Changes required for this test
t/rt_91640.t ................ 1/27 # use utf8
# no utf8
t/rt_91640.t ................ ok     
t/rt_91748.t ................ ok   
All tests successful.

Test Summary Report
-------------------
t/040_v2_labels.t         &#40;Wstat: 0 Tests: 35 Failed: 0&#41;
  TODO passed:   12
Files=30, Tests=1083, 47 wallclock secs &#40; 0.40 usr  0.11 sys + 18.89 cusr  1.83 csys = 21.23 CPU&#41;
Result: PASS

All tests passed.

Thanks

On Tue Dec 31 17:44:48 2013, MAJENSEN wrote:
<span
    class="message-stanza-folder closed"
    onclick="fold_message_stanza(this, 'Show\x20quoted\x20text', 'Hide\x20quoted\x20text');">Show quoted text</span><br /><div class="message-stanza closed">&gt; Jo - I think this result occasionally comes out of the test &#40;a timing
&gt; thing&#41;. The test is checking for the right fail when trying to connect
&gt; to a bad address. I have fixed the test to ignore the response below,
&gt; so it shouldn&#39;t appear. Let me know - MAJ
&gt; On Thu Dec 19 01:15:22 2013, symonsjo@gmail.com wrote:
<div class="message-stanza open">&gt; &gt; On Wed Dec 18 20:07:29 2013, MAJENSEN wrote:
<div class="message-stanza open">&gt; &gt; &gt; Hi -
&gt; &gt; &gt; I see you&#39;re using REST::Neo4p v0.126. Please upgrade to the latest
&gt; &gt; &gt; version &#40;0.2222&#41;; 002_agent should pass for you.
&gt; &gt; &gt; Let me know if you see the issue &#40;or any others&#41; after upgrade.
&gt; &gt; &gt; thanks MAJ
&gt; &gt; &gt;
&gt; &gt; &gt; On Wed Dec 18 14:42:10 2013, symonsjo@gmail.com wrote:
<div class="message-stanza open">&gt; &gt; &gt; &gt; [root@larva bin]# cd /var/tmp/REST-Neo4p-0.126
&gt; &gt; &gt; &gt; [root@larva REST-Neo4p-0.126]# perl Makefile.PL
&gt; &gt; &gt; &gt; # running Build.PL
&gt; &gt; &gt; &gt; Server for live tests: [<span class="clickylink"><a target="new" rel="nofollow" href="http://127.0.0.1:7474">http://127.0.0.1:7474</a></span> ]
&gt; &gt; &gt; &gt; <span class="clickylink"><a target="new" rel="nofollow" href="http://127.0.0.1:7474">http://127.0.0.1:7474</a></span>
&gt; &gt; &gt; &gt; Created MYMETA.yml and MYMETA.json
&gt; &gt; &gt; &gt; Creating new &#39;Build&#39; script for &#39;REST-Neo4p&#39; version &#39;0.126&#39;
&gt; &gt; &gt; &gt; Unknown &#39;build_class&#39;, defaulting to &#39;Module::Build&#39;
&gt; &gt; &gt; &gt; [root@larva REST-Neo4p-0.126]# make
&gt; &gt; &gt; &gt; /usr/bin/perl Build --makefile_env_macros 1
&gt; &gt; &gt; &gt; Building REST-Neo4p
&gt; &gt; &gt; &gt; [root@larva REST-Neo4p-0.126]# make test
&gt; &gt; &gt; &gt; /usr/bin/perl Build --makefile_env_macros 1 test
&gt; &gt; &gt; &gt; t/001_load.t ............ ok
&gt; &gt; &gt; &gt; t/002_agent.t ........... 1/8
&gt; &gt; &gt; &gt; #   Failed test &#39;neo4j version 1.8...&#39;
&gt; &gt; &gt; &gt; #   at t/002_agent.t line 37.
&gt; &gt; &gt; &gt; #                   &#39;2.0.0&#39;
&gt; &gt; &gt; &gt; #     doesn&#39;t match &#39;&#40;?-xism:^1.8&#41;&#39;
&gt; &gt; &gt; &gt; # Looks like you failed 1 test of 8.
&gt; &gt; &gt; &gt; t/002_agent.t ........... Dubious, test returned 1 &#40;wstat 256,
&gt; &gt; &gt; &gt; 0x100&#41;
&gt; &gt; &gt; &gt; Failed 1/8 subtests
&gt; &gt; &gt; &gt; t/003_objs.t ............ ok
&gt; &gt; &gt; &gt; t/004_idx.t ............. ok
&gt; &gt; &gt; &gt; t/005_db.t .............. ok
&gt; &gt; &gt; &gt; t/006_query.t ........... ok
&gt; &gt; &gt; &gt; t/007_accessors.t ....... ok
&gt; &gt; &gt; &gt; t/008_batch_agent.t ..... ok
&gt; &gt; &gt; &gt; t/009_batch.t ........... ok
&gt; &gt; &gt; &gt; t/010_batch_synopsis.t .. 1/? # this may take a while ...
&gt; &gt; &gt; &gt; t/010_batch_synopsis.t .. ok
&gt; &gt; &gt; &gt; t/098_pod.t ............. skipped: Test::Pod 1.00 required for
&gt; &gt; &gt; &gt; testing
&gt; &gt; &gt; &gt; POD
&gt; &gt; &gt; &gt; t/099_error.t ........... ok
&gt; &gt; &gt; &gt;
&gt; &gt; &gt; &gt; Test Summary Report
&gt; &gt; &gt; &gt; -------------------
&gt; &gt; &gt; &gt; t/002_agent.t         &#40;Wstat: 256 Tests: 8 Failed: 1&#41;
&gt; &gt; &gt; &gt;   Failed test:  7
&gt; &gt; &gt; &gt;   Non-zero exit status: 1
&gt; &gt; &gt; &gt; Files=12, Tests=603, 22 wallclock secs &#40; 0.21 usr  0.04 sys +
&gt; &gt; &gt; &gt; 10.68
&gt; &gt; &gt; &gt; cusr  0.70 csys = 11.63 CPU&#41;
&gt; &gt; &gt; &gt; Result: FAIL
&gt; &gt; &gt; &gt; Failed 1/12 test programs. 1/603 subtests failed.
&gt; &gt; &gt; &gt; make: *** [test] Error 255
</div></div>&gt; &gt;
&gt; &gt; Hi Mark,
&gt; &gt;
&gt; &gt; For some reason I had 0.126 bookmarked so my bad on that. I&#39;ve
&gt; &gt; noticed
&gt; &gt; a bug though with 0.2222 in that you say yes to using localhost as
&gt; &gt; the
&gt; &gt; test but then it tries to connect to www.zzyxx.foo:7474 instead for
&gt; &gt; agent_mod.t and fails for that. Output below:
&gt; &gt;
&gt; &gt; [root@larva REST-Neo4p-0.2222]# perl Makefile.PL
&gt; &gt; # running Build.PL
&gt; &gt; Server for live tests: [<span class="clickylink"><a target="new" rel="nofollow" href="http://127.0.0.1:7474">http://127.0.0.1:7474</a></span> ]
&gt; &gt; <span class="clickylink"><a target="new" rel="nofollow" href="http://127.0.0.1:7474">http://127.0.0.1:7474</a></span>
&gt; &gt; Username: [ ]
&gt; &gt;
&gt; &gt; Pass: [ ]
&gt; &gt;
&gt; &gt; Created MYMETA.yml and MYMETA.json
&gt; &gt; Creating new &#39;Build&#39; script for &#39;REST-Neo4p&#39; version &#39;0.2222&#39;
&gt; &gt; Unknown &#39;build_class&#39;, defaulting to &#39;Module::Build&#39;
&gt; &gt; [root@larva REST-Neo4p-0.2222]# make
&gt; &gt; /usr/bin/perl Build --makefile_env_macros 1
&gt; &gt; Building REST-Neo4p
&gt; &gt; [root@larva REST-Neo4p-0.2222]# make test
&gt; &gt; /usr/bin/perl Build --makefile_env_macros 1 test
&gt; &gt;    t/001_load.t ................ ok
&gt; &gt;    t/002_agent.t ............... ok
&gt; &gt;      t/003_objs.t ................ ok
&gt; &gt;      t/0041_idx_create_unique.t .. ok
&gt; &gt; t/004_idx.t ................. 1/68 # rt80440
&gt; &gt;      t/004_idx.t ................. ok
&gt; &gt;     t/0051_handle.t ............. ok
&gt; &gt;      t/005_db.t .................. ok
&gt; &gt; t/006_query.t ............... 10/? # rt80343
&gt; &gt;     t/006_query.t ............... ok
&gt; &gt;      t/007_accessors.t ........... ok
&gt; &gt;     t/008_batch_agent.t ......... ok
&gt; &gt;     t/009_batch.t ............... ok
&gt; &gt; t/010_batch_synopsis.t ...... 1/? # this may take a while ...
&gt; &gt;      t/010_batch_synopsis.t ...... ok
&gt; &gt;     t/011_neo4p_synopsis.t ...... ok
&gt; &gt;     t/020_constraint.t .......... ok
&gt; &gt;      t/021_validation.t .......... ok
&gt; &gt;     t/022_constrain.t ........... ok
&gt; &gt;     t/023_constrain_synopsis.t .. ok
&gt; &gt;     t/030_idx_escape.t .......... ok
&gt; &gt;      t/040_v2_labels.t ........... ok
&gt; &gt;      t/041_v2_txns.t ............. ok
&gt; &gt; t/098_pod.t ................. skipped: Test::Pod 1.00 required for
&gt; &gt; testing POD
&gt; &gt; t/099_error.t ............... 1/? # rt80207
&gt; &gt;     t/099_error.t ............... ok
&gt; &gt;  t/agent_mod.t ............... 1/?
&gt; &gt; #   Failed test &#39;timed out ok&#39;
&gt; &gt; #   at t/agent_mod.t line 41.
&gt; &gt; #                   &#39;Can&#39;t connect to www.zzyxx.foo:7474 &#40;Bad
&gt; &gt; hostname&#41;&#39;
&gt; &gt; #     doesn&#39;t match &#39;&#40;?-xism:timeout&#41;&#39;
&gt; &gt; # Looks like you failed 1 test of 4.
&gt; &gt; t/agent_mod.t ............... Dubious, test returned 1 &#40;wstat 256,
&gt; &gt; 0x100&#41;
&gt; &gt;  Failed 1/4 subtests
&gt; &gt;    t/rt_80150.t ................ ok
&gt; &gt;    t/rt_80196.t ................ ok
&gt; &gt;    t/rt_80471.t ................ ok
&gt; &gt;      t/rt_81128.t ................ ok
&gt; &gt; t/rt_90072.t ................ skipped: Test::CPAN::Changes required
&gt; &gt; for this test
&gt; &gt;
&gt; &gt; Test Summary Report
&gt; &gt; -------------------
&gt; &gt; t/040_v2_labels.t         &#40;Wstat: 0 Tests: 35 Failed: 0&#41;
&gt; &gt;   TODO passed:   12
&gt; &gt; t/agent_mod.t             &#40;Wstat: 256 Tests: 4 Failed: 1&#41;
&gt; &gt;   Failed test:  3
&gt; &gt;   Non-zero exit status: 1
&gt; &gt; Files=28, Tests=1052, 36 wallclock secs &#40; 0.32 usr  0.08 sys + 16.57
&gt; &gt; cusr  1.49 csys = 18.46 CPU&#41;
&gt; &gt; Result: FAIL
&gt; &gt; Failed 1/28 test programs. 1/1052 subtests failed.
&gt; &gt; make: *** [test] Error 255
</div></div></div></div>
    </div>
</div>
</div>
<div class="ticket-transaction message Correspond even">
<div class="ticket-transaction">
  <div class="metadata">
    <span class="type">
      <a name="txn-1307164" href="/Public/Bug/Display.html?id=91502#txn-1307164">#</a>      
    </span>
    <span class="date">Wed&nbsp;Jan&nbsp;01&nbsp;05:27:39&nbsp;2014</span>
    <span class="description">symonsjo [...] gmail.com -  Correspondence added</span>
    <span class="time-taken"></span>    <span class="actions hidden"></span>
  </div>
    <div class="content">
      
<table>
  <tr>
    <td align="right" class="message-header-key">From:</td>
    <td class="message-header-value"> symonsjo [...] gmail.com</td>
  </tr>
</table>
<div class="downloadattachment">
<a href="/Ticket/Attachment/1307164/692678/">Download &#40;untitled&#41;</a> / <a href="/Ticket/Attachment/WithHeaders/692678">with headers</a>
<br />
<span class="downloadcontenttype">text/plain 9.6k</span>
</div>
<div class="messagebody">
<div class="message-stanza plain-text-white-space">Just fyi, REST::Neo4p should probably warn if you don&#39;t have Tie::IxHash as tests will fail without it.

truncated below:

[root@miyu REST-Neo4p-0.2232]# make test
/usr/bin/perl Build --makefile_env_macros 1 test
t/001_load.t ................ 1/1 
#   Failed test &#39;use REST::Neo4p;&#39;
#   at t/001_load.t line 9.
#     Tried to use &#39;REST::Neo4p&#39;.
#     Error:  Can&#39;t locate Tie/IxHash.pm in @INC &#40;@INC contains: ../../lib /var/tmp/REST-Neo4p-0.2232/blib/lib /var/tmp/REST-Neo4p-0.2232/blib/arch /usr/local/lib64/perl5 /usr/local/share/perl5 /usr/lib64/perl5/vendor_perl /usr/share/perl5/vendor_perl /usr/lib64/perl5 /usr/share/perl5 .&#41; at /var/tmp/REST-Neo4p-0.2232/blib/lib/REST/Neo4p/Query.pm line 7.
# BEGIN failed--compilation aborted at /var/tmp/REST-Neo4p-0.2232/blib/lib/REST/Neo4p/Query.pm line 7.
# Compilation failed in require at /var/tmp/REST-Neo4p-0.2232/blib/lib/REST/Neo4p.pm line 11.
# BEGIN failed--compilation aborted at /var/tmp/REST-Neo4p-0.2232/blib/lib/REST/Neo4p.pm line 11.
# Compilation failed in require at &#40;eval 4&#41; line 2.
# BEGIN failed--compilation aborted at &#40;eval 4&#41; line 2.
# Looks like you failed 1 test of 1.
t/001_load.t ................ Dubious, test returned 1 &#40;wstat 256, 0x100&#41;
Failed 1/1 subtests 


On Wed Jan 01 02:50:02 2014, symonsjo@gmail.com wrote:
<span
    class="message-stanza-folder closed"
    onclick="fold_message_stanza(this, 'Show\x20quoted\x20text', 'Hide\x20quoted\x20text');">Show quoted text</span><br /><div class="message-stanza closed">&gt; Hi MAJ,
&gt; 
&gt; I can confirm I did not encounter this error when building 0.2232.
&gt; 
&gt; [root@larva REST-Neo4p-0.2232]# perl Makefile.PL
&gt; # running Build.PL
&gt; Server for live tests: [<span class="clickylink"><a target="new" rel="nofollow" href="http://127.0.0.1:7474">http://127.0.0.1:7474</a></span> ]
&gt;  <span class="clickylink"><a target="new" rel="nofollow" href="http://127.0.0.1:7474">http://127.0.0.1:7474</a></span>
&gt;        Username: [ ]
&gt; 
&gt; Pass: [ ]
&gt; 
&gt; Created MYMETA.yml and MYMETA.json
&gt; Creating new &#39;Build&#39; script for &#39;REST-Neo4p&#39; version &#39;0.2232&#39;
&gt; Unknown &#39;build_class&#39;, defaulting to &#39;Module::Build&#39;
&gt; [root@larva REST-Neo4p-0.2232]# make
&gt; /usr/bin/perl Build --makefile_env_macros 1
&gt; Building REST-Neo4p
&gt; [root@larva REST-Neo4p-0.2232]# make test
&gt; /usr/bin/perl Build --makefile_env_macros 1 test
&gt;    t/001_load.t ................ ok
&gt;    t/002_agent.t ............... ok
&gt;      t/003_objs.t ................ ok
&gt;      t/0041_idx_create_unique.t .. ok
&gt; t/004_idx.t ................. 1/68 # rt80440
&gt;      t/004_idx.t ................. ok
&gt;     t/0051_handle.t ............. ok
&gt;      t/005_db.t .................. ok
&gt; t/006_query.t ............... 20/? # rt80343
&gt;     t/006_query.t ............... ok
&gt;      t/007_accessors.t ........... ok
&gt;     t/008_batch_agent.t ......... ok
&gt;     t/009_batch.t ............... ok
&gt; t/010_batch_synopsis.t ...... 1/? # this may take a while ...
&gt;      t/010_batch_synopsis.t ...... ok
&gt;     t/011_neo4p_synopsis.t ...... ok
&gt;     t/020_constraint.t .......... ok
&gt;      t/021_validation.t .......... ok
&gt;     t/022_constrain.t ........... ok
&gt;     t/023_constrain_synopsis.t .. ok
&gt;     t/030_idx_escape.t .......... ok
&gt;      t/040_v2_labels.t ........... ok
&gt;      t/041_v2_txns.t ............. ok
&gt; t/098_pod.t ................. skipped: Test::Pod 1.00 required for
&gt; testing POD
&gt; t/099_error.t ............... 1/? # rt91682
&gt; # rt80207
&gt;     t/099_error.t ............... ok
&gt;    t/agent_mod.t ............... ok
&gt;    t/rt_80150.t ................ ok
&gt;    t/rt_80196.t ................ ok
&gt;    t/rt_80471.t ................ ok
&gt;      t/rt_81128.t ................ ok
&gt; t/rt_90072.t ................ skipped: Test::CPAN::Changes required
&gt; for this test
&gt; t/rt_91640.t ................ 1/27 # use utf8
&gt; # no utf8
&gt;      t/rt_91640.t ................ ok
&gt;    t/rt_91748.t ................ ok
&gt; All tests successful.
&gt; 
&gt; Test Summary Report
&gt; -------------------
&gt; t/040_v2_labels.t         &#40;Wstat: 0 Tests: 35 Failed: 0&#41;
&gt;   TODO passed:   12
&gt; Files=30, Tests=1083, 47 wallclock secs &#40; 0.40 usr  0.11 sys + 18.89
&gt; cusr  1.83 csys = 21.23 CPU&#41;
&gt; Result: PASS
&gt; 
&gt; All tests passed.
&gt; 
&gt; Thanks
&gt; 
&gt; On Tue Dec 31 17:44:48 2013, MAJENSEN wrote:
<div class="message-stanza open">&gt; &gt; Jo - I think this result occasionally comes out of the test &#40;a timing
&gt; &gt; thing&#41;. The test is checking for the right fail when trying to
&gt; &gt; connect
&gt; &gt; to a bad address. I have fixed the test to ignore the response below,
&gt; &gt; so it shouldn&#39;t appear. Let me know - MAJ
&gt; &gt; On Thu Dec 19 01:15:22 2013, symonsjo@gmail.com wrote:
<div class="message-stanza open">&gt; &gt; &gt; On Wed Dec 18 20:07:29 2013, MAJENSEN wrote:
<div class="message-stanza open">&gt; &gt; &gt; &gt; Hi -
&gt; &gt; &gt; &gt; I see you&#39;re using REST::Neo4p v0.126. Please upgrade to the
&gt; &gt; &gt; &gt; latest
&gt; &gt; &gt; &gt; version &#40;0.2222&#41;; 002_agent should pass for you.
&gt; &gt; &gt; &gt; Let me know if you see the issue &#40;or any others&#41; after upgrade.
&gt; &gt; &gt; &gt; thanks MAJ
&gt; &gt; &gt; &gt;
&gt; &gt; &gt; &gt; On Wed Dec 18 14:42:10 2013, symonsjo@gmail.com wrote:
<div class="message-stanza open">&gt; &gt; &gt; &gt; &gt; [root@larva bin]# cd /var/tmp/REST-Neo4p-0.126
&gt; &gt; &gt; &gt; &gt; [root@larva REST-Neo4p-0.126]# perl Makefile.PL
&gt; &gt; &gt; &gt; &gt; # running Build.PL
&gt; &gt; &gt; &gt; &gt; Server for live tests: [<span class="clickylink"><a target="new" rel="nofollow" href="http://127.0.0.1:7474">http://127.0.0.1:7474</a></span> ]
&gt; &gt; &gt; &gt; &gt; <span class="clickylink"><a target="new" rel="nofollow" href="http://127.0.0.1:7474">http://127.0.0.1:7474</a></span>
&gt; &gt; &gt; &gt; &gt; Created MYMETA.yml and MYMETA.json
&gt; &gt; &gt; &gt; &gt; Creating new &#39;Build&#39; script for &#39;REST-Neo4p&#39; version &#39;0.126&#39;
&gt; &gt; &gt; &gt; &gt; Unknown &#39;build_class&#39;, defaulting to &#39;Module::Build&#39;
&gt; &gt; &gt; &gt; &gt; [root@larva REST-Neo4p-0.126]# make
&gt; &gt; &gt; &gt; &gt; /usr/bin/perl Build --makefile_env_macros 1
&gt; &gt; &gt; &gt; &gt; Building REST-Neo4p
&gt; &gt; &gt; &gt; &gt; [root@larva REST-Neo4p-0.126]# make test
&gt; &gt; &gt; &gt; &gt; /usr/bin/perl Build --makefile_env_macros 1 test
&gt; &gt; &gt; &gt; &gt; t/001_load.t ............ ok
&gt; &gt; &gt; &gt; &gt; t/002_agent.t ........... 1/8
&gt; &gt; &gt; &gt; &gt; #   Failed test &#39;neo4j version 1.8...&#39;
&gt; &gt; &gt; &gt; &gt; #   at t/002_agent.t line 37.
&gt; &gt; &gt; &gt; &gt; #                   &#39;2.0.0&#39;
&gt; &gt; &gt; &gt; &gt; #     doesn&#39;t match &#39;&#40;?-xism:^1.8&#41;&#39;
&gt; &gt; &gt; &gt; &gt; # Looks like you failed 1 test of 8.
&gt; &gt; &gt; &gt; &gt; t/002_agent.t ........... Dubious, test returned 1 &#40;wstat 256,
&gt; &gt; &gt; &gt; &gt; 0x100&#41;
&gt; &gt; &gt; &gt; &gt; Failed 1/8 subtests
&gt; &gt; &gt; &gt; &gt; t/003_objs.t ............ ok
&gt; &gt; &gt; &gt; &gt; t/004_idx.t ............. ok
&gt; &gt; &gt; &gt; &gt; t/005_db.t .............. ok
&gt; &gt; &gt; &gt; &gt; t/006_query.t ........... ok
&gt; &gt; &gt; &gt; &gt; t/007_accessors.t ....... ok
&gt; &gt; &gt; &gt; &gt; t/008_batch_agent.t ..... ok
&gt; &gt; &gt; &gt; &gt; t/009_batch.t ........... ok
&gt; &gt; &gt; &gt; &gt; t/010_batch_synopsis.t .. 1/? # this may take a while ...
&gt; &gt; &gt; &gt; &gt; t/010_batch_synopsis.t .. ok
&gt; &gt; &gt; &gt; &gt; t/098_pod.t ............. skipped: Test::Pod 1.00 required for
&gt; &gt; &gt; &gt; &gt; testing
&gt; &gt; &gt; &gt; &gt; POD
&gt; &gt; &gt; &gt; &gt; t/099_error.t ........... ok
&gt; &gt; &gt; &gt; &gt;
&gt; &gt; &gt; &gt; &gt; Test Summary Report
&gt; &gt; &gt; &gt; &gt; -------------------
&gt; &gt; &gt; &gt; &gt; t/002_agent.t         &#40;Wstat: 256 Tests: 8 Failed: 1&#41;
&gt; &gt; &gt; &gt; &gt;   Failed test:  7
&gt; &gt; &gt; &gt; &gt;   Non-zero exit status: 1
&gt; &gt; &gt; &gt; &gt; Files=12, Tests=603, 22 wallclock secs &#40; 0.21 usr  0.04 sys +
&gt; &gt; &gt; &gt; &gt; 10.68
&gt; &gt; &gt; &gt; &gt; cusr  0.70 csys = 11.63 CPU&#41;
&gt; &gt; &gt; &gt; &gt; Result: FAIL
&gt; &gt; &gt; &gt; &gt; Failed 1/12 test programs. 1/603 subtests failed.
&gt; &gt; &gt; &gt; &gt; make: *** [test] Error 255
</div></div>&gt; &gt; &gt;
&gt; &gt; &gt; Hi Mark,
&gt; &gt; &gt;
&gt; &gt; &gt; For some reason I had 0.126 bookmarked so my bad on that. I&#39;ve
&gt; &gt; &gt; noticed
&gt; &gt; &gt; a bug though with 0.2222 in that you say yes to using localhost as
&gt; &gt; &gt; the
&gt; &gt; &gt; test but then it tries to connect to www.zzyxx.foo:7474 instead for
&gt; &gt; &gt; agent_mod.t and fails for that. Output below:
&gt; &gt; &gt;
&gt; &gt; &gt; [root@larva REST-Neo4p-0.2222]# perl Makefile.PL
&gt; &gt; &gt; # running Build.PL
&gt; &gt; &gt; Server for live tests: [<span class="clickylink"><a target="new" rel="nofollow" href="http://127.0.0.1:7474">http://127.0.0.1:7474</a></span> ]
&gt; &gt; &gt; <span class="clickylink"><a target="new" rel="nofollow" href="http://127.0.0.1:7474">http://127.0.0.1:7474</a></span>
&gt; &gt; &gt; Username: [ ]
&gt; &gt; &gt;
&gt; &gt; &gt; Pass: [ ]
&gt; &gt; &gt;
&gt; &gt; &gt; Created MYMETA.yml and MYMETA.json
&gt; &gt; &gt; Creating new &#39;Build&#39; script for &#39;REST-Neo4p&#39; version &#39;0.2222&#39;
&gt; &gt; &gt; Unknown &#39;build_class&#39;, defaulting to &#39;Module::Build&#39;
&gt; &gt; &gt; [root@larva REST-Neo4p-0.2222]# make
&gt; &gt; &gt; /usr/bin/perl Build --makefile_env_macros 1
&gt; &gt; &gt; Building REST-Neo4p
&gt; &gt; &gt; [root@larva REST-Neo4p-0.2222]# make test
&gt; &gt; &gt; /usr/bin/perl Build --makefile_env_macros 1 test
&gt; &gt; &gt;    t/001_load.t ................ ok
&gt; &gt; &gt;    t/002_agent.t ............... ok
&gt; &gt; &gt;      t/003_objs.t ................ ok
&gt; &gt; &gt;      t/0041_idx_create_unique.t .. ok
&gt; &gt; &gt; t/004_idx.t ................. 1/68 # rt80440
&gt; &gt; &gt;      t/004_idx.t ................. ok
&gt; &gt; &gt;     t/0051_handle.t ............. ok
&gt; &gt; &gt;      t/005_db.t .................. ok
&gt; &gt; &gt; t/006_query.t ............... 10/? # rt80343
&gt; &gt; &gt;     t/006_query.t ............... ok
&gt; &gt; &gt;      t/007_accessors.t ........... ok
&gt; &gt; &gt;     t/008_batch_agent.t ......... ok
&gt; &gt; &gt;     t/009_batch.t ............... ok
&gt; &gt; &gt; t/010_batch_synopsis.t ...... 1/? # this may take a while ...
&gt; &gt; &gt;      t/010_batch_synopsis.t ...... ok
&gt; &gt; &gt;     t/011_neo4p_synopsis.t ...... ok
&gt; &gt; &gt;     t/020_constraint.t .......... ok
&gt; &gt; &gt;      t/021_validation.t .......... ok
&gt; &gt; &gt;     t/022_constrain.t ........... ok
&gt; &gt; &gt;     t/023_constrain_synopsis.t .. ok
&gt; &gt; &gt;     t/030_idx_escape.t .......... ok
&gt; &gt; &gt;      t/040_v2_labels.t ........... ok
&gt; &gt; &gt;      t/041_v2_txns.t ............. ok
&gt; &gt; &gt; t/098_pod.t ................. skipped: Test::Pod 1.00 required for
&gt; &gt; &gt; testing POD
&gt; &gt; &gt; t/099_error.t ............... 1/? # rt80207
&gt; &gt; &gt;     t/099_error.t ............... ok
&gt; &gt; &gt;  t/agent_mod.t ............... 1/?
&gt; &gt; &gt; #   Failed test &#39;timed out ok&#39;
&gt; &gt; &gt; #   at t/agent_mod.t line 41.
&gt; &gt; &gt; #                   &#39;Can&#39;t connect to www.zzyxx.foo:7474 &#40;Bad
&gt; &gt; &gt; hostname&#41;&#39;
&gt; &gt; &gt; #     doesn&#39;t match &#39;&#40;?-xism:timeout&#41;&#39;
&gt; &gt; &gt; # Looks like you failed 1 test of 4.
&gt; &gt; &gt; t/agent_mod.t ............... Dubious, test returned 1 &#40;wstat 256,
&gt; &gt; &gt; 0x100&#41;
&gt; &gt; &gt;  Failed 1/4 subtests
&gt; &gt; &gt;    t/rt_80150.t ................ ok
&gt; &gt; &gt;    t/rt_80196.t ................ ok
&gt; &gt; &gt;    t/rt_80471.t ................ ok
&gt; &gt; &gt;      t/rt_81128.t ................ ok
&gt; &gt; &gt; t/rt_90072.t ................ skipped: Test::CPAN::Changes required
&gt; &gt; &gt; for this test
&gt; &gt; &gt;
&gt; &gt; &gt; Test Summary Report
&gt; &gt; &gt; -------------------
&gt; &gt; &gt; t/040_v2_labels.t         &#40;Wstat: 0 Tests: 35 Failed: 0&#41;
&gt; &gt; &gt;   TODO passed:   12
&gt; &gt; &gt; t/agent_mod.t             &#40;Wstat: 256 Tests: 4 Failed: 1&#41;
&gt; &gt; &gt;   Failed test:  3
&gt; &gt; &gt;   Non-zero exit status: 1
&gt; &gt; &gt; Files=28, Tests=1052, 36 wallclock secs &#40; 0.32 usr  0.08 sys +
&gt; &gt; &gt; 16.57
&gt; &gt; &gt; cusr  1.49 csys = 18.46 CPU&#41;
&gt; &gt; &gt; Result: FAIL
&gt; &gt; &gt; Failed 1/28 test programs. 1/1052 subtests failed.
&gt; &gt; &gt; make: *** [test] Error 255
</div></div></div></div></div>
    </div>
</div>
</div>
<div class="ticket-transaction message Correspond odd">
<div class="ticket-transaction">
  <div class="metadata">
    <span class="type">
      <a name="txn-1307217" href="/Public/Bug/Display.html?id=91502#txn-1307217">#</a>      
    </span>
    <span class="date">Wed&nbsp;Jan&nbsp;01&nbsp;12:18:32&nbsp;2014</span>
    <span class="description">maj.fortinbras [...] gmail.com -  Correspondence added</span>
    <span class="time-taken"></span>    <span class="actions hidden"></span>
  </div>
    <div class="content">
      
<div class="downloadattachment">
<a href="/Ticket/Attachment/1307217/692702/">Download &#40;untitled&#41;</a> / <a href="/Ticket/Attachment/WithHeaders/692702">with headers</a>
<br />
<span class="downloadcontenttype">text/plain 10.3k</span>
</div>
<div class="messagebody">
<div class="message-stanza plain-text-white-space">That&#39;s weird, that dep should be in the latest Build.PL. Will check- thanks 
MAJ
On Wed Jan 01 05:27:39 2014, symonsjo@gmail.com wrote:
<span
    class="message-stanza-folder closed"
    onclick="fold_message_stanza(this, 'Show\x20quoted\x20text', 'Hide\x20quoted\x20text');">Show quoted text</span><br /><div class="message-stanza closed">&gt; Just fyi, REST::Neo4p should probably warn if you don&#39;t have
&gt; Tie::IxHash as tests will fail without it.
&gt; 
&gt; truncated below:
&gt; 
&gt; [root@miyu REST-Neo4p-0.2232]# make test
&gt; /usr/bin/perl Build --makefile_env_macros 1 test
&gt;  t/001_load.t ................ 1/1
&gt; #   Failed test &#39;use REST::Neo4p;&#39;
&gt; #   at t/001_load.t line 9.
&gt; #     Tried to use &#39;REST::Neo4p&#39;.
&gt; #     Error:  Can&#39;t locate Tie/IxHash.pm in @INC &#40;@INC contains:
&gt; ../../lib /var/tmp/REST-Neo4p-0.2232/blib/lib /var/tmp/REST-Neo4p-
&gt; 0.2232/blib/arch /usr/local/lib64/perl5 /usr/local/share/perl5
&gt; /usr/lib64/perl5/vendor_perl /usr/share/perl5/vendor_perl
&gt; /usr/lib64/perl5 /usr/share/perl5 .&#41; at /var/tmp/REST-Neo4p-
&gt; 0.2232/blib/lib/REST/Neo4p/Query.pm line 7.
&gt; # BEGIN failed--compilation aborted at /var/tmp/REST-Neo4p-
&gt; 0.2232/blib/lib/REST/Neo4p/Query.pm line 7.
&gt; # Compilation failed in require at /var/tmp/REST-Neo4p-
&gt; 0.2232/blib/lib/REST/Neo4p.pm line 11.
&gt; # BEGIN failed--compilation aborted at /var/tmp/REST-Neo4p-
&gt; 0.2232/blib/lib/REST/Neo4p.pm line 11.
&gt; # Compilation failed in require at &#40;eval 4&#41; line 2.
&gt; # BEGIN failed--compilation aborted at &#40;eval 4&#41; line 2.
&gt; # Looks like you failed 1 test of 1.
&gt; t/001_load.t ................ Dubious, test returned 1 &#40;wstat 256,
&gt; 0x100&#41;
&gt;  Failed 1/1 subtests
&gt; 
&gt; 
&gt; On Wed Jan 01 02:50:02 2014, symonsjo@gmail.com wrote:
<div class="message-stanza open">&gt; &gt; Hi MAJ,
&gt; &gt;
&gt; &gt; I can confirm I did not encounter this error when building 0.2232.
&gt; &gt;
&gt; &gt; [root@larva REST-Neo4p-0.2232]# perl Makefile.PL
&gt; &gt; # running Build.PL
&gt; &gt; Server for live tests: [<span class="clickylink"><a target="new" rel="nofollow" href="http://127.0.0.1:7474">http://127.0.0.1:7474</a></span> ]
&gt; &gt;  <span class="clickylink"><a target="new" rel="nofollow" href="http://127.0.0.1:7474">http://127.0.0.1:7474</a></span>
&gt; &gt;        Username: [ ]
&gt; &gt;
&gt; &gt; Pass: [ ]
&gt; &gt;
&gt; &gt; Created MYMETA.yml and MYMETA.json
&gt; &gt; Creating new &#39;Build&#39; script for &#39;REST-Neo4p&#39; version &#39;0.2232&#39;
&gt; &gt; Unknown &#39;build_class&#39;, defaulting to &#39;Module::Build&#39;
&gt; &gt; [root@larva REST-Neo4p-0.2232]# make
&gt; &gt; /usr/bin/perl Build --makefile_env_macros 1
&gt; &gt; Building REST-Neo4p
&gt; &gt; [root@larva REST-Neo4p-0.2232]# make test
&gt; &gt; /usr/bin/perl Build --makefile_env_macros 1 test
&gt; &gt;    t/001_load.t ................ ok
&gt; &gt;    t/002_agent.t ............... ok
&gt; &gt;      t/003_objs.t ................ ok
&gt; &gt;      t/0041_idx_create_unique.t .. ok
&gt; &gt; t/004_idx.t ................. 1/68 # rt80440
&gt; &gt;      t/004_idx.t ................. ok
&gt; &gt;     t/0051_handle.t ............. ok
&gt; &gt;      t/005_db.t .................. ok
&gt; &gt; t/006_query.t ............... 20/? # rt80343
&gt; &gt;     t/006_query.t ............... ok
&gt; &gt;      t/007_accessors.t ........... ok
&gt; &gt;     t/008_batch_agent.t ......... ok
&gt; &gt;     t/009_batch.t ............... ok
&gt; &gt; t/010_batch_synopsis.t ...... 1/? # this may take a while ...
&gt; &gt;      t/010_batch_synopsis.t ...... ok
&gt; &gt;     t/011_neo4p_synopsis.t ...... ok
&gt; &gt;     t/020_constraint.t .......... ok
&gt; &gt;      t/021_validation.t .......... ok
&gt; &gt;     t/022_constrain.t ........... ok
&gt; &gt;     t/023_constrain_synopsis.t .. ok
&gt; &gt;     t/030_idx_escape.t .......... ok
&gt; &gt;      t/040_v2_labels.t ........... ok
&gt; &gt;      t/041_v2_txns.t ............. ok
&gt; &gt; t/098_pod.t ................. skipped: Test::Pod 1.00 required for
&gt; &gt; testing POD
&gt; &gt; t/099_error.t ............... 1/? # rt91682
&gt; &gt; # rt80207
&gt; &gt;     t/099_error.t ............... ok
&gt; &gt;    t/agent_mod.t ............... ok
&gt; &gt;    t/rt_80150.t ................ ok
&gt; &gt;    t/rt_80196.t ................ ok
&gt; &gt;    t/rt_80471.t ................ ok
&gt; &gt;      t/rt_81128.t ................ ok
&gt; &gt; t/rt_90072.t ................ skipped: Test::CPAN::Changes required
&gt; &gt; for this test
&gt; &gt; t/rt_91640.t ................ 1/27 # use utf8
&gt; &gt; # no utf8
&gt; &gt;      t/rt_91640.t ................ ok
&gt; &gt;    t/rt_91748.t ................ ok
&gt; &gt; All tests successful.
&gt; &gt;
&gt; &gt; Test Summary Report
&gt; &gt; -------------------
&gt; &gt; t/040_v2_labels.t         &#40;Wstat: 0 Tests: 35 Failed: 0&#41;
&gt; &gt;   TODO passed:   12
&gt; &gt; Files=30, Tests=1083, 47 wallclock secs &#40; 0.40 usr  0.11 sys + 18.89
&gt; &gt; cusr  1.83 csys = 21.23 CPU&#41;
&gt; &gt; Result: PASS
&gt; &gt;
&gt; &gt; All tests passed.
&gt; &gt;
&gt; &gt; Thanks
&gt; &gt;
&gt; &gt; On Tue Dec 31 17:44:48 2013, MAJENSEN wrote:
<div class="message-stanza open">&gt; &gt; &gt; Jo - I think this result occasionally comes out of the test &#40;a
&gt; &gt; &gt; timing
&gt; &gt; &gt; thing&#41;. The test is checking for the right fail when trying to
&gt; &gt; &gt; connect
&gt; &gt; &gt; to a bad address. I have fixed the test to ignore the response
&gt; &gt; &gt; below,
&gt; &gt; &gt; so it shouldn&#39;t appear. Let me know - MAJ
&gt; &gt; &gt; On Thu Dec 19 01:15:22 2013, symonsjo@gmail.com wrote:
<div class="message-stanza open">&gt; &gt; &gt; &gt; On Wed Dec 18 20:07:29 2013, MAJENSEN wrote:
<div class="message-stanza open">&gt; &gt; &gt; &gt; &gt; Hi -
&gt; &gt; &gt; &gt; &gt; I see you&#39;re using REST::Neo4p v0.126. Please upgrade to the
&gt; &gt; &gt; &gt; &gt; latest
&gt; &gt; &gt; &gt; &gt; version &#40;0.2222&#41;; 002_agent should pass for you.
&gt; &gt; &gt; &gt; &gt; Let me know if you see the issue &#40;or any others&#41; after upgrade.
&gt; &gt; &gt; &gt; &gt; thanks MAJ
&gt; &gt; &gt; &gt; &gt;
&gt; &gt; &gt; &gt; &gt; On Wed Dec 18 14:42:10 2013, symonsjo@gmail.com wrote:
<div class="message-stanza open">&gt; &gt; &gt; &gt; &gt; &gt; [root@larva bin]# cd /var/tmp/REST-Neo4p-0.126
&gt; &gt; &gt; &gt; &gt; &gt; [root@larva REST-Neo4p-0.126]# perl Makefile.PL
&gt; &gt; &gt; &gt; &gt; &gt; # running Build.PL
&gt; &gt; &gt; &gt; &gt; &gt; Server for live tests: [<span class="clickylink"><a target="new" rel="nofollow" href="http://127.0.0.1:7474">http://127.0.0.1:7474</a></span> ]
&gt; &gt; &gt; &gt; &gt; &gt; <span class="clickylink"><a target="new" rel="nofollow" href="http://127.0.0.1:7474">http://127.0.0.1:7474</a></span>
&gt; &gt; &gt; &gt; &gt; &gt; Created MYMETA.yml and MYMETA.json
&gt; &gt; &gt; &gt; &gt; &gt; Creating new &#39;Build&#39; script for &#39;REST-Neo4p&#39; version &#39;0.126&#39;
&gt; &gt; &gt; &gt; &gt; &gt; Unknown &#39;build_class&#39;, defaulting to &#39;Module::Build&#39;
&gt; &gt; &gt; &gt; &gt; &gt; [root@larva REST-Neo4p-0.126]# make
&gt; &gt; &gt; &gt; &gt; &gt; /usr/bin/perl Build --makefile_env_macros 1
&gt; &gt; &gt; &gt; &gt; &gt; Building REST-Neo4p
&gt; &gt; &gt; &gt; &gt; &gt; [root@larva REST-Neo4p-0.126]# make test
&gt; &gt; &gt; &gt; &gt; &gt; /usr/bin/perl Build --makefile_env_macros 1 test
&gt; &gt; &gt; &gt; &gt; &gt; t/001_load.t ............ ok
&gt; &gt; &gt; &gt; &gt; &gt; t/002_agent.t ........... 1/8
&gt; &gt; &gt; &gt; &gt; &gt; #   Failed test &#39;neo4j version 1.8...&#39;
&gt; &gt; &gt; &gt; &gt; &gt; #   at t/002_agent.t line 37.
&gt; &gt; &gt; &gt; &gt; &gt; #                   &#39;2.0.0&#39;
&gt; &gt; &gt; &gt; &gt; &gt; #     doesn&#39;t match &#39;&#40;?-xism:^1.8&#41;&#39;
&gt; &gt; &gt; &gt; &gt; &gt; # Looks like you failed 1 test of 8.
&gt; &gt; &gt; &gt; &gt; &gt; t/002_agent.t ........... Dubious, test returned 1 &#40;wstat
&gt; &gt; &gt; &gt; &gt; &gt; 256,
&gt; &gt; &gt; &gt; &gt; &gt; 0x100&#41;
&gt; &gt; &gt; &gt; &gt; &gt; Failed 1/8 subtests
&gt; &gt; &gt; &gt; &gt; &gt; t/003_objs.t ............ ok
&gt; &gt; &gt; &gt; &gt; &gt; t/004_idx.t ............. ok
&gt; &gt; &gt; &gt; &gt; &gt; t/005_db.t .............. ok
&gt; &gt; &gt; &gt; &gt; &gt; t/006_query.t ........... ok
&gt; &gt; &gt; &gt; &gt; &gt; t/007_accessors.t ....... ok
&gt; &gt; &gt; &gt; &gt; &gt; t/008_batch_agent.t ..... ok
&gt; &gt; &gt; &gt; &gt; &gt; t/009_batch.t ........... ok
&gt; &gt; &gt; &gt; &gt; &gt; t/010_batch_synopsis.t .. 1/? # this may take a while ...
&gt; &gt; &gt; &gt; &gt; &gt; t/010_batch_synopsis.t .. ok
&gt; &gt; &gt; &gt; &gt; &gt; t/098_pod.t ............. skipped: Test::Pod 1.00 required
&gt; &gt; &gt; &gt; &gt; &gt; for
&gt; &gt; &gt; &gt; &gt; &gt; testing
&gt; &gt; &gt; &gt; &gt; &gt; POD
&gt; &gt; &gt; &gt; &gt; &gt; t/099_error.t ........... ok
&gt; &gt; &gt; &gt; &gt; &gt;
&gt; &gt; &gt; &gt; &gt; &gt; Test Summary Report
&gt; &gt; &gt; &gt; &gt; &gt; -------------------
&gt; &gt; &gt; &gt; &gt; &gt; t/002_agent.t         &#40;Wstat: 256 Tests: 8 Failed: 1&#41;
&gt; &gt; &gt; &gt; &gt; &gt;   Failed test:  7
&gt; &gt; &gt; &gt; &gt; &gt;   Non-zero exit status: 1
&gt; &gt; &gt; &gt; &gt; &gt; Files=12, Tests=603, 22 wallclock secs &#40; 0.21 usr  0.04 sys +
&gt; &gt; &gt; &gt; &gt; &gt; 10.68
&gt; &gt; &gt; &gt; &gt; &gt; cusr  0.70 csys = 11.63 CPU&#41;
&gt; &gt; &gt; &gt; &gt; &gt; Result: FAIL
&gt; &gt; &gt; &gt; &gt; &gt; Failed 1/12 test programs. 1/603 subtests failed.
&gt; &gt; &gt; &gt; &gt; &gt; make: *** [test] Error 255
</div></div>&gt; &gt; &gt; &gt;
&gt; &gt; &gt; &gt; Hi Mark,
&gt; &gt; &gt; &gt;
&gt; &gt; &gt; &gt; For some reason I had 0.126 bookmarked so my bad on that. I&#39;ve
&gt; &gt; &gt; &gt; noticed
&gt; &gt; &gt; &gt; a bug though with 0.2222 in that you say yes to using localhost
&gt; &gt; &gt; &gt; as
&gt; &gt; &gt; &gt; the
&gt; &gt; &gt; &gt; test but then it tries to connect to www.zzyxx.foo:7474 instead
&gt; &gt; &gt; &gt; for
&gt; &gt; &gt; &gt; agent_mod.t and fails for that. Output below:
&gt; &gt; &gt; &gt;
&gt; &gt; &gt; &gt; [root@larva REST-Neo4p-0.2222]# perl Makefile.PL
&gt; &gt; &gt; &gt; # running Build.PL
&gt; &gt; &gt; &gt; Server for live tests: [<span class="clickylink"><a target="new" rel="nofollow" href="http://127.0.0.1:7474">http://127.0.0.1:7474</a></span> ]
&gt; &gt; &gt; &gt; <span class="clickylink"><a target="new" rel="nofollow" href="http://127.0.0.1:7474">http://127.0.0.1:7474</a></span>
&gt; &gt; &gt; &gt; Username: [ ]
&gt; &gt; &gt; &gt;
&gt; &gt; &gt; &gt; Pass: [ ]
&gt; &gt; &gt; &gt;
&gt; &gt; &gt; &gt; Created MYMETA.yml and MYMETA.json
&gt; &gt; &gt; &gt; Creating new &#39;Build&#39; script for &#39;REST-Neo4p&#39; version &#39;0.2222&#39;
&gt; &gt; &gt; &gt; Unknown &#39;build_class&#39;, defaulting to &#39;Module::Build&#39;
&gt; &gt; &gt; &gt; [root@larva REST-Neo4p-0.2222]# make
&gt; &gt; &gt; &gt; /usr/bin/perl Build --makefile_env_macros 1
&gt; &gt; &gt; &gt; Building REST-Neo4p
&gt; &gt; &gt; &gt; [root@larva REST-Neo4p-0.2222]# make test
&gt; &gt; &gt; &gt; /usr/bin/perl Build --makefile_env_macros 1 test
&gt; &gt; &gt; &gt;    t/001_load.t ................ ok
&gt; &gt; &gt; &gt;    t/002_agent.t ............... ok
&gt; &gt; &gt; &gt;      t/003_objs.t ................ ok
&gt; &gt; &gt; &gt;      t/0041_idx_create_unique.t .. ok
&gt; &gt; &gt; &gt; t/004_idx.t ................. 1/68 # rt80440
&gt; &gt; &gt; &gt;      t/004_idx.t ................. ok
&gt; &gt; &gt; &gt;     t/0051_handle.t ............. ok
&gt; &gt; &gt; &gt;      t/005_db.t .................. ok
&gt; &gt; &gt; &gt; t/006_query.t ............... 10/? # rt80343
&gt; &gt; &gt; &gt;     t/006_query.t ............... ok
&gt; &gt; &gt; &gt;      t/007_accessors.t ........... ok
&gt; &gt; &gt; &gt;     t/008_batch_agent.t ......... ok
&gt; &gt; &gt; &gt;     t/009_batch.t ............... ok
&gt; &gt; &gt; &gt; t/010_batch_synopsis.t ...... 1/? # this may take a while ...
&gt; &gt; &gt; &gt;      t/010_batch_synopsis.t ...... ok
&gt; &gt; &gt; &gt;     t/011_neo4p_synopsis.t ...... ok
&gt; &gt; &gt; &gt;     t/020_constraint.t .......... ok
&gt; &gt; &gt; &gt;      t/021_validation.t .......... ok
&gt; &gt; &gt; &gt;     t/022_constrain.t ........... ok
&gt; &gt; &gt; &gt;     t/023_constrain_synopsis.t .. ok
&gt; &gt; &gt; &gt;     t/030_idx_escape.t .......... ok
&gt; &gt; &gt; &gt;      t/040_v2_labels.t ........... ok
&gt; &gt; &gt; &gt;      t/041_v2_txns.t ............. ok
&gt; &gt; &gt; &gt; t/098_pod.t ................. skipped: Test::Pod 1.00 required
&gt; &gt; &gt; &gt; for
&gt; &gt; &gt; &gt; testing POD
&gt; &gt; &gt; &gt; t/099_error.t ............... 1/? # rt80207
&gt; &gt; &gt; &gt;     t/099_error.t ............... ok
&gt; &gt; &gt; &gt;  t/agent_mod.t ............... 1/?
&gt; &gt; &gt; &gt; #   Failed test &#39;timed out ok&#39;
&gt; &gt; &gt; &gt; #   at t/agent_mod.t line 41.
&gt; &gt; &gt; &gt; #                   &#39;Can&#39;t connect to www.zzyxx.foo:7474 &#40;Bad
&gt; &gt; &gt; &gt; hostname&#41;&#39;
&gt; &gt; &gt; &gt; #     doesn&#39;t match &#39;&#40;?-xism:timeout&#41;&#39;
&gt; &gt; &gt; &gt; # Looks like you failed 1 test of 4.
&gt; &gt; &gt; &gt; t/agent_mod.t ............... Dubious, test returned 1 &#40;wstat
&gt; &gt; &gt; &gt; 256,
&gt; &gt; &gt; &gt; 0x100&#41;
&gt; &gt; &gt; &gt;  Failed 1/4 subtests
&gt; &gt; &gt; &gt;    t/rt_80150.t ................ ok
&gt; &gt; &gt; &gt;    t/rt_80196.t ................ ok
&gt; &gt; &gt; &gt;    t/rt_80471.t ................ ok
&gt; &gt; &gt; &gt;      t/rt_81128.t ................ ok
&gt; &gt; &gt; &gt; t/rt_90072.t ................ skipped: Test::CPAN::Changes
&gt; &gt; &gt; &gt; required
&gt; &gt; &gt; &gt; for this test
&gt; &gt; &gt; &gt;
&gt; &gt; &gt; &gt; Test Summary Report
&gt; &gt; &gt; &gt; -------------------
&gt; &gt; &gt; &gt; t/040_v2_labels.t         &#40;Wstat: 0 Tests: 35 Failed: 0&#41;
&gt; &gt; &gt; &gt;   TODO passed:   12
&gt; &gt; &gt; &gt; t/agent_mod.t             &#40;Wstat: 256 Tests: 4 Failed: 1&#41;
&gt; &gt; &gt; &gt;   Failed test:  3
&gt; &gt; &gt; &gt;   Non-zero exit status: 1
&gt; &gt; &gt; &gt; Files=28, Tests=1052, 36 wallclock secs &#40; 0.32 usr  0.08 sys +
&gt; &gt; &gt; &gt; 16.57
&gt; &gt; &gt; &gt; cusr  1.49 csys = 18.46 CPU&#41;
&gt; &gt; &gt; &gt; Result: FAIL
&gt; &gt; &gt; &gt; Failed 1/28 test programs. 1/1052 subtests failed.
&gt; &gt; &gt; &gt; make: *** [test] Error 255
</div></div></div></div></div></div>
    </div>
</div>
</div>
<div class="ticket-transaction basics Status even">
<div class="ticket-transaction">
  <div class="metadata">
    <span class="type">
      <a name="txn-1307219" href="/Public/Bug/Display.html?id=91502#txn-1307219">#</a>      
    </span>
    <span class="date">Wed&nbsp;Jan&nbsp;01&nbsp;12:18:46&nbsp;2014</span>
    <span class="description">maj.fortinbras [...] gmail.com -  Status changed from &#39;open&#39; to &#39;resolved&#39;</span>
    <span class="time-taken"></span>    <span class="actions hidden"></span>
  </div>
    <div class="content">
    </div>
</div>
</div>
<div class="ticket-transaction other CustomField odd">
<div class="ticket-transaction">
  <div class="metadata">
    <span class="type">
      <a name="txn-1307221" href="/Public/Bug/Display.html?id=91502#txn-1307221">#</a>      <a id="lasttrans" name="lasttrans"></a>
    </span>
    <span class="date">Wed&nbsp;Jan&nbsp;01&nbsp;12:18:47&nbsp;2014</span>
    <span class="description">maj.fortinbras [...] gmail.com -  Fixed in 0.2222 added</span>
    <span class="time-taken"></span>    <span class="actions hidden"></span>
  </div>
    <div class="content">
    </div>
</div>
</div>
</div>
    <hr class="clear" />
  </div>
</div>




</div>
 


  <hr class="clear" />
</div>
<p id="sponsors">
  This service is sponsored and maintained by
  <a href="http://bestpractical.com">Best Practical Solutions</a> and runs on
  <a href="http://noc.perl.org">Perl.org</a> infrastructure.
</p>

<p id="contact-info">
  Please report any issues with rt.cpan.org to <a href="mailto:rt-cpan-admin@bestpractical.com">rt-cpan-admin@bestpractical.com</a>.
</p>

<script>
  (function(i,s,o,g,r,a,m){i['GoogleAnalyticsObject']=r;i[r]=i[r]||function(){
  (i[r].q=i[r].q||[]).push(arguments)},i[r].l=1*new Date();a=s.createElement(o),
  m=s.getElementsByTagName(o)[0];a.async=1;a.src=g;m.parentNode.insertBefore(a,m)
  })(window,document,'script','//www.google-analytics.com/analytics.js','ga');

  ga('create', 'UA\x2D937849\x2D12');
  ga('send', 'pageview');
</script>

<div id="footer">
  <p id="time"><span>Time to display: 0.522012</span></p>
  <p id="bpscredits"><span>&#187;&#124;&#171; RT 4.0.18 Copyright 1996-2013 <a href="http://www.bestpractical.com?rt=4.0.18">Best Practical Solutions, LLC</a>.
</span></p>
</div>
  </body>
</html>
