t/00-load.........................1..1
ok 1 - use Device::USB;
# Testing Device::USB 0.31, Perl 5.008008, /usr/bin/perl
ok
t/01-create-usb...................1..2
ok 1 - Object successfully created
ok 2 - The object isa Device::USB
ok
t/02-find_busses_devices..........1..4
ok 1 - Object successfully created
ok 2 - Device::USB->can(...)
ok 3 - No bus changes since last call.
ok 4 - No device changes since last call.
ok
t/03-list_busses..................ok 1 - Object successfully created
ok 2 - Device::USB->can('list_busses')
dubious
	Test returned status 0 (wstat 10, 0xa)
t/04-find_device..................1..8
ok 1 - Object successfully created
ok 2 - Device::USB->can('find_device')
ok 3 - No device found
dubious
	Test returned status 0 (wstat 10, 0xa)
DIED. FAILED tests 4-8
	Failed 5/8 tests, 37.50% okay
t/05-find_device_if...............1..11
ok 1 - Object successfully created
ok 2 - Device::USB->can('find_device_if')
dubious
	Test returned status 0 (wstat 10, 0xa)
DIED. FAILED tests 3-11
	Failed 9/11 tests, 18.18% okay
t/06-list_devices.................1..8
ok 1 - Object successfully created
ok 2 - Device::USB->can('list_devices')
dubious
	Test returned status 0 (wstat 10, 0xa)
DIED. FAILED tests 3-8
	Failed 6/8 tests, 25.00% okay
t/07-list_devices_if..............1..11
ok 1 - Object successfully created
ok 2 - Device::USB->can('list_devices_if')
ok 3 - Requires a predicate.
ok 4 - Requires a code reference.
dubious
	Test returned status 0 (wstat 10, 0xa)
DIED. FAILED tests 5-11
	Failed 7/11 tests, 36.36% okay
t/08-get_busses...................ok 1 - Object successfully created
ok 2 - Device::USB->can('get_busses')
dubious
	Test returned status 0 (wstat 10, 0xa)
t/09-usb-bus......................ok 1 - Object successfully created
dubious
	Test returned status 0 (wstat 10, 0xa)
t/10-usb-device-accessors.........dubious
	Test returned status 0 (wstat 10, 0xa)
t/11-usb-device-methods...........1..2
ok 1 - Device::USB::Device->can(...)
ok 2 - Device::USB::Device->can(...)
ok
t/12-constants....................1..18
ok 1 - Device::USB->can('CLASS_PER_INSTANCE')
ok 2 - CLASS_PER_INSTANCE value
ok 3 - Device::USB->can('CLASS_AUDIO')
ok 4 - CLASS_AUDIO value
ok 5 - Device::USB->can('CLASS_COMM')
ok 6 - CLASS_COMM value
ok 7 - Device::USB->can('CLASS_HID')
ok 8 - CLASS_HID value
ok 9 - Device::USB->can('CLASS_PRINTER')
ok 10 - CLASS_PRINTER value
ok 11 - Device::USB->can('CLASS_MASS_STORAGE')
ok 12 - CLASS_MASS_STORAGE value
ok 13 - Device::USB->can('CLASS_HUB')
ok 14 - CLASS_HUB value
ok 15 - Device::USB->can('CLASS_DATA')
ok 16 - CLASS_DATA value
ok 17 - Device::USB->can('CLASS_VENDOR_SPEC')
ok 18 - CLASS_VENDOR_SPEC value
ok
t/13-bus_find_device_if...........1..8
ok 1 - Object successfully created
dubious
	Test returned status 0 (wstat 10, 0xa)
DIED. FAILED tests 2-8
	Failed 7/8 tests, 12.50% okay
t/14-bus_list_devices_if..........1..10
ok 1 - Object successfully created
dubious
	Test returned status 0 (wstat 10, 0xa)
DIED. FAILED tests 2-10
	Failed 9/10 tests, 10.00% okay
t/15-usb_dev_configuration........dubious
	Test returned status 0 (wstat 10, 0xa)
t/16-usb_dev_interface............dubious
	Test returned status 0 (wstat 10, 0xa)
t/17-usb_dev_endpoint.............dubious
	Test returned status 0 (wstat 10, 0xa)
t/18-usb_device-configurations....dubious
	Test returned status 0 (wstat 10, 0xa)
t/boilerplate.....................1..3
ok 1 - README contains no boilerplate text
ok 2 - Changes contains no boilerplate text
ok 3 - lib/Device/USB.pm contains no boilerplate text
ok
t/pod-coverage....................1..0 # Skip Test::Pod::Coverage 1.04 required for testing POD coverage
skipped
        all skipped: Test::Pod::Coverage 1.04 required for testing POD coverage
t/pod.............................1..0 # Skip Test::Pod 1.14 required for testing POD
skipped
        all skipped: Test::Pod 1.14 required for testing POD
Failed Test                      Stat Wstat Total Fail  Failed  List of Failed
-------------------------------------------------------------------------------
t/03-list_busses.t                  0    10    ??   ??       %  ??
t/04-find_device.t                  0    10     8   10 125.00%  4-8
t/05-find_device_if.t               0    10    11   18 163.64%  3-11
t/06-list_devices.t                 0    10     8   12 150.00%  3-8
t/07-list_devices_if.t              0    10    11   14 127.27%  5-11
t/08-get_busses.t                   0    10    ??   ??       %  ??
t/09-usb-bus.t                      0    10    ??   ??       %  ??
t/10-usb-device-accessors.t         0    10    ??   ??       %  ??
t/13-bus_find_device_if.t           0    10     8   14 175.00%  2-8
t/14-bus_list_devices_if.t          0    10    10   18 180.00%  2-10
t/15-usb_dev_configuration.t        0    10    ??   ??       %  ??
t/16-usb_dev_interface.t            0    10    ??   ??       %  ??
t/17-usb_dev_endpoint.t             0    10    ??   ??       %  ??
t/18-usb_device-configurations.t    0    10    ??   ??       %  ??
2 tests skipped.
Failed 14/22 test scripts, 36.36% okay. 38/86 subtests failed, 55.81% okay.
