gmake[1]: Entering directory `/home/hwadm/.cpan/build/DBD-SQLite-1.00'
PERL_DL_NONLAZY=1 /opt/perl_5.8.4/bin/perl "-MExtUtils::Command::MM" "-e" "test_harness(1, 'blib/lib', 'blib/arch')" t/*.t
t/00basic...............1..1
# Running under perl version 5.008004 for solaris
# Current time local: Fri Jul 23 14:44:30 2004
# Current time GMT:   Fri Jul 23 12:44:30 2004
# Using Test.pm version 1.25
ok 1
ok
t/01logon...............1..2
# Running under perl version 5.008004 for solaris
# Current time local: Fri Jul 23 14:44:31 2004
# Current time GMT:   Fri Jul 23 12:44:31 2004
# Using Test.pm version 1.25
ok 1
ok 2
# sqlite_version=3.0.2
ok
t/02cr_table............1..4
# Running under perl version 5.008004 for solaris
# Current time local: Fri Jul 23 14:44:32 2004
# Current time GMT:   Fri Jul 23 12:44:32 2004
# Using Test.pm version 1.25
ok 1
ok 2
ok 3
# f1, f1, f2, f3
ok 4
ok
t/03insert..............1..10
# Running under perl version 5.008004 for solaris
# Current time local: Fri Jul 23 14:44:33 2004
# Current time GMT:   Fri Jul 23 12:44:33 2004
# Using Test.pm version 1.25
ok 1
ok 2
dubious
	Test returned status 0 (wstat 10, 0xa)
DIED. FAILED tests 3-10
	Failed 8/10 tests, 20.00% okay
t/04select..............1..7
# Running under perl version 5.008004 for solaris
# Current time local: Fri Jul 23 14:44:34 2004
# Current time GMT:   Fri Jul 23 12:44:34 2004
# Using Test.pm version 1.25
ok 1
ok 2
ok 3
# Failed test 4 in t/04select.t at line 10
#  t/04select.t line 10 is: ok($row);
not ok 4
# Test 5 got: "0" (t/04select.t at line 11)
#   Expected: "3"
not ok 5
#  t/04select.t line 11 is: ok(@$row, 3);

ok 6
# Failed test 7 in t/04select.t at line 15
#  t/04select.t line 15 is: ok($sth->fetch);
not ok 7
FAILED tests 4-5, 7
	Failed 3/7 tests, 57.14% okay
t/05tran................1..2
# Running under perl version 5.008004 for solaris
# Current time local: Fri Jul 23 14:44:34 2004
# Current time GMT:   Fri Jul 23 12:44:34 2004
# Using Test.pm version 1.25
ok 1
ok 2
ID, TITLE, TOTAL
ok
t/06error...............1..2
# Running under perl version 5.008004 for solaris
# Current time local: Fri Jul 23 14:44:36 2004
# Current time GMT:   Fri Jul 23 12:44:36 2004
# Using Test.pm version 1.25
ok 1
ok 2
ok
t/08create_function.....1..18
# Running under perl version 5.008004 for solaris
# Current time local: Fri Jul 23 14:44:37 2004
# Current time GMT:   Fri Jul 23 12:44:37 2004
# Using Test.pm version 1.25
ok 1
ok 2
ok 3
ok 4
ok 5
ok 6
ok 7
ok 8
ok 9
ok 10
ok 11
# Result: 1
ok 12
ok 13
ok 14
ok 15
ok 16
ok 17
ok 18
ok
t/09create_aggregate....1..15
# Running under perl version 5.008004 for solaris
# Current time local: Fri Jul 23 14:44:38 2004
# Current time GMT:   Fri Jul 23 12:44:38 2004
# Using Test.pm version 1.25
ok 1
ok 2
ok 3
ok 4
ok 5
ok 6
ok 7
ok 8
ok 9
ok 10
ok 11
ok 12
ok 13
ok 14
ok 15
ok
t/10dsnlist.............Driver is SQLite
1..3
ok 1 
ok 2 
List of SQLite data sources:
List ends.
ok 3 
ok
t/20createdrop..........1..5
ok 1 
ok 2 
Creating table:
CREATE TABLE testaa (id INTEGER NOT NULL, name CHAR (64) NOT NULL)
ok 3 
ok 4 
ok 5 
ok
t/30insertfetch.........1..17
ok 1 connect
ok 2 FindNewTable
CREATE TABLE testaa (id INTEGER NOT NULL, name CHAR (64) NOT NULL, val INTEGER NOT NULL, txt CHAR (64) NOT NULL)
ok 3 create
ok 4 insert
ok 5 prepare select
ok 6 execute select
ok 7 fetch select
ok 8 compare select
ok 9 finish select
ok 10 undef select
ok 11 delete
ok 12 prepare select deleted
ok 13 execute select deleted
ok 14 fetch select deleted
ok 15 finish select deleted
ok 16 undef select deleted
ok 17 drop
ok
t/40bindparam...........1..28
ok 1 connect
ok 2 FindNewTable
CREATE TABLE testaa (r_id INTEGER NOT NULL, name CHAR (64))
ok 3 create
ok 4 prepare
dubious
	Test returned status 0 (wstat 10, 0xa)
DIED. FAILED tests 5-28
	Failed 24/28 tests, 14.29% okay
t/40blobs...............1..13
ok 1 
ok 2 
Creating table:
CREATE TABLE testaa (id INTEGER NOT NULL, name BLOB NOT NULL)
DBD::SQLite::db do failed: table testaa already exists(1) at dbdimp.c line 223 at t/40blobs.t line 103.
not ok 3 - 
FAILED Test 3 - 
Test 3: DBI error 1, table testaa already exists(1) at dbdimp.c line 223
ok 4 
ok 5 
dubious
	Test returned status 0 (wstat 10, 0xa)
DIED. FAILED tests 3, 6-13
	Failed 9/13 tests, 30.77% okay
t/40listfields..........1..13
ok 1 
ok 2 
DBD::SQLite::db do failed: table testaa already exists(1) at dbdimp.c line 223 at t/40listfields.t line 69.
ok 3 
ok 4 
ok 5 
ok 6 
not ok 7 - 
FAILED Test 7 - 
Test 7: DBI error 0, 
ok 8 
ok 9 
ok 10 
ok 11 
ok 12 
ok 13 
FAILED test 7
	Failed 1/13 tests, 92.31% okay
t/40nulls...............1..11
ok 1 
ok 2 
ok 3 0E0
ok 4 
ok 5 
ok 6 
ok 7 
ok 8 
ok 9 
ok 10 
ok 11 
ok
t/40numrows.............1..22
ok 1 
ok 2 
ok 3 0E0
ok 4 
ok 5 
ok 6 
ok 7 
ok 8 
ok 9 
ok 10 
ok 11 
ok 12 
ok 13 
ok 14 
ok 15 
ok 16 
ok 17 
ok 18 
ok 19 
ok 20 
ok 21 
ok 22 
ok
t/50chopblanks..........1..35
ok 1 
ok 2 
ok 3 0E0
ok 4 
ok 5 
ok 6 
ok 7 
ok 8 
ok 9 
ok 10 
ok 11 
ok 12 
ok 13 
ok 14 
ok 15 
ok 16 
ok 17 
ok 18 
ok 19 
ok 20 
ok 21 
ok 22 
ok 23 
ok 24 
ok 25 
ok 26 
ok 27 
ok 28 
ok 29 
ok 30 
ok 31 
ok 32 
ok 33 
ok 34 
ok 35 
ok
t/50commit..............1..30
Attempting to connect.
ok 1 connect
ok 2 
ok 3 0E0
ok 4 
ok 5 
ok 6 
ok 7 
ok 8 
ok 9 
ok 10 
ok 11 
ok 12 
ok 13 
ok 14 
ok 15 
ok 16 
ok 17 
ok 18 
ok 19 
ok 20 
ok 21 NumRows
ok 22 disconnect
ok 23 
ok 24 
ok 25 
ok 26 
ok 27 
ok 28 
ok 29 
ok 30 
ok
t/60metadata............1..25
# Running under perl version 5.008004 for solaris
# Current time local: Fri Jul 23 14:44:53 2004
# Current time GMT:   Fri Jul 23 12:44:53 2004
# Using Test.pm version 1.25
ok 1
ok 2
ok 3
ok 4
ok 5
ok 6
ok 7
ok 8
ok 9
ok 10
ok 11
ok 12
ok 13
ok 14
ok 15
ok 16
ok 17
ok 18
ok 19
ok 20
ok 21
ok 22
ok 23
# Types: varchar(2) char(1)
# Names: f1 f2
ok 24
ok 25
ok
t/90cppcomments.........1..38
# Running under perl version 5.008004 for solaris
# Current time local: Fri Jul 23 14:44:54 2004
# Current time GMT:   Fri Jul 23 12:44:54 2004
# Using Test.pm version 1.25
ok 1
ok 2
ok 3
ok 4
ok 5
ok 6
ok 7
ok 8
ok 9
ok 10
ok 11
ok 12
ok 13
ok 14
ok 15
ok 16
ok 17
ok 18
ok 19
ok 20
ok 21
ok 22
ok 23
ok 24
ok 25
ok 26
ok 27
ok 28
ok 29
ok 30
ok 31
ok 32
ok 33
ok 34
ok 35
ok 36
ok 37
ok 38
ok
t/99cleanup.............1..2
# Running under perl version 5.008004 for solaris
# Current time local: Fri Jul 23 14:44:55 2004
# Current time GMT:   Fri Jul 23 12:44:55 2004
# Using Test.pm version 1.25
ok 1
ok 2
ok
t/ak-dbd................Inserting a row...
Deleting a row...
1..49
ok 1 
ok 2 
ok 3 0E0
ok 4 
ok 5 
ok 6 
ok 7 
ok 8 0E0
Inserting a row...
ok 9 
Deleting a row...
ok 10 
ok 11 
ok 12 
ok 13 
ok 14 
ok 15 
ok 16 
ok 17 
ok 18 
Test 19: Setting $debug_me to TRUE
ok 19 
ok 20 
ok 21 
ok 22 
ok 23 
ok 24 
Test 25: Setting $debug_me to TRUE
ok 25 
ok 26 
ok 27 
ok 28 
ok 29 
ok 30 
ok 31 
ok 32 
ok 33 
ok 34 
ok 35 
ok 36 
ok 37 
ok 38 
ok 39 
ok 40 
ok 41 execute 284
fetchrow 286
ok 42 Alligator Descartes
ok 43 
ok 44 
ok 45 
ok 46 
ok 47 
ok 48 
ok 49 
ok
t/dbdadmin..............1..4
ok 1 
ok 2 
ok 3 
ok 4 
ok
Failed 5/24 test scripts, 79.17% okay. 45/356 subtests failed, 87.36% okay.
Failed Test      Stat Wstat Total Fail  Failed  List of Failed
-----------------------------------------------------------------------------------------------------------------------------------------------
t/03insert.t        0    10    10   16 160.00%  3-10
t/04select.t                    7    3  42.86%  4-5 7
t/40bindparam.t     0    10    28   48 171.43%  5-28
t/40blobs.t         0    10    13   17 130.77%  3 6-13
t/40listfields.t               13    1   7.69%  7
gmake[1]: *** [test_dynamic] Error 29
gmake[1]: Leaving directory `/home/hwadm/.cpan/build/DBD-SQLite-1.00'
