PERL_DL_NONLAZY=1 /usr/local/bin/perl "-MExtUtils::Command::MM" "-e" "test_harness(1, 'blib/lib', 'blib/arch')" t/*.t
t/01version.....1..3
Use of uninitialized value in concatenation (.) or string at /usr/local/lib/perl5/5.8.8/darwin-2level/Scalar/Util.pm line 30.

#     Failed test (t/01version.t at line 23)
#     Tried to use 'Compress::Zlib'.
#     Error:   is only avaliable with the XS version at /Users/dha/Compress-Zlib-2.001/blib/lib/Compress/Zlib.pm line 9
# BEGIN failed--compilation aborted at t/01version.t line 23.
# Compilation failed in require at (eval 5) line 2.
# BEGIN failed--compilation aborted at (eval 5) line 2.
not ok 1 - use Compress::Zlib;
Bareword "ZLIB_VERSION" not allowed while "strict subs" in use at t/01version.t line 28.
Bareword "Compress::Zlib::zlib_version" not allowed while "strict subs" in use at t/01version.t line 29.
Execution of t/01version.t aborted due to compilation errors.
# Looks like you planned 3 tests but only ran 2.
ok 2 - no warnings
# Looks like your test died just after 2.
dubious
	Test returned status 255 (wstat 65280, 0xff00)
DIED. FAILED tests 1, 3
	Failed 2/3 tests, 33.33% okay
t/03zlib-v1.....1..365
Use of uninitialized value in concatenation (.) or string at /usr/local/lib/perl5/5.8.8/darwin-2level/Scalar/Util.pm line 30.

#     Failed test (t/03zlib-v1.t at line 35)
#     Tried to use 'Compress::Zlib'.
#     Error:   is only avaliable with the XS version at /Users/dha/Compress-Zlib-2.001/blib/lib/Compress/Zlib.pm line 9
# BEGIN failed--compilation aborted at t/03zlib-v1.t line 35.
# Compilation failed in require at (eval 32) line 2.
# BEGIN failed--compilation aborted at (eval 32) line 2.
not ok 1 - use Compress::Zlib;
ok 2 - use IO::Compress::Gzip::Constants;
ok 3 - use IO::Compress::Gzip;
Global symbol "$gzerrno" requires explicit package name at t/03zlib-v1.t line 1043.
Bareword "Compress::Zlib::zlib_version" not allowed while "strict subs" in use at t/03zlib-v1.t line 50.
Bareword "ZLIB_VERSION" not allowed while "strict subs" in use at t/03zlib-v1.t line 50.
Bareword "Z_BEST_COMPRESSION" not allowed while "strict subs" in use at t/03zlib-v1.t line 126.
Bareword "Z_OK" not allowed while "strict subs" in use at t/03zlib-v1.t line 147.
Bareword "Z_OK" not allowed while "strict subs" in use at t/03zlib-v1.t line 153.
Bareword "Z_OK" not allowed while "strict subs" in use at t/03zlib-v1.t line 158.
Bareword "Z_OK" not allowed while "strict subs" in use at t/03zlib-v1.t line 160.
Bareword "Z_OK" not allowed while "strict subs" in use at t/03zlib-v1.t line 169.
Bareword "Z_STREAM_END" not allowed while "strict subs" in use at t/03zlib-v1.t line 177.
Bareword "Z_OK" not allowed while "strict subs" in use at t/03zlib-v1.t line 177.
Bareword "Z_STREAM_END" not allowed while "strict subs" in use at t/03zlib-v1.t line 181.
Bareword "Z_OK" not allowed while "strict subs" in use at t/03zlib-v1.t line 192.
Bareword "Z_OK" not allowed while "strict subs" in use at t/03zlib-v1.t line 204.
Bareword "Z_OK" not allowed while "strict subs" in use at t/03zlib-v1.t line 206.
Bareword "Z_OK" not allowed while "strict subs" in use at t/03zlib-v1.t line 218.
Bareword "Z_STREAM_END" not allowed while "strict subs" in use at t/03zlib-v1.t line 229.
Bareword "Z_OK" not allowed while "strict subs" in use at t/03zlib-v1.t line 229.
Bareword "Z_STREAM_END" not allowed while "strict subs" in use at t/03zlib-v1.t line 233.
Bareword "Z_OK" not allowed while "strict subs" in use at t/03zlib-v1.t line 248.
Bareword "Z_OK" not allowed while "strict subs" in use at t/03zlib-v1.t line 253.
Bareword "Z_STREAM_END" not allowed while "strict subs" in use at t/03zlib-v1.t line 262.
Bareword "Z_BEST_COMPRESSION" not allowed while "strict subs" in use at t/03zlib-v1.t line 269.
Bareword "Z_OK" not allowed while "strict subs" in use at t/03zlib-v1.t line 275.
Bareword "Z_OK" not allowed while "strict subs" in use at t/03zlib-v1.t line 277.
Bareword "Z_STREAM_END" not allowed while "strict subs" in use at t/03zlib-v1.t line 284.
Bareword "Z_BEST_COMPRESSION" not allowed while "strict subs" in use at t/03zlib-v1.t line 307.
Bareword "Z_OK" not allowed while "strict subs" in use at t/03zlib-v1.t line 310.
Bareword "Z_OK" not allowed while "strict subs" in use at t/03zlib-v1.t line 312.
Bareword "Z_OK" not allowed while "strict subs" in use at t/03zlib-v1.t line 321.
Bareword "Z_STREAM_END" not allowed while "strict subs" in use at t/03zlib-v1.t line 327.
Bareword "Z_OK" not allowed while "strict subs" in use at t/03zlib-v1.t line 554.
Bareword "Z_OK" not allowed while "strict subs" in use at t/03zlib-v1.t line 560.
Bareword "Z_OK" not allowed while "strict subs" in use at t/03zlib-v1.t line 565.
Bareword "Z_OK" not allowed while "strict subs" in use at t/03zlib-v1.t line 567.
Bareword "Z_OK" not allowed while "strict subs" in use at t/03zlib-v1.t line 578.
Bareword "Z_STREAM_END" not allowed while "strict subs" in use at t/03zlib-v1.t line 585.
Bareword "Z_OK" not allowed while "strict subs" in use at t/03zlib-v1.t line 585.
Bareword "Z_STREAM_END" not allowed while "strict subs" in use at t/03zlib-v1.t line 589.
Bareword "Z_OK" not allowed while "strict subs" in use at t/03zlib-v1.t line 605.
Bareword "Z_OK" not allowed while "strict subs" in use at t/03zlib-v1.t line 608.
Bareword "Z_FULL_FLUSH" not allowed while "strict subs" in use at t/03zlib-v1.t line 611.
Bareword "Z_OK" not allowed while "strict subs" in use at t/03zlib-v1.t line 611.
Bareword "Z_OK" not allowed while "strict subs" in use at t/03zlib-v1.t line 615.
Bareword "Z_OK" not allowed while "strict subs" in use at t/03zlib-v1.t line 618.
Bareword "Z_OK" not allowed while "strict subs" in use at t/03zlib-v1.t line 626.
Bareword "Z_OK" not allowed while "strict subs" in use at t/03zlib-v1.t line 629.
Bareword "Z_DATA_ERROR" not allowed while "strict subs" in use at t/03zlib-v1.t line 636.
Bareword "Z_OK" not allowed while "strict subs" in use at t/03zlib-v1.t line 640.
Bareword "Z_STREAM_END" not allowed while "strict subs" in use at t/03zlib-v1.t line 650.
Bareword "Z_OK" not allowed while "strict subs" in use at t/03zlib-v1.t line 650.
Bareword "Z_DATA_ERROR" not allowed while "strict subs" in use at t/03zlib-v1.t line 655.
Bareword "Z_STREAM_END" not allowed while "strict subs" in use at t/03zlib-v1.t line 655.
Bareword "Z_OK" not allowed while "strict subs" in use at t/03zlib-v1.t line 666.
Bareword "Z_OK" not allowed while "strict subs" in use at t/03zlib-v1.t line 669.
Bareword "Z_OK" not allowed while "strict subs" in use at t/03zlib-v1.t line 672.
Bareword "Z_DATA_ERROR" not allowed while "strict subs" in use at t/03zlib-v1.t line 676.
Bareword "Z_BEST_COMPRESSION" not allowed while "strict subs" in use at t/03zlib-v1.t line 687.
Bareword "Z_DEFAULT_STRATEGY" not allowed while "strict subs" in use at t/03zlib-v1.t line 687.
Bareword "Z_OK" not allowed while "strict subs" in use at t/03zlib-v1.t line 690.
Bareword "Z_BEST_COMPRESSION" not allowed while "strict subs" in use at t/03zlib-v1.t line 692.
Bareword "Z_DEFAULT_STRATEGY" not allowed while "strict subs" in use at t/03zlib-v1.t line 693.
Bareword "Z_OK" not allowed while "strict subs" in use at t/03zlib-v1.t line 696.
Bareword "Z_BEST_COMPRESSION" not allowed while "strict subs" in use at t/03zlib-v1.t line 710.
Bareword "Z_DEFAULT_STRATEGY" not allowed while "strict subs" in use at t/03zlib-v1.t line 711.
Bareword "Z_BEST_SPEED" not allowed while "strict subs" in use at t/03zlib-v1.t line 714.
Bareword "Z_HUFFMAN_ONLY" not allowed while "strict subs" in use at t/03zlib-v1.t line 714.
Bareword "Z_OK" not allowed while "strict subs" in use at t/03zlib-v1.t line 715.
Bareword "Z_BEST_SPEED" not allowed while "strict subs" in use at t/03zlib-v1.t line 717.
Bareword "Z_HUFFMAN_ONLY" not allowed while "strict subs" in use at t/03zlib-v1.t line 718.
Bareword "Z_OK" not allowed while "strict subs" in use at t/03zlib-v1.t line 721.
Bareword "Z_NO_COMPRESSION" not allowed while "strict subs" in use at t/03zlib-v1.t line 726.
Bareword "Z_OK" not allowed while "strict subs" in use at t/03zlib-v1.t line 727.
Bareword "Z_NO_COMPRESSION" not allowed while "strict subs" in use at t/03zlib-v1.t line 729.
Bareword "Z_HUFFMAN_ONLY" not allowed while "strict subs" in use at t/03zlib-v1.t line 730.
Bareword "Z_OK" not allowed while "strict subs" in use at t/03zlib-v1.t line 733.
Bareword "Z_FILTERED" not allowed while "strict subs" in use at t/03zlib-v1.t line 738.
Bareword "Z_OK" not allowed while "strict subs" in use at t/03zlib-v1.t line 739.
Bareword "Z_NO_COMPRESSION" not allowed while "strict subs" in use at t/03zlib-v1.t line 741.
Bareword "Z_FILTERED" not allowed while "strict subs" in use at t/03zlib-v1.t line 742.
Bareword "Z_OK" not allowed while "strict subs" in use at t/03zlib-v1.t line 745.
Bareword "Z_OK" not allowed while "strict subs" in use at t/03zlib-v1.t line 749.
Bareword "Z_OK" not allowed while "strict subs" in use at t/03zlib-v1.t line 757.
Bareword "Z_STREAM_END" not allowed while "strict subs" in use at t/03zlib-v1.t line 761.
Bareword "Z_OK" not allowed while "strict subs" in use at t/03zlib-v1.t line 817.
Bareword "Z_OK" not allowed while "strict subs" in use at t/03zlib-v1.t line 823.
Bareword "Z_STREAM_END" not allowed while "strict subs" in use at t/03zlib-v1.t line 834.
Execution of t/03zlib-v1.t aborted due to compilation errors.
ok 4 - no warnings
# Looks like you planned 365 tests but only ran 4.
# Looks like your test died just after 4.
dubious
	Test returned status 255 (wstat 65280, 0xff00)
DIED. FAILED tests 1, 5-365
	Failed 362/365 tests, 0.82% okay
t/05examples....Use of uninitialized value in concatenation (.) or string at /usr/local/lib/perl5/5.8.8/darwin-2level/Scalar/Util.pm line 30.
 is only avaliable with the XS version at /Users/dha/Compress-Zlib-2.001/blib/lib/Compress/Zlib.pm line 9
BEGIN failed--compilation aborted at /Users/dha/Compress-Zlib-2.001/blib/lib/Compress/Zlib.pm line 9.
Compilation failed in require at t/05examples.t line 16.
BEGIN failed--compilation aborted at t/05examples.t line 16.
# Looks like your test died before it could output anything.
dubious
	Test returned status 255 (wstat 65280, 0xff00)
t/06gzsetp......Use of uninitialized value in concatenation (.) or string at /usr/local/lib/perl5/5.8.8/darwin-2level/Scalar/Util.pm line 30.
 is only avaliable with the XS version at /Users/dha/Compress-Zlib-2.001/blib/lib/Compress/Zlib.pm line 9
BEGIN failed--compilation aborted at /Users/dha/Compress-Zlib-2.001/blib/lib/Compress/Zlib.pm line 9.
Compilation failed in require at t/06gzsetp.t line 16.
BEGIN failed--compilation aborted at t/06gzsetp.t line 16.
# Looks like your test died before it could output anything.
dubious
	Test returned status 255 (wstat 65280, 0xff00)
t/08encoding....1..17
Use of uninitialized value in concatenation (.) or string at /usr/local/lib/perl5/5.8.8/darwin-2level/Scalar/Util.pm line 30.

#     Failed test (t/08encoding.t at line 33)
not ok 1 - use Compress::Zlib;
#     Tried to use 'Compress::Zlib'.
#     Error:   is only avaliable with the XS version at /Users/dha/Compress-Zlib-2.001/blib/lib/Compress/Zlib.pm line 9
# BEGIN failed--compilation aborted at t/08encoding.t line 33.
# Compilation failed in require at (eval 32) line 2.
# BEGIN failed--compilation aborted at (eval 32) line 2.
Bareword "Compress::Zlib::zlib_version" not allowed while "strict subs" in use at t/08encoding.t line 40.
Bareword "ZLIB_VERSION" not allowed while "strict subs" in use at t/08encoding.t line 40.
Execution of t/08encoding.t aborted due to compilation errors.
# Looks like you planned 17 tests but only ran 2.
ok 2 - no warnings
# Looks like your test died just after 2.
dubious
	Test returned status 255 (wstat 65280, 0xff00)
DIED. FAILED tests 1, 3-17
	Failed 16/17 tests, 5.88% okay
t/14gzopen......1..218
Use of uninitialized value in concatenation (.) or string at /usr/local/lib/perl5/5.8.8/darwin-2level/Scalar/Util.pm line 30.

#     Failed test (t/14gzopen.t at line 25)
#     Tried to use 'Compress::Zlib'.
#     Error:   is only avaliable with the XS version at /Users/dha/Compress-Zlib-2.001/blib/lib/Compress/Zlib.pm line 9
# BEGIN failed--compilation aborted at t/14gzopen.t line 25.
# Compilation failed in require at (eval 32) line 2.
# BEGIN failed--compilation aborted at (eval 32) line 2.
not ok 1 - use Compress::Zlib;
ok 2 - use IO::Compress::Gzip::Constants;
Global symbol "$gzerrno" requires explicit package name at t/14gzopen.t line 49.
Global symbol "$gzerrno" requires explicit package name at t/14gzopen.t line 53.
Global symbol "$gzerrno" requires explicit package name at t/14gzopen.t line 56.
Global symbol "$gzerrno" requires explicit package name at t/14gzopen.t line 59.
Global symbol "$gzerrno" requires explicit package name at t/14gzopen.t line 66.
Global symbol "$gzerrno" requires explicit package name at t/14gzopen.t line 94.
Global symbol "$gzerrno" requires explicit package name at t/14gzopen.t line 97.
Global symbol "$gzerrno" requires explicit package name at t/14gzopen.t line 100.
Global symbol "$gzerrno" requires explicit package name at t/14gzopen.t line 104.
Global symbol "$gzerrno" requires explicit package name at t/14gzopen.t line 111.
Global symbol "$gzerrno" requires explicit package name at t/14gzopen.t line 111.
Global symbol "$gzerrno" requires explicit package name at t/14gzopen.t line 117.
Global symbol "$gzerrno" requires explicit package name at t/14gzopen.t line 118.
Global symbol "$gzerrno" requires explicit package name at t/14gzopen.t line 480.
Global symbol "$gzerrno" requires explicit package name at t/14gzopen.t line 481.
Global symbol "$gzerrno" requires explicit package name at t/14gzopen.t line 496.
Global symbol "$gzerrno" requires explicit package name at t/14gzopen.t line 499.
Bareword "Compress::Zlib::zlib_version" not allowed while "strict subs" in use at t/14gzopen.t line 38.
Bareword "ZLIB_VERSION" not allowed while "strict subs" in use at t/14gzopen.t line 38.
Bareword "Z_FINISH" not allowed while "strict subs" in use at t/14gzopen.t line 98.
Bareword "Z_STREAM_END" not allowed while "strict subs" in use at t/14gzopen.t line 110.
Bareword "Z_STREAM_END" not allowed while "strict subs" in use at t/14gzopen.t line 111.
Bareword "Z_STREAM_ERROR" not allowed while "strict subs" in use at t/14gzopen.t line 446.
Bareword "Z_STREAM_ERROR" not allowed while "strict subs" in use at t/14gzopen.t line 461.
Execution of t/14gzopen.t aborted due to compilation errors.
ok 3 - no warnings
# Looks like you planned 218 tests but only ran 3.
# Looks like your test died just after 3.
dubious
	Test returned status 255 (wstat 65280, 0xff00)
DIED. FAILED tests 1, 4-218
	Failed 216/218 tests, 0.92% okay
t/99pod.........1..1
ok 1 - blib/lib/Compress/Zlib.pm
ok
Failed Test    Stat Wstat Total Fail  List of Failed
-------------------------------------------------------------------------------
t/01version.t   255 65280     3    3  1 3
t/03zlib-v1.t   255 65280   365  723  1 5-365
t/05examples.t  255 65280    ??   ??  ??
t/06gzsetp.t    255 65280    ??   ??  ??
t/08encoding.t  255 65280    17   31  1 3-17
t/14gzopen.t    255 65280   218  431  1 4-218
Failed 6/7 test scripts. 596/604 subtests failed.
Files=7, Tests=604,  1 wallclock secs ( 0.90 cusr +  0.14 csys =  1.04 CPU)
Failed 6/7 test programs. 596/604 subtests failed.
make: *** [test_dynamic] Error 25
