<!DOCTYPE html>

<html lang="en">
  <head>
    <title>Bug #119754 for Tcl-pTk: Test Result: FAIL in Ubuntu 16.10</title>
    <meta http-equiv="X-UA-Compatible" content="IE=edge" />
    <!-- The X-UA-Compatible <meta> tag above must be very early in <head> -->

    <script>
if (window.top !== window.self) {
    document.write = "";

    window.top.location = window.self.location;

    setTimeout(function(){
        document.body.innerHTML = "";
    }, 1);

    window.self.onload = function(){
        document.body.innerHTML = "";
    };
}
</script>



<link rel="shortcut icon" href="/NoAuth/images/favicon.png" type="image/png" />
<link rel="stylesheet" href="/NoAuth/css/aileron-squished-00f758259152f8b6670ee485f462e6b8.css" type="text/css" media="all" />
<link rel="stylesheet" href="/NoAuth/css/print.css" type="text/css" media="print" />




<script type="text/javascript" src="/NoAuth/js/squished-42167f2409ce368da2d31038e5cb2a57.js"></script>

<script type="text/javascript"><!--
	jQuery( loadTitleBoxStates );

--></script>


<!--[if lt IE 8]>
<link rel="stylesheet" href="/NoAuth/css/aileron/msie.css" type="text/css" media="all" />
<![endif]-->
<!--[if lt IE 7]>
<link rel="stylesheet" href="/NoAuth/css/aileron/msie6.css" type="text/css" media="all" />
<![endif]-->
<script type="text/javascript">
jQuery(document).ready(function(){
    jQuery.fn.supersubs.defaults = {
        maxWidth: 30,
        extraWidth: 2
    };

    jQuery("#app-nav.toplevel").addClass('sf-menu sf-js-enabled sf-shadow').supersubs().superfish({ speed: 'fast' });
    jQuery("#page-menu.toplevel").addClass('sf-menu sf-js-enabled').supersubs().superfish({ dropShadows: false, speed: 'fast' }).supposition();
});
</script>


<!-- Site CSS from theme editor -->
<style type="text/css" media="all" id="sitecss">
</style>

<meta name="google-site-verification" content="kD3-uEJK1AkTqaC-rckcSt_HPkAj674DPPuEN6i-y0g" />

</head>
  <body class="aileron sidebyside" id="comp-Public-Bug-Display">

<div id="logo">
<a href="https://rt.cpan.org/"><img
    src="/NoAuth/images/cpan.png"
    alt="CPAN"
    width="181"
    height="38" /></a>
    <span class="rtname">RT for rt.cpan.org</span>
</div>


<div id="quickbar">
  <div id="quick-personal">
    <span class="hide"><a href="#skipnav">Skip Menu</a> | </span>
</div>

</div>
<div id="header"><h1>Bug #119754 for Tcl-pTk: Test Result: FAIL in Ubuntu 16.10</h1></div>


<div id="main-navigation"><ul id="app-nav" class="toplevel">
 <li id="li-search_dist"><a id="search_dist" class="menu-item " href="/Public/">Search Distributions</a></li>
 <li id="li-browse_dist"><a id="browse_dist" class="menu-item " href="/Public/Dist/Browse.html">Browse Distributions</a></li>
 <li id="li-about" class="has-children"><a id="about" class="menu-item " href="/NoAuth/RT/CPAN/About.html">About rt.cpan.org</a>
 <ul>
  <li id="li-about-usage"><a id="about-usage" class="menu-item " href="/NoAuth/RT/CPAN/Usage.html">How do I…?</a></li>
  <li id="li-about-about"><a id="about-about" class="menu-item " href="/NoAuth/RT/CPAN/About.html">About</a></li>
 </ul>
 </li>
 <li id="li-preferences"><a id="preferences" class="menu-item ">Welcome <span class="current-user">anonymous guest</span>.</a></li>
 <li id="li-login"><a id="login" class="menu-item " href="/NoAuth/Logout.html">Login as another user</a></li>
</ul></div>
<div id="page-navigation"><ul id="page-menu" class="toplevel">
 <li id="li-page-active_bugs"><a id="page-active_bugs" class="menu-item " href="/Public/Dist/Display.html?Status=Active;Name=Tcl-pTk">Active bugs</a></li>
 <li id="li-page-resolved_bugs"><a id="page-resolved_bugs" class="menu-item " href="/Public/Dist/Display.html?Status=Resolved;Name=Tcl-pTk">Resolved bugs</a></li>
 <li id="li-page-rejected_bugs"><a id="page-rejected_bugs" class="menu-item " href="/Public/Dist/Display.html?Status=Rejected;Name=Tcl-pTk">Rejected bugs</a></li>
 <li id="li-page-report"><a id="page-report" class="menu-item " href="/Public/Bug/Report.html?Queue=Tcl-pTk">Report a new bug</a></li>
</ul></div>
<div id="topactions"><form action="/Public/Search/Simple.html" id="simple-search">
  <input size="12" name="q" accesskey="0" class="field" value="" placeholder="Search..." />
</form>

<form action="/Public/Bug/Report.html" name="CreateTicketInQueue" id="CreateTicketInQueue" >
<input type="submit" class="button" value="New ticket in" />&nbsp;<label accesskey="9">
  <input name="Queue" size="25" placeholder="Module or distribution" value="" class="select-queue" data-autocomplete="Queues" data-autocomplete-autosubmit=1 data-autocomplete-params="right=CreateTicket" />

</label>

</form>

</div>
<div id="body">
<div id="announcement" style="padding: 1em; margin: 1em; border: solid black 1px; background: #eee">
<a href="https://log.perl.org/2020/12/rtcpanorg-sunset.html">rt.cpan.org will be shut down on March 1st, 2021.</a>
</div>

<a name="skipnav" id="skipnav" accesskey="8"></a>





<p>This queue is for tickets about the <a href="https://metacpan.org/release/Tcl-pTk">Tcl-pTk CPAN distribution</a>.</p>





<div class="">
  <div class="titlebox" id="">
  <div class="titlebox-title">
    <span class="widget"><a href="#" onclick="return rollup('TitleBox\x2D\x2D\x5FPublic\x5FBug\x5FDisplay\x5Fhtml\x2D\x2D\x2D\x2D\x2D\x2DUmVwb3J0IGluZm9ybWF0aW9u\x2D\x2D\x2D0');" title="Toggle visibility"></a></span>
    <span class="left">Report information</span>
    <span class="right-empty">		    </span>
  </div>
  <div class="titlebox-content " id="TitleBox--_Public_Bug_Display_html------UmVwb3J0IGluZm9ybWF0aW9u---0">


<table width="100%" class="ticket-summary">
<tr>
  <td valign="top" class="boxcontainer">
    <div class="ticket-info-basics">
  <div class="titlebox ticket-info-basics " id="">
  <div class="titlebox-title">
    <span class="widget"><a href="#" onclick="return rollup('TitleBox\x2D\x2D\x5FPublic\x5FBug\x5FDisplay\x5Fhtml\x2D\x2Dticket\x2Dinfo\x2Dbasics\x2D\x2D\x2D\x2DVGhlIEJhc2ljcw\x5F\x5F\x2D\x2D\x2D0');" title="Toggle visibility"></a></span>
    <span class="left">The Basics</span>
    <span class="right-empty">		    </span>
  </div>
  <div class="titlebox-content " id="TitleBox--_Public_Bug_Display_html--ticket-info-basics----VGhlIEJhc2ljcw__---0">


        <table>
  <tr class="id">
    <td class="label">Id:</td>
    <td class="value">119754</td>
  </tr>
  <tr class="status">
    <td class="label">Status:</td>
    <td class="value">patched</td>
  </tr>
  <tr class="priority">
    <td class="label">Priority:</td>
    <td class="value">0/
</td>
  </tr>
  <tr class="queue">
    <td class="label">Queue:</td>
    <td class="value"><a href="/Dist/Display.html?Queue=Tcl-pTk">Tcl-pTk</a>
</td>
  </tr>
</table>

        <hr class="clear" />
  </div>
</div>




</div>


    <div class="ticket-info-people">
  <div class="titlebox ticket-info-people " id="">
  <div class="titlebox-title">
    <span class="widget"><a href="#" onclick="return rollup('TitleBox\x2D\x2D\x5FPublic\x5FBug\x5FDisplay\x5Fhtml\x2D\x2Dticket\x2Dinfo\x2Dpeople\x2D\x2D\x2D\x2DUGVvcGxl\x2D\x2D\x2D0');" title="Toggle visibility"></a></span>
    <span class="left">People</span>
    <span class="right-empty">		    </span>
  </div>
  <div class="titlebox-content " id="TitleBox--_Public_Bug_Display_html--ticket-info-people----UGVvcGxl---0">


        <table>
  <tr>
    <td class="label">Owner:</td>
    <td class="value">CAC [...] cpan.org
    
    </td>
  </tr>
  <tr>
    <td class="labeltop">Requestors:</td>
    <td class="value">
PERLMAX [...] cpan.org

<br />

</td>
  </tr>
  <tr>
    <td class="labeltop">Cc:</td>
    <td class="value">
CAC [...] cpan.org

<br />

</td>
  </tr>
  <tr>
    <td class="labeltop">AdminCc:</td>
    <td class="value">

</td>
  </tr>
</table>

        <hr class="clear" />
  </div>
</div>




</div>



  </td>
  <td valign="top" class="boxcontainer">
    
    <div class="ticket-info-cfs">
  <div class="titlebox ticket-info-cfs " id="">
  <div class="titlebox-title">
    <span class="widget"><a href="#" onclick="return rollup('TitleBox\x2D\x2D\x5FPublic\x5FBug\x5FDisplay\x5Fhtml\x2D\x2Dticket\x2Dinfo\x2Dcfs\x2D\x2D\x2D\x2DQnVnIEluZm9ybWF0aW9u\x2D\x2D\x2D0');" title="Toggle visibility"></a></span>
    <span class="left">Bug Information</span>
    <span class="right-empty">		    </span>
  </div>
  <div class="titlebox-content " id="TitleBox--_Public_Bug_Display_html--ticket-info-cfs----QnVnIEluZm9ybWF0aW9u---0">

 
        <table>
  <tr id="CF-1-ShowRow">
    <td class="label">Severity:</td>
    <td class="value">
<i>(no value)</i>
    </td>
  </tr>
  <tr id="CF-234402-ShowRow">
    <td class="label">Broken in:</td>
    <td class="value">
0.92    </td>
  </tr>
  <tr id="CF-234403-ShowRow">
    <td class="label">Fixed in:</td>
    <td class="value">
<i>(no value)</i>
    </td>
  </tr>
</table>


        <hr class="clear" />
  </div>
</div>




</div>


    <div class="ticket-info-attachments">
  <div class="titlebox ticket-info-attachments " id="">
  <div class="titlebox-title inverse">
    <span class="widget"><a href="#" onclick="return rollup('TitleBox\x2D\x2D\x5FPublic\x5FBug\x5FDisplay\x5Fhtml\x2D\x2Dticket\x2Dinfo\x2Dattachments\x2D\x2D\x2D\x2DQXR0YWNobWVudHM\x5F\x2D\x2D\x2D0');" title="Toggle visibility"></a></span>
    <span class="left">Attachments</span>
    <span class="right-empty">		    </span>
  </div>
  <div class="titlebox-content " id="TitleBox--_Public_Bug_Display_html--ticket-info-attachments----QXR0YWNobWVudHM_---0">




make_test.txt<br />
<ul>


<li><font size="-2">
<a href="/Ticket/Attachment/1697065/911348/make_test.txt">
Sat Jan 07 14:28:21 2017 (7.4k) by PERLMAX [...] cpan.org
</a>
</font></li>
</ul>

    <hr class="clear" />
  </div>
</div>




</div>







  </td>
</tr>
</table>

    <hr class="clear" />
  </div>
</div>




</div>


<br />


<div class="history">
<div class="titlebox" id="">
  <div class="titlebox-title">
    <span class="widget"><a href="#" onclick="return rollup('TitleBox\x2D\x2D\x5FPublic\x5FBug\x5FDisplay\x5Fhtml\x2D\x2D\x2D\x2D\x2D\x2DSGlzdG9yeQ\x5F\x5F\x2D\x2D\x2D0');" title="Toggle visibility"></a></span>
    <span class="left">History</span>
    <span class="right">		<a href="#" data-direction="open" onclick="return toggle_all_folds(this, 'Show\x20all\x20quoted\x20text', 'Hide\x20all\x20quoted\x20text');">Show all quoted text</a> &mdash; <a href="/Public/Bug/Display.html?ShowHeaders=1;id=119754">Show full headers</a>    </span>
  </div>
  <div class="titlebox-content " id="TitleBox--_Public_Bug_Display_html------SGlzdG9yeQ__---0">


<div id="ticket-history">
<div class="ticket-transaction message Create odd">
<div class="ticket-transaction">
  <div class="metadata">
    <span class="type">
      <a name="txn-1697062" href="/Public/Bug/Display.html?id=119754#txn-1697062">#</a>      
    </span>
    <span class="date">Sat&nbsp;Jan&nbsp;07&nbsp;14:16:52&nbsp;2017</span>
    <span class="description">PERLMAX [...] cpan.org -  Ticket created</span>
    <span class="time-taken"></span>    <span class="actions hidden"></span>
  </div>
    <div class="content">
      
<table>
  <tr>
    <td align="right" class="message-header-key">Subject:</td>
    <td class="message-header-value"> Test Result: FAIL in Ubuntu 16.10</td>
  </tr>
</table>
<div class="downloadattachment">
<a href="/Ticket/Attachment/1697062/911343/">Download &#40;untitled&#41;</a> / <a href="/Ticket/Attachment/WithHeaders/911343">with headers</a>
<br />
<span class="downloadcontenttype">text/plain 693b</span>
</div>
<div class="messagebody">
<div class="message-stanza plain-text-white-space">Hello all,

First thank you very much for your work. I noticed that the test fails under my ubuntu system. Here are the test report:

Test Summary Report
-------------------
t/bgerror2.t                &#40;Wstat: 0 Tests: 4 Failed: 4&#41;
  Failed tests:  1-4
t/fontAttr.t                &#40;Wstat: 0 Tests: 8 Failed: 2&#41;
  Failed tests:  5-6
t/tkHijack_bgerror2.t       &#40;Wstat: 0 Tests: 4 Failed: 4&#41;
  Failed tests:  1-4
Files=121, Tests=425, 192 wallclock secs &#40; 0.30 usr  0.08 sys + 11.94 cusr  1.62 csys = 13.94 CPU&#41;
Result: FAIL
Failed 3/121 test programs. 10/425 subtests failed.
Makefile:1626: die Regel für Ziel „test_dynamic“ scheiterte
make: *** [test_dynamic] Fehler 255

Best wishes,
Max
</div></div>
    </div>
</div>
</div>
<div class="ticket-transaction message Correspond even">
<div class="ticket-transaction">
  <div class="metadata">
    <span class="type">
      <a name="txn-1697065" href="/Public/Bug/Display.html?id=119754#txn-1697065">#</a>      
    </span>
    <span class="date">Sat&nbsp;Jan&nbsp;07&nbsp;14:28:21&nbsp;2017</span>
    <span class="description">PERLMAX [...] cpan.org -  Correspondence added</span>
    <span class="time-taken"></span>    <span class="actions hidden"></span>
  </div>
    <div class="content">
      
<div class="messageattachments">
<div class="downloadattachment">
<a href="/Ticket/Attachment/1697065/911347/">Download &#40;untitled&#41;</a> / <a href="/Ticket/Attachment/WithHeaders/911347">with headers</a>
<br />
<span class="downloadcontenttype">text/plain 37b</span>
</div>
<div class="messagebody">
<div class="message-stanza plain-text-white-space">Enclosed the full output of make test
</div></div>
<table>
  <tr>
    <td align="right" class="message-header-key">Subject:</td>
    <td class="message-header-value"> make_test.txt</td>
  </tr>
</table>
<div class="downloadattachment">
<a href="/Ticket/Attachment/1697065/911348/make_test.txt">Download make_test.txt</a><br />
<span class="downloadcontenttype">text/plain 7.4k</span>
</div>
<div class="messagebody">
<div class="message-stanza plain-text-white-space">PERL_DL_NONLAZY=1 PERL_USE_UNSAFE_INC=1 &#34;/usr/bin/perl&#34; &#34;-MExtUtils::Command::MM&#34; &#34;-MTest::Harness&#34; &#34;-e&#34; &#34;undef *Test::Harness::Switches; test_harness&#40;0, &#39;blib/lib&#39;, &#39;blib/arch&#39;&#41;&#34; t/*.t
t/after.t ..................... ok   
t/afterDestroy.t .............. ok   
t/afterIdle.t ................. ok   
t/balloon.t ................... ok   
t/balloon2.t .................. Balloon should appear over &#39;Balloon Text&#39; button
t/balloon2.t .................. ok   
t/bgerror1.t .................. ok   
t/bgerror2.t .................. 1/4 # Failed test 1 in t/bgerror2.t at line 139
#  t/bgerror2.t line 139 is: ok&#40; $errMessages =~ /Undefined subroutine\s+\&#38;main\:\:bogus/&#41;;
# Failed test 2 in t/bgerror2.t at line 140
#  t/bgerror2.t line 140 is: ok&#40; $errMessages =~ /command executed by scale/&#41;;
# Failed test 3 in t/bgerror2.t at line 141
#  t/bgerror2.t line 141 is: ok&#40; $errMessages =~ /Error Started at t\/bgerror2.t line 123/&#41;;
# Failed test 4 in t/bgerror2.t at line 142
#  t/bgerror2.t line 142 is: ok&#40; $errMessages =~ / Undefined subroutine \&#38;main::bogus called at t\/bgerror2.t line 112/&#41;;
t/bgerror2.t .................. Failed 4/4 subtests 
t/bgerror3.t .................. Error Dialog Should Show. This is expected
t/bgerror3.t .................. ok   
t/bind.t ...................... ok     
t/bindBreak.t ................. ok   
t/bitmapSubClass.t ............ ok   
t/browseEntry.t ............... ok   
t/browseEntry2.t .............. ok     
t/busy.t ...................... ok   
t/callback.t .................. ok     
t/callbackSet.t ............... ok   
t/canFind.t ................... ok   
t/canIndex.t .................. ok   
t/canScale.t .................. ok   
t/checkradio.t ................ ok   
t/cleanupCrashTest.t .......... ok   
t/command.t ................... ok   
t/configureReturn.t ........... ok     
t/dialog.t .................... ok   
t/dialogBox.t ................. ok   
t/dirtree.t ................... ok   
t/dndlocal.t .................. ok   
t/emptyMenuButtonSubclass.t ... ok   
t/emptyMenuSubclass.t ......... ok   
t/emptySubclass.t ............. ok   
t/entry.t ..................... ok   
t/entryPaste.t ................ ok   
t/entryValidate.t ............. ok   
t/fileevent.t ................. ok   
t/fileevent2.t ................ ok   
t/font.t ...................... ok     
t/font2.t ..................... ok   
t/fontAttr.t .................. 1/8 # Test 5 got: &#34;139&#34; &#40;t/fontAttr.t at line 67 fail #3&#41;
#   Expected: &#34;144&#34; &#40;Font-&gt;actual TkDefaultFont Attr Check&#41;
#  t/fontAttr.t line 67 is:         skip&#40;$skip, $widthTest1, $widthTest2, &#34;Font-&gt;actual $fontName Attr Check&#34;&#41;;
# Test 6 got: &#34;144&#34; &#40;t/fontAttr.t at line 68 fail #3&#41;
#   Expected: &#34;139&#34; &#40;$widget-&gt;fontActual TkDefaultFont Attr Check&#41;
#  t/fontAttr.t line 68 is:         skip&#40;$skip, $widthTest2, $widthTest3, &#34;\$widget-&gt;fontActual $fontName Attr Check&#34;&#41;;
t/fontAttr.t .................. Failed 2/8 subtests 
t/frameForeground.t ........... ok   
t/geomgr.t .................... ok     
t/hlist.t ..................... ok   
t/iconimage.t ................. ok   
t/imageLoad.t ................. ok   
t/itemStyle.t ................. ok   
t/labEntry.t .................. ok   
t/labEntryFacelift.t .......... ok   
t/labEntryParentChild.t ....... ok   
t/libLoad.t ................... ok   
t/listbox.t ................... ok   
t/mainloopMult.t .............. ok   
t/menub-cascade.t ............. ok   
t/menub_newMenu.t ............. ok   
t/menubarpath.t ............... ok   
t/menuitems.t ................. ok     
t/messageBox.t ................ ok   
t/moveResizeWindow.t .......... ok   
t/moveToplevelWindow.t ........ ok   
t/multMainWindow1.t ........... ok   
t/multMainWindow2.t ........... ok   
t/notebook.t .................. ok   
t/onDestroy.t ................. ok   
t/optmenu.t ................... ok     
t/palette.t ................... ok   
t/pane.t ...................... ok   
t/photo.t ..................... skipped: no Img extension available &#40;can&#39;t find package Img at /home/maximilian/.cpanm/work/1483816950.7405/Tcl-pTk-0.92/blib/lib/Tcl/pTk.pm line 1168.
t/photoGetImage.t ............. skipped: no Img extension available &#40;can&#39;t find package Img at /home/maximilian/.cpanm/work/1483816950.7405/Tcl-pTk-0.92/blib/lib/Tcl/pTk.pm line 1168.
t/photoSubClass.t ............. ok   
t/progBar.t ................... ok   
t/protocol.t .................. ok   
t/ptk-compat.t ................ ok   
t/ptk-compat2.t ............... ok   
t/repeat.t .................... ok   
t/repeatSubReuse.t ............ ok   
t/scrolled.t .................. ok   
t/scrolledOptional.t .......... ok   
t/selection.t ................. ok   
t/slideMegaWidget.t ........... ok   
t/slideMegaWidget2.t .......... ok   
t/spreadsheetHideRows.t ....... ok   
t/table.t ..................... ok   
t/tableFacelift.t ............. ok   
t/tableMatrixCallbacks.t ...... ok   
t/tableMatrixCleanup.t ........ ok   
t/tableMatrixDebug.t .......... ok   
t/tableMatrixSpreadsheet.t .... ok   
t/tclVersion.t ................ ok   
t/text.t ...................... ok   
t/text2.t ..................... ok   
t/text3.t ..................... ok     
t/textEdit.t .................. ok   
t/textRO.t .................... ok   
t/textSubwidget.t ............. ok   
t/textUndo.t .................. ok   
t/tileLabelFont.t ............. ok   
t/tileTree.t .................. ok   
t/tileWidget.t ................ ok   
t/tixTree.t ................... ok   
t/tk-mw.t ..................... ok   
t/tkFacelift_BEsubclass.t ..... ok   
t/tkFacelift_browseEntry.t .... ok   
t/tkFacelift_frameSubclass.t .. ok   
t/tkFacelift_mega1.t .......... ok   
t/tkFacelift_simple.t ......... ok   
t/tkHijack_BEsubclass.t ....... ok   
t/tkHijack_bgerror1.t ......... ok   
t/tkHijack_bgerror2.t ......... 1/4 # Failed test 1 in t/tkHijack_bgerror2.t at line 140
#  t/tkHijack_bgerror2.t line 140 is: ok&#40; $errMessages =~ /Undefined subroutine\s+\&#38;main\:\:bogus/&#41;;
# Failed test 2 in t/tkHijack_bgerror2.t at line 141
#  t/tkHijack_bgerror2.t line 141 is: ok&#40; $errMessages =~ /command executed by scale/&#41;;
# Failed test 3 in t/tkHijack_bgerror2.t at line 142
#  t/tkHijack_bgerror2.t line 142 is: ok&#40; $errMessages =~ /Error Started at t\/tkHijack_bgerror2.t line 124/&#41;;
# Failed test 4 in t/tkHijack_bgerror2.t at line 143
#  t/tkHijack_bgerror2.t line 143 is: ok&#40; $errMessages =~ / Undefined subroutine \&#38;main::bogus called at t\/tkHijack_bgerror2.t line 113/&#41;;
t/tkHijack_bgerror2.t ......... Failed 4/4 subtests 
t/tkHijack_bgerror3.t ......... ok   
t/tkHijack_mega1.t ............ ok   
t/tkHijack_simple.t ........... ok   
t/tkHijack_spreadsheet.t ...... ok   
t/trace.t ..................... ok   
t/tree.t ...................... ok   
t/ttkBrowseEntry.t ............ ok     
t/ttkEntryValidate.t .......... ok   
t/unicode.t ................... ok   
t/virtualEv.t ................. ok   
t/widgetDelete.t .............. ok   
t/widgetName.t ................ ok   
t/wmForget.t .................. ok   
t/xevent.t .................... ok   
t/zzPhoto.t ................... skipped: no Img extension available

Test Summary Report
-------------------
t/bgerror2.t                &#40;Wstat: 0 Tests: 4 Failed: 4&#41;
  Failed tests:  1-4
t/fontAttr.t                &#40;Wstat: 0 Tests: 8 Failed: 2&#41;
  Failed tests:  5-6
t/tkHijack_bgerror2.t       &#40;Wstat: 0 Tests: 4 Failed: 4&#41;
  Failed tests:  1-4
Files=121, Tests=425, 196 wallclock secs &#40; 0.39 usr  0.11 sys + 14.10 cusr  2.14 csys = 16.74 CPU&#41;
Result: FAIL
Failed 3/121 test programs. 10/425 subtests failed.
Makefile:1626: die Regel für Ziel „test_dynamic“ scheiterte
make: *** [test_dynamic] Fehler 255

</div></div>
</div>
    </div>
</div>
</div>
<div class="ticket-transaction people AddWatcher odd">
<div class="ticket-transaction">
  <div class="metadata">
    <span class="type">
      <a name="txn-1790313" href="/Public/Bug/Display.html?id=119754#txn-1790313">#</a>      
    </span>
    <span class="date">Sun&nbsp;Jun&nbsp;10&nbsp;03:15:33&nbsp;2018</span>
    <span class="description">CAC [...] cpan.org -  Cc CAC added</span>
    <span class="time-taken"></span>    <span class="actions hidden"></span>
  </div>
    <div class="content">
    </div>
</div>
</div>
<div class="ticket-transaction other Forward Ticket even">
<div class="ticket-transaction">
  <div class="metadata">
    <span class="type">
      <a name="txn-1790316" href="/Public/Bug/Display.html?id=119754#txn-1790316">#</a>      
    </span>
    <span class="date">Sun&nbsp;Jun&nbsp;10&nbsp;03:16:02&nbsp;2018</span>
    <span class="description">CAC [...] cpan.org -  Forwarded Ticket to CAC@cpan.org</span>
    <span class="time-taken"></span>    <span class="actions hidden"></span>
  </div>
    <div class="content">
    </div>
</div>
</div>
<div class="ticket-transaction message Correspond odd">
<div class="ticket-transaction">
  <div class="metadata">
    <span class="type">
      <a name="txn-1790317" href="/Public/Bug/Display.html?id=119754#txn-1790317">#</a>      
    </span>
    <span class="date">Sun&nbsp;Jun&nbsp;10&nbsp;03:27:36&nbsp;2018</span>
    <span class="description">CAC [...] cpan.org -  Correspondence added</span>
    <span class="time-taken"></span>    <span class="actions hidden"></span>
  </div>
    <div class="content">
      
<div class="downloadattachment">
<a href="/Ticket/Attachment/1790317/962889/">Download &#40;untitled&#41;</a> / <a href="/Ticket/Attachment/WithHeaders/962889">with headers</a>
<br />
<span class="downloadcontenttype">text/html 1.5k</span>
</div>
<div class="messagebody">
<div class="message-stanza">On Sat Jan 07 13:28:21 2017, PERLMAX wrote:<br>

&gt; t/bgerror2.t .................. 1/4 # Failed test 1 in t/bgerror2.t at line 139

<div>
	&gt; #&nbsp; t/bgerror2.t line 139 is: ok( $errMessages =~ /Undefined subroutine\s+\&amp;main\:\:bogus/);</div>


<div>
	&gt; # Failed test 2 in t/bgerror2.t at line 140</div>


<div>
	&gt; #&nbsp; t/bgerror2.t line 140 is: ok( $errMessages =~ /command executed by scale/);</div>


<div>
	&gt; # Failed test 3 in t/bgerror2.t at line 141</div>


<div>
	&gt; #&nbsp; t/bgerror2.t line 141 is: ok( $errMessages =~ /Error Started at t\/bgerror2.t line 123/);</div>


<div>
	&gt; # Failed test 4 in t/bgerror2.t at line 142</div>


<div>
	&gt; #&nbsp; t/bgerror2.t line 142 is: ok( $errMessages =~ / Undefined subroutine \&amp;main::bogus called at t\/bgerror2.t line 112/);</div>


<div>
	&gt; t/bgerror2.t .................. Failed 4/4 subtests&nbsp;</div>

<br>

I haven&#39;t confirmed yet, but I believe the reason that both t/bgerror2.t and t/tkHijack_bgerror2.t fail is because of Tcl::pTk&#39;s use of <span style="font-family:courier new,courier,monospace;">AUTOLOAD</span>, which is used to translate unimplemented Perl functions to Tcl calls, but as a side effect it causes this &quot;<span style="font-family:courier new,courier,monospace;">Undefined subroutine</span>&quot; error not appear, and to instead likely result in an entirely different error from the Tcl call failing.<br>

<br>

See this response I left for a newer ticket:&nbsp;<span class="clickylink"><a target="new" rel="nofollow" href="https://rt.cpan.org/Ticket/Display.html?id=125460#txn-1790283">https://rt.cpan.org/Ticket/Display.html?id=125460#txn-1790283</a></span>
</div></div>
    </div>
</div>
</div>
<div class="ticket-transaction basics Status even">
<div class="ticket-transaction">
  <div class="metadata">
    <span class="type">
      <a name="txn-1790318" href="/Public/Bug/Display.html?id=119754#txn-1790318">#</a>      
    </span>
    <span class="date">Sun&nbsp;Jun&nbsp;10&nbsp;03:27:36&nbsp;2018</span>
    <span class="description">The RT System itself -  Status changed from &#39;new&#39; to &#39;open&#39;</span>
    <span class="time-taken"></span>    <span class="actions hidden"></span>
  </div>
    <div class="content">
    </div>
</div>
</div>
<div class="ticket-transaction message Correspond odd">
<div class="ticket-transaction">
  <div class="metadata">
    <span class="type">
      <a name="txn-1790328" href="/Public/Bug/Display.html?id=119754#txn-1790328">#</a>      
    </span>
    <span class="date">Sun&nbsp;Jun&nbsp;10&nbsp;04:42:16&nbsp;2018</span>
    <span class="description">CAC [...] cpan.org -  Correspondence added</span>
    <span class="time-taken"></span>    <span class="actions hidden"></span>
  </div>
    <div class="content">
      
<div class="downloadattachment">
<a href="/Ticket/Attachment/1790328/962895/">Download &#40;untitled&#41;</a> / <a href="/Ticket/Attachment/WithHeaders/962895">with headers</a>
<br />
<span class="downloadcontenttype">text/html 352b</span>
</div>
<div class="messagebody">
<div class="message-stanza">I can reproduce the issue with bgerror2.t failing on Windows and Linux (Fedora 27, Ubuntu 18.04) but for some reason it passes on macOS (10.13, Tcl/Tk 8.5.9).<br>

<br>

I haven&#39;t reproduced the issue with fontAttr.t on any OS.<br>

<br>

Some other tests appear to fail depending on the OS, so I will try reporting those in more detail.<br>


</div></div>
    </div>
</div>
</div>
<div class="ticket-transaction message Correspond even">
<div class="ticket-transaction">
  <div class="metadata">
    <span class="type">
      <a name="txn-1806727" href="/Public/Bug/Display.html?id=119754#txn-1806727">#</a>      
    </span>
    <span class="date">Mon&nbsp;Aug&nbsp;20&nbsp;13:50:12&nbsp;2018</span>
    <span class="description">CAC [...] cpan.org -  Correspondence added</span>
    <span class="time-taken"></span>    <span class="actions hidden"></span>
  </div>
    <div class="content">
      
<div class="downloadattachment">
<a href="/Ticket/Attachment/1806727/972489/">Download &#40;untitled&#41;</a> / <a href="/Ticket/Attachment/WithHeaders/972489">with headers</a>
<br />
<span class="downloadcontenttype">text/html 3.2k</span>
</div>
<div class="messagebody">
<div class="message-stanza"><span style="font-family:arial,helvetica,sans-serif;">On Sun Jun 10 02:27:36 2018, CAC wrote:<br>

&gt; On Sat Jan 07 13:28:21 2017, PERLMAX wrote:</span>

<div>
	<span style="font-family:courier new,courier,monospace;">&gt; &gt; t/bgerror2.t .................. 1/4 # Failed test 1 in t/bgerror2.t at line 139</span></div>


<div>
	<span style="font-family:courier new,courier,monospace;">&gt; &gt; #&nbsp; t/bgerror2.t line 139 is: ok( $errMessages =~ /Undefined subroutine\s+\&amp;main\:\:bogus/);</span></div>


<div>
	<span style="font-family:courier new,courier,monospace;">&gt; &gt; # Failed test 2 in t/bgerror2.t at line 140</span></div>


<div>
	<span style="font-family:courier new,courier,monospace;">&gt; &gt; #&nbsp; t/bgerror2.t line 140 is: ok( $errMessages =~ /command executed by scale/);</span></div>


<div>
	<span style="font-family:courier new,courier,monospace;">&gt; &gt; # Failed test 3 in t/bgerror2.t at line 141</span></div>


<div>
	<span style="font-family:courier new,courier,monospace;">&gt; &gt; #&nbsp; t/bgerror2.t line 141 is: ok( $errMessages =~ /Error Started at t\/bgerror2.t line 123/);</span></div>


<div>
	<span style="font-family:courier new,courier,monospace;">&gt; &gt; # Failed test 4 in t/bgerror2.t at line 142</span></div>


<div>
	<span style="font-family:courier new,courier,monospace;">&gt; &gt; #&nbsp; t/bgerror2.t line 142 is: ok( $errMessages =~ / Undefined subroutine \&amp;main::bogus called at t\/bgerror2.t line 112/);</span></div>


<div>
	<span style="font-family:courier new,courier,monospace;">&gt; &gt; t/bgerror2.t .................. Failed 4/4 subtests&nbsp;</span></div>

<span style="font-family:arial,helvetica,sans-serif;">&gt; I haven&#39;t confirmed yet, but I believe the reason that both<br>
<span
    class="message-stanza-folder closed"
    onclick="fold_message_stanza(this, 'Show\x20quoted\x20text', 'Hide\x20quoted\x20text');">Show quoted text</span><br /><div class="message-stanza closed">&gt; t/bgerror2.t and&nbsp;t/tkHijack_bgerror2.t fail is because of<br>

&gt;&nbsp;Tcl::pTk&#39;s use of <span style="font-family:courier new,courier,monospace;">AUTOLOAD</span>,&nbsp;which is used to translate<br>

&gt;&nbsp;unimplemented Perl functions to Tcl calls, but as a side<br>

&gt; effect it causes this &quot;Undefined subroutine&quot; error not appear, and to<br>

&gt; instead&nbsp;likely result in an entirely different error from the Tcl call<br>

&gt; failing.<br>
</div><br>

<br>

Actually, the undefined subroutine is fully-qualified (<span style="font-family:courier new,courier,monospace;">main::bogus()</span>) and not something that Tcl::pTk&#39;s <span style="font-family:courier new,courier,monospace;">AUTOLOAD</span> will try to provide. What&#39;s happening is that the subroutine for the SlideSwitch <span style="font-family:courier new,courier,monospace;">-command</span> is never entered. That means there should be e.g. `<span style="font-family:courier new,courier,monospace;">Switch value is &#39;1&#39;</span>` printed at some point during the test. Maybe what&#39;s missing is an `<span style="font-family:courier new,courier,monospace;">$mw-&gt;after()</span>` statement that programmatically moves the SlideSwitch from 0 to 1.<br>

<br>

But even then the expected match is rather picky by requiring a forward slash (&#39;t/bgerror2.t&#39; and not e.g. &#39;.\t\bgerror2.t&#39; as it could be on Windows) and the exact line number (which I think poses a maintenance nuisance).</span>
</div></div>
    </div>
</div>
</div>
<div class="ticket-transaction people Set odd">
<div class="ticket-transaction">
  <div class="metadata">
    <span class="type">
      <a name="txn-1806976" href="/Public/Bug/Display.html?id=119754#txn-1806976">#</a>      
    </span>
    <span class="date">Wed&nbsp;Aug&nbsp;22&nbsp;08:39:39&nbsp;2018</span>
    <span class="description">CAC [...] cpan.org -  Taken</span>
    <span class="time-taken"></span>    <span class="actions hidden"></span>
  </div>
    <div class="content">
    </div>
</div>
</div>
<div class="ticket-transaction message Correspond even">
<div class="ticket-transaction">
  <div class="metadata">
    <span class="type">
      <a name="txn-1806977" href="/Public/Bug/Display.html?id=119754#txn-1806977">#</a>      
    </span>
    <span class="date">Wed&nbsp;Aug&nbsp;22&nbsp;08:41:31&nbsp;2018</span>
    <span class="description">CAC [...] cpan.org -  Correspondence added</span>
    <span class="time-taken"></span>    <span class="actions hidden"></span>
  </div>
    <div class="content">
      
<div class="downloadattachment">
<a href="/Ticket/Attachment/1806977/972627/">Download &#40;untitled&#41;</a> / <a href="/Ticket/Attachment/WithHeaders/972627">with headers</a>
<br />
<span class="downloadcontenttype">text/html 726b</span>
</div>
<div class="messagebody">
<div class="message-stanza"><span style="font-family:arial,helvetica,sans-serif;">I have added fixes for bgerror2.t and tkHijack_bgerror2.t in <a href="https://github.com/chrstphrchvz/perl-tcl-ptk/commit/202d9293cbb5b01084711a993c2b9a251085e684">commit 202d929</a>, so those should PASS in the next release. I also changed how expected errors are checked by not relying on hardcoded line numbers or filenames.</span>

<div>
	&nbsp;</div>


<div>
	<span style="font-family:arial,helvetica,sans-serif;">I&#39;m still not sure what might have caused fontAttr.t to fail, nor have found any FAIL reports on CPAN Testers for fontAttr.t. Is the failure still reproducible? I&#39;m inclined to close this as RESOLVED since Ubuntu 16.10 is unsupported.</span></div>


</div></div>
    </div>
</div>
</div>
<div class="ticket-transaction basics Status odd">
<div class="ticket-transaction">
  <div class="metadata">
    <span class="type">
      <a name="txn-1806980" href="/Public/Bug/Display.html?id=119754#txn-1806980">#</a>      
    </span>
    <span class="date">Wed&nbsp;Aug&nbsp;22&nbsp;08:41:32&nbsp;2018</span>
    <span class="description">CAC [...] cpan.org -  Status changed from &#39;open&#39; to &#39;patched&#39;</span>
    <span class="time-taken"></span>    <span class="actions hidden"></span>
  </div>
    <div class="content">
    </div>
</div>
</div>
<div class="ticket-transaction message Correspond even">
<div class="ticket-transaction">
  <div class="metadata">
    <span class="type">
      <a name="txn-1807199" href="/Public/Bug/Display.html?id=119754#txn-1807199">#</a>      
    </span>
    <span class="date">Fri&nbsp;Aug&nbsp;24&nbsp;04:33:58&nbsp;2018</span>
    <span class="description">CAC [...] cpan.org -  Correspondence added</span>
    <span class="time-taken"></span>    <span class="actions hidden"></span>
  </div>
    <div class="content">
      
<div class="downloadattachment">
<a href="/Ticket/Attachment/1807199/972730/">Download &#40;untitled&#41;</a> / <a href="/Ticket/Attachment/WithHeaders/972730">with headers</a>
<br />
<span class="downloadcontenttype">text/html 384b</span>
</div>
<div class="messagebody">
<div class="message-stanza"><span style="font-family:arial,helvetica,sans-serif;">After looking through more CPAN testers&#39; reports, bgerror2.t was not always failing as I would expect (similar to how it passed on my Mac a while back). So there&#39;s probably a false PASS issue in it as well; I have opened ticket <a href="https://rt.cpan.org/Ticket/Display.html?id=126934">#126934</a> regarding this.</span>
</div></div>
    </div>
</div>
</div>
<div class="ticket-transaction message Correspond odd">
<div class="ticket-transaction">
  <div class="metadata">
    <span class="type">
      <a name="txn-1821070" href="/Public/Bug/Display.html?id=119754#txn-1821070">#</a>      
    </span>
    <span class="date">Wed&nbsp;Nov&nbsp;21&nbsp;03:17:14&nbsp;2018</span>
    <span class="description">CAC [...] cpan.org -  Correspondence added</span>
    <span class="time-taken"></span>    <span class="actions hidden"></span>
  </div>
    <div class="content">
      
<div class="downloadattachment">
<a href="/Ticket/Attachment/1821070/979809/">Download &#40;untitled&#41;</a> / <a href="/Ticket/Attachment/WithHeaders/979809">with headers</a>
<br />
<span class="downloadcontenttype">text/html 1.7k</span>
</div>
<div class="messagebody">
<div class="message-stanza"><span style="font-family:arial,helvetica,sans-serif;"><span style="color:#0066cc;">On Wed Aug 22 07:41:31 2018, CAC wrote:<br>
<span
    class="message-stanza-folder closed"
    onclick="fold_message_stanza(this, 'Show\x20quoted\x20text', 'Hide\x20quoted\x20text');">Show quoted text</span><br /><div class="message-stanza closed">&gt; I&#39;m&nbsp;still not&nbsp;sure what might have caused fontAttr.t to fail, nor have found any<br>

&gt;&nbsp;FAIL reports&nbsp;on CPAN Testers for fontAttr.t. Is the failure still reproducible?</span><br>
</div><br>

I have managed to get platform-dependent failures for font.t that resemble the one you observed for fontAttr.t. Notably, the failures you observed involved for TkDefaultFont, which the previous Tcl::pTk maintainer encountered some issues with. However, the failures I observe are for Times, which is usually skipped unless on macOS because it doesn&#39;t accept substitutes like &quot;Times New Roman&quot;.<br>

<br>

For now I&#39;m inclined make any font size or measurement tests TODO, because I haven&#39;t found exactly how Tk will behave in these cases, nor whether this is due to a Tk bug. <a href="https://rt.cpan.org/Ticket/Display.html?id=58338#txn-836493">According to Perl/Tk&#39;s maintainer</a>, the font sizes were always given back in pixels. This does not seem to be the case for Tcl/Tk, where specifying e.g. &quot;Times -12 bold&quot; (negative size indicating pixels rather than points) will have size 12 (points) on macOS, which seems reasonable given 72 DPI scaling in use, but still not what font.t was expecting (-12, i.e. pixels). I have not yet found a way to get Tk to give back the size in a desired unit, and even when <span style="font-family:courier new,courier,monospace;">font actual</span> returns the size in the unit originally specified, it still doesn&#39;t always match the value specified (as what I think has happened on your machine), especially for larger font sizes.</span><br>


</div></div>
    </div>
</div>
</div>
</div>
    <hr class="clear" />
  </div>
</div>




</div>
 


  <hr class="clear" />
</div>
<p id="sponsors">
  This service is sponsored and maintained by
  <a href="http://bestpractical.com">Best Practical Solutions</a> and runs on
  <a href="http://noc.perl.org">Perl.org</a> infrastructure.
</p>

<p id="contact-info">
  Please report any issues with rt.cpan.org to <a href="mailto:rt-cpan-admin@bestpractical.com">rt-cpan-admin@bestpractical.com</a>.
</p>

<script>
  (function(i,s,o,g,r,a,m){i['GoogleAnalyticsObject']=r;i[r]=i[r]||function(){
  (i[r].q=i[r].q||[]).push(arguments)},i[r].l=1*new Date();a=s.createElement(o),
  m=s.getElementsByTagName(o)[0];a.async=1;a.src=g;m.parentNode.insertBefore(a,m)
  })(window,document,'script','//www.google-analytics.com/analytics.js','ga');

  ga('create', 'UA\x2D937849\x2D12');
  ga('send', 'pageview');
</script>

<div id="footer">
  <p id="time"><span>Time to display: 0.552651</span></p>
  <p id="bpscredits"><span>&#187;&#124;&#171; RT 4.0.18 Copyright 1996-2013 <a href="http://www.bestpractical.com?rt=4.0.18">Best Practical Solutions, LLC</a>.
</span></p>
</div>
  </body>
</html>
