CPAN: File::HomeDir loaded ok
CPAN: Storable loaded ok
Going to read /root/.cpan/Metadata
  Database was generated on Tue, 05 Jun 2007 02:10:20 GMT
Running install for module install
Running make for J/JU/JUNOS/junoscript-perl-6.4I0.tar.gz
CPAN: Digest::SHA loaded ok
CPAN: Compress::Zlib loaded ok
Checksum for /root/.cpan/sources/authors/id/J/JU/JUNOS/junoscript-perl-6.4I0.tar.gz ok
Scanning cache /root/.cpan/build for sizes
junoscript-perl-6.4I0/
junoscript-perl-6.4I0/lib/
junoscript-perl-6.4I0/lib/JUNOS/
junoscript-perl-6.4I0/lib/JUNOS/Access/
junoscript-perl-6.4I0/lib/JUNOS/Access/stubs.pm
junoscript-perl-6.4I0/lib/JUNOS/Access/clear_text.pm
junoscript-perl-6.4I0/lib/JUNOS/Access/ssh.pm
junoscript-perl-6.4I0/lib/JUNOS/Access/ssl.pm
junoscript-perl-6.4I0/lib/JUNOS/Access/xnm.pm
junoscript-perl-6.4I0/lib/JUNOS/Access/telnet.pm
junoscript-perl-6.4I0/lib/JUNOS/Access/rsh.pm
junoscript-perl-6.4I0/lib/JUNOS/Access.pm
junoscript-perl-6.4I0/lib/JUNOS/Methods.pm
junoscript-perl-6.4I0/lib/JUNOS/DOM/
junoscript-perl-6.4I0/lib/JUNOS/DOM/Parser.pm
junoscript-perl-6.4I0/lib/JUNOS/6.4I0/
junoscript-perl-6.4I0/lib/JUNOS/6.4I0/jkernel_methods.pl
junoscript-perl-6.4I0/lib/JUNOS/6.4I0/jroute_methods.pl
junoscript-perl-6.4I0/lib/JUNOS/6.4I0/jcrypto_methods.pl
junoscript-perl-6.4I0/lib/JUNOS/Response.pm
junoscript-perl-6.4I0/lib/JUNOS/version.pm
junoscript-perl-6.4I0/lib/JUNOS/Trace.pm
junoscript-perl-6.4I0/lib/JUNOS/Device.pm
junoscript-perl-6.4I0/examples/
junoscript-perl-6.4I0/examples/get_chassis_inventory/
junoscript-perl-6.4I0/examples/get_chassis_inventory/banner_logo.gif
junoscript-perl-6.4I0/examples/get_chassis_inventory/xsl/
junoscript-perl-6.4I0/examples/get_chassis_inventory/xsl/chassis_inventory_csv.xsl
junoscript-perl-6.4I0/examples/get_chassis_inventory/xsl/chassis_inventory_xml.xsl
junoscript-perl-6.4I0/examples/get_chassis_inventory/xsl/chassis_inventory_html.xsl
junoscript-perl-6.4I0/examples/get_chassis_inventory/get_chassis_inventory.pl
junoscript-perl-6.4I0/examples/RDB/
junoscript-perl-6.4I0/examples/RDB/README
junoscript-perl-6.4I0/examples/RDB/common.pm
junoscript-perl-6.4I0/examples/RDB/unpop_tables.pl
junoscript-perl-6.4I0/examples/RDB/get_config.pl
junoscript-perl-6.4I0/examples/RDB/pop_tables.pl
junoscript-perl-6.4I0/examples/RDB/make_tables.pl
junoscript-perl-6.4I0/examples/load_configuration/
junoscript-perl-6.4I0/examples/load_configuration/requests/
junoscript-perl-6.4I0/examples/load_configuration/requests/set_login_user_foo.xml
junoscript-perl-6.4I0/examples/load_configuration/requests/set_login_class_bar.xml
junoscript-perl-6.4I0/examples/load_configuration/load_configuration.pl
junoscript-perl-6.4I0/examples/diagnose_bgp/
junoscript-perl-6.4I0/examples/diagnose_bgp/js/
junoscript-perl-6.4I0/examples/diagnose_bgp/js/sorttable.js
junoscript-perl-6.4I0/examples/diagnose_bgp/xsl/
junoscript-perl-6.4I0/examples/diagnose_bgp/xsl/text.xsl
junoscript-perl-6.4I0/examples/diagnose_bgp/xsl/html.xsl
junoscript-perl-6.4I0/examples/diagnose_bgp/xsl/dhtml.xsl
junoscript-perl-6.4I0/examples/diagnose_bgp/diagnose_bgp.pl
junoscript-perl-6.4I0/banner_logo.gif
junoscript-perl-6.4I0/MANIFEST
junoscript-perl-6.4I0/CHANGES
junoscript-perl-6.4I0/to_topg.gif
junoscript-perl-6.4I0/install.pm
junoscript-perl-6.4I0/Makefile.PL
junoscript-perl-6.4I0/README
junoscript-perl-6.4I0/install-prereqs.pl
junoscript-perl-6.4I0/README.html
junoscript-perl-6.4I0/required-mod.pl
junoscript-perl-6.4I0/access/
junoscript-perl-6.4I0/access/ssh.pm
junoscript-perl-6.4I0/access/ssl.pm
junoscript-perl-6.4I0/t/
junoscript-perl-6.4I0/t/base-1.t
junoscript-perl-6.4I0/t/base-2.t
Removing previously used /root/.cpan/build/junoscript-perl-6.4I0

  CPAN.pm: Going to build J/JU/JUNOS/junoscript-perl-6.4I0.tar.gz

Checking if your kit is complete...
Looks good
Writing Makefile for junoscript-perl
cp lib/JUNOS/Access/clear_text.pm blib/lib/JUNOS/Access/clear_text.pm
cp lib/JUNOS/Access/stubs.pm blib/lib/JUNOS/Access/stubs.pm
cp lib/JUNOS/Methods.pm blib/lib/JUNOS/Methods.pm
cp lib/JUNOS/Access.pm blib/lib/JUNOS/Access.pm
cp lib/JUNOS/Response.pm blib/lib/JUNOS/Response.pm
cp lib/JUNOS/Access/ssh.pm blib/lib/JUNOS/Access/ssh.pm
cp lib/JUNOS/Device.pm blib/lib/JUNOS/Device.pm
cp lib/JUNOS/6.4I0/jkernel_methods.pl blib/lib/JUNOS/6.4I0/jkernel_methods.pl
cp lib/JUNOS/version.pm blib/lib/JUNOS/version.pm
cp lib/JUNOS/6.4I0/jcrypto_methods.pl blib/lib/JUNOS/6.4I0/jcrypto_methods.pl
cp lib/JUNOS/Trace.pm blib/lib/JUNOS/Trace.pm
cp lib/JUNOS/Access/xnm.pm blib/lib/JUNOS/Access/xnm.pm
cp lib/JUNOS/6.4I0/jroute_methods.pl blib/lib/JUNOS/6.4I0/jroute_methods.pl
cp lib/JUNOS/Access/ssl.pm blib/lib/JUNOS/Access/ssl.pm
cp lib/JUNOS/Access/rsh.pm blib/lib/JUNOS/Access/rsh.pm
cp lib/JUNOS/Access/telnet.pm blib/lib/JUNOS/Access/telnet.pm
cp lib/JUNOS/DOM/Parser.pm blib/lib/JUNOS/DOM/Parser.pm
Manifying blib/man3/JUNOS::Access::clear_text.3pm
Manifying blib/man3/JUNOS::Access::stubs.3pm
Manifying blib/man3/JUNOS::Methods.3pm
Manifying blib/man3/JUNOS::Access.3pm
Manifying blib/man3/JUNOS::Access::ssh.3pm
Manifying blib/man3/JUNOS::Response.3pm
Manifying blib/man3/JUNOS::Access::ssl.3pm
Manifying blib/man3/JUNOS::Access::rsh.3pm
Manifying blib/man3/JUNOS::Device.3pm
Manifying blib/man3/JUNOS::Access::telnet.3pm
Manifying blib/man3/JUNOS::Access::xnm.3pm
Manifying blib/man3/JUNOS::Trace.3pm
Manifying blib/man3/JUNOS::DOM::Parser.3pm
  /usr/bin/make  -- OK
Running make test
PERL_DL_NONLAZY=1 /usr/bin/perl "-MExtUtils::Command::MM" "-e" "test_harness(0, 'blib/lib', 'blib/arch')" t/*.t
t/base-1....Use of uninitialized value in numeric eq (==) at /usr/lib/perl5/vendor_perl/5.8.5/XML/DOM.pm line 4396.
Use of uninitialized value in numeric eq (==) at /usr/lib/perl5/vendor_perl/5.8.5/XML/DOM.pm line 4396.
Use of uninitialized value in numeric eq (==) at /usr/lib/perl5/vendor_perl/5.8.5/XML/DOM.pm line 4396.
ok
t/base-2....Use of uninitialized value in numeric eq (==) at /usr/lib/perl5/vendor_perl/5.8.5/XML/DOM.pm line 4396.
Use of uninitialized value in concatenation (.) or string at /root/.cpan/build/junoscript-perl-6.4I0/blib/lib/JUNOS/Response.pm line 93.
Use of uninitialized value in numeric eq (==) at /usr/lib/perl5/vendor_perl/5.8.5/XML/DOM.pm line 4396.
ok
All tests successful.
Files=2, Tests=12,  1 wallclock secs ( 0.43 cusr +  0.11 csys =  0.54 CPU)
  /usr/bin/make test -- OK
Running make install
Manifying blib/man3/JUNOS::Access::clear_text.3pm
Manifying blib/man3/JUNOS::Access::stubs.3pm
Manifying blib/man3/JUNOS::Methods.3pm
Manifying blib/man3/JUNOS::Access.3pm
Manifying blib/man3/JUNOS::Access::ssh.3pm
Manifying blib/man3/JUNOS::Response.3pm
Manifying blib/man3/JUNOS::Access::ssl.3pm
Manifying blib/man3/JUNOS::Access::rsh.3pm
Manifying blib/man3/JUNOS::Device.3pm
Manifying blib/man3/JUNOS::Access::telnet.3pm
Manifying blib/man3/JUNOS::Access::xnm.3pm
Manifying blib/man3/JUNOS::Trace.3pm
Manifying blib/man3/JUNOS::DOM::Parser.3pm
Writing /usr/lib64/perl5/site_perl/5.8.5/x86_64-linux-thread-multi/auto/junoscript-perl/.packlist
Appending installation info to /usr/lib64/perl5/5.8.5/x86_64-linux-thread-multi/perllocal.pod
  /usr/bin/make install  -- OK
Running install for module WWW::Myspace
Running make for G/GR/GRANTG/WWW-Myspace-0.64.tar.gz
Checksum for /root/.cpan/sources/authors/id/G/GR/GRANTG/WWW-Myspace-0.64.tar.gz ok
WWW-Myspace-0.64/
WWW-Myspace-0.64/Changes
WWW-Myspace-0.64/date.patch
WWW-Myspace-0.64/lib/
WWW-Myspace-0.64/lib/WWW/
WWW-Myspace-0.64/lib/WWW/Myspace/
WWW-Myspace-0.64/lib/WWW/Myspace/Comment.pm
WWW-Myspace-0.64/lib/WWW/Myspace/Data.pm
WWW-Myspace-0.64/lib/WWW/Myspace/FriendAdder.pm
WWW-Myspace-0.64/lib/WWW/Myspace/FriendChanges.pm
WWW-Myspace-0.64/lib/WWW/Myspace/Message.pm
WWW-Myspace-0.64/lib/WWW/Myspace/MyBase.pm
WWW-Myspace-0.64/lib/WWW/Myspace.pm
WWW-Myspace-0.64/Makefile.PL
WWW-Myspace-0.64/MANIFEST
WWW-Myspace-0.64/META.yml
WWW-Myspace-0.64/mysql.txt
WWW-Myspace-0.64/mysql_changes.txt
WWW-Myspace-0.64/README
WWW-Myspace-0.64/sample_scripts/
WWW-Myspace-0.64/sample_scripts/already_commented
WWW-Myspace-0.64/sample_scripts/approve_friends
WWW-Myspace-0.64/sample_scripts/browse
WWW-Myspace-0.64/sample_scripts/check_notifications
WWW-Myspace-0.64/sample_scripts/cleanup_inbox
WWW-Myspace-0.64/sample_scripts/cool_new_people
WWW-Myspace-0.64/sample_scripts/delete_friend
WWW-Myspace-0.64/sample_scripts/delete_message
WWW-Myspace-0.64/sample_scripts/friend_changes
WWW-Myspace-0.64/sample_scripts/friends_in_group
WWW-Myspace-0.64/sample_scripts/get_friend_page
WWW-Myspace-0.64/sample_scripts/get_friends
WWW-Myspace-0.64/sample_scripts/get_inbox
WWW-Myspace-0.64/sample_scripts/get_login_form
WWW-Myspace-0.64/sample_scripts/last_login
WWW-Myspace-0.64/sample_scripts/post_blog
WWW-Myspace-0.64/sample_scripts/post_comment
WWW-Myspace-0.64/sample_scripts/read_message
WWW-Myspace-0.64/sample_scripts/search_music
WWW-Myspace-0.64/sample_scripts/send_all
WWW-Myspace-0.64/sample_scripts/send_event_invitations
WWW-Myspace-0.64/sample_scripts/send_friend_request
WWW-Myspace-0.64/sample_scripts/send_group_invitations
WWW-Myspace-0.64/sample_scripts/send_message
WWW-Myspace-0.64/sample_scripts/set_random_photo
WWW-Myspace-0.64/sample_scripts/test_message
WWW-Myspace-0.64/sample_scripts/todo
WWW-Myspace-0.64/scripts/
WWW-Myspace-0.64/scripts/add_friends
WWW-Myspace-0.64/scripts/approve_friends
WWW-Myspace-0.64/scripts/comment_myspace
WWW-Myspace-0.64/scripts/message_group
WWW-Myspace-0.64/t/
WWW-Myspace-0.64/t/00-load.t
WWW-Myspace-0.64/t/01-login.t
WWW-Myspace-0.64/t/02-dual.t
WWW-Myspace-0.64/t/03-delete.t
WWW-Myspace-0.64/t/04-approve.t
WWW-Myspace-0.64/t/05-message.t
WWW-Myspace-0.64/t/06-comment.t
WWW-Myspace-0.64/t/07-friend_adder.t
WWW-Myspace-0.64/t/08-cool_new_people.t
WWW-Myspace-0.64/t/09-data.t
WWW-Myspace-0.64/t/10-mybase.t
WWW-Myspace-0.64/t/11-badlogin.t
WWW-Myspace-0.64/t/12-bulletin.t
WWW-Myspace-0.64/t/13-blog.t
WWW-Myspace-0.64/t/14-photos.t
WWW-Myspace-0.64/t/15-profile_views.t
WWW-Myspace-0.64/t/16-myspace.t
WWW-Myspace-0.64/t/99-enduser.t
WWW-Myspace-0.64/t/boilerplate.t
WWW-Myspace-0.64/t/config.yaml
WWW-Myspace-0.64/t/friend_adder.cfg
WWW-Myspace-0.64/t/friend_adder.yml
WWW-Myspace-0.64/t/pod-coverage.t
WWW-Myspace-0.64/t/pod.t
WWW-Myspace-0.64/t/TestConfig.pm
Removing previously used /root/.cpan/build/WWW-Myspace-0.64

  CPAN.pm: Going to build G/GR/GRANTG/WWW-Myspace-0.64.tar.gz

Checking if your kit is complete...
Looks good
Writing Makefile for WWW::Myspace
CPAN: YAML loaded ok
cp lib/WWW/Myspace/MyBase.pm blib/lib/WWW/Myspace/MyBase.pm
cp lib/WWW/Myspace.pm blib/lib/WWW/Myspace.pm
cp lib/WWW/Myspace/FriendChanges.pm blib/lib/WWW/Myspace/FriendChanges.pm
cp lib/WWW/Myspace/Message.pm blib/lib/WWW/Myspace/Message.pm
cp lib/WWW/Myspace/Data.pm blib/lib/WWW/Myspace/Data.pm
cp lib/WWW/Myspace/FriendAdder.pm blib/lib/WWW/Myspace/FriendAdder.pm
cp lib/WWW/Myspace/Comment.pm blib/lib/WWW/Myspace/Comment.pm
cp scripts/approve_friends blib/script/approve_friends
/usr/bin/perl "-MExtUtils::MY" -e "MY->fixin(shift)" blib/script/approve_friends
cp scripts/add_friends blib/script/add_friends
/usr/bin/perl "-MExtUtils::MY" -e "MY->fixin(shift)" blib/script/add_friends
cp scripts/comment_myspace blib/script/comment_myspace
/usr/bin/perl "-MExtUtils::MY" -e "MY->fixin(shift)" blib/script/comment_myspace
cp scripts/message_group blib/script/message_group
/usr/bin/perl "-MExtUtils::MY" -e "MY->fixin(shift)" blib/script/message_group
Manifying blib/man1/approve_friends.1
Manifying blib/man1/add_friends.1
Manifying blib/man1/comment_myspace.1
Manifying blib/man1/message_group.1
Manifying blib/man3/WWW::Myspace::MyBase.3pm
Manifying blib/man3/WWW::Myspace.3pm
Manifying blib/man3/WWW::Myspace::FriendChanges.3pm
Manifying blib/man3/WWW::Myspace::Data.3pm
Manifying blib/man3/WWW::Myspace::Message.3pm
Manifying blib/man3/WWW::Myspace::Comment.3pm
Manifying blib/man3/WWW::Myspace::FriendAdder.3pm
  /usr/bin/make  -- OK
Running make test
PERL_DL_NONLAZY=1 /usr/bin/perl "-MExtUtils::Command::MM" "-e" "test_harness(0, 'blib/lib', 'blib/arch')" t/*.t
t/00-load...............Use of uninitialized value in hash element at /usr/lib/perl5/site_perl/5.8.5/Locale/SubCountry.pm line 439, <DATA> line 15048.
# Testing WWW::Myspace 0.64, Perl 5.008005, /usr/bin/perl
ok
t/01-login..............Use of uninitialized value in hash element at /usr/lib/perl5/site_perl/5.8.5/Locale/SubCountry.pm line 439, <DATA> line 15048.
# Running tests without login.  If you want to run the full test
# suite (not required), see the README file that came with the
# distribution.

#   Failed test 'is_band identifies band profile correctly'
#   at t/01-login.t line 29.
#          got: '-1'
#     expected: '1'

#   Failed test 'is_band identifies 3rd party non-band profile correctly'
#   at t/01-login.t line 31.
#          got: '-1'
#     expected: '0'
Can't call method "content" on an undefined value at /root/.cpan/build/WWW-Myspace-0.64/blib/lib/WWW/Myspace.pm line 1209.
# Looks like you planned 19 tests but only ran 10.
# Looks like you failed 2 tests of 10 run.
# Looks like your test died just after 10.
dubious
	Test returned status 255 (wstat 65280, 0xff00)
DIED. FAILED tests 2-3, 11-19
	Failed 11/19 tests, 42.11% okay (less 7 skipped tests: 1 okay, 5.26%)
t/02-dual...............Use of uninitialized value in hash element at /usr/lib/perl5/site_perl/5.8.5/Locale/SubCountry.pm line 439, <DATA> line 15048.
ok
        2/2 skipped: various reasons
t/03-delete.............Use of uninitialized value in hash element at /usr/lib/perl5/site_perl/5.8.5/Locale/SubCountry.pm line 439, <DATA> line 15048.
ok
        2/2 skipped: various reasons
t/04-approve............Use of uninitialized value in hash element at /usr/lib/perl5/site_perl/5.8.5/Locale/SubCountry.pm line 439, <DATA> line 15048.
ok
        2/2 skipped: various reasons
t/05-message............Use of uninitialized value in hash element at /usr/lib/perl5/site_perl/5.8.5/Locale/SubCountry.pm line 439, <DATA> line 15048.
ok
        26/26 skipped: various reasons
t/06-comment............Use of uninitialized value in hash element at /usr/lib/perl5/site_perl/5.8.5/Locale/SubCountry.pm line 439, <DATA> line 15048.
ok
        1/1 skipped: various reasons
t/07-friend_adder.......Use of uninitialized value in hash element at /usr/lib/perl5/site_perl/5.8.5/Locale/SubCountry.pm line 439, <DATA> line 15048.
ok
        1/8 skipped: various reasons
t/08-cool_new_people....Use of uninitialized value in hash element at /usr/lib/perl5/site_perl/5.8.5/Locale/SubCountry.pm line 439, <DATA> line 15048.

#   Failed test 'cool_new_people returned more than 10 IDs'
#   at t/08-cool_new_people.t line 20.
#     '0'
#         >
#     '10'
# Looks like you failed 1 test of 2.
dubious
	Test returned status 1 (wstat 256, 0x100)
DIED. FAILED test 1
	Failed 1/2 tests, 50.00% okay
t/09-data...............Use of uninitialized value in hash element at /usr/lib/perl5/site_perl/5.8.5/Locale/SubCountry.pm line 439, <DATA> line 15048.
ok
        6/14 skipped: various reasons
t/10-mybase.............Use of uninitialized value in hash element at /usr/lib/perl5/site_perl/5.8.5/Locale/SubCountry.pm line 439, <DATA> line 15048.
ok
t/11-badlogin...........Use of uninitialized value in hash element at /usr/lib/perl5/site_perl/5.8.5/Locale/SubCountry.pm line 439, <DATA> line 15048.
Page doesn't match verification pattern.

#   Failed test 'site_login bad username/password handling'
#   at t/11-badlogin.t line 13.
# Looks like you failed 1 test of 1.
dubious
	Test returned status 1 (wstat 256, 0x100)
DIED. FAILED test 1
	Failed 1/1 tests, 0.00% okay
t/12-bulletin...........Use of uninitialized value in hash element at /usr/lib/perl5/site_perl/5.8.5/Locale/SubCountry.pm line 439, <DATA> line 15048.
ok
        1/1 skipped: various reasons
t/13-blog...............Use of uninitialized value in hash element at /usr/lib/perl5/site_perl/5.8.5/Locale/SubCountry.pm line 439, <DATA> line 15048.
ok
        1/1 skipped: various reasons
t/14-photos.............Use of uninitialized value in hash element at /usr/lib/perl5/site_perl/5.8.5/Locale/SubCountry.pm line 439, <DATA> line 15048.
ok
        1/3 skipped: various reasons
t/15-profile_views......Use of uninitialized value in hash element at /usr/lib/perl5/site_perl/5.8.5/Locale/SubCountry.pm line 439, <DATA> line 15048.

#   Failed test 'got friend id: '
#   at t/15-profile_views.t line 16.
Use of uninitialized value in concatenation (.) or string at t/15-profile_views.t line 19, <DATA> line 22011.

#   Failed test 'got  profile views'
#   at t/15-profile_views.t line 19.

#   Failed test 'got a page from friend_id'
#   at t/15-profile_views.t line 22.
You must provide either a friend_id or a response object at /root/.cpan/build/WWW-Myspace-0.64/blib/lib/WWW/Myspace.pm line 5717, <DATA> line 22011.
# Looks like you planned 7 tests but only ran 3.
# Looks like you failed 3 tests of 3 run.
# Looks like your test died just after 3.
dubious
	Test returned status 255 (wstat 65280, 0xff00)
DIED. FAILED tests 1-7
	Failed 7/7 tests, 0.00% okay
t/16-myspace............Use of uninitialized value in hash element at /usr/lib/perl5/site_perl/5.8.5/Locale/SubCountry.pm line 439, <DATA> line 15048.

#   Failed test 'this profile disabled'
#   at t/16-myspace.t line 24.

#   Failed test 'fetched Choclair page'
#   at t/16-myspace.t line 27.
You must provide either a friend_id or a response object at /root/.cpan/build/WWW-Myspace-0.64/blib/lib/WWW/Myspace.pm line 5717, <DATA> line 22011.
# Looks like you planned 14 tests but only ran 9.
# Looks like you failed 2 tests of 9 run.
# Looks like your test died just after 9.
dubious
	Test returned status 255 (wstat 65280, 0xff00)
DIED. FAILED tests 8-14
	Failed 7/14 tests, 50.00% okay
t/99-enduser............Use of uninitialized value in hash element at /usr/lib/perl5/site_perl/5.8.5/Locale/SubCountry.pm line 439, <DATA> line 15048.
ok
        1/1 skipped: various reasons
t/boilerplate...........ok
t/pod-coverage..........skipped
        all skipped: Test::Pod::Coverage 1.04 required for testing POD coverage
t/pod...................skipped
        all skipped: Test::Pod 1.14 required for testing POD
Failed Test            Stat Wstat Total Fail  List of Failed
-------------------------------------------------------------------------------
t/01-login.t            255 65280    19   20  2-3 11-19
t/08-cool_new_people.t    1   256     2    1  1
t/11-badlogin.t           1   256     1    1  1
t/15-profile_views.t    255 65280     7   11  1-7
t/16-myspace.t          255 65280    14   12  8-14
2 tests and 51 subtests skipped.
Failed 5/21 test scripts. 27/117 subtests failed.
Files=21, Tests=117, 740 wallclock secs (12.07 cusr +  1.07 csys = 13.14 CPU)
Failed 5/21 test programs. 27/117 subtests failed.
make: *** [test_dynamic] Error 255
  /usr/bin/make test -- NOT OK
Running make install
  make test had returned bad status, won't install without force
