<!DOCTYPE html>

<html lang="en">
  <head>
    <title>Bug #56369 for Convert-Binary-C: nmake test fails on 64-bit version of Perl on Windows 7</title>
    <meta http-equiv="X-UA-Compatible" content="IE=edge" />
    <!-- The X-UA-Compatible <meta> tag above must be very early in <head> -->

    <script>
if (window.top !== window.self) {
    document.write = "";

    window.top.location = window.self.location;

    setTimeout(function(){
        document.body.innerHTML = "";
    }, 1);

    window.self.onload = function(){
        document.body.innerHTML = "";
    };
}
</script>



<link rel="shortcut icon" href="/NoAuth/images/favicon.png" type="image/png" />
<link rel="stylesheet" href="/NoAuth/css/aileron-squished-00f758259152f8b6670ee485f462e6b8.css" type="text/css" media="all" />
<link rel="stylesheet" href="/NoAuth/css/print.css" type="text/css" media="print" />




<script type="text/javascript" src="/NoAuth/js/squished-42167f2409ce368da2d31038e5cb2a57.js"></script>

<script type="text/javascript"><!--
	jQuery( loadTitleBoxStates );

--></script>


<!--[if lt IE 8]>
<link rel="stylesheet" href="/NoAuth/css/aileron/msie.css" type="text/css" media="all" />
<![endif]-->
<!--[if lt IE 7]>
<link rel="stylesheet" href="/NoAuth/css/aileron/msie6.css" type="text/css" media="all" />
<![endif]-->
<script type="text/javascript">
jQuery(document).ready(function(){
    jQuery.fn.supersubs.defaults = {
        maxWidth: 30,
        extraWidth: 2
    };

    jQuery("#app-nav.toplevel").addClass('sf-menu sf-js-enabled sf-shadow').supersubs().superfish({ speed: 'fast' });
    jQuery("#page-menu.toplevel").addClass('sf-menu sf-js-enabled').supersubs().superfish({ dropShadows: false, speed: 'fast' }).supposition();
});
</script>


<!-- Site CSS from theme editor -->
<style type="text/css" media="all" id="sitecss">
</style>

<meta name="google-site-verification" content="kD3-uEJK1AkTqaC-rckcSt_HPkAj674DPPuEN6i-y0g" />

</head>
  <body class="aileron sidebyside" id="comp-Public-Bug-Display">

<div id="logo">
<a href="/"><img
    src="/NoAuth/images/cpan.png"
    alt="CPAN"
    width="181"
    height="38" /></a>
    <span class="rtname">RT for rt.cpan.org</span>
</div>


<div id="quickbar">
  <div id="quick-personal">
    <span class="hide"><a href="#skipnav">Skip Menu</a> | </span>
</div>

</div>
<div id="header"><h1>Bug #56369 for Convert-Binary-C: nmake test fails on 64-bit version of Perl on Windows 7</h1></div>



<div id="page-navigation"><ul id="page-menu" class="toplevel">
 <li id="li-page-active_bugs"><a id="page-active_bugs" class="menu-item " href="/Public/Dist/Convert-Binary-C/Active/">Active bugs</a></li>
 <li id="li-page-resolved_bugs"><a id="page-resolved_bugs" class="menu-item " href="/Public/Dist/Convert-Binary-C/Resolved/">Resolved bugs</a></li>
 <li id="li-page-rejected_bugs"><a id="page-rejected_bugs" class="menu-item " href="/Public/Dist/Convert-Binary-C/Rejected/">Rejected bugs</a></li>
 <li id="li-page-report"><a id="page-report" class="menu-item " href="/Public/Dist/Convert-Binary-C/Active/"></a></li>
</ul></div>
<div id="topactions">



</div>
<div id="body">


<a name="skipnav" id="skipnav" accesskey="8"></a>





<p>This queue is for tickets about the <a href="https://metacpan.org/release/Convert-Binary-C">Convert-Binary-C CPAN distribution</a>.</p>





<div class="">
  <div class="titlebox" id="">
  <div class="titlebox-title">
    <span class="widget"><a href="#" onclick="return rollup('TitleBox\x2D\x2D\x5FPublic\x5FBug\x5FDisplay\x5Fhtml\x2D\x2D\x2D\x2D\x2D\x2DUmVwb3J0IGluZm9ybWF0aW9u\x2D\x2D\x2D0');" title="Toggle visibility"></a></span>
    <span class="left">Report information</span>
    <span class="right-empty">		    </span>
  </div>
  <div class="titlebox-content " id="TitleBox--_Public_Bug_Display_html------UmVwb3J0IGluZm9ybWF0aW9u---0">


<table width="100%" class="ticket-summary">
<tr>
  <td valign="top" class="boxcontainer">
    <div class="ticket-info-basics">
  <div class="titlebox ticket-info-basics " id="">
  <div class="titlebox-title">
    <span class="widget"><a href="#" onclick="return rollup('TitleBox\x2D\x2D\x5FPublic\x5FBug\x5FDisplay\x5Fhtml\x2D\x2Dticket\x2Dinfo\x2Dbasics\x2D\x2D\x2D\x2DVGhlIEJhc2ljcw\x5F\x5F\x2D\x2D\x2D0');" title="Toggle visibility"></a></span>
    <span class="left">The Basics</span>
    <span class="right-empty">		    </span>
  </div>
  <div class="titlebox-content " id="TitleBox--_Public_Bug_Display_html--ticket-info-basics----VGhlIEJhc2ljcw__---0">


        <table>
  <tr class="id">
    <td class="label">Id:</td>
    <td class="value">56369</td>
  </tr>
  <tr class="status">
    <td class="label">Status:</td>
    <td class="value">resolved</td>
  </tr>
  <tr class="priority">
    <td class="label">Priority:</td>
    <td class="value">0/
</td>
  </tr>
  <tr class="queue">
    <td class="label">Queue:</td>
    <td class="value"><a href="/Public/Dist/Convert-Binary-C/Active/">Convert-Binary-C</a>
</td>
  </tr>
</table>

        <hr class="clear" />
  </div>
</div>




</div>


    <div class="ticket-info-people">
  <div class="titlebox ticket-info-people " id="">
  <div class="titlebox-title">
    <span class="widget"><a href="#" onclick="return rollup('TitleBox\x2D\x2D\x5FPublic\x5FBug\x5FDisplay\x5Fhtml\x2D\x2Dticket\x2Dinfo\x2Dpeople\x2D\x2D\x2D\x2DUGVvcGxl\x2D\x2D\x2D0');" title="Toggle visibility"></a></span>
    <span class="left">People</span>
    <span class="right-empty">		    </span>
  </div>
  <div class="titlebox-content " id="TitleBox--_Public_Bug_Display_html--ticket-info-people----UGVvcGxl---0">


        <table>
  <tr>
    <td class="label">Owner:</td>
    <td class="value">Nobody in particular
    
    </td>
  </tr>
  <tr>
    <td class="labeltop">Requestors:</td>
    <td class="value">
aivaturi [...] cpan.org

<br />

</td>
  </tr>
  <tr>
    <td class="labeltop">Cc:</td>
    <td class="value">

</td>
  </tr>
  <tr>
    <td class="labeltop">AdminCc:</td>
    <td class="value">

</td>
  </tr>
</table>

        <hr class="clear" />
  </div>
</div>




</div>



  </td>
  <td valign="top" class="boxcontainer">
    
    <div class="ticket-info-cfs">
  <div class="titlebox ticket-info-cfs " id="">
  <div class="titlebox-title">
    <span class="widget"><a href="#" onclick="return rollup('TitleBox\x2D\x2D\x5FPublic\x5FBug\x5FDisplay\x5Fhtml\x2D\x2Dticket\x2Dinfo\x2Dcfs\x2D\x2D\x2D\x2DQnVnIEluZm9ybWF0aW9u\x2D\x2D\x2D0');" title="Toggle visibility"></a></span>
    <span class="left">Bug Information</span>
    <span class="right-empty">		    </span>
  </div>
  <div class="titlebox-content " id="TitleBox--_Public_Bug_Display_html--ticket-info-cfs----QnVnIEluZm9ybWF0aW9u---0">

 
        <table>
  <tr id="CF-1-ShowRow">
    <td class="label">Severity:</td>
    <td class="value">
Important    </td>
  </tr>
  <tr id="CF-7934-ShowRow">
    <td class="label">Broken in:</td>
    <td class="value">
0.74    </td>
  </tr>
  <tr id="CF-7935-ShowRow">
    <td class="label">Fixed in:</td>
    <td class="value">
<i>(no value)</i>
    </td>
  </tr>
</table>


        <hr class="clear" />
  </div>
</div>




</div>


    
</div>




</div>







  </td>
</tr>
</table>

    <hr class="clear" />
  </div>
</div>




</div>


<br />


<div class="history">
<div class="titlebox" id="">
  <div class="titlebox-title">
    <span class="widget"><a href="#" onclick="return rollup('TitleBox\x2D\x2D\x5FPublic\x5FBug\x5FDisplay\x5Fhtml\x2D\x2D\x2D\x2D\x2D\x2DSGlzdG9yeQ\x5F\x5F\x2D\x2D\x2D0');" title="Toggle visibility"></a></span>
    <span class="left">History</span>
    <span class="right">		<a href="#" data-direction="open" onclick="return toggle_all_folds(this, 'Show\x20all\x20quoted\x20text', 'Hide\x20all\x20quoted\x20text');">Show all quoted text</a>    </span>
  </div>
  <div class="titlebox-content " id="TitleBox--_Public_Bug_Display_html------SGlzdG9yeQ__---0">


<div id="ticket-history">
<div class="ticket-transaction message Create odd">
<div class="ticket-transaction">
  <div class="metadata">
    <span class="type">
      &nbsp;      
    </span>
    <span class="date">Wed&nbsp;Apr&nbsp;07&nbsp;20:09:49&nbsp;2010</span>
    <span class="description">aivaturi [...] cpan.org -  Ticket created</span>
    <span class="time-taken"></span>    <span class="actions hidden"></span>
  </div>
    <div class="content">
      
<table>
  <tr>
    <td align="right" class="message-header-key">Subject:</td>
    <td class="message-header-value"> nmake test fails on 64-bit version of Perl on Windows 7</td>
  </tr>
</table>

<div class="messagebody">
<div class="message-stanza plain-text-white-space">I was trying to install this module on a Windows 7 64-bit platform with
64-bit version of Perl installed. &#34;nmake&#34; was successful but &#34;nmake
test&#34; fails with the Perl crashing multiple times. Here is the output of
the &#34;nmake test&#34; commnad:

Microsoft &#40;R&#41; Program Maintenance Utility Version 8.00.50727.762
Copyright &#40;C&#41; Microsoft Corporation.  All rights reserved.

        C:\Perl64\bin\perl.exe &#34;-Iblib\lib&#34; &#34;-Iblib\arch&#34; test.pl
Can&#39;t find string terminator &#34;&#39;&#34; anywhere before EOF at -e line 1.
Argument &#34;&#34; isn&#39;t numeric in numeric ge &#40;&gt;=&#41; at test.pl line 40.
tests/001_init............ok
tests/101_basic...........dubious
        Test returned status 5 &#40;wstat 1280, 0x500&#41;
tests/201_config..........ok
        1/2070 skipped: no debugging
tests/202_misc............dubious
        Test returned status 5 &#40;wstat 1280, 0x500&#41;
DIED. FAILED tests 2-207
        Failed 206/207 tests, 0.48% okay
tests/203_warnings........dubious
        Test returned status 5 &#40;wstat 1280, 0x500&#41;
DIED. FAILED tests 110-7302
        Failed 7193/7302 tests, 1.49% okay
tests/204_enum............ok
tests/205_pack............ok
tests/206_parse...........dubious
        Test returned status 5 &#40;wstat 1280, 0x500&#41;
DIED. FAILED tests 9-116
        Failed 108/116 tests, 6.90% okay
tests/207_typedef.........ok
tests/208_float...........ok
tests/209_sourcify........dubious
        Test returned status 5 &#40;wstat 1280, 0x500&#41;
DIED. FAILED tests 2-98
        Failed 97/98 tests, 1.02% okay
tests/210_depend..........dubious
        Test returned status 5 &#40;wstat 1280, 0x500&#41;
DIED. FAILED tests 2-483
        Failed 482/483 tests, 0.21% okay
tests/211_clone...........dubious
        Test returned status 5 &#40;wstat 1280, 0x500&#41;
DIED. FAILED tests 5-35
        Failed 31/35 tests, 11.43% okay
tests/212_clean...........ok
tests/213_string..........ok
tests/214_cache...........dubious
        Test returned status 5 &#40;wstat 1280, 0x500&#41;
DIED. FAILED tests 18-72
        Failed 55/72 tests, 23.61% okay
tests/215_local...........dubious
        Test returned status 5 &#40;wstat 1280, 0x500&#41;
DIED. FAILED test 10
        Failed 1/10 tests, 90.00% okay
tests/216_language........ok
tests/217_preproc.........dubious
        Test returned status 5 &#40;wstat 1280, 0x500&#41;
DIED. FAILED tests 5-37
        Failed 33/37 tests, 10.81% okay
tests/218_member..........dubious
        Test returned status 5 &#40;wstat 1280, 0x500&#41;
DIED. FAILED tests 167-1907
        Failed 1741/1907 tests, 8.70% okay
tests/219_def.............ok
tests/220_new.............ok
tests/221_asm.............ok
tests/222_ieee............ok
tests/223_initializer.....dubious
        Test returned status 5 &#40;wstat 1280, 0x500&#41;
DIED. FAILED tests 2-27
        Failed 26/27 tests, 3.70% okay
tests/224_typeof..........ok
tests/225_magic...........ok
tests/226_indexed.........ok
        33/45 skipped: member ordering requires indexed hashes
tests/227_flexarray.......ok
tests/228_hooks...........ok
tests/229_substr..........ok
tests/230_compiler........ok
tests/231_align...........ok
tests/232_native..........ok
tests/233_tags............ok
tests/234_format..........ok
tests/235_basic...........ok
tests/236_typeinfo........ok
tests/237_parser..........ok
tests/238_byteorder.......ok
tests/239_macros..........dubious
        Test returned status 5 &#40;wstat 1280, 0x500&#41;
DIED. FAILED tests 13-54
        Failed 42/54 tests, 22.22% okay
tests/240_offsetof........ok
tests/241_sizeof..........ok
tests/242_dimension.......ok
tests/243_parser..........ok
tests/501_bfsimple........ok
tests/502_bfmicrosoft.....dubious
        Test returned status 5 &#40;wstat 1280, 0x500&#41;
DIED. FAILED tests 4307-9031
        Failed 4725/9031 tests, 47.68% okay
tests/503_bfgeneric.......dubious
        Test returned status 5 &#40;wstat 1280, 0x500&#41;
DIED. FAILED tests 4307-9031
        Failed 4725/9031 tests, 47.68% okay
tests/601_speed...........dubious
        Test returned status 5 &#40;wstat 1280, 0x500&#41;
DIED. FAILED tests 2-11
        Failed 10/11 tests, 9.09% okay
tests/602_threads.........dubious
        Test returned status 5 &#40;wstat 1280, 0x500&#41;
DIED. FAILED tests 1-4
        Failed 4/4 tests, 0.00% okay
tests/603_complex.........ok
        80/6080 skipped: no debug support
tests/701_debug...........ok
tests/702_env.............ok
tests/703_bugs............ok
tests/801_examples........ok 1/13# Failed test 12 in
tests/801_examples.t at lin
e 43 fail #4
tests/801_examples........ok 11/13#  tests/801_examples.t line 43 is:  
ok&#40; leng
th&#40;$out&#41; &gt; 0 &#41;;
tests/801_examples........NOK 12# Test 13 got: &#34;1280&#34;
&#40;tests/801_examples.t at l
ine 44 fail #4&#41;
tests/801_examples........NOK 13#    Expected: &#34;0&#34;
#  tests/801_examples.t line 44 is:   ok&#40; $?, 0 &#41;;
tests/801_examples........FAILED tests 12-13
        Failed 2/13 tests, 84.62% okay
tests/802_pod.............ok
        16/16 skipped: testing pod requires Test::Pod
tests/803_pod_coverage....skipped
        all skipped: testing pod coverage requires Pod::Coverage 0.10
tests/901_memory..........ok
        396/397 skipped: no debugging
Failed Test             Stat Wstat Total Fail  List of Failed
-------------------------------------------------------------------------------
tests/101_basic.t          5  1280    ??   ??  ??
tests/202_misc.t           5  1280   207  412  2-207
tests/203_warnings.t       5  1280  7302 1438  110-7302
tests/206_parse.t          5  1280   116  216  9-116
tests/209_sourcify.t       5  1280    98  194  2-98
tests/210_depend.t         5  1280   483  964  2-483
tests/211_clone.t          5  1280    35   62  5-35
tests/214_cache.t          5  1280    72  110  18-72
tests/215_local.t          5  1280    10    2  10
tests/217_preproc.t        5  1280    37   66  5-37
tests/218_member.t         5  1280  1907 3482  167-1907
tests/223_initializer.t    5  1280    27   52  2-27
tests/239_macros.t         5  1280    54   84  13-54
tests/502_bfmicrosoft.t    5  1280  9031 9450  4307-9031
tests/503_bfgeneric.t      5  1280  9031 9450  4307-9031
tests/601_speed.t          5  1280    11   20  2-11
tests/602_threads.t        5  1280     4    8  1-4
tests/801_examples.t                  13    2  12-13
1 test and 526 subtests skipped.
Failed 18/58 test scripts. 19481/50222 subtests failed.
Files=58, Tests=50222, 47 wallclock secs &#40; 0.00 cusr +  0.00 csys = 
0.00 CPU&#41;
Failed 18/58 test programs. 19481/50222 subtests failed.
NMAKE : fatal error U1077: &#39;C:\Perl64\bin\perl.exe&#39; : return code &#39;0xff&#39;
Stop.
</div></div>
    </div>
</div>
</div>
<div class="ticket-transaction message Correspond even">
<div class="ticket-transaction">
  <div class="metadata">
    <span class="type">
      &nbsp;      
    </span>
    <span class="date">Fri&nbsp;Apr&nbsp;09&nbsp;16:30:25&nbsp;2010</span>
    <span class="description">mhx-perl [...] gmx.net -  Correspondence added</span>
    <span class="time-taken"></span>    <span class="actions hidden"></span>
  </div>
    <div class="content">
      
<table>
  <tr>
    <td align="right" class="message-header-key">CC:</td>
    <td class="message-header-value"> aivaturi [...] cpan.org</td>
  </tr>
  <tr>
    <td align="right" class="message-header-key">Subject:</td>
    <td class="message-header-value"> Re: [rt.cpan.org #56369] nmake test fails on 64-bit version of Perl on Windows 7</td>
  </tr>
  <tr>
    <td align="right" class="message-header-key">Date:</td>
    <td class="message-header-value"> Fri, 9 Apr 2010 22:30:03 +0200</td>
  </tr>
  <tr>
    <td align="right" class="message-header-key">To:</td>
    <td class="message-header-value"> bug-Convert-Binary-C [...] rt.cpan.org</td>
  </tr>
  <tr>
    <td align="right" class="message-header-key">From:</td>
    <td class="message-header-value"> Marcus Holland-Moritz &lt;mhx-perl [...] gmx.net&gt;</td>
  </tr>
</table>
<div class="messageattachments">

<div class="messagebody">
<div class="message-stanza plain-text-white-space">Hi Aditya,

thanks for your report. I&#39;m aware of the problem, ActiveState&#39;s
PPM builder seems to be running into the same problem...

  <span class="clickylink"><a target="new" rel="nofollow" href="http://ppm4.activestate.com/MSWin32-x64/5.10/1000/M/MH/MHX/Convert-Binary-C-0.74.d/log-20090615T214728.txt">http://ppm4.activestate.com/MSWin32-x64/5.10/1000/M/MH/MHX/Convert-Binary-C-0.74.d/log-20090615T214728.txt</a></span>

Unfortunately, I don&#39;t have access to a Windows 7 machine with
compilers and debugging tools, so it&#39;s really hard for me to
guess where the problem could be. Especially since the module
works fine on other 64-bit architectures.

Based on where the individual tests appear to die, I *guess* the
problem is somewhere in the parser, I just have no idea where.

If you have the means to debug this problem, I would greatly
appreciate it. Something like a backtrace of where the crash
happens would be extremely helpful.

Thanks,
Marcus


On 2010-04-07, at 20:09:50 -0400, Aditya Ivaturi via RT wrote:

<span
    class="message-stanza-folder closed"
    onclick="fold_message_stanza(this, 'Show\x20quoted\x20text', 'Hide\x20quoted\x20text');">Show quoted text</span><br /><div class="message-stanza closed">&gt; I was trying to install this module on a Windows 7 64-bit platform with
&gt; 64-bit version of Perl installed. &#34;nmake&#34; was successful but &#34;nmake
&gt; test&#34; fails with the Perl crashing multiple times. Here is the output of
&gt; the &#34;nmake test&#34; commnad:
&gt; 
&gt; Microsoft &#40;R&#41; Program Maintenance Utility Version 8.00.50727.762
&gt; Copyright &#40;C&#41; Microsoft Corporation.  All rights reserved.
&gt; 
&gt;         C:\Perl64\bin\perl.exe &#34;-Iblib\lib&#34; &#34;-Iblib\arch&#34; test.pl
&gt; Can&#39;t find string terminator &#34;&#39;&#34; anywhere before EOF at -e line 1.
&gt; Argument &#34;&#34; isn&#39;t numeric in numeric ge &#40;&gt;=&#41; at test.pl line 40.
&gt; tests/001_init............ok
&gt; tests/101_basic...........dubious
&gt;         Test returned status 5 &#40;wstat 1280, 0x500&#41;
&gt; tests/201_config..........ok
&gt;         1/2070 skipped: no debugging
&gt; tests/202_misc............dubious
&gt;         Test returned status 5 &#40;wstat 1280, 0x500&#41;
&gt; DIED. FAILED tests 2-207
&gt;         Failed 206/207 tests, 0.48% okay
&gt; tests/203_warnings........dubious
&gt;         Test returned status 5 &#40;wstat 1280, 0x500&#41;
&gt; DIED. FAILED tests 110-7302
&gt;         Failed 7193/7302 tests, 1.49% okay
&gt; tests/204_enum............ok
&gt; tests/205_pack............ok
&gt; tests/206_parse...........dubious
&gt;         Test returned status 5 &#40;wstat 1280, 0x500&#41;
&gt; DIED. FAILED tests 9-116
&gt;         Failed 108/116 tests, 6.90% okay
&gt; tests/207_typedef.........ok
&gt; tests/208_float...........ok
&gt; tests/209_sourcify........dubious
&gt;         Test returned status 5 &#40;wstat 1280, 0x500&#41;
&gt; DIED. FAILED tests 2-98
&gt;         Failed 97/98 tests, 1.02% okay
&gt; tests/210_depend..........dubious
&gt;         Test returned status 5 &#40;wstat 1280, 0x500&#41;
&gt; DIED. FAILED tests 2-483
&gt;         Failed 482/483 tests, 0.21% okay
&gt; tests/211_clone...........dubious
&gt;         Test returned status 5 &#40;wstat 1280, 0x500&#41;
&gt; DIED. FAILED tests 5-35
&gt;         Failed 31/35 tests, 11.43% okay
&gt; tests/212_clean...........ok
&gt; tests/213_string..........ok
&gt; tests/214_cache...........dubious
&gt;         Test returned status 5 &#40;wstat 1280, 0x500&#41;
&gt; DIED. FAILED tests 18-72
&gt;         Failed 55/72 tests, 23.61% okay
&gt; tests/215_local...........dubious
&gt;         Test returned status 5 &#40;wstat 1280, 0x500&#41;
&gt; DIED. FAILED test 10
&gt;         Failed 1/10 tests, 90.00% okay
&gt; tests/216_language........ok
&gt; tests/217_preproc.........dubious
&gt;         Test returned status 5 &#40;wstat 1280, 0x500&#41;
&gt; DIED. FAILED tests 5-37
&gt;         Failed 33/37 tests, 10.81% okay
&gt; tests/218_member..........dubious
&gt;         Test returned status 5 &#40;wstat 1280, 0x500&#41;
&gt; DIED. FAILED tests 167-1907
&gt;         Failed 1741/1907 tests, 8.70% okay
&gt; tests/219_def.............ok
&gt; tests/220_new.............ok
&gt; tests/221_asm.............ok
&gt; tests/222_ieee............ok
&gt; tests/223_initializer.....dubious
&gt;         Test returned status 5 &#40;wstat 1280, 0x500&#41;
&gt; DIED. FAILED tests 2-27
&gt;         Failed 26/27 tests, 3.70% okay
&gt; tests/224_typeof..........ok
&gt; tests/225_magic...........ok
&gt; tests/226_indexed.........ok
&gt;         33/45 skipped: member ordering requires indexed hashes
&gt; tests/227_flexarray.......ok
&gt; tests/228_hooks...........ok
&gt; tests/229_substr..........ok
&gt; tests/230_compiler........ok
&gt; tests/231_align...........ok
&gt; tests/232_native..........ok
&gt; tests/233_tags............ok
&gt; tests/234_format..........ok
&gt; tests/235_basic...........ok
&gt; tests/236_typeinfo........ok
&gt; tests/237_parser..........ok
&gt; tests/238_byteorder.......ok
&gt; tests/239_macros..........dubious
&gt;         Test returned status 5 &#40;wstat 1280, 0x500&#41;
&gt; DIED. FAILED tests 13-54
&gt;         Failed 42/54 tests, 22.22% okay
&gt; tests/240_offsetof........ok
&gt; tests/241_sizeof..........ok
&gt; tests/242_dimension.......ok
&gt; tests/243_parser..........ok
&gt; tests/501_bfsimple........ok
&gt; tests/502_bfmicrosoft.....dubious
&gt;         Test returned status 5 &#40;wstat 1280, 0x500&#41;
&gt; DIED. FAILED tests 4307-9031
&gt;         Failed 4725/9031 tests, 47.68% okay
&gt; tests/503_bfgeneric.......dubious
&gt;         Test returned status 5 &#40;wstat 1280, 0x500&#41;
&gt; DIED. FAILED tests 4307-9031
&gt;         Failed 4725/9031 tests, 47.68% okay
&gt; tests/601_speed...........dubious
&gt;         Test returned status 5 &#40;wstat 1280, 0x500&#41;
&gt; DIED. FAILED tests 2-11
&gt;         Failed 10/11 tests, 9.09% okay
&gt; tests/602_threads.........dubious
&gt;         Test returned status 5 &#40;wstat 1280, 0x500&#41;
&gt; DIED. FAILED tests 1-4
&gt;         Failed 4/4 tests, 0.00% okay
&gt; tests/603_complex.........ok
&gt;         80/6080 skipped: no debug support
&gt; tests/701_debug...........ok
&gt; tests/702_env.............ok
&gt; tests/703_bugs............ok
&gt; tests/801_examples........ok 1/13# Failed test 12 in
&gt; tests/801_examples.t at lin
&gt; e 43 fail #4
&gt; tests/801_examples........ok 11/13#  tests/801_examples.t line 43 is:  
&gt; ok&#40; leng
&gt; th&#40;$out&#41; &gt; 0 &#41;;
&gt; tests/801_examples........NOK 12# Test 13 got: &#34;1280&#34;
&gt; &#40;tests/801_examples.t at l
&gt; ine 44 fail #4&#41;
&gt; tests/801_examples........NOK 13#    Expected: &#34;0&#34;
&gt; #  tests/801_examples.t line 44 is:   ok&#40; $?, 0 &#41;;
&gt; tests/801_examples........FAILED tests 12-13
&gt;         Failed 2/13 tests, 84.62% okay
&gt; tests/802_pod.............ok
&gt;         16/16 skipped: testing pod requires Test::Pod
&gt; tests/803_pod_coverage....skipped
&gt;         all skipped: testing pod coverage requires Pod::Coverage 0.10
&gt; tests/901_memory..........ok
&gt;         396/397 skipped: no debugging
&gt; Failed Test             Stat Wstat Total Fail  List of Failed
&gt; -------------------------------------------------------------------------------
&gt; tests/101_basic.t          5  1280    ??   ??  ??
&gt; tests/202_misc.t           5  1280   207  412  2-207
&gt; tests/203_warnings.t       5  1280  7302 1438  110-7302
&gt; tests/206_parse.t          5  1280   116  216  9-116
&gt; tests/209_sourcify.t       5  1280    98  194  2-98
&gt; tests/210_depend.t         5  1280   483  964  2-483
&gt; tests/211_clone.t          5  1280    35   62  5-35
&gt; tests/214_cache.t          5  1280    72  110  18-72
&gt; tests/215_local.t          5  1280    10    2  10
&gt; tests/217_preproc.t        5  1280    37   66  5-37
&gt; tests/218_member.t         5  1280  1907 3482  167-1907
&gt; tests/223_initializer.t    5  1280    27   52  2-27
&gt; tests/239_macros.t         5  1280    54   84  13-54
&gt; tests/502_bfmicrosoft.t    5  1280  9031 9450  4307-9031
&gt; tests/503_bfgeneric.t      5  1280  9031 9450  4307-9031
&gt; tests/601_speed.t          5  1280    11   20  2-11
&gt; tests/602_threads.t        5  1280     4    8  1-4
&gt; tests/801_examples.t                  13    2  12-13
&gt; 1 test and 526 subtests skipped.
&gt; Failed 18/58 test scripts. 19481/50222 subtests failed.
&gt; Files=58, Tests=50222, 47 wallclock secs &#40; 0.00 cusr +  0.00 csys = 
&gt; 0.00 CPU&#41;
&gt; Failed 18/58 test programs. 19481/50222 subtests failed.
&gt; NMAKE : fatal error U1077: &#39;C:\Perl64\bin\perl.exe&#39; : return code &#39;0xff&#39;
&gt; Stop.
</div></div></div>

<div class="messagebody">
<p>Message body not shown because it is not plain text.</p></div>
</div>
    </div>
</div>
</div>
<div class="ticket-transaction basics Status odd">
<div class="ticket-transaction">
  <div class="metadata">
    <span class="type">
      &nbsp;      
    </span>
    <span class="date">Fri&nbsp;Apr&nbsp;09&nbsp;16:30:27&nbsp;2010</span>
    <span class="description">The RT System itself -  Status changed from &#39;new&#39; to &#39;open&#39;</span>
    <span class="time-taken"></span>    <span class="actions hidden"></span>
  </div>
    <div class="content">
    </div>
</div>
</div>
<div class="ticket-transaction message Correspond even">
<div class="ticket-transaction">
  <div class="metadata">
    <span class="type">
      &nbsp;      
    </span>
    <span class="date">Sun&nbsp;Apr&nbsp;11&nbsp;16:14:48&nbsp;2010</span>
    <span class="description">aivaturi [...] cpan.org -  Correspondence added</span>
    <span class="time-taken"></span>    <span class="actions hidden"></span>
  </div>
    <div class="content">
      

<div class="messagebody">
<div class="message-stanza plain-text-white-space">Actually, this is on 64-bit ActivePerl. I don&#39;t know how to collect the backtrace information of 
the crash? If you can provide me some info, I can collect that information for you.
</div></div>
    </div>
</div>
</div>
<div class="ticket-transaction message Correspond odd">
<div class="ticket-transaction">
  <div class="metadata">
    <span class="type">
      &nbsp;      
    </span>
    <span class="date">Sun&nbsp;Apr&nbsp;10&nbsp;06:51:22&nbsp;2011</span>
    <span class="description">MHX [...] cpan.org -  Correspondence added</span>
    <span class="time-taken"></span>    <span class="actions hidden"></span>
  </div>
    <div class="content">
      

<div class="messagebody">
<div class="message-stanza plain-text-white-space">On Sun Apr 11 16:14:48 2010, AIVATURI wrote:
<span
    class="message-stanza-folder closed"
    onclick="fold_message_stanza(this, 'Show\x20quoted\x20text', 'Hide\x20quoted\x20text');">Show quoted text</span><br /><div class="message-stanza closed">&gt; Actually, this is on 64-bit ActivePerl. I don&#39;t know how to collect
&gt; the backtrace information of
&gt; the crash? If you can provide me some info, I can collect that
&gt; information for you.
</div>
I&#39;ll most probably have a 64-bit Windows development environment
setup up soon so I&#39;ll be able to investigate this further.
</div></div>
    </div>
</div>
</div>
<div class="ticket-transaction message Correspond even">
<div class="ticket-transaction">
  <div class="metadata">
    <span class="type">
      &nbsp;      
    </span>
    <span class="date">Mon&nbsp;Apr&nbsp;11&nbsp;17:06:10&nbsp;2011</span>
    <span class="description">MHX [...] cpan.org -  Correspondence added</span>
    <span class="time-taken"></span>    <span class="actions hidden"></span>
  </div>
    <div class="content">
      

<div class="messagebody">
<div class="message-stanza plain-text-white-space">On Sun Apr 11 16:14:48 2010, AIVATURI wrote:
<span
    class="message-stanza-folder closed"
    onclick="fold_message_stanza(this, 'Show\x20quoted\x20text', 'Hide\x20quoted\x20text');">Show quoted text</span><br /><div class="message-stanza closed">&gt; Actually, this is on 64-bit ActivePerl. I don&#39;t know how to collect
&gt; the backtrace information of
&gt; the crash? If you can provide me some info, I can collect that
&gt; information for you.
</div>
Please, could you check if Convert-Binary-C-0.76 fixes the problem?

Thanks,
Marcus
</div></div>
    </div>
</div>
</div>
<div class="ticket-transaction message Correspond odd">
<div class="ticket-transaction">
  <div class="metadata">
    <span class="type">
      &nbsp;      
    </span>
    <span class="date">Sat&nbsp;Sep&nbsp;10&nbsp;15:59:47&nbsp;2011</span>
    <span class="description">MHX [...] cpan.org -  Correspondence added</span>
    <span class="time-taken"></span>    <span class="actions hidden"></span>
  </div>
    <div class="content">
      

<div class="messagebody">
<div class="message-stanza plain-text-white-space">Assuming this is fixed given that Activestate PPM logs look fine
for Win64.
</div></div>
    </div>
</div>
</div>
<div class="ticket-transaction basics Status even">
<div class="ticket-transaction">
  <div class="metadata">
    <span class="type">
      &nbsp;      
    </span>
    <span class="date">Sat&nbsp;Sep&nbsp;10&nbsp;15:59:48&nbsp;2011</span>
    <span class="description">MHX [...] cpan.org -  Status changed from &#39;open&#39; to &#39;resolved&#39;</span>
    <span class="time-taken"></span>    <span class="actions hidden"></span>
  </div>
    <div class="content">
    </div>
</div>
</div>
</div>
    <hr class="clear" />
  </div>
</div>




</div>
 


  <hr class="clear" />
</div>
</body>
</html>
