<!DOCTYPE html>

<html lang="en">
  <head>
    <title>Bug #8921 for Test-Simple: &#39;make test&#39; fails for v0.54 under Cygwin Perl 5.8.6</title>
    <meta http-equiv="X-UA-Compatible" content="IE=edge" />
    <!-- The X-UA-Compatible <meta> tag above must be very early in <head> -->

    <script>
if (window.top !== window.self) {
    document.write = "";

    window.top.location = window.self.location;

    setTimeout(function(){
        document.body.innerHTML = "";
    }, 1);

    window.self.onload = function(){
        document.body.innerHTML = "";
    };
}
</script>



<link rel="shortcut icon" href="/NoAuth/images/favicon.png" type="image/png" />
<link rel="stylesheet" href="/NoAuth/css/aileron-squished-00f758259152f8b6670ee485f462e6b8.css" type="text/css" media="all" />
<link rel="stylesheet" href="/NoAuth/css/print.css" type="text/css" media="print" />




<script type="text/javascript" src="/NoAuth/js/squished-42167f2409ce368da2d31038e5cb2a57.js"></script>

<script type="text/javascript"><!--
	jQuery( loadTitleBoxStates );

--></script>


<!--[if lt IE 8]>
<link rel="stylesheet" href="/NoAuth/css/aileron/msie.css" type="text/css" media="all" />
<![endif]-->
<!--[if lt IE 7]>
<link rel="stylesheet" href="/NoAuth/css/aileron/msie6.css" type="text/css" media="all" />
<![endif]-->
<script type="text/javascript">
jQuery(document).ready(function(){
    jQuery.fn.supersubs.defaults = {
        maxWidth: 30,
        extraWidth: 2
    };

    jQuery("#app-nav.toplevel").addClass('sf-menu sf-js-enabled sf-shadow').supersubs().superfish({ speed: 'fast' });
    jQuery("#page-menu.toplevel").addClass('sf-menu sf-js-enabled').supersubs().superfish({ dropShadows: false, speed: 'fast' }).supposition();
});
</script>


<!-- Site CSS from theme editor -->
<style type="text/css" media="all" id="sitecss">
</style>

<meta name="google-site-verification" content="kD3-uEJK1AkTqaC-rckcSt_HPkAj674DPPuEN6i-y0g" />

</head>
  <body class="aileron sidebyside" id="comp-Public-Bug-Display">

<div id="logo">
<a href="/"><img
    src="/NoAuth/images/cpan.png"
    alt="CPAN"
    width="181"
    height="38" /></a>
    <span class="rtname">RT for rt.cpan.org</span>
</div>


<div id="quickbar">
  <div id="quick-personal">
    <span class="hide"><a href="#skipnav">Skip Menu</a> | </span>
</div>

</div>
<div id="header"><h1>Bug #8921 for Test-Simple: &#39;make test&#39; fails for v0.54 under Cygwin Perl 5.8.6</h1></div>



<div id="page-navigation"><ul id="page-menu" class="toplevel">
 <li id="li-page-active_bugs"><a id="page-active_bugs" class="menu-item " href="/Public/Dist/Test-Simple/Active/">Active bugs</a></li>
 <li id="li-page-resolved_bugs"><a id="page-resolved_bugs" class="menu-item " href="/Public/Dist/Test-Simple/Resolved/">Resolved bugs</a></li>
 <li id="li-page-rejected_bugs"><a id="page-rejected_bugs" class="menu-item " href="/Public/Dist/Test-Simple/Rejected/">Rejected bugs</a></li>
 <li id="li-page-report"><a id="page-report" class="menu-item " href="/Public/Dist/Test-Simple/Active/"></a></li>
</ul></div>
<div id="topactions">



</div>
<div id="body">


<a name="skipnav" id="skipnav" accesskey="8"></a>




<div id="external_bugtracker">
<h3>Preferred bug tracker</h3>
<p>
<div>Please visit the <a href="http://github.com/Test-More/test-more/issues">preferred bug tracker</a> to report your issue.</div>
</p>
</div>

<p>This queue is for tickets about the <a href="https://metacpan.org/release/Test-Simple">Test-Simple CPAN distribution</a>.</p>





<div class="">
  <div class="titlebox" id="">
  <div class="titlebox-title">
    <span class="widget"><a href="#" onclick="return rollup('TitleBox\x2D\x2D\x5FPublic\x5FBug\x5FDisplay\x5Fhtml\x2D\x2D\x2D\x2D\x2D\x2DUmVwb3J0IGluZm9ybWF0aW9u\x2D\x2D\x2D0');" title="Toggle visibility"></a></span>
    <span class="left">Report information</span>
    <span class="right-empty">		    </span>
  </div>
  <div class="titlebox-content " id="TitleBox--_Public_Bug_Display_html------UmVwb3J0IGluZm9ybWF0aW9u---0">


<table width="100%" class="ticket-summary">
<tr>
  <td valign="top" class="boxcontainer">
    <div class="ticket-info-basics">
  <div class="titlebox ticket-info-basics " id="">
  <div class="titlebox-title">
    <span class="widget"><a href="#" onclick="return rollup('TitleBox\x2D\x2D\x5FPublic\x5FBug\x5FDisplay\x5Fhtml\x2D\x2Dticket\x2Dinfo\x2Dbasics\x2D\x2D\x2D\x2DVGhlIEJhc2ljcw\x5F\x5F\x2D\x2D\x2D0');" title="Toggle visibility"></a></span>
    <span class="left">The Basics</span>
    <span class="right-empty">		    </span>
  </div>
  <div class="titlebox-content " id="TitleBox--_Public_Bug_Display_html--ticket-info-basics----VGhlIEJhc2ljcw__---0">


        <table>
  <tr class="id">
    <td class="label">Id:</td>
    <td class="value">8921</td>
  </tr>
  <tr class="status">
    <td class="label">Status:</td>
    <td class="value">resolved</td>
  </tr>
  <tr class="priority">
    <td class="label">Priority:</td>
    <td class="value">0/
</td>
  </tr>
  <tr class="queue">
    <td class="label">Queue:</td>
    <td class="value"><a href="/Public/Dist/Test-Simple/Active/">Test-Simple</a>
</td>
  </tr>
</table>

        <hr class="clear" />
  </div>
</div>




</div>


    <div class="ticket-info-people">
  <div class="titlebox ticket-info-people " id="">
  <div class="titlebox-title">
    <span class="widget"><a href="#" onclick="return rollup('TitleBox\x2D\x2D\x5FPublic\x5FBug\x5FDisplay\x5Fhtml\x2D\x2Dticket\x2Dinfo\x2Dpeople\x2D\x2D\x2D\x2DUGVvcGxl\x2D\x2D\x2D0');" title="Toggle visibility"></a></span>
    <span class="left">People</span>
    <span class="right-empty">		    </span>
  </div>
  <div class="titlebox-content " id="TitleBox--_Public_Bug_Display_html--ticket-info-people----UGVvcGxl---0">


        <table>
  <tr>
    <td class="label">Owner:</td>
    <td class="value">Nobody in particular
    
    </td>
  </tr>
  <tr>
    <td class="labeltop">Requestors:</td>
    <td class="value">
jdhedden [...] 1979.usna.com

<br />

</td>
  </tr>
  <tr>
    <td class="labeltop">Cc:</td>
    <td class="value">

</td>
  </tr>
  <tr>
    <td class="labeltop">AdminCc:</td>
    <td class="value">

</td>
  </tr>
</table>

        <hr class="clear" />
  </div>
</div>




</div>



  </td>
  <td valign="top" class="boxcontainer">
    
    <div class="ticket-info-cfs">
  <div class="titlebox ticket-info-cfs " id="">
  <div class="titlebox-title">
    <span class="widget"><a href="#" onclick="return rollup('TitleBox\x2D\x2D\x5FPublic\x5FBug\x5FDisplay\x5Fhtml\x2D\x2Dticket\x2Dinfo\x2Dcfs\x2D\x2D\x2D\x2DQnVnIEluZm9ybWF0aW9u\x2D\x2D\x2D0');" title="Toggle visibility"></a></span>
    <span class="left">Bug Information</span>
    <span class="right-empty">		    </span>
  </div>
  <div class="titlebox-content " id="TitleBox--_Public_Bug_Display_html--ticket-info-cfs----QnVnIEluZm9ybWF0aW9u---0">

 
        <table>
  <tr id="CF-1-ShowRow">
    <td class="label">Severity:</td>
    <td class="value">
Unimportant    </td>
  </tr>
  <tr id="CF-31590-ShowRow">
    <td class="label">Broken in:</td>
    <td class="value">
0.01    </td>
  </tr>
  <tr id="CF-31591-ShowRow">
    <td class="label">Fixed in:</td>
    <td class="value">
0.53    </td>
  </tr>
</table>


        <hr class="clear" />
  </div>
</div>




</div>


    




  </td>
</tr>
</table>

    <hr class="clear" />
  </div>
</div>




</div>


<br />


<div class="history">
<div class="titlebox" id="">
  <div class="titlebox-title">
    <span class="widget"><a href="#" onclick="return rollup('TitleBox\x2D\x2D\x5FPublic\x5FBug\x5FDisplay\x5Fhtml\x2D\x2D\x2D\x2D\x2D\x2DSGlzdG9yeQ\x5F\x5F\x2D\x2D\x2D0');" title="Toggle visibility"></a></span>
    <span class="left">History</span>
    <span class="right">		<a href="#" data-direction="open" onclick="return toggle_all_folds(this, 'Show\x20all\x20quoted\x20text', 'Hide\x20all\x20quoted\x20text');">Show all quoted text</a>    </span>
  </div>
  <div class="titlebox-content " id="TitleBox--_Public_Bug_Display_html------SGlzdG9yeQ__---0">


<div id="ticket-history">
<div class="ticket-transaction message Create odd">
<div class="ticket-transaction">
  <div class="metadata">
    <span class="type">
      &nbsp;      
    </span>
    <span class="date">Wed&nbsp;Dec&nbsp;15&nbsp;15:43:19&nbsp;2004</span>
    <span class="description">Guest -  Ticket created</span>
    <span class="time-taken"></span>    <span class="actions hidden"></span>
  </div>
    <div class="content">
      
<table>
  <tr>
    <td align="right" class="message-header-key">Subject:</td>
    <td class="message-header-value"> &#39;make test&#39; fails for v0.54 under Cygwin Perl 5.8.6</td>
  </tr>
</table>

<div class="messagebody">
<div class="message-stanza plain-text-white-space">&#39;make test&#39; fails for Test::Simple v0.54 &#40;and v0.53_01&#41; under Cygwin Perl 5.8.6.  Output follows:

6 Test-Simple-0.54 &gt; make test
/usr/local/bin/perl.exe &#34;-MExtUtils::Command::MM&#34; &#34;-e&#34; &#34;test_harness&#40;0, &#39;blib/lib&#39;, &#39;blib/arch&#39;&#41;&#34; t/*.t
t/00signature.............skipped
        all skipped: Next time around, consider installing Module::Signature, so you can verify the integrity of this distribution.
t/00test_harness_check....ok                                                 
t/bad_plan................ok                                                 
t/buffer..................ok                                                 
t/Builder.................ok                                                 
t/circular_data...........ok                                                 
t/curr_test...............ok                                                 
t/details.................
Use of uninitialized value in concatenation &#40;.&#41; or string at /usr/local/lib/perl5/5.8.6/Test/Builder.pm line 431.
Use of uninitialized value in concatenation &#40;.&#41; or string at /usr/local/lib/perl5/5.8.6/Test/Builder.pm line 431.
#     Failed test &#40; at line &#41;
#          got: 8
#     expected: 4
# Looks like you failed 1 test of 9.
t/details.................dubious                                            
        Test returned status 1 &#40;wstat 256, 0x100&#41;
DIED. FAILED test 9
        Failed 1/9 tests, 88.89% okay
t/diag....................ok                                                 
t/eq_set..................ok                                                 
t/exit....................ok                                                 
t/extra...................ok                                                 
t/extra_one...............ok                                                 
t/fail-like...............ok                                                 
t/fail-more...............ok                                                 
t/fail....................ok                                                 
t/fail_one................ok                                                 
t/filehandles.............ok                                                 
t/fork....................ok                                                 
t/harness_active..........ok                                                 
t/has_plan................ok                                                 
t/has_plan2...............ok                                                 
t/import..................ok                                                 
t/is_deeply...............ok                                                 
t/is_fh...................ok                                                 
t/maybe_regex.............
#     Failed test &#40;t/maybe_regex.t at line 55&#41;
Use of uninitialized value in regexp compilation at t/maybe_regex.t line 56.
t/maybe_regex.............ok 1/13Use of uninitialized value in regexp compilation at t/maybe_regex.t line 57.

#     Failed test &#40;t/maybe_regex.t at line 57&#41;
# Looks like you failed 2 tests of 13.
t/maybe_regex.............dubious                                            
        Test returned status 2 &#40;wstat 512, 0x200&#41;
DIED. FAILED tests 11, 13
        Failed 2/13 tests, 84.62% okay
t/missing.................ok                                                 
t/More....................ok                                                 
t/no_diag.................ok                                                 
t/no_ending...............ok                                                 
t/no_header...............ok                                                 
t/no_plan.................ok                                                 
t/ok_obj..................ok                                                 
t/output..................ok                                                 
t/overload................ok                                                 
t/overload_threads........ok                                                 
        1/5 skipped: not really skipped, testing overloaded reason
t/plan....................ok                                                 
t/plan_bad................ok                                                 
t/plan_is_noplan..........ok                                                 
t/plan_no_plan............
#     Failed test &#40;t/plan_no_plan.t at line 40&#41;
#          got: &#39;skip&#40;&#41; needs to know $how_many tests are in the block at t/plan_no_plan.t line 36
# &#39;
#     expected: &#39;&#39;

#     Failed test &#40;t/plan_no_plan.t at line 51&#41;
#          got: &#39;todo_skip&#40;&#41; needs to know $how_many tests are in the block at t/plan_no_plan.t line 44
# &#39;
#     expected: &#39;&#39;
# Looks like you failed 2 tests of 6.
t/plan_no_plan............dubious                                            
        Test returned status 2 &#40;wstat 512, 0x200&#41;
DIED. FAILED tests 4, 6
        Failed 2/6 tests, 66.67% okay &#40;less 1 skipped test: 3 okay, 50.00%&#41;
t/plan_shouldnt_import....ok                                                 
t/plan_skip_all...........skipped
        all skipped: Just testing plan &#38; skip_all
t/require_ok..............ok                                                 
t/reset...................ok                                                 
t/simple..................ok                                                 
t/skip....................ok                                                 
        7/15 skipped: Just testing the skip interface.
t/skipall.................ok                                                 
t/sort_bug................ok                                                 
t/thread_taint............ok                                                 
t/threads.................ok                                                 
t/todo....................ok                                                 
t/undef...................ok 1/16                                            
#     Failed test &#40;t/undef.t at line 65&#41;
#          got: &#39;Use of uninitialized value in pattern match &#40;m//&#41; at /usr/local/lib/perl5/5.8.6/Test/Builder.pm line 644.
# &#39;
#     expected: &#39;&#39;
# Looks like you failed 1 test of 16.
t/undef...................dubious                                            
        Test returned status 1 &#40;wstat 256, 0x100&#41;
DIED. FAILED test 16
        Failed 1/16 tests, 93.75% okay
t/use_ok..................ok                                                 
t/useing..................ok                                                 
Failed Test      Stat Wstat Total Fail  Failed  List of Failed
-------------------------------------------------------------------------------
t/details.t         1   256     9    1  11.11%  9
t/maybe_regex.t     2   512    13    2  15.38%  11 13
t/plan_no_plan.t    2   512     6    2  33.33%  4 6
t/undef.t           1   256    16    1   6.25%  16
2 tests and 9 subtests skipped.
Failed 4/54 test scripts, 92.59% okay. 6/363 subtests failed, 98.35% okay.
make: *** [test_dynamic] Error 14
</div></div>
    </div>
</div>
</div>
<div class="ticket-transaction message Correspond even">
<div class="ticket-transaction">
  <div class="metadata">
    <span class="type">
      &nbsp;      
    </span>
    <span class="date">Wed&nbsp;Dec&nbsp;15&nbsp;15:45:12&nbsp;2004</span>
    <span class="description">Guest -  Correspondence added</span>
    <span class="time-taken"></span>    <span class="actions hidden"></span>
  </div>
    <div class="content">
      
<table>
  <tr>
    <td align="right" class="message-header-key">From:</td>
    <td class="message-header-value"> jdhedden [...] 1979.usna.com</td>
  </tr>
</table>

<div class="messagebody">
<div class="message-stanza plain-text-white-space">Note: Couldn&#39;t set the &#39;Broken in&#39; flag to 0.54 &#40;it wasn&#39;t listed&#41;.

Also, v0.53 tests and installs fine.
</div></div>
    </div>
</div>
</div>
<div class="ticket-transaction message Correspond odd">
<div class="ticket-transaction">
  <div class="metadata">
    <span class="type">
      &nbsp;      
    </span>
    <span class="date">Wed&nbsp;Dec&nbsp;15&nbsp;18:17:27&nbsp;2004</span>
    <span class="description">schwern [...] pobox.com -  Correspondence added</span>
    <span class="time-taken"></span>    <span class="actions hidden"></span>
  </div>
    <div class="content">
      
<table>
  <tr>
    <td align="right" class="message-header-key">Date:</td>
    <td class="message-header-value"> Wed, 15 Dec 2004 18:03:18 -0500</td>
  </tr>
  <tr>
    <td align="right" class="message-header-key">From:</td>
    <td class="message-header-value"> Michael G Schwern &lt;schwern [...] pobox.com&gt;</td>
  </tr>
  <tr>
    <td align="right" class="message-header-key">To:</td>
    <td class="message-header-value"> Guest via RT &lt;bug-Test-Simple [...] rt.cpan.org&gt;</td>
  </tr>
  <tr>
    <td align="right" class="message-header-key">CC:</td>
    <td class="message-header-value"> undisclosed-recipients: ;</td>
  </tr>
  <tr>
    <td align="right" class="message-header-key">Subject:</td>
    <td class="message-header-value"> Re: [cpan #8921] &#39;make test&#39; fails for v0.54 under Cygwin Perl 5.8.6</td>
  </tr>
  <tr>
    <td align="right" class="message-header-key">RT-Send-Cc:</td>
    <td class="message-header-value"> </td>
  </tr>
</table>

<div class="messagebody">
<div class="message-stanza plain-text-white-space">On Wed, Dec 15, 2004 at 03:43:19PM -0500, Guest via RT wrote:
<span
    class="message-stanza-folder closed"
    onclick="fold_message_stanza(this, 'Show\x20quoted\x20text', 'Hide\x20quoted\x20text');">Show quoted text</span><br /><div class="message-stanza closed">&gt; t/details.................
&gt; Use of uninitialized value in concatenation &#40;.&#41; or string at /usr/local/lib/perl5/5.8.6/Test/Builder.pm line 431.
&gt; Use of uninitialized value in concatenation &#40;.&#41; or string at /usr/local/lib/perl5/5.8.6/Test/Builder.pm line 431.
</div>
Something has gone wrong and the installed version of Test::Builder has
been used by the tests rather than the one in blib/lib.  I don&#39;t think
this is a Test::More issue, the Makefile.PL has not been touched since
0.53.

The reason 0.53 works is likely because you have 0.53 installed. 

Did you upgrade MakeMaker recently?


-- 
Michael G Schwern        schwern@pobox.com  <span class="clickylink"><a target="new" rel="nofollow" href="http://www.pobox.com/~schwern/">http://www.pobox.com/~schwern/</a></span>
The easy way is always mined.
</div></div>
    </div>
</div>
</div>
<div class="ticket-transaction basics Status even">
<div class="ticket-transaction">
  <div class="metadata">
    <span class="type">
      &nbsp;      
    </span>
    <span class="date">Sun&nbsp;Apr&nbsp;24&nbsp;05:00:56&nbsp;2005</span>
    <span class="description">mschwern [...] cpan.org -  Status changed from &#39;new&#39; to &#39;stalled&#39;</span>
    <span class="time-taken"></span>    <span class="actions hidden"></span>
  </div>
    <div class="content">
    </div>
</div>
</div>
<div class="ticket-transaction other CustomField odd">
<div class="ticket-transaction">
  <div class="metadata">
    <span class="type">
      &nbsp;      
    </span>
    <span class="date">Sun&nbsp;Apr&nbsp;24&nbsp;05:00:57&nbsp;2005</span>
    <span class="description">mschwern [...] cpan.org -  Severity Critical changed to Unimportant</span>
    <span class="time-taken"></span>    <span class="actions hidden"></span>
  </div>
    <div class="content">
    </div>
</div>
</div>
<div class="ticket-transaction message Correspond even">
<div class="ticket-transaction">
  <div class="metadata">
    <span class="type">
      &nbsp;      
    </span>
    <span class="date">Thu&nbsp;Sep&nbsp;13&nbsp;23:26:07&nbsp;2007</span>
    <span class="description">mschwern [...] cpan.org -  Correspondence added</span>
    <span class="time-taken"></span>    <span class="actions hidden"></span>
  </div>
    <div class="content">
      

<div class="messagebody">
<div class="message-stanza plain-text-white-space">Haven&#39;t heard back from the reporter.  CPAN testers has plenty of passes
for Cygwin on 5.8.6.  Going to assume this was just a borked system.
</div></div>
    </div>
</div>
</div>
<div class="ticket-transaction basics Status odd">
<div class="ticket-transaction">
  <div class="metadata">
    <span class="type">
      &nbsp;      
    </span>
    <span class="date">Thu&nbsp;Sep&nbsp;13&nbsp;23:26:08&nbsp;2007</span>
    <span class="description">The RT System itself -  Status changed from &#39;stalled&#39; to &#39;open&#39;</span>
    <span class="time-taken"></span>    <span class="actions hidden"></span>
  </div>
    <div class="content">
    </div>
</div>
</div>
<div class="ticket-transaction basics Status even">
<div class="ticket-transaction">
  <div class="metadata">
    <span class="type">
      &nbsp;      
    </span>
    <span class="date">Thu&nbsp;Sep&nbsp;13&nbsp;23:26:09&nbsp;2007</span>
    <span class="description">mschwern [...] cpan.org -  Status changed from &#39;open&#39; to &#39;resolved&#39;</span>
    <span class="time-taken"></span>    <span class="actions hidden"></span>
  </div>
    <div class="content">
    </div>
</div>
</div>
</div>
    <hr class="clear" />
  </div>
</div>




</div>
 


  <hr class="clear" />
</div>
</body>
</html>
