<!DOCTYPE html>

<html lang="en">
  <head>
    <title>Bug #98463 for Glib-Object-Introspection: Test failures on PPC - EPEL for Redhat 7</title>
    <meta http-equiv="X-UA-Compatible" content="IE=edge" />
    <!-- The X-UA-Compatible <meta> tag above must be very early in <head> -->

    <script>
if (window.top !== window.self) {
    document.write = "";

    window.top.location = window.self.location;

    setTimeout(function(){
        document.body.innerHTML = "";
    }, 1);

    window.self.onload = function(){
        document.body.innerHTML = "";
    };
}
</script>



<link rel="shortcut icon" href="/NoAuth/images/favicon.png" type="image/png" />
<link rel="stylesheet" href="/NoAuth/css/aileron-squished-00f758259152f8b6670ee485f462e6b8.css" type="text/css" media="all" />
<link rel="stylesheet" href="/NoAuth/css/print.css" type="text/css" media="print" />




<script type="text/javascript" src="/NoAuth/js/squished-42167f2409ce368da2d31038e5cb2a57.js"></script>

<script type="text/javascript"><!--
	jQuery( loadTitleBoxStates );

--></script>


<!--[if lt IE 8]>
<link rel="stylesheet" href="/NoAuth/css/aileron/msie.css" type="text/css" media="all" />
<![endif]-->
<!--[if lt IE 7]>
<link rel="stylesheet" href="/NoAuth/css/aileron/msie6.css" type="text/css" media="all" />
<![endif]-->
<script type="text/javascript">
jQuery(document).ready(function(){
    jQuery.fn.supersubs.defaults = {
        maxWidth: 30,
        extraWidth: 2
    };

    jQuery("#app-nav.toplevel").addClass('sf-menu sf-js-enabled sf-shadow').supersubs().superfish({ speed: 'fast' });
    jQuery("#page-menu.toplevel").addClass('sf-menu sf-js-enabled').supersubs().superfish({ dropShadows: false, speed: 'fast' }).supposition();
});
</script>


<!-- Site CSS from theme editor -->
<style type="text/css" media="all" id="sitecss">
</style>

<meta name="google-site-verification" content="kD3-uEJK1AkTqaC-rckcSt_HPkAj674DPPuEN6i-y0g" />

</head>
  <body class="aileron sidebyside" id="comp-Public-Bug-Display">

<div id="logo">
<a href="/"><img
    src="/NoAuth/images/cpan.png"
    alt="CPAN"
    width="181"
    height="38" /></a>
    <span class="rtname">RT for rt.cpan.org</span>
</div>


<div id="quickbar">
  <div id="quick-personal">
    <span class="hide"><a href="#skipnav">Skip Menu</a> | </span>
</div>

</div>
<div id="header"><h1>Bug #98463 for Glib-Object-Introspection: Test failures on PPC - EPEL for Redhat 7</h1></div>



<div id="page-navigation"><ul id="page-menu" class="toplevel">
 <li id="li-page-active_bugs"><a id="page-active_bugs" class="menu-item " href="/Public/Dist/Glib-Object-Introspection/Active/">Active bugs</a></li>
 <li id="li-page-resolved_bugs"><a id="page-resolved_bugs" class="menu-item " href="/Public/Dist/Glib-Object-Introspection/Resolved/">Resolved bugs</a></li>
 <li id="li-page-rejected_bugs"><a id="page-rejected_bugs" class="menu-item " href="/Public/Dist/Glib-Object-Introspection/Rejected/">Rejected bugs</a></li>
 <li id="li-page-report"><a id="page-report" class="menu-item " href="/Public/Dist/Glib-Object-Introspection/Active/"></a></li>
</ul></div>
<div id="topactions">



</div>
<div id="body">


<a name="skipnav" id="skipnav" accesskey="8"></a>





<p>This queue is for tickets about the <a href="https://metacpan.org/release/Glib-Object-Introspection">Glib-Object-Introspection CPAN distribution</a>.</p>





<div class="">
  <div class="titlebox" id="">
  <div class="titlebox-title">
    <span class="widget"><a href="#" onclick="return rollup('TitleBox\x2D\x2D\x5FPublic\x5FBug\x5FDisplay\x5Fhtml\x2D\x2D\x2D\x2D\x2D\x2DUmVwb3J0IGluZm9ybWF0aW9u\x2D\x2D\x2D0');" title="Toggle visibility"></a></span>
    <span class="left">Report information</span>
    <span class="right-empty">		    </span>
  </div>
  <div class="titlebox-content " id="TitleBox--_Public_Bug_Display_html------UmVwb3J0IGluZm9ybWF0aW9u---0">


<table width="100%" class="ticket-summary">
<tr>
  <td valign="top" class="boxcontainer">
    <div class="ticket-info-basics">
  <div class="titlebox ticket-info-basics " id="">
  <div class="titlebox-title">
    <span class="widget"><a href="#" onclick="return rollup('TitleBox\x2D\x2D\x5FPublic\x5FBug\x5FDisplay\x5Fhtml\x2D\x2Dticket\x2Dinfo\x2Dbasics\x2D\x2D\x2D\x2DVGhlIEJhc2ljcw\x5F\x5F\x2D\x2D\x2D0');" title="Toggle visibility"></a></span>
    <span class="left">The Basics</span>
    <span class="right-empty">		    </span>
  </div>
  <div class="titlebox-content " id="TitleBox--_Public_Bug_Display_html--ticket-info-basics----VGhlIEJhc2ljcw__---0">


        <table>
  <tr class="id">
    <td class="label">Id:</td>
    <td class="value">98463</td>
  </tr>
  <tr class="status">
    <td class="label">Status:</td>
    <td class="value">resolved</td>
  </tr>
  <tr class="priority">
    <td class="label">Priority:</td>
    <td class="value">0/
</td>
  </tr>
  <tr class="queue">
    <td class="label">Queue:</td>
    <td class="value"><a href="/Public/Dist/Glib-Object-Introspection/Active/">Glib-Object-Introspection</a>
</td>
  </tr>
</table>

        <hr class="clear" />
  </div>
</div>




</div>


    <div class="ticket-info-people">
  <div class="titlebox ticket-info-people " id="">
  <div class="titlebox-title">
    <span class="widget"><a href="#" onclick="return rollup('TitleBox\x2D\x2D\x5FPublic\x5FBug\x5FDisplay\x5Fhtml\x2D\x2Dticket\x2Dinfo\x2Dpeople\x2D\x2D\x2D\x2DUGVvcGxl\x2D\x2D\x2D0');" title="Toggle visibility"></a></span>
    <span class="left">People</span>
    <span class="right-empty">		    </span>
  </div>
  <div class="titlebox-content " id="TitleBox--_Public_Bug_Display_html--ticket-info-people----UGVvcGxl---0">


        <table>
  <tr>
    <td class="label">Owner:</td>
    <td class="value">Nobody in particular
    
    </td>
  </tr>
  <tr>
    <td class="labeltop">Requestors:</td>
    <td class="value">
DDICK [...] cpan.org

<br />

</td>
  </tr>
  <tr>
    <td class="labeltop">Cc:</td>
    <td class="value">

</td>
  </tr>
  <tr>
    <td class="labeltop">AdminCc:</td>
    <td class="value">

</td>
  </tr>
</table>

        <hr class="clear" />
  </div>
</div>




</div>



  </td>
  <td valign="top" class="boxcontainer">
    
    <div class="ticket-info-cfs">
  <div class="titlebox ticket-info-cfs " id="">
  <div class="titlebox-title">
    <span class="widget"><a href="#" onclick="return rollup('TitleBox\x2D\x2D\x5FPublic\x5FBug\x5FDisplay\x5Fhtml\x2D\x2Dticket\x2Dinfo\x2Dcfs\x2D\x2D\x2D\x2DQnVnIEluZm9ybWF0aW9u\x2D\x2D\x2D0');" title="Toggle visibility"></a></span>
    <span class="left">Bug Information</span>
    <span class="right-empty">		    </span>
  </div>
  <div class="titlebox-content " id="TitleBox--_Public_Bug_Display_html--ticket-info-cfs----QnVnIEluZm9ybWF0aW9u---0">

 
        <table>
  <tr id="CF-1-ShowRow">
    <td class="label">Severity:</td>
    <td class="value">
<i>(no value)</i>
    </td>
  </tr>
  <tr id="CF-239810-ShowRow">
    <td class="label">Broken in:</td>
    <td class="value">
0.024    </td>
  </tr>
  <tr id="CF-239811-ShowRow">
    <td class="label">Fixed in:</td>
    <td class="value">
<i>(no value)</i>
    </td>
  </tr>
</table>


        <hr class="clear" />
  </div>
</div>




</div>


    




  </td>
</tr>
</table>

    <hr class="clear" />
  </div>
</div>




</div>


<br />


<div class="history">
<div class="titlebox" id="">
  <div class="titlebox-title">
    <span class="widget"><a href="#" onclick="return rollup('TitleBox\x2D\x2D\x5FPublic\x5FBug\x5FDisplay\x5Fhtml\x2D\x2D\x2D\x2D\x2D\x2DSGlzdG9yeQ\x5F\x5F\x2D\x2D\x2D0');" title="Toggle visibility"></a></span>
    <span class="left">History</span>
    <span class="right">		<a href="#" data-direction="open" onclick="return toggle_all_folds(this, 'Show\x20all\x20quoted\x20text', 'Hide\x20all\x20quoted\x20text');">Show all quoted text</a>    </span>
  </div>
  <div class="titlebox-content " id="TitleBox--_Public_Bug_Display_html------SGlzdG9yeQ__---0">


<div id="ticket-history">
<div class="ticket-transaction message Create odd">
<div class="ticket-transaction">
  <div class="metadata">
    <span class="type">
      &nbsp;      
    </span>
    <span class="date">Sat&nbsp;Aug&nbsp;30&nbsp;07:21:30&nbsp;2014</span>
    <span class="description">DDICK [...] cpan.org -  Ticket created</span>
    <span class="time-taken"></span>    <span class="actions hidden"></span>
  </div>
    <div class="content">
      
<table>
  <tr>
    <td align="right" class="message-header-key">Subject:</td>
    <td class="message-header-value"> Test failures on PPC - EPEL for Redhat 7</td>
  </tr>
</table>

<div class="messagebody">
<div class="message-stanza plain-text-white-space">Hi all,

I&#39;m trying to build Glib-Object-Introspection for EPEL7

<span class="clickylink"><a target="new" rel="nofollow" href="https://bugzilla.redhat.com/show_bug.cgi?id=1121365">https://bugzilla.redhat.com/show_bug.cgi?id=1121365</a></span>

However, i&#39;m having difficulties getting this package to pass it&#39;s test suite on PPC.

A build attempt for PPC can be seen at the below link

<span class="clickylink"><a target="new" rel="nofollow" href="https://kojipkgs.fedoraproject.org//work/tasks/9687/7489687/build.log">https://kojipkgs.fedoraproject.org//work/tasks/9687/7489687/build.log</a></span>

I&#39;ve asked for and got access to a PPC node from Redhat, so i can gather debug if required.

Cheers
Dave
</div></div>
    </div>
</div>
</div>
<div class="ticket-transaction message Correspond even">
<div class="ticket-transaction">
  <div class="metadata">
    <span class="type">
      &nbsp;      
    </span>
    <span class="date">Sat&nbsp;Aug&nbsp;30&nbsp;10:32:30&nbsp;2014</span>
    <span class="description">kaffeetisch [...] gmx.de -  Correspondence added</span>
    <span class="time-taken"></span>    <span class="actions hidden"></span>
  </div>
    <div class="content">
      
<table>
  <tr>
    <td align="right" class="message-header-key">Subject:</td>
    <td class="message-header-value"> Re: [rt.cpan.org #98463] Test failures on PPC - EPEL for Redhat 7</td>
  </tr>
  <tr>
    <td align="right" class="message-header-key">Date:</td>
    <td class="message-header-value"> Sat, 30 Aug 2014 16:32:19 +0200</td>
  </tr>
  <tr>
    <td align="right" class="message-header-key">To:</td>
    <td class="message-header-value"> bug-Glib-Object-Introspection [...] rt.cpan.org</td>
  </tr>
  <tr>
    <td align="right" class="message-header-key">From:</td>
    <td class="message-header-value"> Torsten Schoenfeld &lt;kaffeetisch [...] gmx.de&gt;</td>
  </tr>
</table>

<div class="messagebody">
<div class="message-stanza plain-text-white-space">Thanks for the report.  All the failures seem to have in common that
they involve &#34;int&#34; arguments or return values which will probably be
mapped to 64 bit big-endian integers on ppc64.  We had a related bug in
this area that was fixed a while ago, but it uses mechanisms only
available with gobject-introspection &gt;= 1.32.0.  What version is the
builder running?  &#40;Check with &#39;pkg-config --modversion
gobject-introspection-1.0&#39;.&#41;

Let&#39;s focus on the arrays.t failure first then.  To rule out problems in
the input conversion, please run the test under a debugger with a
breakpoint set for regress_test_array_int_in.  Then check whether the
input values are correct and that the return value is computed normally.
 On my system, this looks like this:

# LD_LIBRARY_PATH=build gdb --args perl t/arrays.t
[...]
&#40;gdb&#41; b regress_test_array_int_in
Function &#34;regress_test_array_int_in&#34; not defined.
Make breakpoint pending on future shared library load? &#40;y or [n]&#41; y
Breakpoint 1 &#40;regress_test_array_int_in&#41; pending.
&#40;gdb&#41; r
Starting program: /opt/perlbrew/perls/perl-5.20.0/bin/perl t/arrays.t
[...]
Breakpoint 1, regress_test_array_int_in &#40;n_ints=3, ints=0x7a7800&#41;
    at /usr/share/gobject-introspection-1.0/tests/regress.c:599
599       int i, sum = 0;
&#40;gdb&#41; p n_ints
$1 = 3
&#40;gdb&#41; p ints[0]
$2 = 1
&#40;gdb&#41; p ints[1]
$3 = 2
&#40;gdb&#41; p ints[2]
$4 = 3
&#40;gdb&#41; n
600       for &#40;i = 0; i &lt; n_ints; i++&#41;
&#40;gdb&#41; n
601         sum += ints[i];
&#40;gdb&#41; n
600       for &#40;i = 0; i &lt; n_ints; i++&#41;
&#40;gdb&#41; n
601         sum += ints[i];
&#40;gdb&#41; n
600       for &#40;i = 0; i &lt; n_ints; i++&#41;
&#40;gdb&#41; n
601         sum += ints[i];
&#40;gdb&#41; n
600       for &#40;i = 0; i &lt; n_ints; i++&#41;
&#40;gdb&#41; n
602       return sum;
&#40;gdb&#41; p sum
$5 = 6
&#40;gdb&#41;
</div></div>
    </div>
</div>
</div>
<div class="ticket-transaction basics Status odd">
<div class="ticket-transaction">
  <div class="metadata">
    <span class="type">
      &nbsp;      
    </span>
    <span class="date">Sat&nbsp;Aug&nbsp;30&nbsp;10:32:30&nbsp;2014</span>
    <span class="description">The RT System itself -  Status changed from &#39;new&#39; to &#39;open&#39;</span>
    <span class="time-taken"></span>    <span class="actions hidden"></span>
  </div>
    <div class="content">
    </div>
</div>
</div>
<div class="ticket-transaction message Correspond even">
<div class="ticket-transaction">
  <div class="metadata">
    <span class="type">
      &nbsp;      
    </span>
    <span class="date">Sat&nbsp;Aug&nbsp;30&nbsp;17:40:06&nbsp;2014</span>
    <span class="description">DDICK [...] cpan.org -  Correspondence added</span>
    <span class="time-taken"></span>    <span class="actions hidden"></span>
  </div>
    <div class="content">
      

<div class="messagebody">
<div class="message-stanza plain-text-white-space">On Sun Aug 31 00:32:30 2014, TSCH wrote:
<span
    class="message-stanza-folder closed"
    onclick="fold_message_stanza(this, 'Show\x20quoted\x20text', 'Hide\x20quoted\x20text');">Show quoted text</span><br /><div class="message-stanza closed">&gt; Thanks for the report.  All the failures seem to have in common that
&gt; they involve &#34;int&#34; arguments or return values which will probably be
&gt; mapped to 64 bit big-endian integers on ppc64.  We had a related bug in
&gt; this area that was fixed a while ago, but it uses mechanisms only
&gt; available with gobject-introspection &gt;= 1.32.0.  What version is the
&gt; builder running?  &#40;Check with &#39;pkg-config --modversion
&gt; gobject-introspection-1.0&#39;.&#41;
&gt; 
&gt; Let&#39;s focus on the arrays.t failure first then.  To rule out problems in
&gt; the input conversion, please run the test under a debugger with a
&gt; breakpoint set for regress_test_array_int_in.  Then check whether the
&gt; input values are correct and that the return value is computed normally.
&gt;  On my system, this looks like this:
&gt; 
&gt; # LD_LIBRARY_PATH=build gdb --args perl t/arrays.t
&gt; [...]
&gt; &#40;gdb&#41; b regress_test_array_int_in
&gt; Function &#34;regress_test_array_int_in&#34; not defined.
&gt; Make breakpoint pending on future shared library load? &#40;y or [n]&#41; y
&gt; Breakpoint 1 &#40;regress_test_array_int_in&#41; pending.
&gt; &#40;gdb&#41; r
&gt; Starting program: /opt/perlbrew/perls/perl-5.20.0/bin/perl t/arrays.t
&gt; [...]
&gt; Breakpoint 1, regress_test_array_int_in &#40;n_ints=3, ints=0x7a7800&#41;
&gt;     at /usr/share/gobject-introspection-1.0/tests/regress.c:599
&gt; 599     int i, sum = 0;
&gt; &#40;gdb&#41; p n_ints
&gt; $1 = 3
&gt; &#40;gdb&#41; p ints[0]
&gt; $2 = 1
&gt; &#40;gdb&#41; p ints[1]
&gt; $3 = 2
&gt; &#40;gdb&#41; p ints[2]
&gt; $4 = 3
&gt; &#40;gdb&#41; n
&gt; 600     for &#40;i = 0; i &lt; n_ints; i++&#41;
&gt; &#40;gdb&#41; n
&gt; 601       sum += ints[i];
&gt; &#40;gdb&#41; n
&gt; 600     for &#40;i = 0; i &lt; n_ints; i++&#41;
&gt; &#40;gdb&#41; n
&gt; 601       sum += ints[i];
&gt; &#40;gdb&#41; n
&gt; 600     for &#40;i = 0; i &lt; n_ints; i++&#41;
&gt; &#40;gdb&#41; n
&gt; 601       sum += ints[i];
&gt; &#40;gdb&#41; n
&gt; 600     for &#40;i = 0; i &lt; n_ints; i++&#41;
&gt; &#40;gdb&#41; n
&gt; 602     return sum;
&gt; &#40;gdb&#41; p sum
&gt; $5 = 6
&gt; &#40;gdb&#41;
</div>
Thanks for the speedy reply.  Output follows;

$ pkg-config --modversion gobject-introspection-1.0
1.38.0
$ LD_LIBRARY_PATH=build gdb --args perl -Iblib/lib -Iblib/arch t/arrays.t
[...]
&#40;gdb&#41; b regress_test_array_int_in
Function &#34;regress_test_array_int_in&#34; not defined.
Make breakpoint pending on future shared library load? &#40;y or [n]&#41; y
Breakpoint 1 &#40;regress_test_array_int_in&#41; pending.
&#40;gdb&#41; r
Starting program: /usr/bin/perl -Iblib/lib -Iblib/arch t/arrays.t
[...]
Breakpoint 1, regress_test_array_int_in &#40;n_ints=0, ints=0x10054120&#41; at /usr/share/gobject-introspection-1.0/tests/regress.c:599
599       int i, sum = 0;
&#40;gdb&#41; p n_ints
$1 = 0
&#40;gdb&#41; p ints[0]
$2 = 1
&#40;gdb&#41; p ints[1]
$3 = 2
&#40;gdb&#41; p ints[2]
$4 = 3
&#40;gdb&#41; n
600       for &#40;i = 0; i &lt; n_ints; i++&#41;
&#40;gdb&#41; n
602       return sum;
&#40;gdb&#41; p sum
$5 = 0
&#40;gdb&#41;
</div></div>
    </div>
</div>
</div>
<div class="ticket-transaction message Correspond odd">
<div class="ticket-transaction">
  <div class="metadata">
    <span class="type">
      &nbsp;      
    </span>
    <span class="date">Mon&nbsp;Sep&nbsp;08&nbsp;16:32:42&nbsp;2014</span>
    <span class="description">kaffeetisch [...] gmx.de -  Correspondence added</span>
    <span class="time-taken"></span>    <span class="actions hidden"></span>
  </div>
    <div class="content">
      
<table>
  <tr>
    <td align="right" class="message-header-key">Subject:</td>
    <td class="message-header-value"> Re: [rt.cpan.org #98463] Test failures on PPC - EPEL for Redhat 7</td>
  </tr>
  <tr>
    <td align="right" class="message-header-key">Date:</td>
    <td class="message-header-value"> Mon, 08 Sep 2014 22:32:31 +0200</td>
  </tr>
  <tr>
    <td align="right" class="message-header-key">To:</td>
    <td class="message-header-value"> bug-Glib-Object-Introspection [...] rt.cpan.org</td>
  </tr>
  <tr>
    <td align="right" class="message-header-key">From:</td>
    <td class="message-header-value"> Torsten Schoenfeld &lt;kaffeetisch [...] gmx.de&gt;</td>
  </tr>
</table>

<div class="messagebody">
<div class="message-stanza plain-text-white-space">On 30.08.2014 23:40, David Dick via RT wrote:
<span
    class="message-stanza-folder closed"
    onclick="fold_message_stanza(this, 'Show\x20quoted\x20text', 'Hide\x20quoted\x20text');">Show quoted text</span><br /><div class="message-stanza closed">&gt; Breakpoint 1, regress_test_array_int_in &#40;n_ints=0, ints=0x10054120&#41; at /usr/share/gobject-introspection-1.0/tests/regress.c:599
&gt; 599       int i, sum = 0;
&gt; &#40;gdb&#41; p n_ints
&gt; $1 = 0
</div>
Aha, so we have a problem with the inbound array length arg.  Please try
again with the ppc64-fixes branch:
&lt;<span class="clickylink"><a target="new" rel="nofollow" href="https://git.gnome.org/browse/perl-Glib-Object-Introspection/log/?h=ppc64-fixes">https://git.gnome.org/browse/perl-Glib-Object-Introspection/log/?h=ppc64-fixes</a></span>&gt;,
&lt;<span class="clickylink"><a target="new" rel="nofollow" href="https://git.gnome.org/browse/perl-Glib-Object-Introspection/snapshot/ppc64-fixes.zip">https://git.gnome.org/browse/perl-Glib-Object-Introspection/snapshot/ppc64-fixes.zip</a></span>&gt;.
</div></div>
    </div>
</div>
</div>
<div class="ticket-transaction message Correspond even">
<div class="ticket-transaction">
  <div class="metadata">
    <span class="type">
      &nbsp;      
    </span>
    <span class="date">Wed&nbsp;Sep&nbsp;10&nbsp;07:42:23&nbsp;2014</span>
    <span class="description">DDICK [...] cpan.org -  Correspondence added</span>
    <span class="time-taken"></span>    <span class="actions hidden"></span>
  </div>
    <div class="content">
      

<div class="messagebody">
<div class="message-stanza plain-text-white-space">On Tue Sep 09 06:32:42 2014, TSCH wrote:
<span
    class="message-stanza-folder closed"
    onclick="fold_message_stanza(this, 'Show\x20quoted\x20text', 'Hide\x20quoted\x20text');">Show quoted text</span><br /><div class="message-stanza closed">&gt; On 30.08.2014 23:40, David Dick via RT wrote:
<div class="message-stanza open">&gt; &gt; Breakpoint 1, regress_test_array_int_in &#40;n_ints=0, ints=0x10054120&#41;
&gt; &gt; at /usr/share/gobject-introspection-1.0/tests/regress.c:599
&gt; &gt; 599       int i, sum = 0;
&gt; &gt; &#40;gdb&#41; p n_ints
&gt; &gt; $1 = 0
</div>&gt; 
&gt; Aha, so we have a problem with the inbound array length arg.  Please
&gt; try
&gt; again with the ppc64-fixes branch:
&gt; &lt;<span class="clickylink"><a target="new" rel="nofollow" href="https://git.gnome.org/browse/perl-Glib-Object-">https://git.gnome.org/browse/perl-Glib-Object-</a></span>
&gt; Introspection/log/?h=ppc64-fixes&gt;,
&gt; &lt;<span class="clickylink"><a target="new" rel="nofollow" href="https://git.gnome.org/browse/perl-Glib-Object-">https://git.gnome.org/browse/perl-Glib-Object-</a></span>
&gt; Introspection/snapshot/ppc64-fixes.zip&gt;.
</div>
This is better...

$ make test
cp build/IFiles.pm blib/arch/Glib/Object/Introspection/Install/Files.pm
cp lib/Glib/Object/Introspection.pm blib/lib/Glib/Object/Introspection.pm
[ XS GObjectIntrospection.xs ]
[ CC GObjectIntrospection.c ]
Running Mkbootstrap for Glib::Object::Introspection &#40;&#41;
chmod 644 Introspection.bs
rm -f blib/arch/auto/Glib/Object/Introspection/Introspection.so
[ LD blib/arch/auto/Glib/Object/Introspection/Introspection.so ]
chmod 755 blib/arch/auto/Glib/Object/Introspection/Introspection.so
cp Introspection.bs blib/arch/auto/Glib/Object/Introspection/Introspection.bs
chmod 644 blib/arch/auto/Glib/Object/Introspection/Introspection.bs
LD_LIBRARY_PATH=:build PERL_DL_NONLAZY=1 /usr/bin/perl &#34;-MExtUtils::Command::MM&#34; &#34;-e&#34; &#34;test_harness&#40;0, &#39;blib/lib&#39;, &#39;blib/arch&#39;&#41;&#34; t/*.t
t/00-basic-types.t ............ ok     
t/arg-checks.t ................ ok   
t/arrays.t .................... ok     
t/boxed.t ..................... ok     
t/cairo-integration.t ......... ok   
t/callbacks.t ................. 1/25 
#   Failed test at t/callbacks.t line 14.
#          got: &#39;2&#39;
#     expected: &#39;23&#39;

#   Failed test at t/callbacks.t line 16.
#          got: &#39;-1138286488&#39;
#     expected: &#39;23&#39;

#   Failed test at t/callbacks.t line 17.
#          got: &#39;-1138286488&#39;
#     expected: &#39;23&#39;

#   Failed test at t/callbacks.t line 18.
#          got: &#39;366961760&#39;
#     expected: &#39;46&#39;

#   Failed test at t/callbacks.t line 22.
#          got: &#39;876071792&#39;
#     expected: &#39;23&#39;

#   Failed test at t/callbacks.t line 26.
#          got: &#39;876069584&#39;
#     expected: &#39;23&#39;
# Looks like you failed 6 tests of 25.
t/callbacks.t ................. Dubious, test returned 6 &#40;wstat 1536, 0x600&#41;
Failed 6/25 subtests 
t/closures.t .................. ok   
t/constants.t ................. ok   
t/enums.t ..................... Failed 3/4 subtests 
t/hashes.t .................... ok   
t/interface-implementation.t .. ok   
t/objects.t ................... ok     
t/structs.t ................... ok   
t/values.t .................... ok   
t/vfunc-chaining.t ............ ok     
t/vfunc-ref-counting.t ........ ok     

Test Summary Report
-------------------
t/callbacks.t               &#40;Wstat: 1536 Tests: 25 Failed: 6&#41;
  Failed tests:  3, 6, 9, 14, 19, 25
  Non-zero exit status: 6
t/enums.t                   &#40;Wstat: 11 Tests: 1 Failed: 0&#41;
  Non-zero wait status: 11
  Parse errors: Bad plan.  You planned 4 tests but ran 1.
Files=16, Tests=326,  2 wallclock secs &#40; 0.11 usr  0.03 sys +  0.94 cusr  0.15 csys =  1.23 CPU&#41;
Result: FAIL
Failed 2/16 test programs. 6/326 subtests failed.
make: *** [test_dynamic] Error 255
</div></div>
    </div>
</div>
</div>
<div class="ticket-transaction message Correspond odd">
<div class="ticket-transaction">
  <div class="metadata">
    <span class="type">
      &nbsp;      
    </span>
    <span class="date">Thu&nbsp;Sep&nbsp;18&nbsp;05:40:38&nbsp;2014</span>
    <span class="description">kaffeetisch [...] gmx.de -  Correspondence added</span>
    <span class="time-taken"></span>    <span class="actions hidden"></span>
  </div>
    <div class="content">
      
<table>
  <tr>
    <td align="right" class="message-header-key">Subject:</td>
    <td class="message-header-value"> Re: [rt.cpan.org #98463] Test failures on PPC - EPEL for Redhat 7</td>
  </tr>
  <tr>
    <td align="right" class="message-header-key">Date:</td>
    <td class="message-header-value"> Thu, 18 Sep 2014 11:40:21 +0200</td>
  </tr>
  <tr>
    <td align="right" class="message-header-key">To:</td>
    <td class="message-header-value"> bug-Glib-Object-Introspection [...] rt.cpan.org</td>
  </tr>
  <tr>
    <td align="right" class="message-header-key">From:</td>
    <td class="message-header-value"> Torsten Sch√∂nfeld &lt;kaffeetisch [...] gmx.de&gt;</td>
  </tr>
</table>

<div class="messagebody">
<div class="message-stanza plain-text-white-space">On 10.09.2014 13:42, David Dick via RT wrote:
<span
    class="message-stanza-folder closed"
    onclick="fold_message_stanza(this, 'Show\x20quoted\x20text', 'Hide\x20quoted\x20text');">Show quoted text</span><br /><div class="message-stanza closed"><div class="message-stanza open">&gt;&gt; Aha, so we have a problem with the inbound array length arg.  Please
&gt;&gt; try
&gt;&gt; again with the ppc64-fixes branch:
&gt;&gt; &lt;<span class="clickylink"><a target="new" rel="nofollow" href="https://git.gnome.org/browse/perl-Glib-Object-">https://git.gnome.org/browse/perl-Glib-Object-</a></span>
&gt;&gt; Introspection/log/?h=ppc64-fixes&gt;,
&gt;&gt; &lt;<span class="clickylink"><a target="new" rel="nofollow" href="https://git.gnome.org/browse/perl-Glib-Object-">https://git.gnome.org/browse/perl-Glib-Object-</a></span>
&gt;&gt; Introspection/snapshot/ppc64-fixes.zip&gt;.
</div>&gt;
&gt; This is better...
&gt;
&gt; $ make test
 &gt; [...]
</div>
OK, I think I fixed the remaining problem.  Please try the same branch 
again.
</div></div>
    </div>
</div>
</div>
<div class="ticket-transaction message Correspond even">
<div class="ticket-transaction">
  <div class="metadata">
    <span class="type">
      &nbsp;      
    </span>
    <span class="date">Thu&nbsp;Sep&nbsp;18&nbsp;06:40:21&nbsp;2014</span>
    <span class="description">DDICK [...] cpan.org -  Correspondence added</span>
    <span class="time-taken"></span>    <span class="actions hidden"></span>
  </div>
    <div class="content">
      

<div class="messagebody">
<div class="message-stanza plain-text-white-space">On Thu Sep 18 19:40:38 2014, TSCH wrote:
<span
    class="message-stanza-folder closed"
    onclick="fold_message_stanza(this, 'Show\x20quoted\x20text', 'Hide\x20quoted\x20text');">Show quoted text</span><br /><div class="message-stanza closed">&gt; OK, I think I fixed the remaining problem.  Please try the same branch 
&gt; again.
</div>
getting closer.

$ perl Makefile.PL 
Trying to build test libraries... OK
Checking if your kit is complete...
Looks good
Unrecognized argument in LIBS ignored: &#39;-Wl,--export-dynamic&#39;
Unrecognized argument in LIBS ignored: &#39;-pthread&#39;
Writing Makefile for Glib::Object::Introspection
[ddick@coho ppc64-fixes]$ make test
cp build/IFiles.pm blib/arch/Glib/Object/Introspection/Install/Files.pm
cp lib/Glib/Object/Introspection.pm blib/lib/Glib/Object/Introspection.pm
[ XS GObjectIntrospection.xs ]
[ CC GObjectIntrospection.c ]
Running Mkbootstrap for Glib::Object::Introspection &#40;&#41;
chmod 644 Introspection.bs
rm -f blib/arch/auto/Glib/Object/Introspection/Introspection.so
[ LD blib/arch/auto/Glib/Object/Introspection/Introspection.so ]
chmod 755 blib/arch/auto/Glib/Object/Introspection/Introspection.so
cp Introspection.bs blib/arch/auto/Glib/Object/Introspection/Introspection.bs
chmod 644 blib/arch/auto/Glib/Object/Introspection/Introspection.bs
LD_LIBRARY_PATH=:build PERL_DL_NONLAZY=1 /usr/bin/perl &#34;-MExtUtils::Command::MM&#34; &#34;-e&#34; &#34;test_harness&#40;0, &#39;blib/lib&#39;, &#39;blib/arch&#39;&#41;&#34; t/*.t
t/00-basic-types.t ............ ok     
t/arg-checks.t ................ ok   
t/arrays.t .................... ok     
t/boxed.t ..................... ok     
t/cairo-integration.t ......... ok   
t/callbacks.t ................. ok     
t/closures.t .................. ok   
t/constants.t ................. ok   
t/enums.t ..................... Failed 3/4 subtests 
t/hashes.t .................... ok   
t/interface-implementation.t .. ok   
t/objects.t ................... ok     
t/structs.t ................... ok   
t/values.t .................... ok   
t/vfunc-chaining.t ............ ok     
t/vfunc-ref-counting.t ........ ok     

Test Summary Report
-------------------
t/enums.t                   &#40;Wstat: 11 Tests: 1 Failed: 0&#41;
  Non-zero wait status: 11
  Parse errors: Bad plan.  You planned 4 tests but ran 1.
Files=16, Tests=329,  1 wallclock secs &#40; 0.11 usr  0.03 sys +  0.95 cusr  0.17 csys =  1.26 CPU&#41;
Result: FAIL
Failed 1/16 test programs. 0/329 subtests failed.
make: *** [test_dynamic] Error 255
$ LD_LIBRARY_PATH=build perl -Iblib/lib -Iblib/arch t/enums.t 
1..4
ok 1
Segmentation fault
$
</div></div>
    </div>
</div>
</div>
<div class="ticket-transaction message Correspond odd">
<div class="ticket-transaction">
  <div class="metadata">
    <span class="type">
      &nbsp;      
    </span>
    <span class="date">Sun&nbsp;Sep&nbsp;21&nbsp;07:29:31&nbsp;2014</span>
    <span class="description">kaffeetisch [...] gmx.de -  Correspondence added</span>
    <span class="time-taken"></span>    <span class="actions hidden"></span>
  </div>
    <div class="content">
      
<table>
  <tr>
    <td align="right" class="message-header-key">Subject:</td>
    <td class="message-header-value"> Re: [rt.cpan.org #98463] Test failures on PPC - EPEL for Redhat 7</td>
  </tr>
  <tr>
    <td align="right" class="message-header-key">Date:</td>
    <td class="message-header-value"> Sun, 21 Sep 2014 13:29:17 +0200</td>
  </tr>
  <tr>
    <td align="right" class="message-header-key">To:</td>
    <td class="message-header-value"> bug-Glib-Object-Introspection [...] rt.cpan.org</td>
  </tr>
  <tr>
    <td align="right" class="message-header-key">From:</td>
    <td class="message-header-value"> Torsten Schoenfeld &lt;kaffeetisch [...] gmx.de&gt;</td>
  </tr>
</table>

<div class="messagebody">
<div class="message-stanza plain-text-white-space">On 18.09.2014 12:40, David Dick via RT wrote:
<span
    class="message-stanza-folder closed"
    onclick="fold_message_stanza(this, 'Show\x20quoted\x20text', 'Hide\x20quoted\x20text');">Show quoted text</span><br /><div class="message-stanza closed">&gt; Test Summary Report
&gt; -------------------
&gt; t/enums.t                   &#40;Wstat: 11 Tests: 1 Failed: 0&#41;
&gt;   Non-zero wait status: 11
&gt;   Parse errors: Bad plan.  You planned 4 tests but ran 1.
&gt; Files=16, Tests=329,  1 wallclock secs &#40; 0.11 usr  0.03 sys +  0.95 cusr  0.17 csys =  1.26 CPU&#41;
&gt; Result: FAIL
&gt; Failed 1/16 test programs. 0/329 subtests failed.
&gt; make: *** [test_dynamic] Error 255
&gt; $ LD_LIBRARY_PATH=build perl -Iblib/lib -Iblib/arch t/enums.t 
&gt; 1..4
&gt; ok 1
&gt; Segmentation fault
&gt; $
</div>
OK, enums.  I don&#39;t understand why the segfault occurs.  So, could you
run a debugger again?

$ LD_LIBRARY_PATH=build gdb --args perl -Iblib/lib -Iblib/arch t/enums.t
&#40;gdb&#41; r
[...]
Segementation fault
&#40;gdb&#41; bt

I do understand why there are conversion issues with enums, and I think
I now fixed these.  So, please try the ppc64-fixes branch once more:

&lt;<span class="clickylink"><a target="new" rel="nofollow" href="https://git.gnome.org/browse/perl-Glib-Object-Introspection/log/?h=ppc64-fixes">https://git.gnome.org/browse/perl-Glib-Object-Introspection/log/?h=ppc64-fixes</a></span>&gt;
&lt;<span class="clickylink"><a target="new" rel="nofollow" href="https://git.gnome.org/browse/perl-Glib-Object-Introspection/snapshot/ppc64-fixes.zip">https://git.gnome.org/browse/perl-Glib-Object-Introspection/snapshot/ppc64-fixes.zip</a></span>&gt;
</div></div>
    </div>
</div>
</div>
<div class="ticket-transaction message Correspond even">
<div class="ticket-transaction">
  <div class="metadata">
    <span class="type">
      &nbsp;      
    </span>
    <span class="date">Mon&nbsp;Sep&nbsp;22&nbsp;04:15:12&nbsp;2014</span>
    <span class="description">DDICK [...] cpan.org -  Correspondence added</span>
    <span class="time-taken"></span>    <span class="actions hidden"></span>
  </div>
    <div class="content">
      

<div class="messagebody">
<div class="message-stanza plain-text-white-space">On Sun Sep 21 21:29:31 2014, TSCH wrote:
<span
    class="message-stanza-folder closed"
    onclick="fold_message_stanza(this, 'Show\x20quoted\x20text', 'Hide\x20quoted\x20text');">Show quoted text</span><br /><div class="message-stanza closed">&gt; On 18.09.2014 12:40, David Dick via RT wrote:
<div class="message-stanza open">&gt; &gt; Test Summary Report
&gt; &gt; -------------------
&gt; &gt; t/enums.t                   &#40;Wstat: 11 Tests: 1 Failed: 0&#41;
&gt; &gt;   Non-zero wait status: 11
&gt; &gt;   Parse errors: Bad plan.  You planned 4 tests but ran 1.
&gt; &gt; Files=16, Tests=329,  1 wallclock secs &#40; 0.11 usr  0.03 sys +  0.95
&gt; &gt; cusr  0.17 csys =  1.26 CPU&#41;
&gt; &gt; Result: FAIL
&gt; &gt; Failed 1/16 test programs. 0/329 subtests failed.
&gt; &gt; make: *** [test_dynamic] Error 255
&gt; &gt;  $ LD_LIBRARY_PATH=build perl -Iblib/lib -Iblib/arch t/enums.t
&gt; &gt; 1..4
&gt; &gt; ok 1
&gt; &gt; Segmentation fault
&gt; &gt; $
</div>&gt; 
&gt; OK, enums.  I don&#39;t understand why the segfault occurs.  So, could you
&gt; run a debugger again?
&gt; 
&gt; $ LD_LIBRARY_PATH=build gdb --args perl -Iblib/lib -Iblib/arch
&gt; t/enums.t
&gt; &#40;gdb&#41; r
&gt; [...]
&gt; Segementation fault
&gt; &#40;gdb&#41; bt
&gt; 
&gt; I do understand why there are conversion issues with enums, and I
&gt; think
&gt; I now fixed these.  So, please try the ppc64-fixes branch once more:
&gt; 
&gt; &lt;<span class="clickylink"><a target="new" rel="nofollow" href="https://git.gnome.org/browse/perl-Glib-Object-">https://git.gnome.org/browse/perl-Glib-Object-</a></span>
&gt; Introspection/log/?h=ppc64-fixes&gt;
&gt; &lt;<span class="clickylink"><a target="new" rel="nofollow" href="https://git.gnome.org/browse/perl-Glib-Object-">https://git.gnome.org/browse/perl-Glib-Object-</a></span>
&gt; Introspection/snapshot/ppc64-fixes.zip&gt;
</div>
test suite now passes

$ perl Makefile.PL 
Trying to build test libraries... OK
Checking if your kit is complete...
Looks good
Unrecognized argument in LIBS ignored: &#39;-Wl,--export-dynamic&#39;
Unrecognized argument in LIBS ignored: &#39;-pthread&#39;
Writing Makefile for Glib::Object::Introspection
[ddick@coho ppc64-fixes]$ make test
cp build/IFiles.pm blib/arch/Glib/Object/Introspection/Install/Files.pm
cp lib/Glib/Object/Introspection.pm blib/lib/Glib/Object/Introspection.pm
[ XS GObjectIntrospection.xs ]
[ CC GObjectIntrospection.c ]
Running Mkbootstrap for Glib::Object::Introspection &#40;&#41;
chmod 644 Introspection.bs
rm -f blib/arch/auto/Glib/Object/Introspection/Introspection.so
[ LD blib/arch/auto/Glib/Object/Introspection/Introspection.so ]
chmod 755 blib/arch/auto/Glib/Object/Introspection/Introspection.so
cp Introspection.bs blib/arch/auto/Glib/Object/Introspection/Introspection.bs
chmod 644 blib/arch/auto/Glib/Object/Introspection/Introspection.bs
LD_LIBRARY_PATH=:build PERL_DL_NONLAZY=1 /usr/bin/perl &#34;-MExtUtils::Command::MM&#34; &#34;-e&#34; &#34;test_harness&#40;0, &#39;blib/lib&#39;, &#39;blib/arch&#39;&#41;&#34; t/*.t
t/00-basic-types.t ............ ok     
t/arg-checks.t ................ ok   
t/arrays.t .................... ok     
t/boxed.t ..................... ok     
t/cairo-integration.t ......... ok   
t/callbacks.t ................. ok     
t/closures.t .................. ok   
t/constants.t ................. ok   
t/enums.t ..................... ok   
t/hashes.t .................... ok   
t/interface-implementation.t .. ok   
t/objects.t ................... ok     
t/structs.t ................... ok   
t/values.t .................... ok   
t/vfunc-chaining.t ............ ok     
t/vfunc-ref-counting.t ........ ok     
All tests successful.
Files=16, Tests=332,  2 wallclock secs &#40; 0.11 usr  0.03 sys +  0.94 cusr  0.15 csys =  1.23 CPU&#41;
Result: PASS

Thanks!
</div></div>
    </div>
</div>
</div>
<div class="ticket-transaction message Correspond odd">
<div class="ticket-transaction">
  <div class="metadata">
    <span class="type">
      &nbsp;      
    </span>
    <span class="date">Fri&nbsp;Sep&nbsp;26&nbsp;13:37:45&nbsp;2014</span>
    <span class="description">kaffeetisch [...] gmx.de -  Correspondence added</span>
    <span class="time-taken"></span>    <span class="actions hidden"></span>
  </div>
    <div class="content">
      

<div class="messagebody">
<div class="message-stanza plain-text-white-space">On Mon Sep 22 04:15:12 2014, DDICK wrote:
<span
    class="message-stanza-folder closed"
    onclick="fold_message_stanza(this, 'Show\x20quoted\x20text', 'Hide\x20quoted\x20text');">Show quoted text</span><br /><div class="message-stanza closed">&gt; test suite now passes
</div>
Sweet!  All fixes now pushed to the master branch.  Thanks for all your support!
</div></div>
    </div>
</div>
</div>
<div class="ticket-transaction basics Status even">
<div class="ticket-transaction">
  <div class="metadata">
    <span class="type">
      &nbsp;      
    </span>
    <span class="date">Fri&nbsp;Sep&nbsp;26&nbsp;13:37:49&nbsp;2014</span>
    <span class="description">kaffeetisch [...] gmx.de -  Status changed from &#39;open&#39; to &#39;resolved&#39;</span>
    <span class="time-taken"></span>    <span class="actions hidden"></span>
  </div>
    <div class="content">
    </div>
</div>
</div>
</div>
    <hr class="clear" />
  </div>
</div>




</div>
 


  <hr class="clear" />
</div>
</body>
</html>
