<!DOCTYPE html>

<html lang="en">
  <head>
    <title>Bug #13426 for Archive-Zip: make test fail in Archive::Zip 1.15</title>
    <meta http-equiv="X-UA-Compatible" content="IE=edge" />
    <!-- The X-UA-Compatible <meta> tag above must be very early in <head> -->

    <script>
if (window.top !== window.self) {
    document.write = "";

    window.top.location = window.self.location;

    setTimeout(function(){
        document.body.innerHTML = "";
    }, 1);

    window.self.onload = function(){
        document.body.innerHTML = "";
    };
}
</script>



<link rel="shortcut icon" href="/NoAuth/images/favicon.png" type="image/png" />
<link rel="stylesheet" href="/NoAuth/css/aileron-squished-00f758259152f8b6670ee485f462e6b8.css" type="text/css" media="all" />
<link rel="stylesheet" href="/NoAuth/css/print.css" type="text/css" media="print" />




<script type="text/javascript" src="/NoAuth/js/squished-42167f2409ce368da2d31038e5cb2a57.js"></script>

<script type="text/javascript"><!--
	jQuery( loadTitleBoxStates );

--></script>


<!--[if lt IE 8]>
<link rel="stylesheet" href="/NoAuth/css/aileron/msie.css" type="text/css" media="all" />
<![endif]-->
<!--[if lt IE 7]>
<link rel="stylesheet" href="/NoAuth/css/aileron/msie6.css" type="text/css" media="all" />
<![endif]-->
<script type="text/javascript">
jQuery(document).ready(function(){
    jQuery.fn.supersubs.defaults = {
        maxWidth: 30,
        extraWidth: 2
    };

    jQuery("#app-nav.toplevel").addClass('sf-menu sf-js-enabled sf-shadow').supersubs().superfish({ speed: 'fast' });
    jQuery("#page-menu.toplevel").addClass('sf-menu sf-js-enabled').supersubs().superfish({ dropShadows: false, speed: 'fast' }).supposition();
});
</script>


<!-- Site CSS from theme editor -->
<style type="text/css" media="all" id="sitecss">
</style>

<meta name="google-site-verification" content="kD3-uEJK1AkTqaC-rckcSt_HPkAj674DPPuEN6i-y0g" />

</head>
  <body class="aileron sidebyside" id="comp-Public-Bug-Display">

<div id="logo">
<a href="/"><img
    src="/NoAuth/images/cpan.png"
    alt="CPAN"
    width="181"
    height="38" /></a>
    <span class="rtname">RT for rt.cpan.org</span>
</div>


<div id="quickbar">
  <div id="quick-personal">
    <span class="hide"><a href="#skipnav">Skip Menu</a> | </span>
</div>

</div>
<div id="header"><h1>Bug #13426 for Archive-Zip: make test fail in Archive::Zip 1.15</h1></div>



<div id="page-navigation"><ul id="page-menu" class="toplevel">
 <li id="li-page-active_bugs"><a id="page-active_bugs" class="menu-item " href="/Public/Dist/Archive-Zip/Active/">Active bugs</a></li>
 <li id="li-page-resolved_bugs"><a id="page-resolved_bugs" class="menu-item " href="/Public/Dist/Archive-Zip/Resolved/">Resolved bugs</a></li>
 <li id="li-page-rejected_bugs"><a id="page-rejected_bugs" class="menu-item " href="/Public/Dist/Archive-Zip/Rejected/">Rejected bugs</a></li>
 <li id="li-page-report"><a id="page-report" class="menu-item " href="/Public/Dist/Archive-Zip/Active/"></a></li>
</ul></div>
<div id="topactions">



</div>
<div id="body">


<a name="skipnav" id="skipnav" accesskey="8"></a>





<p>This queue is for tickets about the <a href="https://metacpan.org/release/Archive-Zip">Archive-Zip CPAN distribution</a>.</p>





<div class="">
  <div class="titlebox" id="">
  <div class="titlebox-title">
    <span class="widget"><a href="#" onclick="return rollup('TitleBox\x2D\x2D\x5FPublic\x5FBug\x5FDisplay\x5Fhtml\x2D\x2D\x2D\x2D\x2D\x2DUmVwb3J0IGluZm9ybWF0aW9u\x2D\x2D\x2D0');" title="Toggle visibility"></a></span>
    <span class="left">Report information</span>
    <span class="right-empty">		    </span>
  </div>
  <div class="titlebox-content " id="TitleBox--_Public_Bug_Display_html------UmVwb3J0IGluZm9ybWF0aW9u---0">


<table width="100%" class="ticket-summary">
<tr>
  <td valign="top" class="boxcontainer">
    <div class="ticket-info-basics">
  <div class="titlebox ticket-info-basics " id="">
  <div class="titlebox-title">
    <span class="widget"><a href="#" onclick="return rollup('TitleBox\x2D\x2D\x5FPublic\x5FBug\x5FDisplay\x5Fhtml\x2D\x2Dticket\x2Dinfo\x2Dbasics\x2D\x2D\x2D\x2DVGhlIEJhc2ljcw\x5F\x5F\x2D\x2D\x2D0');" title="Toggle visibility"></a></span>
    <span class="left">The Basics</span>
    <span class="right-empty">		    </span>
  </div>
  <div class="titlebox-content " id="TitleBox--_Public_Bug_Display_html--ticket-info-basics----VGhlIEJhc2ljcw__---0">


        <table>
  <tr class="id">
    <td class="label">Id:</td>
    <td class="value">13426</td>
  </tr>
  <tr class="status">
    <td class="label">Status:</td>
    <td class="value">resolved</td>
  </tr>
  <tr class="priority">
    <td class="label">Priority:</td>
    <td class="value">0/
</td>
  </tr>
  <tr class="queue">
    <td class="label">Queue:</td>
    <td class="value"><a href="/Public/Dist/Archive-Zip/Active/">Archive-Zip</a>
</td>
  </tr>
</table>

        <hr class="clear" />
  </div>
</div>




</div>


    <div class="ticket-info-people">
  <div class="titlebox ticket-info-people " id="">
  <div class="titlebox-title">
    <span class="widget"><a href="#" onclick="return rollup('TitleBox\x2D\x2D\x5FPublic\x5FBug\x5FDisplay\x5Fhtml\x2D\x2Dticket\x2Dinfo\x2Dpeople\x2D\x2D\x2D\x2DUGVvcGxl\x2D\x2D\x2D0');" title="Toggle visibility"></a></span>
    <span class="left">People</span>
    <span class="right-empty">		    </span>
  </div>
  <div class="titlebox-content " id="TitleBox--_Public_Bug_Display_html--ticket-info-people----UGVvcGxl---0">


        <table>
  <tr>
    <td class="label">Owner:</td>
    <td class="value">Nobody in particular
    
    </td>
  </tr>
  <tr>
    <td class="labeltop">Requestors:</td>
    <td class="value">
steven.moix [...] axianet.ch

<br />

</td>
  </tr>
  <tr>
    <td class="labeltop">Cc:</td>
    <td class="value">

</td>
  </tr>
  <tr>
    <td class="labeltop">AdminCc:</td>
    <td class="value">

</td>
  </tr>
</table>

        <hr class="clear" />
  </div>
</div>




</div>



  </td>
  <td valign="top" class="boxcontainer">
    
    <div class="ticket-info-cfs">
  <div class="titlebox ticket-info-cfs " id="">
  <div class="titlebox-title">
    <span class="widget"><a href="#" onclick="return rollup('TitleBox\x2D\x2D\x5FPublic\x5FBug\x5FDisplay\x5Fhtml\x2D\x2Dticket\x2Dinfo\x2Dcfs\x2D\x2D\x2D\x2DQnVnIEluZm9ybWF0aW9u\x2D\x2D\x2D0');" title="Toggle visibility"></a></span>
    <span class="left">Bug Information</span>
    <span class="right-empty">		    </span>
  </div>
  <div class="titlebox-content " id="TitleBox--_Public_Bug_Display_html--ticket-info-cfs----QnVnIEluZm9ybWF0aW9u---0">

 
        <table>
  <tr id="CF-1-ShowRow">
    <td class="label">Severity:</td>
    <td class="value">
<i>(no value)</i>
    </td>
  </tr>
  <tr id="CF-2540-ShowRow">
    <td class="label">Broken in:</td>
    <td class="value">
1.15    </td>
  </tr>
  <tr id="CF-2541-ShowRow">
    <td class="label">Fixed in:</td>
    <td class="value">
1.16    </td>
  </tr>
</table>


        <hr class="clear" />
  </div>
</div>




</div>


    




  </td>
</tr>
</table>

    <hr class="clear" />
  </div>
</div>




</div>


<br />


<div class="history">
<div class="titlebox" id="">
  <div class="titlebox-title">
    <span class="widget"><a href="#" onclick="return rollup('TitleBox\x2D\x2D\x5FPublic\x5FBug\x5FDisplay\x5Fhtml\x2D\x2D\x2D\x2D\x2D\x2DSGlzdG9yeQ\x5F\x5F\x2D\x2D\x2D0');" title="Toggle visibility"></a></span>
    <span class="left">History</span>
    <span class="right">		<a href="#" data-direction="open" onclick="return toggle_all_folds(this, 'Show\x20all\x20quoted\x20text', 'Hide\x20all\x20quoted\x20text');">Show all quoted text</a>    </span>
  </div>
  <div class="titlebox-content " id="TitleBox--_Public_Bug_Display_html------SGlzdG9yeQ__---0">


<div id="ticket-history">
<div class="ticket-transaction message Create odd">
<div class="ticket-transaction">
  <div class="metadata">
    <span class="type">
      &nbsp;      
    </span>
    <span class="date">Sun&nbsp;Jun&nbsp;26&nbsp;13:53:15&nbsp;2005</span>
    <span class="description">Guest -  Ticket created</span>
    <span class="time-taken"></span>    <span class="actions hidden"></span>
  </div>
    <div class="content">
      
<table>
  <tr>
    <td align="right" class="message-header-key">Subject:</td>
    <td class="message-header-value"> make test fail in Archive::Zip 1.15</td>
  </tr>
</table>

<div class="messagebody">
<div class="message-stanza plain-text-white-space">Hello, I noticed a &#34;bug&#34; in Archive::Zip from version 1.15. When I run the normal installation process it fails:
perl Makefile.PL: ok
make: ok
make test: not ok &#40;see at the bottom&#41;

This bug was reproduced on serveral OS including CentOS 4.1, Fedora Core 3, Mandriva 10.1 and the latest Ubuntu release. For example let&#39;s take CentOS 4.1 or Fedora Core 3 both with Perl 5.8.5, while running the &#34;make test&#34; I got this result:

[root@gamma Archive-Zip-1.15]# make test
PERL_DL_NONLAZY=1 /usr/bin/perl &#34;-MExtUtils::Command::MM&#34; &#34;-e&#34; &#34;test_harness&#40;0, &#39;blib/lib&#39;, &#39;blib/arch&#39;&#41;&#34; t/*.t
t/00.load...........ok 2/2# Testing Archive::Zip 1.15, Perl 5.008005, /usr/bin/perl
t/00.load...........ok
t/pod...............ok
t/test..............ok
t/testex............ok
t/testMemberRead....ok
t/testTree..........ok
t/testUpdate........ok
t/za_archive_zip....NOK 12#     Failed test &#40;t/za_archive_zip.t at line 36&#41;
t/za_archive_zip....NOK 15#     Failed test &#40;t/za_archive_zip.t at line 42&#41;
t/za_archive_zip....NOK 16#     Failed test &#40;t/za_archive_zip.t at line 43&#41;
#          got: &#39;IO::File=GLOB&#40;0x84ea0a8&#41;&#39;
#     expected: undef
t/za_archive_zip....NOK 17#     Failed test &#40;t/za_archive_zip.t at line 44&#41;
#          got: &#39;ziptest/5n4ltriKOe.zip&#39;
#     expected: undef
t/za_archive_zip....NOK 19#     Failed test &#40;t/za_archive_zip.t at line 46&#41;
#          got: &#39;0&#39;
#     expected: &#39;1&#39;
# Directory not empty
t/za_archive_zip....NOK 20#     Failed test &#40;t/za_archive_zip.t at line 47&#41;
t/za_archive_zip....ok 22/0# Looks like you failed 6 tests of 22.
t/za_archive_zip....dubious
        Test returned status 6 &#40;wstat 1536, 0x600&#41;
DIED. FAILED tests 12, 15-17, 19-20
        Failed 6/22 tests, 72.73% okay
Failed Test        Stat Wstat Total Fail  Failed  List of Failed
-------------------------------------------------------------------------------
t/za_archive_zip.t    6  1536    22    6  27.27%  12 15-17 19-20
Failed 1/8 test scripts, 87.50% okay. 6/195 subtests failed, 96.92% okay.
make: *** [test_dynamic] Error 2 


It was not broken in the last versions :&#41;

Have a nice day...
</div></div>
    </div>
</div>
</div>
<div class="ticket-transaction message Correspond even">
<div class="ticket-transaction">
  <div class="metadata">
    <span class="type">
      &nbsp;      
    </span>
    <span class="date">Tue&nbsp;Jun&nbsp;28&nbsp;06:15:17&nbsp;2005</span>
    <span class="description">Guest -  Correspondence added</span>
    <span class="time-taken"></span>    <span class="actions hidden"></span>
  </div>
    <div class="content">
      

<div class="messagebody">
<div class="message-stanza plain-text-white-space">Same for me: OS X v 10.3.9 &#40;panther&#41; factory perl install.  Didn&#39;t help to update dependent 
modules by hand either.

perl, v5.8.1-RC3 built for darwin-thread-multi-2level

Thanks,
--rob
</div></div>
    </div>
</div>
</div>
<div class="ticket-transaction message Correspond odd">
<div class="ticket-transaction">
  <div class="metadata">
    <span class="type">
      &nbsp;      
    </span>
    <span class="date">Tue&nbsp;Jun&nbsp;28&nbsp;11:39:47&nbsp;2005</span>
    <span class="description">SMPETERS [...] cpan.org -  Correspondence added</span>
    <span class="time-taken"></span>    <span class="actions hidden"></span>
  </div>
    <div class="content">
      

<div class="messagebody">
<div class="message-stanza plain-text-white-space">[guest - Sun Jun 26 13:53:15 2005]:

<span
    class="message-stanza-folder closed"
    onclick="fold_message_stanza(this, 'Show\x20quoted\x20text', 'Hide\x20quoted\x20text');">Show quoted text</span><br /><div class="message-stanza closed">&gt; Hello, I noticed a &#34;bug&#34; in Archive::Zip from version 1.15. When I run
&gt;    the normal installation process it fails:
&gt; perl Makefile.PL: ok
&gt; make: ok
&gt; make test: not ok &#40;see at the bottom&#41;
&gt; 
&gt; This bug was reproduced on serveral OS including CentOS 4.1, Fedora
&gt;    Core 3, Mandriva 10.1 and the latest Ubuntu release. For example
&gt;    let&#39;s take CentOS 4.1 or Fedora Core 3 both with Perl 5.8.5, while
&gt;    running the &#34;make test&#34; I got this result:
&gt; 
&gt; [root@gamma Archive-Zip-1.15]# make test
&gt; PERL_DL_NONLAZY=1 /usr/bin/perl &#34;-MExtUtils::Command::MM&#34; &#34;-e&#34;
&gt;    &#34;test_harness&#40;0, &#39;blib/lib&#39;, &#39;blib/arch&#39;&#41;&#34; t/*.t
&gt; t/00.load...........ok 2/2# Testing Archive::Zip 1.15, Perl 5.008005,
&gt;    /usr/bin/perl
&gt; t/00.load...........ok
&gt; t/pod...............ok
&gt; t/test..............ok
&gt; t/testex............ok
&gt; t/testMemberRead....ok
&gt; t/testTree..........ok
&gt; t/testUpdate........ok
&gt; t/za_archive_zip....NOK 12#     Failed test &#40;t/za_archive_zip.t at
&gt;    line 36&#41;
&gt; t/za_archive_zip....NOK 15#     Failed test &#40;t/za_archive_zip.t at
&gt;    line 42&#41;
&gt; t/za_archive_zip....NOK 16#     Failed test &#40;t/za_archive_zip.t at
&gt;    line 43&#41;
&gt; #          got: &#39;IO::File=GLOB&#40;0x84ea0a8&#41;&#39;
&gt; #     expected: undef
&gt; t/za_archive_zip....NOK 17#     Failed test &#40;t/za_archive_zip.t at
&gt;    line 44&#41;
&gt; #          got: &#39;ziptest/5n4ltriKOe.zip&#39;
&gt; #     expected: undef
&gt; t/za_archive_zip....NOK 19#     Failed test &#40;t/za_archive_zip.t at
&gt;    line 46&#41;
&gt; #          got: &#39;0&#39;
&gt; #     expected: &#39;1&#39;
&gt; # Directory not empty
&gt; t/za_archive_zip....NOK 20#     Failed test &#40;t/za_archive_zip.t at
&gt;    line 47&#41;
&gt; t/za_archive_zip....ok 22/0# Looks like you failed 6 tests of 22.
&gt; t/za_archive_zip....dubious
&gt;         Test returned status 6 &#40;wstat 1536, 0x600&#41;
&gt; DIED. FAILED tests 12, 15-17, 19-20
&gt;         Failed 6/22 tests, 72.73% okay
&gt; Failed Test        Stat Wstat Total Fail  Failed  List of Failed
&gt;
</div>-------------------------------------------------------------------------------
<span
    class="message-stanza-folder closed"
    onclick="fold_message_stanza(this, 'Show\x20quoted\x20text', 'Hide\x20quoted\x20text');">Show quoted text</span><br /><div class="message-stanza closed">&gt; t/za_archive_zip.t    6  1536    22    6  27.27%  12 15-17 19-20
&gt; Failed 1/8 test scripts, 87.50% okay. 6/195 subtests failed, 96.92%
&gt;    okay.
&gt; make: *** [test_dynamic] Error 2
&gt; 
&gt; 
&gt; It was not broken in the last versions :&#41;
&gt; 
&gt; Have a nice day...
</div>

Hmmm...these tests were added to improve test coverage, not to blow up
miserably, obviously.  I had tested on both OpenBSD and Ubuntu Linux
without problems, but obviously, others are having problems.  I&#39;ll be
removing these tests from the current distribution, while figuring out
what&#39;s going on.
</div></div>
    </div>
</div>
</div>
<div class="ticket-transaction message Correspond even">
<div class="ticket-transaction">
  <div class="metadata">
    <span class="type">
      &nbsp;      
    </span>
    <span class="date">Thu&nbsp;Jun&nbsp;30&nbsp;11:29:33&nbsp;2005</span>
    <span class="description">Guest -  Correspondence added</span>
    <span class="time-taken"></span>    <span class="actions hidden"></span>
  </div>
    <div class="content">
      
<table>
  <tr>
    <td align="right" class="message-header-key">From:</td>
    <td class="message-header-value"> JussiT</td>
  </tr>
</table>

<div class="messagebody">
<div class="message-stanza plain-text-white-space">[SMPETERS - Tue Jun 28 11:39:47 2005]:

<span
    class="message-stanza-folder closed"
    onclick="fold_message_stanza(this, 'Show\x20quoted\x20text', 'Hide\x20quoted\x20text');">Show quoted text</span><br /><div class="message-stanza closed">&gt; Hmmm...these tests were added to improve test coverage, not to blow up
&gt; miserably, obviously.  I had tested on both OpenBSD and Ubuntu Linux
&gt; without problems, but obviously, others are having problems.  I&#39;ll be
&gt; removing these tests from the current distribution, while figuring out
&gt; what&#39;s going on.
</div>
Same problem here with Red Hat Enterprise Linux 3 ES as well as Fedora
Core #4.
</div></div>
    </div>
</div>
</div>
<div class="ticket-transaction message Correspond odd">
<div class="ticket-transaction">
  <div class="metadata">
    <span class="type">
      &nbsp;      
    </span>
    <span class="date">Fri&nbsp;Jul&nbsp;01&nbsp;15:46:38&nbsp;2005</span>
    <span class="description">Guest -  Correspondence added</span>
    <span class="time-taken"></span>    <span class="actions hidden"></span>
  </div>
    <div class="content">
      
<table>
  <tr>
    <td align="right" class="message-header-key">From:</td>
    <td class="message-header-value"> Andres Yacopino</td>
  </tr>
</table>

<div class="messagebody">
<div class="message-stanza plain-text-white-space">Some Problem on Solaris 9 with UltraSparc Processor:

root@acafipri # make test
PERL_DL_NONLAZY=1 /usr/bin/perl &#34;-MExtUtils::Command::MM&#34; &#34;-e&#34;
&#34;test_harness&#40;0, &#39;blib/lib&#39;, &#39;blib/arch&#39;&#41;&#34; t/*.t
t/00.load...........# Testing Archive::Zip 1.15, Perl 5.008007,
/usr/bin/perl
t/00.load...........ok
t/pod...............skipped
        all skipped: Test::Pod 1.00 required for testing POD
t/test..............ok
t/testex............ok
t/testMemberRead....ok
t/testTree..........ok
t/testUpdate........ok
t/za_archive_zip....NOK 12
#     Failed test &#40;t/za_archive_zip.t at line 36&#41;
t/za_archive_zip....NOK 15
#     Failed test &#40;t/za_archive_zip.t at line 42&#41;
t/za_archive_zip....NOK 16
#     Failed test &#40;t/za_archive_zip.t at line 43&#41;
#          got: &#39;IO::File=GLOB&#40;0x451794&#41;&#39;
#     expected: undef
t/za_archive_zip....NOK 17
#     Failed test &#40;t/za_archive_zip.t at line 44&#41;
#          got: &#39;ziptest/gH6d7Fhesa.zip&#39;
#     expected: undef
t/za_archive_zip....NOK 19
#     Failed test &#40;t/za_archive_zip.t at line 46&#41;
#          got: &#39;0&#39;
#     expected: &#39;1&#39;
# File exists
t/za_archive_zip....NOK 20
#     Failed test &#40;t/za_archive_zip.t at line 47&#41;
# Looks like you failed 6 tests of 22.
t/za_archive_zip....dubious
        Test returned status 6 &#40;wstat 1536, 0x600&#41;
DIED. FAILED tests 12, 15-17, 19-20
        Failed 6/22 tests, 72.73% okay
Failed Test        Stat Wstat Total Fail  Failed  List of Failed
-------------------------------------------------------------------------------
t/za_archive_zip.t    6  1536    22    6  27.27%  12 15-17 19-20
1 test skipped.
Failed 1/8 test scripts, 87.50% okay. 6/187 subtests failed, 96.79% okay.
*** Error code 6
make: Fatal error: Command failed for target `test_dynamic&#39;
</div></div>
    </div>
</div>
</div>
<div class="ticket-transaction basics Status even">
<div class="ticket-transaction">
  <div class="metadata">
    <span class="type">
      &nbsp;      
    </span>
    <span class="date">Tue&nbsp;Jul&nbsp;05&nbsp;07:23:55&nbsp;2005</span>
    <span class="description">SMPETERS [...] cpan.org -  Status changed from &#39;new&#39; to &#39;resolved&#39;</span>
    <span class="time-taken"></span>    <span class="actions hidden"></span>
  </div>
    <div class="content">
    </div>
</div>
</div>
<div class="ticket-transaction message Correspond odd">
<div class="ticket-transaction">
  <div class="metadata">
    <span class="type">
      &nbsp;      
    </span>
    <span class="date">Tue&nbsp;Jul&nbsp;05&nbsp;07:23:55&nbsp;2005</span>
    <span class="description">SMPETERS [...] cpan.org -  Correspondence added</span>
    <span class="time-taken"></span>    <span class="actions hidden"></span>
  </div>
    <div class="content">
      

<div class="messagebody">
<div class="message-stanza plain-text-white-space">[guest - Sun Jun 26 13:53:15 2005]:

<span
    class="message-stanza-folder closed"
    onclick="fold_message_stanza(this, 'Show\x20quoted\x20text', 'Hide\x20quoted\x20text');">Show quoted text</span><br /><div class="message-stanza closed">&gt; Hello, I noticed a &#34;bug&#34; in Archive::Zip from version 1.15. When I run
&gt;    the normal installation process it fails:
&gt; perl Makefile.PL: ok
&gt; make: ok
&gt; make test: not ok &#40;see at the bottom&#41;
&gt; 
&gt; This bug was reproduced on serveral OS including CentOS 4.1, Fedora
&gt;    Core 3, Mandriva 10.1 and the latest Ubuntu release. For example
&gt;    let&#39;s take CentOS 4.1 or Fedora Core 3 both with Perl 5.8.5, while
&gt;    running the &#34;make test&#34; I got this result:
&gt; 
&gt; [root@gamma Archive-Zip-1.15]# make test
&gt; PERL_DL_NONLAZY=1 /usr/bin/perl &#34;-MExtUtils::Command::MM&#34; &#34;-e&#34;
&gt;    &#34;test_harness&#40;0, &#39;blib/lib&#39;, &#39;blib/arch&#39;&#41;&#34; t/*.t
&gt; t/00.load...........ok 2/2# Testing Archive::Zip 1.15, Perl 5.008005,
&gt;    /usr/bin/perl
&gt; t/00.load...........ok
&gt; t/pod...............ok
&gt; t/test..............ok
&gt; t/testex............ok
&gt; t/testMemberRead....ok
&gt; t/testTree..........ok
&gt; t/testUpdate........ok
&gt; t/za_archive_zip....NOK 12#     Failed test &#40;t/za_archive_zip.t at
&gt;    line 36&#41;
&gt; t/za_archive_zip....NOK 15#     Failed test &#40;t/za_archive_zip.t at
&gt;    line 42&#41;
&gt; t/za_archive_zip....NOK 16#     Failed test &#40;t/za_archive_zip.t at
&gt;    line 43&#41;
&gt; #          got: &#39;IO::File=GLOB&#40;0x84ea0a8&#41;&#39;
&gt; #     expected: undef
&gt; t/za_archive_zip....NOK 17#     Failed test &#40;t/za_archive_zip.t at
&gt;    line 44&#41;
&gt; #          got: &#39;ziptest/5n4ltriKOe.zip&#39;
&gt; #     expected: undef
&gt; t/za_archive_zip....NOK 19#     Failed test &#40;t/za_archive_zip.t at
&gt;    line 46&#41;
&gt; #          got: &#39;0&#39;
&gt; #     expected: &#39;1&#39;
&gt; # Directory not empty
&gt; t/za_archive_zip....NOK 20#     Failed test &#40;t/za_archive_zip.t at
&gt;    line 47&#41;
&gt; t/za_archive_zip....ok 22/0# Looks like you failed 6 tests of 22.
&gt; t/za_archive_zip....dubious
&gt;         Test returned status 6 &#40;wstat 1536, 0x600&#41;
&gt; DIED. FAILED tests 12, 15-17, 19-20
&gt;         Failed 6/22 tests, 72.73% okay
&gt; Failed Test        Stat Wstat Total Fail  Failed  List of Failed
&gt;
</div>-------------------------------------------------------------------------------
<span
    class="message-stanza-folder closed"
    onclick="fold_message_stanza(this, 'Show\x20quoted\x20text', 'Hide\x20quoted\x20text');">Show quoted text</span><br /><div class="message-stanza closed">&gt; t/za_archive_zip.t    6  1536    22    6  27.27%  12 15-17 19-20
&gt; Failed 1/8 test scripts, 87.50% okay. 6/195 subtests failed, 96.92%
&gt;    okay.
&gt; make: *** [test_dynamic] Error 2
&gt; 
&gt; 
&gt; It was not broken in the last versions :&#41;
&gt; 
&gt; Have a nice day...
</div>

Grrr....now even I&#39;m seeing the same problems.  This new test file is
now removed.  Archive::Zip 1.16 has been uploaded minus the bad test
file.  I&#39;ll have to re-evaluate my plans to improve Archive::Zip&#39;s
current test coverage considering the impending new release of
Compress::Zlib.
</div></div>
    </div>
</div>
</div>
<div class="ticket-transaction other CustomField even">
<div class="ticket-transaction">
  <div class="metadata">
    <span class="type">
      &nbsp;      <a id="lasttrans" name="lasttrans"></a>
    </span>
    <span class="date">Tue&nbsp;Jul&nbsp;05&nbsp;07:24:26&nbsp;2005</span>
    <span class="description">SMPETERS [...] cpan.org -  Fixed in 1.16 added</span>
    <span class="time-taken"></span>    <span class="actions hidden"></span>
  </div>
    <div class="content">
    </div>
</div>
</div>
</div>
    <hr class="clear" />
  </div>
</div>




</div>
 


  <hr class="clear" />
</div>
</body>
</html>
