PERL_DL_NONLAZY=1 /usr/bin/perl "-MExtUtils::Command::MM" "-e" "test_harness(1, 'blib/lib', 'blib/arch')" t/*.t
t/00load.........1..1
ok 1 - use WWW::Yahoo::Groups;
ok
t/00sig..........1..1
ok 1 # skip Test::Signature not installed.
ok
        1/1 skipped: various reasons
t/01login........1..4
ok 1 - use WWW::Yahoo::Groups;
ok 2 - The object isa WWW::Yahoo::Groups
not ok 3 - Unexpected error.

#   Failed test 'Unexpected error.'
#   at t/01login.t line 14.
# Can't locate object method "follow" via package "WWW::Yahoo::Groups::Mechanize" at /home/kaplan/packages/perl/WWW-Yahoo-Groups-1.91/blib/lib/WWW/Yahoo/Groups.pm line 256.
ok 4 - Fetch failed: Cannot fetch a message without a list being specified.
# Looks like you failed 1 test of 4.
dubious
	Test returned status 1 (wstat 256, 0x100)
DIED. FAILED test 3
	Failed 1/4 tests, 75.00% okay
t/02badparam.....1..32
ok 1 - use WWW::Yahoo::Groups;
ok 2 - The object isa WWW::Yahoo::Groups
ok 3 - autosleep_fractional: Parameter \#1 ("1.3") to WWW::Yahoo::Groups::Mechanize::autosleep did not pass the 'is integer' callback
ok 4 - autosleep_string: Parameter \#1 ("fnurdle") to WWW::Yahoo::Groups::Mechanize::autosleep did not pass the 'is integer' callback
ok 5 - autosleep_subzero: Parameter \#1 ("-1") to WWW::Yahoo::Groups::Mechanize::autosleep did not pass the 'is integer' callback
ok 6 - autosleep_toomany: 2 parameters were passed to WWW::Yahoo::Groups::Mechanize::autosleep but 1 was expected
ok 7 - autosleep_undef: Parameter \#1 (undef) to WWW::Yahoo::Groups::Mechanize::autosleep was an 'undef', which is not one of the allowed types: scalar
ok 8 - fetch_message_fractional: Parameter \#1 ("1.3") to WWW::Yahoo::Groups::fetch_message did not pass the 'is positive integer' callback
ok 9 - fetch_message_insufficient: 0 parameters were passed to WWW::Yahoo::Groups::fetch_message but 1 was expected
ok 10 - fetch_message_string: Parameter \#1 ("fnurdle") to WWW::Yahoo::Groups::fetch_message did not pass the 'is positive integer' callback
ok 11 - fetch_message_toomany: 2 parameters were passed to WWW::Yahoo::Groups::fetch_message but 1 was expected
ok 12 - fetch_message_undef: Parameter \#1 (undef) to WWW::Yahoo::Groups::fetch_message was an 'undef', which is not one of the allowed types: scalar
ok 13 - fetch_message_zero: Parameter \#1 ("0") to WWW::Yahoo::Groups::fetch_message did not pass the 'is positive integer' callback
ok 14 - fetch_rss_fractional: Parameter \#1 ("1.3") to WWW::Yahoo::Groups::fetch_rss did not pass the 'is positive integer below 101' callback
ok 15 - fetch_rss_hundred_one: Parameter \#1 ("101") to WWW::Yahoo::Groups::fetch_rss did not pass the 'is positive integer below 101' callback
ok 16 - fetch_rss_string: Parameter \#1 ("fnurdle") to WWW::Yahoo::Groups::fetch_rss did not pass the 'is positive integer below 101' callback
ok 17 - fetch_rss_toomany: 2 parameters were passed to WWW::Yahoo::Groups::fetch_rss but 0 - 1 was expected
ok 18 - fetch_rss_undef: Parameter \#1 (undef) to WWW::Yahoo::Groups::fetch_rss was an 'undef', which is not one of the allowed types: scalar
ok 19 - fetch_rss_zero: Parameter \#1 ("0") to WWW::Yahoo::Groups::fetch_rss did not pass the 'is positive integer below 101' callback
ok 20 - first_msg_id_toomany: 1 parameter was passed to WWW::Yahoo::Groups::first_msg_id but 0 were expected
ok 21 - last_msg_id_toomany: 1 parameter was passed to WWW::Yahoo::Groups::last_msg_id but 0 were expected
ok 22 - list_badchars: Parameter \#1 ("fred::bob") to WWW::Yahoo::Groups::list did not pass the 'appropriate characters' callback
ok 23 - list_blank: Parameter \#1 ("") to WWW::Yahoo::Groups::list did not pass the 'defined and of length' callback
ok 24 - list_toomany: 2 parameters were passed to WWW::Yahoo::Groups::list but 1 was expected
ok 25 - lists_toomany: 1 parameter was passed to WWW::Yahoo::Groups::lists but 0 were expected
ok 26 - loggedin_toomany: 1 parameter was passed to WWW::Yahoo::Groups::loggedin but 0 were expected
ok 27 - login_arrayref: Parameter \#1 ("ARRAY(0x2ac4f78)") to WWW::Yahoo::Groups::login was an 'arrayref', which is not one of the allowed types: scalar
ok 28 - login_insufficient: 1 parameter was passed to WWW::Yahoo::Groups::login but 2 were expected
ok 29 - login_named: 4 parameters were passed to WWW::Yahoo::Groups::login but 2 were expected
ok 30 - login_named_dash: 4 parameters were passed to WWW::Yahoo::Groups::login but 2 were expected
ok 31 - login_toomany: 3 parameters were passed to WWW::Yahoo::Groups::login but 2 were expected
ok 32 - logout_toomany: 1 parameter was passed to WWW::Yahoo::Groups::logout but 0 were expected
ok
t/03adult........1..8
ok 1 - use WWW::Yahoo::Groups;
ok 2 - The object isa WWW::Yahoo::Groups
Can't locate object method "follow" via package "WWW::Yahoo::Groups::Mechanize" at /home/kaplan/packages/perl/WWW-Yahoo-Groups-1.91/blib/lib/WWW/Yahoo/Groups.pm line 256.
# Looks like you planned 8 tests but only ran 2.
# Looks like your test died just after 2.
dubious
	Test returned status 255 (wstat 65280, 0xff00)
DIED. FAILED tests 3-8
	Failed 6/8 tests, 25.00% okay
t/03message......1..10
ok 1 - use WWW::Yahoo::Groups;
ok 2 - The object isa WWW::Yahoo::Groups
Can't locate object method "follow" via package "WWW::Yahoo::Groups::Mechanize" at /home/kaplan/packages/perl/WWW-Yahoo-Groups-1.91/blib/lib/WWW/Yahoo/Groups.pm line 256.
# Looks like you planned 10 tests but only ran 2.
# Looks like your test died just after 2.
dubious
	Test returned status 255 (wstat 65280, 0xff00)
DIED. FAILED tests 3-10
	Failed 8/10 tests, 20.00% okay
t/04rss..........1..23
ok 1 - use WWW::Yahoo::Groups;
ok 2 - The object isa WWW::Yahoo::Groups
Can't locate object method "follow" via package "WWW::Yahoo::Groups::Mechanize" at /home/kaplan/packages/perl/WWW-Yahoo-Groups-1.91/blib/lib/WWW/Yahoo/Groups.pm line 256.
# Looks like you planned 23 tests but only ran 2.
# Looks like your test died just after 2.
dubious
	Test returned status 255 (wstat 65280, 0xff00)
DIED. FAILED tests 3-23
	Failed 21/23 tests, 8.70% okay
t/05lists........1..7
ok 1 - use WWW::Yahoo::Groups;
ok 2 - The object isa WWW::Yahoo::Groups
ok 3 - We are not logged in
ok 4 - One cannot fetch lists while not logged in.
Can't locate object method "follow" via package "WWW::Yahoo::Groups::Mechanize" at /home/kaplan/packages/perl/WWW-Yahoo-Groups-1.91/blib/lib/WWW/Yahoo/Groups.pm line 256.
# Looks like you planned 7 tests but only ran 4.
# Looks like your test died just after 4.
dubious
	Test returned status 255 (wstat 65280, 0xff00)
DIED. FAILED tests 5-7
	Failed 3/7 tests, 57.14% okay
t/06lastmsgid....1..16
ok 1 - use WWW::Yahoo::Groups;
ok 2 - The object isa WWW::Yahoo::Groups
Can't locate object method "follow" via package "WWW::Yahoo::Groups::Mechanize" at /home/kaplan/packages/perl/WWW-Yahoo-Groups-1.91/blib/lib/WWW/Yahoo/Groups.pm line 256.
# Looks like you planned 16 tests but only ran 2.
# Looks like your test died just after 2.
dubious
	Test returned status 255 (wstat 65280, 0xff00)
DIED. FAILED tests 3-16
	Failed 14/16 tests, 12.50% okay
t/07sleep........1..7
ok 1 - use WWW::Yahoo::Groups;
ok 2 - The object isa WWW::Yahoo::Groups
ok 3 - autosleep() returns what was given
Can't locate object method "follow" via package "WWW::Yahoo::Groups::Mechanize" at /home/kaplan/packages/perl/WWW-Yahoo-Groups-1.91/blib/lib/WWW/Yahoo/Groups.pm line 256.
# Looks like you planned 7 tests but only ran 3.
# Looks like your test died just after 3.
dubious
	Test returned status 255 (wstat 65280, 0xff00)
DIED. FAILED tests 4-7
	Failed 4/7 tests, 42.86% okay
t/08logout.......1..11
ok 1 - use WWW::Yahoo::Groups;
ok 2 - The object isa WWW::Yahoo::Groups
ok 3 - Can not log out if not logged in.
not ok 4 - Logged in

#   Failed test 'Logged in'
#   at t/08logout.t line 20.
not ok 5 - Am logged in

#   Failed test 'Am logged in'
#   at t/08logout.t line 21.
ok 6 - Logged out
ok 7 - Am logged out

#   Failed test 'Logged in'
#   at t/08logout.t line 20.
not ok 8 - Logged in

#   Failed test 'Am logged in'
not ok 9 - Am logged in
ok 10 - Logged out
ok 11 - Am logged out
# Looks like you failed 4 tests of 11.
dubious
	Test returned status 4 (wstat 1024, 0x400)
DIED. FAILED tests 4-5, 8-9
	Failed 4/11 tests, 63.64% okay
t/09badfetch.....1..3
ok 1 - use WWW::Yahoo::Groups;
ok 2 - The object isa WWW::Yahoo::Groups
ok 3 - Correctly given a fatal BadFetch.
ok
t/10agent........1..7
ok 1 - use WWW::Yahoo::Groups;
ok 2 - The object isa WWW::Yahoo::Groups
ok 3 - The object isa WWW::Mechanize
ok 4 - Same object as before
ok 5 - The object isa WWW::Yahoo::Groups
ok 6 - Same object as before
ok 7 - The object isa Fnar
ok
t/99pod..........1..0 # Skip Test::Pod 1.00 required for testing POD
skipped
        all skipped: Test::Pod 1.00 required for testing POD
Failed Test     Stat Wstat Total Fail  List of Failed
-------------------------------------------------------------------------------
t/01login.t        1   256     4    1  3
t/03adult.t      255 65280     8   12  3-8
t/03message.t    255 65280    10   16  3-10
t/04rss.t        255 65280    23   42  3-23
t/05lists.t      255 65280     7    6  5-7
t/06lastmsgid.t  255 65280    16   28  3-16
t/07sleep.t      255 65280     7    8  4-7
t/08logout.t       4  1024    11    4  4-5 8-9
1 test and 1 subtest skipped.
Failed 8/14 test scripts. 61/130 subtests failed.
Files=14, Tests=130, 37 wallclock secs ( 2.66 cusr +  0.38 csys =  3.04 CPU)
Failed 8/14 test programs. 61/130 subtests failed.
make: *** [test_dynamic] Error 255
