cpanm (App::cpanminus) 1.7044 on perl 5.008001 built for x86_64-linux
Work directory is /home/cip/.cpanm/work/1586952800.4036
You have make /usr/bin/make
You have /usr/bin/curl
You have /bin/tar: tar (GNU tar) 1.30
Copyright (C) 2017 Free Software Foundation, Inc.
License GPLv3+: GNU GPL version 3 or later <https://gnu.org/licenses/gpl.html>.
This is free software: you are free to change and redistribute it.
There is NO WARRANTY, to the extent permitted by law.

Written by John Gilmore and Jay Fenlason.
Searching List::Util () on cpanmetadb ...
--> Working on List::Util
Fetching http://www.cpan.org/authors/id/P/PE/PEVANS/Scalar-List-Utils-1.55.tar.gz
-> OK
Unpacking Scalar-List-Utils-1.55.tar.gz
Entering Scalar-List-Utils-1.55
Checking configure dependencies from META.json
Checking if you have ExtUtils::MakeMaker 6.58 ... Yes (7.44)
Configuring Scalar-List-Utils-1.55
Running Makefile.PL
Checking if your kit is complete...
Looks good
Generating a Unix-style Makefile
Writing Makefile for List::Util
Writing MYMETA.yml and MYMETA.json
-> OK
Checking dependencies from MYMETA.json ...
Checking if you have ExtUtils::MakeMaker 0 ... Yes (7.44)
Checking if you have Test::More 0 ... Yes (1.302175)
Building and testing Scalar-List-Utils-1.55
cp lib/Scalar/Util.pm blib/lib/Scalar/Util.pm
cp lib/List/Util/XS.pm blib/lib/List/Util/XS.pm
cp lib/Sub/Util.pm blib/lib/Sub/Util.pm
cp lib/List/Util.pm blib/lib/List/Util.pm
Running Mkbootstrap for Util ()
chmod 644 "Util.bs"
"/opt/perl/5.8.1/bin/perl" -MExtUtils::Command::MM -e 'cp_nonempty' -- Util.bs blib/arch/auto/List/Util/Util.bs 644
"/opt/perl/5.8.1/bin/perl" "/home/cip/perl5/lib/perl5/ExtUtils/xsubpp"  -typemap '/opt/perl/5.8.1/lib/5.8.1/ExtUtils/typemap'  ListUtil.xs > ListUtil.xsc
mv ListUtil.xsc ListUtil.c
cc -c   -fwrapv -fno-strict-aliasing -I/usr/local/include -D_LARGEFILE_SOURCE -D_FILE_OFFSET_BITS=64 -O2   -DVERSION=\"1.55\" -DXS_VERSION=\"1.55\" -fpic "-I/opt/perl/5.8.1/lib/5.8.1/x86_64-linux/CORE"  -DPERL_EXT -DUSE_PPPORT_H ListUtil.c
ListUtil.xs: In function 'XS_List__Util_uniq':
ListUtil.xs:1376:35: warning: implicit declaration of function 'Perl_ceil'; did you mean 'Perl_seed'? [-Wimplicit-function-declaration]
                     arg = newSVnv(Perl_ceil(nv));
                                   ^~~~~~~~~
                                   Perl_seed
rm -f blib/arch/auto/List/Util/Util.so
cc  -shared -L/usr/local/lib  ListUtil.o  -o blib/arch/auto/List/Util/Util.so  \
      \
  
chmod 755 blib/arch/auto/List/Util/Util.so
"/opt/perl/5.8.1/bin/perl" -MExtUtils::Command::MM -e 'cp_nonempty' -- Util.bs blib/arch/auto/List/Util/Util.bs 644
PERL_DL_NONLAZY=1 "/opt/perl/5.8.1/bin/perl" "-MExtUtils::Command::MM" "-MTest::Harness" "-e" "undef *Test::Harness::Switches; test_harness(0, 'blib/lib', 'blib/arch')" t/*.t
t/00version...........Can't load '/home/cip/.cpanm/work/1586952800.4036/Scalar-List-Utils-1.55/blib/arch/auto/List/Util/Util.so' for module List::Util: /home/cip/.cpanm/work/1586952800.4036/Scalar-List-Utils-1.55/blib/arch/auto/List/Util/Util.so: undefined symbol: Perl_ceil at /opt/perl/5.8.1/lib/5.8.1/x86_64-linux/DynaLoader.pm line 229.
 at /home/cip/.cpanm/work/1586952800.4036/Scalar-List-Utils-1.55/blib/lib/Scalar/Util.pm line 23.
Compilation failed in require at /home/cip/.cpanm/work/1586952800.4036/Scalar-List-Utils-1.55/blib/lib/Scalar/Util.pm line 23.
Compilation failed in require at t/00version.t line 6.
BEGIN failed--compilation aborted at t/00version.t line 6.
dubious
	Test returned status 2 (wstat 512, 0x200)
t/any-all.............Can't load '/home/cip/.cpanm/work/1586952800.4036/Scalar-List-Utils-1.55/blib/arch/auto/List/Util/Util.so' for module List::Util: /home/cip/.cpanm/work/1586952800.4036/Scalar-List-Utils-1.55/blib/arch/auto/List/Util/Util.so: undefined symbol: Perl_ceil at /opt/perl/5.8.1/lib/5.8.1/x86_64-linux/DynaLoader.pm line 229.
 at t/any-all.t line 6.
Compilation failed in require at t/any-all.t line 6.
BEGIN failed--compilation aborted at t/any-all.t line 6.
dubious
	Test returned status 2 (wstat 512, 0x200)
t/blessed.............Can't load '/home/cip/.cpanm/work/1586952800.4036/Scalar-List-Utils-1.55/blib/arch/auto/List/Util/Util.so' for module List::Util: /home/cip/.cpanm/work/1586952800.4036/Scalar-List-Utils-1.55/blib/arch/auto/List/Util/Util.so: undefined symbol: Perl_ceil at /opt/perl/5.8.1/lib/5.8.1/x86_64-linux/DynaLoader.pm line 229.
 at /home/cip/.cpanm/work/1586952800.4036/Scalar-List-Utils-1.55/blib/lib/Scalar/Util.pm line 23.
Compilation failed in require at /home/cip/.cpanm/work/1586952800.4036/Scalar-List-Utils-1.55/blib/lib/Scalar/Util.pm line 23.
Compilation failed in require at /home/cip/perl5/lib/perl5/Test/Builder.pm line 15.
BEGIN failed--compilation aborted at /home/cip/perl5/lib/perl5/Test/Builder.pm line 15.
Compilation failed in require at /home/cip/perl5/lib/perl5/Test/Builder/Module.pm line 5.
BEGIN failed--compilation aborted at /home/cip/perl5/lib/perl5/Test/Builder/Module.pm line 5.
Compilation failed in require at /home/cip/perl5/lib/perl5/Test/More.pm line 22.
BEGIN failed--compilation aborted at /home/cip/perl5/lib/perl5/Test/More.pm line 22.
Compilation failed in require at t/blessed.t line 6.
BEGIN failed--compilation aborted at t/blessed.t line 6.
dubious
	Test returned status 2 (wstat 512, 0x200)
t/dualvar.............Can't load '/home/cip/.cpanm/work/1586952800.4036/Scalar-List-Utils-1.55/blib/arch/auto/List/Util/Util.so' for module List::Util: /home/cip/.cpanm/work/1586952800.4036/Scalar-List-Utils-1.55/blib/arch/auto/List/Util/Util.so: undefined symbol: Perl_ceil at /opt/perl/5.8.1/lib/5.8.1/x86_64-linux/DynaLoader.pm line 229.
 at /home/cip/.cpanm/work/1586952800.4036/Scalar-List-Utils-1.55/blib/lib/Scalar/Util.pm line 23.
Compilation failed in require at /home/cip/.cpanm/work/1586952800.4036/Scalar-List-Utils-1.55/blib/lib/Scalar/Util.pm line 23.
Compilation failed in require at t/dualvar.t line 6.
BEGIN failed--compilation aborted at t/dualvar.t line 6.
dubious
	Test returned status 2 (wstat 512, 0x200)
t/exotic_names........Can't load '/home/cip/.cpanm/work/1586952800.4036/Scalar-List-Utils-1.55/blib/arch/auto/List/Util/Util.so' for module List::Util: /home/cip/.cpanm/work/1586952800.4036/Scalar-List-Utils-1.55/blib/arch/auto/List/Util/Util.so: undefined symbol: Perl_ceil at /opt/perl/5.8.1/lib/5.8.1/x86_64-linux/DynaLoader.pm line 229.
 at /home/cip/.cpanm/work/1586952800.4036/Scalar-List-Utils-1.55/blib/lib/Scalar/Util.pm line 23.
Compilation failed in require at /home/cip/.cpanm/work/1586952800.4036/Scalar-List-Utils-1.55/blib/lib/Scalar/Util.pm line 23.
Compilation failed in require at /home/cip/perl5/lib/perl5/Test/Builder.pm line 15.
BEGIN failed--compilation aborted at /home/cip/perl5/lib/perl5/Test/Builder.pm line 15.
Compilation failed in require at /home/cip/perl5/lib/perl5/Test/Builder/Module.pm line 5.
BEGIN failed--compilation aborted at /home/cip/perl5/lib/perl5/Test/Builder/Module.pm line 5.
Compilation failed in require at /home/cip/perl5/lib/perl5/Test/More.pm line 22.
BEGIN failed--compilation aborted at /home/cip/perl5/lib/perl5/Test/More.pm line 22.
Compilation failed in require at t/exotic_names.t line 4.
BEGIN failed--compilation aborted at t/exotic_names.t line 4.
dubious
	Test returned status 2 (wstat 512, 0x200)
t/first...............Can't load '/home/cip/.cpanm/work/1586952800.4036/Scalar-List-Utils-1.55/blib/arch/auto/List/Util/Util.so' for module List::Util: /home/cip/.cpanm/work/1586952800.4036/Scalar-List-Utils-1.55/blib/arch/auto/List/Util/Util.so: undefined symbol: Perl_ceil at /opt/perl/5.8.1/lib/5.8.1/x86_64-linux/DynaLoader.pm line 229.
 at t/first.t line 6.
Compilation failed in require at t/first.t line 6.
BEGIN failed--compilation aborted at t/first.t line 6.
dubious
	Test returned status 2 (wstat 512, 0x200)
t/getmagic-once.......Can't load '/home/cip/.cpanm/work/1586952800.4036/Scalar-List-Utils-1.55/blib/arch/auto/List/Util/Util.so' for module List::Util: /home/cip/.cpanm/work/1586952800.4036/Scalar-List-Utils-1.55/blib/arch/auto/List/Util/Util.so: undefined symbol: Perl_ceil at /opt/perl/5.8.1/lib/5.8.1/x86_64-linux/DynaLoader.pm line 229.
 at /home/cip/.cpanm/work/1586952800.4036/Scalar-List-Utils-1.55/blib/lib/Scalar/Util.pm line 23.
Compilation failed in require at /home/cip/.cpanm/work/1586952800.4036/Scalar-List-Utils-1.55/blib/lib/Scalar/Util.pm line 23.
Compilation failed in require at t/getmagic-once.t line 6.
BEGIN failed--compilation aborted at t/getmagic-once.t line 6.
dubious
	Test returned status 2 (wstat 512, 0x200)
t/head-tail...........Can't load '/home/cip/.cpanm/work/1586952800.4036/Scalar-List-Utils-1.55/blib/arch/auto/List/Util/Util.so' for module List::Util: /home/cip/.cpanm/work/1586952800.4036/Scalar-List-Utils-1.55/blib/arch/auto/List/Util/Util.so: undefined symbol: Perl_ceil at /opt/perl/5.8.1/lib/5.8.1/x86_64-linux/DynaLoader.pm line 229.
 at t/head-tail.t line 6.
Compilation failed in require at t/head-tail.t line 6.
BEGIN failed--compilation aborted at t/head-tail.t line 6.
dubious
	Test returned status 2 (wstat 512, 0x200)
t/isvstring...........Can't load '/home/cip/.cpanm/work/1586952800.4036/Scalar-List-Utils-1.55/blib/arch/auto/List/Util/Util.so' for module List::Util: /home/cip/.cpanm/work/1586952800.4036/Scalar-List-Utils-1.55/blib/arch/auto/List/Util/Util.so: undefined symbol: Perl_ceil at /opt/perl/5.8.1/lib/5.8.1/x86_64-linux/DynaLoader.pm line 229.
 at /home/cip/.cpanm/work/1586952800.4036/Scalar-List-Utils-1.55/blib/lib/Scalar/Util.pm line 23.
Compilation failed in require at /home/cip/.cpanm/work/1586952800.4036/Scalar-List-Utils-1.55/blib/lib/Scalar/Util.pm line 23.
Compilation failed in require at t/isvstring.t line 7.
BEGIN failed--compilation aborted at t/isvstring.t line 7.
dubious
	Test returned status 2 (wstat 512, 0x200)
t/lln.................Can't load '/home/cip/.cpanm/work/1586952800.4036/Scalar-List-Utils-1.55/blib/arch/auto/List/Util/Util.so' for module List::Util: /home/cip/.cpanm/work/1586952800.4036/Scalar-List-Utils-1.55/blib/arch/auto/List/Util/Util.so: undefined symbol: Perl_ceil at /opt/perl/5.8.1/lib/5.8.1/x86_64-linux/DynaLoader.pm line 229.
 at /home/cip/.cpanm/work/1586952800.4036/Scalar-List-Utils-1.55/blib/lib/Scalar/Util.pm line 23.
Compilation failed in require at /home/cip/.cpanm/work/1586952800.4036/Scalar-List-Utils-1.55/blib/lib/Scalar/Util.pm line 23.
Compilation failed in require at /home/cip/perl5/lib/perl5/Test/Builder.pm line 15.
BEGIN failed--compilation aborted at /home/cip/perl5/lib/perl5/Test/Builder.pm line 15.
Compilation failed in require at /home/cip/perl5/lib/perl5/Test/Builder/Module.pm line 5.
BEGIN failed--compilation aborted at /home/cip/perl5/lib/perl5/Test/Builder/Module.pm line 5.
Compilation failed in require at /home/cip/perl5/lib/perl5/Test/More.pm line 22.
BEGIN failed--compilation aborted at /home/cip/perl5/lib/perl5/Test/More.pm line 22.
Compilation failed in require at t/lln.t line 6.
BEGIN failed--compilation aborted at t/lln.t line 6.
dubious
	Test returned status 2 (wstat 512, 0x200)
t/max.................Can't load '/home/cip/.cpanm/work/1586952800.4036/Scalar-List-Utils-1.55/blib/arch/auto/List/Util/Util.so' for module List::Util: /home/cip/.cpanm/work/1586952800.4036/Scalar-List-Utils-1.55/blib/arch/auto/List/Util/Util.so: undefined symbol: Perl_ceil at /opt/perl/5.8.1/lib/5.8.1/x86_64-linux/DynaLoader.pm line 229.
 at /home/cip/.cpanm/work/1586952800.4036/Scalar-List-Utils-1.55/blib/lib/Scalar/Util.pm line 23.
Compilation failed in require at /home/cip/.cpanm/work/1586952800.4036/Scalar-List-Utils-1.55/blib/lib/Scalar/Util.pm line 23.
Compilation failed in require at /home/cip/perl5/lib/perl5/Test/Builder.pm line 15.
BEGIN failed--compilation aborted at /home/cip/perl5/lib/perl5/Test/Builder.pm line 15.
Compilation failed in require at /home/cip/perl5/lib/perl5/Test/Builder/Module.pm line 5.
BEGIN failed--compilation aborted at /home/cip/perl5/lib/perl5/Test/Builder/Module.pm line 5.
Compilation failed in require at /home/cip/perl5/lib/perl5/Test/More.pm line 22.
BEGIN failed--compilation aborted at /home/cip/perl5/lib/perl5/Test/More.pm line 22.
Compilation failed in require at t/max.t line 6.
BEGIN failed--compilation aborted at t/max.t line 6.
dubious
	Test returned status 2 (wstat 512, 0x200)
t/maxstr..............Can't load '/home/cip/.cpanm/work/1586952800.4036/Scalar-List-Utils-1.55/blib/arch/auto/List/Util/Util.so' for module List::Util: /home/cip/.cpanm/work/1586952800.4036/Scalar-List-Utils-1.55/blib/arch/auto/List/Util/Util.so: undefined symbol: Perl_ceil at /opt/perl/5.8.1/lib/5.8.1/x86_64-linux/DynaLoader.pm line 229.
 at /home/cip/.cpanm/work/1586952800.4036/Scalar-List-Utils-1.55/blib/lib/Scalar/Util.pm line 23.
Compilation failed in require at /home/cip/.cpanm/work/1586952800.4036/Scalar-List-Utils-1.55/blib/lib/Scalar/Util.pm line 23.
Compilation failed in require at /home/cip/perl5/lib/perl5/Test/Builder.pm line 15.
BEGIN failed--compilation aborted at /home/cip/perl5/lib/perl5/Test/Builder.pm line 15.
Compilation failed in require at /home/cip/perl5/lib/perl5/Test/Builder/Module.pm line 5.
BEGIN failed--compilation aborted at /home/cip/perl5/lib/perl5/Test/Builder/Module.pm line 5.
Compilation failed in require at /home/cip/perl5/lib/perl5/Test/More.pm line 22.
BEGIN failed--compilation aborted at /home/cip/perl5/lib/perl5/Test/More.pm line 22.
Compilation failed in require at t/maxstr.t line 6.
BEGIN failed--compilation aborted at t/maxstr.t line 6.
dubious
	Test returned status 2 (wstat 512, 0x200)
t/min.................Can't load '/home/cip/.cpanm/work/1586952800.4036/Scalar-List-Utils-1.55/blib/arch/auto/List/Util/Util.so' for module List::Util: /home/cip/.cpanm/work/1586952800.4036/Scalar-List-Utils-1.55/blib/arch/auto/List/Util/Util.so: undefined symbol: Perl_ceil at /opt/perl/5.8.1/lib/5.8.1/x86_64-linux/DynaLoader.pm line 229.
 at /home/cip/.cpanm/work/1586952800.4036/Scalar-List-Utils-1.55/blib/lib/Scalar/Util.pm line 23.
Compilation failed in require at /home/cip/.cpanm/work/1586952800.4036/Scalar-List-Utils-1.55/blib/lib/Scalar/Util.pm line 23.
Compilation failed in require at /home/cip/perl5/lib/perl5/Test/Builder.pm line 15.
BEGIN failed--compilation aborted at /home/cip/perl5/lib/perl5/Test/Builder.pm line 15.
Compilation failed in require at /home/cip/perl5/lib/perl5/Test/Builder/Module.pm line 5.
BEGIN failed--compilation aborted at /home/cip/perl5/lib/perl5/Test/Builder/Module.pm line 5.
Compilation failed in require at /home/cip/perl5/lib/perl5/Test/More.pm line 22.
BEGIN failed--compilation aborted at /home/cip/perl5/lib/perl5/Test/More.pm line 22.
Compilation failed in require at t/min.t line 6.
BEGIN failed--compilation aborted at t/min.t line 6.
dubious
	Test returned status 2 (wstat 512, 0x200)
t/minstr..............Can't load '/home/cip/.cpanm/work/1586952800.4036/Scalar-List-Utils-1.55/blib/arch/auto/List/Util/Util.so' for module List::Util: /home/cip/.cpanm/work/1586952800.4036/Scalar-List-Utils-1.55/blib/arch/auto/List/Util/Util.so: undefined symbol: Perl_ceil at /opt/perl/5.8.1/lib/5.8.1/x86_64-linux/DynaLoader.pm line 229.
 at /home/cip/.cpanm/work/1586952800.4036/Scalar-List-Utils-1.55/blib/lib/Scalar/Util.pm line 23.
Compilation failed in require at /home/cip/.cpanm/work/1586952800.4036/Scalar-List-Utils-1.55/blib/lib/Scalar/Util.pm line 23.
Compilation failed in require at /home/cip/perl5/lib/perl5/Test/Builder.pm line 15.
BEGIN failed--compilation aborted at /home/cip/perl5/lib/perl5/Test/Builder.pm line 15.
Compilation failed in require at /home/cip/perl5/lib/perl5/Test/Builder/Module.pm line 5.
BEGIN failed--compilation aborted at /home/cip/perl5/lib/perl5/Test/Builder/Module.pm line 5.
Compilation failed in require at /home/cip/perl5/lib/perl5/Test/More.pm line 22.
BEGIN failed--compilation aborted at /home/cip/perl5/lib/perl5/Test/More.pm line 22.
Compilation failed in require at t/minstr.t line 6.
BEGIN failed--compilation aborted at t/minstr.t line 6.
dubious
	Test returned status 2 (wstat 512, 0x200)
t/openhan.............Can't load '/home/cip/.cpanm/work/1586952800.4036/Scalar-List-Utils-1.55/blib/arch/auto/List/Util/Util.so' for module List::Util: /home/cip/.cpanm/work/1586952800.4036/Scalar-List-Utils-1.55/blib/arch/auto/List/Util/Util.so: undefined symbol: Perl_ceil at /opt/perl/5.8.1/lib/5.8.1/x86_64-linux/DynaLoader.pm line 229.
 at /home/cip/.cpanm/work/1586952800.4036/Scalar-List-Utils-1.55/blib/lib/Scalar/Util.pm line 23.
Compilation failed in require at /home/cip/.cpanm/work/1586952800.4036/Scalar-List-Utils-1.55/blib/lib/Scalar/Util.pm line 23.
Compilation failed in require at /home/cip/perl5/lib/perl5/Test/Builder.pm line 15.
BEGIN failed--compilation aborted at /home/cip/perl5/lib/perl5/Test/Builder.pm line 15.
Compilation failed in require at /home/cip/perl5/lib/perl5/Test/Builder/Module.pm line 5.
BEGIN failed--compilation aborted at /home/cip/perl5/lib/perl5/Test/Builder/Module.pm line 5.
Compilation failed in require at /home/cip/perl5/lib/perl5/Test/More.pm line 22.
BEGIN failed--compilation aborted at /home/cip/perl5/lib/perl5/Test/More.pm line 22.
Compilation failed in require at t/openhan.t line 6.
BEGIN failed--compilation aborted at t/openhan.t line 6.
dubious
	Test returned status 2 (wstat 512, 0x200)
t/pair................Can't load '/home/cip/.cpanm/work/1586952800.4036/Scalar-List-Utils-1.55/blib/arch/auto/List/Util/Util.so' for module List::Util: /home/cip/.cpanm/work/1586952800.4036/Scalar-List-Utils-1.55/blib/arch/auto/List/Util/Util.so: undefined symbol: Perl_ceil at /opt/perl/5.8.1/lib/5.8.1/x86_64-linux/DynaLoader.pm line 229.
 at /home/cip/.cpanm/work/1586952800.4036/Scalar-List-Utils-1.55/blib/lib/Scalar/Util.pm line 23.
Compilation failed in require at /home/cip/.cpanm/work/1586952800.4036/Scalar-List-Utils-1.55/blib/lib/Scalar/Util.pm line 23.
Compilation failed in require at /home/cip/perl5/lib/perl5/Test/Builder.pm line 15.
BEGIN failed--compilation aborted at /home/cip/perl5/lib/perl5/Test/Builder.pm line 15.
Compilation failed in require at /home/cip/perl5/lib/perl5/Test/Builder/Module.pm line 5.
BEGIN failed--compilation aborted at /home/cip/perl5/lib/perl5/Test/Builder/Module.pm line 5.
Compilation failed in require at /home/cip/perl5/lib/perl5/Test/More.pm line 22.
BEGIN failed--compilation aborted at /home/cip/perl5/lib/perl5/Test/More.pm line 22.
Compilation failed in require at t/pair.t line 6.
BEGIN failed--compilation aborted at t/pair.t line 6.
dubious
	Test returned status 2 (wstat 512, 0x200)
t/product.............Can't load '/home/cip/.cpanm/work/1586952800.4036/Scalar-List-Utils-1.55/blib/arch/auto/List/Util/Util.so' for module List::Util: /home/cip/.cpanm/work/1586952800.4036/Scalar-List-Utils-1.55/blib/arch/auto/List/Util/Util.so: undefined symbol: Perl_ceil at /opt/perl/5.8.1/lib/5.8.1/x86_64-linux/DynaLoader.pm line 229.
 at /home/cip/.cpanm/work/1586952800.4036/Scalar-List-Utils-1.55/blib/lib/Scalar/Util.pm line 23.
Compilation failed in require at /home/cip/.cpanm/work/1586952800.4036/Scalar-List-Utils-1.55/blib/lib/Scalar/Util.pm line 23.
Compilation failed in require at /home/cip/perl5/lib/perl5/Test/Builder.pm line 15.
BEGIN failed--compilation aborted at /home/cip/perl5/lib/perl5/Test/Builder.pm line 15.
Compilation failed in require at /home/cip/perl5/lib/perl5/Test/Builder/Module.pm line 5.
BEGIN failed--compilation aborted at /home/cip/perl5/lib/perl5/Test/Builder/Module.pm line 5.
Compilation failed in require at /home/cip/perl5/lib/perl5/Test/More.pm line 22.
BEGIN failed--compilation aborted at /home/cip/perl5/lib/perl5/Test/More.pm line 22.
Compilation failed in require at t/product.t line 6.
BEGIN failed--compilation aborted at t/product.t line 6.
dubious
	Test returned status 2 (wstat 512, 0x200)
t/prototype...........Can't load '/home/cip/.cpanm/work/1586952800.4036/Scalar-List-Utils-1.55/blib/arch/auto/List/Util/Util.so' for module List::Util: /home/cip/.cpanm/work/1586952800.4036/Scalar-List-Utils-1.55/blib/arch/auto/List/Util/Util.so: undefined symbol: Perl_ceil at /opt/perl/5.8.1/lib/5.8.1/x86_64-linux/DynaLoader.pm line 229.
 at /home/cip/.cpanm/work/1586952800.4036/Scalar-List-Utils-1.55/blib/lib/Sub/Util.pm line 21.
Compilation failed in require at /home/cip/.cpanm/work/1586952800.4036/Scalar-List-Utils-1.55/blib/lib/Sub/Util.pm line 21.
Compilation failed in require at t/prototype.t line 6.
BEGIN failed--compilation aborted at t/prototype.t line 6.
dubious
	Test returned status 2 (wstat 512, 0x200)
t/readonly............Can't load '/home/cip/.cpanm/work/1586952800.4036/Scalar-List-Utils-1.55/blib/arch/auto/List/Util/Util.so' for module List::Util: /home/cip/.cpanm/work/1586952800.4036/Scalar-List-Utils-1.55/blib/arch/auto/List/Util/Util.so: undefined symbol: Perl_ceil at /opt/perl/5.8.1/lib/5.8.1/x86_64-linux/DynaLoader.pm line 229.
 at /home/cip/.cpanm/work/1586952800.4036/Scalar-List-Utils-1.55/blib/lib/Scalar/Util.pm line 23.
Compilation failed in require at /home/cip/.cpanm/work/1586952800.4036/Scalar-List-Utils-1.55/blib/lib/Scalar/Util.pm line 23.
Compilation failed in require at t/readonly.t line 6.
BEGIN failed--compilation aborted at t/readonly.t line 6.
dubious
	Test returned status 2 (wstat 512, 0x200)
t/reduce..............Can't load '/home/cip/.cpanm/work/1586952800.4036/Scalar-List-Utils-1.55/blib/arch/auto/List/Util/Util.so' for module List::Util: /home/cip/.cpanm/work/1586952800.4036/Scalar-List-Utils-1.55/blib/arch/auto/List/Util/Util.so: undefined symbol: Perl_ceil at /opt/perl/5.8.1/lib/5.8.1/x86_64-linux/DynaLoader.pm line 229.
 at t/reduce.t line 6.
Compilation failed in require at t/reduce.t line 6.
BEGIN failed--compilation aborted at t/reduce.t line 6.
dubious
	Test returned status 2 (wstat 512, 0x200)
t/reductions..........Can't load '/home/cip/.cpanm/work/1586952800.4036/Scalar-List-Utils-1.55/blib/arch/auto/List/Util/Util.so' for module List::Util: /home/cip/.cpanm/work/1586952800.4036/Scalar-List-Utils-1.55/blib/arch/auto/List/Util/Util.so: undefined symbol: Perl_ceil at /opt/perl/5.8.1/lib/5.8.1/x86_64-linux/DynaLoader.pm line 229.
 at /home/cip/.cpanm/work/1586952800.4036/Scalar-List-Utils-1.55/blib/lib/Scalar/Util.pm line 23.
Compilation failed in require at /home/cip/.cpanm/work/1586952800.4036/Scalar-List-Utils-1.55/blib/lib/Scalar/Util.pm line 23.
Compilation failed in require at /home/cip/perl5/lib/perl5/Test/Builder.pm line 15.
BEGIN failed--compilation aborted at /home/cip/perl5/lib/perl5/Test/Builder.pm line 15.
Compilation failed in require at /home/cip/perl5/lib/perl5/Test/Builder/Module.pm line 5.
BEGIN failed--compilation aborted at /home/cip/perl5/lib/perl5/Test/Builder/Module.pm line 5.
Compilation failed in require at /home/cip/perl5/lib/perl5/Test/More.pm line 22.
BEGIN failed--compilation aborted at /home/cip/perl5/lib/perl5/Test/More.pm line 22.
Compilation failed in require at t/reductions.t line 6.
BEGIN failed--compilation aborted at t/reductions.t line 6.
dubious
	Test returned status 2 (wstat 512, 0x200)
t/refaddr.............Can't load '/home/cip/.cpanm/work/1586952800.4036/Scalar-List-Utils-1.55/blib/arch/auto/List/Util/Util.so' for module List::Util: /home/cip/.cpanm/work/1586952800.4036/Scalar-List-Utils-1.55/blib/arch/auto/List/Util/Util.so: undefined symbol: Perl_ceil at /opt/perl/5.8.1/lib/5.8.1/x86_64-linux/DynaLoader.pm line 229.
 at /home/cip/.cpanm/work/1586952800.4036/Scalar-List-Utils-1.55/blib/lib/Scalar/Util.pm line 23.
Compilation failed in require at /home/cip/.cpanm/work/1586952800.4036/Scalar-List-Utils-1.55/blib/lib/Scalar/Util.pm line 23.
Compilation failed in require at /home/cip/perl5/lib/perl5/Test/Builder.pm line 15.
BEGIN failed--compilation aborted at /home/cip/perl5/lib/perl5/Test/Builder.pm line 15.
Compilation failed in require at /home/cip/perl5/lib/perl5/Test/Builder/Module.pm line 5.
BEGIN failed--compilation aborted at /home/cip/perl5/lib/perl5/Test/Builder/Module.pm line 5.
Compilation failed in require at /home/cip/perl5/lib/perl5/Test/More.pm line 22.
BEGIN failed--compilation aborted at /home/cip/perl5/lib/perl5/Test/More.pm line 22.
Compilation failed in require at t/refaddr.t line 6.
BEGIN failed--compilation aborted at t/refaddr.t line 6.
dubious
	Test returned status 2 (wstat 512, 0x200)
t/reftype.............Can't load '/home/cip/.cpanm/work/1586952800.4036/Scalar-List-Utils-1.55/blib/arch/auto/List/Util/Util.so' for module List::Util: /home/cip/.cpanm/work/1586952800.4036/Scalar-List-Utils-1.55/blib/arch/auto/List/Util/Util.so: undefined symbol: Perl_ceil at /opt/perl/5.8.1/lib/5.8.1/x86_64-linux/DynaLoader.pm line 229.
 at /home/cip/.cpanm/work/1586952800.4036/Scalar-List-Utils-1.55/blib/lib/Scalar/Util.pm line 23.
Compilation failed in require at /home/cip/.cpanm/work/1586952800.4036/Scalar-List-Utils-1.55/blib/lib/Scalar/Util.pm line 23.
Compilation failed in require at /home/cip/perl5/lib/perl5/Test/Builder.pm line 15.
BEGIN failed--compilation aborted at /home/cip/perl5/lib/perl5/Test/Builder.pm line 15.
Compilation failed in require at /home/cip/perl5/lib/perl5/Test/Builder/Module.pm line 5.
BEGIN failed--compilation aborted at /home/cip/perl5/lib/perl5/Test/Builder/Module.pm line 5.
Compilation failed in require at /home/cip/perl5/lib/perl5/Test/More.pm line 22.
BEGIN failed--compilation aborted at /home/cip/perl5/lib/perl5/Test/More.pm line 22.
Compilation failed in require at t/reftype.t line 6.
BEGIN failed--compilation aborted at t/reftype.t line 6.
dubious
	Test returned status 2 (wstat 512, 0x200)
t/rt-96343............Can't load '/home/cip/.cpanm/work/1586952800.4036/Scalar-List-Utils-1.55/blib/arch/auto/List/Util/Util.so' for module List::Util: /home/cip/.cpanm/work/1586952800.4036/Scalar-List-Utils-1.55/blib/arch/auto/List/Util/Util.so: undefined symbol: Perl_ceil at /opt/perl/5.8.1/lib/5.8.1/x86_64-linux/DynaLoader.pm line 229.
 at /home/cip/.cpanm/work/1586952800.4036/Scalar-List-Utils-1.55/blib/lib/Scalar/Util.pm line 23.
Compilation failed in require at /home/cip/.cpanm/work/1586952800.4036/Scalar-List-Utils-1.55/blib/lib/Scalar/Util.pm line 23.
Compilation failed in require at /home/cip/perl5/lib/perl5/Test/Builder.pm line 15.
BEGIN failed--compilation aborted at /home/cip/perl5/lib/perl5/Test/Builder.pm line 15.
Compilation failed in require at /home/cip/perl5/lib/perl5/Test/Builder/Module.pm line 5.
BEGIN failed--compilation aborted at /home/cip/perl5/lib/perl5/Test/Builder/Module.pm line 5.
Compilation failed in require at /home/cip/perl5/lib/perl5/Test/More.pm line 22.
BEGIN failed--compilation aborted at /home/cip/perl5/lib/perl5/Test/More.pm line 22.
Compilation failed in require at t/rt-96343.t line 6.
BEGIN failed--compilation aborted at t/rt-96343.t line 6.
dubious
	Test returned status 2 (wstat 512, 0x200)
t/sample..............Can't load '/home/cip/.cpanm/work/1586952800.4036/Scalar-List-Utils-1.55/blib/arch/auto/List/Util/Util.so' for module List::Util: /home/cip/.cpanm/work/1586952800.4036/Scalar-List-Utils-1.55/blib/arch/auto/List/Util/Util.so: undefined symbol: Perl_ceil at /opt/perl/5.8.1/lib/5.8.1/x86_64-linux/DynaLoader.pm line 229.
 at /home/cip/.cpanm/work/1586952800.4036/Scalar-List-Utils-1.55/blib/lib/Scalar/Util.pm line 23.
Compilation failed in require at /home/cip/.cpanm/work/1586952800.4036/Scalar-List-Utils-1.55/blib/lib/Scalar/Util.pm line 23.
Compilation failed in require at /home/cip/perl5/lib/perl5/Test/Builder.pm line 15.
BEGIN failed--compilation aborted at /home/cip/perl5/lib/perl5/Test/Builder.pm line 15.
Compilation failed in require at /home/cip/perl5/lib/perl5/Test/Builder/Module.pm line 5.
BEGIN failed--compilation aborted at /home/cip/perl5/lib/perl5/Test/Builder/Module.pm line 5.
Compilation failed in require at /home/cip/perl5/lib/perl5/Test/More.pm line 22.
BEGIN failed--compilation aborted at /home/cip/perl5/lib/perl5/Test/More.pm line 22.
Compilation failed in require at t/sample.t line 6.
BEGIN failed--compilation aborted at t/sample.t line 6.
dubious
	Test returned status 2 (wstat 512, 0x200)
t/scalarutil-proto....Can't load '/home/cip/.cpanm/work/1586952800.4036/Scalar-List-Utils-1.55/blib/arch/auto/List/Util/Util.so' for module List::Util: /home/cip/.cpanm/work/1586952800.4036/Scalar-List-Utils-1.55/blib/arch/auto/List/Util/Util.so: undefined symbol: Perl_ceil at /opt/perl/5.8.1/lib/5.8.1/x86_64-linux/DynaLoader.pm line 229.
 at /home/cip/.cpanm/work/1586952800.4036/Scalar-List-Utils-1.55/blib/lib/Scalar/Util.pm line 23.
Compilation failed in require at /home/cip/.cpanm/work/1586952800.4036/Scalar-List-Utils-1.55/blib/lib/Scalar/Util.pm line 23.
Compilation failed in require at t/scalarutil-proto.t line 6.
BEGIN failed--compilation aborted at t/scalarutil-proto.t line 6.
dubious
	Test returned status 2 (wstat 512, 0x200)
t/shuffle.............Can't load '/home/cip/.cpanm/work/1586952800.4036/Scalar-List-Utils-1.55/blib/arch/auto/List/Util/Util.so' for module List::Util: /home/cip/.cpanm/work/1586952800.4036/Scalar-List-Utils-1.55/blib/arch/auto/List/Util/Util.so: undefined symbol: Perl_ceil at /opt/perl/5.8.1/lib/5.8.1/x86_64-linux/DynaLoader.pm line 229.
 at /home/cip/.cpanm/work/1586952800.4036/Scalar-List-Utils-1.55/blib/lib/Scalar/Util.pm line 23.
Compilation failed in require at /home/cip/.cpanm/work/1586952800.4036/Scalar-List-Utils-1.55/blib/lib/Scalar/Util.pm line 23.
Compilation failed in require at /home/cip/perl5/lib/perl5/Test/Builder.pm line 15.
BEGIN failed--compilation aborted at /home/cip/perl5/lib/perl5/Test/Builder.pm line 15.
Compilation failed in require at /home/cip/perl5/lib/perl5/Test/Builder/Module.pm line 5.
BEGIN failed--compilation aborted at /home/cip/perl5/lib/perl5/Test/Builder/Module.pm line 5.
Compilation failed in require at /home/cip/perl5/lib/perl5/Test/More.pm line 22.
BEGIN failed--compilation aborted at /home/cip/perl5/lib/perl5/Test/More.pm line 22.
Compilation failed in require at t/shuffle.t line 6.
BEGIN failed--compilation aborted at t/shuffle.t line 6.
dubious
	Test returned status 2 (wstat 512, 0x200)
t/stack-corruption....Can't load '/home/cip/.cpanm/work/1586952800.4036/Scalar-List-Utils-1.55/blib/arch/auto/List/Util/Util.so' for module List::Util: /home/cip/.cpanm/work/1586952800.4036/Scalar-List-Utils-1.55/blib/arch/auto/List/Util/Util.so: undefined symbol: Perl_ceil at /opt/perl/5.8.1/lib/5.8.1/x86_64-linux/DynaLoader.pm line 229.
 at t/stack-corruption.t line 13.
Compilation failed in require at t/stack-corruption.t line 13.
BEGIN failed--compilation aborted at t/stack-corruption.t line 13.
dubious
	Test returned status 2 (wstat 512, 0x200)
t/subname.............Can't load '/home/cip/.cpanm/work/1586952800.4036/Scalar-List-Utils-1.55/blib/arch/auto/List/Util/Util.so' for module List::Util: /home/cip/.cpanm/work/1586952800.4036/Scalar-List-Utils-1.55/blib/arch/auto/List/Util/Util.so: undefined symbol: Perl_ceil at /opt/perl/5.8.1/lib/5.8.1/x86_64-linux/DynaLoader.pm line 229.
 at /home/cip/.cpanm/work/1586952800.4036/Scalar-List-Utils-1.55/blib/lib/Scalar/Util.pm line 23.
Compilation failed in require at /home/cip/.cpanm/work/1586952800.4036/Scalar-List-Utils-1.55/blib/lib/Scalar/Util.pm line 23.
Compilation failed in require at /home/cip/perl5/lib/perl5/Test/Builder.pm line 15.
BEGIN failed--compilation aborted at /home/cip/perl5/lib/perl5/Test/Builder.pm line 15.
Compilation failed in require at /home/cip/perl5/lib/perl5/Test/Builder/Module.pm line 5.
BEGIN failed--compilation aborted at /home/cip/perl5/lib/perl5/Test/Builder/Module.pm line 5.
Compilation failed in require at /home/cip/perl5/lib/perl5/Test/More.pm line 22.
BEGIN failed--compilation aborted at /home/cip/perl5/lib/perl5/Test/More.pm line 22.
Compilation failed in require at t/subname.t line 6.
BEGIN failed--compilation aborted at t/subname.t line 6.
dubious
	Test returned status 2 (wstat 512, 0x200)
t/sum.................Can't load '/home/cip/.cpanm/work/1586952800.4036/Scalar-List-Utils-1.55/blib/arch/auto/List/Util/Util.so' for module List::Util: /home/cip/.cpanm/work/1586952800.4036/Scalar-List-Utils-1.55/blib/arch/auto/List/Util/Util.so: undefined symbol: Perl_ceil at /opt/perl/5.8.1/lib/5.8.1/x86_64-linux/DynaLoader.pm line 229.
 at /home/cip/.cpanm/work/1586952800.4036/Scalar-List-Utils-1.55/blib/lib/Scalar/Util.pm line 23.
Compilation failed in require at /home/cip/.cpanm/work/1586952800.4036/Scalar-List-Utils-1.55/blib/lib/Scalar/Util.pm line 23.
Compilation failed in require at /home/cip/perl5/lib/perl5/Test/Builder.pm line 15.
BEGIN failed--compilation aborted at /home/cip/perl5/lib/perl5/Test/Builder.pm line 15.
Compilation failed in require at /home/cip/perl5/lib/perl5/Test/Builder/Module.pm line 5.
BEGIN failed--compilation aborted at /home/cip/perl5/lib/perl5/Test/Builder/Module.pm line 5.
Compilation failed in require at /home/cip/perl5/lib/perl5/Test/More.pm line 22.
BEGIN failed--compilation aborted at /home/cip/perl5/lib/perl5/Test/More.pm line 22.
Compilation failed in require at t/sum.t line 6.
BEGIN failed--compilation aborted at t/sum.t line 6.
dubious
	Test returned status 2 (wstat 512, 0x200)
t/sum0................Can't load '/home/cip/.cpanm/work/1586952800.4036/Scalar-List-Utils-1.55/blib/arch/auto/List/Util/Util.so' for module List::Util: /home/cip/.cpanm/work/1586952800.4036/Scalar-List-Utils-1.55/blib/arch/auto/List/Util/Util.so: undefined symbol: Perl_ceil at /opt/perl/5.8.1/lib/5.8.1/x86_64-linux/DynaLoader.pm line 229.
 at /home/cip/.cpanm/work/1586952800.4036/Scalar-List-Utils-1.55/blib/lib/Scalar/Util.pm line 23.
Compilation failed in require at /home/cip/.cpanm/work/1586952800.4036/Scalar-List-Utils-1.55/blib/lib/Scalar/Util.pm line 23.
Compilation failed in require at /home/cip/perl5/lib/perl5/Test/Builder.pm line 15.
BEGIN failed--compilation aborted at /home/cip/perl5/lib/perl5/Test/Builder.pm line 15.
Compilation failed in require at /home/cip/perl5/lib/perl5/Test/Builder/Module.pm line 5.
BEGIN failed--compilation aborted at /home/cip/perl5/lib/perl5/Test/Builder/Module.pm line 5.
Compilation failed in require at /home/cip/perl5/lib/perl5/Test/More.pm line 22.
BEGIN failed--compilation aborted at /home/cip/perl5/lib/perl5/Test/More.pm line 22.
Compilation failed in require at t/sum0.t line 6.
BEGIN failed--compilation aborted at t/sum0.t line 6.
dubious
	Test returned status 2 (wstat 512, 0x200)
t/tainted.............Can't load '/home/cip/.cpanm/work/1586952800.4036/Scalar-List-Utils-1.55/blib/arch/auto/List/Util/Util.so' for module List::Util: /home/cip/.cpanm/work/1586952800.4036/Scalar-List-Utils-1.55/blib/arch/auto/List/Util/Util.so: undefined symbol: Perl_ceil at /opt/perl/5.8.1/lib/5.8.1/x86_64-linux/DynaLoader.pm line 229.
 at /home/cip/.cpanm/work/1586952800.4036/Scalar-List-Utils-1.55/blib/lib/Scalar/Util.pm line 23.
Compilation failed in require at /home/cip/.cpanm/work/1586952800.4036/Scalar-List-Utils-1.55/blib/lib/Scalar/Util.pm line 23.
Compilation failed in require at /home/cip/perl5/lib/perl5/Test/Builder.pm line 15.
BEGIN failed--compilation aborted at /home/cip/perl5/lib/perl5/Test/Builder.pm line 15.
Compilation failed in require at /home/cip/perl5/lib/perl5/Test/Builder/Module.pm line 5.
BEGIN failed--compilation aborted at /home/cip/perl5/lib/perl5/Test/Builder/Module.pm line 5.
Compilation failed in require at /home/cip/perl5/lib/perl5/Test/More.pm line 22.
BEGIN failed--compilation aborted at /home/cip/perl5/lib/perl5/Test/More.pm line 22.
Compilation failed in require at t/tainted.t line 6.
BEGIN failed--compilation aborted at t/tainted.t line 6.
dubious
	Test returned status 2 (wstat 512, 0x200)
t/uniq................Can't load '/home/cip/.cpanm/work/1586952800.4036/Scalar-List-Utils-1.55/blib/arch/auto/List/Util/Util.so' for module List::Util: /home/cip/.cpanm/work/1586952800.4036/Scalar-List-Utils-1.55/blib/arch/auto/List/Util/Util.so: undefined symbol: Perl_ceil at /opt/perl/5.8.1/lib/5.8.1/x86_64-linux/DynaLoader.pm line 229.
 at /home/cip/.cpanm/work/1586952800.4036/Scalar-List-Utils-1.55/blib/lib/Scalar/Util.pm line 23.
Compilation failed in require at /home/cip/.cpanm/work/1586952800.4036/Scalar-List-Utils-1.55/blib/lib/Scalar/Util.pm line 23.
Compilation failed in require at /home/cip/perl5/lib/perl5/Test/Builder.pm line 15.
BEGIN failed--compilation aborted at /home/cip/perl5/lib/perl5/Test/Builder.pm line 15.
Compilation failed in require at /home/cip/perl5/lib/perl5/Test/Builder/Module.pm line 5.
BEGIN failed--compilation aborted at /home/cip/perl5/lib/perl5/Test/Builder/Module.pm line 5.
Compilation failed in require at /home/cip/perl5/lib/perl5/Test/More.pm line 22.
BEGIN failed--compilation aborted at /home/cip/perl5/lib/perl5/Test/More.pm line 22.
Compilation failed in require at t/uniq.t line 6.
BEGIN failed--compilation aborted at t/uniq.t line 6.
dubious
	Test returned status 2 (wstat 512, 0x200)
t/uniqnum.............Can't load '/home/cip/.cpanm/work/1586952800.4036/Scalar-List-Utils-1.55/blib/arch/auto/List/Util/Util.so' for module List::Util: /home/cip/.cpanm/work/1586952800.4036/Scalar-List-Utils-1.55/blib/arch/auto/List/Util/Util.so: undefined symbol: Perl_ceil at /opt/perl/5.8.1/lib/5.8.1/x86_64-linux/DynaLoader.pm line 229.
 at /home/cip/.cpanm/work/1586952800.4036/Scalar-List-Utils-1.55/blib/lib/Scalar/Util.pm line 23.
Compilation failed in require at /home/cip/.cpanm/work/1586952800.4036/Scalar-List-Utils-1.55/blib/lib/Scalar/Util.pm line 23.
Compilation failed in require at /home/cip/perl5/lib/perl5/Test/Builder.pm line 15.
BEGIN failed--compilation aborted at /home/cip/perl5/lib/perl5/Test/Builder.pm line 15.
Compilation failed in require at /home/cip/perl5/lib/perl5/Test/Builder/Module.pm line 5.
BEGIN failed--compilation aborted at /home/cip/perl5/lib/perl5/Test/Builder/Module.pm line 5.
Compilation failed in require at /home/cip/perl5/lib/perl5/Test/More.pm line 22.
BEGIN failed--compilation aborted at /home/cip/perl5/lib/perl5/Test/More.pm line 22.
Compilation failed in require at t/uniqnum.t line 6.
BEGIN failed--compilation aborted at t/uniqnum.t line 6.
dubious
	Test returned status 2 (wstat 512, 0x200)
t/weak................Can't load '/home/cip/.cpanm/work/1586952800.4036/Scalar-List-Utils-1.55/blib/arch/auto/List/Util/Util.so' for module List::Util: /home/cip/.cpanm/work/1586952800.4036/Scalar-List-Utils-1.55/blib/arch/auto/List/Util/Util.so: undefined symbol: Perl_ceil at /opt/perl/5.8.1/lib/5.8.1/x86_64-linux/DynaLoader.pm line 229.
 at /home/cip/.cpanm/work/1586952800.4036/Scalar-List-Utils-1.55/blib/lib/Scalar/Util.pm line 23.
Compilation failed in require at /home/cip/.cpanm/work/1586952800.4036/Scalar-List-Utils-1.55/blib/lib/Scalar/Util.pm line 23.
Compilation failed in require at t/weak.t line 8.
BEGIN failed--compilation aborted at t/weak.t line 8.
dubious
	Test returned status 2 (wstat 512, 0x200)
FAILED--35 test scripts could be run, alas--no output ever seen
make: *** [Makefile:1024: test_dynamic] Error 2
-> FAIL Installing List::Util failed. See /home/cip/.cpanm/work/1586952800.4036/build.log for details. Retry with --force to force install it.
