<!DOCTYPE html>

<html lang="en">
  <head>
    <title>Bug #4741 for Test-HTML-Content: 0.03, 0.05, 0.06 fail to test clean on OSX</title>
    <meta http-equiv="X-UA-Compatible" content="IE=edge" />
    <!-- The X-UA-Compatible <meta> tag above must be very early in <head> -->

    <script>
if (window.top !== window.self) {
    document.write = "";

    window.top.location = window.self.location;

    setTimeout(function(){
        document.body.innerHTML = "";
    }, 1);

    window.self.onload = function(){
        document.body.innerHTML = "";
    };
}
</script>



<link rel="shortcut icon" href="/NoAuth/images/favicon.png" type="image/png" />
<link rel="stylesheet" href="/NoAuth/css/aileron-squished-00f758259152f8b6670ee485f462e6b8.css" type="text/css" media="all" />
<link rel="stylesheet" href="/NoAuth/css/print.css" type="text/css" media="print" />




<script type="text/javascript" src="/NoAuth/js/squished-42167f2409ce368da2d31038e5cb2a57.js"></script>

<script type="text/javascript"><!--
	jQuery( loadTitleBoxStates );

--></script>


<!--[if lt IE 8]>
<link rel="stylesheet" href="/NoAuth/css/aileron/msie.css" type="text/css" media="all" />
<![endif]-->
<!--[if lt IE 7]>
<link rel="stylesheet" href="/NoAuth/css/aileron/msie6.css" type="text/css" media="all" />
<![endif]-->
<script type="text/javascript">
jQuery(document).ready(function(){
    jQuery.fn.supersubs.defaults = {
        maxWidth: 30,
        extraWidth: 2
    };

    jQuery("#app-nav.toplevel").addClass('sf-menu sf-js-enabled sf-shadow').supersubs().superfish({ speed: 'fast' });
    jQuery("#page-menu.toplevel").addClass('sf-menu sf-js-enabled').supersubs().superfish({ dropShadows: false, speed: 'fast' }).supposition();
});
</script>


<!-- Site CSS from theme editor -->
<style type="text/css" media="all" id="sitecss">
</style>

<meta name="google-site-verification" content="kD3-uEJK1AkTqaC-rckcSt_HPkAj674DPPuEN6i-y0g" />

</head>
  <body class="aileron sidebyside" id="comp-Public-Bug-Display">

<div id="logo">
<a href="/"><img
    src="/NoAuth/images/cpan.png"
    alt="CPAN"
    width="181"
    height="38" /></a>
    <span class="rtname">RT for rt.cpan.org</span>
</div>


<div id="quickbar">
  <div id="quick-personal">
    <span class="hide"><a href="#skipnav">Skip Menu</a> | </span>
</div>

</div>
<div id="header"><h1>Bug #4741 for Test-HTML-Content: 0.03, 0.05, 0.06 fail to test clean on OSX</h1></div>



<div id="page-navigation"><ul id="page-menu" class="toplevel">
 <li id="li-page-active_bugs"><a id="page-active_bugs" class="menu-item " href="/Public/Dist/Test-HTML-Content/Active/">Active bugs</a></li>
 <li id="li-page-resolved_bugs"><a id="page-resolved_bugs" class="menu-item " href="/Public/Dist/Test-HTML-Content/Resolved/">Resolved bugs</a></li>
 <li id="li-page-rejected_bugs"><a id="page-rejected_bugs" class="menu-item " href="/Public/Dist/Test-HTML-Content/Rejected/">Rejected bugs</a></li>
 <li id="li-page-report"><a id="page-report" class="menu-item " href="/Public/Dist/Test-HTML-Content/Active/"></a></li>
</ul></div>
<div id="topactions">



</div>
<div id="body">


<a name="skipnav" id="skipnav" accesskey="8"></a>





<p>This queue is for tickets about the <a href="https://metacpan.org/release/Test-HTML-Content">Test-HTML-Content CPAN distribution</a>.</p>





<div class="">
  <div class="titlebox" id="">
  <div class="titlebox-title">
    <span class="widget"><a href="#" onclick="return rollup('TitleBox\x2D\x2D\x5FPublic\x5FBug\x5FDisplay\x5Fhtml\x2D\x2D\x2D\x2D\x2D\x2DUmVwb3J0IGluZm9ybWF0aW9u\x2D\x2D\x2D0');" title="Toggle visibility"></a></span>
    <span class="left">Report information</span>
    <span class="right-empty">		    </span>
  </div>
  <div class="titlebox-content " id="TitleBox--_Public_Bug_Display_html------UmVwb3J0IGluZm9ybWF0aW9u---0">


<table width="100%" class="ticket-summary">
<tr>
  <td valign="top" class="boxcontainer">
    <div class="ticket-info-basics">
  <div class="titlebox ticket-info-basics " id="">
  <div class="titlebox-title">
    <span class="widget"><a href="#" onclick="return rollup('TitleBox\x2D\x2D\x5FPublic\x5FBug\x5FDisplay\x5Fhtml\x2D\x2Dticket\x2Dinfo\x2Dbasics\x2D\x2D\x2D\x2DVGhlIEJhc2ljcw\x5F\x5F\x2D\x2D\x2D0');" title="Toggle visibility"></a></span>
    <span class="left">The Basics</span>
    <span class="right-empty">		    </span>
  </div>
  <div class="titlebox-content " id="TitleBox--_Public_Bug_Display_html--ticket-info-basics----VGhlIEJhc2ljcw__---0">


        <table>
  <tr class="id">
    <td class="label">Id:</td>
    <td class="value">4741</td>
  </tr>
  <tr class="status">
    <td class="label">Status:</td>
    <td class="value">new</td>
  </tr>
  <tr class="priority">
    <td class="label">Priority:</td>
    <td class="value">0/
</td>
  </tr>
  <tr class="queue">
    <td class="label">Queue:</td>
    <td class="value"><a href="/Public/Dist/Test-HTML-Content/Active/">Test-HTML-Content</a>
</td>
  </tr>
</table>

        <hr class="clear" />
  </div>
</div>




</div>


    <div class="ticket-info-people">
  <div class="titlebox ticket-info-people " id="">
  <div class="titlebox-title">
    <span class="widget"><a href="#" onclick="return rollup('TitleBox\x2D\x2D\x5FPublic\x5FBug\x5FDisplay\x5Fhtml\x2D\x2Dticket\x2Dinfo\x2Dpeople\x2D\x2D\x2D\x2DUGVvcGxl\x2D\x2D\x2D0');" title="Toggle visibility"></a></span>
    <span class="left">People</span>
    <span class="right-empty">		    </span>
  </div>
  <div class="titlebox-content " id="TitleBox--_Public_Bug_Display_html--ticket-info-people----UGVvcGxl---0">


        <table>
  <tr>
    <td class="label">Owner:</td>
    <td class="value">Nobody in particular
    
    </td>
  </tr>
  <tr>
    <td class="labeltop">Requestors:</td>
    <td class="value">
merlyn [...] stonehenge.com

<br />

</td>
  </tr>
  <tr>
    <td class="labeltop">Cc:</td>
    <td class="value">

</td>
  </tr>
  <tr>
    <td class="labeltop">AdminCc:</td>
    <td class="value">

</td>
  </tr>
</table>

        <hr class="clear" />
  </div>
</div>




</div>



  </td>
  <td valign="top" class="boxcontainer">
    
    <div class="ticket-info-cfs">
  <div class="titlebox ticket-info-cfs " id="">
  <div class="titlebox-title">
    <span class="widget"><a href="#" onclick="return rollup('TitleBox\x2D\x2D\x5FPublic\x5FBug\x5FDisplay\x5Fhtml\x2D\x2Dticket\x2Dinfo\x2Dcfs\x2D\x2D\x2D\x2DQnVnIEluZm9ybWF0aW9u\x2D\x2D\x2D0');" title="Toggle visibility"></a></span>
    <span class="left">Bug Information</span>
    <span class="right-empty">		    </span>
  </div>
  <div class="titlebox-content " id="TitleBox--_Public_Bug_Display_html--ticket-info-cfs----QnVnIEluZm9ybWF0aW9u---0">

 
        <table>
  <tr id="CF-1-ShowRow">
    <td class="label">Severity:</td>
    <td class="value">
Important    </td>
  </tr>
  <tr id="CF-31444-ShowRow">
    <td class="label">Broken in:</td>
    <td class="value">
<i>(no value)</i>
    </td>
  </tr>
  <tr id="CF-31445-ShowRow">
    <td class="label">Fixed in:</td>
    <td class="value">
<i>(no value)</i>
    </td>
  </tr>
</table>


        <hr class="clear" />
  </div>
</div>




</div>


    




  </td>
</tr>
</table>

    <hr class="clear" />
  </div>
</div>




</div>


<br />


<div class="history">
<div class="titlebox" id="">
  <div class="titlebox-title">
    <span class="widget"><a href="#" onclick="return rollup('TitleBox\x2D\x2D\x5FPublic\x5FBug\x5FDisplay\x5Fhtml\x2D\x2D\x2D\x2D\x2D\x2DSGlzdG9yeQ\x5F\x5F\x2D\x2D\x2D0');" title="Toggle visibility"></a></span>
    <span class="left">History</span>
    <span class="right">		<a href="#" data-direction="open" onclick="return toggle_all_folds(this, 'Show\x20all\x20quoted\x20text', 'Hide\x20all\x20quoted\x20text');">Show all quoted text</a>    </span>
  </div>
  <div class="titlebox-content " id="TitleBox--_Public_Bug_Display_html------SGlzdG9yeQ__---0">


<div id="ticket-history">
<div class="ticket-transaction message Create odd">
<div class="ticket-transaction">
  <div class="metadata">
    <span class="type">
      &nbsp;      
    </span>
    <span class="date">Mon&nbsp;Dec&nbsp;22&nbsp;14:06:05&nbsp;2003</span>
    <span class="description">MERLYN [...] cpan.org -  Ticket created</span>
    <span class="time-taken"></span>    <span class="actions hidden"></span>
  </div>
    <div class="content">
      
<table>
  <tr>
    <td align="right" class="message-header-key">Subject:</td>
    <td class="message-header-value"> 0.03, 0.05, 0.06 fail to test clean on OSX</td>
  </tr>
</table>

<div class="messagebody">
<div class="message-stanza plain-text-white-space">Here&#39;s a sample run:

Running make test
PERL_DL_NONLAZY=1 /usr/local/bin/perl &#34;-MExtUtils::Command::MM&#34; &#34;-e&#34; &#34;test_harness&#40;0, &#39;blib/lib&#39;, &#39;blib/arch&#39;&#41;&#34; t/*.t
t/00-prerequisites..............................ok                           
t/01-fallback-libxml............................ok                           
t/01-fallback-pureperl..........................XML/XPath.pm did not return a true value at /Volumes/UFS/opt/perl/cpan/build/Test-HTML-Content-0.06/blib/lib/Test/HTML/Content.pm line 552.
XML/XPath.pm did not return a true value at /Volumes/UFS/opt/perl/cpan/build/Test-HTML-Content-0.06/blib/lib/Test/HTML/Content.pm line 552.
t/01-fallback-pureperl..........................ok                           
t/01-fallback-xpath.............................NOK 3#     Failed test &#40;t/01-fallback-xpath.t at line 20&#41;
#          got: &#39;No such method textContent in XML::XPath::Node::ElementImpl at /Volumes/UFS/opt/perl/cpan/build/Test-HTML-Content-0.06/blib/lib/Test/HTML/Content.pm line 277
# &#39;
#     expected: &#39;&#39;
Use of uninitialized value in string eq at t/01-fallback-xpath.t line 21.
Use of uninitialized value in numeric eq &#40;==&#41; at t/01-fallback-xpath.t line 21.
t/01-fallback-xpath.............................NOK 4#     Failed test &#40;t/01-fallback-xpath.t at line 21&#41;
Use of uninitialized value in concatenation &#40;.&#41; or string at t/01-fallback-xpath.t line 21.
# Expected &#39;skip&#39; or &#39;1&#39;, but got &#39;&#39;
# Looks like you failed 2 tests of 4.
t/01-fallback-xpath.............................dubious                      
        Test returned status 2 &#40;wstat 512, 0x200&#41;
DIED. FAILED tests 3-4
        Failed 2/4 tests, 50.00% okay
t/01-internal-api...............................ok                           
t/01-xpath-query-builder........................ok                           
t/02-tags.......................................ok                           
t/03-links......................................ok                           
t/04-comments...................................ok                           
t/05-doctype....................................ok                           
t/06-text.......................................ok                           
t/07-errors.link................................ok                           
t/08-errors.comment.............................ok                           
t/09-errors.declaration.........................ok                           
t/09-errors.xpath...............................ok                           
t/10-errors.text................................ok                           
t/12-title-fallback.............................ok                           
        6/13 skipped: XML::LibXML or XML::XPath not loaded
t/12-title......................................ok                           
t/13-xpath-gracefull-errors.....................ok                           
        2/10 skipped: XML::XPath or XML::LibXML required
t/99-manifest...................................ok                           
t/99-Pod........................................ok                           
t/99-todo.......................................ok                           
t/99-unix-text..................................ok                           
t/embedded-Test-HTML-Content-NoXPath............ok                           
t/embedded-Test-HTML-Content-XPathExtensions....ok                           
t/embedded-Test-HTML-Content....................ok                           
Failed Test           Stat Wstat Total Fail  Failed  List of Failed
-------------------------------------------------------------------------------
t/01-fallback-xpath.t    2   512     4    2  50.00%  3-4
8 subtests skipped.
Failed 1/26 test scripts, 96.15% okay. 2/632 subtests failed, 99.68% okay.
make: *** [test_dynamic] Error 2
  /usr/bin/make test -- NOT OK
</div></div>
    </div>
</div>
</div>
<div class="ticket-transaction message Correspond even">
<div class="ticket-transaction">
  <div class="metadata">
    <span class="type">
      &nbsp;      <a id="lasttrans" name="lasttrans"></a>
    </span>
    <span class="date">Thu&nbsp;Oct&nbsp;20&nbsp;23:39:37&nbsp;2005</span>
    <span class="description">jkeenan [...] cpan.org -  Correspondence added</span>
    <span class="time-taken"></span>    <span class="actions hidden"></span>
  </div>
    <div class="content">
      
<table>
  <tr>
    <td align="right" class="message-header-key">Subject:</td>
    <td class="message-header-value"> 0.03, 0.05, 0.06 fail to test clean on OSX -- 0.07 fails as well</td>
  </tr>
  <tr>
    <td align="right" class="message-header-key">From:</td>
    <td class="message-header-value"> JKEENAN</td>
  </tr>
</table>

<div class="messagebody">
<div class="message-stanza plain-text-white-space">Following up on this report:
[MERLYN - Mon Dec 22 14:06:05 2003]:

I tried v0.07 on Mac OS X &#40;10.3&#41;, running Perl 5.8.4, using Test-Simple-0.62.  Here&#39;s my 
output:

PERL_DL_NONLAZY=1 /usr/local/bin/perl &#34;-MExtUtils::Command::MM&#34; &#34;-e&#34; &#34;test_harness&#40;0, 
&#39;blib/lib&#39;, &#39;blib/arch&#39;&#41;&#34; t/*.t
t/00-prerequisites..............................ok                           
t/01-fallback-libxml............................ok                           
        4/4 skipped: Need Test::Without::Module to test the fallback
t/01-fallback-pureperl..........................ok                           
        4/4 skipped: Need Test::Without::Module to test the fallback
t/01-fallback-xpath.............................ok                           
        4/4 skipped: Need Test::Without::Module to test the fallback
t/01-internal-api...............................ok                           
t/01-xpath-query-builder........................ok                           
t/02-tags.......................................ok                           
t/03-links......................................ok                           
t/04-comments...................................ok                           
t/05-doctype....................................ok                           
t/06-text.......................................ok                           
t/07-errors.link................................NOK 2                        
#   Failed test &#39;Finding no link works&#39;
#   in t/07-errors.link.t at line 29.
# STDERR is:
# 
# #   Failed test &#39;Link failure &#40;no links&#41;&#39;
# #   in t/07-errors.link.t at line 28.
# # Expected to find at least one &lt;a&gt; tag&#40;s&#41; matching
# #   href = <span class="clickylink"><a target="new" rel="nofollow" href="http://www.perl.com">http://www.perl.com</a></span>
# # Got none
# 
# not:
# #     Failed test &#40;t/07-errors.link.t at line 28&#41;
# # Expected to find at least one &lt;a&gt; tag&#40;s&#41; matching
# #   href = <span class="clickylink"><a target="new" rel="nofollow" href="http://www.perl.com">http://www.perl.com</a></span>
# # Got none
# 
# as expected
t/07-errors.link................................NOK 3                        
#   Failed test &#39;Finding no link returns all other links&#39;
#   in t/07-errors.link.t at line 48.
# STDERR is:
# 
# #   Failed test &#39;Link failure &#40;two links that don&#39;t match&#41;&#39;
# #   in t/07-errors.link.t at line 46.
# # Expected to find at least one &lt;a&gt; tag&#40;s&#41; matching
# #   href = <span class="clickylink"><a target="new" rel="nofollow" href="http://www.perl.com">http://www.perl.com</a></span>
# # Got
# #   &lt;a href=&#39;<span class="clickylink"><a target="new" rel="nofollow" href="http://www.foo.com">http://www.foo.com</a></span>&#39;&gt;
# #   &lt;a href=&#39;index.html&#39;&gt;
# 
# not:
# #     Failed test &#40;t/07-errors.link.t at line 46&#41;
# # Expected to find at least one &lt;a&gt; tag&#40;s&#41; matching
# #   href = <span class="clickylink"><a target="new" rel="nofollow" href="http://www.perl.com">http://www.perl.com</a></span>
# # Got
# #   &lt;a href=&#39;<span class="clickylink"><a target="new" rel="nofollow" href="http://www.foo.com">http://www.foo.com</a></span>&#39;&gt;
# #   &lt;a href=&#39;index.html&#39;&gt;
# 
# as expected
t/07-errors.link................................NOK 4                        
#   Failed test &#39;Finding a link where one should be returns all other links&#39;
#   in t/07-errors.link.t at line 67.
# STDERR is:
# 
# #   Failed test &#39;Link failure &#40;two links shouldn&#39;t exist do&#41;&#39;
# #   in t/07-errors.link.t at line 65.
# # Expected to find no &lt;a&gt; tag&#40;s&#41; matching
# #   href = &#40;?-xism:.&#41;
# # Got
# #   &lt;a href=&#39;<span class="clickylink"><a target="new" rel="nofollow" href="http://www.foo.com">http://www.foo.com</a></span>&#39;&gt;
# #   &lt;a href=&#39;index.html&#39;&gt;
# 
# not:
# #     Failed test &#40;t/07-errors.link.t at line 65&#41;
# # Expected to find no &lt;a&gt; tag&#40;s&#41; matching
# #   href = &#40;?-xism:.&#41;
# # Got
# #   &lt;a href=&#39;<span class="clickylink"><a target="new" rel="nofollow" href="http://www.foo.com">http://www.foo.com</a></span>&#39;&gt;
# #   &lt;a href=&#39;index.html&#39;&gt;
# 
# as expected
t/07-errors.link................................NOK 5                        
#   Failed test &#39;Diagnosing too few links works&#39;
#   in t/07-errors.link.t at line 85.
# STDERR is:
# 
# #   Failed test &#39;Link failure &#40;too few links&#41;&#39;
# #   in t/07-errors.link.t at line 84.
# # Expected to find exactly 3 &lt;a&gt; tag&#40;s&#41; matching
# #   href = &#40;?-xism:.&#41;
# # Got
# #   &lt;a href=&#39;<span class="clickylink"><a target="new" rel="nofollow" href="http://www.foo.com">http://www.foo.com</a></span>&#39;&gt;
# #   &lt;a href=&#39;index.html&#39;&gt;
# 
# not:
# #     Failed test &#40;t/07-errors.link.t at line 84&#41;
# # Expected to find exactly 3 &lt;a&gt; tag&#40;s&#41; matching
# #   href = &#40;?-xism:.&#41;
# # Got
# #   &lt;a href=&#39;<span class="clickylink"><a target="new" rel="nofollow" href="http://www.foo.com">http://www.foo.com</a></span>&#39;&gt;
# #   &lt;a href=&#39;index.html&#39;&gt;
# 
# as expected
t/07-errors.link................................NOK 6                        
#   Failed test &#39;Diagnosing too many links works&#39;
#   in t/07-errors.link.t at line 107.
# STDERR is:
# 
# #   Failed test &#39;Link failure &#40;too many links&#41;&#39;
# #   in t/07-errors.link.t at line 106.
# # Expected to find exactly 3 &lt;a&gt; tag&#40;s&#41; matching
# #   href = &#40;?-xism:.&#41;
# # Got
# #   &lt;a href=&#39;<span class="clickylink"><a target="new" rel="nofollow" href="http://www.bar.com">http://www.bar.com</a></span>&#39;&gt;
# #   &lt;a href=&#39;<span class="clickylink"><a target="new" rel="nofollow" href="http://www.dot.com">http://www.dot.com</a></span>&#39;&gt;
# #   &lt;a href=&#39;<span class="clickylink"><a target="new" rel="nofollow" href="http://www.foo.com">http://www.foo.com</a></span>&#39;&gt;
# #   &lt;a href=&#39;index.html&#39;&gt;
# 
# not:
# #     Failed test &#40;t/07-errors.link.t at line 106&#41;
# # Expected to find exactly 3 &lt;a&gt; tag&#40;s&#41; matching
# #   href = &#40;?-xism:.&#41;
# # Got
# #   &lt;a href=&#39;<span class="clickylink"><a target="new" rel="nofollow" href="http://www.bar.com">http://www.bar.com</a></span>&#39;&gt;
# #   &lt;a href=&#39;<span class="clickylink"><a target="new" rel="nofollow" href="http://www.dot.com">http://www.dot.com</a></span>&#39;&gt;
# #   &lt;a href=&#39;<span class="clickylink"><a target="new" rel="nofollow" href="http://www.foo.com">http://www.foo.com</a></span>&#39;&gt;
# #   &lt;a href=&#39;index.html&#39;&gt;
# 
# as expected
t/07-errors.link................................FAILED tests 2-6             
        Failed 5/6 tests, 16.67% okay
t/08-errors.comment.............................NOK 2                        
#   Failed test &#39;Finding no comment works&#39;
#   in t/08-errors.comment.t at line 28.
# STDERR is:
# 
# #   Failed test &#39;Comment failure &#40;no comments&#41;&#39;
# #   in t/08-errors.comment.t at line 27.
# # No comment found at all
# # Expected at least one comment like &#39;hidden message&#39;
# 
# not:
# #     Failed test &#40;t/08-errors.comment.t at line 27&#41;
# # No comment found at all
# # Expected at least one comment like &#39;hidden message&#39;
# 
# as expected
t/08-errors.comment.............................NOK 3                        
#   Failed test &#39;Finding no comment returns all other comments&#39;
#   in t/08-errors.comment.t at line 42.
# STDERR is:
# 
# #   Failed test &#39;Comment failure &#40;nonmatching comments&#41;&#39;
# #   in t/08-errors.comment.t at line 40.
# # Saw &#39;&lt;!-- hidden massage --&gt;&#39;
# # Saw &#39;&lt;!-- hidden massage --&gt;&#39;
# # Saw &#39;&lt;!-- hidden massage --&gt;&#39;
# # Expected at least one comment like &#39;hidden message&#39;
# 
# not:
# #     Failed test &#40;t/08-errors.comment.t at line 40&#41;
# # Saw &#39;&lt;!-- hidden massage --&gt;&#39;
# # Saw &#39;&lt;!-- hidden massage --&gt;&#39;
# # Saw &#39;&lt;!-- hidden massage --&gt;&#39;
# # Expected at least one comment like &#39;hidden message&#39;
# 
# as expected
t/08-errors.comment.............................NOK 4                        
#   Failed test &#39;Finding a comment where none should be returns all comments&#39;
#   in t/08-errors.comment.t at line 55.
# STDERR is:
# 
# #   Failed test &#39;Comment failure &#40;two comments that shouldn&#39;t exist do&#41;&#39;
# #   in t/08-errors.comment.t at line 53.
# # Saw &#39;&lt;!-- hidden massage --&gt;&#39;
# # Saw &#39;&lt;!-- hidden massage --&gt;&#39;
# # Expected no comment like &#39;&#40;?-xism:hidden m.ssage&#41;&#39;
# 
# not:
# #     Failed test &#40;t/08-errors.comment.t at line 53&#41;
# # Saw &#39;&lt;!-- hidden massage --&gt;&#39;
# # Saw &#39;&lt;!-- hidden massage --&gt;&#39;
# # Expected no comment like &#39;&#40;?-xism:hidden m.ssage&#41;&#39;
# 
# as expected
t/08-errors.comment.............................NOK 5                        
#   Failed test &#39;Diagnosing too few comments works&#39;
#   in t/08-errors.comment.t at line 68.
# STDERR is:
# 
# #   Failed test &#39;Comment failure &#40;too few comments&#41;&#39;
# #   in t/08-errors.comment.t at line 66.
# # Saw &#39;&lt;!-- hidden massage --&gt;&#39;
# # Saw &#39;&lt;!-- hidden massage --&gt;&#39;
# # Expected exactly 3 comments like &#39;&#40;?-xism:hidden m.ssage&#41;&#39;
# 
# not:
# #     Failed test &#40;t/08-errors.comment.t at line 66&#41;
# # Saw &#39;&lt;!-- hidden massage --&gt;&#39;
# # Saw &#39;&lt;!-- hidden massage --&gt;&#39;
# # Expected exactly 3 comments like &#39;&#40;?-xism:hidden m.ssage&#41;&#39;
# 
# as expected
t/08-errors.comment.............................NOK 6                        
#   Failed test &#39;Diagnosing too many comments works&#39;
#   in t/08-errors.comment.t at line 81.
# STDERR is:
# 
# #   Failed test &#39;Comment failure &#40;too few comments&#41;&#39;
# #   in t/08-errors.comment.t at line 79.
# # Saw &#39;&lt;!-- hidden massage --&gt;&#39;
# # Saw &#39;&lt;!-- hidden massage --&gt;&#39;
# # Expected exactly 1 comments like &#39;&#40;?-xism:hidden m.ssage&#41;&#39;
# 
# not:
# #     Failed test &#40;t/08-errors.comment.t at line 79&#41;
# # Saw &#39;&lt;!-- hidden massage --&gt;&#39;
# # Saw &#39;&lt;!-- hidden massage --&gt;&#39;
# # Expected exactly 1 comments like &#39;&#40;?-xism:hidden m.ssage&#41;&#39;
# 
# as expected
t/08-errors.comment.............................FAILED tests 2-6             
        Failed 5/6 tests, 16.67% okay
t/09-errors.declaration.........................ok                           
t/09-errors.xpath...............................ok                           
        6/7 skipped: Need XPath functionality to test it
t/10-errors.text................................NOK 2                        
#   Failed test &#39;Empty document gets reported&#39;
#   in t/10-errors.text.t at line 31.
# STDERR is:
# 
# #   Failed test &#39;Text failure &#40;empty document&#41;&#39;
# #   in t/10-errors.text.t at line 22.
# # No text found at all
# # Expected at least one text element like &#39;Perl&#39;
# 
# not:
# #     Failed test &#40;t/10-errors.text.t at line 22&#41;
# # No text found at all
# # Expected at least one text element like &#39;Perl&#39;
# 
# as expected
t/10-errors.text................................NOK 3                        
#   Failed test &#39;Empty document gets reported&#39;
#   in t/10-errors.text.t at line 31.
# STDERR is:
# 
# #   Failed test &#39;Text failure &#40;empty document&#41;&#39;
# #   in t/10-errors.text.t at line 22.
# # No text found at all
# # Expected at least one text element like &#39;Perl&#39;
# 
# not:
# #     Failed test &#40;t/10-errors.text.t at line 22&#41;
# # No text found at all
# # Expected at least one text element like &#39;Perl&#39;
# 
# as expected
t/10-errors.text................................FAILED tests 2-3             
        Failed 2/3 tests, 33.33% okay
t/12-title-fallback.............................ok                           
        6/13 skipped: XML::LibXML or XML::XPath not loaded
t/12-title......................................ok                           
        6/7 skipped: XML::XPath or XML::LibXML is needed for title testing
t/13-xpath-gracefull-errors.....................ok                           
        2/4 skipped: XML::XPath or XML::LibXML required
t/99-manifest...................................ok                           
t/99-Pod........................................ok                           
t/99-todo.......................................ok                           
t/99-unix-text..................................ok                           
t/embedded-Test-HTML-Content-NoXPath............ok                           
t/embedded-Test-HTML-Content-XPathExtensions....ok                           
t/embedded-Test-HTML-Content....................ok                           
Failed Test           Stat Wstat Total Fail  Failed  List of Failed
------------------------------------------------------------------------------
-
t/07-errors.link.t                   6    5  83.33%  2-6
t/08-errors.comment.t                6    5  83.33%  2-6
t/10-errors.text.t                   3    2  66.67%  2-3
32 subtests skipped.
Failed 3/26 test scripts, 88.46% okay. 12/264 subtests failed, 95.45% okay.
make: *** [test_dynamic] Error 2
  /usr/bin/make test -- NOT OK
</div></div>
    </div>
</div>
</div>
</div>
    <hr class="clear" />
  </div>
</div>




</div>
 


  <hr class="clear" />
</div>
</body>
</html>
