<!DOCTYPE html>

<html lang="en">
  <head>
    <title>Bug #4694 for Module-Build: test fails when installing Module::Build</title>
    <meta http-equiv="X-UA-Compatible" content="IE=edge" />
    <!-- The X-UA-Compatible <meta> tag above must be very early in <head> -->

    <script>
if (window.top !== window.self) {
    document.write = "";

    window.top.location = window.self.location;

    setTimeout(function(){
        document.body.innerHTML = "";
    }, 1);

    window.self.onload = function(){
        document.body.innerHTML = "";
    };
}
</script>



<link rel="shortcut icon" href="/NoAuth/images/favicon.png" type="image/png" />
<link rel="stylesheet" href="/NoAuth/css/aileron-squished-00f758259152f8b6670ee485f462e6b8.css" type="text/css" media="all" />
<link rel="stylesheet" href="/NoAuth/css/print.css" type="text/css" media="print" />




<script type="text/javascript" src="/NoAuth/js/squished-42167f2409ce368da2d31038e5cb2a57.js"></script>

<script type="text/javascript"><!--
	jQuery( loadTitleBoxStates );

--></script>


<!--[if lt IE 8]>
<link rel="stylesheet" href="/NoAuth/css/aileron/msie.css" type="text/css" media="all" />
<![endif]-->
<!--[if lt IE 7]>
<link rel="stylesheet" href="/NoAuth/css/aileron/msie6.css" type="text/css" media="all" />
<![endif]-->
<script type="text/javascript">
jQuery(document).ready(function(){
    jQuery.fn.supersubs.defaults = {
        maxWidth: 30,
        extraWidth: 2
    };

    jQuery("#app-nav.toplevel").addClass('sf-menu sf-js-enabled sf-shadow').supersubs().superfish({ speed: 'fast' });
    jQuery("#page-menu.toplevel").addClass('sf-menu sf-js-enabled').supersubs().superfish({ dropShadows: false, speed: 'fast' }).supposition();
});
</script>


<!-- Site CSS from theme editor -->
<style type="text/css" media="all" id="sitecss">
</style>

<meta name="google-site-verification" content="kD3-uEJK1AkTqaC-rckcSt_HPkAj674DPPuEN6i-y0g" />

</head>
  <body class="aileron sidebyside" id="comp-Public-Bug-Display">

<div id="logo">
<a href="https://rt.cpan.org/"><img
    src="/NoAuth/images/cpan.png"
    alt="CPAN"
    width="181"
    height="38" /></a>
    <span class="rtname">RT for rt.cpan.org</span>
</div>


<div id="quickbar">
  <div id="quick-personal">
    <span class="hide"><a href="#skipnav">Skip Menu</a> | </span>
</div>

</div>
<div id="header"><h1>Bug #4694 for Module-Build: test fails when installing Module::Build</h1></div>


<div id="main-navigation"><ul id="app-nav" class="toplevel">
 <li id="li-search_dist"><a id="search_dist" class="menu-item " href="/Public/">Search Distributions</a></li>
 <li id="li-browse_dist"><a id="browse_dist" class="menu-item " href="/Public/Dist/Browse.html">Browse Distributions</a></li>
 <li id="li-about" class="has-children"><a id="about" class="menu-item " href="/NoAuth/RT/CPAN/About.html">About rt.cpan.org</a>
 <ul>
  <li id="li-about-usage"><a id="about-usage" class="menu-item " href="/NoAuth/RT/CPAN/Usage.html">How do Iâ€¦?</a></li>
  <li id="li-about-about"><a id="about-about" class="menu-item " href="/NoAuth/RT/CPAN/About.html">About</a></li>
 </ul>
 </li>
 <li id="li-preferences"><a id="preferences" class="menu-item ">Welcome <span class="current-user">anonymous guest</span>.</a></li>
 <li id="li-login"><a id="login" class="menu-item " href="/NoAuth/Logout.html">Login as another user</a></li>
</ul></div>
<div id="page-navigation"><ul id="page-menu" class="toplevel">
 <li id="li-page-active_bugs"><a id="page-active_bugs" class="menu-item " href="/Public/Dist/Display.html?Status=Active;Name=Module-Build">Active bugs</a></li>
 <li id="li-page-resolved_bugs"><a id="page-resolved_bugs" class="menu-item " href="/Public/Dist/Display.html?Status=Resolved;Name=Module-Build">Resolved bugs</a></li>
 <li id="li-page-rejected_bugs"><a id="page-rejected_bugs" class="menu-item " href="/Public/Dist/Display.html?Status=Rejected;Name=Module-Build">Rejected bugs</a></li>
 <li id="li-page-report"><a id="page-report" class="menu-item " href="/Public/Bug/Report.html?Queue=Module-Build">Report a new bug</a></li>
</ul></div>
<div id="topactions"><form action="/Public/Search/Simple.html" id="simple-search">
  <input size="12" name="q" accesskey="0" class="field" value="" placeholder="Search..." />
</form>

<form action="/Public/Bug/Report.html" name="CreateTicketInQueue" id="CreateTicketInQueue" >
<input type="submit" class="button" value="New ticket in" />&nbsp;<label accesskey="9">
  <input name="Queue" size="25" placeholder="Module or distribution" value="" class="select-queue" data-autocomplete="Queues" data-autocomplete-autosubmit=1 data-autocomplete-params="right=CreateTicket" />

</label>

</form>

</div>
<div id="body">
<div id="announcement" style="padding: 1em; margin: 1em; border: solid black 1px; background: #eee">
<a href="https://log.perl.org/2020/12/rtcpanorg-sunset.html">rt.cpan.org will be shut down on March 1st, 2021.</a>
</div>

<a name="skipnav" id="skipnav" accesskey="8"></a>





<p>This queue is for tickets about the <a href="https://metacpan.org/release/Module-Build">Module-Build CPAN distribution</a>.</p>





<div class="">
  <div class="titlebox" id="">
  <div class="titlebox-title">
    <span class="widget"><a href="#" onclick="return rollup('TitleBox\x2D\x2D\x5FPublic\x5FBug\x5FDisplay\x5Fhtml\x2D\x2D\x2D\x2D\x2D\x2DUmVwb3J0IGluZm9ybWF0aW9u\x2D\x2D\x2D0');" title="Toggle visibility"></a></span>
    <span class="left">Report information</span>
    <span class="right-empty">		    </span>
  </div>
  <div class="titlebox-content " id="TitleBox--_Public_Bug_Display_html------UmVwb3J0IGluZm9ybWF0aW9u---0">


<table width="100%" class="ticket-summary">
<tr>
  <td valign="top" class="boxcontainer">
    <div class="ticket-info-basics">
  <div class="titlebox ticket-info-basics " id="">
  <div class="titlebox-title">
    <span class="widget"><a href="#" onclick="return rollup('TitleBox\x2D\x2D\x5FPublic\x5FBug\x5FDisplay\x5Fhtml\x2D\x2Dticket\x2Dinfo\x2Dbasics\x2D\x2D\x2D\x2DVGhlIEJhc2ljcw\x5F\x5F\x2D\x2D\x2D0');" title="Toggle visibility"></a></span>
    <span class="left">The Basics</span>
    <span class="right-empty">		    </span>
  </div>
  <div class="titlebox-content " id="TitleBox--_Public_Bug_Display_html--ticket-info-basics----VGhlIEJhc2ljcw__---0">


        <table>
  <tr class="id">
    <td class="label">Id:</td>
    <td class="value">4694</td>
  </tr>
  <tr class="status">
    <td class="label">Status:</td>
    <td class="value">resolved</td>
  </tr>
  <tr class="priority">
    <td class="label">Priority:</td>
    <td class="value">0/
</td>
  </tr>
  <tr class="queue">
    <td class="label">Queue:</td>
    <td class="value"><a href="/Dist/Display.html?Queue=Module-Build">Module-Build</a>
</td>
  </tr>
</table>

        <hr class="clear" />
  </div>
</div>




</div>


    <div class="ticket-info-people">
  <div class="titlebox ticket-info-people " id="">
  <div class="titlebox-title">
    <span class="widget"><a href="#" onclick="return rollup('TitleBox\x2D\x2D\x5FPublic\x5FBug\x5FDisplay\x5Fhtml\x2D\x2Dticket\x2Dinfo\x2Dpeople\x2D\x2D\x2D\x2DUGVvcGxl\x2D\x2D\x2D0');" title="Toggle visibility"></a></span>
    <span class="left">People</span>
    <span class="right-empty">		    </span>
  </div>
  <div class="titlebox-content " id="TitleBox--_Public_Bug_Display_html--ticket-info-people----UGVvcGxl---0">


        <table>
  <tr>
    <td class="label">Owner:</td>
    <td class="value">Nobody in particular
    
    </td>
  </tr>
  <tr>
    <td class="labeltop">Requestors:</td>
    <td class="value">
ns-zjohnson [...] math.ucdavis.edu

<br />

</td>
  </tr>
  <tr>
    <td class="labeltop">Cc:</td>
    <td class="value">

</td>
  </tr>
  <tr>
    <td class="labeltop">AdminCc:</td>
    <td class="value">

</td>
  </tr>
</table>

        <hr class="clear" />
  </div>
</div>




</div>



  </td>
  <td valign="top" class="boxcontainer">
    
    <div class="ticket-info-cfs">
  <div class="titlebox ticket-info-cfs " id="">
  <div class="titlebox-title">
    <span class="widget"><a href="#" onclick="return rollup('TitleBox\x2D\x2D\x5FPublic\x5FBug\x5FDisplay\x5Fhtml\x2D\x2Dticket\x2Dinfo\x2Dcfs\x2D\x2D\x2D\x2DQnVnIEluZm9ybWF0aW9u\x2D\x2D\x2D0');" title="Toggle visibility"></a></span>
    <span class="left">Bug Information</span>
    <span class="right-empty">		    </span>
  </div>
  <div class="titlebox-content " id="TitleBox--_Public_Bug_Display_html--ticket-info-cfs----QnVnIEluZm9ybWF0aW9u---0">

 
        <table>
  <tr id="CF-1-ShowRow">
    <td class="label">Severity:</td>
    <td class="value">
Normal    </td>
  </tr>
  <tr id="CF-21558-ShowRow">
    <td class="label">Broken in:</td>
    <td class="value">
<i>(no value)</i>
    </td>
  </tr>
  <tr id="CF-21559-ShowRow">
    <td class="label">Fixed in:</td>
    <td class="value">
<i>(no value)</i>
    </td>
  </tr>
</table>


        <hr class="clear" />
  </div>
</div>




</div>


    




  </td>
</tr>
</table>

    <hr class="clear" />
  </div>
</div>




</div>


<br />


<div class="history">
<div class="titlebox" id="">
  <div class="titlebox-title">
    <span class="widget"><a href="#" onclick="return rollup('TitleBox\x2D\x2D\x5FPublic\x5FBug\x5FDisplay\x5Fhtml\x2D\x2D\x2D\x2D\x2D\x2DSGlzdG9yeQ\x5F\x5F\x2D\x2D\x2D0');" title="Toggle visibility"></a></span>
    <span class="left">History</span>
    <span class="right">		<a href="#" data-direction="open" onclick="return toggle_all_folds(this, 'Show\x20all\x20quoted\x20text', 'Hide\x20all\x20quoted\x20text');">Show all quoted text</a> &mdash; <a href="/Public/Bug/Display.html?ShowHeaders=1;id=4694">Show full headers</a>    </span>
  </div>
  <div class="titlebox-content " id="TitleBox--_Public_Bug_Display_html------SGlzdG9yeQ__---0">


<div id="ticket-history">
<div class="ticket-transaction message Create odd">
<div class="ticket-transaction">
  <div class="metadata">
    <span class="type">
      <a name="txn-93836" href="/Public/Bug/Display.html?id=4694#txn-93836">#</a>      
    </span>
    <span class="date">Tue&nbsp;Dec&nbsp;16&nbsp;21:02:10&nbsp;2003</span>
    <span class="description">Guest -  Ticket created</span>
    <span class="time-taken"></span>    <span class="actions hidden"></span>
  </div>
    <div class="content">
      
<table>
  <tr>
    <td align="right" class="message-header-key">Subject:</td>
    <td class="message-header-value"> test fails when installing Module::Build</td>
  </tr>
</table>
<div class="downloadattachment">
<a href="/Ticket/Attachment/93836/14482/">Download &#40;untitled&#41;</a> / <a href="/Ticket/Attachment/WithHeaders/14482">with headers</a>
<br />
<span class="downloadcontenttype">text/plain 11.5k</span>
</div>
<div class="messagebody">
<div class="message-stanza plain-text-white-space">This probably isn&#39;t a real bug. Was using CPAN to install a bunch of perl
modules as needed by Request Tracker, but this module fails.
Any suggestions would be great. 

Details:


[root@optical rt-3-0-7_01]# cat /etc/issue ; uname -a
Red Hat Enterprise Linux AS release 3 &#40;Taroon&#41;
Kernel \r on an \m
 
Linux optical.math.ucdavis.edu 2.4.21-4.ELsmp #1 SMP Fri Oct 3 17:32:58 EDT 2003 x86_64 x86_64 x86_64 GNU/Linux
[root@optical rt-3-0-7_01]# perl -MCPAN -e shell
Undefined value assigned to typeglob at &#40;eval 13&#41; line 15, &lt;RC&gt; line 11.
Warning [/etc/inputrc line 11]:
  Invalid variable `mark-symlinked-directories&#39;
 
cpan shell -- CPAN exploration and modules installation &#40;v1.76&#41;
ReadLine support enabled
 
<span
    class="message-stanza-folder closed"
    onclick="fold_message_stanza(this, 'Show\x20quoted\x20text', 'Hide\x20quoted\x20text');">Show quoted text</span><br /><div class="message-stanza closed">cpan&gt; install Module::Build
</div>CPAN: Storable loaded ok
Going to read /root/.cpan/Metadata
  Database was generated on Tue, 16 Dec 2003 14:46:52 GMT
Running install for module Module::Build
Running make for K/KW/KWILLIAMS/Module-Build-0.21.tar.gz
CPAN: Digest::MD5 loaded ok
CPAN: Compress::Zlib loaded ok
Checksum for /root/.cpan/sources/authors/id/K/KW/KWILLIAMS/Module-Build-0.21.tar.gz ok
Scanning cache /root/.cpan/build for sizes
Deleting from cache: /root/.cpan/build/HTML-Parser-3.35 &#40;10.5&gt;10.0 MB&#41;
Module-Build-0.21/
Module-Build-0.21/Build.PL
Module-Build-0.21/Changes
Module-Build-0.21/INSTALL.txt
Module-Build-0.21/lib/
Module-Build-0.21/lib/Module/
Module-Build-0.21/lib/Module/Build/
Module-Build-0.21/lib/Module/Build/Base.pm
Module-Build-0.21/lib/Module/Build/Compat.pm
Module-Build-0.21/lib/Module/Build/Cookbook.pm
Module-Build-0.21/lib/Module/Build/Platform/
Module-Build-0.21/lib/Module/Build/Platform/Amiga.pm
Module-Build-0.21/lib/Module/Build/Platform/cygwin.pm
Module-Build-0.21/lib/Module/Build/Platform/darwin.pm
Module-Build-0.21/lib/Module/Build/Platform/Default.pm
Module-Build-0.21/lib/Module/Build/Platform/EBCDIC.pm
Module-Build-0.21/lib/Module/Build/Platform/MacOS.pm
Module-Build-0.21/lib/Module/Build/Platform/MPEiX.pm
Module-Build-0.21/lib/Module/Build/Platform/RiscOS.pm
Module-Build-0.21/lib/Module/Build/Platform/Unix.pm
Module-Build-0.21/lib/Module/Build/Platform/VMS.pm
Module-Build-0.21/lib/Module/Build/Platform/VOS.pm
Module-Build-0.21/lib/Module/Build/Platform/Windows.pm
Module-Build-0.21/lib/Module/Build/PPMMaker.pm
Module-Build-0.21/lib/Module/Build.pm
Module-Build-0.21/Makefile.PL
Module-Build-0.21/MANIFEST
Module-Build-0.21/META.yml
Module-Build-0.21/README
Module-Build-0.21/SIGNATURE
Module-Build-0.21/t/
Module-Build-0.21/t/basic.t
Module-Build-0.21/t/common.pl
Module-Build-0.21/t/compat.t
Module-Build-0.21/t/extend.t
Module-Build-0.21/t/install.t
Module-Build-0.21/t/lib/
Module-Build-0.21/t/lib/ModuleBuildOne.pm
Module-Build-0.21/t/MANIFEST
Module-Build-0.21/t/manifypods.t
Module-Build-0.21/t/notes.t
Module-Build-0.21/t/runthrough.t
Module-Build-0.21/t/Sample/
Module-Build-0.21/t/Sample/bin/
Module-Build-0.21/t/Sample/bin/sample.pl
Module-Build-0.21/t/Sample/Build.PL
Module-Build-0.21/t/Sample/lib/
Module-Build-0.21/t/Sample/lib/Sample/
Module-Build-0.21/t/Sample/lib/Sample/Docs.pod
Module-Build-0.21/t/Sample/lib/Sample/NoPod.pm
Module-Build-0.21/t/Sample/lib/Sample/Script.PL
Module-Build-0.21/t/Sample/lib/Sample.pm
Module-Build-0.21/t/Sample/MANIFEST
Module-Build-0.21/t/Sample/META.yml
Module-Build-0.21/t/Sample/script
Module-Build-0.21/t/Sample/test.pl
Module-Build-0.21/t/signature.t
Module-Build-0.21/t/versions.t
Module-Build-0.21/t/xs.t
Module-Build-0.21/t/XSTest/
Module-Build-0.21/t/XSTest/Build.PL
Module-Build-0.21/t/XSTest/Changes
Module-Build-0.21/t/XSTest/lib/
Module-Build-0.21/t/XSTest/lib/XSTest.pm
Module-Build-0.21/t/XSTest/lib/XSTest.xs
Module-Build-0.21/t/XSTest/MANIFEST
Module-Build-0.21/t/XSTest/test.pl
Removing previously used /root/.cpan/build/Module-Build-0.21
 
  CPAN.pm: Going to build K/KW/KWILLIAMS/Module-Build-0.21.tar.gz
 
/usr/bin/perl Build.PL
Checking whether your kit is complete...
Looks good
WARNING: YAML: Prerequisite YAML isn&#39;t installed
WARNING: ExtUtils::ParseXS: Prerequisite ExtUtils::ParseXS isn&#39;t installed
ERRORS/WARNINGS FOUND IN PREREQUISITES.  You may wish to install the versions
 of the modules indicated above before proceeding with this installation.
 
Creating new &#39;Build&#39; script for &#39;Module-Build&#39; version &#39;0.21&#39;
/usr/bin/perl Build
lib/Module/Build/Platform/darwin.pm -&gt; blib/lib/Module/Build/Platform/darwin.pm
lib/Module/Build/Platform/MacOS.pm -&gt; blib/lib/Module/Build/Platform/MacOS.pm
lib/Module/Build/Compat.pm -&gt; blib/lib/Module/Build/Compat.pm
lib/Module/Build/Platform/RiscOS.pm -&gt; blib/lib/Module/Build/Platform/RiscOS.pm
lib/Module/Build/Platform/VOS.pm -&gt; blib/lib/Module/Build/Platform/VOS.pm
lib/Module/Build/Platform/Windows.pm -&gt; blib/lib/Module/Build/Platform/Windows.pm
lib/Module/Build/Platform/Unix.pm -&gt; blib/lib/Module/Build/Platform/Unix.pm
lib/Module/Build/Platform/Amiga.pm -&gt; blib/lib/Module/Build/Platform/Amiga.pm
lib/Module/Build/Base.pm -&gt; blib/lib/Module/Build/Base.pm
lib/Module/Build/Platform/cygwin.pm -&gt; blib/lib/Module/Build/Platform/cygwin.pm
lib/Module/Build/Platform/EBCDIC.pm -&gt; blib/lib/Module/Build/Platform/EBCDIC.pm
lib/Module/Build/Platform/MPEiX.pm -&gt; blib/lib/Module/Build/Platform/MPEiX.pm
lib/Module/Build/Platform/VMS.pm -&gt; blib/lib/Module/Build/Platform/VMS.pm
lib/Module/Build.pm -&gt; blib/lib/Module/Build.pm
lib/Module/Build/PPMMaker.pm -&gt; blib/lib/Module/Build/PPMMaker.pm
lib/Module/Build/Cookbook.pm -&gt; blib/lib/Module/Build/Cookbook.pm
lib/Module/Build/Platform/Default.pm -&gt; blib/lib/Module/Build/Platform/Default.pm
Manifying blib/lib/Module/Build/Platform/Unix.pm -&gt; blib/libdoc/Module::Build::Platform::Unix.3pm
Manifying blib/lib/Module/Build/Platform/EBCDIC.pm -&gt; blib/libdoc/Module::Build::Platform::EBCDIC.3pm
Manifying blib/lib/Module/Build/Platform/MacOS.pm -&gt; blib/libdoc/Module::Build::Platform::MacOS.3pm
Manifying blib/lib/Module/Build.pm -&gt; blib/libdoc/Module::Build.3pm
Manifying blib/lib/Module/Build/Platform/Amiga.pm -&gt; blib/libdoc/Module::Build::Platform::Amiga.3pm
Manifying blib/lib/Module/Build/Platform/cygwin.pm -&gt; blib/libdoc/Module::Build::Platform::cygwin.3pm
Manifying blib/lib/Module/Build/PPMMaker.pm -&gt; blib/libdoc/Module::Build::PPMMaker.3pm
Manifying blib/lib/Module/Build/Platform/Windows.pm -&gt; blib/libdoc/Module::Build::Platform::Windows.3pm
Manifying blib/lib/Module/Build/Platform/MPEiX.pm -&gt; blib/libdoc/Module::Build::Platform::MPEiX.3pm
Manifying blib/lib/Module/Build/Platform/VOS.pm -&gt; blib/libdoc/Module::Build::Platform::VOS.3pm
Manifying blib/lib/Module/Build/Platform/Default.pm -&gt; blib/libdoc/Module::Build::Platform::Default.3pm
Manifying blib/lib/Module/Build/Platform/RiscOS.pm -&gt; blib/libdoc/Module::Build::Platform::RiscOS.3pm
Manifying blib/lib/Module/Build/Cookbook.pm -&gt; blib/libdoc/Module::Build::Cookbook.3pm
Manifying blib/lib/Module/Build/Platform/darwin.pm -&gt; blib/libdoc/Module::Build::Platform::darwin.3pm
Manifying blib/lib/Module/Build/Platform/VMS.pm -&gt; blib/libdoc/Module::Build::Platform::VMS.3pm
Manifying blib/lib/Module/Build/Base.pm -&gt; blib/libdoc/Module::Build::Base.3pm
Manifying blib/lib/Module/Build/Compat.pm -&gt; blib/libdoc/Module::Build::Compat.3pm
  /usr/bin/make  -- OK
Running make test
/usr/bin/perl Build test
t/basic.........ok
t/compat........ok
t/extend........ok
t/install.......ok
t/manifypods....ok 2/17Use of uninitialized value in substitution &#40;s///&#41; at /usr/lib/perl5/5.8.0/File/Spec/Unix.pm line 52.
Use of uninitialized value in substitution &#40;s///&#41; at /usr/lib/perl5/5.8.0/File/Spec/Unix.pm line 53.
Use of uninitialized value in string eq at /usr/lib/perl5/5.8.0/File/Spec/Unix.pm line 54.
Use of uninitialized value in substitution &#40;s///&#41; at /usr/lib/perl5/5.8.0/File/Spec/Unix.pm line 54.
Use of uninitialized value in substitution &#40;s///&#41; at /usr/lib/perl5/5.8.0/File/Spec/Unix.pm line 55.
Use of uninitialized value in string eq at /usr/lib/perl5/5.8.0/File/Spec/Unix.pm line 56.
Use of uninitialized value in substitution &#40;s///&#41; at /usr/lib/perl5/5.8.0/File/Spec/Unix.pm line 56.
Use of uninitialized value in concatenation &#40;.&#41; or string at /usr/lib/perl5/5.8.0/File/Spec/Unix.pm line 57.
Use of uninitialized value in substitution &#40;s///&#41; at /usr/lib/perl5/5.8.0/File/Spec/Unix.pm line 52.
Use of uninitialized value in substitution &#40;s///&#41; at /usr/lib/perl5/5.8.0/File/Spec/Unix.pm line 53.
Use of uninitialized value in string eq at /usr/lib/perl5/5.8.0/File/Spec/Unix.pm line 54.
Use of uninitialized value in substitution &#40;s///&#41; at /usr/lib/perl5/5.8.0/File/Spec/Unix.pm line 54.
Use of uninitialized value in substitution &#40;s///&#41; at /usr/lib/perl5/5.8.0/File/Spec/Unix.pm line 55.
Use of uninitialized value in string eq at /usr/lib/perl5/5.8.0/File/Spec/Unix.pm line 56.
Use of uninitialized value in substitution &#40;s///&#41; at /usr/lib/perl5/5.8.0/File/Spec/Unix.pm line 56.
Use of uninitialized value in concatenation &#40;.&#41; or string at /usr/lib/perl5/5.8.0/File/Spec/Unix.pm line 57.
t/manifypods....ok
t/notes.........ok
t/runthrough....ok 19/27Couldn&#39;t load YAML.pm: Can&#39;t locate YAML.pm in @INC &#40;@INC contains: /root/.cpan/build/Module-Build-0.21/blib/lib /root/.cpan/build/Module-Build-0.21/blib/arch /root/.cpan/build/Module-Build-0.21/lib /usr/lib64/perl5/5.8.0/x86_64-linux-thread-multi /usr/lib/perl5/5.8.0 /usr/lib64/perl5/site_perl/5.8.0 /usr/lib/perl5/site_perl/5.8.0 /usr/lib/perl5/site_perl/5.8.0 /usr/lib/perl5/site_perl /usr/lib64/perl5/vendor_perl/5.8.0/x86_64-linux-thread-multi /usr/lib/perl5/vendor_perl/5.8.0 /usr/lib/perl5/vendor_perl/5.8.0 /usr/lib/perl5/vendor_perl /root/.cpan/build/Module-Build-0.21 /usr/lib64/perl5/5.8.0/x86_64-linux-thread-multi /usr/lib/perl5/5.8.0 /usr/lib64/perl5/site_perl/5.8.0 /usr/lib/perl5/site_perl/5.8.0 /usr/lib/perl5/site_perl /usr/lib64/perl5/vendor_perl/5.8.0/x86_64-linux-thread-multi /usr/lib/perl5/vendor_perl/5.8.0 /usr/lib/perl5/vendor_perl /usr/lib/perl5/5.8.0 .&#41; at /root/.cpan/build/Module-Build-0.21/blib/lib/Module/Build/Base.pm line 1626.
 
t/runthrough....ok
        6/27 skipped: YAML.pm is not installed
t/signature.....skipped
        all skipped: Skipping unless $ENV{TEST_SIGNATURE} is true
t/versions......ok
t/xs............ok 2/10/usr/bin/ld: lib/XSTest.o: relocation R_X86_64_32 can not be used when making a shared object; recompile with -fPIC
lib/XSTest.o: could not read symbols: Bad value
collect2: ld returned 1 exit status
# Test 3 got: &#39;error building lib/XSTest.o from &#39;lib/XSTest.so&#39; at /root/.cpan/build/Module-Build-0.21/blib/lib/Module/Build/Base.pm line 1856.
&#39; &#40;t/xs.t at line 27&#41;
#   Expected: &#39;&#39;
#  t/xs.t line 27 is: ok $@, &#39;&#39;;
t/xs............ok 5/10/usr/bin/ld: lib/XSTest.o: relocation R_X86_64_32 can not be used when making a shared object; recompile with -fPIC
lib/XSTest.o: could not read symbols: Bad value
collect2: ld returned 1 exit status
error building lib/XSTest.o from &#39;lib/XSTest.so&#39; at /root/.cpan/build/Module-Build-0.21/blib/lib/Module/Build/Base.pm line 1856.
t/xs............ok 6/10/usr/bin/ld: lib/XSTest.o: relocation R_X86_64_32 can not be used when making a shared object; recompile with -fPIC
lib/XSTest.o: could not read symbols: Bad value
collect2: ld returned 1 exit status
# Test 7 got: &#39;error building lib/XSTest.o from &#39;lib/XSTest.so&#39; at /root/.cpan/build/Module-Build-0.21/blib/lib/Module/Build/Base.pm line 1856.
&#39; &#40;t/xs.t at line 44&#41;
t/xs............NOK 7#   Expected: &#39;&#39;
#  t/xs.t line 44 is: ok $@, &#39;&#39;;
t/xs............FAILED tests 3, 7
        Failed 2/10 tests, 80.00% okay
Failed Test Stat Wstat Total Fail  Failed  List of Failed
-------------------------------------------------------------------------------
t/xs.t                    10    2  20.00%  3 7
1 test and 6 subtests skipped.
Failed 1/10 test scripts, 90.00% okay. 2/157 subtests failed, 98.73% okay.
make: *** [test] Error 29
  /usr/bin/make test -- NOT OK
Running make install
  make test had returned bad status, won&#39;t install without force
 
<span
    class="message-stanza-folder closed"
    onclick="fold_message_stanza(this, 'Show\x20quoted\x20text', 'Hide\x20quoted\x20text');">Show quoted text</span><br /><div class="message-stanza closed">cpan&gt;
</div></div></div>
    </div>
</div>
</div>
<div class="ticket-transaction message Correspond even">
<div class="ticket-transaction">
  <div class="metadata">
    <span class="type">
      <a name="txn-93837" href="/Public/Bug/Display.html?id=4694#txn-93837">#</a>      
    </span>
    <span class="date">Wed&nbsp;Dec&nbsp;17&nbsp;08:43:07&nbsp;2003</span>
    <span class="description">kwilliams [...] cpan.org -  Correspondence added</span>
    <span class="time-taken"></span>    <span class="actions hidden"></span>
  </div>
    <div class="content">
      
<div class="downloadattachment">
<a href="/Ticket/Attachment/93837/14495/">Download &#40;untitled&#41;</a> / <a href="/Ticket/Attachment/WithHeaders/14495">with headers</a>
<br />
<span class="downloadcontenttype">text/plain 256b</span>
</div>
<div class="messagebody">
<div class="message-stanza plain-text-white-space">Ooh, &#34;math.ucdavis.edu&#34; - a few years ago I almost entered Davis to start a PhD in 
topology, but then I decided not to pursue the degree.  Loved the place, though.

I&#39;ll look into the test failure, but at first glance I&#39;m not sure what&#39;s happening.

 -Ken
</div></div>
    </div>
</div>
</div>
<div class="ticket-transaction basics Status odd">
<div class="ticket-transaction">
  <div class="metadata">
    <span class="type">
      <a name="txn-93838" href="/Public/Bug/Display.html?id=4694#txn-93838">#</a>      
    </span>
    <span class="date">Wed&nbsp;Dec&nbsp;17&nbsp;08:43:08&nbsp;2003</span>
    <span class="description">kwilliams [...] cpan.org -  Status changed from &#39;new&#39; to &#39;open&#39;</span>
    <span class="time-taken"></span>    <span class="actions hidden"></span>
  </div>
    <div class="content">
    </div>
</div>
</div>
<div class="ticket-transaction message Correspond even">
<div class="ticket-transaction">
  <div class="metadata">
    <span class="type">
      <a name="txn-93840" href="/Public/Bug/Display.html?id=4694#txn-93840">#</a>      
    </span>
    <span class="date">Wed&nbsp;Dec&nbsp;17&nbsp;17:37:58&nbsp;2003</span>
    <span class="description">Guest -  Correspondence added</span>
    <span class="time-taken"></span>    <span class="actions hidden"></span>
  </div>
    <div class="content">
      
<div class="downloadattachment">
<a href="/Ticket/Attachment/93840/14504/">Download &#40;untitled&#41;</a> / <a href="/Ticket/Attachment/WithHeaders/14504">with headers</a>
<br />
<span class="downloadcontenttype">text/plain 7.4k</span>
</div>
<div class="messagebody">
<div class="message-stanza plain-text-white-space">Since the first warnings were:

WARNING: YAML: Prerequisite YAML isn&#39;t installed
WARNING: ExtUtils::ParseXS: Prerequisite ExtUtils::ParseXS isn&#39;t installed
ERRORS/WARNINGS FOUND IN PREREQUISITES.  You may wish to install the
versions
 of the modules indicated above before proceeding with this installation.

I used cpan to install YAML, which went OK.

installing ExtUtils::ParseXS resulted in:

<span
    class="message-stanza-folder closed"
    onclick="fold_message_stanza(this, 'Show\x20quoted\x20text', 'Hide\x20quoted\x20text');">Show quoted text</span><br /><div class="message-stanza closed">cpan&gt; install ExtUtils::ParseXS
</div>Running install for module ExtUtils::ParseXS
Running make for K/KW/KWILLIAMS/ExtUtils-ParseXS-2.05.tar.gz
  Is already unwrapped into directory
/root/.cpan/build/ExtUtils-ParseXS-2.05
  Has already been processed within this session
Running make test
PERL_DL_NONLAZY=1 /usr/bin/perl &#34;-MExtUtils::Command::MM&#34; &#34;-e&#34;
&#34;test_harness&#40;0,
&#39;blib/lib&#39;, &#39;blib/arch&#39;&#41;&#34; t/*.t
t/basic....ok 5/9/usr/bin/ld: XSTest.o: relocation R_X86_64_32 can not
be used when making a shared object; recompile with -fPIC
XSTest.o: could not read symbols: Bad value
collect2: ld returned 1 exit status
# Failed test 6 in t/basic.t at line 43
#  t/basic.t line 43 is:   ok do_link&#40; $module &#41;;
t/basic....NOK 6# Test 7 got: &#39;Can&#39;t locate loadable object for module
XSTest in @INC &#40;@INC contains:
/root/.cpan/build/ExtUtils-ParseXS-2.05/blib/lib
/root/.cpan/build/ExtUtils-ParseXS-2.05/blib/arch
/usr/lib64/perl5/5.8.0/x86_64-linux-thread-multi /usr/lib/perl5/5.8.0
/usr/lib64/perl5/site_perl/5.8.0 /usr/lib/perl5/site_perl/5.8.0
/usr/lib/perl5/site_perl/5.8.0 /usr/lib/perl5/site_perl
/usr/lib64/perl5/vendor_perl/5.8.0/x86_64-linux-thread-multi
/usr/lib/perl5/vendor_perl/5.8.0 /usr/lib/perl5/vendor_perl/5.8.0
/usr/lib/perl5/vendor_perl /usr/lib/perl5/5.8.0 .
/usr/lib64/perl5/5.8.0/x86_64-linux-thread-multi /usr/lib/perl5/5.8.0
/usr/lib64/perl5/site_perl/5.8.0 /usr/lib/perl5/site_perl/5.8.0
/usr/lib/perl5/site_perl
/usr/lib64/perl5/vendor_perl/5.8.0/x86_64-linux-thread-multi
/usr/lib/perl5/vendor_perl/5.8.0 /usr/lib/perl5/vendor_perl
/usr/lib/perl5/5.8.0 .&#41; at t/basic.t line 45
Compilation failed in require at t/basic.t line 45, &lt;File0000&gt; line 134.
&#39; &#40;t/basic.t at line 46&#41;
#   Expected: &#39;&#39;
#  t/basic.t line 46 is:   ok $@, &#39;&#39;;
t/basic....NOK 7Can&#39;t locate auto/XSTest/is_even.al in @INC &#40;@INC
contains: /root/.cpan/build/ExtUtils-ParseXS-2.05/blib/lib
/root/.cpan/build/ExtUtils-ParseXS-2.05/blib/arch
/usr/lib64/perl5/5.8.0/x86_64-linux-thread-multi /usr/lib/perl5/5.8.0
/usr/lib64/perl5/site_perl/5.8.0 /usr/lib/perl5/site_perl/5.8.0
/usr/lib/perl5/site_perl/5.8.0 /usr/lib/perl5/site_perl
/usr/lib64/perl5/vendor_perl/5.8.0/x86_64-linux-thread-multi
/usr/lib/perl5/vendor_perl/5.8.0 /usr/lib/perl5/vendor_perl/5.8.0
/usr/lib/perl5/vendor_perl /usr/lib/perl5/5.8.0 .
/usr/lib64/perl5/5.8.0/x86_64-linux-thread-multi /usr/lib/perl5/5.8.0
/usr/lib64/perl5/site_perl/5.8.0 /usr/lib/perl5/site_perl/5.8.0
/usr/lib/perl5/site_perl
/usr/lib64/perl5/vendor_perl/5.8.0/x86_64-linux-thread-multi
/usr/lib/perl5/vendor_perl/5.8.0 /usr/lib/perl5/vendor_perl
/usr/lib/perl5/5.8.0 .&#41; at t/basic.t line 47
t/basic....dubious
        Test returned status 2 &#40;wstat 512, 0x200&#41;
DIED. FAILED tests 6-9
        Failed 4/9 tests, 55.56% okay
Failed Test Stat Wstat Total Fail  Failed  List of Failed
-------------------------------------------------------------------------------
t/basic.t      2   512     9    4  44.44%  6-9
Failed 1/1 test scripts, 0.00% okay. 4/9 subtests failed, 55.56% okay.
make: *** [test_dynamic] Error 2
  /usr/bin/make test -- NOT OK
Running make install
  make test had returned bad status, won&#39;t install without force
 
<span
    class="message-stanza-folder closed"
    onclick="fold_message_stanza(this, 'Show\x20quoted\x20text', 'Hide\x20quoted\x20text');">Show quoted text</span><br /><div class="message-stanza closed">cpan&gt;
</div>


Trying to install Module::Build again now results in:

<span
    class="message-stanza-folder closed"
    onclick="fold_message_stanza(this, 'Show\x20quoted\x20text', 'Hide\x20quoted\x20text');">Show quoted text</span><br /><div class="message-stanza closed">cpan&gt; install Module::Build
</div>Running install for module Module::Build
Running make for K/KW/KWILLIAMS/Module-Build-0.21.tar.gz
  Is already unwrapped into directory /root/.cpan/build/Module-Build-0.21
  Has already been processed within this session
Running make test
/usr/bin/perl Build test
t/basic.........ok
t/compat........ok
t/extend........ok
t/install.......ok
t/manifypods....Use of uninitialized value in substitution &#40;s///&#41; at
/usr/lib/perl5/5.8.0/File/Spec/Unix.pm line 52.
Use of uninitialized value in substitution &#40;s///&#41; at
/usr/lib/perl5/5.8.0/File/Spec/Unix.pm line 53.
Use of uninitialized value in string eq at
/usr/lib/perl5/5.8.0/File/Spec/Unix.pm line 54.
Use of uninitialized value in substitution &#40;s///&#41; at
/usr/lib/perl5/5.8.0/File/Spec/Unix.pm line 54.
Use of uninitialized value in substitution &#40;s///&#41; at
/usr/lib/perl5/5.8.0/File/Spec/Unix.pm line 55.
Use of uninitialized value in string eq at
/usr/lib/perl5/5.8.0/File/Spec/Unix.pm line 56.
Use of uninitialized value in substitution &#40;s///&#41; at
/usr/lib/perl5/5.8.0/File/Spec/Unix.pm line 56.
Use of uninitialized value in concatenation &#40;.&#41; or string at
/usr/lib/perl5/5.8.0/File/Spec/Unix.pm line 57.
t/manifypods....ok 2/17Use of uninitialized value in substitution &#40;s///&#41;
at /usr/lib/perl5/5.8.0/File/Spec/Unix.pm line 52.
Use of uninitialized value in substitution &#40;s///&#41; at
/usr/lib/perl5/5.8.0/File/Spec/Unix.pm line 53.
Use of uninitialized value in string eq at
/usr/lib/perl5/5.8.0/File/Spec/Unix.pm line 54.
Use of uninitialized value in substitution &#40;s///&#41; at
/usr/lib/perl5/5.8.0/File/Spec/Unix.pm line 54.
Use of uninitialized value in substitution &#40;s///&#41; at
/usr/lib/perl5/5.8.0/File/Spec/Unix.pm line 55.
Use of uninitialized value in string eq at
/usr/lib/perl5/5.8.0/File/Spec/Unix.pm line 56.
Use of uninitialized value in substitution &#40;s///&#41; at
/usr/lib/perl5/5.8.0/File/Spec/Unix.pm line 56.
Use of uninitialized value in concatenation &#40;.&#41; or string at
/usr/lib/perl5/5.8.0/File/Spec/Unix.pm line 57.
t/manifypods....ok
t/notes.........ok
t/runthrough....ok
t/signature.....skipped
        all skipped: Skipping unless $ENV{TEST_SIGNATURE} is true
t/versions......ok
t/xs............ok 2/10/usr/bin/ld: lib/XSTest.o: relocation R_X86_64_32
can not be used when making a shared object; recompile with -fPIC
lib/XSTest.o: could not read symbols: Bad value
collect2: ld returned 1 exit status
t/xs............NOK 3# Test 3 got: &#39;error building lib/XSTest.o from
&#39;lib/XSTest.so&#39; at
/root/.cpan/build/Module-Build-0.21/blib/lib/Module/Build/Base.pm line 1856.
&#39; &#40;t/xs.t at line 27&#41;
#   Expected: &#39;&#39;
#  t/xs.t line 27 is: ok $@, &#39;&#39;;
t/xs............ok 5/10/usr/bin/ld: lib/XSTest.o: relocation R_X86_64_32
can not be used when making a shared object; recompile with -fPIC
lib/XSTest.o: could not read symbols: Bad value
collect2: ld returned 1 exit status
error building lib/XSTest.o from &#39;lib/XSTest.so&#39; at
/root/.cpan/build/Module-Build-0.21/blib/lib/Module/Build/Base.pm line 1856.
t/xs............ok 6/10/usr/bin/ld: lib/XSTest.o: relocation R_X86_64_32
can not be used when making a shared object; recompile with -fPIC
lib/XSTest.o: could not read symbols: Bad value
collect2: ld returned 1 exit status
# Test 7 got: &#39;error building lib/XSTest.o from &#39;lib/XSTest.so&#39; at
/root/.cpan/build/Module-Build-0.21/blib/lib/Module/Build/Base.pm line 1856.
&#39; &#40;t/xs.t at line 44&#41;
#   Expected: &#39;&#39;
#  t/xs.t line 44 is: ok $@, &#39;&#39;;
t/xs............FAILED tests 3, 7
        Failed 2/10 tests, 80.00% okay
Failed Test Stat Wstat Total Fail  Failed  List of Failed
-------------------------------------------------------------------------------
t/xs.t                    10    2  20.00%  3 7
1 test skipped.
Failed 1/10 test scripts, 90.00% okay. 2/157 subtests failed, 98.73% okay.
make: *** [test] Error 29
  /usr/bin/make test -- NOT OK
Running make install
  make test had returned bad status, won&#39;t install without force
 
<span
    class="message-stanza-folder closed"
    onclick="fold_message_stanza(this, 'Show\x20quoted\x20text', 'Hide\x20quoted\x20text');">Show quoted text</span><br /><div class="message-stanza closed">cpan&gt;
</div>

Not sure why I&#39;m having trouble with these modules.

would the 64bit arch be an issue at all in these cases?
</div></div>
    </div>
</div>
</div>
<div class="ticket-transaction message Correspond odd">
<div class="ticket-transaction">
  <div class="metadata">
    <span class="type">
      <a name="txn-93841" href="/Public/Bug/Display.html?id=4694#txn-93841">#</a>      
    </span>
    <span class="date">Wed&nbsp;Dec&nbsp;17&nbsp;17:46:09&nbsp;2003</span>
    <span class="description">kwilliams [...] cpan.org -  Correspondence added</span>
    <span class="time-taken"></span>    <span class="actions hidden"></span>
  </div>
    <div class="content">
      
<div class="downloadattachment">
<a href="/Ticket/Attachment/93841/14505/">Download &#40;untitled&#41;</a> / <a href="/Ticket/Attachment/WithHeaders/14505">with headers</a>
<br />
<span class="downloadcontenttype">text/plain 498b</span>
</div>
<div class="messagebody">
<div class="message-stanza plain-text-white-space">Hi,

The 64 bitness might be an issue, but I don&#39;t think so.

Please try the version I released this morning, which is available at 

  <span class="clickylink"><a target="new" rel="nofollow" href="http://search.cpan.org/CPAN/authors/id/K/KW/KWILLIAMS/Module-Build-">http://search.cpan.org/CPAN/authors/id/K/KW/KWILLIAMS/Module-Build-</a></span>
0.21_01.tar.gz

There are a couple fixes in there related to dynamically loaded 
libraries, and also a few File::Spec warnings have been cleaned up.

You don&#39;t need to install ExtUtils::ParseXS, it&#39;s an optional library 
&#40;and it looks like it doesn&#39;t quite work on your platform anyway&#41;.

 -Ken
</div></div>
    </div>
</div>
</div>
<div class="ticket-transaction message Correspond even">
<div class="ticket-transaction">
  <div class="metadata">
    <span class="type">
      <a name="txn-93843" href="/Public/Bug/Display.html?id=4694#txn-93843">#</a>      
    </span>
    <span class="date">Wed&nbsp;Dec&nbsp;17&nbsp;22:45:37&nbsp;2003</span>
    <span class="description">kwilliams [...] cpan.org -  Correspondence added</span>
    <span class="time-taken"></span>    <span class="actions hidden"></span>
  </div>
    <div class="content">
      
<div class="downloadattachment">
<a href="/Ticket/Attachment/93843/14509/">Download &#40;untitled&#41;</a> / <a href="/Ticket/Attachment/WithHeaders/14509">with headers</a>
<br />
<span class="downloadcontenttype">text/plain 71b</span>
</div>
<div class="messagebody">
<div class="message-stanza plain-text-white-space">Oh, cool - I wasn&#39;t sure whether it would work, glad to hear it.

 -Ken
</div></div>
    </div>
</div>
</div>
<div class="ticket-transaction basics Status odd">
<div class="ticket-transaction">
  <div class="metadata">
    <span class="type">
      <a name="txn-93844" href="/Public/Bug/Display.html?id=4694#txn-93844">#</a>      <a id="lasttrans" name="lasttrans"></a>
    </span>
    <span class="date">Wed&nbsp;Dec&nbsp;17&nbsp;22:45:38&nbsp;2003</span>
    <span class="description">kwilliams [...] cpan.org -  Status changed from &#39;open&#39; to &#39;resolved&#39;</span>
    <span class="time-taken"></span>    <span class="actions hidden"></span>
  </div>
    <div class="content">
    </div>
</div>
</div>
</div>
    <hr class="clear" />
  </div>
</div>




</div>
 


  <hr class="clear" />
</div>
<p id="sponsors">
  This service is sponsored and maintained by
  <a href="http://bestpractical.com">Best Practical Solutions</a> and runs on
  <a href="http://noc.perl.org">Perl.org</a> infrastructure.
</p>

<p id="contact-info">
  Please report any issues with rt.cpan.org to <a href="mailto:rt-cpan-admin@bestpractical.com">rt-cpan-admin@bestpractical.com</a>.
</p>

<script>
  (function(i,s,o,g,r,a,m){i['GoogleAnalyticsObject']=r;i[r]=i[r]||function(){
  (i[r].q=i[r].q||[]).push(arguments)},i[r].l=1*new Date();a=s.createElement(o),
  m=s.getElementsByTagName(o)[0];a.async=1;a.src=g;m.parentNode.insertBefore(a,m)
  })(window,document,'script','//www.google-analytics.com/analytics.js','ga');

  ga('create', 'UA\x2D937849\x2D12');
  ga('send', 'pageview');
</script>

<div id="footer">
  <p id="time"><span>Time to display: 0.363767</span></p>
  <p id="bpscredits"><span>&#187;&#124;&#171; RT 4.0.18 Copyright 1996-2013 <a href="http://www.bestpractical.com?rt=4.0.18">Best Practical Solutions, LLC</a>.
</span></p>
</div>
  </body>
</html>
