<!DOCTYPE html>

<html lang="en">
  <head>
    <title>Bug #24130 for Mail-SPF: Make Test failures under FreeBSD 5.4-RELEASE and Perl 5.6.2</title>
    <meta http-equiv="X-UA-Compatible" content="IE=edge" />
    <!-- The X-UA-Compatible <meta> tag above must be very early in <head> -->

    <script>
if (window.top !== window.self) {
    document.write = "";

    window.top.location = window.self.location;

    setTimeout(function(){
        document.body.innerHTML = "";
    }, 1);

    window.self.onload = function(){
        document.body.innerHTML = "";
    };
}
</script>



<link rel="shortcut icon" href="/NoAuth/images/favicon.png" type="image/png" />
<link rel="stylesheet" href="/NoAuth/css/aileron-squished-00f758259152f8b6670ee485f462e6b8.css" type="text/css" media="all" />
<link rel="stylesheet" href="/NoAuth/css/print.css" type="text/css" media="print" />




<script type="text/javascript" src="/NoAuth/js/squished-42167f2409ce368da2d31038e5cb2a57.js"></script>

<script type="text/javascript"><!--
	jQuery( loadTitleBoxStates );

--></script>


<!--[if lt IE 8]>
<link rel="stylesheet" href="/NoAuth/css/aileron/msie.css" type="text/css" media="all" />
<![endif]-->
<!--[if lt IE 7]>
<link rel="stylesheet" href="/NoAuth/css/aileron/msie6.css" type="text/css" media="all" />
<![endif]-->
<script type="text/javascript">
jQuery(document).ready(function(){
    jQuery.fn.supersubs.defaults = {
        maxWidth: 30,
        extraWidth: 2
    };

    jQuery("#app-nav.toplevel").addClass('sf-menu sf-js-enabled sf-shadow').supersubs().superfish({ speed: 'fast' });
    jQuery("#page-menu.toplevel").addClass('sf-menu sf-js-enabled').supersubs().superfish({ dropShadows: false, speed: 'fast' }).supposition();
});
</script>


<!-- Site CSS from theme editor -->
<style type="text/css" media="all" id="sitecss">
</style>

<meta name="google-site-verification" content="kD3-uEJK1AkTqaC-rckcSt_HPkAj674DPPuEN6i-y0g" />

</head>
  <body class="aileron sidebyside" id="comp-Public-Bug-Display">

<div id="logo">
<a href="/"><img
    src="/NoAuth/images/cpan.png"
    alt="CPAN"
    width="181"
    height="38" /></a>
    <span class="rtname">RT for rt.cpan.org</span>
</div>


<div id="quickbar">
  <div id="quick-personal">
    <span class="hide"><a href="#skipnav">Skip Menu</a> | </span>
</div>

</div>
<div id="header"><h1>Bug #24130 for Mail-SPF: Make Test failures under FreeBSD 5.4-RELEASE and Perl 5.6.2</h1></div>



<div id="page-navigation"><ul id="page-menu" class="toplevel">
 <li id="li-page-active_bugs"><a id="page-active_bugs" class="menu-item " href="/Public/Dist/Mail-SPF/Active/">Active bugs</a></li>
 <li id="li-page-resolved_bugs"><a id="page-resolved_bugs" class="menu-item " href="/Public/Dist/Mail-SPF/Resolved/">Resolved bugs</a></li>
 <li id="li-page-rejected_bugs"><a id="page-rejected_bugs" class="menu-item " href="/Public/Dist/Mail-SPF/Rejected/">Rejected bugs</a></li>
 <li id="li-page-report"><a id="page-report" class="menu-item " href="/Public/Dist/Mail-SPF/Active/"></a></li>
</ul></div>
<div id="topactions">



</div>
<div id="body">


<a name="skipnav" id="skipnav" accesskey="8"></a>





<p>This queue is for tickets about the <a href="https://metacpan.org/release/Mail-SPF">Mail-SPF CPAN distribution</a>.</p>





<div class="">
  <div class="titlebox" id="">
  <div class="titlebox-title">
    <span class="widget"><a href="#" onclick="return rollup('TitleBox\x2D\x2D\x5FPublic\x5FBug\x5FDisplay\x5Fhtml\x2D\x2D\x2D\x2D\x2D\x2DUmVwb3J0IGluZm9ybWF0aW9u\x2D\x2D\x2D0');" title="Toggle visibility"></a></span>
    <span class="left">Report information</span>
    <span class="right-empty">		    </span>
  </div>
  <div class="titlebox-content " id="TitleBox--_Public_Bug_Display_html------UmVwb3J0IGluZm9ybWF0aW9u---0">


<table width="100%" class="ticket-summary">
<tr>
  <td valign="top" class="boxcontainer">
    <div class="ticket-info-basics">
  <div class="titlebox ticket-info-basics " id="">
  <div class="titlebox-title">
    <span class="widget"><a href="#" onclick="return rollup('TitleBox\x2D\x2D\x5FPublic\x5FBug\x5FDisplay\x5Fhtml\x2D\x2Dticket\x2Dinfo\x2Dbasics\x2D\x2D\x2D\x2DVGhlIEJhc2ljcw\x5F\x5F\x2D\x2D\x2D0');" title="Toggle visibility"></a></span>
    <span class="left">The Basics</span>
    <span class="right-empty">		    </span>
  </div>
  <div class="titlebox-content " id="TitleBox--_Public_Bug_Display_html--ticket-info-basics----VGhlIEJhc2ljcw__---0">


        <table>
  <tr class="id">
    <td class="label">Id:</td>
    <td class="value">24130</td>
  </tr>
  <tr class="status">
    <td class="label">Status:</td>
    <td class="value">resolved</td>
  </tr>
  <tr class="priority">
    <td class="label">Priority:</td>
    <td class="value">0/
</td>
  </tr>
  <tr class="queue">
    <td class="label">Queue:</td>
    <td class="value"><a href="/Public/Dist/Mail-SPF/Active/">Mail-SPF</a>
</td>
  </tr>
</table>

        <hr class="clear" />
  </div>
</div>




</div>


    <div class="ticket-info-people">
  <div class="titlebox ticket-info-people " id="">
  <div class="titlebox-title">
    <span class="widget"><a href="#" onclick="return rollup('TitleBox\x2D\x2D\x5FPublic\x5FBug\x5FDisplay\x5Fhtml\x2D\x2Dticket\x2Dinfo\x2Dpeople\x2D\x2D\x2D\x2DUGVvcGxl\x2D\x2D\x2D0');" title="Toggle visibility"></a></span>
    <span class="left">People</span>
    <span class="right-empty">		    </span>
  </div>
  <div class="titlebox-content " id="TitleBox--_Public_Bug_Display_html--ticket-info-people----UGVvcGxl---0">


        <table>
  <tr>
    <td class="label">Owner:</td>
    <td class="value">Nobody in particular
    
    </td>
  </tr>
  <tr>
    <td class="labeltop">Requestors:</td>
    <td class="value">
ACDALTON [...] cpan.org

<br />

</td>
  </tr>
  <tr>
    <td class="labeltop">Cc:</td>
    <td class="value">

</td>
  </tr>
  <tr>
    <td class="labeltop">AdminCc:</td>
    <td class="value">

</td>
  </tr>
</table>

        <hr class="clear" />
  </div>
</div>




</div>



  </td>
  <td valign="top" class="boxcontainer">
    
    <div class="ticket-info-cfs">
  <div class="titlebox ticket-info-cfs " id="">
  <div class="titlebox-title">
    <span class="widget"><a href="#" onclick="return rollup('TitleBox\x2D\x2D\x5FPublic\x5FBug\x5FDisplay\x5Fhtml\x2D\x2Dticket\x2Dinfo\x2Dcfs\x2D\x2D\x2D\x2DQnVnIEluZm9ybWF0aW9u\x2D\x2D\x2D0');" title="Toggle visibility"></a></span>
    <span class="left">Bug Information</span>
    <span class="right-empty">		    </span>
  </div>
  <div class="titlebox-content " id="TitleBox--_Public_Bug_Display_html--ticket-info-cfs----QnVnIEluZm9ybWF0aW9u---0">

 
        <table>
  <tr id="CF-1-ShowRow">
    <td class="label">Severity:</td>
    <td class="value">
Important    </td>
  </tr>
  <tr id="CF-20120-ShowRow">
    <td class="label">Broken in:</td>
    <td class="value">
2.002    </td>
  </tr>
  <tr id="CF-20121-ShowRow">
    <td class="label">Fixed in:</td>
    <td class="value">
2.003    </td>
  </tr>
</table>


        <hr class="clear" />
  </div>
</div>




</div>


    




  </td>
</tr>
</table>

    <hr class="clear" />
  </div>
</div>




</div>


<br />


<div class="history">
<div class="titlebox" id="">
  <div class="titlebox-title">
    <span class="widget"><a href="#" onclick="return rollup('TitleBox\x2D\x2D\x5FPublic\x5FBug\x5FDisplay\x5Fhtml\x2D\x2D\x2D\x2D\x2D\x2DSGlzdG9yeQ\x5F\x5F\x2D\x2D\x2D0');" title="Toggle visibility"></a></span>
    <span class="left">History</span>
    <span class="right">		<a href="#" data-direction="open" onclick="return toggle_all_folds(this, 'Show\x20all\x20quoted\x20text', 'Hide\x20all\x20quoted\x20text');">Show all quoted text</a>    </span>
  </div>
  <div class="titlebox-content " id="TitleBox--_Public_Bug_Display_html------SGlzdG9yeQ__---0">


<div id="ticket-history">
<div class="ticket-transaction message Create odd">
<div class="ticket-transaction">
  <div class="metadata">
    <span class="type">
      &nbsp;      
    </span>
    <span class="date">Thu&nbsp;Dec&nbsp;28&nbsp;11:43:27&nbsp;2006</span>
    <span class="description">ACDALTON [...] cpan.org -  Ticket created</span>
    <span class="time-taken"></span>    <span class="actions hidden"></span>
  </div>
    <div class="content">
      
<table>
  <tr>
    <td align="right" class="message-header-key">Subject:</td>
    <td class="message-header-value"> Make Test failures under FreeBSD 5.4-RELEASE and Perl 5.6.2</td>
  </tr>
</table>

<div class="messagebody">
<div class="message-stanza plain-text-white-space">FreeBSD 5.4-RELEASE, Perl 5.6.2...Here&#39;s the log:

Testing &#40;/usr/ports/mail/p5-Mail-SPF/work/Mail-SPF-2.002&#41;...
t/00.00-class-misc............Using
/usr/ports/mail/p5-Mail-SPF/work/Mail-SPF-2.002/blib
ok
t/00.01-class-util............Using
/usr/ports/mail/p5-Mail-SPF/work/Mail-SPF-2.002/blib

#   Failed test &#39;use Mail::SPF::Util;&#39;
#   at t/00.01-class-util.t line 14.
#     Tried to use &#39;Mail::SPF::Util&#39;.
#     Error:  Constant name &#39;HASH&#40;0x81bc814&#41;&#39; has invalid characters at
/usr/ports/mail/p5-Mail-SPF/work/Mail-SPF-2.002/blib/lib/Mail/SPF/Util.pm
line 227
# BEGIN failed--compilation aborted at t/00.01-class-util.t line 14.
# Compilation failed in require at &#40;eval 6&#41; line 2.
# BEGIN failed--compilation aborted at &#40;eval 6&#41; line 2.
dubious
        Test returned status 2 &#40;wstat 512, 0x200&#41;
DIED. FAILED tests 1-2
        Failed 2/16 tests, 87.50% okay
t/00.02-class-request.........
#   Failed test &#39;Mail::SPF::Util-&gt;hostname&#40;&#41; defined&#39;
#   at t/00.01-class-util.t line 20.
#     undef
#         ne
#     undef
# Looks like you failed 2 tests of 16.
Using /usr/ports/mail/p5-Mail-SPF/work/Mail-SPF-2.002/blib

dubious
        Test returned status 255 &#40;wstat 65280, 0xff00&#41;
DIED. FAILED tests 1, 3-43
        Failed 42/43 tests, 2.33% okay
#   Failed test &#39;use Mail::SPF::Request;&#39;
#   at t/00.02-class-request.t line 13.
#     Tried to use &#39;Mail::SPF::Request&#39;.
#     Error:  Constant name &#39;HASH&#40;0x82119f4&#41;&#39; has invalid characters at
/usr/ports/mail/p5-Mail-SPF/work/Mail-SPF-2.002/blib/lib/Mail/SPF/Util.pm
line 227
# BEGIN failed--compilation aborted at t/00.02-class-request.t line 13.
# Compilation failed in require at
/usr/ports/mail/p5-Mail-SPF/work/Mail-SPF-2.002/blib/lib/Mail/SPF/Request.pm
line 26.
# BEGIN failed--compilation aborted at
/usr/ports/mail/p5-Mail-SPF/work/Mail-SPF-2.002/blib/lib/Mail/SPF/Request.pm
line 26.
# Compilation failed in require at &#40;eval 6&#41; line 2.
# BEGIN failed--compilation aborted at &#40;eval 6&#41; line 2.
Can&#39;t locate object method &#34;versions&#34; via package &#34;Mail::SPF::Request&#34;
&#40;perhaps you forgot to load &#34;Mail::SPF::Request&#34;?&#41; at
t/00.02-class-request.t line 32.
# Looks like you planned 43 tests but only ran 2.
# Looks like you failed 1 test of 2 run.
# Looks like your test died just after 2.
t/00.03-class-result..........Using
/usr/ports/mail/p5-Mail-SPF/work/Mail-SPF-2.002/blib
Constant name &#39;HASH&#40;0x8187440&#41;&#39; has invalid characters at
/usr/ports/mail/p5-Mail-SPF/work/Mail-SPF-2.002/blib/lib/Mail/SPF/Util.pm
line 227
BEGIN failed--compilation aborted at
/usr/ports/mail/p5-Mail-SPF/work/Mail-SPF-2.002/blib/lib/Mail/SPF/Util.pm
line 230.
Compilation failed in require at
/usr/ports/mail/p5-Mail-SPF/work/Mail-SPF-2.002/blib/lib/Mail/SPF/Request.pm
line 26.
BEGIN failed--compilation aborted at
/usr/ports/mail/p5-Mail-SPF/work/Mail-SPF-2.002/blib/lib/Mail/SPF/Request.pm
line 26.
Compilation failed in require at t/00.03-class-result.t line 9.
BEGIN failed--compilation aborted at t/00.03-class-result.t line 9.
dubious
        Test returned status 255 &#40;wstat 65280, 0xff00&#41;
DIED. FAILED tests 1-16
        Failed 16/16 tests, 0.00% okay
t/00.04-class-server..........Using
/usr/ports/mail/p5-Mail-SPF/work/Mail-SPF-2.002/blib
dubious
        Test returned status 2 &#40;wstat 512, 0x200&#41;
t/00.05-class-macrostring.....Can&#39;t locate
Net/DNS/Resolver/Programmable.pm in @INC &#40;@INC contains:
/usr/ports/mail/p5-Mail-SPF/work/Mail-SPF-2.002/blib/arch
/usr/ports/mail/p5-Mail-SPF/work/Mail-SPF-2.002/blib/lib
/usr/ports/mail/p5-Mail-SPF/work/Mail-SPF-2.002/blib/lib
/usr/ports/mail/p5-Mail-SPF/work/Mail-SPF-2.002/blib/arch
/usr/ports/mail/p5-Mail-SPF/work/Mail-SPF-2.002/_build/lib
/usr/local/lib/perl5/site_perl/5.6.2/mach
/usr/local/lib/perl5/site_perl/5.6.2
/usr/local/lib/perl5/site_perl/5.6.2 /usr/local/lib/perl5/site_perl
/usr/local/lib/perl5/5.6.2/BSDPAN /usr/local/lib/perl5/5.6.2/mach
/usr/local/lib/perl5/5.6.2 . /usr/local/lib/perl5/site_perl/5.6.2/mach
/usr/local/lib/perl5/site_perl/5.6.2 /usr/local/lib/perl5/site_perl
/usr/local/lib/perl5/5.6.2/BSDPAN /usr/local/lib/perl5/5.6.2/mach
/usr/local/lib/perl5/5.6.2 .&#41; at t/00.04-class-server.t line 6.
BEGIN failed--compilation aborted at t/00.04-class-server.t line 6.
Using /usr/ports/mail/p5-Mail-SPF/work/Mail-SPF-2.002/blib
dubious
        Test returned status 2 &#40;wstat 512, 0x200&#41;
t/00.99-class-misc............Can&#39;t locate
Net/DNS/Resolver/Programmable.pm in @INC &#40;@INC contains:
/usr/ports/mail/p5-Mail-SPF/work/Mail-SPF-2.002/blib/arch
/usr/ports/mail/p5-Mail-SPF/work/Mail-SPF-2.002/blib/lib
/usr/ports/mail/p5-Mail-SPF/work/Mail-SPF-2.002/blib/lib
/usr/ports/mail/p5-Mail-SPF/work/Mail-SPF-2.002/blib/arch
/usr/ports/mail/p5-Mail-SPF/work/Mail-SPF-2.002/_build/lib
/usr/local/lib/perl5/site_perl/5.6.2/mach
/usr/local/lib/perl5/site_perl/5.6.2
/usr/local/lib/perl5/site_perl/5.6.2 /usr/local/lib/perl5/site_perl
/usr/local/lib/perl5/5.6.2/BSDPAN /usr/local/lib/perl5/5.6.2/mach
/usr/local/lib/perl5/5.6.2 . /usr/local/lib/perl5/site_perl/5.6.2/mach
/usr/local/lib/perl5/site_perl/5.6.2 /usr/local/lib/perl5/site_perl
/usr/local/lib/perl5/5.6.2/BSDPAN /usr/local/lib/perl5/5.6.2/mach
/usr/local/lib/perl5/5.6.2 .&#41; at t/00.05-class-macrostring.t line 6.
BEGIN failed--compilation aborted at t/00.05-class-macrostring.t line 6.
Using /usr/ports/mail/p5-Mail-SPF/work/Mail-SPF-2.002/blib
Unrecognized escape \p in character class passed through before HERE
mark in regex m/ \p{IsAlpha} [\p &lt;&lt; HERE {IsAlnum}\-_.]* / at
/usr/ports/mail/p5-Mail-SPF/work/Mail-SPF-2.002/blib/lib/Mail/SPF/Term.pm
line 31.
Unrecognized escape \p in character class passed through before HERE
mark in regex m/
    \p{IsAlnum}*    \p{IsAlpha}    \p{IsAlnum}* |
    \p{IsAlnum}+ - [\p &lt;&lt; HERE {IsAlnum}-]* \p{IsAlnum}
/ at
/usr/ports/mail/p5-Mail-SPF/work/Mail-SPF-2.002/blib/lib/Mail/SPF/Term.pm
line 54.
Unrecognized escape \p in character class passed through before HERE
mark in regex m/
    \. &#40;?x-ism:
    \p{IsAlnum}*    \p{IsAlpha}    \p{IsAlnum}* |
    \p{IsAlnum}+ - [\p &lt;&lt; HERE {IsAlnum}-]* \p{IsAlnum}
&#41; \.? |
    &#40;?x-ism:
    %
    &#40;?:
        { \p{IsAlpha} &#40;?-xism:\d*r?&#41; &#40;?-xism:[.\-+,/_=]&#41;* } |
        [%_-]
    &#41;
&#41;
/ at
/usr/ports/mail/p5-Mail-SPF/work/Mail-SPF-2.002/blib/lib/Mail/SPF/Term.pm
line 56.
Unrecognized escape \p in character class passed through before HERE
mark in regex m/ &#40;?x-ism:
    &#40;?:
        &#40;?x-ism:
    %
    &#40;?:
        { \p{IsAlpha} &#40;?-xism:\d*r?&#41; &#40;?-xism:[.\-+,/_=]&#41;* } |
        [%_-]
    &#41;
&#41;  |
        &#40;?-xism:[!-\$&#38;-~]&#41;
    &#41;*
&#41; &#40;?x-ism:
    \. &#40;?x-ism:
    \p{IsAlnum}*    \p{IsAlpha}    \p{IsAlnum}* |
    \p{IsAlnum}+ - [\p &lt;&lt; HERE {IsAlnum}-]* \p{IsAlnum}
&#41; \.? |
    &#40;?x-ism:
    %
    &#40;?:
        { \p{IsAlpha} &#40;?-xism:\d*r?&#41; &#40;?-xism:[.\-+,/_=]&#41;* } |
        [%_-]
    &#41;
&#41;
&#41; / at
/usr/ports/mail/p5-Mail-SPF/work/Mail-SPF-2.002/blib/lib/Mail/SPF/Term.pm
line 61.

#   Failed test &#39;use Mail::SPF::Mech;&#39;
#   at t/00.99-class-misc.t line 11.
#     Tried to use &#39;Mail::SPF::Mech&#39;.
#     Error:  Constant name &#39;HASH&#40;0x825332c&#41;&#39; has invalid characters at
/usr/ports/mail/p5-Mail-SPF/work/Mail-SPF-2.002/blib/lib/Mail/SPF/Util.pm
line 227
# BEGIN failed--compilation aborted at t/00.99-class-misc.t line 11.
# Compilation failed in require at
/usr/ports/mail/p5-Mail-SPF/work/Mail-SPF-2.002/blib/lib/Mail/SPF/Result.pm
line 25.
# BEGIN failed--compilation aborted at
/usr/ports/mail/p5-Mail-SPF/work/Mail-SPF-2.002/blib/lib/Mail/SPF/Result.pm
line 25.
# Compilation failed in require at
/usr/ports/mail/p5-Mail-SPF/work/Mail-SPF-2.002/blib/lib/Mail/SPF/Record.pm
line 30.
# BEGIN failed--compilation aborted at
/usr/ports/mail/p5-Mail-SPF/work/Mail-SPF-2.002/blib/lib/Mail/SPF/Record.pm
line 30.
# Compilation failed in require at
/usr/ports/mail/p5-Mail-SPF/work/Mail-SPF-2.002/blib/lib/Mail/SPF/Mech.pm
line 27.
# BEGIN failed--compilation aborted at
/usr/ports/mail/p5-Mail-SPF/work/Mail-SPF-2.002/blib/lib/Mail/SPF/Mech.pm
line 27.
# Compilation failed in require at &#40;eval 11&#41; line 2.
# BEGIN failed--compilation aborted at &#40;eval 11&#41; line 2.

#   Failed test &#39;use Mail::SPF::Mech::All;&#39;
#   at t/00.99-class-misc.t line 12.
#     Tried to use &#39;Mail::SPF::Mech::All&#39;.
#     Error:  Can&#39;t locate object method
&#34;explanation_templates_by_result_code&#34; via package
&#34;Mail::SPF::Mech::All&#34; &#40;perhaps you forgot to load
&#34;Mail::SPF::Mech::All&#34;?&#41; at
/usr/ports/mail/p5-Mail-SPF/work/Mail-SPF-2.002/blib/lib/Mail/SPF/Mech/All.pm
line 31.
# BEGIN failed--compilation aborted at t/00.99-class-misc.t line 12.
# Compilation failed in require at &#40;eval 13&#41; line 2.
# BEGIN failed--compilation aborted at &#40;eval 13&#41; line 2.

#   Failed test &#39;use Mail::SPF::Mech::IP4;&#39;
#   at t/00.99-class-misc.t line 13.
#     Tried to use &#39;Mail::SPF::Mech::IP4&#39;.
#     Error:  Can&#39;t locate object method
&#34;explanation_templates_by_result_code&#34; via package
&#34;Mail::SPF::SenderIPAddrMech&#34; &#40;perhaps you forgot to load
&#34;Mail::SPF::SenderIPAddrMech&#34;?&#41; at
/usr/ports/mail/p5-Mail-SPF/work/Mail-SPF-2.002/blib/lib/Mail/SPF/SenderIPAddrMech.pm
line 29.
# BEGIN failed--compilation aborted at t/00.99-class-misc.t line 13.
# Compilation failed in require at &#40;eval 16&#41; line 3.
#       ...propagated at /usr/local/lib/perl5/5.6.2/base.pm line 62.
# BEGIN failed--compilation aborted at
/usr/ports/mail/p5-Mail-SPF/work/Mail-SPF-2.002/blib/lib/Mail/SPF/Mech/IP4.pm
line 22.
# Compilation failed in require at &#40;eval 15&#41; line 2.
# BEGIN failed--compilation aborted at &#40;eval 15&#41; line 2.
Unrecognized escape \p in character class passed through before HERE
mark in regex m/ &#40;?x-ism: \p{IsAlpha} [\p &lt;&lt; HERE {IsAlnum}\-_.]* &#41; &#40;?=
= &#41; / at
/usr/ports/mail/p5-Mail-SPF/work/Mail-SPF-2.002/blib/lib/Mail/SPF/Mod.pm
line 29.
# Looks like you failed 3 tests of 17.
dubious
        Test returned status 3 &#40;wstat 768, 0x300&#41;
DIED. FAILED tests 2-4
        Failed 3/17 tests, 82.35% okay
t/10.00-rfc4408...............Using
/usr/ports/mail/p5-Mail-SPF/work/Mail-SPF-2.002/blib
skipped
        all skipped: Mail::SPF::Test required for testing Mail::SPF&#39;s
RFC compliance
t/10.01-rfc4406...............Using
/usr/ports/mail/p5-Mail-SPF/work/Mail-SPF-2.002/blib
skipped
        all skipped: Mail::SPF::Test required for testing Mail::SPF&#39;s
RFC compliance
t/90-author-pod-validation....skipped
        all skipped: Test::Pod 1.00 required for testing POD validity
Failed Test                 Stat Wstat Total Fail  List of Failed
-------------------------------------------------------------------------------
t/00.01-class-util.t           2   512    16    2  1-2
t/00.02-class-request.t      255 65280    43   83  1 3-43
t/00.03-class-result.t       255 65280    16   32  1-16
t/00.04-class-server.t         2   512    ??   ??  ??
t/00.05-class-macrostring.t    2   512    ??   ??  ??
t/00.99-class-misc.t           3   768    17    3  2-4
3 tests skipped.
Failed 6/10 test scripts. 63/94 subtests failed.
Files=10, Tests=94,  5 wallclock secs &#40; 2.14 cusr +  0.45 csys =  2.59 CPU&#41;
Failed 6/10 test programs. 63/94 subtests failed.
</div></div>
    </div>
</div>
</div>
<div class="ticket-transaction message Correspond even">
<div class="ticket-transaction">
  <div class="metadata">
    <span class="type">
      &nbsp;      
    </span>
    <span class="date">Tue&nbsp;Jan&nbsp;09&nbsp;21:30:37&nbsp;2007</span>
    <span class="description">JMEHNLE [...] cpan.org -  Correspondence added</span>
    <span class="time-taken"></span>    <span class="actions hidden"></span>
  </div>
    <div class="content">
      

<div class="messagebody">
<div class="message-stanza plain-text-white-space">Apparently there were several issues with Mail::SPF&#39;s Perl 5.6 
compatibility.  They have been resolved in the Mail::SPF 2.003 release 
of today.  Please try it.
</div></div>
    </div>
</div>
</div>
<div class="ticket-transaction basics Status odd">
<div class="ticket-transaction">
  <div class="metadata">
    <span class="type">
      &nbsp;      
    </span>
    <span class="date">Tue&nbsp;Jan&nbsp;09&nbsp;21:30:39&nbsp;2007</span>
    <span class="description">The RT System itself -  Status changed from &#39;new&#39; to &#39;open&#39;</span>
    <span class="time-taken"></span>    <span class="actions hidden"></span>
  </div>
    <div class="content">
    </div>
</div>
</div>
<div class="ticket-transaction basics Status even">
<div class="ticket-transaction">
  <div class="metadata">
    <span class="type">
      &nbsp;      
    </span>
    <span class="date">Tue&nbsp;Jan&nbsp;09&nbsp;21:30:41&nbsp;2007</span>
    <span class="description">JMEHNLE [...] cpan.org -  Status changed from &#39;open&#39; to &#39;resolved&#39;</span>
    <span class="time-taken"></span>    <span class="actions hidden"></span>
  </div>
    <div class="content">
    </div>
</div>
</div>
<div class="ticket-transaction other CustomField odd">
<div class="ticket-transaction">
  <div class="metadata">
    <span class="type">
      &nbsp;      <a id="lasttrans" name="lasttrans"></a>
    </span>
    <span class="date">Wed&nbsp;Jan&nbsp;10&nbsp;08:24:23&nbsp;2007</span>
    <span class="description">JMEHNLE [...] cpan.org -  Fixed in 2.003 added</span>
    <span class="time-taken"></span>    <span class="actions hidden"></span>
  </div>
    <div class="content">
    </div>
</div>
</div>
</div>
    <hr class="clear" />
  </div>
</div>




</div>
 


  <hr class="clear" />
</div>
</body>
</html>
