<!DOCTYPE html>

<html lang="en">
  <head>
    <title>Bug #4855 for Module-Build: [win32/perl5.8.2]  xs.t FAILED 3, 7 + runthrough.t warnings</title>
    <meta http-equiv="X-UA-Compatible" content="IE=edge" />
    <!-- The X-UA-Compatible <meta> tag above must be very early in <head> -->

    <script>
if (window.top !== window.self) {
    document.write = "";

    window.top.location = window.self.location;

    setTimeout(function(){
        document.body.innerHTML = "";
    }, 1);

    window.self.onload = function(){
        document.body.innerHTML = "";
    };
}
</script>



<link rel="shortcut icon" href="/NoAuth/images/favicon.png" type="image/png" />
<link rel="stylesheet" href="/NoAuth/css/aileron-squished-00f758259152f8b6670ee485f462e6b8.css" type="text/css" media="all" />
<link rel="stylesheet" href="/NoAuth/css/print.css" type="text/css" media="print" />




<script type="text/javascript" src="/NoAuth/js/squished-42167f2409ce368da2d31038e5cb2a57.js"></script>

<script type="text/javascript"><!--
	jQuery( loadTitleBoxStates );

--></script>


<!--[if lt IE 8]>
<link rel="stylesheet" href="/NoAuth/css/aileron/msie.css" type="text/css" media="all" />
<![endif]-->
<!--[if lt IE 7]>
<link rel="stylesheet" href="/NoAuth/css/aileron/msie6.css" type="text/css" media="all" />
<![endif]-->
<script type="text/javascript">
jQuery(document).ready(function(){
    jQuery.fn.supersubs.defaults = {
        maxWidth: 30,
        extraWidth: 2
    };

    jQuery("#app-nav.toplevel").addClass('sf-menu sf-js-enabled sf-shadow').supersubs().superfish({ speed: 'fast' });
    jQuery("#page-menu.toplevel").addClass('sf-menu sf-js-enabled').supersubs().superfish({ dropShadows: false, speed: 'fast' }).supposition();
});
</script>


<!-- Site CSS from theme editor -->
<style type="text/css" media="all" id="sitecss">
</style>

<meta name="google-site-verification" content="kD3-uEJK1AkTqaC-rckcSt_HPkAj674DPPuEN6i-y0g" />

</head>
  <body class="aileron sidebyside" id="comp-Public-Bug-Display">

<div id="logo">
<a href="/"><img
    src="/NoAuth/images/cpan.png"
    alt="CPAN"
    width="181"
    height="38" /></a>
    <span class="rtname">RT for rt.cpan.org</span>
</div>


<div id="quickbar">
  <div id="quick-personal">
    <span class="hide"><a href="#skipnav">Skip Menu</a> | </span>
</div>

</div>
<div id="header"><h1>Bug #4855 for Module-Build: [win32/perl5.8.2]  xs.t FAILED 3, 7 + runthrough.t warnings</h1></div>



<div id="page-navigation"><ul id="page-menu" class="toplevel">
 <li id="li-page-active_bugs"><a id="page-active_bugs" class="menu-item " href="/Public/Dist/Module-Build/Active/">Active bugs</a></li>
 <li id="li-page-resolved_bugs"><a id="page-resolved_bugs" class="menu-item " href="/Public/Dist/Module-Build/Resolved/">Resolved bugs</a></li>
 <li id="li-page-rejected_bugs"><a id="page-rejected_bugs" class="menu-item " href="/Public/Dist/Module-Build/Rejected/">Rejected bugs</a></li>
 <li id="li-page-report"><a id="page-report" class="menu-item " href="/Public/Dist/Module-Build/Active/"></a></li>
</ul></div>
<div id="topactions">



</div>
<div id="body">


<a name="skipnav" id="skipnav" accesskey="8"></a>





<p>This queue is for tickets about the <a href="https://metacpan.org/release/Module-Build">Module-Build CPAN distribution</a>.</p>





<div class="">
  <div class="titlebox" id="">
  <div class="titlebox-title">
    <span class="widget"><a href="#" onclick="return rollup('TitleBox\x2D\x2D\x5FPublic\x5FBug\x5FDisplay\x5Fhtml\x2D\x2D\x2D\x2D\x2D\x2DUmVwb3J0IGluZm9ybWF0aW9u\x2D\x2D\x2D0');" title="Toggle visibility"></a></span>
    <span class="left">Report information</span>
    <span class="right-empty">		    </span>
  </div>
  <div class="titlebox-content " id="TitleBox--_Public_Bug_Display_html------UmVwb3J0IGluZm9ybWF0aW9u---0">


<table width="100%" class="ticket-summary">
<tr>
  <td valign="top" class="boxcontainer">
    <div class="ticket-info-basics">
  <div class="titlebox ticket-info-basics " id="">
  <div class="titlebox-title">
    <span class="widget"><a href="#" onclick="return rollup('TitleBox\x2D\x2D\x5FPublic\x5FBug\x5FDisplay\x5Fhtml\x2D\x2Dticket\x2Dinfo\x2Dbasics\x2D\x2D\x2D\x2DVGhlIEJhc2ljcw\x5F\x5F\x2D\x2D\x2D0');" title="Toggle visibility"></a></span>
    <span class="left">The Basics</span>
    <span class="right-empty">		    </span>
  </div>
  <div class="titlebox-content " id="TitleBox--_Public_Bug_Display_html--ticket-info-basics----VGhlIEJhc2ljcw__---0">


        <table>
  <tr class="id">
    <td class="label">Id:</td>
    <td class="value">4855</td>
  </tr>
  <tr class="status">
    <td class="label">Status:</td>
    <td class="value">resolved</td>
  </tr>
  <tr class="priority">
    <td class="label">Priority:</td>
    <td class="value">0/
</td>
  </tr>
  <tr class="queue">
    <td class="label">Queue:</td>
    <td class="value"><a href="/Public/Dist/Module-Build/Active/">Module-Build</a>
</td>
  </tr>
</table>

        <hr class="clear" />
  </div>
</div>




</div>


    <div class="ticket-info-people">
  <div class="titlebox ticket-info-people " id="">
  <div class="titlebox-title">
    <span class="widget"><a href="#" onclick="return rollup('TitleBox\x2D\x2D\x5FPublic\x5FBug\x5FDisplay\x5Fhtml\x2D\x2Dticket\x2Dinfo\x2Dpeople\x2D\x2D\x2D\x2DUGVvcGxl\x2D\x2D\x2D0');" title="Toggle visibility"></a></span>
    <span class="left">People</span>
    <span class="right-empty">		    </span>
  </div>
  <div class="titlebox-content " id="TitleBox--_Public_Bug_Display_html--ticket-info-people----UGVvcGxl---0">


        <table>
  <tr>
    <td class="label">Owner:</td>
    <td class="value">Nobody in particular
    
    </td>
  </tr>
  <tr>
    <td class="labeltop">Requestors:</td>
    <td class="value">
muenalan [...] cpan.org

<br />

</td>
  </tr>
  <tr>
    <td class="labeltop">Cc:</td>
    <td class="value">

</td>
  </tr>
  <tr>
    <td class="labeltop">AdminCc:</td>
    <td class="value">

</td>
  </tr>
</table>

        <hr class="clear" />
  </div>
</div>




</div>



  </td>
  <td valign="top" class="boxcontainer">
    
    <div class="ticket-info-cfs">
  <div class="titlebox ticket-info-cfs " id="">
  <div class="titlebox-title">
    <span class="widget"><a href="#" onclick="return rollup('TitleBox\x2D\x2D\x5FPublic\x5FBug\x5FDisplay\x5Fhtml\x2D\x2Dticket\x2Dinfo\x2Dcfs\x2D\x2D\x2D\x2DQnVnIEluZm9ybWF0aW9u\x2D\x2D\x2D0');" title="Toggle visibility"></a></span>
    <span class="left">Bug Information</span>
    <span class="right-empty">		    </span>
  </div>
  <div class="titlebox-content " id="TitleBox--_Public_Bug_Display_html--ticket-info-cfs----QnVnIEluZm9ybWF0aW9u---0">

 
        <table>
  <tr id="CF-1-ShowRow">
    <td class="label">Severity:</td>
    <td class="value">
Normal    </td>
  </tr>
  <tr id="CF-21558-ShowRow">
    <td class="label">Broken in:</td>
    <td class="value">
0.21_02    </td>
  </tr>
  <tr id="CF-21559-ShowRow">
    <td class="label">Fixed in:</td>
    <td class="value">
<i>(no value)</i>
    </td>
  </tr>
</table>


        <hr class="clear" />
  </div>
</div>




</div>


    




  </td>
</tr>
</table>

    <hr class="clear" />
  </div>
</div>




</div>


<br />


<div class="history">
<div class="titlebox" id="">
  <div class="titlebox-title">
    <span class="widget"><a href="#" onclick="return rollup('TitleBox\x2D\x2D\x5FPublic\x5FBug\x5FDisplay\x5Fhtml\x2D\x2D\x2D\x2D\x2D\x2DSGlzdG9yeQ\x5F\x5F\x2D\x2D\x2D0');" title="Toggle visibility"></a></span>
    <span class="left">History</span>
    <span class="right">		<a href="#" data-direction="open" onclick="return toggle_all_folds(this, 'Show\x20all\x20quoted\x20text', 'Hide\x20all\x20quoted\x20text');">Show all quoted text</a>    </span>
  </div>
  <div class="titlebox-content " id="TitleBox--_Public_Bug_Display_html------SGlzdG9yeQ__---0">


<div id="ticket-history">
<div class="ticket-transaction message Create odd">
<div class="ticket-transaction">
  <div class="metadata">
    <span class="type">
      &nbsp;      
    </span>
    <span class="date">Wed&nbsp;Jan&nbsp;07&nbsp;04:36:46&nbsp;2004</span>
    <span class="description">muenalan [...] cpan.org -  Ticket created</span>
    <span class="time-taken"></span>    <span class="actions hidden"></span>
  </div>
    <div class="content">
      
<table>
  <tr>
    <td align="right" class="message-header-key">Subject:</td>
    <td class="message-header-value"> [win32/perl5.8.2]  xs.t FAILED 3, 7 + runthrough.t warnings</td>
  </tr>
</table>

<div class="messagebody">
<div class="message-stanza plain-text-white-space">xs.t requires a compiler, otherwise fails &#40;[1]&#41;, but if one has one its passes.

runthrough.t creates scary warnings &#40;[2]&#41;.

Cheers,
Murat

- [1] -

Installing perl extension
Z:\www\perl\bin\perl.exe Build.PL
Checking whether your kit is complete...
Looks good
Creating new &#39;Build&#39; script for &#39;Module-Build&#39; version &#39;0.21_02&#39;

Microsoft &#40;R&#41; Program Maintenance Utility Version 7.00.9466
Copyright &#40;C&#41; Microsoft Corporation.  All rights reserved.

        Z:\www\perl\bin\perl.exe Build test
lib\Module\Build\Platform\Default.pm -&gt; blib\lib\Module\Build\Platform\Default.pm
lib\Module\Build\Platform\EBCDIC.pm -&gt; blib\lib\Module\Build\Platform\EBCDIC.pm
lib\Module\Build\Cookbook.pm -&gt; blib\lib\Module\Build\Cookbook.pm
lib\Module\Build\Platform\MacOS.pm -&gt; blib\lib\Module\Build\Platform\MacOS.pm
lib\Module\Build\Platform\cygwin.pm -&gt; blib\lib\Module\Build\Platform\cygwin.pm
lib\Module\Build\Platform\Amiga.pm -&gt; blib\lib\Module\Build\Platform\Amiga.pm
lib\Module\Build\Platform\VMS.pm -&gt; blib\lib\Module\Build\Platform\VMS.pm
lib\Module\Build.pm -&gt; blib\lib\Module\Build.pm
lib\Module\Build\Platform\MPEiX.pm -&gt; blib\lib\Module\Build\Platform\MPEiX.pm
lib\Module\Build\Platform\os2.pm -&gt; blib\lib\Module\Build\Platform\os2.pm
lib\Module\Build\Platform\aix.pm -&gt; blib\lib\Module\Build\Platform\aix.pm
lib\Module\Build\Base.pm -&gt; blib\lib\Module\Build\Base.pm
lib\Module\Build\Compat.pm -&gt; blib\lib\Module\Build\Compat.pm
lib\Module\Build\Platform\VOS.pm -&gt; blib\lib\Module\Build\Platform\VOS.pm
lib\Module\Build\Platform\darwin.pm -&gt; blib\lib\Module\Build\Platform\darwin.pm
lib\Module\Build\Platform\Unix.pm -&gt; blib\lib\Module\Build\Platform\Unix.pm
lib\Module\Build\PPMMaker.pm -&gt; blib\lib\Module\Build\PPMMaker.pm
lib\Module\Build\PodParser.pm -&gt; blib\lib\Module\Build\PodParser.pm
lib\Module\Build\Platform\Windows.pm -&gt; blib\lib\Module\Build\Platform\Windows.pm
lib\Module\Build\Platform\RiscOS.pm -&gt; blib\lib\Module\Build\Platform\RiscOS.pm
t\basic.........ok
t\compat........ok
t\extend........ok
t\install.......ok
t\manifypods....ok
t\notes.........ok
t\runthrough....ok 19/27Unable to add file: &#39;Sample-0.01&#39; at C:\temp\Module-Build-0.21_02\blib\lib/Module/Build/Base.pm line 1706
Unable to add file: &#39;Sample-0.01/bin&#39; at C:\temp\Module-Build-0.21_02\blib\lib/Module/Build/Base.pm line 1706
Unable to add file: &#39;Sample-0.01/lib&#39; at C:\temp\Module-Build-0.21_02\blib\lib/Module/Build/Base.pm line 1706
Unable to add file: &#39;Sample-0.01/lib/Sample&#39; at C:\temp\Module-Build-0.21_02\blib\lib/Module/Build/Base.pm line 1706
t\runthrough....ok
t\signature.....skipped
        all skipped: Skipping unless $ENV{TEST_SIGNATURE} is true
t\versions......ok
t\xs............ok 2/12# Test 3 got: &#39;error building dll file from &#39;lib\XSTest.c&#39; at C:\temp\Module-Build-0.21_02\blib\lib/Module/Build/Platform/Windows.pm line 100, &lt;File0000&gt; line 14.

t\xs............NOK 3&#39; &#40;t\xs.t at line 27&#41;
#   Expected: &#39;&#39;
#  t\xs.t line 27 is: ok $@, &#39;&#39;;
t\xs............ok 5/12error building dll file from &#39;lib\XSTest.c&#39; at C:\temp\Module-Build-0.21_02\blib\lib/Module/Build/Platform/Windows.pm line 100, &lt;File0000&gt; line 14.
t\xs............ok 6/12# Test 7 got: &#39;error building dll file from &#39;lib\XSTest.c&#39; at C:\temp\Module-Build-0.21_02\blib\lib/Module/Build/Platform/Windows.pm line 100, &lt;File0000&gt; line 14.

t\xs............NOK 7&#39; &#40;t\xs.t at line 44&#41;
#   Expected: &#39;&#39;
#  t\xs.t line 44 is: ok $@, &#39;&#39;;
t\xs............FAILED tests 3, 7
        Failed 2/12 tests, 83.33% okay &#40;less 2 skipped tests: 8 okay, 66.67%&#41;
Failed Test Stat Wstat Total Fail  Failed  List of Failed
-------------------------------------------------------------------------------
t\xs.t                    12    2  16.67%  3 7
1 test and 2 subtests skipped.
Failed 1/10 test scripts, 90.00% okay. 2/163 subtests failed, 98.77% okay.
NMAKE : fatal error U1077: &#39;Z:\www\perl\bin\perl.exe&#39; : return code &#39;0xff&#39;
Stop.

- [2] - 

C:\temp\Module-Build-0.21_02&gt;vcvars32

C:\temp\Module-Build-0.21_02&gt;&#34;C:\Programme\Microsoft Visual Studio .NET\Common7\Tools\&#34;vsvars32.bat
Setting environment for using Microsoft Visual Studio .NET tools.
&#40;If you also have Visual C++ 6.0 installed and wish to use its tools
from the command line, run vcvars32.bat for Visual C++ 6.0.&#41;

C:\temp\Module-Build-0.21_02&gt;modinst
Installing perl extension
Z:\www\perl\bin\perl.exe Build.PL
Checking whether your kit is complete...
Looks good
Deleting Build
Removed previous script &#39;Build&#39;
Creating new &#39;Build&#39; script for &#39;Module-Build&#39; version &#39;0.21_02&#39;

Microsoft &#40;R&#41; Program Maintenance Utility Version 7.00.9466
Copyright &#40;C&#41; Microsoft Corporation.  All rights reserved.

        Z:\www\perl\bin\perl.exe Build test
t\basic.........ok
t\compat........ok
t\extend........ok
t\install.......ok
t\manifypods....ok
t\notes.........ok
t\runthrough....ok 19/27Unable to add file: &#39;Sample-0.01&#39; at C:\temp\Module-Build-0.21_02\blib\lib/Module/Build/Base.pm line 1706
Unable to add file: &#39;Sample-0.01/bin&#39; at C:\temp\Module-Build-0.21_02\blib\lib/Module/Build/Base.pm line 1706
Unable to add file: &#39;Sample-0.01/lib&#39; at C:\temp\Module-Build-0.21_02\blib\lib/Module/Build/Base.pm line 1706
Unable to add file: &#39;Sample-0.01/lib/Sample&#39; at C:\temp\Module-Build-0.21_02\blib\lib/Module/Build/Base.pm line 1706
t\runthrough....ok
t\signature.....skipped
        all skipped: Skipping unless $ENV{TEST_SIGNATURE} is true
t\versions......ok
t\xs............ok
        2/12 skipped: skipping a couple Unixish-only tests
All tests successful, 1 test and 2 subtests skipped.
Files=10, Tests=163, 31 wallclock secs &#40; 0.00 cusr +  0.00 csys =  0.00 CPU&#41;

---

Summary of my perl5 &#40;revision 5 version 8 subversion 2&#41; configuration:
  Platform:
    osname=MSWin32, osvers=4.0, archname=MSWin32-x86-multi-thread
    uname=&#39;&#39;
    config_args=&#39;undef&#39;
    hint=recommended, useposix=true, d_sigaction=undef
    usethreads=undef use5005threads=undef useithreads=define usemultiplicity=define
    useperlio=define d_sfio=undef uselargefiles=define usesocks=undef
    use64bitint=undef use64bitall=undef uselongdouble=undef
    usemymalloc=n, bincompat5005=undef
  Compiler:
    cc=&#39;cl&#39;, ccflags =&#39;-nologo -Gf -W3 -MD -Zi -DNDEBUG -O1 -DWIN32 -D_CONSOLE -DNO_STRICT -DHAVE_DES_FCRYPT  -DNO_HASH_SEED -DPERL_IMPLICIT_CONTEXT -DPERL_IMPLICIT_SYS -DUSE_PERLIO -DP
ERL_MSVCRT_READFIX&#39;,
    optimize=&#39;-MD -Zi -DNDEBUG -O1&#39;,
    cppflags=&#39;-DWIN32&#39;
    ccversion=&#39;&#39;, gccversion=&#39;&#39;, gccosandvers=&#39;&#39;
    intsize=4, longsize=4, ptrsize=4, doublesize=8, byteorder=1234
    d_longlong=undef, longlongsize=8, d_longdbl=define, longdblsize=10
    ivtype=&#39;long&#39;, ivsize=4, nvtype=&#39;double&#39;, nvsize=8, Off_t=&#39;__int64&#39;, lseeksize=8
    alignbytes=8, prototype=define
  Linker and Libraries:
    ld=&#39;link&#39;, ldflags =&#39;-nologo -nodefaultlib -debug -opt:ref,icf  -libpath:&#34;z:\www\perl\lib\CORE&#34;  -machine:x86&#39;
    libpth=C:\PROGRA~1\MICROS~3\VC98\lib
    libs=  oldnames.lib kernel32.lib user32.lib gdi32.lib winspool.lib  comdlg32.lib advapi32.lib shell32.lib ole32.lib oleaut32.lib  netapi32.lib uuid.lib wsock32.lib mpr.lib winmm.lib
  version.lib odbc32.lib odbccp32.lib msvcrt.lib
    perllibs=  oldnames.lib kernel32.lib user32.lib gdi32.lib winspool.lib  comdlg32.lib advapi32.lib shell32.lib ole32.lib oleaut32.lib  netapi32.lib uuid.lib wsock32.lib mpr.lib winmm
.lib  version.lib odbc32.lib odbccp32.lib msvcrt.lib
    libc=msvcrt.lib, so=dll, useshrplib=yes, libperl=perl58.lib
    gnulibc_version=&#39;undef&#39;
  Dynamic Linking:
    dlsrc=dl_win32.xs, dlext=dll, d_dlsymun=undef, ccdlflags=&#39; &#39;
    cccdlflags=&#39; &#39;, lddlflags=&#39;-dll -nologo -nodefaultlib -debug -opt:ref,icf  -libpath:&#34;z:\www\perl\lib\CORE&#34;  -machine:x86&#39;


Characteristics of this binary &#40;from libperl&#41;:
  Compile-time options: MULTIPLICITY USE_ITHREADS USE_LARGE_FILES PERL_IMPLICIT_CONTEXT PERL_IMPLICIT_SYS
  Locally applied patches:
        ActivePerl Build 808
        21846 Configure gets d_u32align wrong
        21739 [perl #24493] install.html not working
        21737 Ooops. left an XXX comment in, and worse still it&#39;s a // comment
        21735 utf8 keys now work for tied hashes
        21734 Accessing unicode keys in tie hashes via hv_exists was broken
        21733 ext/threads/t/problem.t
        21732 Config::myconfig&#40;&#41; fails under ithreads
        21728 Update perlhist with 5.6.2
        21723 Include &#39;SCCS&#39; in the list of dir names ignored by installperl
        21718 Empty subroutine as object method segfaults in 5.8.2 &#40;sometimes&#41;
        21714 Fix bug #24380: assigning list with duplicated keys to a hash
        21706 [perl #24460] [DOC PATCH] the begincheck program
        21693 must copy changes from win32/makeifle.mk to wince/makefile.ce
        21691 Update the list of pumpkings in perlhist.pod
        21687 [PATCH 5.6.2-RC1 pod/perlhist.pod]  Updated
        21677 OS/2 docu
        21676 Bug #24407: key for shared hash got stringified into wrong pool
        21673 Be sure to use -fPIC not -fpic on Linux/SPARC
        21672 extending the hash attack test
        21671 Benchmark.pm cmpthese segfault
        21662 &#39;make minitest&#39; fails for op/cproto and op/pat
        21586 Comment that this &#39;optimisation&#39; is actually a necessary fixup
        21548 Sync with Pod::Perldoc 3.12
        21540 Fix backward-compatibility issues in if.pm
  Built under MSWin32
  Compiled at Dec  9 2003 10:19:40
  @INC:
    Z:/www/perl/lib
    Z:/www/perl/site/lib
    .
</div></div>
    </div>
</div>
</div>
<div class="ticket-transaction basics Status even">
<div class="ticket-transaction">
  <div class="metadata">
    <span class="type">
      &nbsp;      
    </span>
    <span class="date">Thu&nbsp;Apr&nbsp;29&nbsp;00:07:40&nbsp;2004</span>
    <span class="description">kwilliams [...] cpan.org -  Status changed from &#39;new&#39; to &#39;resolved&#39;</span>
    <span class="time-taken"></span>    <span class="actions hidden"></span>
  </div>
    <div class="content">
    </div>
</div>
</div>
<div class="ticket-transaction message Correspond odd">
<div class="ticket-transaction">
  <div class="metadata">
    <span class="type">
      &nbsp;      
    </span>
    <span class="date">Thu&nbsp;Apr&nbsp;29&nbsp;00:07:40&nbsp;2004</span>
    <span class="description">kwilliams [...] cpan.org -  Correspondence added</span>
    <span class="time-taken"></span>    <span class="actions hidden"></span>
  </div>
    <div class="content">
      

<div class="messagebody">
<div class="message-stanza plain-text-white-space">I believe this is fixed in recent releases of Module::Build.
</div></div>
    </div>
</div>
</div>
<div class="ticket-transaction message Correspond even">
<div class="ticket-transaction">
  <div class="metadata">
    <span class="type">
      &nbsp;      
    </span>
    <span class="date">Thu&nbsp;Apr&nbsp;29&nbsp;03:05:36&nbsp;2004</span>
    <span class="description">Guest -  Correspondence added</span>
    <span class="time-taken"></span>    <span class="actions hidden"></span>
  </div>
    <div class="content">
      
<table>
  <tr>
    <td align="right" class="message-header-key">From:</td>
    <td class="message-header-value"> muenalan [...] cpan.org</td>
  </tr>
</table>

<div class="messagebody">
<div class="message-stanza plain-text-white-space">[KWILLIAMS - Thu Apr 29 00:07:40 2004]:

<span
    class="message-stanza-folder closed"
    onclick="fold_message_stanza(this, 'Show\x20quoted\x20text', 'Hide\x20quoted\x20text');">Show quoted text</span><br /><div class="message-stanza closed">&gt; I believe this is fixed in recent releases of Module::Build.
</div>
I am not so deep in it, but should Module::Build require a c&#40;pp&#41; 
compiler ?

Yes, all tests only pass when i setup my compiler. xs.t fails and 
prevents successfull installation when no compiler is available. At 
least a more helpfull problem report would be ideal to direct the user 
to setup/get a compiler.

Murat

PS: Without prior calling vcvars32.bat &#40;MSVC enviroment setup&#41;:

---

  CPAN.pm: Going to build K/KW/KWILLIAMS/Module-Build-0.25.tar.gz

Z:\www\perl\bin\perl.exe Build.PL
Checking whether your kit is complete...
Looks good
Creating new &#39;Build&#39; script for &#39;Module-Build&#39; version &#39;0.25&#39;

Microsoft &#40;R&#41; Program Maintenance Utility Version 7.00.9466
Copyright &#40;C&#41; Microsoft Corporation.  All rights reserved.

        Z:\www\perl\bin\perl.exe Build --makefile_env_macros 1
lib\Module\Build\Platform\Default.pm -&gt; 
blib\lib\Module\Build\Platform\Default.pm
lib\Module\Build\Platform\EBCDIC.pm -&gt; 
blib\lib\Module\Build\Platform\EBCDIC.pm
lib\Module\Build\Cookbook.pm -&gt; blib\lib\Module\Build\Cookbook.pm
lib\Module\Build\Platform\MacOS.pm -&gt; 
blib\lib\Module\Build\Platform\MacOS.pm
lib\Module\Build\Platform\cygwin.pm -&gt; 
blib\lib\Module\Build\Platform\cygwin.pm
lib\Module\Build\Platform\Amiga.pm -&gt; 
blib\lib\Module\Build\Platform\Amiga.pm
lib\Module\Build\Platform\VMS.pm -&gt; 
blib\lib\Module\Build\Platform\VMS.pm
lib\Module\Build.pm -&gt; blib\lib\Module\Build.pm
lib\Module\Build\Platform\MPEiX.pm -&gt; 
blib\lib\Module\Build\Platform\MPEiX.pm
lib\Module\Build\Platform\os2.pm -&gt; 
blib\lib\Module\Build\Platform\os2.pm
lib\Module\Build\Platform\aix.pm -&gt; 
blib\lib\Module\Build\Platform\aix.pm
lib\Module\Build\Base.pm -&gt; blib\lib\Module\Build\Base.pm
lib\Module\Build\Compat.pm -&gt; blib\lib\Module\Build\Compat.pm
lib\Module\Build\Platform\VOS.pm -&gt; 
blib\lib\Module\Build\Platform\VOS.pm
lib\Module\Build\Platform\darwin.pm -&gt; 
blib\lib\Module\Build\Platform\darwin.pm
lib\Module\Build\Platform\Unix.pm -&gt; 
blib\lib\Module\Build\Platform\Unix.pm
lib\Module\Build\PPMMaker.pm -&gt; blib\lib\Module\Build\PPMMaker.pm
lib\Module\Build\PodParser.pm -&gt; blib\lib\Module\Build\PodParser.pm
lib\Module\Build\Platform\Windows.pm -&gt; 
blib\lib\Module\Build\Platform\Windows.pm
lib\Module\Build\Platform\RiscOS.pm -&gt; 
blib\lib\Module\Build\Platform\RiscOS.pm
mkdir blib/html
mkdir blib/html/site
mkdir blib/html/site/lib
mkdir blib/html/site/lib/Module
mkdir blib/html/site/lib/Module/Build
mkdir blib/html/site/lib/Module/Build/Platform/
Creating blib/html/site/lib/Module/Build/Platform/Unix.html
Creating blib/html/site/lib/Module/Build/Platform/EBCDIC.html
Creating blib/html/site/lib/Module/Build/Platform/MacOS.html
Creating blib/html/site/lib/Module/Build.html
Creating blib/html/site/lib/Module/Build/Platform/Amiga.html
Creating blib/html/site/lib/Module/Build/Platform/cygwin.html
Creating blib/html/site/lib/Module/Build/Platform/Windows.html
Creating blib/html/site/lib/Module/Build/PPMMaker.html
Creating blib/html/site/lib/Module/Build/Platform/MPEiX.html
Creating blib/html/site/lib/Module/Build/Platform/VOS.html
Creating blib/html/site/lib/Module/Build/Platform/Default.html
Creating blib/html/site/lib/Module/Build/Platform/RiscOS.html
Creating blib/html/site/lib/Module/Build/Cookbook.html
Creating blib/html/site/lib/Module/Build/Platform/aix.html
Creating blib/html/site/lib/Module/Build/Platform/darwin.html
Creating blib/html/site/lib/Module/Build/Platform/os2.html
Creating blib/html/site/lib/Module/Build/Platform/VMS.html
Creating blib/html/site/lib/Module/Build/Base.html
Creating blib/html/site/lib/Module/Build/Compat.html
  &#34;C:\Programme\Microsoft Visual Studio .NET\Vc7\bin\nmake.EXE&#34;  -- OK
Running make test

Microsoft &#40;R&#41; Program Maintenance Utility Version 7.00.9466
Copyright &#40;C&#41; Microsoft Corporation.  All rights reserved.

        Z:\www\perl\bin\perl.exe Build --makefile_env_macros 1 test
t\basic.........ok
t\compat........ok
t\extend........ok
t\install.......ok
t\manifypods....ok
t\notes.........ok
t\runthrough....ok
t\signature.....skipped
        all skipped: Skipping unless $ENV{TEST_SIGNATURE} is true
t\versions......ok
t\xs............ok 2/12# Test 3 got: &#39;error building dll file 
from &#39;lib\XSTest.c&#39; at V:\.cpan\build\Module-Build-0.25
\blib\lib/Module/Build/Platform/Windows.pm l
ine 106, &lt;File0000&gt; line 15.
t\xs............NOK 3&#39; &#40;t\xs.t at line 27&#41;
#   Expected: &#39;&#39;
#  t\xs.t line 27 is: ok $@, &#39;&#39;;
t\xs............ok 5/12error building dll file from &#39;lib\XSTest.c&#39; at 
V:\.cpan\build\Module-Build-0.25
\blib\lib/Module/Build/Platform/Windows.pm line 106, &lt;File0
<span
    class="message-stanza-folder closed"
    onclick="fold_message_stanza(this, 'Show\x20quoted\x20text', 'Hide\x20quoted\x20text');">Show quoted text</span><br /><div class="message-stanza closed">000&gt; line 15.
</div>t\xs............ok 6/12# Test 7 got: &#39;error building dll file 
from &#39;lib\XSTest.c&#39; at V:\.cpan\build\Module-Build-0.25
\blib\lib/Module/Build/Platform/Windows.pm l
ine 106, &lt;File0000&gt; line 15.
t\xs............NOK 7&#39; &#40;t\xs.t at line 44&#41;
#   Expected: &#39;&#39;
#  t\xs.t line 44 is: ok $@, &#39;&#39;;
t\xs............FAILED tests 3, 7
        Failed 2/12 tests, 83.33% okay &#40;less 2 skipped tests: 8 okay, 
66.67%&#41;
Failed Test Stat Wstat Total Fail  Failed  List of Failed
-----------------------------------------------------------------------
--------
t\xs.t                    12    2  16.67%  3 7
1 test and 2 subtests skipped.
Failed 1/10 test scripts, 90.00% okay. 2/188 subtests failed, 98.94% 
okay.
NMAKE : fatal error U1077: &#39;Z:\www\perl\bin\perl.exe&#39; : return 
code &#39;0xff&#39;
Stop.
  &#34;C:\Programme\Microsoft Visual Studio .NET\Vc7\bin\nmake.EXE&#34; test --
 NOT OK
Running make install
  make test had returned bad status, won&#39;t install without force

<span
    class="message-stanza-folder closed"
    onclick="fold_message_stanza(this, 'Show\x20quoted\x20text', 'Hide\x20quoted\x20text');">Show quoted text</span><br /><div class="message-stanza closed">cpan&gt;
</div></div></div>
    </div>
</div>
</div>
<div class="ticket-transaction basics Set odd">
<div class="ticket-transaction">
  <div class="metadata">
    <span class="type">
      &nbsp;      
    </span>
    <span class="date">Thu&nbsp;Apr&nbsp;29&nbsp;03:05:37&nbsp;2004</span>
    <span class="description">The RT System itself -  Status changed from &#39;resolved&#39; to &#39;open&#39;</span>
    <span class="time-taken"></span>    <span class="actions hidden"></span>
  </div>
    <div class="content">
    </div>
</div>
</div>
<div class="ticket-transaction message Correspond even">
<div class="ticket-transaction">
  <div class="metadata">
    <span class="type">
      &nbsp;      
    </span>
    <span class="date">Thu&nbsp;Apr&nbsp;29&nbsp;08:56:36&nbsp;2004</span>
    <span class="description">ken [...] mathforum.org -  Correspondence added</span>
    <span class="time-taken"></span>    <span class="actions hidden"></span>
  </div>
    <div class="content">
      
<table>
  <tr>
    <td align="right" class="message-header-key">Date:</td>
    <td class="message-header-value"> Thu, 29 Apr 2004 07:56:48 -0500</td>
  </tr>
  <tr>
    <td align="right" class="message-header-key">From:</td>
    <td class="message-header-value"> &#34;Ken Williams&#34; &lt;ken [...] mathforum.org&gt;</td>
  </tr>
  <tr>
    <td align="right" class="message-header-key">To:</td>
    <td class="message-header-value"> bug-Module-Build [...] rt.cpan.org</td>
  </tr>
  <tr>
    <td align="right" class="message-header-key">Subject:</td>
    <td class="message-header-value"> Re: [cpan #4855] [win32/perl5.8.2]  xs.t FAILED 3, 7 + runthrough.t warnings </td>
  </tr>
  <tr>
    <td align="right" class="message-header-key">RT-Send-Cc:</td>
    <td class="message-header-value"> </td>
  </tr>
</table>

<div class="messagebody">
<div class="message-stanza plain-text-white-space">
On Apr 29, 2004, at 2:05 AM, Guest via RT wrote:
<span
    class="message-stanza-folder closed"
    onclick="fold_message_stanza(this, 'Show\x20quoted\x20text', 'Hide\x20quoted\x20text');">Show quoted text</span><br /><div class="message-stanza closed">&gt;
&gt; I am not so deep in it, but should Module::Build require a c&#40;pp&#41;
&gt; compiler ?
</div>
No, it shouldn&#39;t - if no compiler is available, it should just skip 
that part of the tests.

  -Ken
</div></div>
    </div>
</div>
</div>
<div class="ticket-transaction message Correspond odd">
<div class="ticket-transaction">
  <div class="metadata">
    <span class="type">
      &nbsp;      
    </span>
    <span class="date">Wed&nbsp;Jun&nbsp;02&nbsp;03:58:54&nbsp;2004</span>
    <span class="description">muenalan [...] cpan.org -  Correspondence added</span>
    <span class="time-taken"></span>    <span class="actions hidden"></span>
  </div>
    <div class="content">
      

<div class="messagebody">
<div class="message-stanza plain-text-white-space"><span
    class="message-stanza-folder closed"
    onclick="fold_message_stanza(this, 'Show\x20quoted\x20text', 'Hide\x20quoted\x20text');">Show quoted text</span><br /><div class="message-stanza closed">&gt; that part of the tests.
&gt; 
&gt;   -Ken
</div>
Anything happened?

Murat
</div></div>
    </div>
</div>
</div>
<div class="ticket-transaction message Correspond even">
<div class="ticket-transaction">
  <div class="metadata">
    <span class="type">
      &nbsp;      
    </span>
    <span class="date">Sun&nbsp;Jul&nbsp;25&nbsp;18:57:52&nbsp;2004</span>
    <span class="description">kwilliams [...] cpan.org -  Correspondence added</span>
    <span class="time-taken"></span>    <span class="actions hidden"></span>
  </div>
    <div class="content">
      

<div class="messagebody">
<div class="message-stanza plain-text-white-space">[MUENALAN - Wed Jun  2 03:58:54 2004]:

<span
    class="message-stanza-folder closed"
    onclick="fold_message_stanza(this, 'Show\x20quoted\x20text', 'Hide\x20quoted\x20text');">Show quoted text</span><br /><div class="message-stanza closed"><div class="message-stanza open">&gt; &gt; that part of the tests.
&gt; &gt;
&gt; &gt;   -Ken
</div>&gt; 
&gt; Anything happened?
&gt; 
&gt; Murat
&gt; 
</div>
Well, I&#39;m not sure what needs to happen.  If it can&#39;t find a C compiler, it&#39;s supposed to be 
skipping those tests.  Is it not doing that?

Also, do you have ExtUtils::CBuilder installed, or is it just calling the compiler directly?

 -Ken
</div></div>
    </div>
</div>
</div>
<div class="ticket-transaction message Correspond odd">
<div class="ticket-transaction">
  <div class="metadata">
    <span class="type">
      &nbsp;      
    </span>
    <span class="date">Mon&nbsp;Jul&nbsp;26&nbsp;08:55:16&nbsp;2004</span>
    <span class="description">kwilliams [...] cpan.org -  Correspondence added</span>
    <span class="time-taken"></span>    <span class="actions hidden"></span>
  </div>
    <div class="content">
      

<div class="messagebody">
<div class="message-stanza plain-text-white-space">Oh sorry, I should have said to try the newest *beta* release, 0.25_02.  They&#39;re still broken in 
0.25, of course. =&#41;

 -Ken
</div></div>
    </div>
</div>
</div>
<div class="ticket-transaction message Correspond even">
<div class="ticket-transaction">
  <div class="metadata">
    <span class="type">
      &nbsp;      
    </span>
    <span class="date">Wed&nbsp;Mar&nbsp;23&nbsp;23:14:13&nbsp;2005</span>
    <span class="description">kwilliams [...] cpan.org -  Correspondence added</span>
    <span class="time-taken"></span>    <span class="actions hidden"></span>
  </div>
    <div class="content">
      

<div class="messagebody">
<div class="message-stanza plain-text-white-space">Randy Sims has now resolved this in CVS.  Thanks.

 -Ken
</div></div>
    </div>
</div>
</div>
<div class="ticket-transaction basics Status odd">
<div class="ticket-transaction">
  <div class="metadata">
    <span class="type">
      &nbsp;      <a id="lasttrans" name="lasttrans"></a>
    </span>
    <span class="date">Wed&nbsp;Mar&nbsp;23&nbsp;23:14:14&nbsp;2005</span>
    <span class="description">kwilliams [...] cpan.org -  Status changed from &#39;open&#39; to &#39;resolved&#39;</span>
    <span class="time-taken"></span>    <span class="actions hidden"></span>
  </div>
    <div class="content">
    </div>
</div>
</div>
</div>
    <hr class="clear" />
  </div>
</div>




</div>
 


  <hr class="clear" />
</div>
</body>
</html>
