<!DOCTYPE html>

<html lang="en">
  <head>
    <title>Bug #28068 for Device-USB: Tests fail on Mac OS X</title>
    <meta http-equiv="X-UA-Compatible" content="IE=edge" />
    <!-- The X-UA-Compatible <meta> tag above must be very early in <head> -->

    <script>
if (window.top !== window.self) {
    document.write = "";

    window.top.location = window.self.location;

    setTimeout(function(){
        document.body.innerHTML = "";
    }, 1);

    window.self.onload = function(){
        document.body.innerHTML = "";
    };
}
</script>



<link rel="shortcut icon" href="/NoAuth/images/favicon.png" type="image/png" />
<link rel="stylesheet" href="/NoAuth/css/aileron-squished-00f758259152f8b6670ee485f462e6b8.css" type="text/css" media="all" />
<link rel="stylesheet" href="/NoAuth/css/print.css" type="text/css" media="print" />




<script type="text/javascript" src="/NoAuth/js/squished-42167f2409ce368da2d31038e5cb2a57.js"></script>

<script type="text/javascript"><!--
	jQuery( loadTitleBoxStates );

--></script>


<!--[if lt IE 8]>
<link rel="stylesheet" href="/NoAuth/css/aileron/msie.css" type="text/css" media="all" />
<![endif]-->
<!--[if lt IE 7]>
<link rel="stylesheet" href="/NoAuth/css/aileron/msie6.css" type="text/css" media="all" />
<![endif]-->
<script type="text/javascript">
jQuery(document).ready(function(){
    jQuery.fn.supersubs.defaults = {
        maxWidth: 30,
        extraWidth: 2
    };

    jQuery("#app-nav.toplevel").addClass('sf-menu sf-js-enabled sf-shadow').supersubs().superfish({ speed: 'fast' });
    jQuery("#page-menu.toplevel").addClass('sf-menu sf-js-enabled').supersubs().superfish({ dropShadows: false, speed: 'fast' }).supposition();
});
</script>


<!-- Site CSS from theme editor -->
<style type="text/css" media="all" id="sitecss">
</style>

<meta name="google-site-verification" content="kD3-uEJK1AkTqaC-rckcSt_HPkAj674DPPuEN6i-y0g" />

</head>
  <body class="aileron sidebyside" id="comp-Public-Bug-Display">

<div id="logo">
<a href="/"><img
    src="/NoAuth/images/cpan.png"
    alt="CPAN"
    width="181"
    height="38" /></a>
    <span class="rtname">RT for rt.cpan.org</span>
</div>


<div id="quickbar">
  <div id="quick-personal">
    <span class="hide"><a href="#skipnav">Skip Menu</a> | </span>
</div>

</div>
<div id="header"><h1>Bug #28068 for Device-USB: Tests fail on Mac OS X</h1></div>



<div id="page-navigation"><ul id="page-menu" class="toplevel">
 <li id="li-page-active_bugs"><a id="page-active_bugs" class="menu-item " href="/Public/Dist/Device-USB/Active/">Active bugs</a></li>
 <li id="li-page-resolved_bugs"><a id="page-resolved_bugs" class="menu-item " href="/Public/Dist/Device-USB/Resolved/">Resolved bugs</a></li>
 <li id="li-page-rejected_bugs"><a id="page-rejected_bugs" class="menu-item " href="/Public/Dist/Device-USB/Rejected/">Rejected bugs</a></li>
 <li id="li-page-report"><a id="page-report" class="menu-item " href="/Public/Dist/Device-USB/Active/"></a></li>
</ul></div>
<div id="topactions">



</div>
<div id="body">


<a name="skipnav" id="skipnav" accesskey="8"></a>





<p>This queue is for tickets about the <a href="https://metacpan.org/release/Device-USB">Device-USB CPAN distribution</a>.</p>





<div class="">
  <div class="titlebox" id="">
  <div class="titlebox-title">
    <span class="widget"><a href="#" onclick="return rollup('TitleBox\x2D\x2D\x5FPublic\x5FBug\x5FDisplay\x5Fhtml\x2D\x2D\x2D\x2D\x2D\x2DUmVwb3J0IGluZm9ybWF0aW9u\x2D\x2D\x2D0');" title="Toggle visibility"></a></span>
    <span class="left">Report information</span>
    <span class="right-empty">		    </span>
  </div>
  <div class="titlebox-content " id="TitleBox--_Public_Bug_Display_html------UmVwb3J0IGluZm9ybWF0aW9u---0">


<table width="100%" class="ticket-summary">
<tr>
  <td valign="top" class="boxcontainer">
    <div class="ticket-info-basics">
  <div class="titlebox ticket-info-basics " id="">
  <div class="titlebox-title">
    <span class="widget"><a href="#" onclick="return rollup('TitleBox\x2D\x2D\x5FPublic\x5FBug\x5FDisplay\x5Fhtml\x2D\x2Dticket\x2Dinfo\x2Dbasics\x2D\x2D\x2D\x2DVGhlIEJhc2ljcw\x5F\x5F\x2D\x2D\x2D0');" title="Toggle visibility"></a></span>
    <span class="left">The Basics</span>
    <span class="right-empty">		    </span>
  </div>
  <div class="titlebox-content " id="TitleBox--_Public_Bug_Display_html--ticket-info-basics----VGhlIEJhc2ljcw__---0">


        <table>
  <tr class="id">
    <td class="label">Id:</td>
    <td class="value">28068</td>
  </tr>
  <tr class="status">
    <td class="label">Status:</td>
    <td class="value">resolved</td>
  </tr>
  <tr class="priority">
    <td class="label">Priority:</td>
    <td class="value">0/
</td>
  </tr>
  <tr class="queue">
    <td class="label">Queue:</td>
    <td class="value"><a href="/Public/Dist/Device-USB/Active/">Device-USB</a>
</td>
  </tr>
</table>

        <hr class="clear" />
  </div>
</div>




</div>


    <div class="ticket-info-people">
  <div class="titlebox ticket-info-people " id="">
  <div class="titlebox-title">
    <span class="widget"><a href="#" onclick="return rollup('TitleBox\x2D\x2D\x5FPublic\x5FBug\x5FDisplay\x5Fhtml\x2D\x2Dticket\x2Dinfo\x2Dpeople\x2D\x2D\x2D\x2DUGVvcGxl\x2D\x2D\x2D0');" title="Toggle visibility"></a></span>
    <span class="left">People</span>
    <span class="right-empty">		    </span>
  </div>
  <div class="titlebox-content " id="TitleBox--_Public_Bug_Display_html--ticket-info-people----UGVvcGxl---0">


        <table>
  <tr>
    <td class="label">Owner:</td>
    <td class="value">Nobody in particular
    
    </td>
  </tr>
  <tr>
    <td class="labeltop">Requestors:</td>
    <td class="value">
robo4288 [...] gmail.com

<br />

</td>
  </tr>
  <tr>
    <td class="labeltop">Cc:</td>
    <td class="value">

</td>
  </tr>
  <tr>
    <td class="labeltop">AdminCc:</td>
    <td class="value">

</td>
  </tr>
</table>

        <hr class="clear" />
  </div>
</div>




</div>



  </td>
  <td valign="top" class="boxcontainer">
    
    <div class="ticket-info-cfs">
  <div class="titlebox ticket-info-cfs " id="">
  <div class="titlebox-title">
    <span class="widget"><a href="#" onclick="return rollup('TitleBox\x2D\x2D\x5FPublic\x5FBug\x5FDisplay\x5Fhtml\x2D\x2Dticket\x2Dinfo\x2Dcfs\x2D\x2D\x2D\x2DQnVnIEluZm9ybWF0aW9u\x2D\x2D\x2D0');" title="Toggle visibility"></a></span>
    <span class="left">Bug Information</span>
    <span class="right-empty">		    </span>
  </div>
  <div class="titlebox-content " id="TitleBox--_Public_Bug_Display_html--ticket-info-cfs----QnVnIEluZm9ybWF0aW9u---0">

 
        <table>
  <tr id="CF-1-ShowRow">
    <td class="label">Severity:</td>
    <td class="value">
<i>(no value)</i>
    </td>
  </tr>
  <tr id="CF-11380-ShowRow">
    <td class="label">Broken in:</td>
    <td class="value">
<i>(no value)</i>
    </td>
  </tr>
  <tr id="CF-11381-ShowRow">
    <td class="label">Fixed in:</td>
    <td class="value">
<i>(no value)</i>
    </td>
  </tr>
</table>


        <hr class="clear" />
  </div>
</div>




</div>


    




  </td>
</tr>
</table>

    <hr class="clear" />
  </div>
</div>




</div>


<br />


<div class="history">
<div class="titlebox" id="">
  <div class="titlebox-title">
    <span class="widget"><a href="#" onclick="return rollup('TitleBox\x2D\x2D\x5FPublic\x5FBug\x5FDisplay\x5Fhtml\x2D\x2D\x2D\x2D\x2D\x2DSGlzdG9yeQ\x5F\x5F\x2D\x2D\x2D0');" title="Toggle visibility"></a></span>
    <span class="left">History</span>
    <span class="right">		<a href="#" data-direction="open" onclick="return toggle_all_folds(this, 'Show\x20all\x20quoted\x20text', 'Hide\x20all\x20quoted\x20text');">Show all quoted text</a>    </span>
  </div>
  <div class="titlebox-content " id="TitleBox--_Public_Bug_Display_html------SGlzdG9yeQ__---0">


<div id="ticket-history">
<div class="ticket-transaction message Create odd">
<div class="ticket-transaction">
  <div class="metadata">
    <span class="type">
      &nbsp;      
    </span>
    <span class="date">Mon&nbsp;Jul&nbsp;09&nbsp;15:58:07&nbsp;2007</span>
    <span class="description">robo4288 [...] gmail.com -  Ticket created</span>
    <span class="time-taken"></span>    <span class="actions hidden"></span>
  </div>
    <div class="content">
      
<table>
  <tr>
    <td align="right" class="message-header-key">Subject:</td>
    <td class="message-header-value"> Tests fail on Mac OS X</td>
  </tr>
</table>

<div class="messagebody">
<div class="message-stanza plain-text-white-space">I would like to help with this module on Mac OS X. Unfortunately, I&#39;m not familiar with libusb 
but I&#39;m willing to learn. Here is the output of the make test:

PERL_DL_NONLAZY=1 /opt/local/bin/perl &#34;-MExtUtils::Command::MM&#34; &#34;-e&#34; &#34;test_harness&#40;0, 
&#39;blib/lib&#39;, &#39;blib/arch&#39;&#41;&#34; t/*.t
t/00-load.........................ok 1/1# Testing Device::USB 0.21, Perl 5.008008, /opt/local/bin/
perl
t/00-load.........................ok                                         
t/01-create-usb...................ok                                         
t/02-find_busses_devices..........ok                                         
t/03-list_busses..................dubious                                    
        Test returned status 0 &#40;wstat 10, 0xa&#41;
t/04-find_device..................dubious                                    
        Test returned status 0 &#40;wstat 10, 0xa&#41;
DIED. FAILED tests 4-8
        Failed 5/8 tests, 37.50% okay
t/05-find_device_if...............dubious                                    
        Test returned status 0 &#40;wstat 10, 0xa&#41;
DIED. FAILED tests 3-11
        Failed 9/11 tests, 18.18% okay
t/06-list_devices.................dubious                                    
        Test returned status 0 &#40;wstat 10, 0xa&#41;
DIED. FAILED tests 3-8
        Failed 6/8 tests, 25.00% okay
t/07-list_devices_if..............dubious                                    
        Test returned status 0 &#40;wstat 10, 0xa&#41;
DIED. FAILED tests 5-11
        Failed 7/11 tests, 36.36% okay
t/08-get_busses...................dubious                                    
        Test returned status 0 &#40;wstat 10, 0xa&#41;
t/09-usb-bus......................dubious                                    
        Test returned status 0 &#40;wstat 10, 0xa&#41;
t/10-usb-device-accessors.........dubious                                    
        Test returned status 0 &#40;wstat 10, 0xa&#41;
t/11-usb-device-methods...........ok                                         
t/12-constants....................ok                                         
t/13-bus_find_device_if...........dubious                                    
        Test returned status 0 &#40;wstat 10, 0xa&#41;
DIED. FAILED tests 2-11
        Failed 10/11 tests, 9.09% okay
t/14-bus_list_devices_if..........dubious                                    
        Test returned status 0 &#40;wstat 10, 0xa&#41;
DIED. FAILED tests 2-11
        Failed 10/11 tests, 9.09% okay
t/15-usb_dev_configuration........dubious                                    
        Test returned status 0 &#40;wstat 10, 0xa&#41;
t/16-usb_dev_interface............dubious                                    
        Test returned status 0 &#40;wstat 10, 0xa&#41;
t/17-usb_dev_endpoint.............dubious                                    
        Test returned status 0 &#40;wstat 10, 0xa&#41;
t/18-usb_device-configurations....dubious                                    
        Test returned status 0 &#40;wstat 10, 0xa&#41;
t/boilerplate.....................ok                                         
t/pod-coverage....................ok                                         
t/pod.............................ok                                         
Failed Test                      Stat Wstat Total Fail  List of Failed
-------------------------------------------------------------------------------
t/03-list_busses.t                  0    10    ??   ??  ??
t/04-find_device.t                  0    10     8   10  4-8
t/05-find_device_if.t               0    10    11   18  3-11
t/06-list_devices.t                 0    10     8   12  3-8
t/07-list_devices_if.t              0    10    11   14  5-11
t/08-get_busses.t                   0    10    ??   ??  ??
t/09-usb-bus.t                      0    10    ??   ??  ??
t/10-usb-device-accessors.t         0    10    ??   ??  ??
t/13-bus_find_device_if.t           0    10    11   20  2-11
t/14-bus_list_devices_if.t          0    10    11   20  2-11
t/15-usb_dev_configuration.t        0    10    ??   ??  ??
t/16-usb_dev_interface.t            0    10    ??   ??  ??
t/17-usb_dev_endpoint.t             0    10    ??   ??  ??
t/18-usb_device-configurations.t    0    10    ??   ??  ??
Failed 14/22 test scripts. 42/104 subtests failed.
Files=22, Tests=104,  9 wallclock secs &#40; 2.12 cusr +  1.92 csys =  4.04 CPU&#41;
Failed 14/22 test programs. 42/104 subtests failed.
make: *** [test_dynamic] Error 255
</div></div>
    </div>
</div>
</div>
<div class="ticket-transaction message Correspond even">
<div class="ticket-transaction">
  <div class="metadata">
    <span class="type">
      &nbsp;      
    </span>
    <span class="date">Tue&nbsp;Jul&nbsp;10&nbsp;08:17:06&nbsp;2007</span>
    <span class="description">cpan.wade [...] anomaly.org -  Correspondence added</span>
    <span class="time-taken"></span>    <span class="actions hidden"></span>
  </div>
    <div class="content">
      
<table>
  <tr>
    <td align="right" class="message-header-key">Subject:</td>
    <td class="message-header-value"> Re: [rt.cpan.org #28068] Tests fail on Mac OS X</td>
  </tr>
  <tr>
    <td align="right" class="message-header-key">Date:</td>
    <td class="message-header-value"> Tue, 10 Jul 2007 07:16:44 -0500</td>
  </tr>
  <tr>
    <td align="right" class="message-header-key">To:</td>
    <td class="message-header-value"> bug-Device-USB [...] rt.cpan.org</td>
  </tr>
  <tr>
    <td align="right" class="message-header-key">From:</td>
    <td class="message-header-value"> &#34;G. Wade Johnson&#34; &lt;wade [...] anomaly.org&gt;</td>
  </tr>
</table>

<div class="messagebody">
<div class="message-stanza plain-text-white-space">On Mon, 09 Jul 2007 15:58:08 -0400
&#34;Robert Boone via RT&#34; &lt;bug-Device-USB@rt.cpan.org&gt; wrote:

<span
    class="message-stanza-folder closed"
    onclick="fold_message_stanza(this, 'Show\x20quoted\x20text', 'Hide\x20quoted\x20text');">Show quoted text</span><br /><div class="message-stanza closed">&gt; 
&gt; Mon Jul 09 15:58:07 2007: Request 28068 was acted upon.
&gt; Transaction: Ticket created by rboone3
&gt;        Queue: Device-USB
&gt;      Subject: Tests fail on Mac OS X
&gt;    Broken in: &#40;no value&#41;
&gt;     Severity: &#40;no value&#41;
&gt;        Owner: Nobody
&gt;   Requestors: robo4288@gmail.com
&gt;       Status: new
&gt;  Ticket &lt;URL: <span class="clickylink"><a target="new" rel="nofollow" href="http://rt.cpan.org/Ticket/Display.html?id=28068">http://rt.cpan.org/Ticket/Display.html?id=28068</a></span> &gt;
&gt; 
&gt; 
&gt; I would like to help with this module on Mac OS X. Unfortunately, I&#39;m
&gt; not familiar with libusb but I&#39;m willing to learn. Here is the output
&gt; of the make test:
&gt; 
&gt; PERL_DL_NONLAZY=1 /opt/local/bin/perl &#34;-MExtUtils::Command::MM&#34; &#34;-e&#34;
&gt; &#34;test_harness&#40;0, &#39;blib/lib&#39;, &#39;blib/arch&#39;&#41;&#34; t/*.t
&gt; t/00-load.........................ok 1/1# Testing Device::USB 0.21,
&gt; Perl 5.008008, /opt/local/bin/ perl
&gt; t/00-load.........................ok                                         
&gt; t/01-create-usb...................ok                                         
&gt; t/02-find_busses_devices..........ok                                         
&gt; t/03-list_busses..................dubious                                    
&gt;         Test returned status 0 &#40;wstat 10, 0xa&#41;
&gt; t/04-find_device..................dubious                                    
&gt;         Test returned status 0 &#40;wstat 10, 0xa&#41;
&gt; DIED. FAILED tests 4-8
&gt;         Failed 5/8 tests, 37.50% okay
&gt; t/05-find_device_if...............dubious                                    
&gt;         Test returned status 0 &#40;wstat 10, 0xa&#41;
&gt; DIED. FAILED tests 3-11
&gt;         Failed 9/11 tests, 18.18% okay
&gt; t/06-list_devices.................dubious                                    
&gt;         Test returned status 0 &#40;wstat 10, 0xa&#41;
&gt; DIED. FAILED tests 3-8
&gt;         Failed 6/8 tests, 25.00% okay
&gt; t/07-list_devices_if..............dubious                                    
&gt;         Test returned status 0 &#40;wstat 10, 0xa&#41;
&gt; DIED. FAILED tests 5-11
&gt;         Failed 7/11 tests, 36.36% okay
&gt; t/08-get_busses...................dubious                                    
&gt;         Test returned status 0 &#40;wstat 10, 0xa&#41;
&gt; t/09-usb-bus......................dubious                                    
&gt;         Test returned status 0 &#40;wstat 10, 0xa&#41;
&gt; t/10-usb-device-accessors.........dubious                                    
&gt;         Test returned status 0 &#40;wstat 10, 0xa&#41;
&gt; t/11-usb-device-methods...........ok                                         
&gt; t/12-constants....................ok                                         
&gt; t/13-bus_find_device_if...........dubious                                    
&gt;         Test returned status 0 &#40;wstat 10, 0xa&#41;
&gt; DIED. FAILED tests 2-11
&gt;         Failed 10/11 tests, 9.09% okay
&gt; t/14-bus_list_devices_if..........dubious                                    
&gt;         Test returned status 0 &#40;wstat 10, 0xa&#41;
&gt; DIED. FAILED tests 2-11
&gt;         Failed 10/11 tests, 9.09% okay
&gt; t/15-usb_dev_configuration........dubious                                    
&gt;         Test returned status 0 &#40;wstat 10, 0xa&#41;
&gt; t/16-usb_dev_interface............dubious                                    
&gt;         Test returned status 0 &#40;wstat 10, 0xa&#41;
&gt; t/17-usb_dev_endpoint.............dubious                                    
&gt;         Test returned status 0 &#40;wstat 10, 0xa&#41;
&gt; t/18-usb_device-configurations....dubious                                    
&gt;         Test returned status 0 &#40;wstat 10, 0xa&#41;
&gt; t/boilerplate.....................ok                                         
&gt; t/pod-coverage....................ok                                         
&gt; t/pod.............................ok                                         
&gt; Failed Test                      Stat Wstat Total Fail  List of Failed
&gt; -------------------------------------------------------------------------------
&gt; t/03-list_busses.t                  0    10    ??   ??  ??
&gt; t/04-find_device.t                  0    10     8   10  4-8
&gt; t/05-find_device_if.t               0    10    11   18  3-11
&gt; t/06-list_devices.t                 0    10     8   12  3-8
&gt; t/07-list_devices_if.t              0    10    11   14  5-11
&gt; t/08-get_busses.t                   0    10    ??   ??  ??
&gt; t/09-usb-bus.t                      0    10    ??   ??  ??
&gt; t/10-usb-device-accessors.t         0    10    ??   ??  ??
&gt; t/13-bus_find_device_if.t           0    10    11   20  2-11
&gt; t/14-bus_list_devices_if.t          0    10    11   20  2-11
&gt; t/15-usb_dev_configuration.t        0    10    ??   ??  ??
&gt; t/16-usb_dev_interface.t            0    10    ??   ??  ??
&gt; t/17-usb_dev_endpoint.t             0    10    ??   ??  ??
&gt; t/18-usb_device-configurations.t    0    10    ??   ??  ??
&gt; Failed 14/22 test scripts. 42/104 subtests failed.
&gt; Files=22, Tests=104,  9 wallclock secs &#40; 2.12 cusr +  1.92 csys =
&gt; 4.04 CPU&#41; Failed 14/22 test programs. 42/104 subtests failed.
&gt; make: *** [test_dynamic] Error 255
</div>
Each of the tests appears to fail the first time it actually talks to
libusb. We might need to check that the .so is available. Also running
the tests directly might help give more information.

G. Wade
-- 
They made a very satisfying thump when they hit the floor.
                            -- G&#39;Kar - &#34;A Late Delivery from Avalon&#34;
</div></div>
    </div>
</div>
</div>
<div class="ticket-transaction basics Status odd">
<div class="ticket-transaction">
  <div class="metadata">
    <span class="type">
      &nbsp;      
    </span>
    <span class="date">Tue&nbsp;Jul&nbsp;10&nbsp;08:17:08&nbsp;2007</span>
    <span class="description">The RT System itself -  Status changed from &#39;new&#39; to &#39;open&#39;</span>
    <span class="time-taken"></span>    <span class="actions hidden"></span>
  </div>
    <div class="content">
    </div>
</div>
</div>
<div class="ticket-transaction message Correspond even">
<div class="ticket-transaction">
  <div class="metadata">
    <span class="type">
      &nbsp;      
    </span>
    <span class="date">Tue&nbsp;Jul&nbsp;10&nbsp;09:32:07&nbsp;2007</span>
    <span class="description">robo4288 [...] gmail.com -  Correspondence added</span>
    <span class="time-taken"></span>    <span class="actions hidden"></span>
  </div>
    <div class="content">
      
<table>
  <tr>
    <td align="right" class="message-header-key">From:</td>
    <td class="message-header-value"> robo4288 [...] gmail.com</td>
  </tr>
</table>

<div class="messagebody">
<div class="message-stanza plain-text-white-space"><span
    class="message-stanza-folder closed"
    onclick="fold_message_stanza(this, 'Show\x20quoted\x20text', 'Hide\x20quoted\x20text');">Show quoted text</span><br /><div class="message-stanza closed">&gt; Each of the tests appears to fail the first time it actually talks to
&gt; libusb. We might need to check that the .so is available. Also running
&gt; the tests directly might help give more information.
&gt; 
&gt; G. Wade
</div>

Here are the tests run one by one. They start to fail at test 03-list_busses.t:

monk:~/projects/Device-USB-0.21 robert$ prove -Iblib -v t/00-load.t 
t/00-load....1..1
ok 1 - use Device::USB;
# Testing Device::USB 0.21, Perl 5.008008, /opt/local/bin/perl
ok
All tests successful.
Files=1, Tests=1,  1 wallclock secs &#40; 0.06 cusr +  0.02 csys =  0.08 CPU&#41;


monk:~/projects/Device-USB-0.21 robert$ prove -Iblib -v t/01-create-usb.t 
t/01-create-usb....1..2
ok 1 - Object successfully created
ok 2 - The object isa Device::USB
ok
All tests successful.
Files=1, Tests=2,  0 wallclock secs &#40; 0.06 cusr +  0.02 csys =  0.08 CPU&#41;


monk:~/projects/Device-USB-0.21 robert$ prove -Iblib -v t/02-find_busses_devices.t 
t/02-find_busses_devices....1..4
ok 1 - Object successfully created
ok 2 - Device::USB-&gt;can&#40;...&#41;
ok 3 - No bus changes since last call.
ok 4 - No device changes since last call.
ok
All tests successful.
Files=1, Tests=4,  0 wallclock secs &#40; 0.12 cusr +  0.17 csys =  0.29 CPU&#41;


monk:~/projects/Device-USB-0.21 robert$ prove -Iblib -v t/03-list_busses.t         
t/03-list_busses....ok 1 - Object successfully created
ok 2 - Device::USB-&gt;can&#40;&#39;list_busses&#39;&#41;
dubious
        Test returned status 0 &#40;wstat 10, 0xa&#41;
FAILED--1 test script could be run, alas--no output ever seen

monk:~/projects/Device-USB-0.21 robert$ prove -Iblib -v t/04-find_device.t 
t/04-find_device....1..8
ok 1 - Object successfully created
ok 2 - Device::USB-&gt;can&#40;&#39;find_device&#39;&#41;
ok 3 - No device found
dubious
        Test returned status 0 &#40;wstat 10, 0xa&#41;
DIED. FAILED tests 4-8
        Failed 5/8 tests, 37.50% okay
Failed Test        Stat Wstat Total Fail  List of Failed
-------------------------------------------------------------------------------
t/04-find_device.t    0    10     8   10  4-8
Failed 1/1 test scripts. 5/8 subtests failed.
Files=1, Tests=8,  1 wallclock secs &#40; 0.11 cusr +  0.16 csys =  0.27 CPU&#41;
Failed 1/1 test programs. 5/8 subtests failed.


monk:~/projects/Device-USB-0.21 robert$ prove -Iblib -v t/05-find_device_if.t 
t/05-find_device_if....1..11
ok 1 - Object successfully created
ok 2 - Device::USB-&gt;can&#40;&#39;find_device_if&#39;&#41;
dubious
        Test returned status 0 &#40;wstat 10, 0xa&#41;
DIED. FAILED tests 3-11
        Failed 9/11 tests, 18.18% okay
Failed Test           Stat Wstat Total Fail  List of Failed
-------------------------------------------------------------------------------
t/05-find_device_if.t    0    10    11   18  3-11
Failed 1/1 test scripts. 9/11 subtests failed.
Files=1, Tests=11,  1 wallclock secs &#40; 0.10 cusr +  0.12 csys =  0.22 CPU&#41;
Failed 1/1 test programs. 9/11 subtests failed.


monk:~/projects/Device-USB-0.21 robert$ prove -Iblib -v t/06-list_devices.t   
t/06-list_devices....1..8
ok 1 - Object successfully created
ok 2 - Device::USB-&gt;can&#40;&#39;list_devices&#39;&#41;
dubious
        Test returned status 0 &#40;wstat 10, 0xa&#41;
DIED. FAILED tests 3-8
        Failed 6/8 tests, 25.00% okay
Failed Test         Stat Wstat Total Fail  List of Failed
-------------------------------------------------------------------------------
t/06-list_devices.t    0    10     8   12  3-8
Failed 1/1 test scripts. 6/8 subtests failed.
Files=1, Tests=8,  1 wallclock secs &#40; 0.10 cusr +  0.12 csys =  0.22 CPU&#41;
Failed 1/1 test programs. 6/8 subtests failed.


monk:~/projects/Device-USB-0.21 robert$ prove -Iblib -v t/07-list_devices_if.t 
t/07-list_devices_if....1..11
ok 1 - Object successfully created
ok 2 - Device::USB-&gt;can&#40;&#39;list_devices_if&#39;&#41;
ok 3 - Requires a predicate.
ok 4 - Requires a code reference.
dubious
        Test returned status 0 &#40;wstat 10, 0xa&#41;
DIED. FAILED tests 5-11
        Failed 7/11 tests, 36.36% okay
Failed Test            Stat Wstat Total Fail  List of Failed
-------------------------------------------------------------------------------
t/07-list_devices_if.t    0    10    11   14  5-11
Failed 1/1 test scripts. 7/11 subtests failed.
Files=1, Tests=11,  1 wallclock secs &#40; 0.10 cusr +  0.12 csys =  0.22 CPU&#41;
Failed 1/1 test programs. 7/11 subtests failed.


monk:~/projects/Device-USB-0.21 robert$ prove -Iblib -v t/08-get_busses.t       
t/08-get_busses....ok 1 - Object successfully created
ok 2 - Device::USB-&gt;can&#40;&#39;get_busses&#39;&#41;
dubious
        Test returned status 0 &#40;wstat 10, 0xa&#41;
FAILED--1 test script could be run, alas--no output ever seen


monk:~/projects/Device-USB-0.21 robert$ prove -Iblib -v t/08-get_busses.t 
t/08-get_busses....ok 1 - Object successfully created
ok 2 - Device::USB-&gt;can&#40;&#39;get_busses&#39;&#41;
dubious
        Test returned status 0 &#40;wstat 10, 0xa&#41;
FAILED--1 test script could be run, alas--no output ever seen


monk:~/projects/Device-USB-0.21 robert$ prove -Iblib -v t/09-usb-bus.t    
t/09-usb-bus....ok 1 - Object successfully created
dubious
        Test returned status 0 &#40;wstat 10, 0xa&#41;
FAILED--1 test script could be run, alas--no output ever seen
</div></div>
    </div>
</div>
</div>
<div class="ticket-transaction message Correspond odd">
<div class="ticket-transaction">
  <div class="metadata">
    <span class="type">
      &nbsp;      
    </span>
    <span class="date">Tue&nbsp;Jul&nbsp;10&nbsp;09:32:09&nbsp;2007</span>
    <span class="description">robo4288 [...] gmail.com -  Correspondence added</span>
    <span class="time-taken"></span>    <span class="actions hidden"></span>
  </div>
    <div class="content">
      
<table>
  <tr>
    <td align="right" class="message-header-key">From:</td>
    <td class="message-header-value"> robo4288 [...] gmail.com</td>
  </tr>
</table>

<div class="messagebody">
<div class="message-stanza plain-text-white-space"><span
    class="message-stanza-folder closed"
    onclick="fold_message_stanza(this, 'Show\x20quoted\x20text', 'Hide\x20quoted\x20text');">Show quoted text</span><br /><div class="message-stanza closed">&gt; Each of the tests appears to fail the first time it actually talks to
&gt; libusb. We might need to check that the .so is available. Also running
&gt; the tests directly might help give more information.
&gt; 
&gt; G. Wade
</div>

Here are the tests run one by one. They start to fail at test 03-list_busses.t:

monk:~/projects/Device-USB-0.21 robert$ prove -Iblib -v t/00-load.t 
t/00-load....1..1
ok 1 - use Device::USB;
# Testing Device::USB 0.21, Perl 5.008008, /opt/local/bin/perl
ok
All tests successful.
Files=1, Tests=1,  1 wallclock secs &#40; 0.06 cusr +  0.02 csys =  0.08 CPU&#41;


monk:~/projects/Device-USB-0.21 robert$ prove -Iblib -v t/01-create-usb.t 
t/01-create-usb....1..2
ok 1 - Object successfully created
ok 2 - The object isa Device::USB
ok
All tests successful.
Files=1, Tests=2,  0 wallclock secs &#40; 0.06 cusr +  0.02 csys =  0.08 CPU&#41;


monk:~/projects/Device-USB-0.21 robert$ prove -Iblib -v t/02-find_busses_devices.t 
t/02-find_busses_devices....1..4
ok 1 - Object successfully created
ok 2 - Device::USB-&gt;can&#40;...&#41;
ok 3 - No bus changes since last call.
ok 4 - No device changes since last call.
ok
All tests successful.
Files=1, Tests=4,  0 wallclock secs &#40; 0.12 cusr +  0.17 csys =  0.29 CPU&#41;


monk:~/projects/Device-USB-0.21 robert$ prove -Iblib -v t/03-list_busses.t         
t/03-list_busses....ok 1 - Object successfully created
ok 2 - Device::USB-&gt;can&#40;&#39;list_busses&#39;&#41;
dubious
        Test returned status 0 &#40;wstat 10, 0xa&#41;
FAILED--1 test script could be run, alas--no output ever seen

monk:~/projects/Device-USB-0.21 robert$ prove -Iblib -v t/04-find_device.t 
t/04-find_device....1..8
ok 1 - Object successfully created
ok 2 - Device::USB-&gt;can&#40;&#39;find_device&#39;&#41;
ok 3 - No device found
dubious
        Test returned status 0 &#40;wstat 10, 0xa&#41;
DIED. FAILED tests 4-8
        Failed 5/8 tests, 37.50% okay
Failed Test        Stat Wstat Total Fail  List of Failed
-------------------------------------------------------------------------------
t/04-find_device.t    0    10     8   10  4-8
Failed 1/1 test scripts. 5/8 subtests failed.
Files=1, Tests=8,  1 wallclock secs &#40; 0.11 cusr +  0.16 csys =  0.27 CPU&#41;
Failed 1/1 test programs. 5/8 subtests failed.


monk:~/projects/Device-USB-0.21 robert$ prove -Iblib -v t/05-find_device_if.t 
t/05-find_device_if....1..11
ok 1 - Object successfully created
ok 2 - Device::USB-&gt;can&#40;&#39;find_device_if&#39;&#41;
dubious
        Test returned status 0 &#40;wstat 10, 0xa&#41;
DIED. FAILED tests 3-11
        Failed 9/11 tests, 18.18% okay
Failed Test           Stat Wstat Total Fail  List of Failed
-------------------------------------------------------------------------------
t/05-find_device_if.t    0    10    11   18  3-11
Failed 1/1 test scripts. 9/11 subtests failed.
Files=1, Tests=11,  1 wallclock secs &#40; 0.10 cusr +  0.12 csys =  0.22 CPU&#41;
Failed 1/1 test programs. 9/11 subtests failed.


monk:~/projects/Device-USB-0.21 robert$ prove -Iblib -v t/06-list_devices.t   
t/06-list_devices....1..8
ok 1 - Object successfully created
ok 2 - Device::USB-&gt;can&#40;&#39;list_devices&#39;&#41;
dubious
        Test returned status 0 &#40;wstat 10, 0xa&#41;
DIED. FAILED tests 3-8
        Failed 6/8 tests, 25.00% okay
Failed Test         Stat Wstat Total Fail  List of Failed
-------------------------------------------------------------------------------
t/06-list_devices.t    0    10     8   12  3-8
Failed 1/1 test scripts. 6/8 subtests failed.
Files=1, Tests=8,  1 wallclock secs &#40; 0.10 cusr +  0.12 csys =  0.22 CPU&#41;
Failed 1/1 test programs. 6/8 subtests failed.


monk:~/projects/Device-USB-0.21 robert$ prove -Iblib -v t/07-list_devices_if.t 
t/07-list_devices_if....1..11
ok 1 - Object successfully created
ok 2 - Device::USB-&gt;can&#40;&#39;list_devices_if&#39;&#41;
ok 3 - Requires a predicate.
ok 4 - Requires a code reference.
dubious
        Test returned status 0 &#40;wstat 10, 0xa&#41;
DIED. FAILED tests 5-11
        Failed 7/11 tests, 36.36% okay
Failed Test            Stat Wstat Total Fail  List of Failed
-------------------------------------------------------------------------------
t/07-list_devices_if.t    0    10    11   14  5-11
Failed 1/1 test scripts. 7/11 subtests failed.
Files=1, Tests=11,  1 wallclock secs &#40; 0.10 cusr +  0.12 csys =  0.22 CPU&#41;
Failed 1/1 test programs. 7/11 subtests failed.


monk:~/projects/Device-USB-0.21 robert$ prove -Iblib -v t/08-get_busses.t       
t/08-get_busses....ok 1 - Object successfully created
ok 2 - Device::USB-&gt;can&#40;&#39;get_busses&#39;&#41;
dubious
        Test returned status 0 &#40;wstat 10, 0xa&#41;
FAILED--1 test script could be run, alas--no output ever seen


monk:~/projects/Device-USB-0.21 robert$ prove -Iblib -v t/08-get_busses.t 
t/08-get_busses....ok 1 - Object successfully created
ok 2 - Device::USB-&gt;can&#40;&#39;get_busses&#39;&#41;
dubious
        Test returned status 0 &#40;wstat 10, 0xa&#41;
FAILED--1 test script could be run, alas--no output ever seen


monk:~/projects/Device-USB-0.21 robert$ prove -Iblib -v t/09-usb-bus.t    
t/09-usb-bus....ok 1 - Object successfully created
dubious
        Test returned status 0 &#40;wstat 10, 0xa&#41;
FAILED--1 test script could be run, alas--no output ever seen
</div></div>
    </div>
</div>
</div>
<div class="ticket-transaction message Correspond even">
<div class="ticket-transaction">
  <div class="metadata">
    <span class="type">
      &nbsp;      
    </span>
    <span class="date">Tue&nbsp;May&nbsp;27&nbsp;17:36:04&nbsp;2008</span>
    <span class="description">perl [...] rainboxx.de -  Correspondence added</span>
    <span class="time-taken"></span>    <span class="actions hidden"></span>
  </div>
    <div class="content">
      
<table>
  <tr>
    <td align="right" class="message-header-key">From:</td>
    <td class="message-header-value"> perl [...] rainboxx.de</td>
  </tr>
</table>

<div class="messagebody">
<div class="message-stanza plain-text-white-space">Is there already a solution which is not posted here?  I jave the same problem with the newest 
MacOS X on a MacBook Air.  If I run the script dump_usb.pl without parameters &#40;just for testing&#41; 
it says &#34;Bus error&#34;.  Nothing more.

I appreciate any kind of help to resolve this issue!

Best regards
</div></div>
    </div>
</div>
</div>
<div class="ticket-transaction message Correspond odd">
<div class="ticket-transaction">
  <div class="metadata">
    <span class="type">
      &nbsp;      
    </span>
    <span class="date">Tue&nbsp;May&nbsp;27&nbsp;22:13:10&nbsp;2008</span>
    <span class="description">cpan.wade [...] anomaly.org -  Correspondence added</span>
    <span class="time-taken"></span>    <span class="actions hidden"></span>
  </div>
    <div class="content">
      
<table>
  <tr>
    <td align="right" class="message-header-key">From:</td>
    <td class="message-header-value"> wade [...] anomaly.org</td>
  </tr>
</table>

<div class="messagebody">
<div class="message-stanza plain-text-white-space">On Tue May 27 17:36:04 2008, MDIETRICH wrote:
<span
    class="message-stanza-folder closed"
    onclick="fold_message_stanza(this, 'Show\x20quoted\x20text', 'Hide\x20quoted\x20text');">Show quoted text</span><br /><div class="message-stanza closed">&gt; Is there already a solution which is not posted here?  I jave the same
&gt; problem with the newest
&gt; MacOS X on a MacBook Air.  If I run the script dump_usb.pl without
&gt; parameters &#40;just for testing&#41;
&gt; it says &#34;Bus error&#34;.  Nothing more.
</div>
The person who reported the problem brought his laptop to a user group
meeting and we attempted to debug it there. After working on it for a
while, we discovered a problem with the libusb library installed on the
system.

I&#39;ll contact him to see if he ever resolved the problem and get back
with you.

G. Wade
</div></div>
    </div>
</div>
</div>
<div class="ticket-transaction message Correspond even">
<div class="ticket-transaction">
  <div class="metadata">
    <span class="type">
      &nbsp;      
    </span>
    <span class="date">Thu&nbsp;Mar&nbsp;26&nbsp;23:58:18&nbsp;2009</span>
    <span class="description">cpan.wade [...] anomaly.org -  Correspondence added</span>
    <span class="time-taken"></span>    <span class="actions hidden"></span>
  </div>
    <div class="content">
      

<div class="messagebody">
<div class="message-stanza plain-text-white-space">We have had some luck with Mac OSX. The main issue appears to be the
libusb that comes installed is not compatible.

The trick appears to be to go to libusb at SourceForge and get the
latest version from Subversion or CVS. Follow the instructions to
compile libusb.

Device::USB should now install without any difficulty.
</div></div>
    </div>
</div>
</div>
<div class="ticket-transaction basics Status odd">
<div class="ticket-transaction">
  <div class="metadata">
    <span class="type">
      &nbsp;      
    </span>
    <span class="date">Thu&nbsp;Mar&nbsp;26&nbsp;23:58:20&nbsp;2009</span>
    <span class="description">cpan.wade [...] anomaly.org -  Status changed from &#39;open&#39; to &#39;resolved&#39;</span>
    <span class="time-taken"></span>    <span class="actions hidden"></span>
  </div>
    <div class="content">
    </div>
</div>
</div>
</div>
    <hr class="clear" />
  </div>
</div>




</div>
 


  <hr class="clear" />
</div>
</body>
</html>
