<!DOCTYPE html>

<html lang="en">
  <head>
    <title>Bug #26469 for DBI-Shell: func.t does not work with perl-5.8.8 and latest modules &#40;in 11.94&#41;</title>
    <meta http-equiv="X-UA-Compatible" content="IE=edge" />
    <!-- The X-UA-Compatible <meta> tag above must be very early in <head> -->

    <script>
if (window.top !== window.self) {
    document.write = "";

    window.top.location = window.self.location;

    setTimeout(function(){
        document.body.innerHTML = "";
    }, 1);

    window.self.onload = function(){
        document.body.innerHTML = "";
    };
}
</script>



<link rel="shortcut icon" href="/NoAuth/images/favicon.png" type="image/png" />
<link rel="stylesheet" href="/NoAuth/css/aileron-squished-00f758259152f8b6670ee485f462e6b8.css" type="text/css" media="all" />
<link rel="stylesheet" href="/NoAuth/css/print.css" type="text/css" media="print" />




<script type="text/javascript" src="/NoAuth/js/squished-42167f2409ce368da2d31038e5cb2a57.js"></script>

<script type="text/javascript"><!--
	jQuery( loadTitleBoxStates );

--></script>


<!--[if lt IE 8]>
<link rel="stylesheet" href="/NoAuth/css/aileron/msie.css" type="text/css" media="all" />
<![endif]-->
<!--[if lt IE 7]>
<link rel="stylesheet" href="/NoAuth/css/aileron/msie6.css" type="text/css" media="all" />
<![endif]-->
<script type="text/javascript">
jQuery(document).ready(function(){
    jQuery.fn.supersubs.defaults = {
        maxWidth: 30,
        extraWidth: 2
    };

    jQuery("#app-nav.toplevel").addClass('sf-menu sf-js-enabled sf-shadow').supersubs().superfish({ speed: 'fast' });
    jQuery("#page-menu.toplevel").addClass('sf-menu sf-js-enabled').supersubs().superfish({ dropShadows: false, speed: 'fast' }).supposition();
});
</script>


<!-- Site CSS from theme editor -->
<style type="text/css" media="all" id="sitecss">
</style>

<meta name="google-site-verification" content="kD3-uEJK1AkTqaC-rckcSt_HPkAj674DPPuEN6i-y0g" />

</head>
  <body class="aileron sidebyside" id="comp-Public-Bug-Display">

<div id="logo">
<a href="/"><img
    src="/NoAuth/images/cpan.png"
    alt="CPAN"
    width="181"
    height="38" /></a>
    <span class="rtname">RT for rt.cpan.org</span>
</div>


<div id="quickbar">
  <div id="quick-personal">
    <span class="hide"><a href="#skipnav">Skip Menu</a> | </span>
</div>

</div>
<div id="header"><h1>Bug #26469 for DBI-Shell: func.t does not work with perl-5.8.8 and latest modules &#40;in 11.94&#41;</h1></div>



<div id="page-navigation"><ul id="page-menu" class="toplevel">
 <li id="li-page-active_bugs"><a id="page-active_bugs" class="menu-item " href="/Public/Dist/DBI-Shell/Active/">Active bugs</a></li>
 <li id="li-page-resolved_bugs"><a id="page-resolved_bugs" class="menu-item " href="/Public/Dist/DBI-Shell/Resolved/">Resolved bugs</a></li>
 <li id="li-page-rejected_bugs"><a id="page-rejected_bugs" class="menu-item " href="/Public/Dist/DBI-Shell/Rejected/">Rejected bugs</a></li>
 <li id="li-page-report"><a id="page-report" class="menu-item " href="/Public/Dist/DBI-Shell/Active/"></a></li>
</ul></div>
<div id="topactions">



</div>
<div id="body">


<a name="skipnav" id="skipnav" accesskey="8"></a>





<p>This queue is for tickets about the <a href="https://metacpan.org/release/DBI-Shell">DBI-Shell CPAN distribution</a>.</p>





<div class="">
  <div class="titlebox" id="">
  <div class="titlebox-title">
    <span class="widget"><a href="#" onclick="return rollup('TitleBox\x2D\x2D\x5FPublic\x5FBug\x5FDisplay\x5Fhtml\x2D\x2D\x2D\x2D\x2D\x2DUmVwb3J0IGluZm9ybWF0aW9u\x2D\x2D\x2D0');" title="Toggle visibility"></a></span>
    <span class="left">Report information</span>
    <span class="right-empty">		    </span>
  </div>
  <div class="titlebox-content " id="TitleBox--_Public_Bug_Display_html------UmVwb3J0IGluZm9ybWF0aW9u---0">


<table width="100%" class="ticket-summary">
<tr>
  <td valign="top" class="boxcontainer">
    <div class="ticket-info-basics">
  <div class="titlebox ticket-info-basics " id="">
  <div class="titlebox-title">
    <span class="widget"><a href="#" onclick="return rollup('TitleBox\x2D\x2D\x5FPublic\x5FBug\x5FDisplay\x5Fhtml\x2D\x2Dticket\x2Dinfo\x2Dbasics\x2D\x2D\x2D\x2DVGhlIEJhc2ljcw\x5F\x5F\x2D\x2D\x2D0');" title="Toggle visibility"></a></span>
    <span class="left">The Basics</span>
    <span class="right-empty">		    </span>
  </div>
  <div class="titlebox-content " id="TitleBox--_Public_Bug_Display_html--ticket-info-basics----VGhlIEJhc2ljcw__---0">


        <table>
  <tr class="id">
    <td class="label">Id:</td>
    <td class="value">26469</td>
  </tr>
  <tr class="status">
    <td class="label">Status:</td>
    <td class="value">resolved</td>
  </tr>
  <tr class="priority">
    <td class="label">Priority:</td>
    <td class="value">0/
</td>
  </tr>
  <tr class="queue">
    <td class="label">Queue:</td>
    <td class="value"><a href="/Public/Dist/DBI-Shell/Active/">DBI-Shell</a>
</td>
  </tr>
</table>

        <hr class="clear" />
  </div>
</div>




</div>


    <div class="ticket-info-people">
  <div class="titlebox ticket-info-people " id="">
  <div class="titlebox-title">
    <span class="widget"><a href="#" onclick="return rollup('TitleBox\x2D\x2D\x5FPublic\x5FBug\x5FDisplay\x5Fhtml\x2D\x2Dticket\x2Dinfo\x2Dpeople\x2D\x2D\x2D\x2DUGVvcGxl\x2D\x2D\x2D0');" title="Toggle visibility"></a></span>
    <span class="left">People</span>
    <span class="right-empty">		    </span>
  </div>
  <div class="titlebox-content " id="TitleBox--_Public_Bug_Display_html--ticket-info-people----UGVvcGxl---0">


        <table>
  <tr>
    <td class="label">Owner:</td>
    <td class="value">talowery [...] gmail.com
    
    </td>
  </tr>
  <tr>
    <td class="labeltop">Requestors:</td>
    <td class="value">
Marek.Rouchal [...] gmx.net

<br />

</td>
  </tr>
  <tr>
    <td class="labeltop">Cc:</td>
    <td class="value">

</td>
  </tr>
  <tr>
    <td class="labeltop">AdminCc:</td>
    <td class="value">

</td>
  </tr>
</table>

        <hr class="clear" />
  </div>
</div>




</div>



  </td>
  <td valign="top" class="boxcontainer">
    
    <div class="ticket-info-cfs">
  <div class="titlebox ticket-info-cfs " id="">
  <div class="titlebox-title">
    <span class="widget"><a href="#" onclick="return rollup('TitleBox\x2D\x2D\x5FPublic\x5FBug\x5FDisplay\x5Fhtml\x2D\x2Dticket\x2Dinfo\x2Dcfs\x2D\x2D\x2D\x2DQnVnIEluZm9ybWF0aW9u\x2D\x2D\x2D0');" title="Toggle visibility"></a></span>
    <span class="left">Bug Information</span>
    <span class="right-empty">		    </span>
  </div>
  <div class="titlebox-content " id="TitleBox--_Public_Bug_Display_html--ticket-info-cfs----QnVnIEluZm9ybWF0aW9u---0">

 
        <table>
  <tr id="CF-1-ShowRow">
    <td class="label">Severity:</td>
    <td class="value">
Critical    </td>
  </tr>
  <tr id="CF-10342-ShowRow">
    <td class="label">Broken in:</td>
    <td class="value">
<i>(no value)</i>
    </td>
  </tr>
  <tr id="CF-10343-ShowRow">
    <td class="label">Fixed in:</td>
    <td class="value">
11.95    </td>
  </tr>
</table>


        <hr class="clear" />
  </div>
</div>




</div>


    




  </td>
</tr>
</table>

    <hr class="clear" />
  </div>
</div>




</div>


<br />


<div class="history">
<div class="titlebox" id="">
  <div class="titlebox-title">
    <span class="widget"><a href="#" onclick="return rollup('TitleBox\x2D\x2D\x5FPublic\x5FBug\x5FDisplay\x5Fhtml\x2D\x2D\x2D\x2D\x2D\x2DSGlzdG9yeQ\x5F\x5F\x2D\x2D\x2D0');" title="Toggle visibility"></a></span>
    <span class="left">History</span>
    <span class="right">		<a href="#" data-direction="open" onclick="return toggle_all_folds(this, 'Show\x20all\x20quoted\x20text', 'Hide\x20all\x20quoted\x20text');">Show all quoted text</a>    </span>
  </div>
  <div class="titlebox-content " id="TitleBox--_Public_Bug_Display_html------SGlzdG9yeQ__---0">


<div id="ticket-history">
<div class="ticket-transaction message Create odd">
<div class="ticket-transaction">
  <div class="metadata">
    <span class="type">
      &nbsp;      
    </span>
    <span class="date">Wed&nbsp;Apr&nbsp;18&nbsp;04:23:47&nbsp;2007</span>
    <span class="description">Marek.Rouchal [...] gmx.net -  Ticket created</span>
    <span class="time-taken"></span>    <span class="actions hidden"></span>
  </div>
    <div class="content">
      
<table>
  <tr>
    <td align="right" class="message-header-key">Subject:</td>
    <td class="message-header-value"> func.t does not work with perl-5.8.8 and latest modules &#40;in 11.94&#41;</td>
  </tr>
</table>

<div class="messagebody">
<div class="message-stanza plain-text-white-space">This is to report a test failure of DBI-Shell-11.94 on perl-5.8.8, 
Solaris 8 &#40;Sparc&#41;, built with gcc-4.0.3 and latest module versions 
from CPAN &#40;DBI: 1.54&#41;. The func.t shows test failures, see details 
below. Please let me know if you need any additional details to fix 
the problem; sorry, but myself I do not know DBI well enough to fix it 
myself and provide a patch - I am &#34;just maintaining&#34; our company-wide 
Perl installation...

Cheers,

Marek


$ prove -b -v t/func.t
t/func....1..50
ok 1 - use DBI::Shell;
ok 2 - Connection
ok 3 - Testing Ping
ok 4 - Ping Tested
ok 5 - Call to get_info with 0 arguements, error expected: DBI 
get_info: invalid number of arguments: got handle + 0, expected handle 
+ between 1 and 1
# Usage: $h-&gt;get_info&#40;$info_type&#41; at t/func.t line 60.
# 
ok 6 - table_info tested
not ok 7 - column_info tested

#   Failed test &#39;column_info tested&#39;
#   at t/func.t line 76.
ok 8 - tables tested
ok 9 - type_info_all tested
ok 10 - type_info&#40;undef&#41;
Use of uninitialized value in concatenation &#40;.&#41; or string at t/func.t 
line 108.
ok 11 - quote error expected, DBI quote: invalid number of arguments: 
got handle + 0, expected handle + between 1 and 2
# Usage: $h-&gt;quote&#40;$string [, $data_type ]&#41; at t/func.t line 105.
#  
ok 12 - 0: quote on 1 returned &#39;1&#39;
ok 13 - 1: quote on 2 returned &#39;2&#39;
Use of uninitialized value in concatenation &#40;.&#41; or string at t/func.t 
line 116.
ok 14 - 2: quote on  returned NULL
ok 15 - 3: quote on NULL returned &#39;NULL&#39;
ok 16 - 4: quote on ThisIsAString returned &#39;ThisIsAString&#39;
ok 17 - 5: quote on This is Another String returned &#39;This is Another 
String&#39;
ok 18 - quote&#40;1, SQL_INTEGER&#41;
Use of uninitialized value in concatenation &#40;.&#41; or string at t/func.t 
line 127.
ok 19 - quote_identifier error expected DBI quote_identifier: invalid 
number of arguments: got handle + 0, expected handle + between 1 and 5
# Usage: $h-&gt;quote_identifier&#40;$name [, ...] [, \%attr ]&#41; at t/func.t 
line 124.
#  
ok 20 - quote_identifier&#40; &#34;link&#34;, &#34;schema&#34;, &#34;table&#34; &#41;
ok 21 - Ping the current connection ...
ok 22 - get_info&#40;SQL_CATALOG_LOCATION&#41; &#40;114&#41; 1
ok 23 - get_info&#40;SQL_CATALOG_NAME_SEPARATOR&#41; &#40;41&#41; .
Use of uninitialized value in concatenation &#40;.&#41; or string at t/func.t 
line 162.
not ok 24 - get_info&#40;SQL_DBMS_NAME&#41; &#40;17&#41; 

#   Failed test &#39;get_info&#40;SQL_DBMS_NAME&#41; &#40;17&#41; &#39;
#   at t/func.t line 162.
Use of uninitialized value in concatenation &#40;.&#41; or string at t/func.t 
line 162.
not ok 25 - get_info&#40;SQL_DBMS_VER&#41; &#40;18&#41; 

#   Failed test &#39;get_info&#40;SQL_DBMS_VER&#41; &#40;18&#41; &#39;
#   at t/func.t line 162.
ok 26 - get_info&#40;SQL_IDENTIFIER_QUOTE_CHAR&#41; &#40;29&#41; &#34;
ok 27 - table_info&#40;undef, undef, undef&#41; tested
&#39;.&#39;, undef, &#39;.&#39;, &#39;TABLE&#39;, undef
&#39;.&#39;, undef, &#39;..&#39;, &#39;TABLE&#39;, undef
&#39;.&#39;, undef, &#39;lib&#39;, &#39;TABLE&#39;, undef
&#39;.&#39;, undef, &#39;t&#39;, &#39;TABLE&#39;, undef
&#39;.&#39;, undef, &#39;blib&#39;, &#39;TABLE&#39;, undef
5 rows
ok 28 - table_info&#40;undef, undef, undef, &#34;VIEW&#34;&#41; tested
undef, &#39;schema&#39;, &#39;table&#39;, &#39;VIEW&#39;, undef
undef, &#39;sch-ema&#39;, &#39;table&#39;, &#39;VIEW&#39;, undef
undef, &#39;schema&#39;, &#39;ta-ble&#39;, &#39;VIEW&#39;, undef
undef, &#39;sch ema&#39;, &#39;table&#39;, &#39;VIEW&#39;, undef
undef, &#39;schema&#39;, &#39;ta ble&#39;, &#39;VIEW&#39;, undef
5 rows
DBD::ExampleP::db table_info failed: Failed to open directory %: No 
such file or directory at t/func.t line 177.
not ok 29 - table_info&#40;&#39;%&#39;, &#39;&#39;, &#39;&#39;,&#41; tested

#   Failed test &#39;table_info&#40;&#39;%&#39;, &#39;&#39;, &#39;&#39;,&#41; tested&#39;
#   at t/func.t line 178.
ok 30 - table_info&#40;&#39;&#39;, &#39;%&#39;, &#39;&#39;,&#41; tested
&#39;.&#39;, undef, &#39;.&#39;, &#39;TABLE&#39;, undef
&#39;.&#39;, undef, &#39;..&#39;, &#39;TABLE&#39;, undef
&#39;.&#39;, undef, &#39;lib&#39;, &#39;TABLE&#39;, undef
&#39;.&#39;, undef, &#39;t&#39;, &#39;TABLE&#39;, undef
&#39;.&#39;, undef, &#39;blib&#39;, &#39;TABLE&#39;, undef
5 rows
ok 31 - table_info&#40;&#39;&#39;, &#39;&#39;, &#39;&#39;, &#39;%&#39;,&#41; tested

0 rows
ok 32 - table_info&#40;&#39;&#39;, &#39;&#39;, &#39;&#39;, &#39;%&#39;,&#41; tested
not ok 33 - column_info&#40;undef, undef, undef, undef&#41; tested

#   Failed test &#39;column_info&#40;undef, undef, undef, undef&#41; tested&#39;
#   at t/func.t line 211.
ok 34 - Call to primary_key_info with 0 arguements, error expected: 
DBI primary_key_info: invalid number of arguments: got handle + 0, 
expected handle + between 3 and 4
# Usage: $h-&gt;primary_key_info&#40;$catalog, $schema, $table [, \%attr ]&#41; 
at t/func.t line 222.
# 
ok 35 - Call to primary_key with 0 arguements, error expected: DBI 
primary_key: invalid number of arguments: got handle + 0, expected 
handle + between 3 and 4
# Usage: $h-&gt;primary_key&#40;$catalog, $schema, $table [, \%attr ]&#41; at 
t/func.t line 230.
# 
not ok 36 - Call dbh-&gt;primary_key_info&#40;&#41; ... 

#   Failed test &#39;Call dbh-&gt;primary_key_info&#40;&#41; ... &#39;
#   at t/func.t line 240.
not ok 37 - Statement handle defined for primary_key_info&#40;&#41;

#   Failed test &#39;Statement handle defined for primary_key_info&#40;&#41;&#39;
#   at t/func.t line 241.
not ok 38 - Call dbh-&gt;primary_key_info&#40;&#41; ... no error message

#   Failed test &#39;Call dbh-&gt;primary_key_info&#40;&#41; ... no error message&#39;
#   at t/func.t line 256.
not ok 39 - Statement handle defined for primary_key_info&#40;&#41;

#   Failed test &#39;Statement handle defined for primary_key_info&#40;&#41;&#39;
#   at t/func.t line 258.
Can&#39;t call method &#34;fetchrow_array&#34; on an undefined value at t/func.t 
line 263.
# Looks like you planned 50 tests but only ran 39.
# Looks like you failed 9 tests of 39 run.
# Looks like your test died just after 39.
dubious
        Test returned status 255 &#40;wstat 65280, 0xff00&#41;
DIED. FAILED tests 7, 24-25, 29, 33, 36-50
        Failed 20/50 tests, 60.00% okay
Failed Test Stat Wstat Total Fail  List of Failed
-----------------------------------------------------------------------
---------------------------------
t/func.t     255 65280    50   31  7 24-25 29 33 36-50
Failed 1/1 test scripts. 20/50 subtests failed.
Files=1, Tests=50,  0 wallclock secs &#40; 0.21 cusr +  0.03 csys =  0.24 
CPU&#41;
Failed 1/1 test programs. 20/50 subtests failed.
</div></div>
    </div>
</div>
</div>
<div class="ticket-transaction people Take even">
<div class="ticket-transaction">
  <div class="metadata">
    <span class="type">
      &nbsp;      
    </span>
    <span class="date">Sat&nbsp;Apr&nbsp;21&nbsp;18:48:22&nbsp;2007</span>
    <span class="description">talowery [...] gmail.com -  Taken</span>
    <span class="time-taken"></span>    <span class="actions hidden"></span>
  </div>
    <div class="content">
    </div>
</div>
</div>
<div class="ticket-transaction message Correspond odd">
<div class="ticket-transaction">
  <div class="metadata">
    <span class="type">
      &nbsp;      
    </span>
    <span class="date">Sun&nbsp;Sep&nbsp;02&nbsp;18:51:24&nbsp;2007</span>
    <span class="description">grousse [...] cpan.org -  Correspondence added</span>
    <span class="time-taken"></span>    <span class="actions hidden"></span>
  </div>
    <div class="content">
      

<div class="messagebody">
<div class="message-stanza plain-text-white-space">Le Mer. Avr. 18 04:23:47 2007, MAREKR a Ã©crit :
<span
    class="message-stanza-folder closed"
    onclick="fold_message_stanza(this, 'Show\x20quoted\x20text', 'Hide\x20quoted\x20text');">Show quoted text</span><br /><div class="message-stanza closed">&gt; This is to report a test failure of DBI-Shell-11.94 on perl-5.8.8, 
&gt; Solaris 8 &#40;Sparc&#41;, built with gcc-4.0.3 and latest module versions 
&gt; from CPAN &#40;DBI: 1.54&#41;.
</div>Same issue on Mandriva Linux, with DBI 1.59 and perl 5.8.8.
</div></div>
    </div>
</div>
</div>
<div class="ticket-transaction basics Status even">
<div class="ticket-transaction">
  <div class="metadata">
    <span class="type">
      &nbsp;      
    </span>
    <span class="date">Sun&nbsp;Sep&nbsp;02&nbsp;18:51:26&nbsp;2007</span>
    <span class="description">The RT System itself -  Status changed from &#39;new&#39; to &#39;open&#39;</span>
    <span class="time-taken"></span>    <span class="actions hidden"></span>
  </div>
    <div class="content">
    </div>
</div>
</div>
<div class="ticket-transaction message Correspond odd">
<div class="ticket-transaction">
  <div class="metadata">
    <span class="type">
      &nbsp;      
    </span>
    <span class="date">Wed&nbsp;Sep&nbsp;26&nbsp;02:37:13&nbsp;2007</span>
    <span class="description">ANDK [...] cpan.org -  Correspondence added</span>
    <span class="time-taken"></span>    <span class="actions hidden"></span>
  </div>
    <div class="content">
      

<div class="messagebody">
<div class="message-stanza plain-text-white-space">Downgrading to TLOWERY/DBI-Shell-11.93.tar.gz seems to work.

The cpantesters page shows that 11.94 has never worked:

<span class="clickylink"><a target="new" rel="nofollow" href="http://cpantesters.perl.org/show/DBI-Shell.html">http://cpantesters.perl.org/show/DBI-Shell.html</a></span>
</div></div>
    </div>
</div>
</div>
<div class="ticket-transaction message Correspond even">
<div class="ticket-transaction">
  <div class="metadata">
    <span class="type">
      &nbsp;      
    </span>
    <span class="date">Tue&nbsp;Dec&nbsp;04&nbsp;13:41:22&nbsp;2007</span>
    <span class="description">http://openid.aol.com/nitricjerksud -  Correspondence added</span>
    <span class="time-taken"></span>    <span class="actions hidden"></span>
  </div>
    <div class="content">
      

<div class="messagebody">
<div class="message-stanza plain-text-white-space">Also fails similarly on AIX 5.3.
</div></div>
    </div>
</div>
</div>
<div class="ticket-transaction message Correspond odd">
<div class="ticket-transaction">
  <div class="metadata">
    <span class="type">
      &nbsp;      
    </span>
    <span class="date">Thu&nbsp;Feb&nbsp;07&nbsp;20:18:10&nbsp;2008</span>
    <span class="description">JACOB [...] cpan.org -  Correspondence added</span>
    <span class="time-taken"></span>    <span class="actions hidden"></span>
  </div>
    <div class="content">
      
<table>
  <tr>
    <td align="right" class="message-header-key">From:</td>
    <td class="message-header-value"> JACOB [...] cpan.org</td>
  </tr>
</table>

<div class="messagebody">
<div class="message-stanza plain-text-white-space">On Wed Sep 26 02:37:13 2007, ANDK wrote:

<span
    class="message-stanza-folder closed"
    onclick="fold_message_stanza(this, 'Show\x20quoted\x20text', 'Hide\x20quoted\x20text');">Show quoted text</span><br /><div class="message-stanza closed">&gt; Downgrading to TLOWERY/DBI-Shell-11.93.tar.gz seems to work.
</div>
No need to downgrade, there are only two changes between 11.93 and
11.94: #1 is an added eval{} and #2 is that the func.t test is not
skipped but executed.

So just force the installation...
</div></div>
    </div>
</div>
</div>
<div class="ticket-transaction message Correspond even">
<div class="ticket-transaction">
  <div class="metadata">
    <span class="type">
      &nbsp;      
    </span>
    <span class="date">Fri&nbsp;Nov&nbsp;08&nbsp;19:31:57&nbsp;2019</span>
    <span class="description">DLAMBLEY [...] cpan.org -  Correspondence added</span>
    <span class="time-taken"></span>    <span class="actions hidden"></span>
  </div>
    <div class="content">
      

<div class="messagebody">
<div class="message-stanza plain-text-white-space">On Wed Apr 18 04:23:47 2007, MAREKR wrote:
<span
    class="message-stanza-folder closed"
    onclick="fold_message_stanza(this, 'Show\x20quoted\x20text', 'Hide\x20quoted\x20text');">Show quoted text</span><br /><div class="message-stanza closed">&gt; This is to report a test failure of DBI-Shell-11.94 on perl-5.8.8, 
&gt; Solaris 8 &#40;Sparc&#41;, built with gcc-4.0.3 and latest module versions 
&gt; from CPAN &#40;DBI: 1.54&#41;. The func.t shows test failures, see details 
&gt; below. Please let me know if you need any additional details to fix 
&gt; the problem; sorry, but myself I do not know DBI well enough to fix it 
&gt; myself and provide a patch - I am &#34;just maintaining&#34; our company-wide 
&gt; Perl installation...
&gt; 
&gt; Cheers,
&gt; 
&gt; Marek
&gt; 
&gt; 
&gt; $ prove -b -v t/func.t
&gt; t/func....1..50
&gt; ok 1 - use DBI::Shell;
&gt; ok 2 - Connection
&gt; ok 3 - Testing Ping
&gt; ok 4 - Ping Tested
&gt; ok 5 - Call to get_info with 0 arguements, error expected: DBI 
&gt; get_info: invalid number of arguments: got handle + 0, expected handle 
&gt; + between 1 and 1
&gt; # Usage: $h-&gt;get_info&#40;$info_type&#41; at t/func.t line 60.
&gt; # 
&gt; ok 6 - table_info tested
&gt; not ok 7 - column_info tested
&gt; 
&gt; #   Failed test &#39;column_info tested&#39;
&gt; #   at t/func.t line 76.
&gt; ok 8 - tables tested
&gt; ok 9 - type_info_all tested
&gt; ok 10 - type_info&#40;undef&#41;
&gt; Use of uninitialized value in concatenation &#40;.&#41; or string at t/func.t 
&gt; line 108.
&gt; ok 11 - quote error expected, DBI quote: invalid number of arguments: 
&gt; got handle + 0, expected handle + between 1 and 2
&gt; # Usage: $h-&gt;quote&#40;$string [, $data_type ]&#41; at t/func.t line 105.
&gt; #  
&gt; ok 12 - 0: quote on 1 returned &#39;1&#39;
&gt; ok 13 - 1: quote on 2 returned &#39;2&#39;
&gt; Use of uninitialized value in concatenation &#40;.&#41; or string at t/func.t 
&gt; line 116.
&gt; ok 14 - 2: quote on  returned NULL
&gt; ok 15 - 3: quote on NULL returned &#39;NULL&#39;
&gt; ok 16 - 4: quote on ThisIsAString returned &#39;ThisIsAString&#39;
&gt; ok 17 - 5: quote on This is Another String returned &#39;This is Another 
&gt; String&#39;
&gt; ok 18 - quote&#40;1, SQL_INTEGER&#41;
&gt; Use of uninitialized value in concatenation &#40;.&#41; or string at t/func.t 
&gt; line 127.
&gt; ok 19 - quote_identifier error expected DBI quote_identifier: invalid 
&gt; number of arguments: got handle + 0, expected handle + between 1 and 5
&gt; # Usage: $h-&gt;quote_identifier&#40;$name [, ...] [, \%attr ]&#41; at t/func.t 
&gt; line 124.
&gt; #  
&gt; ok 20 - quote_identifier&#40; &#34;link&#34;, &#34;schema&#34;, &#34;table&#34; &#41;
&gt; ok 21 - Ping the current connection ...
&gt; ok 22 - get_info&#40;SQL_CATALOG_LOCATION&#41; &#40;114&#41; 1
&gt; ok 23 - get_info&#40;SQL_CATALOG_NAME_SEPARATOR&#41; &#40;41&#41; .
&gt; Use of uninitialized value in concatenation &#40;.&#41; or string at t/func.t 
&gt; line 162.
&gt; not ok 24 - get_info&#40;SQL_DBMS_NAME&#41; &#40;17&#41; 
&gt; 
&gt; #   Failed test &#39;get_info&#40;SQL_DBMS_NAME&#41; &#40;17&#41; &#39;
&gt; #   at t/func.t line 162.
&gt; Use of uninitialized value in concatenation &#40;.&#41; or string at t/func.t 
&gt; line 162.
&gt; not ok 25 - get_info&#40;SQL_DBMS_VER&#41; &#40;18&#41; 
&gt; 
&gt; #   Failed test &#39;get_info&#40;SQL_DBMS_VER&#41; &#40;18&#41; &#39;
&gt; #   at t/func.t line 162.
&gt; ok 26 - get_info&#40;SQL_IDENTIFIER_QUOTE_CHAR&#41; &#40;29&#41; &#34;
&gt; ok 27 - table_info&#40;undef, undef, undef&#41; tested
&gt; &#39;.&#39;, undef, &#39;.&#39;, &#39;TABLE&#39;, undef
&gt; &#39;.&#39;, undef, &#39;..&#39;, &#39;TABLE&#39;, undef
&gt; &#39;.&#39;, undef, &#39;lib&#39;, &#39;TABLE&#39;, undef
&gt; &#39;.&#39;, undef, &#39;t&#39;, &#39;TABLE&#39;, undef
&gt; &#39;.&#39;, undef, &#39;blib&#39;, &#39;TABLE&#39;, undef
&gt; 5 rows
&gt; ok 28 - table_info&#40;undef, undef, undef, &#34;VIEW&#34;&#41; tested
&gt; undef, &#39;schema&#39;, &#39;table&#39;, &#39;VIEW&#39;, undef
&gt; undef, &#39;sch-ema&#39;, &#39;table&#39;, &#39;VIEW&#39;, undef
&gt; undef, &#39;schema&#39;, &#39;ta-ble&#39;, &#39;VIEW&#39;, undef
&gt; undef, &#39;sch ema&#39;, &#39;table&#39;, &#39;VIEW&#39;, undef
&gt; undef, &#39;schema&#39;, &#39;ta ble&#39;, &#39;VIEW&#39;, undef
&gt; 5 rows
&gt; DBD::ExampleP::db table_info failed: Failed to open directory %: No 
&gt; such file or directory at t/func.t line 177.
&gt; not ok 29 - table_info&#40;&#39;%&#39;, &#39;&#39;, &#39;&#39;,&#41; tested
&gt; 
&gt; #   Failed test &#39;table_info&#40;&#39;%&#39;, &#39;&#39;, &#39;&#39;,&#41; tested&#39;
&gt; #   at t/func.t line 178.
&gt; ok 30 - table_info&#40;&#39;&#39;, &#39;%&#39;, &#39;&#39;,&#41; tested
&gt; &#39;.&#39;, undef, &#39;.&#39;, &#39;TABLE&#39;, undef
&gt; &#39;.&#39;, undef, &#39;..&#39;, &#39;TABLE&#39;, undef
&gt; &#39;.&#39;, undef, &#39;lib&#39;, &#39;TABLE&#39;, undef
&gt; &#39;.&#39;, undef, &#39;t&#39;, &#39;TABLE&#39;, undef
&gt; &#39;.&#39;, undef, &#39;blib&#39;, &#39;TABLE&#39;, undef
&gt; 5 rows
&gt; ok 31 - table_info&#40;&#39;&#39;, &#39;&#39;, &#39;&#39;, &#39;%&#39;,&#41; tested
&gt; 
&gt; 0 rows
&gt; ok 32 - table_info&#40;&#39;&#39;, &#39;&#39;, &#39;&#39;, &#39;%&#39;,&#41; tested
&gt; not ok 33 - column_info&#40;undef, undef, undef, undef&#41; tested
&gt; 
&gt; #   Failed test &#39;column_info&#40;undef, undef, undef, undef&#41; tested&#39;
&gt; #   at t/func.t line 211.
&gt; ok 34 - Call to primary_key_info with 0 arguements, error expected: 
&gt; DBI primary_key_info: invalid number of arguments: got handle + 0, 
&gt; expected handle + between 3 and 4
&gt; # Usage: $h-&gt;primary_key_info&#40;$catalog, $schema, $table [, \%attr ]&#41; 
&gt; at t/func.t line 222.
&gt; # 
&gt; ok 35 - Call to primary_key with 0 arguements, error expected: DBI 
&gt; primary_key: invalid number of arguments: got handle + 0, expected 
&gt; handle + between 3 and 4
&gt; # Usage: $h-&gt;primary_key&#40;$catalog, $schema, $table [, \%attr ]&#41; at 
&gt; t/func.t line 230.
&gt; # 
&gt; not ok 36 - Call dbh-&gt;primary_key_info&#40;&#41; ... 
&gt; 
&gt; #   Failed test &#39;Call dbh-&gt;primary_key_info&#40;&#41; ... &#39;
&gt; #   at t/func.t line 240.
&gt; not ok 37 - Statement handle defined for primary_key_info&#40;&#41;
&gt; 
&gt; #   Failed test &#39;Statement handle defined for primary_key_info&#40;&#41;&#39;
&gt; #   at t/func.t line 241.
&gt; not ok 38 - Call dbh-&gt;primary_key_info&#40;&#41; ... no error message
&gt; 
&gt; #   Failed test &#39;Call dbh-&gt;primary_key_info&#40;&#41; ... no error message&#39;
&gt; #   at t/func.t line 256.
&gt; not ok 39 - Statement handle defined for primary_key_info&#40;&#41;
&gt; 
&gt; #   Failed test &#39;Statement handle defined for primary_key_info&#40;&#41;&#39;
&gt; #   at t/func.t line 258.
&gt; Can&#39;t call method &#34;fetchrow_array&#34; on an undefined value at t/func.t 
&gt; line 263.
&gt; # Looks like you planned 50 tests but only ran 39.
&gt; # Looks like you failed 9 tests of 39 run.
&gt; # Looks like your test died just after 39.
&gt; dubious
&gt;         Test returned status 255 &#40;wstat 65280, 0xff00&#41;
&gt; DIED. FAILED tests 7, 24-25, 29, 33, 36-50
&gt;         Failed 20/50 tests, 60.00% okay
&gt; Failed Test Stat Wstat Total Fail  List of Failed
&gt; -----------------------------------------------------------------------
&gt; ---------------------------------
&gt; t/func.t     255 65280    50   31  7 24-25 29 33 36-50
&gt; Failed 1/1 test scripts. 20/50 subtests failed.
&gt; Files=1, Tests=50,  0 wallclock secs &#40; 0.21 cusr +  0.03 csys =  0.24 
&gt; CPU&#41;
&gt; Failed 1/1 test programs. 20/50 subtests failed.
</div>
Is this still a problem? CPAN Testers shows 11.95 version working on Solaris.
</div></div>
    </div>
</div>
</div>
<div class="ticket-transaction basics Status odd">
<div class="ticket-transaction">
  <div class="metadata">
    <span class="type">
      &nbsp;      
    </span>
    <span class="date">Fri&nbsp;Nov&nbsp;08&nbsp;19:31:57&nbsp;2019</span>
    <span class="description">DLAMBLEY [...] cpan.org -  Status changed from &#39;open&#39; to &#39;stalled&#39;</span>
    <span class="time-taken"></span>    <span class="actions hidden"></span>
  </div>
    <div class="content">
    </div>
</div>
</div>
<div class="ticket-transaction message Correspond even">
<div class="ticket-transaction">
  <div class="metadata">
    <span class="type">
      &nbsp;      
    </span>
    <span class="date">Thu&nbsp;Aug&nbsp;20&nbsp;17:31:35&nbsp;2020</span>
    <span class="description">DLAMBLEY [...] cpan.org -  Correspondence added</span>
    <span class="time-taken"></span>    <span class="actions hidden"></span>
  </div>
    <div class="content">
      

<div class="messagebody">
<div class="message-stanza plain-text-white-space">On Fri Nov 08 19:31:57 2019, DLAMBLEY wrote:
<span
    class="message-stanza-folder closed"
    onclick="fold_message_stanza(this, 'Show\x20quoted\x20text', 'Hide\x20quoted\x20text');">Show quoted text</span><br /><div class="message-stanza closed">&gt; On Wed Apr 18 04:23:47 2007, MAREKR wrote:
<div class="message-stanza open">&gt; &gt; This is to report a test failure of DBI-Shell-11.94 on perl-5.8.8,
&gt; &gt; Solaris 8 &#40;Sparc&#41;, built with gcc-4.0.3 and latest module versions
&gt; &gt; from CPAN &#40;DBI: 1.54&#41;. The func.t shows test failures, see details
&gt; &gt; below. Please let me know if you need any additional details to fix
&gt; &gt; the problem; sorry, but myself I do not know DBI well enough to fix
&gt; &gt; it
&gt; &gt; myself and provide a patch - I am &#34;just maintaining&#34; our company-wide
&gt; &gt; Perl installation...
&gt; &gt;
&gt; &gt; Cheers,
&gt; &gt;
&gt; &gt; Marek
&gt; &gt;
&gt; &gt;
&gt; &gt; $ prove -b -v t/func.t
&gt; &gt; t/func....1..50
&gt; &gt; ok 1 - use DBI::Shell;
&gt; &gt; ok 2 - Connection
&gt; &gt; ok 3 - Testing Ping
&gt; &gt; ok 4 - Ping Tested
&gt; &gt;  ok 5 - Call to get_info with 0 arguements, error expected: DBI
&gt; &gt;  get_info: invalid number of arguments: got handle + 0, expected
&gt; &gt; handle
&gt; &gt; + between 1 and 1
&gt; &gt; # Usage: $h-&gt;get_info&#40;$info_type&#41; at t/func.t line 60.
&gt; &gt;  #
&gt; &gt; ok 6 - table_info tested
&gt; &gt; not ok 7 - column_info tested
&gt; &gt;
&gt; &gt; #   Failed test &#39;column_info tested&#39;
&gt; &gt; #   at t/func.t line 76.
&gt; &gt; ok 8 - tables tested
&gt; &gt; ok 9 - type_info_all tested
&gt; &gt; ok 10 - type_info&#40;undef&#41;
&gt; &gt;  Use of uninitialized value in concatenation &#40;.&#41; or string at
&gt; &gt; t/func.t
&gt; &gt; line 108.
&gt; &gt;  ok 11 - quote error expected, DBI quote: invalid number of
&gt; &gt; arguments:
&gt; &gt; got handle + 0, expected handle + between 1 and 2
&gt; &gt; # Usage: $h-&gt;quote&#40;$string [, $data_type ]&#41; at t/func.t line 105.
&gt; &gt;   #
&gt; &gt; ok 12 - 0: quote on 1 returned &#39;1&#39;
&gt; &gt; ok 13 - 1: quote on 2 returned &#39;2&#39;
&gt; &gt;  Use of uninitialized value in concatenation &#40;.&#41; or string at
&gt; &gt; t/func.t
&gt; &gt; line 116.
&gt; &gt; ok 14 - 2: quote on  returned NULL
&gt; &gt; ok 15 - 3: quote on NULL returned &#39;NULL&#39;
&gt; &gt; ok 16 - 4: quote on ThisIsAString returned &#39;ThisIsAString&#39;
&gt; &gt;  ok 17 - 5: quote on This is Another String returned &#39;This is Another
&gt; &gt; String&#39;
&gt; &gt; ok 18 - quote&#40;1, SQL_INTEGER&#41;
&gt; &gt;  Use of uninitialized value in concatenation &#40;.&#41; or string at
&gt; &gt; t/func.t
&gt; &gt; line 127.
&gt; &gt;  ok 19 - quote_identifier error expected DBI quote_identifier:
&gt; &gt; invalid
&gt; &gt; number of arguments: got handle + 0, expected handle + between 1 and
&gt; &gt; 5
&gt; &gt;  # Usage: $h-&gt;quote_identifier&#40;$name [, ...] [, \%attr ]&#41; at t/func.t
&gt; &gt; line 124.
&gt; &gt;   #
&gt; &gt; ok 20 - quote_identifier&#40; &#34;link&#34;, &#34;schema&#34;, &#34;table&#34; &#41;
&gt; &gt; ok 21 - Ping the current connection ...
&gt; &gt; ok 22 - get_info&#40;SQL_CATALOG_LOCATION&#41; &#40;114&#41; 1
&gt; &gt; ok 23 - get_info&#40;SQL_CATALOG_NAME_SEPARATOR&#41; &#40;41&#41; .
&gt; &gt;  Use of uninitialized value in concatenation &#40;.&#41; or string at
&gt; &gt; t/func.t
&gt; &gt; line 162.
&gt; &gt;  not ok 24 - get_info&#40;SQL_DBMS_NAME&#41; &#40;17&#41;
&gt; &gt;
&gt; &gt; #   Failed test &#39;get_info&#40;SQL_DBMS_NAME&#41; &#40;17&#41; &#39;
&gt; &gt; #   at t/func.t line 162.
&gt; &gt;  Use of uninitialized value in concatenation &#40;.&#41; or string at
&gt; &gt; t/func.t
&gt; &gt; line 162.
&gt; &gt;  not ok 25 - get_info&#40;SQL_DBMS_VER&#41; &#40;18&#41;
&gt; &gt;
&gt; &gt; #   Failed test &#39;get_info&#40;SQL_DBMS_VER&#41; &#40;18&#41; &#39;
&gt; &gt; #   at t/func.t line 162.
&gt; &gt; ok 26 - get_info&#40;SQL_IDENTIFIER_QUOTE_CHAR&#41; &#40;29&#41; &#34;
&gt; &gt; ok 27 - table_info&#40;undef, undef, undef&#41; tested
&gt; &gt; &#39;.&#39;, undef, &#39;.&#39;, &#39;TABLE&#39;, undef
&gt; &gt; &#39;.&#39;, undef, &#39;..&#39;, &#39;TABLE&#39;, undef
&gt; &gt; &#39;.&#39;, undef, &#39;lib&#39;, &#39;TABLE&#39;, undef
&gt; &gt; &#39;.&#39;, undef, &#39;t&#39;, &#39;TABLE&#39;, undef
&gt; &gt; &#39;.&#39;, undef, &#39;blib&#39;, &#39;TABLE&#39;, undef
&gt; &gt; 5 rows
&gt; &gt; ok 28 - table_info&#40;undef, undef, undef, &#34;VIEW&#34;&#41; tested
&gt; &gt; undef, &#39;schema&#39;, &#39;table&#39;, &#39;VIEW&#39;, undef
&gt; &gt; undef, &#39;sch-ema&#39;, &#39;table&#39;, &#39;VIEW&#39;, undef
&gt; &gt; undef, &#39;schema&#39;, &#39;ta-ble&#39;, &#39;VIEW&#39;, undef
&gt; &gt; undef, &#39;sch ema&#39;, &#39;table&#39;, &#39;VIEW&#39;, undef
&gt; &gt; undef, &#39;schema&#39;, &#39;ta ble&#39;, &#39;VIEW&#39;, undef
&gt; &gt; 5 rows
&gt; &gt;  DBD::ExampleP::db table_info failed: Failed to open directory %: No
&gt; &gt; such file or directory at t/func.t line 177.
&gt; &gt; not ok 29 - table_info&#40;&#39;%&#39;, &#39;&#39;, &#39;&#39;,&#41; tested
&gt; &gt;
&gt; &gt; #   Failed test &#39;table_info&#40;&#39;%&#39;, &#39;&#39;, &#39;&#39;,&#41; tested&#39;
&gt; &gt; #   at t/func.t line 178.
&gt; &gt; ok 30 - table_info&#40;&#39;&#39;, &#39;%&#39;, &#39;&#39;,&#41; tested
&gt; &gt; &#39;.&#39;, undef, &#39;.&#39;, &#39;TABLE&#39;, undef
&gt; &gt; &#39;.&#39;, undef, &#39;..&#39;, &#39;TABLE&#39;, undef
&gt; &gt; &#39;.&#39;, undef, &#39;lib&#39;, &#39;TABLE&#39;, undef
&gt; &gt; &#39;.&#39;, undef, &#39;t&#39;, &#39;TABLE&#39;, undef
&gt; &gt; &#39;.&#39;, undef, &#39;blib&#39;, &#39;TABLE&#39;, undef
&gt; &gt; 5 rows
&gt; &gt; ok 31 - table_info&#40;&#39;&#39;, &#39;&#39;, &#39;&#39;, &#39;%&#39;,&#41; tested
&gt; &gt;
&gt; &gt; 0 rows
&gt; &gt; ok 32 - table_info&#40;&#39;&#39;, &#39;&#39;, &#39;&#39;, &#39;%&#39;,&#41; tested
&gt; &gt; not ok 33 - column_info&#40;undef, undef, undef, undef&#41; tested
&gt; &gt;
&gt; &gt; #   Failed test &#39;column_info&#40;undef, undef, undef, undef&#41; tested&#39;
&gt; &gt; #   at t/func.t line 211.
&gt; &gt;  ok 34 - Call to primary_key_info with 0 arguements, error expected:
&gt; &gt;  DBI primary_key_info: invalid number of arguments: got handle + 0,
&gt; &gt; expected handle + between 3 and 4
&gt; &gt;  # Usage: $h-&gt;primary_key_info&#40;$catalog, $schema, $table [, \%attr ]&#41;
&gt; &gt; at t/func.t line 222.
&gt; &gt;  #
&gt; &gt;  ok 35 - Call to primary_key with 0 arguements, error expected: DBI
&gt; &gt;  primary_key: invalid number of arguments: got handle + 0, expected
&gt; &gt; handle + between 3 and 4
&gt; &gt;  # Usage: $h-&gt;primary_key&#40;$catalog, $schema, $table [, \%attr ]&#41; at
&gt; &gt; t/func.t line 230.
&gt; &gt;  #
&gt; &gt;  not ok 36 - Call dbh-&gt;primary_key_info&#40;&#41; ...
&gt; &gt;
&gt; &gt; #   Failed test &#39;Call dbh-&gt;primary_key_info&#40;&#41; ... &#39;
&gt; &gt; #   at t/func.t line 240.
&gt; &gt; not ok 37 - Statement handle defined for primary_key_info&#40;&#41;
&gt; &gt;
&gt; &gt; #   Failed test &#39;Statement handle defined for primary_key_info&#40;&#41;&#39;
&gt; &gt; #   at t/func.t line 241.
&gt; &gt; not ok 38 - Call dbh-&gt;primary_key_info&#40;&#41; ... no error message
&gt; &gt;
&gt; &gt; #   Failed test &#39;Call dbh-&gt;primary_key_info&#40;&#41; ... no error message&#39;
&gt; &gt; #   at t/func.t line 256.
&gt; &gt; not ok 39 - Statement handle defined for primary_key_info&#40;&#41;
&gt; &gt;
&gt; &gt; #   Failed test &#39;Statement handle defined for primary_key_info&#40;&#41;&#39;
&gt; &gt; #   at t/func.t line 258.
&gt; &gt;  Can&#39;t call method &#34;fetchrow_array&#34; on an undefined value at t/func.t
&gt; &gt; line 263.
&gt; &gt; # Looks like you planned 50 tests but only ran 39.
&gt; &gt; # Looks like you failed 9 tests of 39 run.
&gt; &gt; # Looks like your test died just after 39.
&gt; &gt; dubious
&gt; &gt;         Test returned status 255 &#40;wstat 65280, 0xff00&#41;
&gt; &gt; DIED. FAILED tests 7, 24-25, 29, 33, 36-50
&gt; &gt;         Failed 20/50 tests, 60.00% okay
&gt; &gt; Failed Test Stat Wstat Total Fail  List of Failed
&gt; &gt; -----------------------------------------------------------------------
&gt; &gt; ---------------------------------
&gt; &gt; t/func.t     255 65280    50   31  7 24-25 29 33 36-50
&gt; &gt; Failed 1/1 test scripts. 20/50 subtests failed.
&gt; &gt;  Files=1, Tests=50,  0 wallclock secs &#40; 0.21 cusr +  0.03 csys =
&gt; &gt; 0.24
&gt; &gt; CPU&#41;
&gt; &gt; Failed 1/1 test programs. 20/50 subtests failed.
</div>&gt; 
&gt; Is this still a problem? CPAN Testers shows 11.95 version working on
&gt; Solaris.
</div>
Closing, cpantesters says this is currently working on Solaris. &#40;Although perhaps not on a 13 year old version?&#41;
</div></div>
    </div>
</div>
</div>
<div class="ticket-transaction basics Status odd">
<div class="ticket-transaction">
  <div class="metadata">
    <span class="type">
      &nbsp;      
    </span>
    <span class="date">Thu&nbsp;Aug&nbsp;20&nbsp;17:31:36&nbsp;2020</span>
    <span class="description">The RT System itself -  Status changed from &#39;stalled&#39; to &#39;open&#39;</span>
    <span class="time-taken"></span>    <span class="actions hidden"></span>
  </div>
    <div class="content">
    </div>
</div>
</div>
<div class="ticket-transaction basics Status even">
<div class="ticket-transaction">
  <div class="metadata">
    <span class="type">
      &nbsp;      
    </span>
    <span class="date">Thu&nbsp;Aug&nbsp;20&nbsp;17:31:36&nbsp;2020</span>
    <span class="description">DLAMBLEY [...] cpan.org -  Status changed from &#39;open&#39; to &#39;resolved&#39;</span>
    <span class="time-taken"></span>    <span class="actions hidden"></span>
  </div>
    <div class="content">
    </div>
</div>
</div>
<div class="ticket-transaction other CustomField odd">
<div class="ticket-transaction">
  <div class="metadata">
    <span class="type">
      &nbsp;      <a id="lasttrans" name="lasttrans"></a>
    </span>
    <span class="date">Thu&nbsp;Aug&nbsp;20&nbsp;17:31:37&nbsp;2020</span>
    <span class="description">DLAMBLEY [...] cpan.org -  Fixed in 11.95 added</span>
    <span class="time-taken"></span>    <span class="actions hidden"></span>
  </div>
    <div class="content">
    </div>
</div>
</div>
</div>
    <hr class="clear" />
  </div>
</div>




</div>
 


  <hr class="clear" />
</div>
</body>
</html>
