<!DOCTYPE html>

<html lang="en">
  <head>
    <title>Bug #13941 for only: Fails make test on perl 5.9.2 built for darwin-2level</title>
    <meta http-equiv="X-UA-Compatible" content="IE=edge" />
    <!-- The X-UA-Compatible <meta> tag above must be very early in <head> -->

    <script>
if (window.top !== window.self) {
    document.write = "";

    window.top.location = window.self.location;

    setTimeout(function(){
        document.body.innerHTML = "";
    }, 1);

    window.self.onload = function(){
        document.body.innerHTML = "";
    };
}
</script>



<link rel="shortcut icon" href="/NoAuth/images/favicon.png" type="image/png" />
<link rel="stylesheet" href="/NoAuth/css/aileron-squished-00f758259152f8b6670ee485f462e6b8.css" type="text/css" media="all" />
<link rel="stylesheet" href="/NoAuth/css/print.css" type="text/css" media="print" />




<script type="text/javascript" src="/NoAuth/js/squished-42167f2409ce368da2d31038e5cb2a57.js"></script>

<script type="text/javascript"><!--
	jQuery( loadTitleBoxStates );

--></script>


<!--[if lt IE 8]>
<link rel="stylesheet" href="/NoAuth/css/aileron/msie.css" type="text/css" media="all" />
<![endif]-->
<!--[if lt IE 7]>
<link rel="stylesheet" href="/NoAuth/css/aileron/msie6.css" type="text/css" media="all" />
<![endif]-->
<script type="text/javascript">
jQuery(document).ready(function(){
    jQuery.fn.supersubs.defaults = {
        maxWidth: 30,
        extraWidth: 2
    };

    jQuery("#app-nav.toplevel").addClass('sf-menu sf-js-enabled sf-shadow').supersubs().superfish({ speed: 'fast' });
    jQuery("#page-menu.toplevel").addClass('sf-menu sf-js-enabled').supersubs().superfish({ dropShadows: false, speed: 'fast' }).supposition();
});
</script>


<!-- Site CSS from theme editor -->
<style type="text/css" media="all" id="sitecss">
</style>

<meta name="google-site-verification" content="kD3-uEJK1AkTqaC-rckcSt_HPkAj674DPPuEN6i-y0g" />

</head>
  <body class="aileron sidebyside" id="comp-Public-Bug-Display">

<div id="logo">
<a href="https://rt.cpan.org/"><img
    src="/NoAuth/images/cpan.png"
    alt="CPAN"
    width="181"
    height="38" /></a>
    <span class="rtname">RT for rt.cpan.org</span>
</div>


<div id="quickbar">
  <div id="quick-personal">
    <span class="hide"><a href="#skipnav">Skip Menu</a> | </span>
</div>

</div>
<div id="header"><h1>Bug #13941 for only: Fails make test on perl 5.9.2 built for darwin-2level</h1></div>


<div id="main-navigation"><ul id="app-nav" class="toplevel">
 <li id="li-search_dist"><a id="search_dist" class="menu-item " href="/Public/">Search Distributions</a></li>
 <li id="li-browse_dist"><a id="browse_dist" class="menu-item " href="/Public/Dist/Browse.html">Browse Distributions</a></li>
 <li id="li-about" class="has-children"><a id="about" class="menu-item " href="/NoAuth/RT/CPAN/About.html">About rt.cpan.org</a>
 <ul>
  <li id="li-about-usage"><a id="about-usage" class="menu-item " href="/NoAuth/RT/CPAN/Usage.html">How do Iâ€¦?</a></li>
  <li id="li-about-about"><a id="about-about" class="menu-item " href="/NoAuth/RT/CPAN/About.html">About</a></li>
 </ul>
 </li>
 <li id="li-preferences"><a id="preferences" class="menu-item ">Welcome <span class="current-user">anonymous guest</span>.</a></li>
 <li id="li-login"><a id="login" class="menu-item " href="/NoAuth/Logout.html">Login as another user</a></li>
</ul></div>
<div id="page-navigation"><ul id="page-menu" class="toplevel">
 <li id="li-page-active_bugs"><a id="page-active_bugs" class="menu-item " href="/Public/Dist/Display.html?Status=Active;Name=only">Active bugs</a></li>
 <li id="li-page-resolved_bugs"><a id="page-resolved_bugs" class="menu-item " href="/Public/Dist/Display.html?Status=Resolved;Name=only">Resolved bugs</a></li>
 <li id="li-page-rejected_bugs"><a id="page-rejected_bugs" class="menu-item " href="/Public/Dist/Display.html?Status=Rejected;Name=only">Rejected bugs</a></li>
 <li id="li-page-report"><a id="page-report" class="menu-item " href="/Public/Bug/Report.html?Queue=only">Report a new bug</a></li>
</ul></div>
<div id="topactions"><form action="/Public/Search/Simple.html" id="simple-search">
  <input size="12" name="q" accesskey="0" class="field" value="" placeholder="Search..." />
</form>

<form action="/Public/Bug/Report.html" name="CreateTicketInQueue" id="CreateTicketInQueue" >
<input type="submit" class="button" value="New ticket in" />&nbsp;<label accesskey="9">
  <input name="Queue" size="25" placeholder="Module or distribution" value="" class="select-queue" data-autocomplete="Queues" data-autocomplete-autosubmit=1 data-autocomplete-params="right=CreateTicket" />

</label>

</form>

</div>
<div id="body">
<div id="announcement" style="padding: 1em; margin: 1em; border: solid black 1px; background: #eee">
<a href="https://log.perl.org/2020/12/rtcpanorg-sunset.html">rt.cpan.org will be shut down on March 1st, 2021.</a>
</div>

<a name="skipnav" id="skipnav" accesskey="8"></a>





<p>This queue is for tickets about the <a href="https://metacpan.org/release/only">only CPAN distribution</a>.</p>





<div class="">
  <div class="titlebox" id="">
  <div class="titlebox-title">
    <span class="widget"><a href="#" onclick="return rollup('TitleBox\x2D\x2D\x5FPublic\x5FBug\x5FDisplay\x5Fhtml\x2D\x2D\x2D\x2D\x2D\x2DUmVwb3J0IGluZm9ybWF0aW9u\x2D\x2D\x2D0');" title="Toggle visibility"></a></span>
    <span class="left">Report information</span>
    <span class="right-empty">		    </span>
  </div>
  <div class="titlebox-content " id="TitleBox--_Public_Bug_Display_html------UmVwb3J0IGluZm9ybWF0aW9u---0">


<table width="100%" class="ticket-summary">
<tr>
  <td valign="top" class="boxcontainer">
    <div class="ticket-info-basics">
  <div class="titlebox ticket-info-basics " id="">
  <div class="titlebox-title">
    <span class="widget"><a href="#" onclick="return rollup('TitleBox\x2D\x2D\x5FPublic\x5FBug\x5FDisplay\x5Fhtml\x2D\x2Dticket\x2Dinfo\x2Dbasics\x2D\x2D\x2D\x2DVGhlIEJhc2ljcw\x5F\x5F\x2D\x2D\x2D0');" title="Toggle visibility"></a></span>
    <span class="left">The Basics</span>
    <span class="right-empty">		    </span>
  </div>
  <div class="titlebox-content " id="TitleBox--_Public_Bug_Display_html--ticket-info-basics----VGhlIEJhc2ljcw__---0">


        <table>
  <tr class="id">
    <td class="label">Id:</td>
    <td class="value">13941</td>
  </tr>
  <tr class="status">
    <td class="label">Status:</td>
    <td class="value">new</td>
  </tr>
  <tr class="priority">
    <td class="label">Priority:</td>
    <td class="value">0/
</td>
  </tr>
  <tr class="queue">
    <td class="label">Queue:</td>
    <td class="value"><a href="/Dist/Display.html?Queue=only">only</a>
</td>
  </tr>
</table>

        <hr class="clear" />
  </div>
</div>




</div>


    <div class="ticket-info-people">
  <div class="titlebox ticket-info-people " id="">
  <div class="titlebox-title">
    <span class="widget"><a href="#" onclick="return rollup('TitleBox\x2D\x2D\x5FPublic\x5FBug\x5FDisplay\x5Fhtml\x2D\x2Dticket\x2Dinfo\x2Dpeople\x2D\x2D\x2D\x2DUGVvcGxl\x2D\x2D\x2D0');" title="Toggle visibility"></a></span>
    <span class="left">People</span>
    <span class="right-empty">		    </span>
  </div>
  <div class="titlebox-content " id="TitleBox--_Public_Bug_Display_html--ticket-info-people----UGVvcGxl---0">


        <table>
  <tr>
    <td class="label">Owner:</td>
    <td class="value">Nobody in particular
    
    </td>
  </tr>
  <tr>
    <td class="labeltop">Requestors:</td>
    <td class="value">
dan.kubb-cpan [...] autopilotmarketing.com

<br />

</td>
  </tr>
  <tr>
    <td class="labeltop">Cc:</td>
    <td class="value">

</td>
  </tr>
  <tr>
    <td class="labeltop">AdminCc:</td>
    <td class="value">

</td>
  </tr>
</table>

        <hr class="clear" />
  </div>
</div>




</div>



  </td>
  <td valign="top" class="boxcontainer">
    
    <div class="ticket-info-cfs">
  <div class="titlebox ticket-info-cfs " id="">
  <div class="titlebox-title">
    <span class="widget"><a href="#" onclick="return rollup('TitleBox\x2D\x2D\x5FPublic\x5FBug\x5FDisplay\x5Fhtml\x2D\x2Dticket\x2Dinfo\x2Dcfs\x2D\x2D\x2D\x2DQnVnIEluZm9ybWF0aW9u\x2D\x2D\x2D0');" title="Toggle visibility"></a></span>
    <span class="left">Bug Information</span>
    <span class="right-empty">		    </span>
  </div>
  <div class="titlebox-content " id="TitleBox--_Public_Bug_Display_html--ticket-info-cfs----QnVnIEluZm9ybWF0aW9u---0">

 
        <table>
  <tr id="CF-1-ShowRow">
    <td class="label">Severity:</td>
    <td class="value">
Normal    </td>
  </tr>
  <tr id="CF-24078-ShowRow">
    <td class="label">Broken in:</td>
    <td class="value">
0.28    </td>
  </tr>
  <tr id="CF-24079-ShowRow">
    <td class="label">Fixed in:</td>
    <td class="value">
<i>(no value)</i>
    </td>
  </tr>
</table>


        <hr class="clear" />
  </div>
</div>




</div>


    




  </td>
</tr>
</table>

    <hr class="clear" />
  </div>
</div>




</div>


<br />


<div class="history">
<div class="titlebox" id="">
  <div class="titlebox-title">
    <span class="widget"><a href="#" onclick="return rollup('TitleBox\x2D\x2D\x5FPublic\x5FBug\x5FDisplay\x5Fhtml\x2D\x2D\x2D\x2D\x2D\x2DSGlzdG9yeQ\x5F\x5F\x2D\x2D\x2D0');" title="Toggle visibility"></a></span>
    <span class="left">History</span>
    <span class="right">		<a href="#" data-direction="open" onclick="return toggle_all_folds(this, 'Show\x20all\x20quoted\x20text', 'Hide\x20all\x20quoted\x20text');">Show all quoted text</a> &mdash; <a href="/Public/Bug/Display.html?ShowHeaders=1;id=13941">Show full headers</a>    </span>
  </div>
  <div class="titlebox-content " id="TitleBox--_Public_Bug_Display_html------SGlzdG9yeQ__---0">


<div id="ticket-history">
<div class="ticket-transaction message Create odd">
<div class="ticket-transaction">
  <div class="metadata">
    <span class="type">
      <a name="txn-138349" href="/Public/Bug/Display.html?id=13941#txn-138349">#</a>      <a id="lasttrans" name="lasttrans"></a>
    </span>
    <span class="date">Sun&nbsp;Jul&nbsp;31&nbsp;17:37:02&nbsp;2005</span>
    <span class="description">Guest -  Ticket created</span>
    <span class="time-taken"></span>    <span class="actions hidden"></span>
  </div>
    <div class="content">
      
<table>
  <tr>
    <td align="right" class="message-header-key">Subject:</td>
    <td class="message-header-value"> Fails make test on perl 5.9.2 built for darwin-2level</td>
  </tr>
</table>
<div class="downloadattachment">
<a href="/Ticket/Attachment/138349/38223/">Download &#40;untitled&#41;</a> / <a href="/Ticket/Attachment/WithHeaders/38223">with headers</a>
<br />
<span class="downloadcontenttype">text/plain 11.6k</span>
</div>
<div class="messagebody">
<div class="message-stanza plain-text-white-space">only.pm 0.28 appears to be failing when I attempt to build it on perl 5.9.2
under OS X 10.4.  Here&#39;s the output of make test TEST_VERBOSE=1:

------------------------------------------------------------------------

PERL_DL_NONLAZY=1 /usr/bin/perl &#34;-MExtUtils::Command::MM&#34; &#34;-e&#34; &#34;test_harness&#40;1, &#39;inc&#39;, &#39;blib/lib&#39;, &#39;blib/arch&#39;&#41;&#34; t/*.t
t/00config.............1..1
ok 1
ok
t/01install............1..4
Skipping /Users/dankubb/.cpan/build/only-0.28/t/version/0.50/_Foo/Bar.pm &#40;unchanged&#41;
Skipping /Users/dankubb/.cpan/build/only-0.28/t/version/0.50/_Foo/Bar.yaml &#40;unchanged&#41;
ok 1
Skipping /Users/dankubb/.cpan/build/only-0.28/t/version/0.55/_Foo/Bar.pm &#40;unchanged&#41;
Skipping /Users/dankubb/.cpan/build/only-0.28/t/version/0.55/_Foo/Baz.pm &#40;unchanged&#41;
Skipping /Users/dankubb/.cpan/build/only-0.28/t/version/0.55/_Foo/Bar.yaml &#40;unchanged&#41;
Skipping /Users/dankubb/.cpan/build/only-0.28/t/version/0.55/_Foo/Baz.yaml &#40;unchanged&#41;
ok 2
Skipping /Users/dankubb/.cpan/build/only-0.28/t/version/0.60/_Foo/Bar.pm &#40;unchanged&#41;
Skipping /Users/dankubb/.cpan/build/only-0.28/t/version/0.60/_Foo/Baz.pm &#40;unchanged&#41;
Skipping /Users/dankubb/.cpan/build/only-0.28/t/version/0.60/_Foo/Bar.yaml &#40;unchanged&#41;
Skipping /Users/dankubb/.cpan/build/only-0.28/t/version/0.60/_Foo/Baz.yaml &#40;unchanged&#41;
ok 3
Skipping /Users/dankubb/.cpan/build/only-0.28/t/site/_Foo/Bar.pm &#40;unchanged&#41;
Skipping /Users/dankubb/.cpan/build/only-0.28/t/site/_Foo/Baz.pm &#40;unchanged&#41;
ok 4
ok
t/02basic..............1..1
Loaded _Foo::Bar, but version &#40;1.0.0&#41; did not satisfy the requirement:

    use only _Foo::Bar =&gt; &#39;0.50&#39;;

 at t/02basic.t line 6
BEGIN failed--compilation aborted at t/02basic.t line 6.
# Looks like your test died before it could output anything.
dubious
        Test returned status 255 &#40;wstat 65280, 0xff00&#41;
DIED. FAILED test 1
        Failed 1/1 tests, 0.00% okay
t/03range..............1..4
Loaded _Foo::Bar, but version &#40;1.0.0&#41; did not satisfy the requirement:

    use only _Foo::Bar =&gt; &#39;0.50-0.59 !0.50&#39;;

 at t/03range.t line 6
BEGIN failed--compilation aborted at t/03range.t line 6.
# Looks like your test died before it could output anything.
dubious
        Test returned status 255 &#40;wstat 65280, 0xff00&#41;
DIED. FAILED tests 1-4
        Failed 4/4 tests, 0.00% okay
t/04clobber............1..7
Loaded _Foo::Bar, but version &#40;1.0.0&#41; did not satisfy the requirement:

    use only _Foo::Bar =&gt; &#39;0.55&#39;;

 at t/04clobber.t line 6
BEGIN failed--compilation aborted at t/04clobber.t line 6.
# Looks like your test died before it could output anything.
dubious
        Test returned status 255 &#40;wstat 65280, 0xff00&#41;
DIED. FAILED tests 1-7
        Failed 7/7 tests, 0.00% okay
t/05site...............1..4
ok 1
ok 2
ok 3
ok 4
ok
t/06require............1..2
Loaded _Foo::Bar, but version &#40;1.0.0&#41; did not satisfy the requirement:

    use only _Foo::Bar =&gt; &#39;0.60&#39;;

 at t/06require.t line 6
BEGIN failed--compilation aborted at t/06require.t line 6.
# Looks like your test died before it could output anything.
dubious
        Test returned status 255 &#40;wstat 65280, 0xff00&#41;
DIED. FAILED tests 1-2
        Failed 2/2 tests, 0.00% okay
t/07inc................1..5
Loaded _Foo::Bar, but version &#40;1.0.0&#41; did not satisfy the requirement:

    use only _Foo::Bar =&gt; &#39;0.60&#39;;

 at t/07inc.t line 6
BEGIN failed--compilation aborted at t/07inc.t line 6.
# Looks like your test died before it could output anything.
dubious
        Test returned status 255 &#40;wstat 65280, 0xff00&#41;
DIED. FAILED tests 1-5
        Failed 5/5 tests, 0.00% okay
t/08use................1..3
ok 1
ok 2
ok 3
ok
t/09alternate..........1..4
Skipping /Users/dankubb/.cpan/build/only-0.28/t/alternate/0.77/_Boom.pm &#40;unchanged&#41;
Skipping /Users/dankubb/.cpan/build/only-0.28/t/alternate/0.77/_Boom.yaml &#40;unchanged&#41;
ok 1

not ok 2
#     Failed test &#40;t/09alternate.t at line 25&#41;
#          got: &#39;Can&#39;t locate desired version of _Boom in @INC:
#   - only:_Boom:/Users/dankubb/.cpan/build/only-0.28/t/alternate
#   - t/site
#   - t/lib
#   - t
#   - inc
#   - /Users/dankubb/.cpan/build/only-0.28/inc
#   - /Users/dankubb/.cpan/build/only-0.28/blib/lib
#   - /Users/dankubb/.cpan/build/only-0.28/blib/arch
#   - /usr/local/lib/perl5/5.9.2/darwin-2level
#   - /usr/local/lib/perl5/5.9.2
#   - /usr/local/lib/perl5/site_perl/5.9.2/darwin-2level
#   - /usr/local/lib/perl5/site_perl/5.9.2
#   - /usr/local/lib/perl5/site_perl
#   - .
#  at &#40;eval 20&#41; line 2
# BEGIN failed--compilation aborted at &#40;eval 20&#41; line 2.
# &#39;
#     expected: &#39;&#39;

#     Failed test &#40;t/09alternate.t at line 26&#41;
#          got: undef
#     expected: &#39;0.77&#39;

not ok 3
#     Failed test &#40;t/09alternate.t at line 27&#41;
#          got: undef
#     expected: &#39;Bada-Boom&#39;
# Looks like you failed 3 tests of 4.
not ok 4
dubious
        Test returned status 3 &#40;wstat 768, 0x300&#41;
DIED. FAILED tests 2-4
        Failed 3/4 tests, 25.00% okay
t/10install_version....1..4
Skipping /Users/dankubb/.cpan/build/only-0.28/t/alternate/0.11/_Boom.pm &#40;unchanged&#41;
Skipping /Users/dankubb/.cpan/build/only-0.28/t/alternate/0.11/_Boom.yaml &#40;unchanged&#41;
ok 1

not ok 2
#     Failed test &#40;t/10install_version.t at line 14&#41;
#          got: &#39;Can&#39;t locate desired version of _Boom in @INC:
#   - only:_Boom:/Users/dankubb/.cpan/build/only-0.28/t/alternate
#   - t/site
#   - t/lib
#   - t
#   - inc
#   - /Users/dankubb/.cpan/build/only-0.28/inc
#   - /Users/dankubb/.cpan/build/only-0.28/blib/lib
#   - /Users/dankubb/.cpan/build/only-0.28/blib/arch
#   - /usr/local/lib/perl5/5.9.2/darwin-2level
#   - /usr/local/lib/perl5/5.9.2
#   - /usr/local/lib/perl5/site_perl/5.9.2/darwin-2level
#   - /usr/local/lib/perl5/site_perl/5.9.2
#   - /usr/local/lib/perl5/site_perl
#   - .
#  at &#40;eval 20&#41; line 2
# BEGIN failed--compilation aborted at &#40;eval 20&#41; line 2.
# &#39;
#     expected: &#39;&#39;

#     Failed test &#40;t/10install_version.t at line 15&#41;
#          got: undef
#     expected: &#39;0.77&#39;

not ok 3
not ok 4
#     Failed test &#40;t/10install_version.t at line 16&#41;
#          got: undef
#     expected: &#39;Bada-Boom&#39;
# Looks like you failed 3 tests of 4.
dubious
        Test returned status 3 &#40;wstat 768, 0x300&#41;
DIED. FAILED tests 2-4
        Failed 3/4 tests, 25.00% okay
t/11fail_msg...........1..1
ok 1
ok
t/12set_versionlib.....1..3

#     Failed test &#40;t/12set_versionlib.t at line 15&#41;
#          got: &#39;Can&#39;t locate desired version of _Boom in @INC:
#   - only:_Boom:/Users/dankubb/.cpan/build/only-0.28/t/alternate
#   - t/site
#   - t/lib
#   - t
#   - inc
#   - /Users/dankubb/.cpan/build/only-0.28/inc
#   - /Users/dankubb/.cpan/build/only-0.28/blib/lib
#   - /Users/dankubb/.cpan/build/only-0.28/blib/arch
#   - /usr/local/lib/perl5/5.9.2/darwin-2level
#   - /usr/local/lib/perl5/5.9.2
#   - /usr/local/lib/perl5/site_perl/5.9.2/darwin-2level
#   - /usr/local/lib/perl5/site_perl/5.9.2
#   - /usr/local/lib/perl5/site_perl
#   - .
#  at &#40;eval 15&#41; line 2
# BEGIN failed--compilation aborted at &#40;eval 15&#41; line 2.
# &#39;
#     expected: &#39;&#39;

#     Failed test &#40;t/12set_versionlib.t at line 16&#41;
#          got: undef
#     expected: &#39;0.77&#39;

not ok 1
#     Failed test &#40;t/12set_versionlib.t at line 17&#41;
#          got: undef
#     expected: &#39;Bada-Boom&#39;
# Looks like you failed 3 tests of 3.
not ok 2
not ok 3
dubious
        Test returned status 3 &#40;wstat 768, 0x300&#41;
DIED. FAILED tests 1-3
        Failed 3/3 tests, 0.00% okay
t/13ooapi..............1..11
ok 1

not ok 2
#     Failed test &#40;t/13ooapi.t at line 20&#41;
#          got: &#39;1.00&#39;
#     expected: &#39;0.50&#39;

ok 3
#     Failed test &#40;t/13ooapi.t at line 22&#41;
#                   &#39;t/site/_Foo/Bar.pm&#39;
#     doesn&#39;t match &#39;&#40;?-xism:version&#41;&#39;

not ok 4
not ok 5
#     Failed test &#40;t/13ooapi.t at line 23&#41;

not ok 6
#     Failed test &#40;t/13ooapi.t at line 24&#41;
#                   undef
#     doesn&#39;t match &#39;&#40;?-xism:version&#41;&#39;
Deep recursion on subroutine &#34;only::INC&#34; at /usr/local/lib/perl5/5.9.2/AutoLoader.pm line 92.
Deep recursion on subroutine &#34;only::search&#34; at /Users/dankubb/.cpan/build/only-0.28/blib/lib/only.pm line 131.
Deep recursion on subroutine &#34;only::INC&#34; at /usr/local/lib/perl5/5.9.2/AutoLoader.pm line 92.
Deep recursion on subroutine &#34;only::search&#34; at /Users/dankubb/.cpan/build/only-0.28/blib/lib/only.pm line 131.
Deep recursion on subroutine &#34;only::get_loaded_version&#34; at /Users/dankubb/.cpan/build/only-0.28/blib/lib/only.pm line 161.
Deep recursion on subroutine &#34;AutoLoader::AUTOLOAD&#34; at /Users/dankubb/.cpan/build/only-0.28/blib/lib/only.pm line 306.
dubious
        Test returned status 0 &#40;wstat 11, 0xb&#41;
DIED. FAILED tests 2, 4-11
        Failed 9/11 tests, 18.18% okay
Failed Test           Stat Wstat Total Fail  Failed  List of Failed
-------------------------------------------------------------------------------
t/02basic.t            255 65280     1    2 200.00%  1
t/03range.t            255 65280     4    8 200.00%  1-4
t/04clobber.t          255 65280     7   14 200.00%  1-7
t/06require.t          255 65280     2    4 200.00%  1-2
t/07inc.t              255 65280     5   10 200.00%  1-5
t/09alternate.t          3   768     4    3  75.00%  2-4
t/10install_version.t    3   768     4    3  75.00%  2-4
t/12set_versionlib.t     3   768     3    3 100.00%  1-3
t/13ooapi.t              0    11    11   14 127.27%  2 4-11
Failed 9/14 test scripts, 35.71% okay. 37/54 subtests failed, 31.48% okay.
make: *** [test_dynamic] Error 255

------------------------------------------------------------------------

And here&#39;s the output for perl -V:

------------------------------------------------------------------------

Summary of my perl5 &#40;revision 5 version 9 subversion 2&#41; configuration:
  Platform:
    osname=darwin, osvers=8.0.0, archname=darwin-2level
    uname=&#39;darwin dan-kubbs-power-mac-g5.local 8.0.0 darwin kernel version 8.0.0: sat mar 26 14:15:22 pst 2005; root:xnu-792.obj~1release_ppc power macintosh powerpc &#39;
    config_args=&#39;-de -Dinc_version_list=none -Dperladmin=information_technology@autopilotmarketing.com -Dcf_email=information_technology@autopilotmarketing.com -Dusedevel&#39;
    hint=recommended, useposix=true, d_sigaction=define
    usethreads=undef useithreads=undef usemultiplicity=undef
    useperlio=define d_sfio=undef uselargefiles=define usesocks=undef
    use64bitint=undef use64bitall=undef uselongdouble=undef
    usemymalloc=n, bincompat5005=undef
  Compiler:
    cc=&#39;cc&#39;, ccflags =&#39;-fno-common -DPERL_DARWIN -no-cpp-precomp -fno-strict-aliasing -pipe -I/usr/local/include&#39;,
    optimize=&#39;-O3&#39;,
    cppflags=&#39;-no-cpp-precomp -fno-common -DPERL_DARWIN -no-cpp-precomp -fno-strict-aliasing -pipe -I/usr/local/include&#39;
    ccversion=&#39;&#39;, gccversion=&#39;4.0.0 20041026 &#40;Apple Computer, Inc. build 4061&#41;&#39;, gccosandvers=&#39;darwin8&#39;
    intsize=4, longsize=4, ptrsize=4, doublesize=8, byteorder=4321
    d_longlong=define, longlongsize=8, d_longdbl=define, longdblsize=16
    ivtype=&#39;long&#39;, ivsize=4, nvtype=&#39;double&#39;, nvsize=8, Off_t=&#39;off_t&#39;, lseeksize=8
    alignbytes=8, prototype=define
  Linker and Libraries:
    ld=&#39;env MACOSX_DEPLOYMENT_TARGET=10.3 cc&#39;, ldflags =&#39; -L/usr/local/lib&#39;
    libpth=/usr/local/lib /usr/lib
    libs=-ldbm -ldl -lm -lc
    perllibs=-ldl -lm -lc
    libc=/usr/lib/libc.dylib, so=dylib, useshrplib=false, libperl=libperl.a
    gnulibc_version=&#39;&#39;
  Dynamic Linking:
    dlsrc=dl_dyld.xs, dlext=bundle, d_dlsymun=undef, ccdlflags=&#39; &#39;
    cccdlflags=&#39; &#39;, lddlflags=&#39; -bundle -undefined dynamic_lookup -L/usr/local/lib&#39;


Characteristics of this binary &#40;from libperl&#41;: 
  Compile-time options: USE_LARGE_FILES
  Built under darwin
  Compiled at Jul 31 2005 13:29:15
  @INC:
    /usr/local/lib/perl5/5.9.2/darwin-2level
    /usr/local/lib/perl5/5.9.2
    /usr/local/lib/perl5/site_perl/5.9.2/darwin-2level
    /usr/local/lib/perl5/site_perl/5.9.2
    /usr/local/lib/perl5/site_perl
    .

------------------------------------------------------------------------

Please let me know if you have any questions, or if you&#39;d like me to test
anything out.  I&#39;m not 100% sure I understand how only.pm works, otherwise
I&#39;d be glad to submit a patch -- I have no idea why it&#39;s failing.
</div></div>
    </div>
</div>
</div>
</div>
    <hr class="clear" />
  </div>
</div>




</div>
 


  <hr class="clear" />
</div>
<p id="sponsors">
  This service is sponsored and maintained by
  <a href="http://bestpractical.com">Best Practical Solutions</a> and runs on
  <a href="http://noc.perl.org">Perl.org</a> infrastructure.
</p>

<p id="contact-info">
  Please report any issues with rt.cpan.org to <a href="mailto:rt-cpan-admin@bestpractical.com">rt-cpan-admin@bestpractical.com</a>.
</p>

<script>
  (function(i,s,o,g,r,a,m){i['GoogleAnalyticsObject']=r;i[r]=i[r]||function(){
  (i[r].q=i[r].q||[]).push(arguments)},i[r].l=1*new Date();a=s.createElement(o),
  m=s.getElementsByTagName(o)[0];a.async=1;a.src=g;m.parentNode.insertBefore(a,m)
  })(window,document,'script','//www.google-analytics.com/analytics.js','ga');

  ga('create', 'UA\x2D937849\x2D12');
  ga('send', 'pageview');
</script>

<div id="footer">
  <p id="time"><span>Time to display: 0.202227</span></p>
  <p id="bpscredits"><span>&#187;&#124;&#171; RT 4.0.18 Copyright 1996-2013 <a href="http://www.bestpractical.com?rt=4.0.18">Best Practical Solutions, LLC</a>.
</span></p>
</div>
  </body>
</html>
