<!DOCTYPE html>

<html lang="en">
  <head>
    <title>Bug #16487 for DateTime: test t20infinite.t failed on OpenBSD 3.8</title>
    <meta http-equiv="X-UA-Compatible" content="IE=edge" />
    <!-- The X-UA-Compatible <meta> tag above must be very early in <head> -->

    <script>
if (window.top !== window.self) {
    document.write = "";

    window.top.location = window.self.location;

    setTimeout(function(){
        document.body.innerHTML = "";
    }, 1);

    window.self.onload = function(){
        document.body.innerHTML = "";
    };
}
</script>



<link rel="shortcut icon" href="/NoAuth/images/favicon.png" type="image/png" />
<link rel="stylesheet" href="/NoAuth/css/aileron-squished-00f758259152f8b6670ee485f462e6b8.css" type="text/css" media="all" />
<link rel="stylesheet" href="/NoAuth/css/print.css" type="text/css" media="print" />




<script type="text/javascript" src="/NoAuth/js/squished-42167f2409ce368da2d31038e5cb2a57.js"></script>

<script type="text/javascript"><!--
	jQuery( loadTitleBoxStates );

--></script>


<!--[if lt IE 8]>
<link rel="stylesheet" href="/NoAuth/css/aileron/msie.css" type="text/css" media="all" />
<![endif]-->
<!--[if lt IE 7]>
<link rel="stylesheet" href="/NoAuth/css/aileron/msie6.css" type="text/css" media="all" />
<![endif]-->
<script type="text/javascript">
jQuery(document).ready(function(){
    jQuery.fn.supersubs.defaults = {
        maxWidth: 30,
        extraWidth: 2
    };

    jQuery("#app-nav.toplevel").addClass('sf-menu sf-js-enabled sf-shadow').supersubs().superfish({ speed: 'fast' });
    jQuery("#page-menu.toplevel").addClass('sf-menu sf-js-enabled').supersubs().superfish({ dropShadows: false, speed: 'fast' }).supposition();
});
</script>


<!-- Site CSS from theme editor -->
<style type="text/css" media="all" id="sitecss">
</style>

<meta name="google-site-verification" content="kD3-uEJK1AkTqaC-rckcSt_HPkAj674DPPuEN6i-y0g" />

</head>
  <body class="aileron sidebyside" id="comp-Public-Bug-Display">

<div id="logo">
<a href="/"><img
    src="/NoAuth/images/cpan.png"
    alt="CPAN"
    width="181"
    height="38" /></a>
    <span class="rtname">RT for rt.cpan.org</span>
</div>


<div id="quickbar">
  <div id="quick-personal">
    <span class="hide"><a href="#skipnav">Skip Menu</a> | </span>
</div>

</div>
<div id="header"><h1>Bug #16487 for DateTime: test t20infinite.t failed on OpenBSD 3.8</h1></div>



<div id="page-navigation"><ul id="page-menu" class="toplevel">
 <li id="li-page-active_bugs"><a id="page-active_bugs" class="menu-item " href="/Public/Dist/DateTime/Active/">Active bugs</a></li>
 <li id="li-page-resolved_bugs"><a id="page-resolved_bugs" class="menu-item " href="/Public/Dist/DateTime/Resolved/">Resolved bugs</a></li>
 <li id="li-page-rejected_bugs"><a id="page-rejected_bugs" class="menu-item " href="/Public/Dist/DateTime/Rejected/">Rejected bugs</a></li>
 <li id="li-page-report"><a id="page-report" class="menu-item " href="/Public/Dist/DateTime/Active/"></a></li>
</ul></div>
<div id="topactions">



</div>
<div id="body">


<a name="skipnav" id="skipnav" accesskey="8"></a>




<div id="external_bugtracker">
<h3>Preferred bug tracker</h3>
<p>
<div>Please visit the <a href="https://github.com/houseabsolute/DateTime.pm/issues">preferred bug tracker</a> to report your issue.</div>
</p>
</div>

<p>This queue is for tickets about the <a href="https://metacpan.org/release/DateTime">DateTime CPAN distribution</a>.</p>





<div class="">
  <div class="titlebox" id="">
  <div class="titlebox-title">
    <span class="widget"><a href="#" onclick="return rollup('TitleBox\x2D\x2D\x5FPublic\x5FBug\x5FDisplay\x5Fhtml\x2D\x2D\x2D\x2D\x2D\x2DUmVwb3J0IGluZm9ybWF0aW9u\x2D\x2D\x2D0');" title="Toggle visibility"></a></span>
    <span class="left">Report information</span>
    <span class="right-empty">		    </span>
  </div>
  <div class="titlebox-content " id="TitleBox--_Public_Bug_Display_html------UmVwb3J0IGluZm9ybWF0aW9u---0">


<table width="100%" class="ticket-summary">
<tr>
  <td valign="top" class="boxcontainer">
    <div class="ticket-info-basics">
  <div class="titlebox ticket-info-basics " id="">
  <div class="titlebox-title">
    <span class="widget"><a href="#" onclick="return rollup('TitleBox\x2D\x2D\x5FPublic\x5FBug\x5FDisplay\x5Fhtml\x2D\x2Dticket\x2Dinfo\x2Dbasics\x2D\x2D\x2D\x2DVGhlIEJhc2ljcw\x5F\x5F\x2D\x2D\x2D0');" title="Toggle visibility"></a></span>
    <span class="left">The Basics</span>
    <span class="right-empty">		    </span>
  </div>
  <div class="titlebox-content " id="TitleBox--_Public_Bug_Display_html--ticket-info-basics----VGhlIEJhc2ljcw__---0">


        <table>
  <tr class="id">
    <td class="label">Id:</td>
    <td class="value">16487</td>
  </tr>
  <tr class="status">
    <td class="label">Status:</td>
    <td class="value">resolved</td>
  </tr>
  <tr class="priority">
    <td class="label">Priority:</td>
    <td class="value">0/
</td>
  </tr>
  <tr class="queue">
    <td class="label">Queue:</td>
    <td class="value"><a href="/Public/Dist/DateTime/Active/">DateTime</a>
</td>
  </tr>
</table>

        <hr class="clear" />
  </div>
</div>




</div>


    <div class="ticket-info-people">
  <div class="titlebox ticket-info-people " id="">
  <div class="titlebox-title">
    <span class="widget"><a href="#" onclick="return rollup('TitleBox\x2D\x2D\x5FPublic\x5FBug\x5FDisplay\x5Fhtml\x2D\x2Dticket\x2Dinfo\x2Dpeople\x2D\x2D\x2D\x2DUGVvcGxl\x2D\x2D\x2D0');" title="Toggle visibility"></a></span>
    <span class="left">People</span>
    <span class="right-empty">		    </span>
  </div>
  <div class="titlebox-content " id="TitleBox--_Public_Bug_Display_html--ticket-info-people----UGVvcGxl---0">


        <table>
  <tr>
    <td class="label">Owner:</td>
    <td class="value">Nobody in particular
    
    </td>
  </tr>
  <tr>
    <td class="labeltop">Requestors:</td>
    <td class="value">
carbon [...] pobox.com

<br />
slanning [...] cpan.org

<br />
tak [...] thorie.com

<br />

</td>
  </tr>
  <tr>
    <td class="labeltop">Cc:</td>
    <td class="value">

</td>
  </tr>
  <tr>
    <td class="labeltop">AdminCc:</td>
    <td class="value">

</td>
  </tr>
</table>

        <hr class="clear" />
  </div>
</div>




</div>



  </td>
  <td valign="top" class="boxcontainer">
    
    <div class="ticket-info-cfs">
  <div class="titlebox ticket-info-cfs " id="">
  <div class="titlebox-title">
    <span class="widget"><a href="#" onclick="return rollup('TitleBox\x2D\x2D\x5FPublic\x5FBug\x5FDisplay\x5Fhtml\x2D\x2Dticket\x2Dinfo\x2Dcfs\x2D\x2D\x2D\x2DQnVnIEluZm9ybWF0aW9u\x2D\x2D\x2D0');" title="Toggle visibility"></a></span>
    <span class="left">Bug Information</span>
    <span class="right-empty">		    </span>
  </div>
  <div class="titlebox-content " id="TitleBox--_Public_Bug_Display_html--ticket-info-cfs----QnVnIEluZm9ybWF0aW9u---0">

 
        <table>
  <tr id="CF-1-ShowRow">
    <td class="label">Severity:</td>
    <td class="value">
Normal    </td>
  </tr>
  <tr id="CF-9734-ShowRow">
    <td class="label">Broken in:</td>
    <td class="value">
<i>(no value)</i>
    </td>
  </tr>
  <tr id="CF-9735-ShowRow">
    <td class="label">Fixed in:</td>
    <td class="value">
<i>(no value)</i>
    </td>
  </tr>
</table>


        <hr class="clear" />
  </div>
</div>




</div>


    <div class="ticket-info-attachments">
  <div class="titlebox ticket-info-attachments " id="">
  <div class="titlebox-title inverse">
    <span class="widget"><a href="#" onclick="return rollup('TitleBox\x2D\x2D\x5FPublic\x5FBug\x5FDisplay\x5Fhtml\x2D\x2Dticket\x2Dinfo\x2Dattachments\x2D\x2D\x2D\x2DQXR0YWNobWVudHM\x5F\x2D\x2D\x2D0');" title="Toggle visibility"></a></span>
    <span class="left">Attachments</span>
    <span class="right-empty">		    </span>
  </div>
  <div class="titlebox-content " id="TitleBox--_Public_Bug_Display_html--ticket-info-attachments----QXR0YWNobWVudHM_---0">




datetime.err<br />
<ul>


<li><font size="-2">
<a href="/Ticket/Attachment/151441/42614/datetime.err">
Wed Nov 02 04:41:58 2005 (3.3k) by 
</a>
</font></li>


<li><font size="-2">
<a href="/Ticket/Attachment/151440/42611/datetime.err">
Wed Nov 02 04:41:22 2005 (3.3k) by 
</a>
</font></li>


<li><font size="-2">
<a href="/Ticket/Attachment/151439/42608/datetime.err">
Wed Nov 02 04:38:15 2005 (3.3k) by 
</a>
</font></li>
</ul>

    <hr class="clear" />
  </div>
</div>




</div>







  </td>
</tr>
</table>

    <hr class="clear" />
  </div>
</div>




</div>


<br />


<div class="history">
<div class="titlebox" id="">
  <div class="titlebox-title">
    <span class="widget"><a href="#" onclick="return rollup('TitleBox\x2D\x2D\x5FPublic\x5FBug\x5FDisplay\x5Fhtml\x2D\x2D\x2D\x2D\x2D\x2DSGlzdG9yeQ\x5F\x5F\x2D\x2D\x2D0');" title="Toggle visibility"></a></span>
    <span class="left">History</span>
    <span class="right">		<a href="#" data-direction="open" onclick="return toggle_all_folds(this, 'Show\x20all\x20quoted\x20text', 'Hide\x20all\x20quoted\x20text');">Show all quoted text</a>    </span>
  </div>
  <div class="titlebox-content " id="TitleBox--_Public_Bug_Display_html------SGlzdG9yeQ__---0">


<div id="ticket-history">
<div class="ticket-transaction message Create odd">
<div class="ticket-transaction">
  <div class="metadata">
    <span class="type">
      &nbsp;      
    </span>
    <span class="date">Fri&nbsp;Oct&nbsp;21&nbsp;19:38:55&nbsp;2005</span>
    <span class="description">Guest - Ticket #15207:  Ticket created</span>
    <span class="time-taken"></span>    <span class="actions hidden"></span>
  </div>
    <div class="content">
      
<table>
  <tr>
    <td align="right" class="message-header-key">Subject:</td>
    <td class="message-header-value"> Test fails during DateTime install</td>
  </tr>
</table>

<div class="messagebody">
<div class="message-stanza plain-text-white-space">This is perl, v5.6.1 built for i386-linux
perl -MCPAN -e shell
<span
    class="message-stanza-folder closed"
    onclick="fold_message_stanza(this, 'Show\x20quoted\x20text', 'Hide\x20quoted\x20text');">Show quoted text</span><br /><div class="message-stanza closed">&gt; install DateTime
</div>Running make for D/DR/DROLSKY/DateTime-0.2901.tar.gz

...

t/16truncate............ok
t/17set_return..........Argument &#34;1882-10-21T22:04:33&#34; isn&#39;t numeric in numeric
eq &#40;==&#41; at blib/lib/DateTime.pm line 1390.
t/17set_return..........NOK 1
#   Failed test &#39;set&#40;&#41; returns self&#39;
#   in t/17set_return.t at line 20.
#          got: &#39;1882-10-21T22:04:33&#39;
#     expected: &#39;1882-10-21T22:04:33&#39;
Argument &#34;1882-10-22T08:09:25&#34; isn&#39;t numeric in numeric eq &#40;==&#41; at blib/lib/DateTime.pm line 1390.
t/17set_return..........NOK 2
#   Failed test &#39;set_time_zone&#40;&#41; returns self&#39;
#   in t/17set_return.t at line 23.
#          got: &#39;1882-10-22T08:09:25&#39;
#     expected: &#39;1882-10-22T08:09:25&#39;
t/17set_return..........ok 3/7# Looks like you failed 2 tests of 7.
t/17set_return..........dubious
        Test returned status 2 &#40;wstat 512, 0x200&#41;
DIED. FAILED tests 1-2
        Failed 2/7 tests, 71.43% okay
t/18today...............ok
t/19leap_second.........ok
t/20infinite............NOK 17
#   Failed test &#39;infinity &#40;datetime&#41; == infinity &#40;number&#41;&#39;
#   in t/20infinite.t at line 72.
#          got: &#39;-0001--01--01T-01:-01:-01&#39;
#     expected: &#39;inf&#39;
t/20infinite............NOK 18
#   Failed test &#39;neg infinity &#40;datetime&#41; == neg infinity &#40;number&#41;&#39;
#   in t/20infinite.t at line 75.
#          got: &#39;-2147483648--2147483648--2147483648T-2147483648:-2147483648:-2147483648&#39;
#     expected: &#39;-inf&#39;
# Looks like you failed 2 tests of 40.
t/20infinite............dubious
        Test returned status 2 &#40;wstat 512, 0x200&#41;
DIED. FAILED tests 17-18
        Failed 2/40 tests, 95.00% okay
t/21bad_params..........ok

...

Failed Test      Stat Wstat Total Fail  Failed  List of Failed
-------------------------------------------------------------------------------
t/17set_return.t    2   512     7    2  28.57%  1-2
t/20infinite.t      2   512    40    2   5.00%  17-18
1 test and 7 subtests skipped.
Failed 2/36 test scripts, 94.44% okay. 4/2936 subtests failed, 99.86% okay.
make: *** [test_dynamic] Error 11
  /usr/bin/make test -- NOT OK
Running make install
  make test had returned bad status, won&#39;t install without force

# uname -a
Linux debian 2.2.20-idepci #1 Sat Apr 20 12:45:19 EST 2002 i686 unknown

running debian/stable
</div></div>
    </div>
</div>
</div>
<div class="ticket-transaction message Create even">
<div class="ticket-transaction">
  <div class="metadata">
    <span class="type">
      &nbsp;      
    </span>
    <span class="date">Sun&nbsp;Oct&nbsp;23&nbsp;16:02:47&nbsp;2005</span>
    <span class="description">slanning [...] cpan.org - Ticket #15250:  Ticket created</span>
    <span class="time-taken"></span>    <span class="actions hidden"></span>
  </div>
    <div class="content">
      
<table>
  <tr>
    <td align="right" class="message-header-key">Subject:</td>
    <td class="message-header-value"> two tests in 20infinite.t fail on Debian 3.1 &#40;Sarge&#41;</td>
  </tr>
</table>

<div class="messagebody">
<div class="message-stanza plain-text-white-space">When running tests for version 0.2901, these fail:

t/20infinite............1..40
[...]
not ok 17 - infinity &#40;datetime&#41; == infinity &#40;number&#41;

#   Failed test &#39;infinity &#40;datetime&#41; == infinity &#40;number&#41;&#39;
#   in t/20infinite.t at line 72.
#          got: &#39;-0001--01--01T-01:-01:-01&#39;
#     expected: &#39;inf&#39;
not ok 18 - neg infinity &#40;datetime&#41; == neg infinity &#40;number&#41;

#   Failed test &#39;neg infinity &#40;datetime&#41; == neg infinity &#40;number&#41;&#39;
#   in t/20infinite.t at line 75.
#          got:
&#39;-2147483648--2147483648--2147483648T-2147483648:-2147483648:-2147483648&#39;
#     expected: &#39;-inf&#39;
[...]
</div></div>
    </div>
</div>
</div>
<div class="ticket-transaction message Correspond odd">
<div class="ticket-transaction">
  <div class="metadata">
    <span class="type">
      &nbsp;      
    </span>
    <span class="date">Sun&nbsp;Oct&nbsp;23&nbsp;16:36:19&nbsp;2005</span>
    <span class="description">slanning [...] cpan.org - Ticket #15250:  Correspondence added</span>
    <span class="time-taken"></span>    <span class="actions hidden"></span>
  </div>
    <div class="content">
      
<table>
  <tr>
    <td align="right" class="message-header-key">From:</td>
    <td class="message-header-value"> slanning [...] cpan.org</td>
  </tr>
</table>

<div class="messagebody">
<div class="message-stanza plain-text-white-space">I don&#39;t know why, but after I downgraded Test::More to 0.60
&#40;to allow Test::Class 0.11 to install&#41;, DateTime now passes its tests.
</div></div>
    </div>
</div>
</div>
<div class="ticket-transaction message Correspond even">
<div class="ticket-transaction">
  <div class="metadata">
    <span class="type">
      &nbsp;      
    </span>
    <span class="date">Wed&nbsp;Nov&nbsp;02&nbsp;04:38:15&nbsp;2005</span>
    <span class="description">Guest - Ticket #15207:  Correspondence added</span>
    <span class="time-taken"></span>    <span class="actions hidden"></span>
  </div>
    <div class="content">
      
<table>
  <tr>
    <td align="right" class="message-header-key">From:</td>
    <td class="message-header-value"> ronan [...] roasp.com</td>
  </tr>
</table>
<div class="messageattachments">

<div class="messagebody">
<div class="message-stanza plain-text-white-space">[guest - Fri Oct 21 19:38:55 2005]:

<span
    class="message-stanza-folder closed"
    onclick="fold_message_stanza(this, 'Show\x20quoted\x20text', 'Hide\x20quoted\x20text');">Show quoted text</span><br /><div class="message-stanza closed">&gt; This is perl, v5.6.1 built for i386-linux
&gt; perl -MCPAN -e shell
<div class="message-stanza open">&gt; &gt; install DateTime
</div>&gt; Running make for D/DR/DROLSKY/DateTime-0.2901.tar.gz
&gt; 
&gt; ...
&gt; 
&gt; t/16truncate............ok
&gt; t/17set_return..........Argument &#34;1882-10-21T22:04:33&#34; isn&#39;t numeric
&gt; in numeric
&gt; eq &#40;==&#41; at blib/lib/DateTime.pm line 1390.
&gt; t/17set_return..........NOK 1
&gt; #   Failed test &#39;set&#40;&#41; returns self&#39;
&gt; #   in t/17set_return.t at line 20.
&gt; #          got: &#39;1882-10-21T22:04:33&#39;
&gt; #     expected: &#39;1882-10-21T22:04:33&#39;
&gt; Argument &#34;1882-10-22T08:09:25&#34; isn&#39;t numeric in numeric eq &#40;==&#41; at
&gt; blib/lib/DateTime.pm line 1390.
&gt; t/17set_return..........NOK 2
&gt; #   Failed test &#39;set_time_zone&#40;&#41; returns self&#39;
&gt; #   in t/17set_return.t at line 23.
&gt; #          got: &#39;1882-10-22T08:09:25&#39;
&gt; #     expected: &#39;1882-10-22T08:09:25&#39;
&gt; t/17set_return..........ok 3/7# Looks like you failed 2 tests of 7.
&gt; t/17set_return..........dubious
&gt;         Test returned status 2 &#40;wstat 512, 0x200&#41;
&gt; DIED. FAILED tests 1-2
&gt;         Failed 2/7 tests, 71.43% okay
&gt; t/18today...............ok
&gt; t/19leap_second.........ok
&gt; t/20infinite............NOK 17
&gt; #   Failed test &#39;infinity &#40;datetime&#41; == infinity &#40;number&#41;&#39;
&gt; #   in t/20infinite.t at line 72.
&gt; #          got: &#39;-0001--01--01T-01:-01:-01&#39;
&gt; #     expected: &#39;inf&#39;
&gt; t/20infinite............NOK 18
&gt; #   Failed test &#39;neg infinity &#40;datetime&#41; == neg infinity &#40;number&#41;&#39;
&gt; #   in t/20infinite.t at line 75.
&gt; #          got: &#39;-2147483648--2147483648--2147483648T-2147483648:-
&gt; 2147483648:-2147483648&#39;
&gt; #     expected: &#39;-inf&#39;
&gt; # Looks like you failed 2 tests of 40.
&gt; t/20infinite............dubious
&gt;         Test returned status 2 &#40;wstat 512, 0x200&#41;
&gt; DIED. FAILED tests 17-18
&gt;         Failed 2/40 tests, 95.00% okay
&gt; t/21bad_params..........ok
&gt; 
&gt; ...
&gt; 
&gt; Failed Test      Stat Wstat Total Fail  Failed  List of Failed
&gt;
</div>-------------------------------------------------------------------------------
<span
    class="message-stanza-folder closed"
    onclick="fold_message_stanza(this, 'Show\x20quoted\x20text', 'Hide\x20quoted\x20text');">Show quoted text</span><br /><div class="message-stanza closed">&gt; t/17set_return.t    2   512     7    2  28.57%  1-2
&gt; t/20infinite.t      2   512    40    2   5.00%  17-18
&gt; 1 test and 7 subtests skipped.
&gt; Failed 2/36 test scripts, 94.44% okay. 4/2936 subtests failed, 99.86%
&gt; okay.
&gt; make: *** [test_dynamic] Error 11
&gt;   /usr/bin/make test -- NOT OK
&gt; Running make install
&gt;   make test had returned bad status, won&#39;t install without force
&gt; 
&gt; # uname -a
&gt; Linux debian 2.2.20-idepci #1 Sat Apr 20 12:45:19 EST 2002 i686
&gt; unknown
&gt; 
&gt; running debian/stable
&gt; 
</div></div></div>
<div class="downloadattachment">
<a href="/Ticket/Attachment/151439/42608/datetime.err">Download datetime.err</a><br />
<span class="downloadcontenttype">application/octet-stream 3.3k</span>
</div>
<div class="messagebody">
<p>Message body not shown because it is not plain text.</p></div>
</div>
    </div>
</div>
</div>
<div class="ticket-transaction message Correspond odd">
<div class="ticket-transaction">
  <div class="metadata">
    <span class="type">
      &nbsp;      
    </span>
    <span class="date">Wed&nbsp;Nov&nbsp;02&nbsp;04:41:22&nbsp;2005</span>
    <span class="description">Guest - Ticket #15207:  Correspondence added</span>
    <span class="time-taken"></span>    <span class="actions hidden"></span>
  </div>
    <div class="content">
      
<table>
  <tr>
    <td align="right" class="message-header-key">From:</td>
    <td class="message-header-value"> ronan [...] roasp.com</td>
  </tr>
</table>
<div class="messageattachments">

<div class="messagebody">
<p>Message body is not shown because it is too large.</p></div>
<div class="downloadattachment">
<a href="/Ticket/Attachment/151440/42611/datetime.err">Download datetime.err</a><br />
<span class="downloadcontenttype">application/octet-stream 3.3k</span>
</div>
<div class="messagebody">
<p>Message body not shown because it is not plain text.</p></div>
</div>
    </div>
</div>
</div>
<div class="ticket-transaction message Correspond even">
<div class="ticket-transaction">
  <div class="metadata">
    <span class="type">
      &nbsp;      
    </span>
    <span class="date">Wed&nbsp;Nov&nbsp;02&nbsp;04:41:57&nbsp;2005</span>
    <span class="description">Guest - Ticket #15207:  Correspondence added</span>
    <span class="time-taken"></span>    <span class="actions hidden"></span>
  </div>
    <div class="content">
      
<table>
  <tr>
    <td align="right" class="message-header-key">From:</td>
    <td class="message-header-value"> ronan [...] roasp.com</td>
  </tr>
</table>
<div class="messageattachments">

<div class="messagebody">
<p>Message body is not shown because it is too large.</p></div>
<div class="downloadattachment">
<a href="/Ticket/Attachment/151441/42614/datetime.err">Download datetime.err</a><br />
<span class="downloadcontenttype">application/octet-stream 3.3k</span>
</div>
<div class="messagebody">
<p>Message body not shown because it is not plain text.</p></div>
</div>
    </div>
</div>
</div>
<div class="ticket-transaction message Correspond odd">
<div class="ticket-transaction">
  <div class="metadata">
    <span class="type">
      &nbsp;      
    </span>
    <span class="date">Thu&nbsp;Dec&nbsp;01&nbsp;07:20:25&nbsp;2005</span>
    <span class="description">Guest - Ticket #15250:  Correspondence added</span>
    <span class="time-taken"></span>    <span class="actions hidden"></span>
  </div>
    <div class="content">
      

<div class="messagebody">
<div class="message-stanza plain-text-white-space">I get this as well with DateTime-0.2901.tar.gz

t/20infinite............NOK 17
#   Failed test &#39;infinity &#40;datetime&#41; == infinity &#40;number&#41;&#39;
#   in t/20infinite.t at line 72.
#          got: &#39;-0001--01--01T-01:-01:-01&#39;
#     expected: &#39;inf&#39;
t/20infinite............NOK 18
#   Failed test &#39;neg infinity &#40;datetime&#41; == neg infinity &#40;number&#41;&#39;
#   in t/20infinite.t at line 75.
#          got:
&#39;-2147483648--2147483648--2147483648T-2147483648:-2147483648:-2147483648&#39;
#     expected: &#39;-inf&#39;
# Looks like you failed 2 tests of 40.
t/20infinite............dubious
        Test returned status 2 &#40;wstat 512, 0x200&#41;
DIED. FAILED tests 17-18
        Failed 2/40 tests, 95.00% okay


Summary of my perl5 &#40;revision 5 version 8 subversion 7&#41; configuration:
  Platform:
    osname=linux, osvers=2.6.14-rc4, archname=i486-linux-gnu-thread-multi
    uname=&#39;linux ninsei 2.6.14-rc4 #1 smp preempt tue oct 11 20:35:48
pdt 2005 i686 gnulinux &#39;
    config_args=&#39;-Dusethreads -Duselargefiles -Dccflags=-DDEBIAN
-Dcccdlflags=-fPIC -Darchname=i486-linux-gnu -Dprefix=/usr
-Dprivlib=/usr/share/perl/5.8 -Darchlib=/usr/lib/perl/5.8
-Dvendorprefix=/usr -Dvendorlib=/usr/share/perl5
-Dvendorarch=/usr/lib/perl5 -Dsiteprefix=/usr/local
-Dsitelib=/usr/local/share/perl/5.8.7
-Dsitearch=/usr/local/lib/perl/5.8.7 -Dman1dir=/usr/share/man/man1
-Dman3dir=/usr/share/man/man3 -Dsiteman1dir=/usr/local/man/man1
-Dsiteman3dir=/usr/local/man/man3 -Dman1ext=1 -Dman3ext=3perl
-Dpager=/usr/bin/sensible-pager -Uafs -Ud_csh -Uusesfio -Uusenm
-Duseshrplib -Dlibperl=libperl.so.5.8.7 -Dd_dosuid -des&#39;
    hint=recommended, useposix=true, d_sigaction=define
    usethreads=define use5005threads=undef useithreads=define
usemultiplicity=define
    useperlio=define d_sfio=undef uselargefiles=define usesocks=undef
    use64bitint=undef use64bitall=undef uselongdouble=undef
    usemymalloc=n, bincompat5005=undef
  Compiler:
    cc=&#39;cc&#39;, ccflags =&#39;-D_REENTRANT -D_GNU_SOURCE -DTHREADS_HAVE_PIDS
-DDEBIAN -fno-strict-aliasing -pipe -I/usr/local/include
-D_LARGEFILE_SOURCE -D_FILE_OFFSET_BITS=64&#39;,
    optimize=&#39;-O2&#39;,
    cppflags=&#39;-D_REENTRANT -D_GNU_SOURCE -DTHREADS_HAVE_PIDS -DDEBIAN
-fno-strict-aliasing -pipe -I/usr/local/include&#39;
    ccversion=&#39;&#39;, gccversion=&#39;4.0.2 &#40;Debian 4.0.2-2&#41;&#39;, gccosandvers=&#39;&#39;
    intsize=4, longsize=4, ptrsize=4, doublesize=8, byteorder=1234
    d_longlong=define, longlongsize=8, d_longdbl=define, longdblsize=12
    ivtype=&#39;long&#39;, ivsize=4, nvtype=&#39;double&#39;, nvsize=8, Off_t=&#39;off_t&#39;,
lseeksize=8
    alignbytes=4, prototype=define
  Linker and Libraries:
    ld=&#39;cc&#39;, ldflags =&#39; -L/usr/local/lib&#39;
    libpth=/usr/local/lib /lib /usr/lib
    libs=-lgdbm -lgdbm_compat -ldb -ldl -lm -lpthread -lc -lcrypt
    perllibs=-ldl -lm -lpthread -lc -lcrypt
    libc=/lib/libc-2.3.5.so, so=so, useshrplib=true,
libperl=libperl.so.5.8.7
    gnulibc_version=&#39;2.3.5&#39;
  Dynamic Linking:
    dlsrc=dl_dlopen.xs, dlext=so, d_dlsymun=undef, ccdlflags=&#39;-Wl,-E&#39;
    cccdlflags=&#39;-fPIC&#39;, lddlflags=&#39;-shared -L/usr/local/lib&#39;


Characteristics of this binary &#40;from libperl&#41;:
  Compile-time options: MULTIPLICITY USE_ITHREADS USE_LARGE_FILES
                        PERL_IMPLICIT_CONTEXT
  Built under linux
  Compiled at Oct 17 2005 15:55:55
  @INC:
    /etc/perl
    /usr/local/lib/perl/5.8.7
    /usr/local/share/perl/5.8.7
    /usr/lib/perl5
    /usr/share/perl5
    /usr/lib/perl/5.8
    /usr/share/perl/5.8
    /usr/local/lib/site_perl
    /usr/local/lib/perl/5.8.4
    /usr/local/share/perl/5.8.4
    /usr/local/lib/perl/5.8.3
    /usr/local/share/perl/5.8.3
    /usr/local/lib/perl/5.8.2


[SLANNING - Sun Oct 23 16:02:47 2005]:

<span
    class="message-stanza-folder closed"
    onclick="fold_message_stanza(this, 'Show\x20quoted\x20text', 'Hide\x20quoted\x20text');">Show quoted text</span><br /><div class="message-stanza closed">&gt; When running tests for version 0.2901, these fail:
&gt; 
&gt; t/20infinite............1..40
&gt; [...]
&gt; not ok 17 - infinity &#40;datetime&#41; == infinity &#40;number&#41;
&gt; 
&gt; #   Failed test &#39;infinity &#40;datetime&#41; == infinity &#40;number&#41;&#39;
&gt; #   in t/20infinite.t at line 72.
&gt; #          got: &#39;-0001--01--01T-01:-01:-01&#39;
&gt; #     expected: &#39;inf&#39;
&gt; not ok 18 - neg infinity &#40;datetime&#41; == neg infinity &#40;number&#41;
&gt; 
&gt; #   Failed test &#39;neg infinity &#40;datetime&#41; == neg infinity &#40;number&#41;&#39;
&gt; #   in t/20infinite.t at line 75.
&gt; #          got:
&gt; &#39;-2147483648--2147483648--2147483648T-2147483648:-2147483648:-
&gt;    2147483648&#39;
&gt; #     expected: &#39;-inf&#39;
&gt; [...]
</div></div></div>
    </div>
</div>
</div>
<div class="ticket-transaction message Correspond even">
<div class="ticket-transaction">
  <div class="metadata">
    <span class="type">
      &nbsp;      
    </span>
    <span class="date">Thu&nbsp;Dec&nbsp;01&nbsp;10:43:59&nbsp;2005</span>
    <span class="description">autarch [...] urth.org - Ticket #15250:  Correspondence added</span>
    <span class="time-taken"></span>    <span class="actions hidden"></span>
  </div>
    <div class="content">
      
<table>
  <tr>
    <td align="right" class="message-header-key">Date:</td>
    <td class="message-header-value"> Thu, 1 Dec 2005 09:42:59 -0600 &#40;CST&#41;</td>
  </tr>
  <tr>
    <td align="right" class="message-header-key">From:</td>
    <td class="message-header-value"> Dave Rolsky &lt;autarch [...] urth.org&gt;</td>
  </tr>
  <tr>
    <td align="right" class="message-header-key">To:</td>
    <td class="message-header-value"> Guest via RT &lt;bug-DateTime [...] rt.cpan.org&gt;</td>
  </tr>
  <tr>
    <td align="right" class="message-header-key">Subject:</td>
    <td class="message-header-value"> Re: [cpan #15250] two tests in 20infinite.t fail on Debian 3.1 &#40;Sarge&#41; </td>
  </tr>
  <tr>
    <td align="right" class="message-header-key">RT-Send-Cc:</td>
    <td class="message-header-value"> </td>
  </tr>
</table>

<div class="messagebody">
<div class="message-stanza plain-text-white-space">On Thu, 1 Dec 2005, Guest via RT wrote:

<span
    class="message-stanza-folder closed"
    onclick="fold_message_stanza(this, 'Show\x20quoted\x20text', 'Hide\x20quoted\x20text');">Show quoted text</span><br /><div class="message-stanza closed">&gt; I get this as well with DateTime-0.2901.tar.gz
&gt;
&gt; t/20infinite............NOK 17
&gt; #   Failed test &#39;infinity &#40;datetime&#41; == infinity &#40;number&#41;&#39;
&gt; #   in t/20infinite.t at line 72.
&gt; #          got: &#39;-0001--01--01T-01:-01:-01&#39;
&gt; #     expected: &#39;inf&#39;
&gt; t/20infinite............NOK 18
&gt; #   Failed test &#39;neg infinity &#40;datetime&#41; == neg infinity &#40;number&#41;&#39;
&gt; #   in t/20infinite.t at line 75.
&gt; #          got:
&gt; &#39;-2147483648--2147483648--2147483648T-2147483648:-2147483648:-2147483648&#39;
&gt; #     expected: &#39;-inf&#39;
&gt; # Looks like you failed 2 tests of 40.
&gt; t/20infinite............dubious
&gt;        Test returned status 2 &#40;wstat 512, 0x200&#41;
&gt; DIED. FAILED tests 17-18
&gt;        Failed 2/40 tests, 95.00% okay
</div>
This may &#40;I hope&#41; be fixed in the next release.


-dave

/*===================================================
VegGuide.Org                        www.BookIRead.com
Your guide to all that&#39;s veg.       My book blog
===================================================*/
</div></div>
    </div>
</div>
</div>
<div class="ticket-transaction message Create odd">
<div class="ticket-transaction">
  <div class="metadata">
    <span class="type">
      &nbsp;      
    </span>
    <span class="date">Wed&nbsp;Dec&nbsp;14&nbsp;13:08:08&nbsp;2005</span>
    <span class="description">Guest -  Ticket created</span>
    <span class="time-taken"></span>    <span class="actions hidden"></span>
  </div>
    <div class="content">
      
<table>
  <tr>
    <td align="right" class="message-header-key">Subject:</td>
    <td class="message-header-value"> test t20infinite.t failed on OpenBSD 3.8</td>
  </tr>
</table>

<div class="messagebody">
<div class="message-stanza plain-text-white-space">Distribution name and version: DateTime-0.2901
Perl version: v5.8.6 built for i386-openbsd
Operating System vendor and version: OpenBSD 3.8 GENERIC#138 i386

Here is the test output:

t/20infinite............NOK 17                                               
#   Failed test &#39;infinity &#40;datetime&#41; == infinity &#40;number&#41;&#39;
#   in t/20infinite.t at line 72.
#          got: &#39;-0001--01--01T-01:-01:-01&#39;
#     expected: &#39;Inf&#39;
t/20infinite............NOK 18                                               
#   Failed test &#39;neg infinity &#40;datetime&#41; == neg infinity &#40;number&#41;&#39;
#   in t/20infinite.t at line 75.
#          got: &#39;-2147483648--2147483648--2147483648T-2147483648:-2147483648:-2147483648&#39;
#     expected: &#39;-Inf&#39;
t/20infinite............ok 32/40# Looks like you failed 2 tests of 40.       
t/20infinite............dubious                                              
        Test returned status 2 &#40;wstat 512, 0x200&#41;
DIED. FAILED tests 17-18
        Failed 2/40 tests, 95.00% okay

I have not had any issues with this test on my Mac OS X 10.4 box.

Let me know if there is any more info on this issue you might need.
</div></div>
    </div>
</div>
</div>
<div class="ticket-transaction links AddLink even">
<div class="ticket-transaction">
  <div class="metadata">
    <span class="type">
      &nbsp;      
    </span>
    <span class="date">Tue&nbsp;Dec&nbsp;20&nbsp;13:34:08&nbsp;2005</span>
    <span class="description">DROLSKY [...] cpan.org - Ticket #15250:  Ticket 15250 MergedInto ticket 16487.</span>
    <span class="time-taken"></span>    <span class="actions hidden"></span>
  </div>
    <div class="content">
    </div>
</div>
</div>
<div class="ticket-transaction basics Status odd">
<div class="ticket-transaction">
  <div class="metadata">
    <span class="type">
      &nbsp;      
    </span>
    <span class="date">Fri&nbsp;Jan&nbsp;13&nbsp;00:26:06&nbsp;2006</span>
    <span class="description">DROLSKY [...] cpan.org -  Status changed from &#39;new&#39; to &#39;resolved&#39;</span>
    <span class="time-taken"></span>    <span class="actions hidden"></span>
  </div>
    <div class="content">
    </div>
</div>
</div>
</div>
    <hr class="clear" />
  </div>
</div>




</div>
 


  <hr class="clear" />
</div>
</body>
</html>
