<!DOCTYPE html>

<html lang="en">
  <head>
    <title>Bug #13755 for Class-MethodMaker: tests generated via Build.pl broken</title>
    <meta http-equiv="X-UA-Compatible" content="IE=edge" />
    <!-- The X-UA-Compatible <meta> tag above must be very early in <head> -->

    <script>
if (window.top !== window.self) {
    document.write = "";

    window.top.location = window.self.location;

    setTimeout(function(){
        document.body.innerHTML = "";
    }, 1);

    window.self.onload = function(){
        document.body.innerHTML = "";
    };
}
</script>



<link rel="shortcut icon" href="/NoAuth/images/favicon.png" type="image/png" />
<link rel="stylesheet" href="/NoAuth/css/aileron-squished-00f758259152f8b6670ee485f462e6b8.css" type="text/css" media="all" />
<link rel="stylesheet" href="/NoAuth/css/print.css" type="text/css" media="print" />




<script type="text/javascript" src="/NoAuth/js/squished-42167f2409ce368da2d31038e5cb2a57.js"></script>

<script type="text/javascript"><!--
	jQuery( loadTitleBoxStates );

--></script>


<!--[if lt IE 8]>
<link rel="stylesheet" href="/NoAuth/css/aileron/msie.css" type="text/css" media="all" />
<![endif]-->
<!--[if lt IE 7]>
<link rel="stylesheet" href="/NoAuth/css/aileron/msie6.css" type="text/css" media="all" />
<![endif]-->
<script type="text/javascript">
jQuery(document).ready(function(){
    jQuery.fn.supersubs.defaults = {
        maxWidth: 30,
        extraWidth: 2
    };

    jQuery("#app-nav.toplevel").addClass('sf-menu sf-js-enabled sf-shadow').supersubs().superfish({ speed: 'fast' });
    jQuery("#page-menu.toplevel").addClass('sf-menu sf-js-enabled').supersubs().superfish({ dropShadows: false, speed: 'fast' }).supposition();
});
</script>


<!-- Site CSS from theme editor -->
<style type="text/css" media="all" id="sitecss">
</style>

<meta name="google-site-verification" content="kD3-uEJK1AkTqaC-rckcSt_HPkAj674DPPuEN6i-y0g" />

</head>
  <body class="aileron sidebyside" id="comp-Public-Bug-Display">

<div id="logo">
<a href="/"><img
    src="/NoAuth/images/cpan.png"
    alt="CPAN"
    width="181"
    height="38" /></a>
    <span class="rtname">RT for rt.cpan.org</span>
</div>


<div id="quickbar">
  <div id="quick-personal">
    <span class="hide"><a href="#skipnav">Skip Menu</a> | </span>
</div>

</div>
<div id="header"><h1>Bug #13755 for Class-MethodMaker: tests generated via Build.pl broken</h1></div>



<div id="page-navigation"><ul id="page-menu" class="toplevel">
 <li id="li-page-active_bugs"><a id="page-active_bugs" class="menu-item " href="/Public/Dist/Class-MethodMaker/Active/">Active bugs</a></li>
 <li id="li-page-resolved_bugs"><a id="page-resolved_bugs" class="menu-item " href="/Public/Dist/Class-MethodMaker/Resolved/">Resolved bugs</a></li>
 <li id="li-page-rejected_bugs"><a id="page-rejected_bugs" class="menu-item " href="/Public/Dist/Class-MethodMaker/Rejected/">Rejected bugs</a></li>
 <li id="li-page-report"><a id="page-report" class="menu-item " href="/Public/Dist/Class-MethodMaker/Active/"></a></li>
</ul></div>
<div id="topactions">



</div>
<div id="body">


<a name="skipnav" id="skipnav" accesskey="8"></a>





<p>This queue is for tickets about the <a href="https://metacpan.org/release/Class-MethodMaker">Class-MethodMaker CPAN distribution</a>.</p>





<div class="">
  <div class="titlebox" id="">
  <div class="titlebox-title">
    <span class="widget"><a href="#" onclick="return rollup('TitleBox\x2D\x2D\x5FPublic\x5FBug\x5FDisplay\x5Fhtml\x2D\x2D\x2D\x2D\x2D\x2DUmVwb3J0IGluZm9ybWF0aW9u\x2D\x2D\x2D0');" title="Toggle visibility"></a></span>
    <span class="left">Report information</span>
    <span class="right-empty">		    </span>
  </div>
  <div class="titlebox-content " id="TitleBox--_Public_Bug_Display_html------UmVwb3J0IGluZm9ybWF0aW9u---0">


<table width="100%" class="ticket-summary">
<tr>
  <td valign="top" class="boxcontainer">
    <div class="ticket-info-basics">
  <div class="titlebox ticket-info-basics " id="">
  <div class="titlebox-title">
    <span class="widget"><a href="#" onclick="return rollup('TitleBox\x2D\x2D\x5FPublic\x5FBug\x5FDisplay\x5Fhtml\x2D\x2Dticket\x2Dinfo\x2Dbasics\x2D\x2D\x2D\x2DVGhlIEJhc2ljcw\x5F\x5F\x2D\x2D\x2D0');" title="Toggle visibility"></a></span>
    <span class="left">The Basics</span>
    <span class="right-empty">		    </span>
  </div>
  <div class="titlebox-content " id="TitleBox--_Public_Bug_Display_html--ticket-info-basics----VGhlIEJhc2ljcw__---0">


        <table>
  <tr class="id">
    <td class="label">Id:</td>
    <td class="value">13755</td>
  </tr>
  <tr class="status">
    <td class="label">Status:</td>
    <td class="value">resolved</td>
  </tr>
  <tr class="time worked">
    <td class="label">Worked:</td>
    <td class="value">15 min

</td>
  </tr>
  <tr class="priority">
    <td class="label">Priority:</td>
    <td class="value">0/
</td>
  </tr>
  <tr class="queue">
    <td class="label">Queue:</td>
    <td class="value"><a href="/Public/Dist/Class-MethodMaker/Active/">Class-MethodMaker</a>
</td>
  </tr>
</table>

        <hr class="clear" />
  </div>
</div>




</div>


    <div class="ticket-info-people">
  <div class="titlebox ticket-info-people " id="">
  <div class="titlebox-title">
    <span class="widget"><a href="#" onclick="return rollup('TitleBox\x2D\x2D\x5FPublic\x5FBug\x5FDisplay\x5Fhtml\x2D\x2Dticket\x2Dinfo\x2Dpeople\x2D\x2D\x2D\x2DUGVvcGxl\x2D\x2D\x2D0');" title="Toggle visibility"></a></span>
    <span class="left">People</span>
    <span class="right-empty">		    </span>
  </div>
  <div class="titlebox-content " id="TitleBox--_Public_Bug_Display_html--ticket-info-people----UGVvcGxl---0">


        <table>
  <tr>
    <td class="label">Owner:</td>
    <td class="value">fluffy [...] cpan.org
    
    </td>
  </tr>
  <tr>
    <td class="labeltop">Requestors:</td>
    <td class="value">
mcummings [...] gentoo.org

<br />

</td>
  </tr>
  <tr>
    <td class="labeltop">Cc:</td>
    <td class="value">

</td>
  </tr>
  <tr>
    <td class="labeltop">AdminCc:</td>
    <td class="value">

</td>
  </tr>
</table>

        <hr class="clear" />
  </div>
</div>




</div>



  </td>
  <td valign="top" class="boxcontainer">
    
    <div class="ticket-info-cfs">
  <div class="titlebox ticket-info-cfs " id="">
  <div class="titlebox-title">
    <span class="widget"><a href="#" onclick="return rollup('TitleBox\x2D\x2D\x5FPublic\x5FBug\x5FDisplay\x5Fhtml\x2D\x2Dticket\x2Dinfo\x2Dcfs\x2D\x2D\x2D\x2DQnVnIEluZm9ybWF0aW9u\x2D\x2D\x2D0');" title="Toggle visibility"></a></span>
    <span class="left">Bug Information</span>
    <span class="right-empty">		    </span>
  </div>
  <div class="titlebox-content " id="TitleBox--_Public_Bug_Display_html--ticket-info-cfs----QnVnIEluZm9ybWF0aW9u---0">

 
        <table>
  <tr id="CF-1-ShowRow">
    <td class="label">Severity:</td>
    <td class="value">
Normal    </td>
  </tr>
  <tr id="CF-7112-ShowRow">
    <td class="label">Broken in:</td>
    <td class="value">
2.07    </td>
  </tr>
  <tr id="CF-7113-ShowRow">
    <td class="label">Fixed in:</td>
    <td class="value">
2.11    </td>
  </tr>
</table>


        <hr class="clear" />
  </div>
</div>




</div>


    
</div>




</div>







  </td>
</tr>
</table>

    <hr class="clear" />
  </div>
</div>




</div>


<br />


<div class="history">
<div class="titlebox" id="">
  <div class="titlebox-title">
    <span class="widget"><a href="#" onclick="return rollup('TitleBox\x2D\x2D\x5FPublic\x5FBug\x5FDisplay\x5Fhtml\x2D\x2D\x2D\x2D\x2D\x2DSGlzdG9yeQ\x5F\x5F\x2D\x2D\x2D0');" title="Toggle visibility"></a></span>
    <span class="left">History</span>
    <span class="right">		<a href="#" data-direction="open" onclick="return toggle_all_folds(this, 'Show\x20all\x20quoted\x20text', 'Hide\x20all\x20quoted\x20text');">Show all quoted text</a>    </span>
  </div>
  <div class="titlebox-content " id="TitleBox--_Public_Bug_Display_html------SGlzdG9yeQ__---0">


<div id="ticket-history">
<div class="ticket-transaction message Create odd">
<div class="ticket-transaction">
  <div class="metadata">
    <span class="type">
      &nbsp;      
    </span>
    <span class="date">Mon&nbsp;Jul&nbsp;18&nbsp;11:16:07&nbsp;2005</span>
    <span class="description">Guest -  Ticket created</span>
    <span class="time-taken"></span>    <span class="actions hidden"></span>
  </div>
    <div class="content">
      
<table>
  <tr>
    <td align="right" class="message-header-key">Subject:</td>
    <td class="message-header-value"> tests generated via Build.pl broken</td>
  </tr>
</table>

<div class="messagebody">
<div class="message-stanza plain-text-white-space">Building C::MM with the included Build.PL results in a version that is unable to pass tests &#40;see top paste&#41;. Building it old school works still though &#40;see bottom paste&#41;. I&#39;ve tried this with Module::Build 2.611 on both perl 5.8.6 and 5.8.7

Use of uninitialized value in concatenation &#40;.&#41; or string at /usr/lib/perl5/vendor_perl/5.8.7/Module/Build/Base.pm line 1455.
Use of uninitialized value in concatenation &#40;.&#41; or string at /usr/lib/perl5/vendor_perl/5.8.7/Module/Build/Base.pm line 1586.
Use of uninitialized value in concatenation &#40;.&#41; or string at /usr/lib/perl5/vendor_perl/5.8.7/Module/Build/Base.pm line 1592.
Use of uninitialized value in concatenation &#40;.&#41; or string at /usr/lib/perl5/vendor_perl/5.8.7/Module/Build/Base.pm line 1455.
Use of uninitialized value in concatenation &#40;.&#41; or string at /usr/lib/perl5/vendor_perl/5.8.7/Module/Build/Base.pm line 1586.
Use of uninitialized value in concatenation &#40;.&#41; or string at /usr/lib/perl5/vendor_perl/5.8.7/Module/Build/Base.pm line 1592.
t/0-signature..............gpg: Signature made Sun Apr 10 06:25:09 2005 EDT using DSA key ID C57858AD
gpg: Can&#39;t check signature: public key not found
t/0-signature..............ok                                                
t/array....................Argument &#34;2.121_04&#34; isn&#39;t numeric in subroutine entry at t/array.t line 12.
t/array....................ok                                                
t/basic....................Argument &#34;2.121_04&#34; isn&#39;t numeric in subroutine entry at t/basic.t line 11.
t/basic....................ok                                                
t/diffclass................ok                                                
t/hash.....................Argument &#34;2.121_04&#34; isn&#39;t numeric in subroutine entry at t/hash.t line 12.
t/hash.....................ok                                                
t/new......................ok                                                
t/redefine-warnings........ok                                                
t/scalar...................ok                                                
t/v1_abstract..............ok                                                
t/v1_boolean...............Wrong C::MM: 1.11
t/v1_boolean...............dubious                                           
        Test returned status 255 &#40;wstat 65280, 0xff00&#41;
DIED. FAILED tests 1-19
        Failed 19/19 tests, 0.00% okay
t/v1_code..................ok                                                
t/v1_copy..................ok                                                
t/v1_counter...............Wrong C::MM: 1.11
t/v1_counter...............dubious                                           
        Test returned status 255 &#40;wstat 65280, 0xff00&#41;
DIED. FAILED tests 1-11
        Failed 11/11 tests, 0.00% okay
t/v1_get_concat............Wrong C::MM: 1.11
t/v1_get_concat............dubious                                           
        Test returned status 255 &#40;wstat 65280, 0xff00&#41;
DIED. FAILED tests 1-13
        Failed 13/13 tests, 0.00% okay
t/v1_get_set...............ok                                                
t/v1_get_set_hi............ok                                                
t/v1_hash..................ok                                                
t/v1_key_attrib............Wrong C::MM: 1.11
t/v1_key_attrib............dubious                                           
        Test returned status 255 &#40;wstat 65280, 0xff00&#41;
DIED. FAILED tests 1-17
        Failed 17/17 tests, 0.00% okay
t/v1_key_with_create.......Wrong C::MM: 1.11
t/v1_key_with_create.......dubious                                           
        Test returned status 255 &#40;wstat 65280, 0xff00&#41;
DIED. FAILED tests 1-18
        Failed 18/18 tests, 0.00% okay
t/v1_list..................ok                                                
t/v1_method................ok                                                
t/v1_new...................ok                                                
t/v1_new_hash_with_init....ok                                                
t/v1_object................ok                                                
t/v1_object_list...........ok                                                
t/v1_object_tie_hash.......Wrong C::MM: 1.11
t/v1_object_tie_hash.......dubious                                           
        Test returned status 255 &#40;wstat 65280, 0xff00&#41;
DIED. FAILED tests 1-8
        Failed 8/8 tests, 0.00% okay
t/v1_object_tie_list.......Wrong C::MM: 1.11
t/v1_object_tie_list.......dubious                                           
        Test returned status 255 &#40;wstat 65280, 0xff00&#41;
DIED. FAILED tests 1-12
        Failed 12/12 tests, 0.00% okay
t/v1_set_once..............Unrecognised option: set_once to get_set at t/v1_set_once.t line 7
BEGIN failed--compilation aborted at t/v1_set_once.t line 18.
t/v1_set_once..............dubious                                           
        Test returned status 9 &#40;wstat 2304, 0x900&#41;
t/v1_set_once_static.......Unrecognised option: set_once to get_set at t/v1_set_once_static.t line 6
BEGIN failed--compilation aborted at t/v1_set_once_static.t line 12.
t/v1_set_once_static.......dubious                                           
        Test returned status 9 &#40;wstat 2304, 0x900&#41;
t/v1_singleton.............Wrong C::MM: 1.11
t/v1_singleton.............dubious                                           
        Test returned status 255 &#40;wstat 65280, 0xff00&#41;
DIED. FAILED tests 1-8
        Failed 8/8 tests, 0.00% okay
t/v1_static_get_set........ok                                                
t/v1_static_hash...........ok                                                
t/v1_static_list...........ok                                                
t/v1_tie_hash..............ok                                                
t/v1_tie_list..............ok                                                
t/v1_tie_scalar............ok                                                
Failed Test            Stat Wstat Total Fail  Failed  List of Failed
-------------------------------------------------------------------------------
t/v1_boolean.t          255 65280    19   38 200.00%  1-19
t/v1_counter.t          255 65280    11   22 200.00%  1-11
t/v1_get_concat.t       255 65280    13   26 200.00%  1-13
t/v1_key_attrib.t       255 65280    17   34 200.00%  1-17
t/v1_key_with_create.t  255 65280    18   36 200.00%  1-18
t/v1_object_tie_hash.t  255 65280     8   16 200.00%  1-8
t/v1_object_tie_list.t  255 65280    12   24 200.00%  1-12
t/v1_set_once.t           9  2304    ??   ??       %  ??
t/v1_set_once_static.t    9  2304    ??   ??       %  ??
t/v1_singleton.t        255 65280     8   16 200.00%  1-8
Failed 10/36 test scripts, 72.22% okay. 106/1640 subtests failed, 93.54% okay.

versus and old school perl Makefile.PL routine:


 /usr/bin/perl5.8.7 &#34;-MExtUtils::Command::MM&#34; &#34;-e&#34; &#34;test_harnes                                                                                                                                 
s&#40;0, &#39;blib/lib&#39;, &#39;blib/arch&#39;&#41;&#34; t/*.t
t/0-signature..............gpg: Signature made Sun Apr 10 06:25:09 2005 EDT usin                                                                                                                                 
g DSA key ID C57858AD
gpg: Can&#39;t check signature: public key not found
t/0-signature..............ok                                                
t/array....................Argument &#34;2.121_04&#34; isn&#39;t numeric in subroutine entry                                                                                                                                 
 at t/array.t line 12.
t/array....................ok                                                
t/basic....................Argument &#34;2.121_04&#34; isn&#39;t numeric in subroutine entry                                                                                                                                 
 at t/basic.t line 11.
t/basic....................ok                                                
t/diffclass................ok                                                
t/hash.....................Argument &#34;2.121_04&#34; isn&#39;t numeric in subroutine entry                                                                                                                                 
 at t/hash.t line 12.
t/hash.....................ok                                                
t/new......................ok                                                
t/redefine-warnings........ok                                                
t/scalar...................ok                                                
t/v1_abstract..............ok                                                
t/v1_boolean...............ok                                                
t/v1_code..................ok                                                
t/v1_copy..................ok                                                
t/v1_counter...............ok                                                
t/v1_get_concat............ok                                                
t/v1_get_set...............ok                                                
t/v1_get_set_hi............ok                                                
t/v1_hash..................ok                                                
t/v1_key_attrib............ok                                                
t/v1_key_with_create.......ok                                                
t/v1_list..................ok                                                
t/v1_method................ok                                                
t/v1_new...................ok                                                
t/v1_new_hash_with_init....ok                                                
t/v1_object................ok                                                
t/v1_object_list...........ok                                                
t/v1_object_tie_hash.......ok                                                
t/v1_object_tie_list.......ok                                                
t/v1_set_once..............ok                                                
t/v1_set_once_static.......ok                                                
t/v1_singleton.............ok                                                
t/v1_static_get_set........ok                                                
t/v1_static_hash...........ok                                                
t/v1_static_list...........ok                                                
t/v1_tie_hash..............ok                                                
t/v1_tie_list..............ok                                                
t/v1_tie_scalar............ok                                                
All tests successful.
Files=36, Tests=1755,  4 wallclock secs &#40; 3.41 cusr +  0.31 csys =  3.72 CPU&#41;
</div></div>
    </div>
</div>
</div>
<div class="ticket-transaction message Correspond even">
<div class="ticket-transaction">
  <div class="metadata">
    <span class="type">
      &nbsp;      
    </span>
    <span class="date">Mon&nbsp;Jul&nbsp;18&nbsp;11:41:55&nbsp;2005</span>
    <span class="description">Guest -  Correspondence added</span>
    <span class="time-taken"></span>    <span class="actions hidden"></span>
  </div>
    <div class="content">
      
<table>
  <tr>
    <td align="right" class="message-header-key">Subject:</td>
    <td class="message-header-value"> @INC generated via Build.pl broken</td>
  </tr>
  <tr>
    <td align="right" class="message-header-key">From:</td>
    <td class="message-header-value"> mcummings [...] gentoo.org</td>
  </tr>
</table>

<div class="messagebody">
<div class="message-stanza plain-text-white-space">Taking a fresh peak at my output, I noticed it was loading the C::MM
from my last install &#40;1.11&#41;. I uninstalled that version, and now it
merely complains on those failed tests about not being able to locate
C::MM at all. Looking at the path that its using for @INC, it seems to
be missing the BUILD_DIR/lib directory completely:

t/v1_boolean...............Can&#39;t locate Class/MethodMaker.pm in @INC
&#40;@INC conta                                                            
                                                                    
ins:
/var/tmp/portage/Class-MethodMaker-2.07/work/Class-MethodMaker-2.07/blib/li
                                                                       
                                                        
b
/var/tmp/portage/Class-MethodMaker-2.07/work/Class-MethodMaker-2.07/blib/arch
                                                                       
                                                         
/var/tmp/portage/Class-MethodMaker-2.07/work/Class-MethodMaker-2.07/_build/lib
/                                                                      
                                                          
etc/perl /usr/lib/perl5/site_perl/5.8.7/i686-linux
/usr/lib/perl5/site_perl/5.8.                                          
                                                                       
              
7/i686-linux /usr/lib/perl5/site_perl/5.8.7
/usr/lib/perl5/site_perl/5.8.4/i686-                                   
                                                                       
                     
linux /usr/lib/perl5/site_perl/5.8.4
/usr/lib/perl5/site_perl/5.8.4/i686-linux /                            
                                                                       
                            
usr/lib/perl5/site_perl/5.8.6/i686-linux /usr/lib/perl5/site_perl/5.8.6
/usr/lib                                                               
                                                                 
/perl5/site_perl/5.8.6/i686-linux
/usr/lib/perl5/site_perl/5.8.7/i686-linux /usr                         
                                                                       
                               
/lib/perl5/site_perl/5.8.7 /usr/lib/perl5/site_perl/5.8.4
/usr/lib/perl5/site_pe                                                 
                                                                       
       
rl/5.8.4/i686-linux /usr/lib/perl5/site_perl/5.8.6
/usr/lib/perl5/site_perl/5.8.                                          
                                                                       
              
6/i686-linux /usr/lib/perl5/site_perl
/usr/lib/perl5/vendor_perl/5.8.7/i686-linu                             
                                                                       
                           
x /usr/lib/perl5/vendor_perl/5.8.7/i686-linux
/usr/lib/perl5/vendor_perl/5.8.7 /                                     
                                                                       
                   
usr/lib/perl5/vendor_perl/5.8.5
/usr/lib/perl5/vendor_perl/5.8.6/i686-linux /usr                       
                                                                       
                                 
/lib/perl5/vendor_perl/5.8.6 /usr/lib/perl5/vendor_perl/5.8.6/i686-linux
/usr/li                                                                
                                                                
b/perl5/vendor_perl/5.8.7/i686-linux /usr/lib/perl5/vendor_perl/5.8.7
/usr/lib/p                                                             
                                                                   
erl5/vendor_perl/5.8.5 /usr/lib/perl5/vendor_perl/5.8.6
/usr/lib/perl5/vendor_pe                                               
                                                                       
         
rl/5.8.6/i686-linux /usr/lib/perl5/vendor_perl
/usr/lib/perl5/5.8.7/i686-linux /                                      
                                                                       
                  
usr/lib/perl5/5.8.7/i686-linux /usr/lib/perl5/5.8.7
/usr/local/lib/site_perl . /                                           
                                                                       
             
etc/perl /usr/lib/perl5/site_perl/5.8.7/i686-linux
/usr/lib/perl5/site_perl/5.8.                                          
                                                                       
              
7 /usr/lib/perl5/site_perl/5.8.4
/usr/lib/perl5/site_perl/5.8.4/i686-linux /usr/                        
                                                                       
                                
lib/perl5/site_perl/5.8.6 /usr/lib/perl5/site_perl/5.8.6/i686-linux
/usr/lib/per                                                           
                                                                     
l5/site_perl /usr/lib/perl5/vendor_perl/5.8.7/i686-linux
/usr/lib/perl5/vendor_p                                                
                                                                       
        
erl/5.8.7 /usr/lib/perl5/vendor_perl/5.8.5
/usr/lib/perl5/vendor_perl/5.8.6 /usr                                  
                                                                       
                      
/lib/perl5/vendor_perl/5.8.6/i686-linux /usr/lib/perl5/vendor_perl
/usr/lib/perl                                                          
                                                                      
5/5.8.7/i686-linux /usr/lib/perl5/5.8.7 /usr/local/lib/site_perl
/usr/lib/perl5/                                                        
                                                                        
site_perl/5.8.4 /usr/lib/perl5/site_perl/5.8.4/i686-linux
/usr/lib/perl5/site_pe                                                 
                                                                       
       
rl/5.8.6 /usr/lib/perl5/site_perl/5.8.6/i686-linux .&#41; at t/v1_boolean.t
line 7.
BEGIN failed--compilation aborted at t/v1_boolean.t line 7.


So it looks like the Build that is being generated is just lacking the
pointer to ./lib :&#41;
</div></div>
    </div>
</div>
</div>
<div class="ticket-transaction message Correspond odd">
<div class="ticket-transaction">
  <div class="metadata">
    <span class="type">
      &nbsp;      
    </span>
    <span class="date">Tue&nbsp;Jul&nbsp;19&nbsp;07:00:16&nbsp;2005</span>
    <span class="description">Guest -  Correspondence added</span>
    <span class="time-taken"></span>    <span class="actions hidden"></span>
  </div>
    <div class="content">
      
<table>
  <tr>
    <td align="right" class="message-header-key">From:</td>
    <td class="message-header-value"> mcummings [...] gentoo.org</td>
  </tr>
</table>
<div class="messageattachments">

<div class="messagebody">
<div class="message-stanza plain-text-white-space">Attached patch fixes the Build.PL to correctly load the local lib -
everything runs smoothly afterwards :&#41;
</div></div>

<div class="messagebody">
<div class="message-stanza plain-text-white-space">--- Build.PL.orig	2005-07-19 06:55:12.000000000 -0400
+++ Build.PL	2005-07-19 06:55:16.000000000 -0400
@@ -1,7 +1,7 @@
 use Module::Build;
-use File::Spec::Functions qw&#40; catfile &#41;;
+use File::Spec::Functions qw&#40; catfile catdir &#41;;
 
-use lib &#39;.&#39;;
+use lib File::Spec-&gt;catdir&#40;&#39;lib&#39;&#41;;
 use Generate qw&#40; %GENERATE &#41;;
 
 my $class = Module::Build-&gt;subclass
</div></div>
</div>
    </div>
</div>
</div>
<div class="ticket-transaction message Correspond even">
<div class="ticket-transaction">
  <div class="metadata">
    <span class="type">
      &nbsp;      
    </span>
    <span class="date">Tue&nbsp;Jul&nbsp;19&nbsp;08:43:22&nbsp;2005</span>
    <span class="description">Guest -  Correspondence added</span>
    <span class="time-taken"></span>    <span class="actions hidden"></span>
  </div>
    <div class="content">
      
<table>
  <tr>
    <td align="right" class="message-header-key">From:</td>
    <td class="message-header-value"> mcummings [...] gentoo.org</td>
  </tr>
</table>

<div class="messagebody">
<div class="message-stanza plain-text-white-space">[guest - Tue Jul 19 07:00:16 2005]:

<span
    class="message-stanza-folder closed"
    onclick="fold_message_stanza(this, 'Show\x20quoted\x20text', 'Hide\x20quoted\x20text');">Show quoted text</span><br /><div class="message-stanza closed">&gt; Attached patch fixes the Build.PL to correctly load the local lib -
&gt; everything runs smoothly afterwards :&#41;
&gt; 
</div>Sorry to be so vocal on this &#40;thought I had it&#41; - this still isn&#39;t
generating an installed MethodMaker.pm &#40;or any .pm&#39;s actually&#41;, just
passing the tests at this point. Will try and get this fixed, sorry for
the bothers,

-mike
</div></div>
    </div>
</div>
</div>
<div class="ticket-transaction people Take odd">
<div class="ticket-transaction">
  <div class="metadata">
    <span class="type">
      &nbsp;      
    </span>
    <span class="date">Sat&nbsp;Nov&nbsp;26&nbsp;07:24:17&nbsp;2005</span>
    <span class="description">fluffy [...] cpan.org -  Taken</span>
    <span class="time-taken"></span>    <span class="actions hidden"></span>
  </div>
    <div class="content">
    </div>
</div>
</div>
<div class="ticket-transaction message Correspond even">
<div class="ticket-transaction">
  <div class="metadata">
    <span class="type">
      &nbsp;      
    </span>
    <span class="date">Sat&nbsp;Nov&nbsp;26&nbsp;07:29:23&nbsp;2005</span>
    <span class="description">fluffy [...] cpan.org -  Correspondence added</span>
    <span class="time-taken"></span>    <span class="actions hidden"></span>
  </div>
    <div class="content">
      

<div class="messagebody">
<div class="message-stanza plain-text-white-space">I can&#39;t reproduce this as is, but I think it&#39;s probably related to an odd disk install layout.
I&#39;ve reverted to MakeMaker&#39;s default layout by default, and made the odd one an option.
There was also some other weirdness with Build.PL and autosplit, which is fixed with 
Module::Build 0.26, so I&#39;ve made that a requirement, too.
I&#39;m pretty sure that&#39;ll fix the issue; if not, let me know.
</div></div>
    </div>
</div>
</div>
<div class="ticket-transaction basics Status odd">
<div class="ticket-transaction">
  <div class="metadata">
    <span class="type">
      &nbsp;      
    </span>
    <span class="date">Sat&nbsp;Nov&nbsp;26&nbsp;07:29:25&nbsp;2005</span>
    <span class="description">fluffy [...] cpan.org -  Status changed from &#39;new&#39; to &#39;resolved&#39;</span>
    <span class="time-taken"></span>    <span class="actions hidden"></span>
  </div>
    <div class="content">
    </div>
</div>
</div>
<div class="ticket-transaction message Correspond even">
<div class="ticket-transaction">
  <div class="metadata">
    <span class="type">
      &nbsp;      
    </span>
    <span class="date">Sat&nbsp;Nov&nbsp;26&nbsp;08:26:42&nbsp;2005</span>
    <span class="description">Guest -  Correspondence added</span>
    <span class="time-taken"></span>    <span class="actions hidden"></span>
  </div>
    <div class="content">
      
<div class="messageattachments">

<div class="messagebody">
<div class="message-stanza plain-text-white-space">[FLUFFY - Sat Nov 26 07:29:23 2005]:

<span
    class="message-stanza-folder closed"
    onclick="fold_message_stanza(this, 'Show\x20quoted\x20text', 'Hide\x20quoted\x20text');">Show quoted text</span><br /><div class="message-stanza closed">&gt; I&#39;m pretty sure that&#39;ll fix the issue; if not, let me know.
</div>
With the version of Class::MethodMaker on cpan &#40;2.07&#41; and Module::Build
0.2611, I still see the following while attempting to run tests &#40;similar
I believe to the output the freebsd maintainer reported last week&#41;
</div></div>

<div class="messagebody">
<p>Message body not shown because it is not plain text.</p></div>
</div>
    </div>
</div>
</div>
<div class="ticket-transaction basics Set odd">
<div class="ticket-transaction">
  <div class="metadata">
    <span class="type">
      &nbsp;      
    </span>
    <span class="date">Sat&nbsp;Nov&nbsp;26&nbsp;08:26:43&nbsp;2005</span>
    <span class="description">The RT System itself -  Status changed from &#39;resolved&#39; to &#39;open&#39;</span>
    <span class="time-taken"></span>    <span class="actions hidden"></span>
  </div>
    <div class="content">
    </div>
</div>
</div>
<div class="ticket-transaction other CustomField even">
<div class="ticket-transaction">
  <div class="metadata">
    <span class="type">
      &nbsp;      
    </span>
    <span class="date">Wed&nbsp;Apr&nbsp;02&nbsp;16:03:11&nbsp;2008</span>
    <span class="description">schwigon [...] cpan.org -  Fixed in 2.11 added</span>
    <span class="time-taken"></span>    <span class="actions hidden"></span>
  </div>
    <div class="content">
    </div>
</div>
</div>
<div class="ticket-transaction message Correspond odd">
<div class="ticket-transaction">
  <div class="metadata">
    <span class="type">
      &nbsp;      
    </span>
    <span class="date">Wed&nbsp;Apr&nbsp;02&nbsp;16:03:11&nbsp;2008</span>
    <span class="description">schwigon [...] cpan.org -  Correspondence added</span>
    <span class="time-taken"></span>    <span class="actions hidden"></span>
  </div>
    <div class="content">
      

<div class="messagebody">
<div class="message-stanza plain-text-white-space">This bug is related to the long enduring broken Build.PL.
As some kind of &#34;reality sync&#34; I &#34;fixed&#34; all those related 
bugs by dropping Build.PL from the distribution. 

Regards,
Steffen
-- 
Steffen Schwigon &lt;ss5@renormalist.net&gt;
Dresden Perl Mongers &lt;<span class="clickylink"><a target="new" rel="nofollow" href="http://dresden-pm.org/">http://dresden-pm.org/</a></span>&gt;
Deutscher Perl-Workshop &lt;<span class="clickylink"><a target="new" rel="nofollow" href="http://www.perl-workshop.de/">http://www.perl-workshop.de/</a></span>&gt;
</div></div>
    </div>
</div>
</div>
<div class="ticket-transaction basics Set even">
<div class="ticket-transaction">
  <div class="metadata">
    <span class="type">
      &nbsp;      
    </span>
    <span class="date">Wed&nbsp;Apr&nbsp;02&nbsp;16:03:15&nbsp;2008</span>
    <span class="description">schwigon [...] cpan.org -  TimeWorked changed from &#40;no value&#41; to &#39;15&#39;</span>
    <span class="time-taken"></span>    <span class="actions hidden"></span>
  </div>
    <div class="content">
    </div>
</div>
</div>
<div class="ticket-transaction basics Status odd">
<div class="ticket-transaction">
  <div class="metadata">
    <span class="type">
      &nbsp;      
    </span>
    <span class="date">Wed&nbsp;Apr&nbsp;02&nbsp;16:03:16&nbsp;2008</span>
    <span class="description">schwigon [...] cpan.org -  Status changed from &#39;open&#39; to &#39;resolved&#39;</span>
    <span class="time-taken"></span>    <span class="actions hidden"></span>
  </div>
    <div class="content">
    </div>
</div>
</div>
</div>
    <hr class="clear" />
  </div>
</div>




</div>
 


  <hr class="clear" />
</div>
</body>
</html>
