<!DOCTYPE html>

<html lang="en">
  <head>
    <title>Bug #16350 for Test-Class: RedHat install failure: Failed 2/38 test scripts, 94.74% okay. 8/145 subtests failed, 94.48% okay</title>
    <meta http-equiv="X-UA-Compatible" content="IE=edge" />
    <!-- The X-UA-Compatible <meta> tag above must be very early in <head> -->

    <script>
if (window.top !== window.self) {
    document.write = "";

    window.top.location = window.self.location;

    setTimeout(function(){
        document.body.innerHTML = "";
    }, 1);

    window.self.onload = function(){
        document.body.innerHTML = "";
    };
}
</script>



<link rel="shortcut icon" href="/NoAuth/images/favicon.png" type="image/png" />
<link rel="stylesheet" href="/NoAuth/css/aileron-squished-00f758259152f8b6670ee485f462e6b8.css" type="text/css" media="all" />
<link rel="stylesheet" href="/NoAuth/css/print.css" type="text/css" media="print" />




<script type="text/javascript" src="/NoAuth/js/squished-42167f2409ce368da2d31038e5cb2a57.js"></script>

<script type="text/javascript"><!--
	jQuery( loadTitleBoxStates );

--></script>


<!--[if lt IE 8]>
<link rel="stylesheet" href="/NoAuth/css/aileron/msie.css" type="text/css" media="all" />
<![endif]-->
<!--[if lt IE 7]>
<link rel="stylesheet" href="/NoAuth/css/aileron/msie6.css" type="text/css" media="all" />
<![endif]-->
<script type="text/javascript">
jQuery(document).ready(function(){
    jQuery.fn.supersubs.defaults = {
        maxWidth: 30,
        extraWidth: 2
    };

    jQuery("#app-nav.toplevel").addClass('sf-menu sf-js-enabled sf-shadow').supersubs().superfish({ speed: 'fast' });
    jQuery("#page-menu.toplevel").addClass('sf-menu sf-js-enabled').supersubs().superfish({ dropShadows: false, speed: 'fast' }).supposition();
});
</script>


<!-- Site CSS from theme editor -->
<style type="text/css" media="all" id="sitecss">
</style>

<meta name="google-site-verification" content="kD3-uEJK1AkTqaC-rckcSt_HPkAj674DPPuEN6i-y0g" />

</head>
  <body class="aileron sidebyside" id="comp-Public-Bug-Display">

<div id="logo">
<a href="/"><img
    src="/NoAuth/images/cpan.png"
    alt="CPAN"
    width="181"
    height="38" /></a>
    <span class="rtname">RT for rt.cpan.org</span>
</div>


<div id="quickbar">
  <div id="quick-personal">
    <span class="hide"><a href="#skipnav">Skip Menu</a> | </span>
</div>

</div>
<div id="header"><h1>Bug #16350 for Test-Class: RedHat install failure: Failed 2/38 test scripts, 94.74% okay. 8/145 subtests failed, 94.48% okay</h1></div>



<div id="page-navigation"><ul id="page-menu" class="toplevel">
 <li id="li-page-active_bugs"><a id="page-active_bugs" class="menu-item " href="/Public/Dist/Test-Class/Active/">Active bugs</a></li>
 <li id="li-page-resolved_bugs"><a id="page-resolved_bugs" class="menu-item " href="/Public/Dist/Test-Class/Resolved/">Resolved bugs</a></li>
 <li id="li-page-rejected_bugs"><a id="page-rejected_bugs" class="menu-item " href="/Public/Dist/Test-Class/Rejected/">Rejected bugs</a></li>
 <li id="li-page-report"><a id="page-report" class="menu-item " href="/Public/Dist/Test-Class/Active/"></a></li>
</ul></div>
<div id="topactions">



</div>
<div id="body">


<a name="skipnav" id="skipnav" accesskey="8"></a>





<p>This queue is for tickets about the <a href="https://metacpan.org/release/Test-Class">Test-Class CPAN distribution</a>.</p>





<div class="">
  <div class="titlebox" id="">
  <div class="titlebox-title">
    <span class="widget"><a href="#" onclick="return rollup('TitleBox\x2D\x2D\x5FPublic\x5FBug\x5FDisplay\x5Fhtml\x2D\x2D\x2D\x2D\x2D\x2DUmVwb3J0IGluZm9ybWF0aW9u\x2D\x2D\x2D0');" title="Toggle visibility"></a></span>
    <span class="left">Report information</span>
    <span class="right-empty">		    </span>
  </div>
  <div class="titlebox-content " id="TitleBox--_Public_Bug_Display_html------UmVwb3J0IGluZm9ybWF0aW9u---0">


<table width="100%" class="ticket-summary">
<tr>
  <td valign="top" class="boxcontainer">
    <div class="ticket-info-basics">
  <div class="titlebox ticket-info-basics " id="">
  <div class="titlebox-title">
    <span class="widget"><a href="#" onclick="return rollup('TitleBox\x2D\x2D\x5FPublic\x5FBug\x5FDisplay\x5Fhtml\x2D\x2Dticket\x2Dinfo\x2Dbasics\x2D\x2D\x2D\x2DVGhlIEJhc2ljcw\x5F\x5F\x2D\x2D\x2D0');" title="Toggle visibility"></a></span>
    <span class="left">The Basics</span>
    <span class="right-empty">		    </span>
  </div>
  <div class="titlebox-content " id="TitleBox--_Public_Bug_Display_html--ticket-info-basics----VGhlIEJhc2ljcw__---0">


        <table>
  <tr class="id">
    <td class="label">Id:</td>
    <td class="value">16350</td>
  </tr>
  <tr class="status">
    <td class="label">Status:</td>
    <td class="value">resolved</td>
  </tr>
  <tr class="priority">
    <td class="label">Priority:</td>
    <td class="value">0/
</td>
  </tr>
  <tr class="queue">
    <td class="label">Queue:</td>
    <td class="value"><a href="/Public/Dist/Test-Class/Active/">Test-Class</a>
</td>
  </tr>
</table>

        <hr class="clear" />
  </div>
</div>




</div>


    <div class="ticket-info-people">
  <div class="titlebox ticket-info-people " id="">
  <div class="titlebox-title">
    <span class="widget"><a href="#" onclick="return rollup('TitleBox\x2D\x2D\x5FPublic\x5FBug\x5FDisplay\x5Fhtml\x2D\x2Dticket\x2Dinfo\x2Dpeople\x2D\x2D\x2D\x2DUGVvcGxl\x2D\x2D\x2D0');" title="Toggle visibility"></a></span>
    <span class="left">People</span>
    <span class="right-empty">		    </span>
  </div>
  <div class="titlebox-content " id="TitleBox--_Public_Bug_Display_html--ticket-info-people----UGVvcGxl---0">


        <table>
  <tr>
    <td class="label">Owner:</td>
    <td class="value">Nobody in particular
    
    </td>
  </tr>
  <tr>
    <td class="labeltop">Requestors:</td>
    <td class="value">
ABH [...] cpan.org

<br />
LGODDARD [...] cpan.org

<br />

</td>
  </tr>
  <tr>
    <td class="labeltop">Cc:</td>
    <td class="value">

</td>
  </tr>
  <tr>
    <td class="labeltop">AdminCc:</td>
    <td class="value">

</td>
  </tr>
</table>

        <hr class="clear" />
  </div>
</div>




</div>



  </td>
  <td valign="top" class="boxcontainer">
    
    <div class="ticket-info-cfs">
  <div class="titlebox ticket-info-cfs " id="">
  <div class="titlebox-title">
    <span class="widget"><a href="#" onclick="return rollup('TitleBox\x2D\x2D\x5FPublic\x5FBug\x5FDisplay\x5Fhtml\x2D\x2Dticket\x2Dinfo\x2Dcfs\x2D\x2D\x2D\x2DQnVnIEluZm9ybWF0aW9u\x2D\x2D\x2D0');" title="Toggle visibility"></a></span>
    <span class="left">Bug Information</span>
    <span class="right-empty">		    </span>
  </div>
  <div class="titlebox-content " id="TitleBox--_Public_Bug_Display_html--ticket-info-cfs----QnVnIEluZm9ybWF0aW9u---0">

 
        <table>
  <tr id="CF-1-ShowRow">
    <td class="label">Severity:</td>
    <td class="value">
Critical    </td>
  </tr>
  <tr id="CF-31340-ShowRow">
    <td class="label">Broken in:</td>
    <td class="value">
<i>(no value)</i>
    </td>
  </tr>
  <tr id="CF-31341-ShowRow">
    <td class="label">Fixed in:</td>
    <td class="value">
<i>(no value)</i>
    </td>
  </tr>
</table>


        <hr class="clear" />
  </div>
</div>




</div>


    




  </td>
</tr>
</table>

    <hr class="clear" />
  </div>
</div>




</div>


<br />


<div class="history">
<div class="titlebox" id="">
  <div class="titlebox-title">
    <span class="widget"><a href="#" onclick="return rollup('TitleBox\x2D\x2D\x5FPublic\x5FBug\x5FDisplay\x5Fhtml\x2D\x2D\x2D\x2D\x2D\x2DSGlzdG9yeQ\x5F\x5F\x2D\x2D\x2D0');" title="Toggle visibility"></a></span>
    <span class="left">History</span>
    <span class="right">		<a href="#" data-direction="open" onclick="return toggle_all_folds(this, 'Show\x20all\x20quoted\x20text', 'Hide\x20all\x20quoted\x20text');">Show all quoted text</a>    </span>
  </div>
  <div class="titlebox-content " id="TitleBox--_Public_Bug_Display_html------SGlzdG9yeQ__---0">


<div id="ticket-history">
<div class="ticket-transaction message Create odd">
<div class="ticket-transaction">
  <div class="metadata">
    <span class="type">
      &nbsp;      
    </span>
    <span class="date">Thu&nbsp;Dec&nbsp;08&nbsp;03:21:14&nbsp;2005</span>
    <span class="description">LGODDARD [...] cpan.org -  Ticket created</span>
    <span class="time-taken"></span>    <span class="actions hidden"></span>
  </div>
    <div class="content">
      
<table>
  <tr>
    <td align="right" class="message-header-key">Subject:</td>
    <td class="message-header-value"> RedHat install failure: Failed 2/38 test scripts, 94.74% okay.
 8/145 subtests failed, 94.48% okay</td>
  </tr>
</table>

<div class="messagebody">
<div class="message-stanza plain-text-white-space"><span
    class="message-stanza-folder closed"
    onclick="fold_message_stanza(this, 'Show\x20quoted\x20text', 'Hide\x20quoted\x20text');">Show quoted text</span><br /><div class="message-stanza closed">cpan&gt; install Test::Class
</div>Running install for module Test::Class
Running make for A/AD/ADIE/Test-Class-0.11.tar.gz
  Is already unwrapped into directory /root/.cpan/build/Test-Class-0.11
  Has already been processed within this session
Running make test
PERL_DL_NONLAZY=1 /usr/local/bin/perl &#34;-MExtUtils::Command::MM&#34; &#34;-e&#34; &#34;test_harness&#40;0, &#39;blib/lib&#39;, &#39;blib/arch&#39;&#41;&#34; t/*.t
t/_new.................ok
t/bailout..............ok
t/builder..............ok
t/compile..............ok
t/current_method.......ok
t/die_before_plan......# Test 3 got: &#34;#   Failed test &#39;setup &#40;for test method &#39;test&#39;&#41; died &#40;died before plan set&#41;&#39;&#34; &#40;t/die_before_plan.t at line 42 fail #3&#41;
#   Expected: &#34;#     Failed test &#40;t/die_before_plan.t at line 32&#41;&#34;
#  t/die_before_plan.t line 42 is:      ok&#40;$actual, $expected&#41;;
# Test 4 got: &#34;#   in t/die_before_plan.t at line 32.&#34; &#40;t/die_before_plan.t at line 42 fail #4&#41;
#   Expected: &#34;ok 2 - test just here to get setup method run&#34;
Use of uninitialized value in scalar chomp at t/die_before_plan.t line 40, &lt;DATA&gt; line 4.
Use of uninitialized value in substitution &#40;s///&#41; at t/die_before_plan.t line 41, &lt;DATA&gt; line 4.
# Test 5 got: &#34;ok 2 - test just here to get setup method run&#34; &#40;t/die_before_plan.t at line 42 fail #5&#41;
#   Expected: &lt;UNDEF&gt;
t/die_before_plan......FAILED tests 3-5
        Failed 3/4 tests, 25.00% okay
t/documented...........skipped
        all skipped: Test::Pod::Coverage required
t/expected_tests.......ok
t/fail1................ok
t/fail2................# Test 3 got: &#34;#   Failed test &#39;The object isa Object&#39;&#34; &#40;t/fail2.t at line 47 fail #3&#41;
#   Expected: &#34;#     Failed test &#40;t/fail2.t at line 22&#41;&#34;
#  t/fail2.t line 47 is:                ok&#40;$actual, $expected&#41;;
# Test 4 got: &#34;#   in t/fail2.t at line 22.&#34; &#40;t/fail2.t at line 47 fail #4&#41;
#   Expected: &#34;#     The object isn&#39;t defined&#34;
# Test 5 got: &#34;#     The object isn&#39;t defined&#34; &#40;t/fail2.t at line 47 fail #5&#41;
#   Expected: &#34;not ok 2 - cannot create Objects&#34;
# Test 6 got: &#34;not ok 2 - cannot create Objects&#34; &#40;t/fail2.t at line 47 fail #6&#41;
#   Expected: &#34;#     Failed test &#40;t/fail2.t at line 22&#41;&#34;
# Test 7 got: &#34;#   Failed test &#39;cannot create Objects&#39;&#34; &#40;t/fail2.t at line 47 fail #7&#41;
#   Expected: &#34;not ok 3 - cannot create Objects&#34;
# Test 8 got: &#34;#   in t/fail2.t at line 22.&#34; &#40;t/fail2.t at line 47 fail #8&#41;
#   Expected: &#34;#     Failed test &#40;t/fail2.t at line 22&#41;&#34;
Use of uninitialized value in scalar chomp at t/fail2.t line 45, &lt;DATA&gt; line 8.
Use of uninitialized value in substitution &#40;s///&#41; at t/fail2.t line 46, &lt;DATA&gt; line 8.
# Test 9 got: &#34;not ok 3 - cannot create Objects&#34; &#40;t/fail2.t at line 47 fail #9&#41;
#   Expected: &lt;UNDEF&gt;
Use of uninitialized value in scalar chomp at t/fail2.t line 45, &lt;DATA&gt; line 8.
Use of uninitialized value in substitution &#40;s///&#41; at t/fail2.t line 46, &lt;DATA&gt; line 8.
# Test 10 got: &#34;#   Failed test &#39;cannot create Objects&#39;&#34; &#40;t/fail2.t at line 47 fail #10&#41;
#    Expected: &lt;UNDEF&gt;
Use of uninitialized value in scalar chomp at t/fail2.t line 45, &lt;DATA&gt; line 8.
Use of uninitialized value in substitution &#40;s///&#41; at t/fail2.t line 46, &lt;DATA&gt; line 8.
# Test 11 got: &#34;#   in t/fail2.t at line 22.&#34; &#40;t/fail2.t at line 47 fail #11&#41;
#    Expected: &lt;UNDEF&gt;
t/fail2................FAILED tests 3-12
        Failed 10/9 tests, -11.11% okay
t/fail3................ok
t/header...............ok
t/late_header..........ok
t/methodinfo...........ok
t/named_test...........ok
t/num_method_tests.....ok
t/num_tests............ok
t/override.............ok
t/pod..................ok
t/run_all_tests........ok
t/runtests.............ok
t/runtests_die.........ok
t/runtests_extra.......ok
t/runtests_noplan......ok
t/runtests_of..........ok
t/runtests_result......ok
t/runtests_return......ok
t/runtests_trailing....ok
t/skip1................ok
t/skip2................ok
t/skip_class_reason....ok
t/spaces...............ok
t/startup..............ok
t/startup_that_dies....ok
t/test_classes.........ok
t/test_verbose.........ok
t/Tests................ok
t/todo.................ok
Failed Test         Stat Wstat Total Fail  Failed  List of Failed
-------------------------------------------------------------------------------
t/die_before_plan.t                4    4 100.00%  3-5
t/fail2.t                          9   12 133.33%  3-12
1 test skipped.
Failed 2/38 test scripts, 94.74% okay. 8/145 subtests failed, 94.48% okay.
make: *** [test_dynamic] Error 255
  /usr/bin/make test -- NOT OK
Running make install
  make test had returned bad status, won&#39;t install without force

<span
    class="message-stanza-folder closed"
    onclick="fold_message_stanza(this, 'Show\x20quoted\x20text', 'Hide\x20quoted\x20text');">Show quoted text</span><br /><div class="message-stanza closed">cpan&gt;
cpan&gt; exit
</div>Lockfile removed.
[root@dave11 usr]# perl -V
Summary of my perl5 &#40;revision 5 version 8 subversion 7&#41; configuration:
  Platform:
    osname=linux, osvers=2.4.21-32.0.1.el, archname=i686-linux
    uname=&#39;linux dave11 2.4.21-32.0.1.el #1 tue may 17 18:01:37 edt 2005 i686 i686 i386 gnulinux &#39;
    config_args=&#39;&#39;
    hint=recommended, useposix=true, d_sigaction=define
    usethreads=undef use5005threads=undef useithreads=undef usemultiplicity=undef
    useperlio=define d_sfio=undef uselargefiles=undef usesocks=undef
    use64bitint=undef use64bitall=undef uselongdouble=undef
    usemymalloc=n, bincompat5005=undef
  Compiler:
    cc=&#39;cc&#39;, ccflags =&#39;-fno-strict-aliasing -pipe -I/usr/local/include -I/usr/include/gdbm&#39;,
    optimize=&#39;-O2&#39;,
    cppflags=&#39;-fno-strict-aliasing -pipe -I/usr/local/include -I/usr/include/gdbm&#39;
    ccversion=&#39;&#39;, gccversion=&#39;2.96 20000731 &#40;Red Hat Linux 7.3 2.96-122&#41;&#39;, gccosandvers=&#39;linux7&#39;
    intsize=4, longsize=4, ptrsize=4, doublesize=8, byteorder=1234
    d_longlong=define, longlongsize=8, d_longdbl=define, longdblsize=12
    ivtype=&#39;long&#39;, ivsize=4, nvtype=&#39;double&#39;, nvsize=8, Off_t=&#39;off_t&#39;, lseeksize=4
    alignbytes=4, prototype=define
  Linker and Libraries:
    ld=&#39;cc&#39;, ldflags =&#39; -L/usr/local/lib&#39;
    libpth=/usr/local/lib /lib /usr/lib
    libs=-lnsl -lgdbm -ldb -ldl -lm -lcrypt -lutil -lc
    perllibs=-lnsl -ldl -lm -lcrypt -lutil -lc
    libc=/lib/libc-2.3.2.so, so=so, useshrplib=true, libperl=libperl.so
    gnulibc_version=&#39;2.3.2&#39;
  Dynamic Linking:
    dlsrc=dl_dlopen.xs, dlext=so, d_dlsymun=undef, ccdlflags=&#39;-Wl,-E -Wl,-rpath,/usr/local/lib/perl5/5.8.7/CORE&#39;
    cccdlflags=&#39;-fpic&#39;, lddlflags=&#39;-shared -L/usr/local/lib&#39;


Characteristics of this binary &#40;from libperl&#41;:
  Compile-time options:
  Built under linux
  Compiled at Sep 16 2005 11:04:03
  %ENV:
    PERL5LIB=&#34;/usr/local/lib/perl5/site_perl/5.8.7/&#34;
    PERL5LIBOLD=&#34;/usr/lib/perl5/site_perl/5.8.0/&#34;
  @INC:
    /usr/local/lib/perl5/site_perl/5.8.7/
    /usr/local/lib/perl5/5.8.7
    /usr/local/lib/perl5/5.8.7
    /usr/local/lib/perl5/site_perl/5.8.7
    /usr/local/lib/perl5/site_perl
    .
[root@dave11 usr]#
</div></div>
    </div>
</div>
</div>
<div class="ticket-transaction message Correspond even">
<div class="ticket-transaction">
  <div class="metadata">
    <span class="type">
      &nbsp;      
    </span>
    <span class="date">Wed&nbsp;Mar&nbsp;08&nbsp;20:35:07&nbsp;2006</span>
    <span class="description">ABH [...] cpan.org -  Correspondence added</span>
    <span class="time-taken"></span>    <span class="actions hidden"></span>
  </div>
    <div class="content">
      

<div class="messagebody">
<div class="message-stanza plain-text-white-space">I get the same errors on OS X &#40;perl 5.8.7, Test::More 0.62&#41;

sh-2.05b# /pkg/bin/prove -Iblib -v  t/die_before_plan.t 
t/die_before_plan....1..4
# Running under perl version 5.008007 for darwin
# Current time local: Wed Mar  8 17:32:00 2006
# Current time GMT:   Thu Mar  9 01:32:00 2006
# Using Test.pm version 1.25
# Test 3 got: &#34;#   Failed test &#39;setup &#40;for test method &#39;test&#39;&#41; died &#40;died before plan set&#41;&#39;&#34; &#40;t/
die_before_plan.t at line 42 fail #3&#41;
#   Expected: &#34;#     Failed test &#40;t/die_before_plan.t at line 32&#41;&#34;
#  t/die_before_plan.t line 42 is:      ok&#40;$actual, $expected&#41;;
ok 1
# Test 4 got: &#34;#   in t/die_before_plan.t at line 32.&#34; &#40;t/die_before_plan.t at line 42 fail #4&#41;
#   Expected: &#34;ok 2 - test just here to get setup method run&#34;
Use of uninitialized value in scalar chomp at t/die_before_plan.t line 40, &lt;DATA&gt; line 4.
Use of uninitialized value in substitution &#40;s///&#41; at t/die_before_plan.t line 41, &lt;DATA&gt; line 4.
ok 2
# Test 5 got: &#34;ok 2 - test just here to get setup method run&#34; &#40;t/die_before_plan.t at line 42 
fail #5&#41;
#   Expected: &lt;UNDEF&gt;
not ok 3
not ok 4
not ok 5
FAILED tests 3-5
        Failed 3/4 tests, 25.00% okay
Failed Test         Stat Wstat Total Fail  Failed  List of Failed
------------------------------------------------------------------------------
-
t/die_before_plan.t                4    4 100.00%  3-5
Failed 1/1 test scripts, 0.00% okay. 2/4 subtests failed, 50.00% okay.



sh-2.05b# /pkg/bin/prove -Iblib -v  t/fail2.t 
t/fail2....1..9
# Running under perl version 5.008007 for darwin
# Current time local: Wed Mar  8 17:34:54 2006
# Current time GMT:   Thu Mar  9 01:34:54 2006
# Using Test.pm version 1.25
# Test 3 got: &#34;#   Failed test &#39;The object isa Object&#39;&#34; &#40;t/fail2.t at line 47 fail #3&#41;
#   Expected: &#34;#     Failed test &#40;t/fail2.t at line 22&#41;&#34;
#  t/fail2.t line 47 is:                ok&#40;$actual, $expected&#41;;
# Test 4 got: &#34;#   in t/fail2.t at line 22.&#34; &#40;t/fail2.t at line 47 fail #4&#41;
#   Expected: &#34;#     The object isn&#39;t defined&#34;
ok 1
# Test 5 got: &#34;#     The object isn&#39;t defined&#34; &#40;t/fail2.t at line 47 fail #5&#41;
#   Expected: &#34;not ok 2 - cannot create Objects&#34;
# Test 6 got: &#34;not ok 2 - cannot create Objects&#34; &#40;t/fail2.t at line 47 fail #6&#41;
#   Expected: &#34;#     Failed test &#40;t/fail2.t at line 22&#41;&#34;
ok 2
# Test 7 got: &#34;#   Failed test &#39;cannot create Objects&#39;&#34; &#40;t/fail2.t at line 47 fail #7&#41;
#   Expected: &#34;not ok 3 - cannot create Objects&#34;
not ok 3
# Test 8 got: &#34;#   in t/fail2.t at line 22.&#34; &#40;t/fail2.t at line 47 fail #8&#41;
#   Expected: &#34;#     Failed test &#40;t/fail2.t at line 22&#41;&#34;
Use of uninitialized value in scalar chomp at t/fail2.t line 45, &lt;DATA&gt; line 8.
Use of uninitialized value in substitution &#40;s///&#41; at t/fail2.t line 46, &lt;DATA&gt; line 8.
# Test 9 got: &#34;not ok 3 - cannot create Objects&#34; &#40;t/fail2.t at line 47 fail #9&#41;
#   Expected: &lt;UNDEF&gt;
Use of uninitialized value in scalar chomp at t/fail2.t line 45, &lt;DATA&gt; line 8.
Use of uninitialized value in substitution &#40;s///&#41; at t/fail2.t line 46, &lt;DATA&gt; line 8.
# Test 10 got: &#34;#   Failed test &#39;cannot create Objects&#39;&#34; &#40;t/fail2.t at line 47 fail #10&#41;
#    Expected: &lt;UNDEF&gt;
Use of uninitialized value in scalar chomp at t/fail2.t line 45, &lt;DATA&gt; line 8.
Use of uninitialized value in substitution &#40;s///&#41; at t/fail2.t line 46, &lt;DATA&gt; line 8.
not ok 4
# Test 11 got: &#34;#   in t/fail2.t at line 22.&#34; &#40;t/fail2.t at line 47 fail #11&#41;
not ok 5
not ok 6
#    Expected: &lt;UNDEF&gt;
not ok 7
not ok 8
not ok 9
not ok 10
not ok 11
ok 12
FAILED tests 3-12
        Failed 10/9 tests, -11.11% okay
Failed Test Stat Wstat Total Fail  Failed  List of Failed
------------------------------------------------------------------------------
-
t/fail2.t                  9   12 133.33%  3-12
Failed 1/1 test scripts, 0.00% okay. 6/9 subtests failed, 33.33% okay.
</div></div>
    </div>
</div>
</div>
<div class="ticket-transaction basics Status odd">
<div class="ticket-transaction">
  <div class="metadata">
    <span class="type">
      &nbsp;      
    </span>
    <span class="date">Wed&nbsp;Mar&nbsp;08&nbsp;20:35:08&nbsp;2006</span>
    <span class="description">The RT System itself -  Status changed from &#39;new&#39; to &#39;open&#39;</span>
    <span class="time-taken"></span>    <span class="actions hidden"></span>
  </div>
    <div class="content">
    </div>
</div>
</div>
<div class="ticket-transaction people AddWatcher even">
<div class="ticket-transaction">
  <div class="metadata">
    <span class="type">
      &nbsp;      
    </span>
    <span class="date">Wed&nbsp;Mar&nbsp;08&nbsp;20:35:50&nbsp;2006</span>
    <span class="description">ABH [...] cpan.org -  Requestor ABH added</span>
    <span class="time-taken"></span>    <span class="actions hidden"></span>
  </div>
    <div class="content">
    </div>
</div>
</div>
<div class="ticket-transaction message Correspond odd">
<div class="ticket-transaction">
  <div class="metadata">
    <span class="type">
      &nbsp;      
    </span>
    <span class="date">Wed&nbsp;Mar&nbsp;22&nbsp;09:43:43&nbsp;2006</span>
    <span class="description">Guest -  Correspondence added</span>
    <span class="time-taken"></span>    <span class="actions hidden"></span>
  </div>
    <div class="content">
      
<table>
  <tr>
    <td align="right" class="message-header-key">From:</td>
    <td class="message-header-value"> msf [...] openbsd.org</td>
  </tr>
</table>

<div class="messagebody">
<div class="message-stanza plain-text-white-space">We get similar results on OpenBSD 3.9-current with perl 5.8.8


Checking if your kit is complete...
Looks good
Writing Makefile for Test::Class
===&gt;  Building for p5-Test-Class-0.11
cp lib/Test/Class/MethodInfo.pm blib/lib/Test/Class/MethodInfo.pm
cp lib/Test/Class.pm blib/lib/Test/Class.pm
cp lib/Test/Class.pod blib/lib/Test/Class.pod
Manifying blib/man3/Test::Class.3p
===&gt;  Regression check for p5-Test-Class-0.11
PERL_DL_NONLAZY=1 /usr/bin/perl &#34;-MExtUtils::Command::MM&#34; &#34;-e&#34;
&#34;test_harness&#40;0, 
&#39;blib/lib&#39;, &#39;blib/arch&#39;&#41;&#34; t/*.t
t/_new.................ok                                              
     
t/bailout..............ok                           
t/compile..............ok                                              
     
t/current_method.......ok                                              
     
t/die_before_plan......ok 1/4# Test 3 got: &#34;#   Failed test &#39;setup &#40;for
test met
hod &#39;test&#39;&#41; died &#40;died before plan set&#41;&#39;&#34; &#40;t/die_before_plan.t at line
42 fail #
3&#41;
t/die_before_plan......NOK 3#   Expected: &#34;#     Failed test
&#40;t/die_before_plan.
t at line 32&#41;&#34;
#  t/die_before_plan.t line 42 is:      ok&#40;$actual, $expected&#41;;
t/die_before_plan......NOK 4# Test 4 got: &#34;#   in t/die_before_plan.t at
line 32
.&#34; &#40;t/die_before_plan.t at line 42 fail #4&#41;
#   Expected: &#34;ok 2 - test just here to get setup method run&#34;
Use of uninitialized value in scalar chomp at t/die_before_plan.t line
40, &lt;DATA
<span
    class="message-stanza-folder closed"
    onclick="fold_message_stanza(this, 'Show\x20quoted\x20text', 'Hide\x20quoted\x20text');">Show quoted text</span><br /><div class="message-stanza closed">&gt; line 4.
</div>Use of uninitialized value in substitution &#40;s///&#41; at t/die_before_plan.t
line 41
, &lt;DATA&gt; line 4.
t/die_before_plan......NOK 5# Test 5 got: &#34;ok 2 - test just here to get
setup me
thod run&#34; &#40;t/die_before_plan.t at line 42 fail #5&#41;
#   Expected: &lt;UNDEF&gt;
t/die_before_plan......FAILED tests 3-5                                
     
        Failed 3/4 tests, 25.00% okay
t/documented...........ok                                              
     
t/expected_tests.......ok                                              
     
t/fail1................ok                                              
     
t/fail2................NOK 3# Test 3 got: &#34;#   Failed test &#39;The object
isa Objec
t&#39;&#34; &#40;t/fail2.t at line 47 fail #3&#41;
#   Expected: &#34;#     Failed test &#40;t/fail2.t at line 22&#41;&#34;#  t/fail2.t
line 47 is:                ok&#40;$actual, $expected&#41;;
t/fail2................NOK 4# Test 4 got: &#34;#   in t/fail2.t at line 22.&#34;
&#40;t/fail
2.t at line 47 fail #4&#41;
#   Expected: &#34;#     The object isn&#39;t defined&#34;
t/fail2................NOK 5# Test 5 got: &#34;#     The object isn&#39;t
defined&#34; &#40;t/fa
il2.t at line 47 fail #5&#41;
#   Expected: &#34;not ok 2 - cannot create Objects&#34;
t/fail2................NOK 6# Test 6 got: &#34;not ok 2 - cannot create
Objects&#34; &#40;t/
fail2.t at line 47 fail #6&#41;
#   Expected: &#34;#     Failed test &#40;t/fail2.t at line 22&#41;&#34;
t/fail2................NOK 7# Test 7 got: &#34;#   Failed test &#39;cannot
create Object
s&#39;&#34; &#40;t/fail2.t at line 47 fail #7&#41;
#   Expected: &#34;not ok 3 - cannot create Objects&#34;
t/fail2................NOK 8# Test 8 got: &#34;#   in t/fail2.t at line 22.&#34;
&#40;t/fail
2.t at line 47 fail #8&#41;
#   Expected: &#34;#     Failed test &#40;t/fail2.t at line 22&#41;&#34;
Use of uninitialized value in scalar chomp at t/fail2.t line 45, &lt;DATA&gt;
line 8.
Use of uninitialized value in substitution &#40;s///&#41; at t/fail2.t line 46,
&lt;DATA&gt; l
ine 8.
t/fail2................NOK 9# Test 9 got: &#34;not ok 3 - cannot create
Objects&#34; &#40;t/
fail2.t at line 47 fail #9&#41;
#   Expected: &lt;UNDEF&gt;
Use of uninitialized value in scalar chomp at t/fail2.t line 45, &lt;DATA&gt;
line 8.
Use of uninitialized value in substitution &#40;s///&#41; at t/fail2.t line 46,
&lt;DATA&gt; l
ine 8.
t/fail2................NOK 10# Test 10 got: &#34;#   Failed test &#39;cannot
create Obje
cts&#39;&#34; &#40;t/fail2.t at line 47 fail #10&#41;
#    Expected: &lt;UNDEF&gt;
Use of uninitialized value in scalar chomp at t/fail2.t line 45, &lt;DATA&gt;
line 8.
Use of uninitialized value in substitution &#40;s///&#41; at t/fail2.t line 46,
&lt;DATA&gt; l
ine 8.
t/fail2................NOK 11# Test 11 got: &#34;#   in t/fail2.t at line
22.&#34; &#40;t/fa
il2.t at line 47 fail #11&#41;
#    Expected: &lt;UNDEF&gt;
t/fail2................FAILED tests 3-12                               
     
        Failed 10/9 tests, -11.11% okay
t/fail3................ok                                              
     
t/header...............ok                                              
     
t/late_header..........ok                                              
     
t/methodinfo...........ok                                              
     
t/named_test...........ok                                              
     
t/num_method_tests.....ok                                              
     
t/num_tests............ok                                              
     
t/override.............ok                                              
     
t/pod..................ok                                              
     
t/run_all_tests........ok                                              
     
t/runtests.............ok                                              
     
t/runtests_die.........ok                                              
     
t/runtests_extra.......ok                                              
     
t/runtests_noplan......ok                                              
     
t/runtests_of..........ok                                              
     
t/runtests_result......ok                                              
     
t/runtests_return......ok                                              
     
t/runtests_trailing....ok                                              
     
t/skip1................ok                                              
     
t/skip2................ok                                              
     
t/skip_class_reason....ok                                              
     
t/spaces...............ok                                              
     
t/startup..............ok                                              
     
t/startup_that_dies....ok                                              
     
t/test_classes.........ok                                              
     
t/test_verbose.........ok                                              
     
t/Tests................ok                                              
     
t/todo.................ok                                              
     
Failed Test         Stat Wstat Total Fail  Failed  List of Failed
-------------------------------------------------------------------------------
t/die_before_plan.t                4    4 100.00%  3-5
t/fail2.t                          9   12 133.33%  3-12
Failed 2/38 test scripts, 94.74% okay. 8/146 subtests failed, 94.52% okay.

                        
t/builder..............ok                                              
     
</div></div>
    </div>
</div>
</div>
<div class="ticket-transaction message Correspond even">
<div class="ticket-transaction">
  <div class="metadata">
    <span class="type">
      &nbsp;      
    </span>
    <span class="date">Fri&nbsp;Sep&nbsp;29&nbsp;20:28:28&nbsp;2006</span>
    <span class="description">ADIE [...] cpan.org -  Correspondence added</span>
    <span class="time-taken"></span>    <span class="actions hidden"></span>
  </div>
    <div class="content">
      

<div class="messagebody">
<div class="message-stanza plain-text-white-space">Finally fixed in 0.12
</div></div>
    </div>
</div>
</div>
<div class="ticket-transaction basics Status odd">
<div class="ticket-transaction">
  <div class="metadata">
    <span class="type">
      &nbsp;      
    </span>
    <span class="date">Fri&nbsp;Sep&nbsp;29&nbsp;20:28:29&nbsp;2006</span>
    <span class="description">ADIE [...] cpan.org -  Status changed from &#39;open&#39; to &#39;resolved&#39;</span>
    <span class="time-taken"></span>    <span class="actions hidden"></span>
  </div>
    <div class="content">
    </div>
</div>
</div>
</div>
    <hr class="clear" />
  </div>
</div>




</div>
 


  <hr class="clear" />
</div>
</body>
</html>
