<!DOCTYPE html>

<html lang="en">
  <head>
    <title>Bug #88998 for HTTP-Daemon-SSL: Test failures</title>
    <meta http-equiv="X-UA-Compatible" content="IE=edge" />
    <!-- The X-UA-Compatible <meta> tag above must be very early in <head> -->

    <script>
if (window.top !== window.self) {
    document.write = "";

    window.top.location = window.self.location;

    setTimeout(function(){
        document.body.innerHTML = "";
    }, 1);

    window.self.onload = function(){
        document.body.innerHTML = "";
    };
}
</script>



<link rel="shortcut icon" href="/NoAuth/images/favicon.png" type="image/png" />
<link rel="stylesheet" href="/NoAuth/css/aileron-squished-00f758259152f8b6670ee485f462e6b8.css" type="text/css" media="all" />
<link rel="stylesheet" href="/NoAuth/css/print.css" type="text/css" media="print" />




<script type="text/javascript" src="/NoAuth/js/squished-42167f2409ce368da2d31038e5cb2a57.js"></script>

<script type="text/javascript"><!--
	jQuery( loadTitleBoxStates );

--></script>


<!--[if lt IE 8]>
<link rel="stylesheet" href="/NoAuth/css/aileron/msie.css" type="text/css" media="all" />
<![endif]-->
<!--[if lt IE 7]>
<link rel="stylesheet" href="/NoAuth/css/aileron/msie6.css" type="text/css" media="all" />
<![endif]-->
<script type="text/javascript">
jQuery(document).ready(function(){
    jQuery.fn.supersubs.defaults = {
        maxWidth: 30,
        extraWidth: 2
    };

    jQuery("#app-nav.toplevel").addClass('sf-menu sf-js-enabled sf-shadow').supersubs().superfish({ speed: 'fast' });
    jQuery("#page-menu.toplevel").addClass('sf-menu sf-js-enabled').supersubs().superfish({ dropShadows: false, speed: 'fast' }).supposition();
});
</script>


<!-- Site CSS from theme editor -->
<style type="text/css" media="all" id="sitecss">
</style>

<meta name="google-site-verification" content="kD3-uEJK1AkTqaC-rckcSt_HPkAj674DPPuEN6i-y0g" />

</head>
  <body class="aileron sidebyside" id="comp-Public-Bug-Display">

<div id="logo">
<a href="https://rt.cpan.org/"><img
    src="/NoAuth/images/cpan.png"
    alt="CPAN"
    width="181"
    height="38" /></a>
    <span class="rtname">RT for rt.cpan.org</span>
</div>


<div id="quickbar">
  <div id="quick-personal">
    <span class="hide"><a href="#skipnav">Skip Menu</a> | </span>
</div>

</div>
<div id="header"><h1>Bug #88998 for HTTP-Daemon-SSL: Test failures</h1></div>


<div id="main-navigation"><ul id="app-nav" class="toplevel">
 <li id="li-search_dist"><a id="search_dist" class="menu-item " href="/Public/">Search Distributions</a></li>
 <li id="li-browse_dist"><a id="browse_dist" class="menu-item " href="/Public/Dist/Browse.html">Browse Distributions</a></li>
 <li id="li-about" class="has-children"><a id="about" class="menu-item " href="/NoAuth/RT/CPAN/About.html">About rt.cpan.org</a>
 <ul>
  <li id="li-about-usage"><a id="about-usage" class="menu-item " href="/NoAuth/RT/CPAN/Usage.html">How do I…?</a></li>
  <li id="li-about-about"><a id="about-about" class="menu-item " href="/NoAuth/RT/CPAN/About.html">About</a></li>
 </ul>
 </li>
 <li id="li-preferences"><a id="preferences" class="menu-item ">Welcome <span class="current-user">anonymous guest</span>.</a></li>
 <li id="li-login"><a id="login" class="menu-item " href="/NoAuth/Logout.html">Login as another user</a></li>
</ul></div>
<div id="page-navigation"><ul id="page-menu" class="toplevel">
 <li id="li-page-active_bugs"><a id="page-active_bugs" class="menu-item " href="/Public/Dist/Display.html?Status=Active;Name=HTTP-Daemon-SSL">Active bugs</a></li>
 <li id="li-page-resolved_bugs"><a id="page-resolved_bugs" class="menu-item " href="/Public/Dist/Display.html?Status=Resolved;Name=HTTP-Daemon-SSL">Resolved bugs</a></li>
 <li id="li-page-rejected_bugs"><a id="page-rejected_bugs" class="menu-item " href="/Public/Dist/Display.html?Status=Rejected;Name=HTTP-Daemon-SSL">Rejected bugs</a></li>
 <li id="li-page-report"><a id="page-report" class="menu-item " href="/Public/Bug/Report.html?Queue=HTTP-Daemon-SSL">Report a new bug</a></li>
</ul></div>
<div id="topactions"><form action="/Public/Search/Simple.html" id="simple-search">
  <input size="12" name="q" accesskey="0" class="field" value="" placeholder="Search..." />
</form>

<form action="/Public/Bug/Report.html" name="CreateTicketInQueue" id="CreateTicketInQueue" >
<input type="submit" class="button" value="New ticket in" />&nbsp;<label accesskey="9">
  <input name="Queue" size="25" placeholder="Module or distribution" value="" class="select-queue" data-autocomplete="Queues" data-autocomplete-autosubmit=1 data-autocomplete-params="right=CreateTicket" />

</label>

</form>

</div>
<div id="body">
<div id="announcement" style="padding: 1em; margin: 1em; border: solid black 1px; background: #eee">
<a href="https://log.perl.org/2020/12/rtcpanorg-sunset.html">rt.cpan.org will be shut down on March 1st, 2021.</a>
</div>

<a name="skipnav" id="skipnav" accesskey="8"></a>





<p>This queue is for tickets about the <a href="https://metacpan.org/release/HTTP-Daemon-SSL">HTTP-Daemon-SSL CPAN distribution</a>.</p>





<div class="">
  <div class="titlebox" id="">
  <div class="titlebox-title">
    <span class="widget"><a href="#" onclick="return rollup('TitleBox\x2D\x2D\x5FPublic\x5FBug\x5FDisplay\x5Fhtml\x2D\x2D\x2D\x2D\x2D\x2DUmVwb3J0IGluZm9ybWF0aW9u\x2D\x2D\x2D0');" title="Toggle visibility"></a></span>
    <span class="left">Report information</span>
    <span class="right-empty">		    </span>
  </div>
  <div class="titlebox-content " id="TitleBox--_Public_Bug_Display_html------UmVwb3J0IGluZm9ybWF0aW9u---0">


<table width="100%" class="ticket-summary">
<tr>
  <td valign="top" class="boxcontainer">
    <div class="ticket-info-basics">
  <div class="titlebox ticket-info-basics " id="">
  <div class="titlebox-title">
    <span class="widget"><a href="#" onclick="return rollup('TitleBox\x2D\x2D\x5FPublic\x5FBug\x5FDisplay\x5Fhtml\x2D\x2Dticket\x2Dinfo\x2Dbasics\x2D\x2D\x2D\x2DVGhlIEJhc2ljcw\x5F\x5F\x2D\x2D\x2D0');" title="Toggle visibility"></a></span>
    <span class="left">The Basics</span>
    <span class="right-empty">		    </span>
  </div>
  <div class="titlebox-content " id="TitleBox--_Public_Bug_Display_html--ticket-info-basics----VGhlIEJhc2ljcw__---0">


        <table>
  <tr class="id">
    <td class="label">Id:</td>
    <td class="value">88998</td>
  </tr>
  <tr class="status">
    <td class="label">Status:</td>
    <td class="value">open</td>
  </tr>
  <tr class="priority">
    <td class="label">Priority:</td>
    <td class="value">0/
</td>
  </tr>
  <tr class="queue">
    <td class="label">Queue:</td>
    <td class="value"><a href="/Dist/Display.html?Queue=HTTP-Daemon-SSL">HTTP-Daemon-SSL</a>
</td>
  </tr>
</table>

        <hr class="clear" />
  </div>
</div>




</div>


    <div class="ticket-info-people">
  <div class="titlebox ticket-info-people " id="">
  <div class="titlebox-title">
    <span class="widget"><a href="#" onclick="return rollup('TitleBox\x2D\x2D\x5FPublic\x5FBug\x5FDisplay\x5Fhtml\x2D\x2Dticket\x2Dinfo\x2Dpeople\x2D\x2D\x2D\x2DUGVvcGxl\x2D\x2D\x2D0');" title="Toggle visibility"></a></span>
    <span class="left">People</span>
    <span class="right-empty">		    </span>
  </div>
  <div class="titlebox-content " id="TitleBox--_Public_Bug_Display_html--ticket-info-people----UGVvcGxl---0">


        <table>
  <tr>
    <td class="label">Owner:</td>
    <td class="value">Nobody in particular
    
    </td>
  </tr>
  <tr>
    <td class="labeltop">Requestors:</td>
    <td class="value">
victor [...] vsespb.ru

<br />

</td>
  </tr>
  <tr>
    <td class="labeltop">Cc:</td>
    <td class="value">

</td>
  </tr>
  <tr>
    <td class="labeltop">AdminCc:</td>
    <td class="value">

</td>
  </tr>
</table>

        <hr class="clear" />
  </div>
</div>




</div>



  </td>
  <td valign="top" class="boxcontainer">
    
    <div class="ticket-info-cfs">
  <div class="titlebox ticket-info-cfs " id="">
  <div class="titlebox-title">
    <span class="widget"><a href="#" onclick="return rollup('TitleBox\x2D\x2D\x5FPublic\x5FBug\x5FDisplay\x5Fhtml\x2D\x2Dticket\x2Dinfo\x2Dcfs\x2D\x2D\x2D\x2DQnVnIEluZm9ybWF0aW9u\x2D\x2D\x2D0');" title="Toggle visibility"></a></span>
    <span class="left">Bug Information</span>
    <span class="right-empty">		    </span>
  </div>
  <div class="titlebox-content " id="TitleBox--_Public_Bug_Display_html--ticket-info-cfs----QnVnIEluZm9ybWF0aW9u---0">

 
        <table>
  <tr id="CF-1-ShowRow">
    <td class="label">Severity:</td>
    <td class="value">
Critical    </td>
  </tr>
  <tr id="CF-16312-ShowRow">
    <td class="label">Broken in:</td>
    <td class="value">
1.04    </td>
  </tr>
  <tr id="CF-16313-ShowRow">
    <td class="label">Fixed in:</td>
    <td class="value">
<i>(no value)</i>
    </td>
  </tr>
</table>


        <hr class="clear" />
  </div>
</div>




</div>


    <div class="ticket-info-attachments">
  <div class="titlebox ticket-info-attachments " id="">
  <div class="titlebox-title inverse">
    <span class="widget"><a href="#" onclick="return rollup('TitleBox\x2D\x2D\x5FPublic\x5FBug\x5FDisplay\x5Fhtml\x2D\x2Dticket\x2Dinfo\x2Dattachments\x2D\x2D\x2D\x2DQXR0YWNobWVudHM\x5F\x2D\x2D\x2D0');" title="Toggle visibility"></a></span>
    <span class="left">Attachments</span>
    <span class="right-empty">		    </span>
  </div>
  <div class="titlebox-content " id="TitleBox--_Public_Bug_Display_html--ticket-info-attachments----QXR0YWNobWVudHM_---0">




HTTP-Daemon-SSL-1.04-Generate-keys-and-certificates-at-test-time.patch<br />
<ul>


<li><font size="-2">
<a href="/Ticket/Attachment/1362909/723567/HTTP-Daemon-SSL-1.04-Generate-keys-and-certificates-at-test-time.patch">
Wed May 14 04:46:44 2014 (2.5k) by ppisar [...] redhat.com
</a>
</font></li>
</ul>

    <hr class="clear" />
  </div>
</div>




</div>







  </td>
</tr>
</table>

    <hr class="clear" />
  </div>
</div>




</div>


<br />


<div class="history">
<div class="titlebox" id="">
  <div class="titlebox-title">
    <span class="widget"><a href="#" onclick="return rollup('TitleBox\x2D\x2D\x5FPublic\x5FBug\x5FDisplay\x5Fhtml\x2D\x2D\x2D\x2D\x2D\x2DSGlzdG9yeQ\x5F\x5F\x2D\x2D\x2D0');" title="Toggle visibility"></a></span>
    <span class="left">History</span>
    <span class="right">		<a href="#" data-direction="open" onclick="return toggle_all_folds(this, 'Show\x20all\x20quoted\x20text', 'Hide\x20all\x20quoted\x20text');">Show all quoted text</a> &mdash; <a href="/Public/Bug/Display.html?ShowHeaders=1;id=88998">Show full headers</a>    </span>
  </div>
  <div class="titlebox-content " id="TitleBox--_Public_Bug_Display_html------SGlzdG9yeQ__---0">


<div id="ticket-history">
<div class="ticket-transaction message Create odd">
<div class="ticket-transaction">
  <div class="metadata">
    <span class="type">
      <a name="txn-1267726" href="/Public/Bug/Display.html?id=88998#txn-1267726">#</a>      
    </span>
    <span class="date">Fri&nbsp;Sep&nbsp;27&nbsp;05:51:28&nbsp;2013</span>
    <span class="description">victor [...] vsespb.ru -  Ticket created</span>
    <span class="time-taken"></span>    <span class="actions hidden"></span>
  </div>
    <div class="content">
      
<table>
  <tr>
    <td align="right" class="message-header-key">Subject:</td>
    <td class="message-header-value"> Test failures</td>
  </tr>
</table>
<div class="downloadattachment">
<a href="/Ticket/Attachment/1267726/671317/">Download &#40;untitled&#41;</a> / <a href="/Ticket/Attachment/WithHeaders/671317">with headers</a>
<br />
<span class="downloadcontenttype">text/plain 5.5k</span>
</div>
<div class="messagebody">
<div class="message-stanza plain-text-white-space">I am getting the following:

Can&#39;t call method &#34;get_request&#34; on an undefined value at t/testmodule.t line 90.

===============
cpanm &#40;App::cpanminus&#41; 1.7000 on perl 5.018001 built for i686-linux-64int
Work directory is /home/perltest/.cpanm/work/1380275431.726
You have make /usr/bin/make
You have LWP 6.05
You have /bin/tar: tar &#40;GNU tar&#41; 1.26
Copyright &#40;C&#41; 2011 Free Software Foundation, Inc.
License GPLv3+: GNU GPL version 3 or later &lt;<span class="clickylink"><a target="new" rel="nofollow" href="http://gnu.org/licenses/gpl.html">http://gnu.org/licenses/gpl.html</a></span>&gt;.
This is free software: you are free to change and redistribute it.
There is NO WARRANTY, to the extent permitted by law.

Written by John Gilmore and Jay Fenlason.
You have /usr/bin/unzip
Searching HTTP::Daemon::SSL on cpanmetadb ...
--&gt; Working on HTTP::Daemon::SSL
Fetching <span class="clickylink"><a target="new" rel="nofollow" href="http://www.cpan.org/authors/id/A/AU/AUFFLICK/HTTP-Daemon-SSL-1.04.tar.gz">http://www.cpan.org/authors/id/A/AU/AUFFLICK/HTTP-Daemon-SSL-1.04.tar.gz</a></span> ... OK
Unpacking HTTP-Daemon-SSL-1.04.tar.gz
HTTP-Daemon-SSL-1.04/
HTTP-Daemon-SSL-1.04/certs/
HTTP-Daemon-SSL-1.04/certs/server-cert.pem
HTTP-Daemon-SSL-1.04/certs/server-key.pem
HTTP-Daemon-SSL-1.04/certs/.svn/
HTTP-Daemon-SSL-1.04/certs/.svn/tmp/
HTTP-Daemon-SSL-1.04/certs/.svn/tmp/props/
HTTP-Daemon-SSL-1.04/certs/.svn/tmp/text-base/
HTTP-Daemon-SSL-1.04/certs/.svn/tmp/prop-base/
HTTP-Daemon-SSL-1.04/certs/.svn/all-wcprops
HTTP-Daemon-SSL-1.04/certs/.svn/props/
HTTP-Daemon-SSL-1.04/certs/.svn/text-base/
HTTP-Daemon-SSL-1.04/certs/.svn/text-base/server-cert.pem.svn-base
HTTP-Daemon-SSL-1.04/certs/.svn/text-base/test-ca.pem.svn-base
HTTP-Daemon-SSL-1.04/certs/.svn/text-base/server-key.pem.svn-base
HTTP-Daemon-SSL-1.04/certs/.svn/entries
HTTP-Daemon-SSL-1.04/certs/.svn/prop-base/
HTTP-Daemon-SSL-1.04/certs/.svn/prop-base/server-cert.pem.svn-base
HTTP-Daemon-SSL-1.04/certs/.svn/prop-base/test-ca.pem.svn-base
HTTP-Daemon-SSL-1.04/certs/.svn/prop-base/server-key.pem.svn-base
HTTP-Daemon-SSL-1.04/certs/.svn/format
HTTP-Daemon-SSL-1.04/certs/test-ca.pem
HTTP-Daemon-SSL-1.04/Makefile.PL
HTTP-Daemon-SSL-1.04/README
HTTP-Daemon-SSL-1.04/SSL.pm
HTTP-Daemon-SSL-1.04/BUGS
HTTP-Daemon-SSL-1.04/Changes
HTTP-Daemon-SSL-1.04/MANIFEST
HTTP-Daemon-SSL-1.04/META.yml
HTTP-Daemon-SSL-1.04/t/
HTTP-Daemon-SSL-1.04/t/ssl_settings.req
HTTP-Daemon-SSL-1.04/t/testmodule.t
HTTP-Daemon-SSL-1.04/t/loadmodule.t
HTTP-Daemon-SSL-1.04/t/.svn/
HTTP-Daemon-SSL-1.04/t/.svn/tmp/
HTTP-Daemon-SSL-1.04/t/.svn/tmp/props/
HTTP-Daemon-SSL-1.04/t/.svn/tmp/text-base/
HTTP-Daemon-SSL-1.04/t/.svn/tmp/prop-base/
HTTP-Daemon-SSL-1.04/t/.svn/all-wcprops
HTTP-Daemon-SSL-1.04/t/.svn/props/
HTTP-Daemon-SSL-1.04/t/.svn/text-base/
HTTP-Daemon-SSL-1.04/t/.svn/text-base/testmodule.t.svn-base
HTTP-Daemon-SSL-1.04/t/.svn/text-base/loadmodule.t.svn-base
HTTP-Daemon-SSL-1.04/t/.svn/text-base/ssl_settings.req.svn-base
HTTP-Daemon-SSL-1.04/t/.svn/entries
HTTP-Daemon-SSL-1.04/t/.svn/prop-base/
HTTP-Daemon-SSL-1.04/t/.svn/prop-base/testmodule.t.svn-base
HTTP-Daemon-SSL-1.04/t/.svn/prop-base/loadmodule.t.svn-base
HTTP-Daemon-SSL-1.04/t/.svn/prop-base/ssl_settings.req.svn-base
HTTP-Daemon-SSL-1.04/t/.svn/format
Entering HTTP-Daemon-SSL-1.04
Checking configure dependencies from META.yml
Running Makefile.PL
Configuring HTTP-Daemon-SSL-1.04 ... Checking if your kit is complete...
Looks good
Writing Makefile for HTTP::Daemon::SSL
Writing MYMETA.yml and MYMETA.json
OK
Checking dependencies from MYMETA.json ...
Checking if you have ExtUtils::MakeMaker 0 ... Yes &#40;6.66&#41;
Checking if you have HTTP::Daemon 1 ... Yes &#40;6.01&#41;
Checking if you have IO::Socket::SSL 0.93 ... Yes &#40;1.954&#41;
Building and testing HTTP-Daemon-SSL-1.04 ... cp SSL.pm blib/lib/HTTP/Daemon/SSL.pm
Manifying blib/man3/HTTP::Daemon::SSL.3
PERL_DL_NONLAZY=1 /home/perltest/perl5/perlbrew/perls/perl-5.18.1-64int/bin/perl &#34;-MExtUtils::Command::MM&#34; &#34;-e&#34; &#34;test_harness&#40;0, &#39;blib/lib&#39;, &#39;blib/arch&#39;&#41;&#34; t/*.t
t/loadmodule.t .. ok   
t/testmodule.t .. 4/9 Can&#39;t call method &#34;get_request&#34; on an undefined value at t/testmodule.t line 90.
t/testmodule.t .. Dubious, test returned 255 &#40;wstat 65280, 0xff00&#41;
Failed 4/9 subtests 

Test Summary Report
-------------------
t/testmodule.t &#40;Wstat: 65280 Tests: 7 Failed: 2&#41;
  Failed tests:  4, 7
  Non-zero exit status: 255
  Parse errors: Tests out of sequence.  Found &#40;4&#41; but expected &#40;6&#41;
                Bad plan.  You planned 9 tests but ran 7.
Files=2, Tests=10,  2 wallclock secs &#40; 0.02 usr  0.00 sys +  0.13 cusr  0.02 csys =  0.17 CPU&#41;
Result: FAIL
Failed 1/2 test programs. 2/10 subtests failed.
make: *** [test_dynamic] Error 255
FAIL
! Installing HTTP::Daemon::SSL failed. See /home/perltest/.cpanm/work/1380275431.726/build.log for details. Retry with --force to force install it.
Command terminated with non-zero status.
Command [cpanm --verbose HTTP::Daemon::SSL] terminated with exit code 1 &#40;$? = 256&#41; under the following perl environment:
Current perl:
  Name: perl-5.18.1-64int
  Path: /home/perltest/perl5/perlbrew/perls/perl-5.18.1-64int/bin/perl
  Config: -de -Dprefix=/home/perltest/perl5/perlbrew/perls/perl-5.18.1-64int -Duse64bitint -Aeval:scriptdir=/home/perltest/perl5/perlbrew/perls/perl-5.18.1-64int/bin
  Compiled at: Sep  6 2013 04:02:16

perlbrew:
  version: 0.66
  ENV:
    PERLBREW_ROOT: /home/perltest/perl5/perlbrew
    PERLBREW_HOME: /home/perltest/.perlbrew
    PERLBREW_PATH: /home/perltest/perl5/perlbrew/bin:/home/perltest/perl5/perlbrew/perls/perl-5.18.1-64int/bin
    PERLBREW_MANPATH: /home/perltest/perl5/perlbrew/perls/perl-5.18.1-64int/man
===============

similar report here <span class="clickylink"><a target="new" rel="nofollow" href="http://www.cpantesters.org/cpan/report/bdf084c2-08d1-11e3-9963-336a7413e2a9">http://www.cpantesters.org/cpan/report/bdf084c2-08d1-11e3-9963-336a7413e2a9</a></span>

actually there are a lot of test failures on CPANTESTERS &#40;800 of 2600&#41;
<span class="clickylink"><a target="new" rel="nofollow" href="http://www.cpantesters.org/distro/H/HTTP-Daemon-SSL.html#HTTP-Daemon-SSL-1.04">http://www.cpantesters.org/distro/H/HTTP-Daemon-SSL.html#HTTP-Daemon-SSL-1.04</a></span>
</div></div>
    </div>
</div>
</div>
<div class="ticket-transaction message Correspond even">
<div class="ticket-transaction">
  <div class="metadata">
    <span class="type">
      <a name="txn-1267756" href="/Public/Bug/Display.html?id=88998#txn-1267756">#</a>      
    </span>
    <span class="date">Fri&nbsp;Sep&nbsp;27&nbsp;08:52:54&nbsp;2013</span>
    <span class="description">victor [...] vsespb.ru -  Correspondence added</span>
    <span class="time-taken"></span>    <span class="actions hidden"></span>
  </div>
    <div class="content">
      
<table>
  <tr>
    <td align="right" class="message-header-key">From:</td>
    <td class="message-header-value"> victor [...] vsespb.ru</td>
  </tr>
</table>
<div class="downloadattachment">
<a href="/Ticket/Attachment/1267756/671334/">Download &#40;untitled&#41;</a> / <a href="/Ticket/Attachment/WithHeaders/671334">with headers</a>
<br />
<span class="downloadcontenttype">text/plain 6.4k</span>
</div>
<div class="messagebody">
<div class="message-stanza plain-text-white-space">I&#39;ve modified that part of code:
======
if &#40;$conn = $server-&gt;accept&#41; {
    &#38;ok&#40;&#34;valid request handled&#34;&#41;;
} else {
print STDERR $IO::Socket::SSL::ERROR;
    print &#34;not ok $test # valid request did not return a socket $!\n&#34;;
}
======

and got:

======
ok #server init 1
ok #server fileno 2
ok #server url test 3
ok #client bad connection test 1
ok #bad request handled  4
SSL accept attempt failed with unknown error error:1408A0C1:SSL routines:SSL3_GET_CLIENT_HELLO:no shared ciphernot ok 4 # valid request did not return a socket 
Can&#39;t call method &#34;get_request&#34; on an undefined value at t/1.t line 97.
not ok #client failure
======


On Fri Sep 27 13:51:28 2013, vsespb wrote:
<span
    class="message-stanza-folder closed"
    onclick="fold_message_stanza(this, 'Show\x20quoted\x20text', 'Hide\x20quoted\x20text');">Show quoted text</span><br /><div class="message-stanza closed">&gt; I am getting the following:
&gt; 
&gt; Can&#39;t call method &#34;get_request&#34; on an undefined value at
&gt; t/testmodule.t line 90.
&gt; 
&gt; ===============
&gt; cpanm &#40;App::cpanminus&#41; 1.7000 on perl 5.018001 built for i686-linux-
&gt; 64int
&gt; Work directory is /home/perltest/.cpanm/work/1380275431.726
&gt; You have make /usr/bin/make
&gt; You have LWP 6.05
&gt; You have /bin/tar: tar &#40;GNU tar&#41; 1.26
&gt; Copyright &#40;C&#41; 2011 Free Software Foundation, Inc.
&gt; License GPLv3+: GNU GPL version 3 or later
&gt; &lt;<span class="clickylink"><a target="new" rel="nofollow" href="http://gnu.org/licenses/gpl.html">http://gnu.org/licenses/gpl.html</a></span>&gt;.
&gt; This is free software: you are free to change and redistribute it.
&gt; There is NO WARRANTY, to the extent permitted by law.
&gt; 
&gt; Written by John Gilmore and Jay Fenlason.
&gt; You have /usr/bin/unzip
&gt; Searching HTTP::Daemon::SSL on cpanmetadb ...
&gt; --&gt; Working on HTTP::Daemon::SSL
&gt; Fetching <span class="clickylink"><a target="new" rel="nofollow" href="http://www.cpan.org/authors/id/A/AU/AUFFLICK/HTTP-Daemon-SSL-">http://www.cpan.org/authors/id/A/AU/AUFFLICK/HTTP-Daemon-SSL-</a></span>
&gt; 1.04.tar.gz ... OK
&gt; Unpacking HTTP-Daemon-SSL-1.04.tar.gz
&gt; HTTP-Daemon-SSL-1.04/
&gt; HTTP-Daemon-SSL-1.04/certs/
&gt; HTTP-Daemon-SSL-1.04/certs/server-cert.pem
&gt; HTTP-Daemon-SSL-1.04/certs/server-key.pem
&gt; HTTP-Daemon-SSL-1.04/certs/.svn/
&gt; HTTP-Daemon-SSL-1.04/certs/.svn/tmp/
&gt; HTTP-Daemon-SSL-1.04/certs/.svn/tmp/props/
&gt; HTTP-Daemon-SSL-1.04/certs/.svn/tmp/text-base/
&gt; HTTP-Daemon-SSL-1.04/certs/.svn/tmp/prop-base/
&gt; HTTP-Daemon-SSL-1.04/certs/.svn/all-wcprops
&gt; HTTP-Daemon-SSL-1.04/certs/.svn/props/
&gt; HTTP-Daemon-SSL-1.04/certs/.svn/text-base/
&gt; HTTP-Daemon-SSL-1.04/certs/.svn/text-base/server-cert.pem.svn-base
&gt; HTTP-Daemon-SSL-1.04/certs/.svn/text-base/test-ca.pem.svn-base
&gt; HTTP-Daemon-SSL-1.04/certs/.svn/text-base/server-key.pem.svn-base
&gt; HTTP-Daemon-SSL-1.04/certs/.svn/entries
&gt; HTTP-Daemon-SSL-1.04/certs/.svn/prop-base/
&gt; HTTP-Daemon-SSL-1.04/certs/.svn/prop-base/server-cert.pem.svn-base
&gt; HTTP-Daemon-SSL-1.04/certs/.svn/prop-base/test-ca.pem.svn-base
&gt; HTTP-Daemon-SSL-1.04/certs/.svn/prop-base/server-key.pem.svn-base
&gt; HTTP-Daemon-SSL-1.04/certs/.svn/format
&gt; HTTP-Daemon-SSL-1.04/certs/test-ca.pem
&gt; HTTP-Daemon-SSL-1.04/Makefile.PL
&gt; HTTP-Daemon-SSL-1.04/README
&gt; HTTP-Daemon-SSL-1.04/SSL.pm
&gt; HTTP-Daemon-SSL-1.04/BUGS
&gt; HTTP-Daemon-SSL-1.04/Changes
&gt; HTTP-Daemon-SSL-1.04/MANIFEST
&gt; HTTP-Daemon-SSL-1.04/META.yml
&gt; HTTP-Daemon-SSL-1.04/t/
&gt; HTTP-Daemon-SSL-1.04/t/ssl_settings.req
&gt; HTTP-Daemon-SSL-1.04/t/testmodule.t
&gt; HTTP-Daemon-SSL-1.04/t/loadmodule.t
&gt; HTTP-Daemon-SSL-1.04/t/.svn/
&gt; HTTP-Daemon-SSL-1.04/t/.svn/tmp/
&gt; HTTP-Daemon-SSL-1.04/t/.svn/tmp/props/
&gt; HTTP-Daemon-SSL-1.04/t/.svn/tmp/text-base/
&gt; HTTP-Daemon-SSL-1.04/t/.svn/tmp/prop-base/
&gt; HTTP-Daemon-SSL-1.04/t/.svn/all-wcprops
&gt; HTTP-Daemon-SSL-1.04/t/.svn/props/
&gt; HTTP-Daemon-SSL-1.04/t/.svn/text-base/
&gt; HTTP-Daemon-SSL-1.04/t/.svn/text-base/testmodule.t.svn-base
&gt; HTTP-Daemon-SSL-1.04/t/.svn/text-base/loadmodule.t.svn-base
&gt; HTTP-Daemon-SSL-1.04/t/.svn/text-base/ssl_settings.req.svn-base
&gt; HTTP-Daemon-SSL-1.04/t/.svn/entries
&gt; HTTP-Daemon-SSL-1.04/t/.svn/prop-base/
&gt; HTTP-Daemon-SSL-1.04/t/.svn/prop-base/testmodule.t.svn-base
&gt; HTTP-Daemon-SSL-1.04/t/.svn/prop-base/loadmodule.t.svn-base
&gt; HTTP-Daemon-SSL-1.04/t/.svn/prop-base/ssl_settings.req.svn-base
&gt; HTTP-Daemon-SSL-1.04/t/.svn/format
&gt; Entering HTTP-Daemon-SSL-1.04
&gt; Checking configure dependencies from META.yml
&gt; Running Makefile.PL
&gt; Configuring HTTP-Daemon-SSL-1.04 ... Checking if your kit is
&gt; complete...
&gt; Looks good
&gt; Writing Makefile for HTTP::Daemon::SSL
&gt; Writing MYMETA.yml and MYMETA.json
&gt; OK
&gt; Checking dependencies from MYMETA.json ...
&gt; Checking if you have ExtUtils::MakeMaker 0 ... Yes &#40;6.66&#41;
&gt; Checking if you have HTTP::Daemon 1 ... Yes &#40;6.01&#41;
&gt; Checking if you have IO::Socket::SSL 0.93 ... Yes &#40;1.954&#41;
&gt; Building and testing HTTP-Daemon-SSL-1.04 ... cp SSL.pm
&gt; blib/lib/HTTP/Daemon/SSL.pm
&gt; Manifying blib/man3/HTTP::Daemon::SSL.3
&gt; PERL_DL_NONLAZY=1 /home/perltest/perl5/perlbrew/perls/perl-5.18.1-
&gt; 64int/bin/perl &#34;-MExtUtils::Command::MM&#34; &#34;-e&#34; &#34;test_harness&#40;0,
&gt; &#39;blib/lib&#39;, &#39;blib/arch&#39;&#41;&#34; t/*.t
&gt;    t/loadmodule.t .. ok
&gt; t/testmodule.t .. 4/9 Can&#39;t call method &#34;get_request&#34; on an undefined
&gt; value at t/testmodule.t line 90.
&gt; t/testmodule.t .. Dubious, test returned 255 &#40;wstat 65280, 0xff00&#41;
&gt;  Failed 4/9 subtests
&gt; 
&gt; Test Summary Report
&gt; -------------------
&gt; t/testmodule.t &#40;Wstat: 65280 Tests: 7 Failed: 2&#41;
&gt;   Failed tests:  4, 7
&gt;   Non-zero exit status: 255
&gt;   Parse errors: Tests out of sequence.  Found &#40;4&#41; but expected &#40;6&#41;
&gt;                 Bad plan.  You planned 9 tests but ran 7.
&gt; Files=2, Tests=10,  2 wallclock secs &#40; 0.02 usr  0.00 sys +  0.13 cusr
&gt; 0.02 csys =  0.17 CPU&#41;
&gt; Result: FAIL
&gt; Failed 1/2 test programs. 2/10 subtests failed.
&gt; make: *** [test_dynamic] Error 255
&gt; FAIL
&gt; ! Installing HTTP::Daemon::SSL failed. See
&gt; /home/perltest/.cpanm/work/1380275431.726/build.log for details. Retry
&gt; with --force to force install it.
&gt; Command terminated with non-zero status.
&gt; Command [cpanm --verbose HTTP::Daemon::SSL] terminated with exit code
&gt; 1 &#40;$? = 256&#41; under the following perl environment:
&gt; Current perl:
&gt;   Name: perl-5.18.1-64int
&gt;   Path: /home/perltest/perl5/perlbrew/perls/perl-5.18.1-64int/bin/perl
&gt;   Config: -de -Dprefix=/home/perltest/perl5/perlbrew/perls/perl-
&gt; 5.18.1-64int -Duse64bitint
&gt; -Aeval:scriptdir=/home/perltest/perl5/perlbrew/perls/perl-5.18.1-
&gt; 64int/bin
&gt;   Compiled at: Sep  6 2013 04:02:16
&gt; 
&gt; perlbrew:
&gt;   version: 0.66
&gt;   ENV:
&gt;     PERLBREW_ROOT: /home/perltest/perl5/perlbrew
&gt;     PERLBREW_HOME: /home/perltest/.perlbrew
&gt;     PERLBREW_PATH:
&gt; /home/perltest/perl5/perlbrew/bin:/home/perltest/perl5/perlbrew/perls/perl-
&gt; 5.18.1-64int/bin
&gt;     PERLBREW_MANPATH: /home/perltest/perl5/perlbrew/perls/perl-5.18.1-
&gt; 64int/man
&gt; ===============
&gt; 
&gt; similar report here <span class="clickylink"><a target="new" rel="nofollow" href="http://www.cpantesters.org/cpan/report/bdf084c2-">http://www.cpantesters.org/cpan/report/bdf084c2-</a></span>
&gt; 08d1-11e3-9963-336a7413e2a9
&gt; 
&gt; actually there are a lot of test failures on CPANTESTERS &#40;800 of 2600&#41;
&gt; <span class="clickylink"><a target="new" rel="nofollow" href="http://www.cpantesters.org/distro/H/HTTP-Daemon-SSL.html#HTTP-Daemon-">http://www.cpantesters.org/distro/H/HTTP-Daemon-SSL.html#HTTP-Daemon-</a></span>
&gt; SSL-1.04
</div></div></div>
    </div>
</div>
</div>
<div class="ticket-transaction message Correspond odd">
<div class="ticket-transaction">
  <div class="metadata">
    <span class="type">
      <a name="txn-1267761" href="/Public/Bug/Display.html?id=88998#txn-1267761">#</a>      
    </span>
    <span class="date">Fri&nbsp;Sep&nbsp;27&nbsp;09:00:12&nbsp;2013</span>
    <span class="description">victor [...] vsespb.ru -  Correspondence added</span>
    <span class="time-taken"></span>    <span class="actions hidden"></span>
  </div>
    <div class="content">
      
<table>
  <tr>
    <td align="right" class="message-header-key">From:</td>
    <td class="message-header-value"> victor [...] vsespb.ru</td>
  </tr>
</table>
<div class="downloadattachment">
<a href="/Ticket/Attachment/1267761/671339/">Download &#40;untitled&#41;</a> / <a href="/Ticket/Attachment/WithHeaders/671339">with headers</a>
<br />
<span class="downloadcontenttype">text/plain 7.6k</span>
</div>
<div class="messagebody">
<div class="message-stanza plain-text-white-space">I think this can be fixed as specified in <span class="clickylink"><a target="new" rel="nofollow" href="https://rt.cpan.org/Public/Bug/Display.html?id=85278">https://rt.cpan.org/Public/Bug/Display.html?id=85278</a></span>


with this change:

=====
my $server = new HTTP::Daemon::SSL&#40;LocalPort =&gt; $SSL_SERVER_PORT,
                                   LocalAddr =&gt; $SSL_SERVER_ADDR,
                                   Listen =&gt; 5,
                                   Timeout =&gt; 30,
                                   ReuseAddr =&gt; 1,
                                   SSL_cipher_list =&gt; &#39;ALL:!LOW&#39;,
                                   SSL_verify_mode =&gt; 0x00,
                                   SSL_ca_file =&gt; &#34;certs/test-ca.pem&#34;,
                                   SSL_key_file =&gt; &#34;certs/server-key.pem&#34;,
                                   SSL_cert_file =&gt; &#34;certs/server-cert.pem&#34;&#41;;
====

test passes.

On Fri Sep 27 16:52:54 2013, vsespb wrote:
<span
    class="message-stanza-folder closed"
    onclick="fold_message_stanza(this, 'Show\x20quoted\x20text', 'Hide\x20quoted\x20text');">Show quoted text</span><br /><div class="message-stanza closed">&gt; I&#39;ve modified that part of code:
&gt; ======
&gt; if &#40;$conn = $server-&gt;accept&#41; {
&gt;     &#38;ok&#40;&#34;valid request handled&#34;&#41;;
&gt; } else {
&gt; print STDERR $IO::Socket::SSL::ERROR;
&gt;     print &#34;not ok $test # valid request did not return a socket $!\n&#34;;
&gt; }
&gt; ======
&gt; 
&gt; and got:
&gt; 
&gt; ======
&gt; ok #server init 1
&gt; ok #server fileno 2
&gt; ok #server url test 3
&gt; ok #client bad connection test 1
&gt; ok #bad request handled  4
&gt;  SSL accept attempt failed with unknown error error:1408A0C1:SSL
&gt; routines:SSL3_GET_CLIENT_HELLO:no shared ciphernot ok 4 # valid
&gt; request did not return a socket
&gt; Can&#39;t call method &#34;get_request&#34; on an undefined value at t/1.t line
&gt; 97.
&gt; not ok #client failure
&gt; ======
&gt; 
&gt; 
&gt; On Fri Sep 27 13:51:28 2013, vsespb wrote:
<div class="message-stanza open">&gt; &gt; I am getting the following:
&gt; &gt;
&gt; &gt; Can&#39;t call method &#34;get_request&#34; on an undefined value at
&gt; &gt; t/testmodule.t line 90.
&gt; &gt;
&gt; &gt; ===============
&gt; &gt; cpanm &#40;App::cpanminus&#41; 1.7000 on perl 5.018001 built for i686-linux-
&gt; &gt; 64int
&gt; &gt; Work directory is /home/perltest/.cpanm/work/1380275431.726
&gt; &gt; You have make /usr/bin/make
&gt; &gt; You have LWP 6.05
&gt; &gt; You have /bin/tar: tar &#40;GNU tar&#41; 1.26
&gt; &gt; Copyright &#40;C&#41; 2011 Free Software Foundation, Inc.
&gt; &gt; License GPLv3+: GNU GPL version 3 or later
&gt; &gt; &lt;<span class="clickylink"><a target="new" rel="nofollow" href="http://gnu.org/licenses/gpl.html">http://gnu.org/licenses/gpl.html</a></span>&gt;.
&gt; &gt; This is free software: you are free to change and redistribute it.
&gt; &gt; There is NO WARRANTY, to the extent permitted by law.
&gt; &gt;
&gt; &gt; Written by John Gilmore and Jay Fenlason.
&gt; &gt; You have /usr/bin/unzip
&gt; &gt; Searching HTTP::Daemon::SSL on cpanmetadb ...
&gt; &gt; --&gt; Working on HTTP::Daemon::SSL
&gt; &gt; Fetching <span class="clickylink"><a target="new" rel="nofollow" href="http://www.cpan.org/authors/id/A/AU/AUFFLICK/HTTP-Daemon-">http://www.cpan.org/authors/id/A/AU/AUFFLICK/HTTP-Daemon-</a></span>
&gt; &gt; SSL-
&gt; &gt; 1.04.tar.gz ... OK
&gt; &gt; Unpacking HTTP-Daemon-SSL-1.04.tar.gz
&gt; &gt; HTTP-Daemon-SSL-1.04/
&gt; &gt; HTTP-Daemon-SSL-1.04/certs/
&gt; &gt; HTTP-Daemon-SSL-1.04/certs/server-cert.pem
&gt; &gt; HTTP-Daemon-SSL-1.04/certs/server-key.pem
&gt; &gt; HTTP-Daemon-SSL-1.04/certs/.svn/
&gt; &gt; HTTP-Daemon-SSL-1.04/certs/.svn/tmp/
&gt; &gt; HTTP-Daemon-SSL-1.04/certs/.svn/tmp/props/
&gt; &gt; HTTP-Daemon-SSL-1.04/certs/.svn/tmp/text-base/
&gt; &gt; HTTP-Daemon-SSL-1.04/certs/.svn/tmp/prop-base/
&gt; &gt; HTTP-Daemon-SSL-1.04/certs/.svn/all-wcprops
&gt; &gt; HTTP-Daemon-SSL-1.04/certs/.svn/props/
&gt; &gt; HTTP-Daemon-SSL-1.04/certs/.svn/text-base/
&gt; &gt; HTTP-Daemon-SSL-1.04/certs/.svn/text-base/server-cert.pem.svn-base
&gt; &gt; HTTP-Daemon-SSL-1.04/certs/.svn/text-base/test-ca.pem.svn-base
&gt; &gt; HTTP-Daemon-SSL-1.04/certs/.svn/text-base/server-key.pem.svn-base
&gt; &gt; HTTP-Daemon-SSL-1.04/certs/.svn/entries
&gt; &gt; HTTP-Daemon-SSL-1.04/certs/.svn/prop-base/
&gt; &gt; HTTP-Daemon-SSL-1.04/certs/.svn/prop-base/server-cert.pem.svn-base
&gt; &gt; HTTP-Daemon-SSL-1.04/certs/.svn/prop-base/test-ca.pem.svn-base
&gt; &gt; HTTP-Daemon-SSL-1.04/certs/.svn/prop-base/server-key.pem.svn-base
&gt; &gt; HTTP-Daemon-SSL-1.04/certs/.svn/format
&gt; &gt; HTTP-Daemon-SSL-1.04/certs/test-ca.pem
&gt; &gt; HTTP-Daemon-SSL-1.04/Makefile.PL
&gt; &gt; HTTP-Daemon-SSL-1.04/README
&gt; &gt; HTTP-Daemon-SSL-1.04/SSL.pm
&gt; &gt; HTTP-Daemon-SSL-1.04/BUGS
&gt; &gt; HTTP-Daemon-SSL-1.04/Changes
&gt; &gt; HTTP-Daemon-SSL-1.04/MANIFEST
&gt; &gt; HTTP-Daemon-SSL-1.04/META.yml
&gt; &gt; HTTP-Daemon-SSL-1.04/t/
&gt; &gt; HTTP-Daemon-SSL-1.04/t/ssl_settings.req
&gt; &gt; HTTP-Daemon-SSL-1.04/t/testmodule.t
&gt; &gt; HTTP-Daemon-SSL-1.04/t/loadmodule.t
&gt; &gt; HTTP-Daemon-SSL-1.04/t/.svn/
&gt; &gt; HTTP-Daemon-SSL-1.04/t/.svn/tmp/
&gt; &gt; HTTP-Daemon-SSL-1.04/t/.svn/tmp/props/
&gt; &gt; HTTP-Daemon-SSL-1.04/t/.svn/tmp/text-base/
&gt; &gt; HTTP-Daemon-SSL-1.04/t/.svn/tmp/prop-base/
&gt; &gt; HTTP-Daemon-SSL-1.04/t/.svn/all-wcprops
&gt; &gt; HTTP-Daemon-SSL-1.04/t/.svn/props/
&gt; &gt; HTTP-Daemon-SSL-1.04/t/.svn/text-base/
&gt; &gt; HTTP-Daemon-SSL-1.04/t/.svn/text-base/testmodule.t.svn-base
&gt; &gt; HTTP-Daemon-SSL-1.04/t/.svn/text-base/loadmodule.t.svn-base
&gt; &gt; HTTP-Daemon-SSL-1.04/t/.svn/text-base/ssl_settings.req.svn-base
&gt; &gt; HTTP-Daemon-SSL-1.04/t/.svn/entries
&gt; &gt; HTTP-Daemon-SSL-1.04/t/.svn/prop-base/
&gt; &gt; HTTP-Daemon-SSL-1.04/t/.svn/prop-base/testmodule.t.svn-base
&gt; &gt; HTTP-Daemon-SSL-1.04/t/.svn/prop-base/loadmodule.t.svn-base
&gt; &gt; HTTP-Daemon-SSL-1.04/t/.svn/prop-base/ssl_settings.req.svn-base
&gt; &gt; HTTP-Daemon-SSL-1.04/t/.svn/format
&gt; &gt; Entering HTTP-Daemon-SSL-1.04
&gt; &gt; Checking configure dependencies from META.yml
&gt; &gt; Running Makefile.PL
&gt; &gt; Configuring HTTP-Daemon-SSL-1.04 ... Checking if your kit is
&gt; &gt; complete...
&gt; &gt; Looks good
&gt; &gt; Writing Makefile for HTTP::Daemon::SSL
&gt; &gt; Writing MYMETA.yml and MYMETA.json
&gt; &gt; OK
&gt; &gt; Checking dependencies from MYMETA.json ...
&gt; &gt; Checking if you have ExtUtils::MakeMaker 0 ... Yes &#40;6.66&#41;
&gt; &gt; Checking if you have HTTP::Daemon 1 ... Yes &#40;6.01&#41;
&gt; &gt; Checking if you have IO::Socket::SSL 0.93 ... Yes &#40;1.954&#41;
&gt; &gt; Building and testing HTTP-Daemon-SSL-1.04 ... cp SSL.pm
&gt; &gt; blib/lib/HTTP/Daemon/SSL.pm
&gt; &gt; Manifying blib/man3/HTTP::Daemon::SSL.3
&gt; &gt; PERL_DL_NONLAZY=1 /home/perltest/perl5/perlbrew/perls/perl-5.18.1-
&gt; &gt; 64int/bin/perl &#34;-MExtUtils::Command::MM&#34; &#34;-e&#34; &#34;test_harness&#40;0,
&gt; &gt; &#39;blib/lib&#39;, &#39;blib/arch&#39;&#41;&#34; t/*.t
&gt; &gt;    t/loadmodule.t .. ok
&gt; &gt; t/testmodule.t .. 4/9 Can&#39;t call method &#34;get_request&#34; on an undefined
&gt; &gt; value at t/testmodule.t line 90.
&gt; &gt; t/testmodule.t .. Dubious, test returned 255 &#40;wstat 65280, 0xff00&#41;
&gt; &gt;  Failed 4/9 subtests
&gt; &gt;
&gt; &gt; Test Summary Report
&gt; &gt; -------------------
&gt; &gt; t/testmodule.t &#40;Wstat: 65280 Tests: 7 Failed: 2&#41;
&gt; &gt;   Failed tests:  4, 7
&gt; &gt;   Non-zero exit status: 255
&gt; &gt;   Parse errors: Tests out of sequence.  Found &#40;4&#41; but expected &#40;6&#41;
&gt; &gt;                 Bad plan.  You planned 9 tests but ran 7.
&gt; &gt; Files=2, Tests=10,  2 wallclock secs &#40; 0.02 usr  0.00 sys +  0.13
&gt; &gt; cusr
&gt; &gt; 0.02 csys =  0.17 CPU&#41;
&gt; &gt; Result: FAIL
&gt; &gt; Failed 1/2 test programs. 2/10 subtests failed.
&gt; &gt; make: *** [test_dynamic] Error 255
&gt; &gt; FAIL
&gt; &gt; ! Installing HTTP::Daemon::SSL failed. See
&gt; &gt; /home/perltest/.cpanm/work/1380275431.726/build.log for details.
&gt; &gt; Retry
&gt; &gt; with --force to force install it.
&gt; &gt; Command terminated with non-zero status.
&gt; &gt; Command [cpanm --verbose HTTP::Daemon::SSL] terminated with exit code
&gt; &gt; 1 &#40;$? = 256&#41; under the following perl environment:
&gt; &gt; Current perl:
&gt; &gt;   Name: perl-5.18.1-64int
&gt; &gt;   Path: /home/perltest/perl5/perlbrew/perls/perl-5.18.1-
&gt; &gt; 64int/bin/perl
&gt; &gt;   Config: -de -Dprefix=/home/perltest/perl5/perlbrew/perls/perl-
&gt; &gt; 5.18.1-64int -Duse64bitint
&gt; &gt; -Aeval:scriptdir=/home/perltest/perl5/perlbrew/perls/perl-5.18.1-
&gt; &gt; 64int/bin
&gt; &gt;   Compiled at: Sep  6 2013 04:02:16
&gt; &gt;
&gt; &gt; perlbrew:
&gt; &gt;   version: 0.66
&gt; &gt;   ENV:
&gt; &gt;     PERLBREW_ROOT: /home/perltest/perl5/perlbrew
&gt; &gt;     PERLBREW_HOME: /home/perltest/.perlbrew
&gt; &gt;     PERLBREW_PATH:
&gt; &gt; /home/perltest/perl5/perlbrew/bin:/home/perltest/perl5/perlbrew/perls/perl-
&gt; &gt; 5.18.1-64int/bin
&gt; &gt;     PERLBREW_MANPATH: /home/perltest/perl5/perlbrew/perls/perl-
&gt; &gt; 5.18.1-
&gt; &gt; 64int/man
&gt; &gt; ===============
&gt; &gt;
&gt; &gt; similar report here <span class="clickylink"><a target="new" rel="nofollow" href="http://www.cpantesters.org/cpan/report/bdf084c2-">http://www.cpantesters.org/cpan/report/bdf084c2-</a></span>
&gt; &gt; 08d1-11e3-9963-336a7413e2a9
&gt; &gt;
&gt; &gt; actually there are a lot of test failures on CPANTESTERS &#40;800 of
&gt; &gt; 2600&#41;
&gt; &gt; <span class="clickylink"><a target="new" rel="nofollow" href="http://www.cpantesters.org/distro/H/HTTP-Daemon-SSL.html#HTTP-Daemon-">http://www.cpantesters.org/distro/H/HTTP-Daemon-SSL.html#HTTP-Daemon-</a></span>
&gt; &gt; SSL-1.04
</div></div></div></div>
    </div>
</div>
</div>
<div class="ticket-transaction message Correspond even">
<div class="ticket-transaction">
  <div class="metadata">
    <span class="type">
      <a name="txn-1362897" href="/Public/Bug/Display.html?id=88998#txn-1362897">#</a>      
    </span>
    <span class="date">Wed&nbsp;May&nbsp;14&nbsp;03:24:25&nbsp;2014</span>
    <span class="description">ppisar [...] redhat.com -  Correspondence added</span>
    <span class="time-taken"></span>    <span class="actions hidden"></span>
  </div>
    <div class="content">
      
<table>
  <tr>
    <td align="right" class="message-header-key">From:</td>
    <td class="message-header-value"> ppisar [...] redhat.com</td>
  </tr>
</table>
<div class="downloadattachment">
<a href="/Ticket/Attachment/1362897/723559/">Download &#40;untitled&#41;</a> / <a href="/Ticket/Attachment/WithHeaders/723559">with headers</a>
<br />
<span class="downloadcontenttype">text/plain 613b</span>
</div>
<div class="messagebody">
<div class="message-stanza plain-text-white-space">Dne Pá 27.zář.2013 08:52:54, vsespb napsal&#40;a&#41;:
<span
    class="message-stanza-folder closed"
    onclick="fold_message_stanza(this, 'Show\x20quoted\x20text', 'Hide\x20quoted\x20text');">Show quoted text</span><br /><div class="message-stanza closed">&gt;  SSL accept attempt failed with unknown error error:1408A0C1:SSL
&gt; routines:SSL3_GET_CLIENT_HELLO:no shared ciphernot ok 4 # valid
&gt; request did not return a socket
&gt; Can&#39;t call method &#34;get_request&#34; on an undefined value at t/1.t line
&gt; 97.
&gt; not ok #client failure
&gt; ======
&gt; 
&gt; 
</div>With OpenSSL 1.0.1 you get different SSL error because the pregenerated 512-bit RSA key cannot be used to sign digests in the SSL handshake when client chooses digest algorithm with too large digest.

See &lt;<span class="clickylink"><a target="new" rel="nofollow" href="http://rt.openssl.org/Ticket/Display.html?id=2769&#38;user=guest&#38;pass=guest">http://rt.openssl.org/Ticket/Display.html?id=2769&#38;user=guest&#38;pass=guest</a></span>&gt;.
</div></div>
    </div>
</div>
</div>
<div class="ticket-transaction basics Status odd">
<div class="ticket-transaction">
  <div class="metadata">
    <span class="type">
      <a name="txn-1362898" href="/Public/Bug/Display.html?id=88998#txn-1362898">#</a>      
    </span>
    <span class="date">Wed&nbsp;May&nbsp;14&nbsp;03:24:26&nbsp;2014</span>
    <span class="description">The RT System itself -  Status changed from &#39;new&#39; to &#39;open&#39;</span>
    <span class="time-taken"></span>    <span class="actions hidden"></span>
  </div>
    <div class="content">
    </div>
</div>
</div>
<div class="ticket-transaction message Correspond even">
<div class="ticket-transaction">
  <div class="metadata">
    <span class="type">
      <a name="txn-1362909" href="/Public/Bug/Display.html?id=88998#txn-1362909">#</a>      
    </span>
    <span class="date">Wed&nbsp;May&nbsp;14&nbsp;04:46:44&nbsp;2014</span>
    <span class="description">ppisar [...] redhat.com -  Correspondence added</span>
    <span class="time-taken"></span>    <span class="actions hidden"></span>
  </div>
    <div class="content">
      
<table>
  <tr>
    <td align="right" class="message-header-key">From:</td>
    <td class="message-header-value"> ppisar [...] redhat.com</td>
  </tr>
</table>
<div class="messageattachments">
<div class="downloadattachment">
<a href="/Ticket/Attachment/1362909/723566/">Download &#40;untitled&#41;</a> / <a href="/Ticket/Attachment/WithHeaders/723566">with headers</a>
<br />
<span class="downloadcontenttype">text/plain 359b</span>
</div>
<div class="messagebody">
<div class="message-stanza plain-text-white-space">Dne St 14.Květen.2014 03:24:25, ppisar napsal&#40;a&#41;:
<span
    class="message-stanza-folder closed"
    onclick="fold_message_stanza(this, 'Show\x20quoted\x20text', 'Hide\x20quoted\x20text');">Show quoted text</span><br /><div class="message-stanza closed">&gt; With OpenSSL 1.0.1 you get different SSL error because the
&gt; pregenerated 512-bit RSA key cannot be used to sign digests in the SSL
&gt; handshake when client chooses digest algorithm with too large digest.
&gt; 
</div>Attached patch fixes my problem. I believe it fixes also the problem originally reported.

-- Petr
</div></div>
<table>
  <tr>
    <td align="right" class="message-header-key">Subject:</td>
    <td class="message-header-value"> HTTP-Daemon-SSL-1.04-Generate-keys-and-certificates-at-test-time.patch</td>
  </tr>
</table>
<div class="downloadattachment">
<a href="/Ticket/Attachment/1362909/723567/HTTP-Daemon-SSL-1.04-Generate-keys-and-certificates-at-test-time.patch">Download HTTP-Daemon-SSL-1.04-Generate-keys-and-certificates-at-test-time.patch</a><br />
<span class="downloadcontenttype">text/x-diff 2.5k</span>
</div>
<div class="messagebody">
<div class="message-stanza plain-text-white-space">From 2b728bdd6df8968d1dae92856ac5ebed85d71d2a Mon Sep 17 00:00:00 2001
From: =?UTF-8?q?Petr=20P=C3=ADsa=C5=99?= &lt;ppisar@redhat.com&gt;
Date: Wed, 14 May 2014 10:36:50 +0200
Subject: [PATCH] Generate keys and certificates at test-time
MIME-Version: 1.0
Content-Type: text/plain; charset=UTF-8
Content-Transfer-Encoding: 8bit

This fixes &lt;<span class="clickylink"><a target="new" rel="nofollow" href="https://rt.cpan.org/Public/Bug/Display.html?id=88998">https://rt.cpan.org/Public/Bug/Display.html?id=88998</a></span>&gt;.

Signed-off-by: Petr PÃ­saÅ &lt;ppisar@redhat.com&gt;
---
 Makefile.PL    |  2 ++
 t/testmodule.t | 38 +++++++++++++++++++++++++++++++++++++-
 2 files changed, 39 insertions&#40;+&#41;, 1 deletion&#40;-&#41;

diff --git a/Makefile.PL b/Makefile.PL
index 17fe591..b8927b2 100644
--- a/Makefile.PL
+++ b/Makefile.PL
@@ -10,5 +10,7 @@ WriteMakefile&#40;
   &#39;VERSION_FROM&#39; =&gt; &#39;SSL.pm&#39;,
   &#39;DISTNAME&#39; =&gt; &#39;HTTP-Daemon-SSL&#39;,
   &#39;PREREQ_PM&#39; =&gt; { &#39;HTTP::Daemon&#39; =&gt; 1.0, &#39;IO::Socket::SSL&#39; =&gt; 0.93 },
+  &#39;BUILD_REQUIRES&#39; =&gt; { &#39;HTTP::Daemon&#39; =&gt; 1.0, &#39;IO::Socket::SSL&#39; =&gt; 0.93,
+      &#39;IO::Socket::SSL::Utils&#39; =&gt; 0 },
   &#39;dist&#39; =&gt; { COMPRESS =&gt; &#39;gzip&#39;, SUFFIX =&gt; &#39;gz&#39;, },
 &#41;;
diff --git a/t/testmodule.t b/t/testmodule.t
index 6ca235a..c83d9ab 100644
--- a/t/testmodule.t
+++ b/t/testmodule.t
@@ -4,10 +4,11 @@
 
 use HTTP::Daemon::SSL;
 use HTTP::Status;
+use IO::Socket::SSL::Utils;
 eval {require &#34;t/ssl_settings.req&#34;;} ||
 eval {require &#34;ssl_settings.req&#34;;};
 
-$numtests = 9;
+$numtests = 14;
 $|=1;
 $SIG{PIPE}=&#39;IGNORE&#39;;
 
@@ -22,6 +23,41 @@ print &#34;1..$numtests\n&#34;;
 
 $test = 0;
 
+my &#40;$ca_cert, $ca_key&#41; = CERT_create&#40;
+    subject =&gt; { commonName =&gt; &#39;Dummy IO::Socket::SSL Certificate Authority&#39; },
+    CA =&gt; 1,
+&#41;;
+&#40;defined $ca_cert and defined $ca_key&#41; || print &#39;not &#39;;
+&#38;ok&#40;&#39;authority certificate generated&#39;&#41;;
+
+my &#40;$server_cert, $server_key&#41; = CERT_create&#40;
+    subject =&gt; { commonName =&gt; &#39;IO::Socket::SSL Dummy Server Certificate&#39; },
+    CA =&gt; 0,
+    issuer_cert =&gt; $ca_cert,
+    issuer_key =&gt; $ca_key,
+&#41;;
+&#40;defined $server_cert and defined $server_key&#41; || print &#39;not &#39;;
+&#38;ok&#40;&#39;server certificate generated&#39;&#41;;
+
+eval { PEM_cert2file&#40;$ca_cert, &#39;certs/test-ca.pem&#39;&#41; };
+&#40;!$@ and -s &#39;certs/test-ca.pem&#39;&#41; || print &#39;not &#39;;
+&#38;ok&#40;&#39;authority certificate saved&#39;&#41;;
+
+PEM_cert2file&#40;$server_cert, &#39;certs/server-cert.pem&#39;&#41;;
+&#40;!$@ and -s &#39;certs/server-cert.pem&#39;&#41; || print &#39;not &#39;;
+&#38;ok&#40;&#39;server certificate saved&#39;&#41;;
+
+PEM_key2file&#40;$server_key, &#39;certs/server-key.pem&#39;&#41;;
+&#40;!$@ and -s &#39;certs/server-key.pem&#39;&#41; || print &#39;not &#39;;
+&#38;ok&#40;&#39;server key saved&#39;&#41;;
+
+# freeing fails now &lt;<span class="clickylink"><a target="new" rel="nofollow" href="https://bugzilla.redhat.com/show_bug.cgi?id=1097640">https://bugzilla.redhat.com/show_bug.cgi?id=1097640</a></span>&gt;
+#CERT_free&#40;$ca_cert&#41;;
+#KEY_free&#40;$ca_key&#41;;
+#CERT_free&#40;$server_cert&#41;;
+#KEY_free&#40;$server_key&#41;;
+
+
 unless &#40;fork&#41; {
     sleep 1;
 
-- 
1.9.0

</div></div>
</div>
    </div>
</div>
</div>
<div class="ticket-transaction message Correspond odd">
<div class="ticket-transaction">
  <div class="metadata">
    <span class="type">
      <a name="txn-1668074" href="/Public/Bug/Display.html?id=88998#txn-1668074">#</a>      
    </span>
    <span class="date">Sun&nbsp;Sep&nbsp;11&nbsp;14:22:17&nbsp;2016</span>
    <span class="description">SREZIC [...] cpan.org -  Correspondence added</span>
    <span class="time-taken"></span>    <span class="actions hidden"></span>
  </div>
    <div class="content">
      
<table>
  <tr>
    <td align="right" class="message-header-key">RT-Send-CC:</td>
    <td class="message-header-value"> ppisar [...] redhat.com</td>
  </tr>
</table>
<div class="downloadattachment">
<a href="/Ticket/Attachment/1668074/895181/">Download &#40;untitled&#41;</a> / <a href="/Ticket/Attachment/WithHeaders/895181">with headers</a>
<br />
<span class="downloadcontenttype">text/plain 596b</span>
</div>
<div class="messagebody">
<div class="message-stanza plain-text-white-space">On 2014-05-14 04:46:44, ppisar wrote:
<span
    class="message-stanza-folder closed"
    onclick="fold_message_stanza(this, 'Show\x20quoted\x20text', 'Hide\x20quoted\x20text');">Show quoted text</span><br /><div class="message-stanza closed">&gt; Dne St 14.Květen.2014 03:24:25, ppisar napsal&#40;a&#41;:
<div class="message-stanza open">&gt; &gt; With OpenSSL 1.0.1 you get different SSL error because the
&gt; &gt; pregenerated 512-bit RSA key cannot be used to sign digests in the
&gt; &gt; SSL
&gt; &gt; handshake when client chooses digest algorithm with too large digest.
&gt; &gt;
</div>&gt; Attached patch fixes my problem. I believe it fixes also the problem
&gt; originally reported.
&gt; 
&gt; -- Petr
</div>
The combined wisdom of this ticket is now available for CPAN.pm users using distroprefs files:
<span class="clickylink"><a target="new" rel="nofollow" href="https://github.com/eserte/srezic-cpan-distroprefs/blob/master/HTTP-Daemon-SSL.yml">https://github.com/eserte/srezic-cpan-distroprefs/blob/master/HTTP-Daemon-SSL.yml</a></span>
</div></div>
    </div>
</div>
</div>
<div class="ticket-transaction message Correspond even">
<div class="ticket-transaction">
  <div class="metadata">
    <span class="type">
      <a name="txn-1787025" href="/Public/Bug/Display.html?id=88998#txn-1787025">#</a>      
    </span>
    <span class="date">Sat&nbsp;May&nbsp;19&nbsp;20:00:32&nbsp;2018</span>
    <span class="description">jkeenan [...] cpan.org -  Correspondence added</span>
    <span class="time-taken"></span>    <span class="actions hidden"></span>
  </div>
    <div class="content">
      
<div class="downloadattachment">
<a href="/Ticket/Attachment/1787025/961202/">Download &#40;untitled&#41;</a> / <a href="/Ticket/Attachment/WithHeaders/961202">with headers</a>
<br />
<span class="downloadcontenttype">text/plain 7.3k</span>
</div>
<div class="messagebody">
<div class="message-stanza plain-text-white-space">On Fri Sep 27 05:51:28 2013, vsespb wrote:
<span
    class="message-stanza-folder closed"
    onclick="fold_message_stanza(this, 'Show\x20quoted\x20text', 'Hide\x20quoted\x20text');">Show quoted text</span><br /><div class="message-stanza closed">&gt; I am getting the following:
&gt; 
&gt; Can&#39;t call method &#34;get_request&#34; on an undefined value at
&gt; t/testmodule.t line 90.
&gt; 
&gt; ===============
&gt; cpanm &#40;App::cpanminus&#41; 1.7000 on perl 5.018001 built for i686-linux-
&gt; 64int
&gt; Work directory is /home/perltest/.cpanm/work/1380275431.726
&gt; You have make /usr/bin/make
&gt; You have LWP 6.05
&gt; You have /bin/tar: tar &#40;GNU tar&#41; 1.26
&gt; Copyright &#40;C&#41; 2011 Free Software Foundation, Inc.
&gt; License GPLv3+: GNU GPL version 3 or later
&gt; &lt;<span class="clickylink"><a target="new" rel="nofollow" href="http://gnu.org/licenses/gpl.html">http://gnu.org/licenses/gpl.html</a></span>&gt;.
&gt; This is free software: you are free to change and redistribute it.
&gt; There is NO WARRANTY, to the extent permitted by law.
&gt; 
&gt; Written by John Gilmore and Jay Fenlason.
&gt; You have /usr/bin/unzip
&gt; Searching HTTP::Daemon::SSL on cpanmetadb ...
&gt; --&gt; Working on HTTP::Daemon::SSL
&gt; Fetching <span class="clickylink"><a target="new" rel="nofollow" href="http://www.cpan.org/authors/id/A/AU/AUFFLICK/HTTP-Daemon-SSL-">http://www.cpan.org/authors/id/A/AU/AUFFLICK/HTTP-Daemon-SSL-</a></span>
&gt; 1.04.tar.gz ... OK
&gt; Unpacking HTTP-Daemon-SSL-1.04.tar.gz
&gt; HTTP-Daemon-SSL-1.04/
&gt; HTTP-Daemon-SSL-1.04/certs/
&gt; HTTP-Daemon-SSL-1.04/certs/server-cert.pem
&gt; HTTP-Daemon-SSL-1.04/certs/server-key.pem
&gt; HTTP-Daemon-SSL-1.04/certs/.svn/
&gt; HTTP-Daemon-SSL-1.04/certs/.svn/tmp/
&gt; HTTP-Daemon-SSL-1.04/certs/.svn/tmp/props/
&gt; HTTP-Daemon-SSL-1.04/certs/.svn/tmp/text-base/
&gt; HTTP-Daemon-SSL-1.04/certs/.svn/tmp/prop-base/
&gt; HTTP-Daemon-SSL-1.04/certs/.svn/all-wcprops
&gt; HTTP-Daemon-SSL-1.04/certs/.svn/props/
&gt; HTTP-Daemon-SSL-1.04/certs/.svn/text-base/
&gt; HTTP-Daemon-SSL-1.04/certs/.svn/text-base/server-cert.pem.svn-base
&gt; HTTP-Daemon-SSL-1.04/certs/.svn/text-base/test-ca.pem.svn-base
&gt; HTTP-Daemon-SSL-1.04/certs/.svn/text-base/server-key.pem.svn-base
&gt; HTTP-Daemon-SSL-1.04/certs/.svn/entries
&gt; HTTP-Daemon-SSL-1.04/certs/.svn/prop-base/
&gt; HTTP-Daemon-SSL-1.04/certs/.svn/prop-base/server-cert.pem.svn-base
&gt; HTTP-Daemon-SSL-1.04/certs/.svn/prop-base/test-ca.pem.svn-base
&gt; HTTP-Daemon-SSL-1.04/certs/.svn/prop-base/server-key.pem.svn-base
&gt; HTTP-Daemon-SSL-1.04/certs/.svn/format
&gt; HTTP-Daemon-SSL-1.04/certs/test-ca.pem
&gt; HTTP-Daemon-SSL-1.04/Makefile.PL
&gt; HTTP-Daemon-SSL-1.04/README
&gt; HTTP-Daemon-SSL-1.04/SSL.pm
&gt; HTTP-Daemon-SSL-1.04/BUGS
&gt; HTTP-Daemon-SSL-1.04/Changes
&gt; HTTP-Daemon-SSL-1.04/MANIFEST
&gt; HTTP-Daemon-SSL-1.04/META.yml
&gt; HTTP-Daemon-SSL-1.04/t/
&gt; HTTP-Daemon-SSL-1.04/t/ssl_settings.req
&gt; HTTP-Daemon-SSL-1.04/t/testmodule.t
&gt; HTTP-Daemon-SSL-1.04/t/loadmodule.t
&gt; HTTP-Daemon-SSL-1.04/t/.svn/
&gt; HTTP-Daemon-SSL-1.04/t/.svn/tmp/
&gt; HTTP-Daemon-SSL-1.04/t/.svn/tmp/props/
&gt; HTTP-Daemon-SSL-1.04/t/.svn/tmp/text-base/
&gt; HTTP-Daemon-SSL-1.04/t/.svn/tmp/prop-base/
&gt; HTTP-Daemon-SSL-1.04/t/.svn/all-wcprops
&gt; HTTP-Daemon-SSL-1.04/t/.svn/props/
&gt; HTTP-Daemon-SSL-1.04/t/.svn/text-base/
&gt; HTTP-Daemon-SSL-1.04/t/.svn/text-base/testmodule.t.svn-base
&gt; HTTP-Daemon-SSL-1.04/t/.svn/text-base/loadmodule.t.svn-base
&gt; HTTP-Daemon-SSL-1.04/t/.svn/text-base/ssl_settings.req.svn-base
&gt; HTTP-Daemon-SSL-1.04/t/.svn/entries
&gt; HTTP-Daemon-SSL-1.04/t/.svn/prop-base/
&gt; HTTP-Daemon-SSL-1.04/t/.svn/prop-base/testmodule.t.svn-base
&gt; HTTP-Daemon-SSL-1.04/t/.svn/prop-base/loadmodule.t.svn-base
&gt; HTTP-Daemon-SSL-1.04/t/.svn/prop-base/ssl_settings.req.svn-base
&gt; HTTP-Daemon-SSL-1.04/t/.svn/format
&gt; Entering HTTP-Daemon-SSL-1.04
&gt; Checking configure dependencies from META.yml
&gt; Running Makefile.PL
&gt; Configuring HTTP-Daemon-SSL-1.04 ... Checking if your kit is
&gt; complete...
&gt; Looks good
&gt; Writing Makefile for HTTP::Daemon::SSL
&gt; Writing MYMETA.yml and MYMETA.json
&gt; OK
&gt; Checking dependencies from MYMETA.json ...
&gt; Checking if you have ExtUtils::MakeMaker 0 ... Yes &#40;6.66&#41;
&gt; Checking if you have HTTP::Daemon 1 ... Yes &#40;6.01&#41;
&gt; Checking if you have IO::Socket::SSL 0.93 ... Yes &#40;1.954&#41;
&gt; Building and testing HTTP-Daemon-SSL-1.04 ... cp SSL.pm
&gt; blib/lib/HTTP/Daemon/SSL.pm
&gt; Manifying blib/man3/HTTP::Daemon::SSL.3
&gt; PERL_DL_NONLAZY=1 /home/perltest/perl5/perlbrew/perls/perl-5.18.1-
&gt; 64int/bin/perl &#34;-MExtUtils::Command::MM&#34; &#34;-e&#34; &#34;test_harness&#40;0,
&gt; &#39;blib/lib&#39;, &#39;blib/arch&#39;&#41;&#34; t/*.t
&gt;    t/loadmodule.t .. ok
&gt; t/testmodule.t .. 4/9 Can&#39;t call method &#34;get_request&#34; on an undefined
&gt; value at t/testmodule.t line 90.
&gt; t/testmodule.t .. Dubious, test returned 255 &#40;wstat 65280, 0xff00&#41;
&gt;  Failed 4/9 subtests
&gt; 
&gt; Test Summary Report
&gt; -------------------
&gt; t/testmodule.t &#40;Wstat: 65280 Tests: 7 Failed: 2&#41;
&gt;   Failed tests:  4, 7
&gt;   Non-zero exit status: 255
&gt;   Parse errors: Tests out of sequence.  Found &#40;4&#41; but expected &#40;6&#41;
&gt;                 Bad plan.  You planned 9 tests but ran 7.
&gt; Files=2, Tests=10,  2 wallclock secs &#40; 0.02 usr  0.00 sys +  0.13 cusr
&gt; 0.02 csys =  0.17 CPU&#41;
&gt; Result: FAIL
&gt; Failed 1/2 test programs. 2/10 subtests failed.
&gt; make: *** [test_dynamic] Error 255
&gt; FAIL
&gt; ! Installing HTTP::Daemon::SSL failed. See
&gt; /home/perltest/.cpanm/work/1380275431.726/build.log for details. Retry
&gt; with --force to force install it.
&gt; Command terminated with non-zero status.
&gt; Command [cpanm --verbose HTTP::Daemon::SSL] terminated with exit code
&gt; 1 &#40;$? = 256&#41; under the following perl environment:
&gt; Current perl:
&gt;   Name: perl-5.18.1-64int
&gt;   Path: /home/perltest/perl5/perlbrew/perls/perl-5.18.1-64int/bin/perl
&gt;   Config: -de -Dprefix=/home/perltest/perl5/perlbrew/perls/perl-
&gt; 5.18.1-64int -Duse64bitint
&gt; -Aeval:scriptdir=/home/perltest/perl5/perlbrew/perls/perl-5.18.1-
&gt; 64int/bin
&gt;   Compiled at: Sep  6 2013 04:02:16
&gt; 
&gt; perlbrew:
&gt;   version: 0.66
&gt;   ENV:
&gt;     PERLBREW_ROOT: /home/perltest/perl5/perlbrew
&gt;     PERLBREW_HOME: /home/perltest/.perlbrew
&gt;     PERLBREW_PATH:
&gt; /home/perltest/perl5/perlbrew/bin:/home/perltest/perl5/perlbrew/perls/perl-
&gt; 5.18.1-64int/bin
&gt;     PERLBREW_MANPATH: /home/perltest/perl5/perlbrew/perls/perl-5.18.1-
&gt; 64int/man
&gt; ===============
&gt; 
&gt; similar report here <span class="clickylink"><a target="new" rel="nofollow" href="http://www.cpantesters.org/cpan/report/bdf084c2-">http://www.cpantesters.org/cpan/report/bdf084c2-</a></span>
&gt; 08d1-11e3-9963-336a7413e2a9
&gt; 
&gt; actually there are a lot of test failures on CPANTESTERS &#40;800 of 2600&#41;
&gt; <span class="clickylink"><a target="new" rel="nofollow" href="http://www.cpantesters.org/distro/H/HTTP-Daemon-SSL.html#HTTP-Daemon-">http://www.cpantesters.org/distro/H/HTTP-Daemon-SSL.html#HTTP-Daemon-</a></span>
&gt; SSL-1.04
</div>
These test failures are still present when I attempt to install this module against perl-5.27.11 on FreeBSD-11.1:

#####
PERL_DL_NONLAZY=1 &#34;/usr/home/jkeenan/var/tad/testing/perl-5.27.11/bin/perl5.27.11&#34; &#34;-MExtUtils::Command::MM&#34; &#34;-MTest::Harness&#34; &#34;-e&#34; &#34;undef *Test::Harness::Switches; test_harness&#40;0, &#39;blib/lib&#39;, &#39;blib/arch&#39;&#41;&#34; t/*.t
t/loadmodule.t .. ok
Can&#39;t use an undefined value as a symbol reference at t/testmodule.t line 31.
t/testmodule.t ..
Failed 9/9 subtests

Test Summary Report
-------------------
t/testmodule.t &#40;Wstat: 0 Tests: 1 Failed: 1&#41;
  Failed test:  0
  Parse errors: Tests out of sequence.  Found &#40;0&#41; but expected &#40;1&#41;
                Bad plan.  You planned 9 tests but ran 1.
Files=2, Tests=4,  1 wallclock secs &#40; 0.02 usr  0.02 sys +  0.12 cusr  0.05 csys =  0.20 CPU&#41;
Result: FAIL
Failed 1/2 test programs. 1/4 subtests failed.
#####
PERL_DL_NONLAZY=1 &#34;/usr/home/jkeenan/var/tad/testing/perl-5.27.11/bin/perl5.27.11&#34; &#34;-MExtUtils::Command::MM&#34; &#34;-MTest::Harness&#34; &#34;-e&#34; &#34;undef *Test::Harness::Switches; test_harness&#40;0, &#39;blib/lib&#39;, &#39;blib/arch&#39;&#41;&#34; t/*.t
t/loadmodule.t .. ok
Can&#39;t use an undefined value as a symbol reference at t/testmodule.t line 31.
t/testmodule.t ..
Failed 9/9 subtests

Test Summary Report
-------------------
t/testmodule.t &#40;Wstat: 0 Tests: 1 Failed: 1&#41;
  Failed test:  0
  Parse errors: Tests out of sequence.  Found &#40;0&#41; but expected &#40;1&#41;
                Bad plan.  You planned 9 tests but ran 1.
Files=2, Tests=4,  1 wallclock secs &#40; 0.02 usr  0.02 sys +  0.12 cusr  0.05 csys =  0.20 CPU&#41;
Result: FAIL
Failed 1/2 test programs. 1/4 subtests failed.
</div></div>
    </div>
</div>
</div>
</div>
    <hr class="clear" />
  </div>
</div>




</div>
 


  <hr class="clear" />
</div>
<p id="sponsors">
  This service is sponsored and maintained by
  <a href="http://bestpractical.com">Best Practical Solutions</a> and runs on
  <a href="http://noc.perl.org">Perl.org</a> infrastructure.
</p>

<p id="contact-info">
  Please report any issues with rt.cpan.org to <a href="mailto:rt-cpan-admin@bestpractical.com">rt-cpan-admin@bestpractical.com</a>.
</p>

<script>
  (function(i,s,o,g,r,a,m){i['GoogleAnalyticsObject']=r;i[r]=i[r]||function(){
  (i[r].q=i[r].q||[]).push(arguments)},i[r].l=1*new Date();a=s.createElement(o),
  m=s.getElementsByTagName(o)[0];a.async=1;a.src=g;m.parentNode.insertBefore(a,m)
  })(window,document,'script','//www.google-analytics.com/analytics.js','ga');

  ga('create', 'UA\x2D937849\x2D12');
  ga('send', 'pageview');
</script>

<div id="footer">
  <p id="time"><span>Time to display: 0.511887</span></p>
  <p id="bpscredits"><span>&#187;&#124;&#171; RT 4.0.18 Copyright 1996-2013 <a href="http://www.bestpractical.com?rt=4.0.18">Best Practical Solutions, LLC</a>.
</span></p>
</div>
  </body>
</html>
