Script started on Thu Feb 23 11:50:27 2006
$ make test
PERL_DL_NONLAZY=1 /usr/local/bin/perl "-MExtUtils::Command::MM" "-e" "test_harness(0, 'blib/lib', 'blib/arch')" t/*.t
t/01_basic...........Using /u01/home/nodm/.cpan/build/Mail-SPF-2.00/blib
                                                                             t/01_basic...........NOK 1
#   Failed test 'use Mail::SPF;'
#   in t/01_basic.t at line 7.
#     Tried to use 'Mail::SPF'.
#     Error:  Constant name 'HASH(0x1ee57c)' has invalid characters at /u01/home/nodm/.cpan/build/Mail-SPF-2.00/blib/lib/Mail/SPF/Response.pm line 14
# BEGIN failed--compilation aborted at t/01_basic.t line 7.
# Compilation failed in require at /u01/home/nodm/.cpan/build/Mail-SPF-2.00/blib/lib/Mail/SPF/Mech.pm line 13.
# BEGIN failed--compilation aborted at /u01/home/nodm/.cpan/build/Mail-SPF-2.00/blib/lib/Mail/SPF/Mech.pm line 13.
# Compilation failed in require at /u01/home/nodm/.cpan/build/Mail-SPF-2.00/blib/lib/Mail/SPF/Record.pm line 7.
# BEGIN failed--compilation aborted at /u01/home/nodm/.cpan/build/Mail-SPF-2.00/blib/lib/Mail/SPF/Record.pm line 7.
# Compilation failed in require at /u01/home/nodm/.cpan/build/Mail-SPF-2.00/blib/lib/Mail/SPF/Server.pm line 7.
# BEGIN failed--compilation aborted at /u01/home/nodm/.cpan/build/Mail-SPF-2.00/blib/lib/Mail/SPF/Server.pm line 7.
# Compilation failed in require at /u01/home/nodm/.cpan/build/Mail-SPF-2.00/blib/lib/Mail/SPF.pm line 7.
# BEGIN failed--compilation aborted at /u01/home/nodm/.cpan/build/Mail-SPF-2.00/blib/lib/Mail/SPF.pm line 7.
# Compilation failed in require at (eval 4) line 2.
# BEGIN failed--compilation aborted at (eval 4) line 2.
                                                                             t/01_basic...........ok 2/7Unrecognized escape \p in character class passed through before HERE mark in regex m/^(?:0000:)*ffff:([\p << HERE {IsXDigit}:]{9})/ at /u01/home/nodm/.cpan/build/Mail-SPF-2.00/blib/lib/Mail/SPF/Request.pm line 28.
# Looks like you failed 1 test of 7.
                                                                             t/01_basic...........dubious
        Test returned status 1 (wstat 256, 0x100)
DIED. FAILED test 1
        Failed 1/7 tests, 85.71% okay
t/02_dns.............Using /u01/home/nodm/.cpan/build/Mail-SPF-2.00/blib
                                                                             t/02_dns.............NOK 1
#   Failed test 'use Mail::SPF::Server;'
#   in t/02_dns.t at line 7.
#     Tried to use 'Mail::SPF::Server'.
#     Error:  Constant name 'HASH(0x1f0040)' has invalid characters at /u01/home/nodm/.cpan/build/Mail-SPF-2.00/blib/lib/Mail/SPF/Response.pm line 14
# BEGIN failed--compilation aborted at t/02_dns.t line 7.
# Compilation failed in require at /u01/home/nodm/.cpan/build/Mail-SPF-2.00/blib/lib/Mail/SPF/Mech.pm line 13.
# BEGIN failed--compilation aborted at /u01/home/nodm/.cpan/build/Mail-SPF-2.00/blib/lib/Mail/SPF/Mech.pm line 13.
# Compilation failed in require at /u01/home/nodm/.cpan/build/Mail-SPF-2.00/blib/lib/Mail/SPF/Record.pm line 7.
# BEGIN failed--compilation aborted at /u01/home/nodm/.cpan/build/Mail-SPF-2.00/blib/lib/Mail/SPF/Record.pm line 7.
# Compilation failed in require at /u01/home/nodm/.cpan/build/Mail-SPF-2.00/blib/lib/Mail/SPF/Server.pm line 7.
# BEGIN failed--compilation aborted at /u01/home/nodm/.cpan/build/Mail-SPF-2.00/blib/lib/Mail/SPF/Server.pm line 7.
# Compilation failed in require at (eval 4) line 2.
# BEGIN failed--compilation aborted at (eval 4) line 2.
# Looks like you failed 1 test of 1.
                                                                             t/02_dns.............dubious
        Test returned status 1 (wstat 256, 0x100)
DIED. FAILED test 1
        Failed 1/1 tests, 0.00% okay
t/03_request.........Using /u01/home/nodm/.cpan/build/Mail-SPF-2.00/blib
Unrecognized escape \p in character class passed through before HERE mark in regex m/^(?:0000:)*ffff:([\p << HERE {IsXDigit}:]{9})/ at /u01/home/nodm/.cpan/build/Mail-SPF-2.00/blib/lib/Mail/SPF/Request.pm line 28.
                                                                             t/03_request.........ok 1/13                                                                             t/03_request.........NOK 12
#   Failed test 'The object isa Net::IP'
#   in t/03_request.t at line 33.
#     The object isn't defined
# Looks like you failed 1 test of 13.
                                                                             t/03_request.........dubious
        Test returned status 1 (wstat 256, 0x100)
DIED. FAILED test 12
        Failed 1/13 tests, 92.31% okay
t/04_parser..........Using /u01/home/nodm/.cpan/build/Mail-SPF-2.00/blib
                                                                             t/04_parser..........NOK 1
#   Failed test 'use Mail::SPF::Server;'
#   in t/04_parser.t at line 8.
#     Tried to use 'Mail::SPF::Server'.
#     Error:  Constant name 'HASH(0x228268)' has invalid characters at /u01/home/nodm/.cpan/build/Mail-SPF-2.00/blib/lib/Mail/SPF/Response.pm line 14
# BEGIN failed--compilation aborted at t/04_parser.t line 8.
# Compilation failed in require at /u01/home/nodm/.cpan/build/Mail-SPF-2.00/blib/lib/Mail/SPF/Mech.pm line 13.
# BEGIN failed--compilation aborted at /u01/home/nodm/.cpan/build/Mail-SPF-2.00/blib/lib/Mail/SPF/Mech.pm line 13.
# Compilation failed in require at /u01/home/nodm/.cpan/build/Mail-SPF-2.00/blib/lib/Mail/SPF/Record.pm line 7.
# BEGIN failed--compilation aborted at /u01/home/nodm/.cpan/build/Mail-SPF-2.00/blib/lib/Mail/SPF/Record.pm line 7.
# Compilation failed in require at /u01/home/nodm/.cpan/build/Mail-SPF-2.00/blib/lib/Mail/SPF/Server.pm line 7.
# BEGIN failed--compilation aborted at /u01/home/nodm/.cpan/build/Mail-SPF-2.00/blib/lib/Mail/SPF/Server.pm line 7.
# Compilation failed in require at (eval 4) line 2.
# BEGIN failed--compilation aborted at (eval 4) line 2.
                                                                             t/04_parser..........ok 2/7Can't locate object method "new" via package "Mail::SPF::Response" (perhaps you forgot to load "Mail::SPF::Response"?) at t/04_parser.t line 24.
# Looks like you planned 7 tests but only ran 2.
# Looks like you failed 1 test of 2 run.
# Looks like your test died just after 2.
                                                                             t/04_parser..........dubious
        Test returned status 255 (wstat 65280, 0xff00)
DIED. FAILED tests 1, 3-7
        Failed 6/7 tests, 14.29% okay
t/10_pod.............skipped
        all skipped: Test::Pod 1.00 required for testing POD
t/11_pod_coverage....skipped
        all skipped: Test::Pod::Coverage 0.02 required for testing POD coverage
Failed Test    Stat Wstat Total Fail  Failed  List of Failed
-------------------------------------------------------------------------------
t/01_basic.t      1   256     7    1  14.29%  1
t/02_dns.t        1   256     1    1 100.00%  1
t/03_request.t    1   256    13    1   7.69%  12
t/04_parser.t   255 65280     7   11 157.14%  1 3-7
2 tests skipped.
Failed 4/6 test scripts, 33.33% okay. 9/28 subtests failed, 67.86% okay.
make: *** [test_dynamic] Error 11
$ exit

script done on Thu Feb 23 11:50:37 2006
