<!DOCTYPE html>

<html lang="en">
  <head>
    <title>Bug #109156 for JSON: JSON-2.61 on Cygwin 64</title>
    <meta http-equiv="X-UA-Compatible" content="IE=edge" />
    <!-- The X-UA-Compatible <meta> tag above must be very early in <head> -->

    <script>
if (window.top !== window.self) {
    document.write = "";

    window.top.location = window.self.location;

    setTimeout(function(){
        document.body.innerHTML = "";
    }, 1);

    window.self.onload = function(){
        document.body.innerHTML = "";
    };
}
</script>



<link rel="shortcut icon" href="/NoAuth/images/favicon.png" type="image/png" />
<link rel="stylesheet" href="/NoAuth/css/aileron-squished-00f758259152f8b6670ee485f462e6b8.css" type="text/css" media="all" />
<link rel="stylesheet" href="/NoAuth/css/print.css" type="text/css" media="print" />




<script type="text/javascript" src="/NoAuth/js/squished-42167f2409ce368da2d31038e5cb2a57.js"></script>

<script type="text/javascript"><!--
	jQuery( loadTitleBoxStates );

--></script>


<!--[if lt IE 8]>
<link rel="stylesheet" href="/NoAuth/css/aileron/msie.css" type="text/css" media="all" />
<![endif]-->
<!--[if lt IE 7]>
<link rel="stylesheet" href="/NoAuth/css/aileron/msie6.css" type="text/css" media="all" />
<![endif]-->
<script type="text/javascript">
jQuery(document).ready(function(){
    jQuery.fn.supersubs.defaults = {
        maxWidth: 30,
        extraWidth: 2
    };

    jQuery("#app-nav.toplevel").addClass('sf-menu sf-js-enabled sf-shadow').supersubs().superfish({ speed: 'fast' });
    jQuery("#page-menu.toplevel").addClass('sf-menu sf-js-enabled').supersubs().superfish({ dropShadows: false, speed: 'fast' }).supposition();
});
</script>


<!-- Site CSS from theme editor -->
<style type="text/css" media="all" id="sitecss">
</style>

<meta name="google-site-verification" content="kD3-uEJK1AkTqaC-rckcSt_HPkAj674DPPuEN6i-y0g" />

</head>
  <body class="aileron sidebyside" id="comp-Public-Bug-Display">

<div id="logo">
<a href="https://rt.cpan.org/"><img
    src="/NoAuth/images/cpan.png"
    alt="CPAN"
    width="181"
    height="38" /></a>
    <span class="rtname">RT for rt.cpan.org</span>
</div>


<div id="quickbar">
  <div id="quick-personal">
    <span class="hide"><a href="#skipnav">Skip Menu</a> | </span>
</div>

</div>
<div id="header"><h1>Bug #109156 for JSON: JSON-2.61 on Cygwin 64</h1></div>


<div id="main-navigation"><ul id="app-nav" class="toplevel">
 <li id="li-search_dist"><a id="search_dist" class="menu-item " href="/Public/">Search Distributions</a></li>
 <li id="li-browse_dist"><a id="browse_dist" class="menu-item " href="/Public/Dist/Browse.html">Browse Distributions</a></li>
 <li id="li-about" class="has-children"><a id="about" class="menu-item " href="/NoAuth/RT/CPAN/About.html">About rt.cpan.org</a>
 <ul>
  <li id="li-about-usage"><a id="about-usage" class="menu-item " href="/NoAuth/RT/CPAN/Usage.html">How do Iâ€¦?</a></li>
  <li id="li-about-about"><a id="about-about" class="menu-item " href="/NoAuth/RT/CPAN/About.html">About</a></li>
 </ul>
 </li>
 <li id="li-preferences"><a id="preferences" class="menu-item ">Welcome <span class="current-user">anonymous guest</span>.</a></li>
 <li id="li-login"><a id="login" class="menu-item " href="/NoAuth/Logout.html">Login as another user</a></li>
</ul></div>
<div id="page-navigation"><ul id="page-menu" class="toplevel">
 <li id="li-page-active_bugs"><a id="page-active_bugs" class="menu-item " href="/Public/Dist/Display.html?Status=Active;Name=JSON">Active bugs</a></li>
 <li id="li-page-resolved_bugs"><a id="page-resolved_bugs" class="menu-item " href="/Public/Dist/Display.html?Status=Resolved;Name=JSON">Resolved bugs</a></li>
 <li id="li-page-rejected_bugs"><a id="page-rejected_bugs" class="menu-item " href="/Public/Dist/Display.html?Status=Rejected;Name=JSON">Rejected bugs</a></li>
 <li id="li-page-report"><a id="page-report" class="menu-item " href="/Public/Bug/Report.html?Queue=JSON">Report a new bug</a></li>
</ul></div>
<div id="topactions"><form action="/Public/Search/Simple.html" id="simple-search">
  <input size="12" name="q" accesskey="0" class="field" value="" placeholder="Search..." />
</form>

<form action="/Public/Bug/Report.html" name="CreateTicketInQueue" id="CreateTicketInQueue" >
<input type="submit" class="button" value="New ticket in" />&nbsp;<label accesskey="9">
  <input name="Queue" size="25" placeholder="Module or distribution" value="" class="select-queue" data-autocomplete="Queues" data-autocomplete-autosubmit=1 data-autocomplete-params="right=CreateTicket" />

</label>

</form>

</div>
<div id="body">
<div id="announcement" style="padding: 1em; margin: 1em; border: solid black 1px; background: #eee">
<a href="https://log.perl.org/2020/12/rtcpanorg-sunset.html">rt.cpan.org will be shut down on March 1st, 2021.</a>
</div>

<a name="skipnav" id="skipnav" accesskey="8"></a>





<p>This queue is for tickets about the <a href="https://metacpan.org/release/JSON">JSON CPAN distribution</a>.</p>





<div class="">
  <div class="titlebox" id="">
  <div class="titlebox-title">
    <span class="widget"><a href="#" onclick="return rollup('TitleBox\x2D\x2D\x5FPublic\x5FBug\x5FDisplay\x5Fhtml\x2D\x2D\x2D\x2D\x2D\x2DUmVwb3J0IGluZm9ybWF0aW9u\x2D\x2D\x2D0');" title="Toggle visibility"></a></span>
    <span class="left">Report information</span>
    <span class="right-empty">		    </span>
  </div>
  <div class="titlebox-content " id="TitleBox--_Public_Bug_Display_html------UmVwb3J0IGluZm9ybWF0aW9u---0">


<table width="100%" class="ticket-summary">
<tr>
  <td valign="top" class="boxcontainer">
    <div class="ticket-info-basics">
  <div class="titlebox ticket-info-basics " id="">
  <div class="titlebox-title">
    <span class="widget"><a href="#" onclick="return rollup('TitleBox\x2D\x2D\x5FPublic\x5FBug\x5FDisplay\x5Fhtml\x2D\x2Dticket\x2Dinfo\x2Dbasics\x2D\x2D\x2D\x2DVGhlIEJhc2ljcw\x5F\x5F\x2D\x2D\x2D0');" title="Toggle visibility"></a></span>
    <span class="left">The Basics</span>
    <span class="right-empty">		    </span>
  </div>
  <div class="titlebox-content " id="TitleBox--_Public_Bug_Display_html--ticket-info-basics----VGhlIEJhc2ljcw__---0">


        <table>
  <tr class="id">
    <td class="label">Id:</td>
    <td class="value">109156</td>
  </tr>
  <tr class="status">
    <td class="label">Status:</td>
    <td class="value">resolved</td>
  </tr>
  <tr class="priority">
    <td class="label">Priority:</td>
    <td class="value">0/
</td>
  </tr>
  <tr class="queue">
    <td class="label">Queue:</td>
    <td class="value"><a href="/Dist/Display.html?Queue=JSON">JSON</a>
</td>
  </tr>
</table>

        <hr class="clear" />
  </div>
</div>




</div>


    <div class="ticket-info-people">
  <div class="titlebox ticket-info-people " id="">
  <div class="titlebox-title">
    <span class="widget"><a href="#" onclick="return rollup('TitleBox\x2D\x2D\x5FPublic\x5FBug\x5FDisplay\x5Fhtml\x2D\x2Dticket\x2Dinfo\x2Dpeople\x2D\x2D\x2D\x2DUGVvcGxl\x2D\x2D\x2D0');" title="Toggle visibility"></a></span>
    <span class="left">People</span>
    <span class="right-empty">		    </span>
  </div>
  <div class="titlebox-content " id="TitleBox--_Public_Bug_Display_html--ticket-info-people----UGVvcGxl---0">


        <table>
  <tr>
    <td class="label">Owner:</td>
    <td class="value">Nobody in particular
    
    </td>
  </tr>
  <tr>
    <td class="labeltop">Requestors:</td>
    <td class="value">
Vance.Turner [...] Staples.com

<br />

</td>
  </tr>
  <tr>
    <td class="labeltop">Cc:</td>
    <td class="value">

</td>
  </tr>
  <tr>
    <td class="labeltop">AdminCc:</td>
    <td class="value">

</td>
  </tr>
</table>

        <hr class="clear" />
  </div>
</div>




</div>



  </td>
  <td valign="top" class="boxcontainer">
    
    <div class="ticket-info-cfs">
  <div class="titlebox ticket-info-cfs " id="">
  <div class="titlebox-title">
    <span class="widget"><a href="#" onclick="return rollup('TitleBox\x2D\x2D\x5FPublic\x5FBug\x5FDisplay\x5Fhtml\x2D\x2Dticket\x2Dinfo\x2Dcfs\x2D\x2D\x2D\x2DQnVnIEluZm9ybWF0aW9u\x2D\x2D\x2D0');" title="Toggle visibility"></a></span>
    <span class="left">Bug Information</span>
    <span class="right-empty">		    </span>
  </div>
  <div class="titlebox-content " id="TitleBox--_Public_Bug_Display_html--ticket-info-cfs----QnVnIEluZm9ybWF0aW9u---0">

 
        <table>
  <tr id="CF-1-ShowRow">
    <td class="label">Severity:</td>
    <td class="value">
<i>(no value)</i>
    </td>
  </tr>
  <tr id="CF-17690-ShowRow">
    <td class="label">Broken in:</td>
    <td class="value">
<i>(no value)</i>
    </td>
  </tr>
  <tr id="CF-17691-ShowRow">
    <td class="label">Fixed in:</td>
    <td class="value">
<i>(no value)</i>
    </td>
  </tr>
</table>


        <hr class="clear" />
  </div>
</div>




</div>


    <div class="ticket-info-attachments">
  <div class="titlebox ticket-info-attachments " id="">
  <div class="titlebox-title inverse">
    <span class="widget"><a href="#" onclick="return rollup('TitleBox\x2D\x2D\x5FPublic\x5FBug\x5FDisplay\x5Fhtml\x2D\x2Dticket\x2Dinfo\x2Dattachments\x2D\x2D\x2D\x2DQXR0YWNobWVudHM\x5F\x2D\x2D\x2D0');" title="Toggle visibility"></a></span>
    <span class="left">Attachments</span>
    <span class="right-empty">		    </span>
  </div>
  <div class="titlebox-content " id="TitleBox--_Public_Bug_Display_html--ticket-info-attachments----QXR0YWNobWVudHM_---0">




image001.jpg<br />
<ul>


<li><font size="-2">
<a href="/Ticket/Attachment/1560331/832753/image001.jpg">
Thu Nov 19 14:56:42 2015 (5.8k) by Vance.Turner [...] Staples.com
</a>
</font></li>
</ul>

    <hr class="clear" />
  </div>
</div>




</div>







  </td>
</tr>
</table>

    <hr class="clear" />
  </div>
</div>




</div>


<br />


<div class="history">
<div class="titlebox" id="">
  <div class="titlebox-title">
    <span class="widget"><a href="#" onclick="return rollup('TitleBox\x2D\x2D\x5FPublic\x5FBug\x5FDisplay\x5Fhtml\x2D\x2D\x2D\x2D\x2D\x2DSGlzdG9yeQ\x5F\x5F\x2D\x2D\x2D0');" title="Toggle visibility"></a></span>
    <span class="left">History</span>
    <span class="right">		<a href="#" data-direction="open" onclick="return toggle_all_folds(this, 'Show\x20all\x20quoted\x20text', 'Hide\x20all\x20quoted\x20text');">Show all quoted text</a> &mdash; <a href="/Public/Bug/Display.html?ShowHeaders=1;id=109156">Show full headers</a>    </span>
  </div>
  <div class="titlebox-content " id="TitleBox--_Public_Bug_Display_html------SGlzdG9yeQ__---0">


<div id="ticket-history">
<div class="ticket-transaction message Create odd">
<div class="ticket-transaction">
  <div class="metadata">
    <span class="type">
      <a name="txn-1560331" href="/Public/Bug/Display.html?id=109156#txn-1560331">#</a>      
    </span>
    <span class="date">Thu&nbsp;Nov&nbsp;19&nbsp;14:56:42&nbsp;2015</span>
    <span class="description">Vance.Turner [...] Staples.com -  Ticket created</span>
    <span class="time-taken"></span>    <span class="actions hidden"></span>
  </div>
    <div class="content">
      
<table>
  <tr>
    <td align="right" class="message-header-key">Subject:</td>
    <td class="message-header-value"> JSON-2.61 on Cygwin 64</td>
  </tr>
  <tr>
    <td align="right" class="message-header-key">Date:</td>
    <td class="message-header-value"> Thu, 19 Nov 2015 19:56:27 +0000</td>
  </tr>
  <tr>
    <td align="right" class="message-header-key">To:</td>
    <td class="message-header-value"> &#34;bug-JSON [...] rt.cpan.org&#34; &lt;bug-JSON [...] rt.cpan.org&gt;</td>
  </tr>
  <tr>
    <td align="right" class="message-header-key">From:</td>
    <td class="message-header-value"> &#34;Turner, Vance&#34; &lt;Vance.Turner [...] Staples.com&gt;</td>
  </tr>
</table>
<div class="messageattachments">
<div class="messageattachments">
<div class="downloadattachment">
<a href="/Ticket/Attachment/1560331/832751/">Download &#40;untitled&#41;</a> / <a href="/Ticket/Attachment/WithHeaders/832751">with headers</a>
<br />
<span class="downloadcontenttype">text/plain 6k</span>
</div>
<div class="messagebody">
<div class="message-stanza plain-text-white-space">$ make
cp lib/JSON/backportPP.pm blib/lib/JSON/backportPP.pm
cp lib/JSON/backportPP/Compat5005.pm blib/lib/JSON/backportPP/Compat5005.pm
cp lib/JSON.pm blib/lib/JSON.pm
cp lib/JSON/backportPP/Compat5006.pm blib/lib/JSON/backportPP/Compat5006.pm
cp lib/JSON/backportPP/Boolean.pm blib/lib/JSON/backportPP/Boolean.pm
Manifying 5 pod documents

turva001@FRA52921 ~/.local/share/.cpan/build/JSON-2.61-5TX_2Y
$ make test
PERL_DL_NONLAZY=1 &#34;/usr/bin/perl.exe&#34; &#34;-MExtUtils::Command::MM&#34; &#34;-MTest::Harness&#34; &#34;-e&#34; &#34;undef *Test::Harness::Switches; test_harness&#40;0, &#39;blib/lib&#39;, &#39;blib/arch&#39;&#41;&#34; t/*.t
t/00_load.t ................. ok
t/00_pod.t .................. ok
t/01_utf8.t ................. ok
t/02_error.t ................ ok
t/03_types.t ................ ok
t/06_pc_pretty.t ............ ok
t/07_pc_esc.t ............... ok
t/08_pc_base.t .............. ok
t/09_pc_extra_number.t ...... ok
t/10_pc_keysort.t ........... ok
t/11_pc_expo.t .............. ok
t/12_blessed.t .............. ok
t/13_limit.t ................ ok
t/14_latin1.t ............... ok
t/15_prefix.t ............... ok
t/16_tied.t ................. ok
t/17_relaxed.t .............. ok
t/18_json_checker.t ......... ok
t/19_incr.t ................. ok
t/20_unknown.t .............. ok
t/21_evans_bugrep.t ......... ok
t/22_comment_at_eof.t ....... ok
t/99_binary.t ............... ok
t/e00_func.t ................ ok
t/e01_property.t ............ ok
t/e02_bool.t ................ ok
t/e03_bool2.t ............... ok
t/e04_sortby.t .............. ok
t/e05_esc_slash.t ........... ok
t/e06_allow_barekey.t ....... ok
t/e07_allow_singlequote.t ... ok
t/e08_decode.t .............. ok
t/e09_encode.t .............. ok
t/e10_bignum.t .............. ok
t/e11_conv_blessed_univ.t ... ok
t/e12_upgrade.t ............. ok
t/e13_overloaded_eq.t ....... ok
t/e14_decode_prefix.t ....... ok
t/e15_tie_ixhash.t .......... ok
t/e16_incr_parse_fixed.t .... ok
t/e90_misc.t ................ ok
t/x00_load.t ................ ok
t/x02_error.t ............... ok
t/x12_blessed.t ............. ok
t/x16_tied.t ................ ok
t/x17_strange_overload.t .... ok
t/xe01_property.t ........... ok
t/xe02_bool.t ............... ok
t/xe03_bool2.t .............. ok
t/xe04support_by_pp.t ....... Recursive inheritance detected in package &#39;Types::Serialiser::BooleanBase&#39; at &#40;eval 9&#41; line 76.
BEGIN failed--compilation aborted at t/xe04support_by_pp.t line 7.
# Looks like your test exited with 255 before it could output anything.
Recursive inheritance detected in package &#39;Types::Serialiser::BooleanBase&#39; at t/xe04support_by_pp.t line 7 during global destruction.
t/xe04support_by_pp.t ....... Dubious, test returned 255 &#40;wstat 65280, 0xff00&#41;
Failed 3/3 subtests
t/xe05_indent_length.t ...... Recursive inheritance detected in package &#39;Types::Serialiser::BooleanBase&#39; at &#40;eval 9&#41; line 76.
BEGIN failed--compilation aborted at t/xe05_indent_length.t line 7.
# Looks like your test exited with 255 before it could output anything.
Recursive inheritance detected in package &#39;Types::Serialiser::BooleanBase&#39; at t/xe05_indent_length.t line 7 during global destruction.
t/xe05_indent_length.t ...... Dubious, test returned 255 &#40;wstat 65280, 0xff00&#41;
Failed 7/7 subtests
t/xe08_decode.t ............. ok
t/xe10_bignum.t ............. Recursive inheritance detected in package &#39;Types::Serialiser::BooleanBase&#39; at &#40;eval 9&#41; line 76.
BEGIN failed--compilation aborted at t/xe10_bignum.t line 8.
# Looks like your test exited with 255 before it could output anything.
Recursive inheritance detected in package &#39;Types::Serialiser::BooleanBase&#39; at t/xe10_bignum.t line 8 during global destruction.
t/xe10_bignum.t ............. Dubious, test returned 255 &#40;wstat 65280, 0xff00&#41;
Failed 6/6 subtests
t/xe11_conv_blessed_univ.t .. ok
t/xe12_boolean.t ............ Recursive inheritance detected in package &#39;Types::Serialiser::BooleanBase&#39; at &#40;eval 9&#41; line 76.
BEGIN failed--compilation aborted at t/xe12_boolean.t line 9.
# Looks like your test exited with 255 before it could output anything.
Recursive inheritance detected in package &#39;Types::Serialiser::BooleanBase&#39; at t/xe12_boolean.t line 9 during global destruction.
t/xe12_boolean.t ............ Dubious, test returned 255 &#40;wstat 65280, 0xff00&#41;
Failed 4/4 subtests
t/xe19_xs_and_suportbypp.t .. Recursive inheritance detected in package &#39;Types::Serialiser::BooleanBase&#39; at &#40;eval 9&#41; line 76.
BEGIN failed--compilation aborted at t/xe19_xs_and_suportbypp.t line 11.
# Looks like your test exited with 255 before it could output anything.
Recursive inheritance detected in package &#39;Types::Serialiser::BooleanBase&#39; at t/xe19_xs_and_suportbypp.t line 11 during global destruction.
t/xe19_xs_and_suportbypp.t .. Dubious, test returned 255 &#40;wstat 65280, 0xff00&#41;
Failed 2/2 subtests
t/xe20_croak_message.t ...... ok
t/xe21_is_pp.t .............. ok

Test Summary Report
-------------------
t/xe04support_by_pp.t     &#40;Wstat: 65280 Tests: 0 Failed: 0&#41;
  Non-zero exit status: 255
  Parse errors: Bad plan.  You planned 3 tests but ran 0.
t/xe05_indent_length.t    &#40;Wstat: 65280 Tests: 0 Failed: 0&#41;
  Non-zero exit status: 255
  Parse errors: Bad plan.  You planned 7 tests but ran 0.
t/xe10_bignum.t           &#40;Wstat: 65280 Tests: 0 Failed: 0&#41;
  Non-zero exit status: 255
  Parse errors: Bad plan.  You planned 6 tests but ran 0.
t/xe12_boolean.t          &#40;Wstat: 65280 Tests: 0 Failed: 0&#41;
  Non-zero exit status: 255
  Parse errors: Bad plan.  You planned 4 tests but ran 0.
t/xe19_xs_and_suportbypp.t &#40;Wstat: 65280 Tests: 0 Failed: 0&#41;
  Non-zero exit status: 255
  Parse errors: Bad plan.  You planned 2 tests but ran 0.
Files=58, Tests=3810, 12 wallclock secs &#40; 0.09 usr  0.19 sys +  4.46 cusr  7.20 csys = 11.94 CPU&#41;
Result: FAIL
Failed 5/58 test programs. 0/3810 subtests failed.
Makefile:873: recipe for target &#39;test_dynamic&#39; failed
make: *** [test_dynamic] Error 255

Vance Turner

[<span class="clickylink"><a target="new" rel="nofollow" href="http://advserver.staples.com/Links/Depts/Jobs/US/Brand/Branding/Administration/33532_2014_Make%20More%20Happen%20Institutional%20Assets%20Rebranding/Web_Files/1_Content_Proof/email_icons_sized.jpg">http://advserver.staples.com/Links/Depts/Jobs/US/Brand/Branding/Administration/33532_2014_Make%20More%20Happen%20Institutional%20Assets%20Rebranding/Web_Files/1_Content_Proof/email_icons_sized.jpg</a></span>]

T:  508-253-7366
M: 408-431-5595
Ext: 37366
vance.turner@staples.com&lt;mailto:vance.turner@staples.com&gt;

www.staples.com&lt;<span class="clickylink"><a target="new" rel="nofollow" href="http://www.staples.com/">http://www.staples.com/</a></span>&gt;
500 Staples Drive, Framingham, MA 01702
</div></div>
<div class="downloadattachment">
<a href="/Ticket/Attachment/1560331/832752/">Download &#40;untitled&#41;</a> / <a href="/Ticket/Attachment/WithHeaders/832752">with headers</a>
<br />
<span class="downloadcontenttype">text/html 16.2k</span>
</div>
<div class="messagebody">
<p>Message body is not shown because it is too large.</p></div>
</div>
<div class="downloadattachment">
<a href="/Ticket/Attachment/1560331/832753/image001.jpg">Download image001.jpg</a><br />
<span class="downloadcontenttype">image/jpeg 5.8k</span>
</div>
<div class="messagebody">
<img alt="image001.jpg" title="image001.jpg" src="/Ticket/Attachment/1560331/832753/" /></div>
</div>
    </div>
</div>
</div>
<div class="ticket-transaction message Correspond even">
<div class="ticket-transaction">
  <div class="metadata">
    <span class="type">
      <a name="txn-1666036" href="/Public/Bug/Display.html?id=109156#txn-1666036">#</a>      
    </span>
    <span class="date">Wed&nbsp;Sep&nbsp;07&nbsp;12:43:06&nbsp;2016</span>
    <span class="description">ishigaki [...] cpan.org -  Correspondence added</span>
    <span class="time-taken"></span>    <span class="actions hidden"></span>
  </div>
    <div class="content">
      
<div class="downloadattachment">
<a href="/Ticket/Attachment/1666036/894171/">Download &#40;untitled&#41;</a> / <a href="/Ticket/Attachment/WithHeaders/894171">with headers</a>
<br />
<span class="downloadcontenttype">text/plain 6.6k</span>
</div>
<div class="messagebody">
<div class="message-stanza plain-text-white-space">On Fri Nov 20 04:56:42 2015, Vance.Turner@Staples.com wrote:
<span
    class="message-stanza-folder closed"
    onclick="fold_message_stanza(this, 'Show\x20quoted\x20text', 'Hide\x20quoted\x20text');">Show quoted text</span><br /><div class="message-stanza closed">&gt; $ make
&gt; cp lib/JSON/backportPP.pm blib/lib/JSON/backportPP.pm
&gt; cp lib/JSON/backportPP/Compat5005.pm
&gt; blib/lib/JSON/backportPP/Compat5005.pm
&gt; cp lib/JSON.pm blib/lib/JSON.pm
&gt; cp lib/JSON/backportPP/Compat5006.pm
&gt; blib/lib/JSON/backportPP/Compat5006.pm
&gt; cp lib/JSON/backportPP/Boolean.pm blib/lib/JSON/backportPP/Boolean.pm
&gt; Manifying 5 pod documents
&gt; 
&gt; turva001@FRA52921 ~/.local/share/.cpan/build/JSON-2.61-5TX_2Y
&gt; $ make test
&gt; PERL_DL_NONLAZY=1 &#34;/usr/bin/perl.exe&#34; &#34;-MExtUtils::Command::MM&#34; &#34;-
&gt; MTest::Harness&#34; &#34;-e&#34; &#34;undef *Test::Harness::Switches; test_harness&#40;0,
&gt; &#39;blib/lib&#39;, &#39;blib/arch&#39;&#41;&#34; t/*.t
&gt; t/00_load.t ................. ok
&gt; t/00_pod.t .................. ok
&gt; t/01_utf8.t ................. ok
&gt; t/02_error.t ................ ok
&gt; t/03_types.t ................ ok
&gt; t/06_pc_pretty.t ............ ok
&gt; t/07_pc_esc.t ............... ok
&gt; t/08_pc_base.t .............. ok
&gt; t/09_pc_extra_number.t ...... ok
&gt; t/10_pc_keysort.t ........... ok
&gt; t/11_pc_expo.t .............. ok
&gt; t/12_blessed.t .............. ok
&gt; t/13_limit.t ................ ok
&gt; t/14_latin1.t ............... ok
&gt; t/15_prefix.t ............... ok
&gt; t/16_tied.t ................. ok
&gt; t/17_relaxed.t .............. ok
&gt; t/18_json_checker.t ......... ok
&gt; t/19_incr.t ................. ok
&gt; t/20_unknown.t .............. ok
&gt; t/21_evans_bugrep.t ......... ok
&gt; t/22_comment_at_eof.t ....... ok
&gt; t/99_binary.t ............... ok
&gt; t/e00_func.t ................ ok
&gt; t/e01_property.t ............ ok
&gt; t/e02_bool.t ................ ok
&gt; t/e03_bool2.t ............... ok
&gt; t/e04_sortby.t .............. ok
&gt; t/e05_esc_slash.t ........... ok
&gt; t/e06_allow_barekey.t ....... ok
&gt; t/e07_allow_singlequote.t ... ok
&gt; t/e08_decode.t .............. ok
&gt; t/e09_encode.t .............. ok
&gt; t/e10_bignum.t .............. ok
&gt; t/e11_conv_blessed_univ.t ... ok
&gt; t/e12_upgrade.t ............. ok
&gt; t/e13_overloaded_eq.t ....... ok
&gt; t/e14_decode_prefix.t ....... ok
&gt; t/e15_tie_ixhash.t .......... ok
&gt; t/e16_incr_parse_fixed.t .... ok
&gt; t/e90_misc.t ................ ok
&gt; t/x00_load.t ................ ok
&gt; t/x02_error.t ............... ok
&gt; t/x12_blessed.t ............. ok
&gt; t/x16_tied.t ................ ok
&gt; t/x17_strange_overload.t .... ok
&gt; t/xe01_property.t ........... ok
&gt; t/xe02_bool.t ............... ok
&gt; t/xe03_bool2.t .............. ok
&gt; t/xe04support_by_pp.t ....... Recursive inheritance detected in
&gt; package &#39;Types::Serialiser::BooleanBase&#39; at &#40;eval 9&#41; line 76.
&gt; BEGIN failed--compilation aborted at t/xe04support_by_pp.t line 7.
&gt; # Looks like your test exited with 255 before it could output
&gt; anything.
&gt; Recursive inheritance detected in package
&gt; &#39;Types::Serialiser::BooleanBase&#39; at t/xe04support_by_pp.t line 7
&gt; during global destruction.
&gt; t/xe04support_by_pp.t ....... Dubious, test returned 255 &#40;wstat 65280,
&gt; 0xff00&#41;
&gt; Failed 3/3 subtests
&gt; t/xe05_indent_length.t ...... Recursive inheritance detected in
&gt; package &#39;Types::Serialiser::BooleanBase&#39; at &#40;eval 9&#41; line 76.
&gt; BEGIN failed--compilation aborted at t/xe05_indent_length.t line 7.
&gt; # Looks like your test exited with 255 before it could output
&gt; anything.
&gt; Recursive inheritance detected in package
&gt; &#39;Types::Serialiser::BooleanBase&#39; at t/xe05_indent_length.t line 7
&gt; during global destruction.
&gt; t/xe05_indent_length.t ...... Dubious, test returned 255 &#40;wstat 65280,
&gt; 0xff00&#41;
&gt; Failed 7/7 subtests
&gt; t/xe08_decode.t ............. ok
&gt; t/xe10_bignum.t ............. Recursive inheritance detected in
&gt; package &#39;Types::Serialiser::BooleanBase&#39; at &#40;eval 9&#41; line 76.
&gt; BEGIN failed--compilation aborted at t/xe10_bignum.t line 8.
&gt; # Looks like your test exited with 255 before it could output
&gt; anything.
&gt; Recursive inheritance detected in package
&gt; &#39;Types::Serialiser::BooleanBase&#39; at t/xe10_bignum.t line 8 during
&gt; global destruction.
&gt; t/xe10_bignum.t ............. Dubious, test returned 255 &#40;wstat 65280,
&gt; 0xff00&#41;
&gt; Failed 6/6 subtests
&gt; t/xe11_conv_blessed_univ.t .. ok
&gt; t/xe12_boolean.t ............ Recursive inheritance detected in
&gt; package &#39;Types::Serialiser::BooleanBase&#39; at &#40;eval 9&#41; line 76.
&gt; BEGIN failed--compilation aborted at t/xe12_boolean.t line 9.
&gt; # Looks like your test exited with 255 before it could output
&gt; anything.
&gt; Recursive inheritance detected in package
&gt; &#39;Types::Serialiser::BooleanBase&#39; at t/xe12_boolean.t line 9 during
&gt; global destruction.
&gt; t/xe12_boolean.t ............ Dubious, test returned 255 &#40;wstat 65280,
&gt; 0xff00&#41;
&gt; Failed 4/4 subtests
&gt; t/xe19_xs_and_suportbypp.t .. Recursive inheritance detected in
&gt; package &#39;Types::Serialiser::BooleanBase&#39; at &#40;eval 9&#41; line 76.
&gt; BEGIN failed--compilation aborted at t/xe19_xs_and_suportbypp.t line
&gt; 11.
&gt; # Looks like your test exited with 255 before it could output
&gt; anything.
&gt; Recursive inheritance detected in package
&gt; &#39;Types::Serialiser::BooleanBase&#39; at t/xe19_xs_and_suportbypp.t line 11
&gt; during global destruction.
&gt; t/xe19_xs_and_suportbypp.t .. Dubious, test returned 255 &#40;wstat 65280,
&gt; 0xff00&#41;
&gt; Failed 2/2 subtests
&gt; t/xe20_croak_message.t ...... ok
&gt; t/xe21_is_pp.t .............. ok
&gt; 
&gt; Test Summary Report
&gt; -------------------
&gt; t/xe04support_by_pp.t     &#40;Wstat: 65280 Tests: 0 Failed: 0&#41;
&gt;   Non-zero exit status: 255
&gt;   Parse errors: Bad plan.  You planned 3 tests but ran 0.
&gt; t/xe05_indent_length.t    &#40;Wstat: 65280 Tests: 0 Failed: 0&#41;
&gt;   Non-zero exit status: 255
&gt;   Parse errors: Bad plan.  You planned 7 tests but ran 0.
&gt; t/xe10_bignum.t           &#40;Wstat: 65280 Tests: 0 Failed: 0&#41;
&gt;   Non-zero exit status: 255
&gt;   Parse errors: Bad plan.  You planned 6 tests but ran 0.
&gt; t/xe12_boolean.t          &#40;Wstat: 65280 Tests: 0 Failed: 0&#41;
&gt;   Non-zero exit status: 255
&gt;   Parse errors: Bad plan.  You planned 4 tests but ran 0.
&gt; t/xe19_xs_and_suportbypp.t &#40;Wstat: 65280 Tests: 0 Failed: 0&#41;
&gt;   Non-zero exit status: 255
&gt;   Parse errors: Bad plan.  You planned 2 tests but ran 0.
&gt; Files=58, Tests=3810, 12 wallclock secs &#40; 0.09 usr  0.19 sys +  4.46
&gt; cusr  7.20 csys = 11.94 CPU&#41;
&gt; Result: FAIL
&gt; Failed 5/58 test programs. 0/3810 subtests failed.
&gt; Makefile:873: recipe for target &#39;test_dynamic&#39; failed
&gt; make: *** [test_dynamic] Error 255
&gt; 
&gt; Vance Turner
&gt; 
&gt; [<span class="clickylink"><a target="new" rel="nofollow" href="http://advserver.staples.com/Links/Depts/Jobs/US/Brand/Branding/Administration/33532_2014_Make%20More%20Happen%20Institutional%20Assets%20Rebranding/Web_Files/1_Content_Proof/email_icons_sized.jpg">http://advserver.staples.com/Links/Depts/Jobs/US/Brand/Branding/Administration/33532_2014_Make%20More%20Happen%20Institutional%20Assets%20Rebranding/Web_Files/1_Content_Proof/email_icons_sized.jpg</a></span>]
&gt; 
&gt; T:  508-253-7366
&gt; M: 408-431-5595
&gt; Ext: 37366
&gt; vance.turner@staples.com&lt;mailto:vance.turner@staples.com&gt;
&gt; 
&gt; www.staples.com&lt;<span class="clickylink"><a target="new" rel="nofollow" href="http://www.staples.com/">http://www.staples.com/</a></span>&gt;
&gt; 500 Staples Drive, Framingham, MA 01702
</div>

It seems you have the latest JSON::XS, which is known to have compatibility issues with JSON 2.61. Try JSON 2.90, or downgrade JSON::XS.  
</div></div>
    </div>
</div>
</div>
<div class="ticket-transaction basics Status odd">
<div class="ticket-transaction">
  <div class="metadata">
    <span class="type">
      <a name="txn-1666037" href="/Public/Bug/Display.html?id=109156#txn-1666037">#</a>      
    </span>
    <span class="date">Wed&nbsp;Sep&nbsp;07&nbsp;12:43:06&nbsp;2016</span>
    <span class="description">The RT System itself -  Status changed from &#39;new&#39; to &#39;open&#39;</span>
    <span class="time-taken"></span>    <span class="actions hidden"></span>
  </div>
    <div class="content">
    </div>
</div>
</div>
<div class="ticket-transaction message Correspond even">
<div class="ticket-transaction">
  <div class="metadata">
    <span class="type">
      <a name="txn-1668240" href="/Public/Bug/Display.html?id=109156#txn-1668240">#</a>      
    </span>
    <span class="date">Mon&nbsp;Sep&nbsp;12&nbsp;10:48:13&nbsp;2016</span>
    <span class="description">ishigaki [...] cpan.org -  Correspondence added</span>
    <span class="time-taken"></span>    <span class="actions hidden"></span>
  </div>
    <div class="content">
      
<div class="downloadattachment">
<a href="/Ticket/Attachment/1668240/895294/">Download &#40;untitled&#41;</a> / <a href="/Ticket/Attachment/WithHeaders/895294">with headers</a>
<br />
<span class="downloadcontenttype">text/plain 7k</span>
</div>
<div class="messagebody">
<div class="message-stanza plain-text-white-space">On Thu Sep 08 01:43:06 2016, ISHIGAKI wrote:
<span
    class="message-stanza-folder closed"
    onclick="fold_message_stanza(this, 'Show\x20quoted\x20text', 'Hide\x20quoted\x20text');">Show quoted text</span><br /><div class="message-stanza closed">&gt; On Fri Nov 20 04:56:42 2015, Vance.Turner@Staples.com wrote:
<div class="message-stanza open">&gt; &gt; $ make
&gt; &gt; cp lib/JSON/backportPP.pm blib/lib/JSON/backportPP.pm
&gt; &gt; cp lib/JSON/backportPP/Compat5005.pm
&gt; &gt; blib/lib/JSON/backportPP/Compat5005.pm
&gt; &gt; cp lib/JSON.pm blib/lib/JSON.pm
&gt; &gt; cp lib/JSON/backportPP/Compat5006.pm
&gt; &gt; blib/lib/JSON/backportPP/Compat5006.pm
&gt; &gt; cp lib/JSON/backportPP/Boolean.pm blib/lib/JSON/backportPP/Boolean.pm
&gt; &gt; Manifying 5 pod documents
&gt; &gt;
&gt; &gt; turva001@FRA52921 ~/.local/share/.cpan/build/JSON-2.61-5TX_2Y
&gt; &gt; $ make test
&gt; &gt; PERL_DL_NONLAZY=1 &#34;/usr/bin/perl.exe&#34; &#34;-MExtUtils::Command::MM&#34; &#34;-
&gt; &gt; MTest::Harness&#34; &#34;-e&#34; &#34;undef *Test::Harness::Switches; test_harness&#40;0,
&gt; &gt; &#39;blib/lib&#39;, &#39;blib/arch&#39;&#41;&#34; t/*.t
&gt; &gt; t/00_load.t ................. ok
&gt; &gt; t/00_pod.t .................. ok
&gt; &gt; t/01_utf8.t ................. ok
&gt; &gt; t/02_error.t ................ ok
&gt; &gt; t/03_types.t ................ ok
&gt; &gt; t/06_pc_pretty.t ............ ok
&gt; &gt; t/07_pc_esc.t ............... ok
&gt; &gt; t/08_pc_base.t .............. ok
&gt; &gt; t/09_pc_extra_number.t ...... ok
&gt; &gt; t/10_pc_keysort.t ........... ok
&gt; &gt; t/11_pc_expo.t .............. ok
&gt; &gt; t/12_blessed.t .............. ok
&gt; &gt; t/13_limit.t ................ ok
&gt; &gt; t/14_latin1.t ............... ok
&gt; &gt; t/15_prefix.t ............... ok
&gt; &gt; t/16_tied.t ................. ok
&gt; &gt; t/17_relaxed.t .............. ok
&gt; &gt; t/18_json_checker.t ......... ok
&gt; &gt; t/19_incr.t ................. ok
&gt; &gt; t/20_unknown.t .............. ok
&gt; &gt; t/21_evans_bugrep.t ......... ok
&gt; &gt; t/22_comment_at_eof.t ....... ok
&gt; &gt; t/99_binary.t ............... ok
&gt; &gt; t/e00_func.t ................ ok
&gt; &gt; t/e01_property.t ............ ok
&gt; &gt; t/e02_bool.t ................ ok
&gt; &gt; t/e03_bool2.t ............... ok
&gt; &gt; t/e04_sortby.t .............. ok
&gt; &gt; t/e05_esc_slash.t ........... ok
&gt; &gt; t/e06_allow_barekey.t ....... ok
&gt; &gt; t/e07_allow_singlequote.t ... ok
&gt; &gt; t/e08_decode.t .............. ok
&gt; &gt; t/e09_encode.t .............. ok
&gt; &gt; t/e10_bignum.t .............. ok
&gt; &gt; t/e11_conv_blessed_univ.t ... ok
&gt; &gt; t/e12_upgrade.t ............. ok
&gt; &gt; t/e13_overloaded_eq.t ....... ok
&gt; &gt; t/e14_decode_prefix.t ....... ok
&gt; &gt; t/e15_tie_ixhash.t .......... ok
&gt; &gt; t/e16_incr_parse_fixed.t .... ok
&gt; &gt; t/e90_misc.t ................ ok
&gt; &gt; t/x00_load.t ................ ok
&gt; &gt; t/x02_error.t ............... ok
&gt; &gt; t/x12_blessed.t ............. ok
&gt; &gt; t/x16_tied.t ................ ok
&gt; &gt; t/x17_strange_overload.t .... ok
&gt; &gt; t/xe01_property.t ........... ok
&gt; &gt; t/xe02_bool.t ............... ok
&gt; &gt; t/xe03_bool2.t .............. ok
&gt; &gt; t/xe04support_by_pp.t ....... Recursive inheritance detected in
&gt; &gt; package &#39;Types::Serialiser::BooleanBase&#39; at &#40;eval 9&#41; line 76.
&gt; &gt; BEGIN failed--compilation aborted at t/xe04support_by_pp.t line 7.
&gt; &gt; # Looks like your test exited with 255 before it could output
&gt; &gt; anything.
&gt; &gt; Recursive inheritance detected in package
&gt; &gt; &#39;Types::Serialiser::BooleanBase&#39; at t/xe04support_by_pp.t line 7
&gt; &gt; during global destruction.
&gt; &gt; t/xe04support_by_pp.t ....... Dubious, test returned 255 &#40;wstat
&gt; &gt; 65280,
&gt; &gt; 0xff00&#41;
&gt; &gt; Failed 3/3 subtests
&gt; &gt; t/xe05_indent_length.t ...... Recursive inheritance detected in
&gt; &gt; package &#39;Types::Serialiser::BooleanBase&#39; at &#40;eval 9&#41; line 76.
&gt; &gt; BEGIN failed--compilation aborted at t/xe05_indent_length.t line 7.
&gt; &gt; # Looks like your test exited with 255 before it could output
&gt; &gt; anything.
&gt; &gt; Recursive inheritance detected in package
&gt; &gt; &#39;Types::Serialiser::BooleanBase&#39; at t/xe05_indent_length.t line 7
&gt; &gt; during global destruction.
&gt; &gt; t/xe05_indent_length.t ...... Dubious, test returned 255 &#40;wstat
&gt; &gt; 65280,
&gt; &gt; 0xff00&#41;
&gt; &gt; Failed 7/7 subtests
&gt; &gt; t/xe08_decode.t ............. ok
&gt; &gt; t/xe10_bignum.t ............. Recursive inheritance detected in
&gt; &gt; package &#39;Types::Serialiser::BooleanBase&#39; at &#40;eval 9&#41; line 76.
&gt; &gt; BEGIN failed--compilation aborted at t/xe10_bignum.t line 8.
&gt; &gt; # Looks like your test exited with 255 before it could output
&gt; &gt; anything.
&gt; &gt; Recursive inheritance detected in package
&gt; &gt; &#39;Types::Serialiser::BooleanBase&#39; at t/xe10_bignum.t line 8 during
&gt; &gt; global destruction.
&gt; &gt; t/xe10_bignum.t ............. Dubious, test returned 255 &#40;wstat
&gt; &gt; 65280,
&gt; &gt; 0xff00&#41;
&gt; &gt; Failed 6/6 subtests
&gt; &gt; t/xe11_conv_blessed_univ.t .. ok
&gt; &gt; t/xe12_boolean.t ............ Recursive inheritance detected in
&gt; &gt; package &#39;Types::Serialiser::BooleanBase&#39; at &#40;eval 9&#41; line 76.
&gt; &gt; BEGIN failed--compilation aborted at t/xe12_boolean.t line 9.
&gt; &gt; # Looks like your test exited with 255 before it could output
&gt; &gt; anything.
&gt; &gt; Recursive inheritance detected in package
&gt; &gt; &#39;Types::Serialiser::BooleanBase&#39; at t/xe12_boolean.t line 9 during
&gt; &gt; global destruction.
&gt; &gt; t/xe12_boolean.t ............ Dubious, test returned 255 &#40;wstat
&gt; &gt; 65280,
&gt; &gt; 0xff00&#41;
&gt; &gt; Failed 4/4 subtests
&gt; &gt; t/xe19_xs_and_suportbypp.t .. Recursive inheritance detected in
&gt; &gt; package &#39;Types::Serialiser::BooleanBase&#39; at &#40;eval 9&#41; line 76.
&gt; &gt; BEGIN failed--compilation aborted at t/xe19_xs_and_suportbypp.t line
&gt; &gt; 11.
&gt; &gt; # Looks like your test exited with 255 before it could output
&gt; &gt; anything.
&gt; &gt; Recursive inheritance detected in package
&gt; &gt; &#39;Types::Serialiser::BooleanBase&#39; at t/xe19_xs_and_suportbypp.t line
&gt; &gt; 11
&gt; &gt; during global destruction.
&gt; &gt; t/xe19_xs_and_suportbypp.t .. Dubious, test returned 255 &#40;wstat
&gt; &gt; 65280,
&gt; &gt; 0xff00&#41;
&gt; &gt; Failed 2/2 subtests
&gt; &gt; t/xe20_croak_message.t ...... ok
&gt; &gt; t/xe21_is_pp.t .............. ok
&gt; &gt;
&gt; &gt; Test Summary Report
&gt; &gt; -------------------
&gt; &gt; t/xe04support_by_pp.t     &#40;Wstat: 65280 Tests: 0 Failed: 0&#41;
&gt; &gt;   Non-zero exit status: 255
&gt; &gt;   Parse errors: Bad plan.  You planned 3 tests but ran 0.
&gt; &gt; t/xe05_indent_length.t    &#40;Wstat: 65280 Tests: 0 Failed: 0&#41;
&gt; &gt;   Non-zero exit status: 255
&gt; &gt;   Parse errors: Bad plan.  You planned 7 tests but ran 0.
&gt; &gt; t/xe10_bignum.t           &#40;Wstat: 65280 Tests: 0 Failed: 0&#41;
&gt; &gt;   Non-zero exit status: 255
&gt; &gt;   Parse errors: Bad plan.  You planned 6 tests but ran 0.
&gt; &gt; t/xe12_boolean.t          &#40;Wstat: 65280 Tests: 0 Failed: 0&#41;
&gt; &gt;   Non-zero exit status: 255
&gt; &gt;   Parse errors: Bad plan.  You planned 4 tests but ran 0.
&gt; &gt; t/xe19_xs_and_suportbypp.t &#40;Wstat: 65280 Tests: 0 Failed: 0&#41;
&gt; &gt;   Non-zero exit status: 255
&gt; &gt;   Parse errors: Bad plan.  You planned 2 tests but ran 0.
&gt; &gt; Files=58, Tests=3810, 12 wallclock secs &#40; 0.09 usr  0.19 sys +  4.46
&gt; &gt; cusr  7.20 csys = 11.94 CPU&#41;
&gt; &gt; Result: FAIL
&gt; &gt; Failed 5/58 test programs. 0/3810 subtests failed.
&gt; &gt; Makefile:873: recipe for target &#39;test_dynamic&#39; failed
&gt; &gt; make: *** [test_dynamic] Error 255
&gt; &gt;
&gt; &gt; Vance Turner
&gt; &gt;
&gt; &gt; [<span class="clickylink"><a target="new" rel="nofollow" href="http://advserver.staples.com/Links/Depts/Jobs/US/Brand/Branding/Administration/33532_2014_Make%20More%20Happen%20Institutional%20Assets%20Rebranding/Web_Files/1_Content_Proof/email_icons_sized.jpg">http://advserver.staples.com/Links/Depts/Jobs/US/Brand/Branding/Administration/33532_2014_Make%20More%20Happen%20Institutional%20Assets%20Rebranding/Web_Files/1_Content_Proof/email_icons_sized.jpg</a></span>]
&gt; &gt;
&gt; &gt; T:  508-253-7366
&gt; &gt; M: 408-431-5595
&gt; &gt; Ext: 37366
&gt; &gt; vance.turner@staples.com&lt;mailto:vance.turner@staples.com&gt;
&gt; &gt;
&gt; &gt; www.staples.com&lt;<span class="clickylink"><a target="new" rel="nofollow" href="http://www.staples.com/">http://www.staples.com/</a></span>&gt;
&gt; &gt; 500 Staples Drive, Framingham, MA 01702
</div>&gt; 
&gt; 
&gt; It seems you have the latest JSON::XS, which is known to have
&gt; compatibility issues with JSON 2.61. Try JSON 2.90, or downgrade
&gt; JSON::XS.
</div>

Confirmed the latest JSON didn&#39;t have this issue under Cygwin.
</div></div>
    </div>
</div>
</div>
<div class="ticket-transaction basics Status odd">
<div class="ticket-transaction">
  <div class="metadata">
    <span class="type">
      <a name="txn-1668243" href="/Public/Bug/Display.html?id=109156#txn-1668243">#</a>      
    </span>
    <span class="date">Mon&nbsp;Sep&nbsp;12&nbsp;10:48:19&nbsp;2016</span>
    <span class="description">ishigaki [...] cpan.org -  Status changed from &#39;open&#39; to &#39;resolved&#39;</span>
    <span class="time-taken"></span>    <span class="actions hidden"></span>
  </div>
    <div class="content">
    </div>
</div>
</div>
</div>
    <hr class="clear" />
  </div>
</div>




</div>
 


  <hr class="clear" />
</div>
<p id="sponsors">
  This service is sponsored and maintained by
  <a href="http://bestpractical.com">Best Practical Solutions</a> and runs on
  <a href="http://noc.perl.org">Perl.org</a> infrastructure.
</p>

<p id="contact-info">
  Please report any issues with rt.cpan.org to <a href="mailto:rt-cpan-admin@bestpractical.com">rt-cpan-admin@bestpractical.com</a>.
</p>

<script>
  (function(i,s,o,g,r,a,m){i['GoogleAnalyticsObject']=r;i[r]=i[r]||function(){
  (i[r].q=i[r].q||[]).push(arguments)},i[r].l=1*new Date();a=s.createElement(o),
  m=s.getElementsByTagName(o)[0];a.async=1;a.src=g;m.parentNode.insertBefore(a,m)
  })(window,document,'script','//www.google-analytics.com/analytics.js','ga');

  ga('create', 'UA\x2D937849\x2D12');
  ga('send', 'pageview');
</script>

<div id="footer">
  <p id="time"><span>Time to display: 0.351681</span></p>
  <p id="bpscredits"><span>&#187;&#124;&#171; RT 4.0.18 Copyright 1996-2013 <a href="http://www.bestpractical.com?rt=4.0.18">Best Practical Solutions, LLC</a>.
</span></p>
</div>
  </body>
</html>
