speights:~/src/Tangram$ cpanp 
CPANPLUS::Shell::Default -- CPAN exploration and modules installation (v0.050_02)
*** Please report bugs to <cpanplus-bugs@lists.sourceforge.net>.
*** Using CPANPLUS::Backend v0.050_02.  
*** ReadLine support available (try 'i Term::ReadLine::Perl').

CPAN Terminal> i Set::Object Set::Scalar Date::Manip Time::Piece DateTime Class::Date
Installing Set::Object
==> MISSING Signature file! <==
Running [/home/samv/perl/bin/perl Makefile.PL LIB=~/perl/lib INSTALLMAN1DIR=~/perl/man/man1 INSTALLMAN3DIR=~/perl/man/man3]...
Checking if your kit is complete...
Looks good
Writing Makefile for Set::Object
Running [/usr/bin/make test]...
PERL_DL_NONLAZY=1 /home/samv/perl/bin/perl "-MExtUtils::Command::MM" "-e" "test_harness(0, 'blib/lib', 'blib/arch')" t/*.t
t/abuse...................ok
t/clear...................ok
t/difference..............ok
t/equal...................ok
t/flags...................ok
t/includes................ok
t/insert..................ok
t/intersection............ok
t/members.................ok
t/properties..............ok
t/refcount................ok
t/remove..................ok
t/storable................ok
t/subsuper................ok
t/symmetric_difference....ok
t/union...................ok
All tests successful.
Files=16, Tests=189,  3 wallclock secs ( 2.32 cusr +  0.27 csys =  2.59 CPU)
Installing Set::Scalar
Read error on tarfile (missing data) 'Set-Scalar-1.19/ChangeLog' at offset unknown at /home/samv/perl/lib/site_perl/5.8.6/CPANPLUS/Internals/Extract.pm line 158
==> MISSING Signature file! <==
Running [/home/samv/perl/bin/perl Makefile.PL LIB=~/perl/lib INSTALLMAN1DIR=~/perl/man/man1 INSTALLMAN3DIR=~/perl/man/man3]...
Welcome to Set::Scalar!
Checking if your kit is complete...
Looks good
Writing Makefile for Set::Scalar
Now issue 'make' and then 'make test', and if all looks good, 'make install'.
Running [/usr/bin/make test]...
PERL_DL_NONLAZY=1 /home/samv/perl/bin/perl "-MExtUtils::Command::MM" "-e" "test_harness(0, 'blib/lib', 'blib/arch')" t/*.t
t/basic.............ok
t/basic_overload....ok
t/boolean...........ok
t/clear.............ok
t/compare...........ok
t/custom_display....ok
t/difference........ok
t/each..............ok
t/has...............ok
t/intersection......ok
t/laws..............(WARNING: this will take a while)...ok
t/member............ok
t/misc..............ok
t/null..............ok
t/set_set...........ok
t/symmdiff..........ok
t/union.............ok
t/unique............ok
t/universe..........ok
All tests successful.
Files=19, Tests=2602, 10 wallclock secs ( 7.57 cusr +  0.34 csys =  7.91 CPU)
Installing Date::Manip
==> MISSING Signature file! <==
Running [/home/samv/perl/bin/perl Makefile.PL LIB=~/perl/lib INSTALLMAN1DIR=~/perl/man/man1 INSTALLMAN3DIR=~/perl/man/man3]...
Checking if your kit is complete...
Looks good
Writing Makefile for Date::Manip
Running [/usr/bin/make test]...
PERL_DL_NONLAZY=1 /home/samv/perl/bin/perl "-MExtUtils::Command::MM" "-e" "test_harness(0, 'blib/lib', 'blib/arch')" t/*.t
t/date..................ok
t/date_date_0...........ok
t/date_date_1...........ok
t/date_date_2a..........ok
t/date_date_2b..........ok
t/date_delta_0..........ok
t/date_delta_1..........ok
t/date_delta_2a.........ok
t/date_delta_2b.........ok
t/date_delta_french.....ok
t/date_delta_russian....ok
t/date_delta_sign.......ok
t/date_french...........ok
t/date_german...........ok
t/date_misc_a...........ok
t/date_misc_b...........ok
t/date_romanian.........ok
t/date_russian..........ok
t/delta_a...............ok
t/delta_b...............ok
t/delta_delta_0.........ok
t/delta_delta_1.........ok
t/delta_delta_2a........ok
t/delta_delta_2b........ok
t/delta_format..........ok
t/delta_romanian........ok
t/events................ok
t/getnext...............ok
t/getprev...............ok
t/nthday................ok
t/recur_0...............ok
t/recur_1...............ok
t/settime...............ok
t/unixdate..............ok
All tests successful.
Files=34, Tests=882, 40 wallclock secs (33.15 cusr +  1.56 csys = 34.71 CPU)
Installing Time::Piece
==> MISSING Signature file! <==
Running [/home/samv/perl/bin/perl Makefile.PL LIB=~/perl/lib INSTALLMAN1DIR=~/perl/man/man1 INSTALLMAN3DIR=~/perl/man/man3]...
Checking if your kit is complete...
Looks good
Writing Makefile for Time::Piece
Running [/usr/bin/make test]...
PERL_DL_NONLAZY=1 /home/samv/perl/bin/perl "-MExtUtils::Command::MM" "-e" "test_harness(0, 'blib/lib', 'blib/arch')" t/*.t
t/01base........ok
t/02core........ok
t/03compare.....ok
t/04mjd.........ok
t/05overload....ok
All tests successful.
Files=5, Tests=113,  1 wallclock secs ( 0.83 cusr +  0.09 csys =  0.92 CPU)
Installing DateTime
==> MISSING Signature file! <==
Running [/home/samv/perl/bin/perl Makefile.PL LIB=~/perl/lib INSTALLMAN1DIR=~/perl/man/man1 INSTALLMAN3DIR=~/perl/man/man3]...
Testing if you have a C compiler
cc    -c -o test.o test.c
Warning: prerequisite Class::Factory::Util 1.3 not found.
Warning: prerequisite DateTime::Locale 0.09 not found.
Warning: prerequisite DateTime::TimeZone 0.26 not found.
Warning: prerequisite Params::Validate 0.76 not found.
Checking if your kit is complete...
Looks good
Writing Makefile for DateTime

Module 'DateTime' requires 'Class::Factory::Util' to be installed

If you don't wish to see this question anymore
you can disable it by entering the following commands on the prompt:
    's conf prereqs 1; s save'

Should I install this module? [Y/n]: 
==> MISSING Signature file! <==
Running [/home/samv/perl/bin/perl Makefile.PL LIB=~/perl/lib INSTALLMAN1DIR=~/perl/man/man1 INSTALLMAN3DIR=~/perl/man/man3]...
Checking if your kit is complete...
Looks good
Writing Makefile for Class::Factory::Util
Running [/usr/bin/make test]...
PERL_DL_NONLAZY=1 /home/samv/perl/bin/perl "-MExtUtils::Command::MM" "-e" "test_harness(0, 'blib/lib', 'blib/arch')" t/*.t
t/01test....ok
All tests successful.
Files=1, Tests=5,  0 wallclock secs ( 0.09 cusr +  0.01 csys =  0.10 CPU)

Module 'DateTime' requires 'DateTime::Locale' to be installed

If you don't wish to see this question anymore
you can disable it by entering the following commands on the prompt:
    's conf prereqs 1; s save'

Should I install this module? [Y/n]: 
WARNING: This key is not certified with a trusted signature!
Primary key fingerprint: CFF5 E8DA 6A08 6258 5494  BF99 FB8B 5B4B F9E2 054A
Running [/home/samv/perl/bin/perl Makefile.PL LIB=~/perl/lib INSTALLMAN1DIR=~/perl/man/man1 INSTALLMAN3DIR=~/perl/man/man3]...
This module requires Module::Build to install itself.
  Install Module::Build now from CPAN? [y] 
CPAN: Storable loaded ok
Going to read /home/samv/perl/cpan/Metadata
  Database was generated on Tue, 14 Dec 2004 12:01:02 GMT
CPAN: LWP::UserAgent loaded ok
Fetching with LWP:
  ftp://ftp.auckland.ac.nz/pub/perl/CPAN/authors/01mailrc.txt.gz
Going to read /home/samv/perl/cpan/sources/authors/01mailrc.txt.gz
CPAN: Compress::Zlib loaded ok
Fetching with LWP:
  ftp://ftp.auckland.ac.nz/pub/perl/CPAN/modules/02packages.details.txt.gz
Going to read /home/samv/perl/cpan/sources/modules/02packages.details.txt.gz
  Database was generated on Thu, 23 Dec 2004 12:04:11 GMT
Fetching with LWP:
  ftp://ftp.auckland.ac.nz/pub/perl/CPAN/modules/03modlist.data.gz
Going to read /home/samv/perl/cpan/sources/modules/03modlist.data.gz
Going to write /home/samv/perl/cpan/Metadata
Running install for module Module::Build::Compat
Running make for K/KW/KWILLIAMS/Module-Build-0.2607.tar.gz
Fetching with LWP:
  ftp://ftp.auckland.ac.nz/pub/perl/CPAN/authors/id/K/KW/KWILLIAMS/Module-Build-0.2607.tar.gz
CPAN: Digest::MD5 loaded ok
Fetching with LWP:
  ftp://ftp.auckland.ac.nz/pub/perl/CPAN/authors/id/K/KW/KWILLIAMS/CHECKSUMS
Checksum for /home/samv/perl/cpan/sources/authors/id/K/KW/KWILLIAMS/Module-Build-0.2607.tar.gz ok
Module-Build-0.2607/
Module-Build-0.2607/Build.PL
Module-Build-0.2607/Changes
Module-Build-0.2607/INSTALL
Module-Build-0.2607/lib/
Module-Build-0.2607/lib/Module/
Module-Build-0.2607/lib/Module/Build/
Module-Build-0.2607/lib/Module/Build/Base.pm
Module-Build-0.2607/lib/Module/Build/Compat.pm
Module-Build-0.2607/lib/Module/Build/Cookbook.pm
Module-Build-0.2607/lib/Module/Build/Platform/
Module-Build-0.2607/lib/Module/Build/Platform/aix.pm
Module-Build-0.2607/lib/Module/Build/Platform/Amiga.pm
Module-Build-0.2607/lib/Module/Build/Platform/cygwin.pm
Module-Build-0.2607/lib/Module/Build/Platform/darwin.pm
Module-Build-0.2607/lib/Module/Build/Platform/Default.pm
Module-Build-0.2607/lib/Module/Build/Platform/EBCDIC.pm
Module-Build-0.2607/lib/Module/Build/Platform/MacOS.pm
Module-Build-0.2607/lib/Module/Build/Platform/MPEiX.pm
Module-Build-0.2607/lib/Module/Build/Platform/os2.pm
Module-Build-0.2607/lib/Module/Build/Platform/RiscOS.pm
Module-Build-0.2607/lib/Module/Build/Platform/Unix.pm
Module-Build-0.2607/lib/Module/Build/Platform/VMS.pm
Module-Build-0.2607/lib/Module/Build/Platform/VOS.pm
Module-Build-0.2607/lib/Module/Build/Platform/Windows.pm
Module-Build-0.2607/lib/Module/Build/PodParser.pm
Module-Build-0.2607/lib/Module/Build/PPMMaker.pm
Module-Build-0.2607/lib/Module/Build.pm
Module-Build-0.2607/Makefile.PL
Module-Build-0.2607/MANIFEST
Module-Build-0.2607/META.yml
Module-Build-0.2607/README
Module-Build-0.2607/scripts/
Module-Build-0.2607/scripts/config_data
Module-Build-0.2607/SIGNATURE
Module-Build-0.2607/t/
Module-Build-0.2607/t/basic.t
Module-Build-0.2607/t/common.pl
Module-Build-0.2607/t/compat.t
Module-Build-0.2607/t/ext.t
Module-Build-0.2607/t/extend.t
Module-Build-0.2607/t/files.t
Module-Build-0.2607/t/install.t
Module-Build-0.2607/t/lib/
Module-Build-0.2607/t/lib/ModuleBuildOne.pm
Module-Build-0.2607/t/MANIFEST
Module-Build-0.2607/t/manifypods.t
Module-Build-0.2607/t/notes.t
Module-Build-0.2607/t/pod_parser.t
Module-Build-0.2607/t/runthrough.t
Module-Build-0.2607/t/Sample/
Module-Build-0.2607/t/Sample/bin/
Module-Build-0.2607/t/Sample/bin/sample.pl
Module-Build-0.2607/t/Sample/Build.PL
Module-Build-0.2607/t/Sample/lib/
Module-Build-0.2607/t/Sample/lib/Sample/
Module-Build-0.2607/t/Sample/lib/Sample/Docs.pod
Module-Build-0.2607/t/Sample/lib/Sample/NoPod.pm
Module-Build-0.2607/t/Sample/lib/Sample/Script.PL
Module-Build-0.2607/t/Sample/lib/Sample.pm
Module-Build-0.2607/t/Sample/MANIFEST
Module-Build-0.2607/t/Sample/META.yml
Module-Build-0.2607/t/Sample/script
Module-Build-0.2607/t/Sample/test.foo
Module-Build-0.2607/t/Sample/test.pl
Module-Build-0.2607/t/signature.t
Module-Build-0.2607/t/versions.t
Module-Build-0.2607/t/xs.t
Module-Build-0.2607/t/XSTest/
Module-Build-0.2607/t/XSTest/Build.PL
Module-Build-0.2607/t/XSTest/Changes
Module-Build-0.2607/t/XSTest/empty.h
Module-Build-0.2607/t/XSTest/lib/
Module-Build-0.2607/t/XSTest/lib/XSTest.pm
Module-Build-0.2607/t/XSTest/lib/XSTest.xs
Module-Build-0.2607/t/XSTest/MANIFEST
Module-Build-0.2607/t/XSTest/test.pl

  CPAN.pm: Going to build K/KW/KWILLIAMS/Module-Build-0.2607.tar.gz

Sorry, PREFIX is not supported.  See the Module::Build
documentation for 'destdir' or 'install_base' instead.
Running make test
  Make had some problems, maybe interrupted? Won't test
Running make install
  Make had some problems, maybe interrupted? Won't install
 *** Cannot install without Module::Build.  Exiting ...
[ERROR] Could not run '/home/samv/perl/bin/perl Makefile.PL': This module requires Module::Build to install itself.
  Install Module::Build now from CPAN? [y] CPAN: Storable loaded ok
Going to read /home/samv/perl/cpan/Metadata
  Database was generated on Tue, 14 Dec 2004 12:01:02 GMT
CPAN: LWP::UserAgent loaded ok
Fetching with LWP:
  ftp://ftp.auckland.ac.nz/pub/perl/CPAN/authors/01mailrc.txt.gz
Going to read /home/samv/perl/cpan/sources/authors/01mailrc.txt.gz
CPAN: Compress::Zlib loaded ok
Fetching with LWP:
  ftp://ftp.auckland.ac.nz/pub/perl/CPAN/modules/02packages.details.txt.gz
Going to read /home/samv/perl/cpan/sources/modules/02packages.details.txt.gz
  Database was generated on Thu, 23 Dec 2004 12:04:11 GMT
Fetching with LWP:
  ftp://ftp.auckland.ac.nz/pub/perl/CPAN/modules/03modlist.data.gz
Going to read /home/samv/perl/cpan/sources/modules/03modlist.data.gz
Going to write /home/samv/perl/cpan/Metadata
Running install for module Module::Build::Compat
Running make for K/KW/KWILLIAMS/Module-Build-0.2607.tar.gz
Fetching with LWP:
  ftp://ftp.auckland.ac.nz/pub/perl/CPAN/authors/id/K/KW/KWILLIAMS/Module-Build-0.2607.tar.gz
CPAN: Digest::MD5 loaded ok
Fetching with LWP:
  ftp://ftp.auckland.ac.nz/pub/perl/CPAN/authors/id/K/KW/KWILLIAMS/CHECKSUMS
Checksum for /home/samv/perl/cpan/sources/authors/id/K/KW/KWILLIAMS/Module-Build-0.2607.tar.gz ok
Module-Build-0.2607/
Module-Build-0.2607/Build.PL
Module-Build-0.2607/Changes
Module-Build-0.2607/INSTALL
Module-Build-0.2607/lib/
Module-Build-0.2607/lib/Module/
Module-Build-0.2607/lib/Module/Build/
Module-Build-0.2607/lib/Module/Build/Base.pm
Module-Build-0.2607/lib/Module/Build/Compat.pm
Module-Build-0.2607/lib/Module/Build/Cookbook.pm
Module-Build-0.2607/lib/Module/Build/Platform/
Module-Build-0.2607/lib/Module/Build/Platform/aix.pm
Module-Build-0.2607/lib/Module/Build/Platform/Amiga.pm
Module-Build-0.2607/lib/Module/Build/Platform/cygwin.pm
Module-Build-0.2607/lib/Module/Build/Platform/darwin.pm
Module-Build-0.2607/lib/Module/Build/Platform/Default.pm
Module-Build-0.2607/lib/Module/Build/Platform/EBCDIC.pm
Module-Build-0.2607/lib/Module/Build/Platform/MacOS.pm
Module-Build-0.2607/lib/Module/Build/Platform/MPEiX.pm
Module-Build-0.2607/lib/Module/Build/Platform/os2.pm
Module-Build-0.2607/lib/Module/Build/Platform/RiscOS.pm
Module-Build-0.2607/lib/Module/Build/Platform/Unix.pm
Module-Build-0.2607/lib/Module/Build/Platform/VMS.pm
Module-Build-0.2607/lib/Module/Build/Platform/VOS.pm
Module-Build-0.2607/lib/Module/Build/Platform/Windows.pm
Module-Build-0.2607/lib/Module/Build/PodParser.pm
Module-Build-0.2607/lib/Module/Build/PPMMaker.pm
Module-Build-0.2607/lib/Module/Build.pm
Module-Build-0.2607/Makefile.PL
Module-Build-0.2607/MANIFEST
Module-Build-0.2607/META.yml
Module-Build-0.2607/README
Module-Build-0.2607/scripts/
Module-Build-0.2607/scripts/config_data
Module-Build-0.2607/SIGNATURE
Module-Build-0.2607/t/
Module-Build-0.2607/t/basic.t
Module-Build-0.2607/t/common.pl
Module-Build-0.2607/t/compat.t
Module-Build-0.2607/t/ext.t
Module-Build-0.2607/t/extend.t
Module-Build-0.2607/t/files.t
Module-Build-0.2607/t/install.t
Module-Build-0.2607/t/lib/
Module-Build-0.2607/t/lib/ModuleBuildOne.pm
Module-Build-0.2607/t/MANIFEST
Module-Build-0.2607/t/manifypods.t
Module-Build-0.2607/t/notes.t
Module-Build-0.2607/t/pod_parser.t
Module-Build-0.2607/t/runthrough.t
Module-Build-0.2607/t/Sample/
Module-Build-0.2607/t/Sample/bin/
Module-Build-0.2607/t/Sample/bin/sample.pl
Module-Build-0.2607/t/Sample/Build.PL
Module-Build-0.2607/t/Sample/lib/
Module-Build-0.2607/t/Sample/lib/Sample/
Module-Build-0.2607/t/Sample/lib/Sample/Docs.pod
Module-Build-0.2607/t/Sample/lib/Sample/NoPod.pm
Module-Build-0.2607/t/Sample/lib/Sample/Script.PL
Module-Build-0.2607/t/Sample/lib/Sample.pm
Module-Build-0.2607/t/Sample/MANIFEST
Module-Build-0.2607/t/Sample/META.yml
Module-Build-0.2607/t/Sample/script
Module-Build-0.2607/t/Sample/test.foo
Module-Build-0.2607/t/Sample/test.pl
Module-Build-0.2607/t/signature.t
Module-Build-0.2607/t/versions.t
Module-Build-0.2607/t/xs.t
Module-Build-0.2607/t/XSTest/
Module-Build-0.2607/t/XSTest/Build.PL
Module-Build-0.2607/t/XSTest/Changes
Module-Build-0.2607/t/XSTest/empty.h
Module-Build-0.2607/t/XSTest/lib/
Module-Build-0.2607/t/XSTest/lib/XSTest.pm
Module-Build-0.2607/t/XSTest/lib/XSTest.xs
Module-Build-0.2607/t/XSTest/MANIFEST
Module-Build-0.2607/t/XSTest/test.pl

  CPAN.pm: Going to build K/KW/KWILLIAMS/Module-Build-0.2607.tar.gz

Sorry, PREFIX is not supported.  See the Module::Build
documentation for 'destdir' or 'install_base' instead.
Running make test
  Make had some problems, maybe interrupted? Won't test
Running make install
  Make had some problems, maybe interrupted? Won't install
 *** Cannot install without Module::Build.  Exiting ...
 -- cannot continue

Test report prepared for module 'DateTime::Locale'
. Would you like to send it? (You can edit it if you like)

Would you like to send the test report? [y/N]: y

Test report prepared for module 'DateTime::Locale'. You can edit this report if you would like

Would you like to edit the test report? [Y/n]: y
Editor [/usr/bin/emacs]: 
[ERROR] Unable to create a new distribution object for 'DateTime::Locale' -- cannot continue
[ERROR] Failed to install 'DateTime::Locale' as prerequisite for 'DateTime'
[ERROR] Unable to satisfy prerequisites for 'DateTime' -- aborting install
[ERROR] Unable to create a new distribution object for 'DateTime' -- cannot continue
Installing Class::Date
==> MISSING Signature file! <==
Running [/home/samv/perl/bin/perl Makefile.PL LIB=~/perl/lib INSTALLMAN1DIR=~/perl/man/man1 INSTALLMAN3DIR=~/perl/man/man3]...
Checking if your kit is complete...
Looks good
Writing Makefile for Class::Date
Running [/usr/bin/make test]...
PERL_DL_NONLAZY=1 /home/samv/perl/bin/perl "-MExtUtils::Command::MM" "-e" "test_harness(0, 'blib/lib', 'blib/arch')" t/*.t
t/00_base.........ok
t/10_fields.......ok
t/20_gmdate.......ok
t/30_localdate....ok
t/40_errors.......ok
All tests successful.
Files=5, Tests=175,  2 wallclock secs ( 1.12 cusr +  0.13 csys =  1.25 CPU)
Module 'Set::Object' installed successfully
Module 'Set::Scalar' installed successfully
Module 'Date::Manip' installed successfully
Module 'Time::Piece' installed successfully
Error installing 'DateTime'
Module 'Class::Date' installed successfully
Problem installing one or more modules
*** You can view the complete error buffer by pressing 'p' ***

CPAN Terminal> i Module::Build
Installing Module::Build
WARNING: This key is not certified with a trusted signature!
Primary key fingerprint: ADCB DB05 B40E B2A2 A555  5462 82BB CC04 B7EF 9476
Running [/home/samv/perl/bin/perl Makefile.PL LIB=~/perl/lib INSTALLMAN1DIR=~/perl/man/man1 INSTALLMAN3DIR=~/perl/man/man3]...
# running Build.PL --install_path lib=~/perl/lib config=installman1dir=~/perl/man/man1 config=installman3dir=~/perl/man/man3
/home/samv/perl/bin/perl Build.PL --install_path lib=~/perl/lib config=installman1dir=~/perl/man/man1 config=installman3dir=~/perl/man/man3
Feature 'YAML_support' enabled.

Checking whether your kit is complete...
Looks good
Creating new 'Build' script for 'Module-Build' version '0.2607'
[ERROR] No such module 'Config' found on CPAN
Running [/usr/bin/make test]...
/home/samv/perl/bin/perl Build --makefile_env_macros 1 test
t/basic.........ok
t/compat........ok
t/ext...........ok
t/extend........ok
t/files.........ok
t/install.......ok
t/manifypods....ok
t/notes.........ok
t/pod_parser....ok
t/runthrough....ok
t/signature.....skipped
        all skipped: Skipping unless $ENV{TEST_SIGNATURE} is true
t/versions......ok
t/xs............ok
All tests successful, 1 test skipped.
Files=13, Tests=318, 71 wallclock secs (55.35 cusr +  6.93 csys = 62.28 CPU)
Module 'Module::Build' installed successfully
No errors installing all modules

CPAN Terminal> i DateTime
Installing DateTime
==> MISSING Signature file! <==
Running [/home/samv/perl/bin/perl Makefile.PL LIB=~/perl/lib INSTALLMAN1DIR=~/perl/man/man1 INSTALLMAN3DIR=~/perl/man/man3]...
Testing if you have a C compiler
cc -c   -D_REENTRANT -D_GNU_SOURCE -DTHREADS_HAVE_PIDS -fno-strict-aliasing -pipe -I/usr/local/include -D_LARGEFILE_SOURCE -D_FILE_OFFSET_BITS=64 -O2   -DVERSION=\"0.24\" -DXS_VERSION=\"0.24\" -fpic "-I/home/samv/perl/lib/5.8.6/i686-linux-thread-multi-64int-ld/CORE"   test.c
Warning: prerequisite DateTime::Locale 0.09 not found.
Warning: prerequisite DateTime::TimeZone 0.26 not found.
Warning: prerequisite Params::Validate 0.76 not found.
Writing Makefile for DateTime

Module 'DateTime' requires 'DateTime::Locale' to be installed

If you don't wish to see this question anymore
you can disable it by entering the following commands on the prompt:
    's conf prereqs 1; s save'

Should I install this module? [Y/n]: 
WARNING: This key is not certified with a trusted signature!
Primary key fingerprint: CFF5 E8DA 6A08 6258 5494  BF99 FB8B 5B4B F9E2 054A
Running [/home/samv/perl/bin/perl Makefile.PL LIB=~/perl/lib INSTALLMAN1DIR=~/perl/man/man1 INSTALLMAN3DIR=~/perl/man/man3]...
This module requires Module::Build to install itself.
  Install Module::Build now from CPAN? [y] n
 *** Cannot install without Module::Build.  Exiting ...
[ERROR] Could not run '/home/samv/perl/bin/perl Makefile.PL': This module requires Module::Build to install itself.
  Install Module::Build now from CPAN? [y]  *** Cannot install without Module::Build.  Exiting ...
 -- cannot continue

Test report prepared for module 'DateTime::Locale'
. Would you like to send it? (You can edit it if you like)

Would you like to send the test report? [y/N]: y

Test report prepared for module 'DateTime::Locale'. You can edit this report if you would like

Would you like to edit the test report? [Y/n]: y
Editor [/usr/bin/emacs]: 

[2]+  Stopped                 cpanp
You have new mail in /var/mail/samv
speights:~/src/Tangram$ which perl
/home/samv/perl/bin/perl
speights:~/src/Tangram$ perl -MModule::Build
Can't locate Module/Build.pm in @INC (@INC contains: /home/samv/perl/lib/5.8.6/i686-linux-thread-multi-64int-ld /home/samv/perl/lib/5.8.6 /home/samv/perl/lib/i686-linux-thread-multi-64int-ld /home/samv/perl/lib /home/samv/perl/lib/5.8.6/i686-linux-thread-multi-64int-ld /home/samv/perl/lib/5.8.6 /home/samv/perl/lib/site_perl/5.8.6/i686-linux-thread-multi-64int-ld /home/samv/perl/lib/site_perl/5.8.6 /home/samv/perl/lib/site_perl .).
BEGIN failed--compilation aborted.
speights:~/src/Tangram$ fg
cpanp

[2]+  Stopped                 cpanp
speights:~/src/Tangram$ kill %2

[2]+  Stopped                 cpanp
speights:~/src/Tangram$ 
[2]+  Terminated              cpanp
speights:~/src/Tangram$ 
speights:~/src/Tangram$ 
speights:~/src/Tangram$ perl -MCPAN -e'install Module::Build
> '
CPAN: Storable loaded ok
Going to read /home/samv/perl/cpan/Metadata
  Database was generated on Thu, 23 Dec 2004 12:04:11 GMT
Running install for module Module::Build
Running make for K/KW/KWILLIAMS/Module-Build-0.2607.tar.gz
CPAN: Digest::MD5 loaded ok
CPAN: Compress::Zlib loaded ok
Checksum for /home/samv/perl/cpan/sources/authors/id/K/KW/KWILLIAMS/Module-Build-0.2607.tar.gz ok
Module-Build-0.2607/
Module-Build-0.2607/Build.PL
Module-Build-0.2607/Changes
Module-Build-0.2607/INSTALL
Module-Build-0.2607/lib/
Module-Build-0.2607/lib/Module/
Module-Build-0.2607/lib/Module/Build/
Module-Build-0.2607/lib/Module/Build/Base.pm
Module-Build-0.2607/lib/Module/Build/Compat.pm
Module-Build-0.2607/lib/Module/Build/Cookbook.pm
Module-Build-0.2607/lib/Module/Build/Platform/
Module-Build-0.2607/lib/Module/Build/Platform/aix.pm
Module-Build-0.2607/lib/Module/Build/Platform/Amiga.pm
Module-Build-0.2607/lib/Module/Build/Platform/cygwin.pm
Module-Build-0.2607/lib/Module/Build/Platform/darwin.pm
Module-Build-0.2607/lib/Module/Build/Platform/Default.pm
Module-Build-0.2607/lib/Module/Build/Platform/EBCDIC.pm
Module-Build-0.2607/lib/Module/Build/Platform/MacOS.pm
Module-Build-0.2607/lib/Module/Build/Platform/MPEiX.pm
Module-Build-0.2607/lib/Module/Build/Platform/os2.pm
Module-Build-0.2607/lib/Module/Build/Platform/RiscOS.pm
Module-Build-0.2607/lib/Module/Build/Platform/Unix.pm
Module-Build-0.2607/lib/Module/Build/Platform/VMS.pm
Module-Build-0.2607/lib/Module/Build/Platform/VOS.pm
Module-Build-0.2607/lib/Module/Build/Platform/Windows.pm
Module-Build-0.2607/lib/Module/Build/PodParser.pm
Module-Build-0.2607/lib/Module/Build/PPMMaker.pm
Module-Build-0.2607/lib/Module/Build.pm
Module-Build-0.2607/Makefile.PL
Module-Build-0.2607/MANIFEST
Module-Build-0.2607/META.yml
Module-Build-0.2607/README
Module-Build-0.2607/scripts/
Module-Build-0.2607/scripts/config_data
Module-Build-0.2607/SIGNATURE
Module-Build-0.2607/t/
Module-Build-0.2607/t/basic.t
Module-Build-0.2607/t/common.pl
Module-Build-0.2607/t/compat.t
Module-Build-0.2607/t/ext.t
Module-Build-0.2607/t/extend.t
Module-Build-0.2607/t/files.t
Module-Build-0.2607/t/install.t
Module-Build-0.2607/t/lib/
Module-Build-0.2607/t/lib/ModuleBuildOne.pm
Module-Build-0.2607/t/MANIFEST
Module-Build-0.2607/t/manifypods.t
Module-Build-0.2607/t/notes.t
Module-Build-0.2607/t/pod_parser.t
Module-Build-0.2607/t/runthrough.t
Module-Build-0.2607/t/Sample/
Module-Build-0.2607/t/Sample/bin/
Module-Build-0.2607/t/Sample/bin/sample.pl
Module-Build-0.2607/t/Sample/Build.PL
Module-Build-0.2607/t/Sample/lib/
Module-Build-0.2607/t/Sample/lib/Sample/
Module-Build-0.2607/t/Sample/lib/Sample/Docs.pod
Module-Build-0.2607/t/Sample/lib/Sample/NoPod.pm
Module-Build-0.2607/t/Sample/lib/Sample/Script.PL
Module-Build-0.2607/t/Sample/lib/Sample.pm
Module-Build-0.2607/t/Sample/MANIFEST
Module-Build-0.2607/t/Sample/META.yml
Module-Build-0.2607/t/Sample/script
Module-Build-0.2607/t/Sample/test.foo
Module-Build-0.2607/t/Sample/test.pl
Module-Build-0.2607/t/signature.t
Module-Build-0.2607/t/versions.t
Module-Build-0.2607/t/xs.t
Module-Build-0.2607/t/XSTest/
Module-Build-0.2607/t/XSTest/Build.PL
Module-Build-0.2607/t/XSTest/Changes
Module-Build-0.2607/t/XSTest/empty.h
Module-Build-0.2607/t/XSTest/lib/
Module-Build-0.2607/t/XSTest/lib/XSTest.pm
Module-Build-0.2607/t/XSTest/lib/XSTest.xs
Module-Build-0.2607/t/XSTest/MANIFEST
Module-Build-0.2607/t/XSTest/test.pl
Removing previously used /home/samv/perl/cpan/build/Module-Build-0.2607

  CPAN.pm: Going to build K/KW/KWILLIAMS/Module-Build-0.2607.tar.gz

Sorry, PREFIX is not supported.  See the Module::Build
documentation for 'destdir' or 'install_base' instead.
Running make test
  Make had some problems, maybe interrupted? Won't test
Running make install
  Make had some problems, maybe interrupted? Won't install
speights:~/src/Tangram$ cpanp
CPANPLUS::Shell::Default -- CPAN exploration and modules installation (v0.050_02)
*** Please report bugs to <cpanplus-bugs@lists.sourceforge.net>.
*** Using CPANPLUS::Backend v0.050_02.  
*** ReadLine support available (try 'i Term::ReadLine::Perl').

CPAN Terminal> i Module::Build
Installing Module::Build
WARNING: This key is not certified with a trusted signature!
Primary key fingerprint: ADCB DB05 B40E B2A2 A555  5462 82BB CC04 B7EF 9476
Not in MANIFEST: _build/build_params
Not in MANIFEST: _build/cleanup
Not in MANIFEST: _build/config_data
Not in MANIFEST: _build/features
Not in MANIFEST: _build/notes
Not in MANIFEST: _build/prereqs
Not in MANIFEST: Build
Not in MANIFEST: ~/perl/lib/Module/Build.pm
Not in MANIFEST: ~/perl/lib/Module/Build/Base.pm
Not in MANIFEST: ~/perl/lib/Module/Build/Compat.pm
Not in MANIFEST: ~/perl/lib/Module/Build/ConfigData.pm
Not in MANIFEST: ~/perl/lib/Module/Build/Cookbook.pm
Not in MANIFEST: ~/perl/lib/Module/Build/Platform/aix.pm
Not in MANIFEST: ~/perl/lib/Module/Build/Platform/Amiga.pm
Not in MANIFEST: ~/perl/lib/Module/Build/Platform/cygwin.pm
Not in MANIFEST: ~/perl/lib/Module/Build/Platform/darwin.pm
Not in MANIFEST: ~/perl/lib/Module/Build/Platform/Default.pm
Not in MANIFEST: ~/perl/lib/Module/Build/Platform/EBCDIC.pm
Not in MANIFEST: ~/perl/lib/Module/Build/Platform/MacOS.pm
Not in MANIFEST: ~/perl/lib/Module/Build/Platform/MPEiX.pm
Not in MANIFEST: ~/perl/lib/Module/Build/Platform/os2.pm
Not in MANIFEST: ~/perl/lib/Module/Build/Platform/RiscOS.pm
Not in MANIFEST: ~/perl/lib/Module/Build/Platform/Unix.pm
Not in MANIFEST: ~/perl/lib/Module/Build/Platform/VMS.pm
Not in MANIFEST: ~/perl/lib/Module/Build/Platform/VOS.pm
Not in MANIFEST: ~/perl/lib/Module/Build/Platform/Windows.pm
Not in MANIFEST: ~/perl/lib/Module/Build/PodParser.pm
Not in MANIFEST: ~/perl/lib/Module/Build/PPMMaker.pm
==> MISMATCHED content between MANIFEST and distribution files! <==
[ERROR] Signature check failed for module 'Module::Build' -- Not trusting this module, aborting install
Error installing 'Module::Build'
Problem installing one or more modules
*** You can view the complete error buffer by pressing 'p' ***

CPAN Terminal> q

Exiting CPANPLUS shell
speights:~/src/Tangram$ cd
speights:~$ cd .cpan/
speights:~/.cpan$ cd ../perl/cpanplus/
speights:~/perl/cpanplus$ ls
01mailrc.txt.gz            5.8.6        Pixie-2.08_02.tar.gz
02packages.details.txt.gz  authors      sourcefiles.2.13.stored
03modlist.data.gz          build
5.8.4                      MIRRORED.BY
speights:~/perl/cpanplus$ find . -name Module-Build]*

speights:~/perl/cpanplus$ find . -name Module-Build\*
./5.8.6/build/Module-Build-0.2606
./5.8.6/build/Module-Build-0.2607

speights:~/perl/cpanplus$ rm -r 5.8.6/build/Module-Build-0.260
Module-Build-0.2606  Module-Build-0.2607  
speights:~/perl/cpanplus$ rm -r 5.8.6/build/Module-Build-0.260*
rm: remove write-protected regular file `5.8.6/build/Module-Build-0.2606/~/perl/lib/Module/Build/Base.pm'? 
speights:~/perl/cpanplus$ rm -fr 5.8.6/build/Module-Build-0.260*
speights:~/perl/cpanplus$ cpanp
CPANPLUS::Shell::Default -- CPAN exploration and modules installation (v0.050_02)
*** Please report bugs to <cpanplus-bugs@lists.sourceforge.net>.
*** Using CPANPLUS::Backend v0.050_02.  
*** ReadLine support available (try 'i Term::ReadLine::Perl').

CPAN Terminal> i Module::Build
Installing Module::Build
[ERROR] Dir '/home/samv/perl/cpanplus/5.8.6/build/Module-Build-0.2607' does not exist
Key 'dir' (/home/samv/perl/cpanplus/5.8.6/build/Module-Build-0.2607) is of invalid type for 'CPANPLUS::Internals::Utils::_chdir'provided by CPANPLUS::Module::Signature::check_signature at /home/samv/perl/lib/site_perl/5.8.6/CPANPLUS/Module/Signature.pm line 41
Undefined subroutine &CPANPLUS::Module::Signature::loc called at /home/samv/perl/lib/site_perl/5.8.6/CPANPLUS/Module/Signature.pm line 42, <> line 4.
CPAN Terminal> 
[2]+  Stopped                 cpanp
speights:~/perl/cpanplus$ cd build/
speights:~/perl/cpanplus/build$ ls
speights:~/perl/cpanplus/build$ fg
cpanp   (wd: ~/perl/cpanplus)

CPAN Terminal>     
CPAN Terminal> 
Exiting CPANPLUS shell
speights:~/perl/cpanplus/build$ cd ../../cpan/build/
speights:~/perl/cpan/build$ ls
CPANPLUS-0.0499      Module-Build-0.2607     YAML-0.35
Module-Build-0.2606  Term-ReadLine-Gnu-1.15
speights:~/perl/cpan/build$ cd Module-Build-0.260
bash: cd: Module-Build-0.260: No such file or directory
speights:~/perl/cpan/build$ cd Module-Build-0.2606/
speights:~/perl/cpan/build/Module-Build-0.2606$ ls
Build.PL  INSTALL  Makefile.PL  META.yml  scripts    t
Changes   lib      MANIFEST     README    SIGNATURE
speights:~/perl/cpan/build/Module-Build-0.2606$ perl Makefile.PL 
# running Build.PL 
/home/samv/perl/bin/perl Build.PL
Checking whether your kit is complete...
Looks good
 * Optional prerequisite Archive::Tar isn't installed
ERRORS/WARNINGS FOUND IN PREREQUISITES.  You may wish to install the versions
 of the modules indicated above before proceeding with this installation.

Feature 'YAML_support' enabled.

Creating new 'Build' script for 'Module-Build' version '0.2606'
speights:~/perl/cpan/build/Module-Build-0.2606$ make install
/home/samv/perl/bin/perl Build --makefile_env_macros 1 install
lib/Module/Build/Platform/darwin.pm -> blib/lib/Module/Build/Platform/darwin.pm
lib/Module/Build/Platform/MacOS.pm -> blib/lib/Module/Build/Platform/MacOS.pm
lib/Module/Build/Compat.pm -> blib/lib/Module/Build/Compat.pm
lib/Module/Build/Platform/RiscOS.pm -> blib/lib/Module/Build/Platform/RiscOS.pm
lib/Module/Build/PodParser.pm -> blib/lib/Module/Build/PodParser.pm
lib/Module/Build/Platform/VOS.pm -> blib/lib/Module/Build/Platform/VOS.pm
lib/Module/Build/Platform/Windows.pm -> blib/lib/Module/Build/Platform/Windows.pm
lib/Module/Build/Platform/Unix.pm -> blib/lib/Module/Build/Platform/Unix.pm
lib/Module/Build/Platform/Amiga.pm -> blib/lib/Module/Build/Platform/Amiga.pm
lib/Module/Build/Base.pm -> blib/lib/Module/Build/Base.pm
lib/Module/Build/Platform/os2.pm -> blib/lib/Module/Build/Platform/os2.pm
lib/Module/Build/Platform/MPEiX.pm -> blib/lib/Module/Build/Platform/MPEiX.pm
lib/Module/Build/Platform/EBCDIC.pm -> blib/lib/Module/Build/Platform/EBCDIC.pm
lib/Module/Build/Platform/VMS.pm -> blib/lib/Module/Build/Platform/VMS.pm
lib/Module/Build/Platform/cygwin.pm -> blib/lib/Module/Build/Platform/cygwin.pm
lib/Module/Build.pm -> blib/lib/Module/Build.pm
lib/Module/Build/PPMMaker.pm -> blib/lib/Module/Build/PPMMaker.pm
lib/Module/Build/Platform/aix.pm -> blib/lib/Module/Build/Platform/aix.pm
lib/Module/Build/Cookbook.pm -> blib/lib/Module/Build/Cookbook.pm
lib/Module/Build/Platform/Default.pm -> blib/lib/Module/Build/Platform/Default.pm
Writing config notes to blib/lib/Module/Build/ConfigData.pm
Manifying blib/script/config_data -> blib/bindoc/config_data.1
Manifying blib/lib/Module/Build/Platform/Unix.pm -> blib/libdoc/Module::Build::Platform::Unix.3
Manifying blib/lib/Module/Build/Platform/EBCDIC.pm -> blib/libdoc/Module::Build::Platform::EBCDIC.3
Manifying blib/lib/Module/Build/Platform/MacOS.pm -> blib/libdoc/Module::Build::Platform::MacOS.3
Manifying blib/lib/Module/Build.pm -> blib/libdoc/Module::Build.3
Manifying blib/lib/Module/Build/Platform/Amiga.pm -> blib/libdoc/Module::Build::Platform::Amiga.3
Manifying blib/lib/Module/Build/ConfigData.pm -> blib/libdoc/Module::Build::ConfigData.3
Manifying blib/lib/Module/Build/Platform/cygwin.pm -> blib/libdoc/Module::Build::Platform::cygwin.3
Manifying blib/lib/Module/Build/PPMMaker.pm -> blib/libdoc/Module::Build::PPMMaker.3
Manifying blib/lib/Module/Build/Platform/MPEiX.pm -> blib/libdoc/Module::Build::Platform::MPEiX.3
Manifying blib/lib/Module/Build/Platform/Windows.pm -> blib/libdoc/Module::Build::Platform::Windows.3
Manifying blib/lib/Module/Build/Platform/VOS.pm -> blib/libdoc/Module::Build::Platform::VOS.3
Manifying blib/lib/Module/Build/Platform/Default.pm -> blib/libdoc/Module::Build::Platform::Default.3
Manifying blib/lib/Module/Build/Platform/RiscOS.pm -> blib/libdoc/Module::Build::Platform::RiscOS.3
Manifying blib/lib/Module/Build/Cookbook.pm -> blib/libdoc/Module::Build::Cookbook.3
Manifying blib/lib/Module/Build/Platform/darwin.pm -> blib/libdoc/Module::Build::Platform::darwin.3
Manifying blib/lib/Module/Build/Platform/aix.pm -> blib/libdoc/Module::Build::Platform::aix.3
Manifying blib/lib/Module/Build/Platform/os2.pm -> blib/libdoc/Module::Build::Platform::os2.3
Manifying blib/lib/Module/Build/Platform/VMS.pm -> blib/libdoc/Module::Build::Platform::VMS.3
Manifying blib/lib/Module/Build/Base.pm -> blib/libdoc/Module::Build::Base.3
Manifying blib/lib/Module/Build/Compat.pm -> blib/libdoc/Module::Build::Compat.3
Skipping /home/samv/perl/man/man1/config_data.1 (unchanged)
Installing /home/samv/perl/lib/site_perl/5.8.6/Module/Build.pm
Installing /home/samv/perl/lib/site_perl/5.8.6/Module/Build/Base.pm
Installing /home/samv/perl/lib/site_perl/5.8.6/Module/Build/ConfigData.pm
Installing /home/samv/perl/lib/site_perl/5.8.6/Module/Build/PodParser.pm
Installing /home/samv/perl/lib/site_perl/5.8.6/Module/Build/PPMMaker.pm
Installing /home/samv/perl/lib/site_perl/5.8.6/Module/Build/Compat.pm
Installing /home/samv/perl/lib/site_perl/5.8.6/Module/Build/Cookbook.pm
Installing /home/samv/perl/lib/site_perl/5.8.6/Module/Build/Platform/MPEiX.pm
Installing /home/samv/perl/lib/site_perl/5.8.6/Module/Build/Platform/EBCDIC.pm
Installing /home/samv/perl/lib/site_perl/5.8.6/Module/Build/Platform/VMS.pm
Installing /home/samv/perl/lib/site_perl/5.8.6/Module/Build/Platform/VOS.pm
Installing /home/samv/perl/lib/site_perl/5.8.6/Module/Build/Platform/darwin.pm
Installing /home/samv/perl/lib/site_perl/5.8.6/Module/Build/Platform/aix.pm
Installing /home/samv/perl/lib/site_perl/5.8.6/Module/Build/Platform/cygwin.pm
Installing /home/samv/perl/lib/site_perl/5.8.6/Module/Build/Platform/Default.pm
Installing /home/samv/perl/lib/site_perl/5.8.6/Module/Build/Platform/RiscOS.pm
Installing /home/samv/perl/lib/site_perl/5.8.6/Module/Build/Platform/os2.pm
Installing /home/samv/perl/lib/site_perl/5.8.6/Module/Build/Platform/Amiga.pm
Installing /home/samv/perl/lib/site_perl/5.8.6/Module/Build/Platform/Windows.pm
Installing /home/samv/perl/lib/site_perl/5.8.6/Module/Build/Platform/MacOS.pm
Installing /home/samv/perl/lib/site_perl/5.8.6/Module/Build/Platform/Unix.pm
Skipping /home/samv/perl/man/man3/Module::Build.3 (unchanged)
Skipping /home/samv/perl/man/man3/Module::Build::Platform::Amiga.3 (unchanged)
Skipping /home/samv/perl/man/man3/Module::Build::Platform::cygwin.3 (unchanged)
Skipping /home/samv/perl/man/man3/Module::Build::PPMMaker.3 (unchanged)
Skipping /home/samv/perl/man/man3/Module::Build::Platform::Windows.3 (unchanged)
Skipping /home/samv/perl/man/man3/Module::Build::Platform::VMS.3 (unchanged)
Skipping /home/samv/perl/man/man3/Module::Build::Platform::VOS.3 (unchanged)
Skipping /home/samv/perl/man/man3/Module::Build::Platform::darwin.3 (unchanged)
Skipping /home/samv/perl/man/man3/Module::Build::Platform::aix.3 (unchanged)
Skipping /home/samv/perl/man/man3/Module::Build::Platform::os2.3 (unchanged)
Skipping /home/samv/perl/man/man3/Module::Build::Platform::MPEiX.3 (unchanged)
Skipping /home/samv/perl/man/man3/Module::Build::Cookbook.3 (unchanged)
Skipping /home/samv/perl/man/man3/Module::Build::Platform::EBCDIC.3 (unchanged)
Skipping /home/samv/perl/man/man3/Module::Build::Base.3 (unchanged)
Skipping /home/samv/perl/man/man3/Module::Build::Compat.3 (unchanged)
Skipping /home/samv/perl/man/man3/Module::Build::Platform::RiscOS.3 (unchanged)
Skipping /home/samv/perl/man/man3/Module::Build::Platform::MacOS.3 (unchanged)
Skipping /home/samv/perl/man/man3/Module::Build::Platform::Unix.3 (unchanged)
Skipping /home/samv/perl/man/man3/Module::Build::Platform::Default.3 (unchanged)
Skipping /home/samv/perl/man/man3/Module::Build::ConfigData.3 (unchanged)
Skipping /home/samv/perl/bin/config_data (unchanged)
speights:~/perl/cpan/build/Module-Build-0.2606$ 
speights:~/perl/cpan/build/Module-Build-0.2606$ 
speights:~/perl/cpan/build/Module-Build-0.2606$ perl -MCPAN -e'install Module::B
uild
'

speights:~/perl/cpan/build/Module-Build-0.2606$ perl -MModule::Build

speights:~/perl/cpan/build/Module-Build-0.2606$ cpanp

speights:~/perl/cpan/build/Module-Build-0.2606$ cd ../../../cpanplus/build/
speights:~/perl/cpanplus/build$ ls
speights:~/perl/cpanplus/build$ ls
speights:~/perl/cpanplus/build$ cd ..
speights:~/perl/cpanplus$ ls
01mailrc.txt.gz            5.8.6        Pixie-2.08_02.tar.gz
02packages.details.txt.gz  authors      sourcefiles.2.13.stored
03modlist.data.gz          build
5.8.4                      MIRRORED.BY
speights:~/perl/cpanplus$ cpanp
CPANPLUS::Shell::Default -- CPAN exploration and modules installation (v0.050_02)
*** Please report bugs to <cpanplus-bugs@lists.sourceforge.net>.
*** Using CPANPLUS::Backend v0.050_02.  
*** ReadLine support available (try 'i Term::ReadLine::Perl').

CPAN Terminal> i DateTime
Installing DateTime
==> MISSING Signature file! <==
Running [/home/samv/perl/bin/perl Makefile.PL LIB=~/perl/lib INSTALLMAN1DIR=~/perl/man/man1 INSTALLMAN3DIR=~/perl/man/man3]...
Testing if you have a C compiler
cc -c   -D_REENTRANT -D_GNU_SOURCE -DTHREADS_HAVE_PIDS -fno-strict-aliasing -pipe -I/usr/local/include -D_LARGEFILE_SOURCE -D_FILE_OFFSET_BITS=64 -O2   -DVERSION=\"0.24\" -DXS_VERSION=\"0.24\" -fpic "-I/home/samv/perl/lib/5.8.6/i686-linux-thread-multi-64int-ld/CORE"   test.c
Warning: prerequisite DateTime::Locale 0.09 not found.
Warning: prerequisite DateTime::TimeZone 0.26 not found.
Warning: prerequisite Params::Validate 0.76 not found.
Writing Makefile for DateTime

Module 'DateTime' requires 'DateTime::Locale' to be installed

If you don't wish to see this question anymore
you can disable it by entering the following commands on the prompt:
    's conf prereqs 1; s save'

Should I install this module? [Y/n]: 
WARNING: This key is not certified with a trusted signature!
Primary key fingerprint: CFF5 E8DA 6A08 6258 5494  BF99 FB8B 5B4B F9E2 054A
Running [/home/samv/perl/bin/perl Makefile.PL LIB=~/perl/lib INSTALLMAN1DIR=~/perl/man/man1 INSTALLMAN3DIR=~/perl/man/man3]...
# running Build.PL --install_path lib=~/perl/lib config=installman1dir=~/perl/man/man1 config=installman3dir=~/perl/man/man3
/home/samv/perl/bin/perl Build.PL --install_path lib=~/perl/lib config=installman1dir=~/perl/man/man1 config=installman3dir=~/perl/man/man3
 * ERROR: Prerequisite Params::Validate isn't installed
ERRORS/WARNINGS FOUND IN PREREQUISITES.  You may wish to install the versions
 of the modules indicated above before proceeding with this installation.

Checking whether your kit is complete...
Looks good
Creating new 'Build' script for 'DateTime-Locale' version '0.09'

Module 'DateTime::Locale' requires 'Params::Validate' to be installed

If you don't wish to see this question anymore
you can disable it by entering the following commands on the prompt:
    's conf prereqs 1; s save'

Should I install this module? [Y/n]: 
==> MISSING Signature file! <==
Running [/home/samv/perl/bin/perl Makefile.PL LIB=~/perl/lib INSTALLMAN1DIR=~/perl/man/man1 INSTALLMAN3DIR=~/perl/man/man3]...
Testing if you have a C compiler
cc    -c -o test.o test.c

*** NOTE ***

You can safely ignore the warnings below about 'Too late to run
CHECK/INIT blocks'.

*************

Checking if your kit is complete...
Looks good
Writing Makefile for Params::Validate
Running [/usr/bin/make test]...
PERL_DL_NONLAZY=1 /home/samv/perl/bin/perl "-MExtUtils::Command::MM" "-e" "test_harness(0, 'blib/lib', 'blib/arch')" t/*.t
t/01-validate........ok
t/02-noop............ok
t/03-attribute.......ok
t/04-defaults........ok
t/05-noop_default....ok
t/06-options.........ok
t/07-with............ok
t/08-noop_with.......ok
t/09-regex...........ok
t/10-noop_regex......ok
t/11-cb..............ok
t/12-noop_cb.........ok
t/13-taint...........ok
t/14-no_validate.....ok
t/15-case............ok
t/16-normalize.......ok
t/17-callbacks.......ok
t/18-depends.........ok
t/19-untaint.........skipped
        all skipped: These tests require Test::Taint 0.02+ to run
t/21-can.............ok
All tests successful, 1 test skipped.
Files=20, Tests=467,  7 wallclock secs ( 3.16 cusr +  0.38 csys =  3.54 CPU)
Running [/usr/bin/make test]...
/home/samv/perl/bin/perl Build --makefile_env_macros 1 test
t/01basic............ok
        4/3349 skipped: No ICU XML data for some African languages included in DT::Language
t/02iso639-2.........ok
t/03alias............ok
t/04format-length....ok
t/05register.........ok
t/06storable.........ok
t/99-pod.............ok
        1/1 skipped: File::Find::Rule not installed
All tests successful, 5 subtests skipped.
Files=7, Tests=3378, 13 wallclock secs ( 6.42 cusr +  0.33 csys =  6.75 CPU)

Module 'DateTime' requires 'DateTime::TimeZone' to be installed

If you don't wish to see this question anymore
you can disable it by entering the following commands on the prompt:
    's conf prereqs 1; s save'

Should I install this module? [Y/n]: 
WARNING: This key is not certified with a trusted signature!
Primary key fingerprint: 6E6F 1E40 8E80 6724 C116  8028 DCEA F767 342E 89F3
Running [/home/samv/perl/bin/perl Makefile.PL LIB=~/perl/lib INSTALLMAN1DIR=~/perl/man/man1 INSTALLMAN3DIR=~/perl/man/man3]...
# running Build.PL --install_path lib=~/perl/lib config=installman1dir=~/perl/man/man1 config=installman3dir=~/perl/man/man3
/home/samv/perl/bin/perl Build.PL --install_path lib=~/perl/lib config=installman1dir=~/perl/man/man1 config=installman3dir=~/perl/man/man3
 * ERROR: Prerequisite Class::Singleton isn't installed
ERRORS/WARNINGS FOUND IN PREREQUISITES.  You may wish to install the versions
 of the modules indicated above before proceeding with this installation.

Checking whether your kit is complete...
Looks good
Creating new 'Build' script for 'DateTime-TimeZone' version '0.31'

Module 'DateTime::TimeZone' requires 'Class::Singleton' to be installed

If you don't wish to see this question anymore
you can disable it by entering the following commands on the prompt:
    's conf prereqs 1; s save'

