sbuild (Debian sbuild) 0.72.0 (25 Oct 2016) on ip-172-31-12-116.eu-central-1.compute.internal

+==============================================================================+
| libsys-cpuaffinity-perl 1.11-1 (amd64)       Mon, 05 Dec 2016 09:14:27 +0000 |
+==============================================================================+

Package: libsys-cpuaffinity-perl
Version: 1.11-1
Source Version: 1.11-1
Distribution: unstable
Machine Architecture: amd64
Host Architecture: amd64
Build Architecture: amd64

I: NOTICE: Log filtering will replace 'var/lib/schroot/mount/unstable-amd64-sbuild-0270a2f4-e9d4-459c-83a3-56e6c01158d1' with '<<CHROOT>>'

+------------------------------------------------------------------------------+
| Update chroot                                                                |
+------------------------------------------------------------------------------+

Hit:1 http://127.0.0.1:9999/debian unstable InRelease
Reading package lists...
W: No sandbox user '_apt' on the system, can not drop privileges
Reading package lists...
Building dependency tree...
Reading state information...
Calculating upgrade...
0 upgraded, 0 newly installed, 0 to remove and 0 not upgraded.

+------------------------------------------------------------------------------+
| Fetch source files                                                           |
+------------------------------------------------------------------------------+


Local sources
-------------

/tmp/libsys-cpuaffinity-perl_1.11-1.dsc exists in /tmp; copying to chroot
I: NOTICE: Log filtering will replace 'build/libsys-cpuaffinity-perl-bZEnXi/libsys-cpuaffinity-perl-1.11' with '<<PKGBUILDDIR>>'
I: NOTICE: Log filtering will replace 'build/libsys-cpuaffinity-perl-bZEnXi' with '<<BUILDDIR>>'

+------------------------------------------------------------------------------+
| Install build-essential                                                      |
+------------------------------------------------------------------------------+


Setup apt archive
-----------------

Merged Build-Depends: build-essential, fakeroot
Filtered Build-Depends: build-essential, fakeroot
dpkg-deb: building package 'sbuild-build-depends-core-dummy' in '/<<BUILDDIR>>/resolver-RvLmzI/apt_archive/sbuild-build-depends-core-dummy.deb'.
dpkg-scanpackages: warning: Packages in archive but missing from override file:
dpkg-scanpackages: warning:   sbuild-build-depends-core-dummy
dpkg-scanpackages: info: Wrote 1 entries to output Packages file.
Ign:1 copy:/<<BUILDDIR>>/resolver-RvLmzI/apt_archive ./ InRelease
Get:2 copy:/<<BUILDDIR>>/resolver-RvLmzI/apt_archive ./ Release [957 B]
Ign:3 copy:/<<BUILDDIR>>/resolver-RvLmzI/apt_archive ./ Release.gpg
Get:4 copy:/<<BUILDDIR>>/resolver-RvLmzI/apt_archive ./ Sources [349 B]
Get:5 copy:/<<BUILDDIR>>/resolver-RvLmzI/apt_archive ./ Packages [433 B]
Fetched 1739 B in 0s (0 B/s)
Reading package lists...
W: No sandbox user '_apt' on the system, can not drop privileges
Reading package lists...

Install core build dependencies (apt-based resolver)
----------------------------------------------------

Installing build dependencies
Reading package lists...
Building dependency tree...
Reading state information...
The following NEW packages will be installed:
  sbuild-build-depends-core-dummy
0 upgraded, 1 newly installed, 0 to remove and 0 not upgraded.
Need to get 772 B of archives.
After this operation, 0 B of additional disk space will be used.
Get:1 copy:/<<BUILDDIR>>/resolver-RvLmzI/apt_archive ./ sbuild-build-depends-core-dummy 0.invalid.0 [772 B]
debconf: delaying package configuration, since apt-utils is not installed
Fetched 772 B in 0s (0 B/s)
Selecting previously unselected package sbuild-build-depends-core-dummy.
(Reading database ... 9542 files and directories currently installed.)
Preparing to unpack .../sbuild-build-depends-core-dummy_0.invalid.0_amd64.deb ...
Unpacking sbuild-build-depends-core-dummy (0.invalid.0) ...
Setting up sbuild-build-depends-core-dummy (0.invalid.0) ...
W: No sandbox user '_apt' on the system, can not drop privileges

+------------------------------------------------------------------------------+
| Check architectures                                                          |
+------------------------------------------------------------------------------+

Arch check ok (amd64 included in any)

+------------------------------------------------------------------------------+
| Install package build dependencies                                           |
+------------------------------------------------------------------------------+


Setup apt archive
-----------------

Merged Build-Depends: debhelper (>= 9.20120312~), libmodule-build-perl (>= 0.420000), perl
Filtered Build-Depends: debhelper (>= 9.20120312~), libmodule-build-perl (>= 0.420000), perl
dpkg-deb: building package 'sbuild-build-depends-libsys-cpuaffinity-perl-dummy' in '/<<BUILDDIR>>/resolver-RvLmzI/apt_archive/sbuild-build-depends-libsys-cpuaffinity-perl-dummy.deb'.
dpkg-scanpackages: warning: Packages in archive but missing from override file:
dpkg-scanpackages: warning:   sbuild-build-depends-core-dummy sbuild-build-depends-libsys-cpuaffinity-perl-dummy
dpkg-scanpackages: info: Wrote 2 entries to output Packages file.
Ign:1 copy:/<<BUILDDIR>>/resolver-RvLmzI/apt_archive ./ InRelease
Get:2 copy:/<<BUILDDIR>>/resolver-RvLmzI/apt_archive ./ Release [963 B]
Ign:3 copy:/<<BUILDDIR>>/resolver-RvLmzI/apt_archive ./ Release.gpg
Get:4 copy:/<<BUILDDIR>>/resolver-RvLmzI/apt_archive ./ Sources [527 B]
Get:5 copy:/<<BUILDDIR>>/resolver-RvLmzI/apt_archive ./ Packages [607 B]
Fetched 2097 B in 0s (180 kB/s)
Reading package lists...
W: No sandbox user '_apt' on the system, can not drop privileges
Reading package lists...

Install libsys-cpuaffinity-perl build dependencies (apt-based resolver)
-----------------------------------------------------------------------

Installing build dependencies
Reading package lists...
Building dependency tree...
Reading state information...
The following additional packages will be installed:
  autoconf automake autopoint autotools-dev bsdmainutils debhelper
  dh-autoreconf dh-strip-nondeterminism file gettext gettext-base groff-base
  intltool-debian libarchive-zip-perl libbsd0 libcroco3 libffi6
  libfile-stripnondeterminism-perl libglib2.0-0 libicu57 libmagic-mgc
  libmagic1 libmodule-build-perl libncurses5 libpipeline1 libsigsegv2
  libtimedate-perl libtool libunistring0 libxml2 m4 man-db po-debconf
Suggested packages:
  autoconf-archive gnu-standards autoconf-doc wamerican | wordlist whois
  vacation dh-make gettext-doc libasprintf-dev libgettextpo-dev groff
  libtool-doc gfortran | fortran95-compiler gcj-jdk less www-browser
  libmail-box-perl
Recommended packages:
  curl | wget | lynx-cur libglib2.0-data shared-mime-info xdg-user-dirs
  libmodule-signature-perl libpod-readme-perl libsoftware-license-perl libgpm2
  libltdl-dev xml-core libmail-sendmail-perl
The following NEW packages will be installed:
  autoconf automake autopoint autotools-dev bsdmainutils debhelper
  dh-autoreconf dh-strip-nondeterminism file gettext gettext-base groff-base
  intltool-debian libarchive-zip-perl libbsd0 libcroco3 libffi6
  libfile-stripnondeterminism-perl libglib2.0-0 libicu57 libmagic-mgc
  libmagic1 libmodule-build-perl libncurses5 libpipeline1 libsigsegv2
  libtimedate-perl libtool libunistring0 libxml2 m4 man-db po-debconf
  sbuild-build-depends-libsys-cpuaffinity-perl-dummy
0 upgraded, 34 newly installed, 0 to remove and 0 not upgraded.
Need to get 20.3 MB of archives.
After this operation, 68.4 MB of additional disk space will be used.
Get:1 copy:/<<BUILDDIR>>/resolver-RvLmzI/apt_archive ./ sbuild-build-depends-libsys-cpuaffinity-perl-dummy 0.invalid.0 [818 B]
Get:2 http://127.0.0.1:9999/debian unstable/main amd64 groff-base amd64 1.22.3-8 [1162 kB]
Get:3 http://127.0.0.1:9999/debian unstable/main amd64 libbsd0 amd64 0.8.3-1 [83.0 kB]
Get:4 http://127.0.0.1:9999/debian unstable/main amd64 libncurses5 amd64 6.0+20161126-1 [93.4 kB]
Get:5 http://127.0.0.1:9999/debian unstable/main amd64 bsdmainutils amd64 9.0.12 [185 kB]
Get:6 http://127.0.0.1:9999/debian unstable/main amd64 libpipeline1 amd64 1.4.1-2 [27.6 kB]
Get:7 http://127.0.0.1:9999/debian unstable/main amd64 man-db amd64 2.7.5-2 [1001 kB]
Get:8 http://127.0.0.1:9999/debian unstable/main amd64 libmagic-mgc amd64 1:5.29-1 [219 kB]
Get:9 http://127.0.0.1:9999/debian unstable/main amd64 libmagic1 amd64 1:5.29-1 [110 kB]
Get:10 http://127.0.0.1:9999/debian unstable/main amd64 file amd64 1:5.29-1 [63.5 kB]
Get:11 http://127.0.0.1:9999/debian unstable/main amd64 gettext-base amd64 0.19.8.1-1 [121 kB]
Get:12 http://127.0.0.1:9999/debian unstable/main amd64 libicu57 amd64 57.1-5 [7700 kB]
Get:13 http://127.0.0.1:9999/debian unstable/main amd64 libxml2 amd64 2.9.4+dfsg1-2.1 [919 kB]
Get:14 http://127.0.0.1:9999/debian unstable/main amd64 libsigsegv2 amd64 2.10-5 [28.9 kB]
Get:15 http://127.0.0.1:9999/debian unstable/main amd64 m4 amd64 1.4.17-5 [255 kB]
Get:16 http://127.0.0.1:9999/debian unstable/main amd64 autoconf all 2.69-10 [338 kB]
Get:17 http://127.0.0.1:9999/debian unstable/main amd64 autotools-dev all 20161112.1 [73.4 kB]
Get:18 http://127.0.0.1:9999/debian unstable/main amd64 automake all 1:1.15-5 [733 kB]
Get:19 http://127.0.0.1:9999/debian unstable/main amd64 autopoint all 0.19.8.1-1 [433 kB]
Get:20 http://127.0.0.1:9999/debian unstable/main amd64 libtool all 2.4.6-2 [545 kB]
Get:21 http://127.0.0.1:9999/debian unstable/main amd64 dh-autoreconf all 12 [15.8 kB]
Get:22 http://127.0.0.1:9999/debian unstable/main amd64 libarchive-zip-perl all 1.59-1 [95.5 kB]
Get:23 http://127.0.0.1:9999/debian unstable/main amd64 libfile-stripnondeterminism-perl all 0.028-1 [14.6 kB]
Get:24 http://127.0.0.1:9999/debian unstable/main amd64 libtimedate-perl all 2.3000-2 [42.2 kB]
Get:25 http://127.0.0.1:9999/debian unstable/main amd64 dh-strip-nondeterminism all 0.028-1 [9020 B]
Get:26 http://127.0.0.1:9999/debian unstable/main amd64 libffi6 amd64 3.2.1-6 [20.4 kB]
Get:27 http://127.0.0.1:9999/debian unstable/main amd64 libglib2.0-0 amd64 2.50.2-2 [2690 kB]
Get:28 http://127.0.0.1:9999/debian unstable/main amd64 libcroco3 amd64 0.6.11-2 [143 kB]
Get:29 http://127.0.0.1:9999/debian unstable/main amd64 libunistring0 amd64 0.9.6+really0.9.3-0.1 [279 kB]
Get:30 http://127.0.0.1:9999/debian unstable/main amd64 gettext amd64 0.19.8.1-1 [1493 kB]
Get:31 http://127.0.0.1:9999/debian unstable/main amd64 intltool-debian all 0.35.0+20060710.4 [26.3 kB]
Get:32 http://127.0.0.1:9999/debian unstable/main amd64 po-debconf all 1.0.20 [247 kB]
Get:33 http://127.0.0.1:9999/debian unstable/main amd64 debhelper all 10.2.2 [826 kB]
Get:34 http://127.0.0.1:9999/debian unstable/main amd64 libmodule-build-perl all 0.422000-1 [259 kB]
debconf: delaying package configuration, since apt-utils is not installed
Fetched 20.3 MB in 0s (92.9 MB/s)
Selecting previously unselected package groff-base.
(Reading database ... 9542 files and directories currently installed.)
Preparing to unpack .../00-groff-base_1.22.3-8_amd64.deb ...
Unpacking groff-base (1.22.3-8) ...
Selecting previously unselected package libbsd0:amd64.
Preparing to unpack .../01-libbsd0_0.8.3-1_amd64.deb ...
Unpacking libbsd0:amd64 (0.8.3-1) ...
Selecting previously unselected package libncurses5:amd64.
Preparing to unpack .../02-libncurses5_6.0+20161126-1_amd64.deb ...
Unpacking libncurses5:amd64 (6.0+20161126-1) ...
Selecting previously unselected package bsdmainutils.
Preparing to unpack .../03-bsdmainutils_9.0.12_amd64.deb ...
Unpacking bsdmainutils (9.0.12) ...
Selecting previously unselected package libpipeline1:amd64.
Preparing to unpack .../04-libpipeline1_1.4.1-2_amd64.deb ...
Unpacking libpipeline1:amd64 (1.4.1-2) ...
Selecting previously unselected package man-db.
Preparing to unpack .../05-man-db_2.7.5-2_amd64.deb ...
Unpacking man-db (2.7.5-2) ...
Selecting previously unselected package libmagic-mgc.
Preparing to unpack .../06-libmagic-mgc_1%3a5.29-1_amd64.deb ...
Unpacking libmagic-mgc (1:5.29-1) ...
Selecting previously unselected package libmagic1:amd64.
Preparing to unpack .../07-libmagic1_1%3a5.29-1_amd64.deb ...
Unpacking libmagic1:amd64 (1:5.29-1) ...
Selecting previously unselected package file.
Preparing to unpack .../08-file_1%3a5.29-1_amd64.deb ...
Unpacking file (1:5.29-1) ...
Selecting previously unselected package gettext-base.
Preparing to unpack .../09-gettext-base_0.19.8.1-1_amd64.deb ...
Unpacking gettext-base (0.19.8.1-1) ...
Selecting previously unselected package libicu57:amd64.
Preparing to unpack .../10-libicu57_57.1-5_amd64.deb ...
Unpacking libicu57:amd64 (57.1-5) ...
Selecting previously unselected package libxml2:amd64.
Preparing to unpack .../11-libxml2_2.9.4+dfsg1-2.1_amd64.deb ...
Unpacking libxml2:amd64 (2.9.4+dfsg1-2.1) ...
Selecting previously unselected package libsigsegv2:amd64.
Preparing to unpack .../12-libsigsegv2_2.10-5_amd64.deb ...
Unpacking libsigsegv2:amd64 (2.10-5) ...
Selecting previously unselected package m4.
Preparing to unpack .../13-m4_1.4.17-5_amd64.deb ...
Unpacking m4 (1.4.17-5) ...
Selecting previously unselected package autoconf.
Preparing to unpack .../14-autoconf_2.69-10_all.deb ...
Unpacking autoconf (2.69-10) ...
Selecting previously unselected package autotools-dev.
Preparing to unpack .../15-autotools-dev_20161112.1_all.deb ...
Unpacking autotools-dev (20161112.1) ...
Selecting previously unselected package automake.
Preparing to unpack .../16-automake_1%3a1.15-5_all.deb ...
Unpacking automake (1:1.15-5) ...
Selecting previously unselected package autopoint.
Preparing to unpack .../17-autopoint_0.19.8.1-1_all.deb ...
Unpacking autopoint (0.19.8.1-1) ...
Selecting previously unselected package libtool.
Preparing to unpack .../18-libtool_2.4.6-2_all.deb ...
Unpacking libtool (2.4.6-2) ...
Selecting previously unselected package dh-autoreconf.
Preparing to unpack .../19-dh-autoreconf_12_all.deb ...
Unpacking dh-autoreconf (12) ...
Selecting previously unselected package libarchive-zip-perl.
Preparing to unpack .../20-libarchive-zip-perl_1.59-1_all.deb ...
Unpacking libarchive-zip-perl (1.59-1) ...
Selecting previously unselected package libfile-stripnondeterminism-perl.
Preparing to unpack .../21-libfile-stripnondeterminism-perl_0.028-1_all.deb ...
Unpacking libfile-stripnondeterminism-perl (0.028-1) ...
Selecting previously unselected package libtimedate-perl.
Preparing to unpack .../22-libtimedate-perl_2.3000-2_all.deb ...
Unpacking libtimedate-perl (2.3000-2) ...
Selecting previously unselected package dh-strip-nondeterminism.
Preparing to unpack .../23-dh-strip-nondeterminism_0.028-1_all.deb ...
Unpacking dh-strip-nondeterminism (0.028-1) ...
Selecting previously unselected package libffi6:amd64.
Preparing to unpack .../24-libffi6_3.2.1-6_amd64.deb ...
Unpacking libffi6:amd64 (3.2.1-6) ...
Selecting previously unselected package libglib2.0-0:amd64.
Preparing to unpack .../25-libglib2.0-0_2.50.2-2_amd64.deb ...
Unpacking libglib2.0-0:amd64 (2.50.2-2) ...
Selecting previously unselected package libcroco3:amd64.
Preparing to unpack .../26-libcroco3_0.6.11-2_amd64.deb ...
Unpacking libcroco3:amd64 (0.6.11-2) ...
Selecting previously unselected package libunistring0:amd64.
Preparing to unpack .../27-libunistring0_0.9.6+really0.9.3-0.1_amd64.deb ...
Unpacking libunistring0:amd64 (0.9.6+really0.9.3-0.1) ...
Selecting previously unselected package gettext.
Preparing to unpack .../28-gettext_0.19.8.1-1_amd64.deb ...
Unpacking gettext (0.19.8.1-1) ...
Selecting previously unselected package intltool-debian.
Preparing to unpack .../29-intltool-debian_0.35.0+20060710.4_all.deb ...
Unpacking intltool-debian (0.35.0+20060710.4) ...
Selecting previously unselected package po-debconf.
Preparing to unpack .../30-po-debconf_1.0.20_all.deb ...
Unpacking po-debconf (1.0.20) ...
Selecting previously unselected package debhelper.
Preparing to unpack .../31-debhelper_10.2.2_all.deb ...
Unpacking debhelper (10.2.2) ...
Selecting previously unselected package libmodule-build-perl.
Preparing to unpack .../32-libmodule-build-perl_0.422000-1_all.deb ...
Adding 'diversion of /usr/bin/config_data to /usr/bin/config_data.diverted by libmodule-build-perl'
Adding 'diversion of /usr/share/man/man1/config_data.1.gz to /usr/share/man/man1/config_data.diverted.1.gz by libmodule-build-perl'
Unpacking libmodule-build-perl (0.422000-1) ...
Selecting previously unselected package sbuild-build-depends-libsys-cpuaffinity-perl-dummy.
Preparing to unpack .../33-sbuild-build-depends-libsys-cpuaffinity-perl-dummy_0.invalid.0_amd64.deb ...
Unpacking sbuild-build-depends-libsys-cpuaffinity-perl-dummy (0.invalid.0) ...
Setting up libncurses5:amd64 (6.0+20161126-1) ...
Setting up libarchive-zip-perl (1.59-1) ...
Setting up libtimedate-perl (2.3000-2) ...
Setting up libsigsegv2:amd64 (2.10-5) ...
Setting up groff-base (1.22.3-8) ...
Setting up gettext-base (0.19.8.1-1) ...
Setting up libpipeline1:amd64 (1.4.1-2) ...
Setting up m4 (1.4.17-5) ...
Setting up libicu57:amd64 (57.1-5) ...
Setting up libbsd0:amd64 (0.8.3-1) ...
Setting up libxml2:amd64 (2.9.4+dfsg1-2.1) ...
Setting up libmagic-mgc (1:5.29-1) ...
Setting up libmagic1:amd64 (1:5.29-1) ...
Processing triggers for libc-bin (2.24-7) ...
Setting up autotools-dev (20161112.1) ...
Setting up libunistring0:amd64 (0.9.6+really0.9.3-0.1) ...
Setting up libffi6:amd64 (3.2.1-6) ...
Setting up bsdmainutils (9.0.12) ...
update-alternatives: using /usr/bin/bsd-write to provide /usr/bin/write (write) in auto mode
update-alternatives: using /usr/bin/bsd-from to provide /usr/bin/from (from) in auto mode
Setting up libmodule-build-perl (0.422000-1) ...
Setting up autopoint (0.19.8.1-1) ...
Setting up libfile-stripnondeterminism-perl (0.028-1) ...
Setting up libglib2.0-0:amd64 (2.50.2-2) ...
No schema files found: doing nothing.
Setting up autoconf (2.69-10) ...
Setting up file (1:5.29-1) ...
Setting up libcroco3:amd64 (0.6.11-2) ...
Setting up automake (1:1.15-5) ...
update-alternatives: using /usr/bin/automake-1.15 to provide /usr/bin/automake (automake) in auto mode
Setting up man-db (2.7.5-2) ...
Not building database; man-db/auto-update is not 'true'.
Setting up libtool (2.4.6-2) ...
Setting up gettext (0.19.8.1-1) ...
Setting up intltool-debian (0.35.0+20060710.4) ...
Setting up po-debconf (1.0.20) ...
Setting up dh-autoreconf (12) ...
Setting up dh-strip-nondeterminism (0.028-1) ...
Setting up debhelper (10.2.2) ...
Setting up sbuild-build-depends-libsys-cpuaffinity-perl-dummy (0.invalid.0) ...
Processing triggers for libc-bin (2.24-7) ...
W: No sandbox user '_apt' on the system, can not drop privileges

+------------------------------------------------------------------------------+
| Build environment                                                            |
+------------------------------------------------------------------------------+

Kernel: Linux 3.16.0-4-amd64 amd64 (x86_64)
Toolchain package versions: binutils_2.27.51.20161201-1 dpkg-dev_1.18.15 g++-6_6.2.1-5 gcc-6_6.2.1-5 libc6-dev_2.24-7 libstdc++-6-dev_6.2.1-5 libstdc++6_6.2.1-5 linux-libc-dev_4.8.11-1
Package versions: adduser_3.115 apt_1.4~beta1 autoconf_2.69-10 automake_1:1.15-5 autopoint_0.19.8.1-1 autotools-dev_20161112.1 base-files_9.7 base-passwd_3.5.42 bash_4.4-2 binutils_2.27.51.20161201-1 bsdmainutils_9.0.12 bsdutils_1:2.29-1 build-essential_12.2 bzip2_1.0.6-8 coreutils_8.25-2+b1 cpp_4:6.2.1-1 cpp-6_6.2.1-5 dash_0.5.8-2.3 debconf_1.5.59 debfoster_2.7-2.1 debhelper_10.2.2 debian-archive-keyring_2014.3 debianutils_4.8.1 dh-autoreconf_12 dh-strip-nondeterminism_0.028-1 diffutils_1:3.5-1 dpkg_1.18.15 dpkg-dev_1.18.15 e2fslibs_1.43.3-1 e2fsprogs_1.43.3-1 eatmydata_105-5 fakeroot_1.21-3 file_1:5.29-1 findutils_4.6.0+git+20161106-1 g++_4:6.2.1-1 g++-6_6.2.1-5 gcc_4:6.2.1-1 gcc-6_6.2.1-5 gcc-6-base_6.2.1-5 gettext_0.19.8.1-1 gettext-base_0.19.8.1-1 gpgv_2.1.16-2 grep_2.26-1 groff-base_1.22.3-8 gzip_1.6-5 hostname_3.18 init-system-helpers_1.46 intltool-debian_0.35.0+20060710.4 libacl1_2.2.52-3 libapt-pkg5.0_1.4~beta1 libarchive-zip-perl_1.59-1 libasan3_6.2.1-5 libatomic1_6.2.1-5 libattr1_1:2.4.47-2 libaudit-common_1:2.6.7-1 libaudit1_1:2.6.7-1 libblkid1_2.29-1 libbsd0_0.8.3-1 libbz2-1.0_1.0.6-8 libc-bin_2.24-7 libc-dev-bin_2.24-7 libc6_2.24-7 libc6-dev_2.24-7 libcap-ng0_0.7.7-3 libcc1-0_6.2.1-5 libcilkrts5_6.2.1-5 libcomerr2_1.43.3-1 libcroco3_0.6.11-2 libdb5.3_5.3.28-12 libdebconfclient0_0.219 libdpkg-perl_1.18.15 libeatmydata1_105-5 libfakeroot_1.21-3 libfdisk1_2.29-1 libffi6_3.2.1-6 libfile-stripnondeterminism-perl_0.028-1 libgc1c2_1:7.4.2-8 libgcc-6-dev_6.2.1-5 libgcc1_1:6.2.1-5 libgcrypt20_1.7.3-2 libgdbm3_1.8.3-14 libglib2.0-0_2.50.2-2 libgmp10_2:6.1.1+dfsg-1 libgomp1_6.2.1-5 libgpg-error0_1.25-1 libicu57_57.1-5 libisl15_0.17.1-1 libitm1_6.2.1-5 liblsan0_6.2.1-5 liblz4-1_0.0~r131-2 liblzma5_5.2.2-1.2 libmagic-mgc_1:5.29-1 libmagic1_1:5.29-1 libmodule-build-perl_0.422000-1 libmount1_2.29-1 libmpc3_1.0.3-1 libmpfr4_3.1.5-1 libmpx2_6.2.1-5 libncurses5_6.0+20161126-1 libncursesw5_6.0+20161126-1 libpam-modules_1.1.8-3.3 libpam-modules-bin_1.1.8-3.3 libpam-runtime_1.1.8-3.3 libpam0g_1.1.8-3.3 libpcre3_2:8.39-2 libperl5.24_5.24.1~rc4-1 libpipeline1_1.4.1-2 libquadmath0_6.2.1-5 libselinux1_2.6-3 libsemanage-common_2.6-1 libsemanage1_2.6-1 libsepol1_2.6-2 libsigsegv2_2.10-5 libsmartcols1_2.29-1 libss2_1.43.3-1 libstdc++-6-dev_6.2.1-5 libstdc++6_6.2.1-5 libsystemd0_232-7 libtimedate-perl_2.3000-2 libtinfo5_6.0+20161126-1 libtool_2.4.6-2 libtsan0_6.2.1-5 libubsan0_6.2.1-5 libudev1_232-7 libunistring0_0.9.6+really0.9.3-0.1 libustr-1.0-1_1.0.4-6 libuuid1_2.29-1 libxml2_2.9.4+dfsg1-2.1 linux-libc-dev_4.8.11-1 login_1:4.2-3.3 m4_1.4.17-5 make_4.1-9 man-db_2.7.5-2 mawk_1.3.3-17 mount_2.29-1 multiarch-support_2.24-7 ncurses-base_6.0+20161126-1 ncurses-bin_6.0+20161126-1 passwd_1:4.2-3.3 patch_2.7.5-1 perl_5.24.1~rc4-1 perl-base_5.24.1~rc4-1 perl-modules-5.24_5.24.1~rc4-1 po-debconf_1.0.20 sbuild-build-depends-core-dummy_0.invalid.0 sbuild-build-depends-libsys-cpuaffinity-perl-dummy_0.invalid.0 sed_4.2.2-8 sensible-utils_0.0.9 sysvinit-utils_2.88dsf-59.8 tar_1.29b-1.1 util-linux_2.29-1 xz-utils_5.2.2-1.2 zlib1g_1:1.2.8.dfsg-2+b3

+------------------------------------------------------------------------------+
| Build                                                                        |
+------------------------------------------------------------------------------+


Unpack source
-------------

gpgv: unknown type of key resource 'trustedkeys.kbx'
gpgv: keyblock resource '/sbuild-nonexistent/.gnupg/trustedkeys.kbx': General error
gpgv: Signature made Mon Nov 28 23:19:26 2016 UTC
gpgv:                using RSA key D1E1316E93A760A8104D85FABB3A68018649AA06
gpgv: Can't check signature: No public key
dpkg-source: warning: failed to verify signature on ./libsys-cpuaffinity-perl_1.11-1.dsc
dpkg-source: info: extracting libsys-cpuaffinity-perl in /<<PKGBUILDDIR>>
dpkg-source: info: unpacking libsys-cpuaffinity-perl_1.11.orig.tar.gz
dpkg-source: info: unpacking libsys-cpuaffinity-perl_1.11-1.debian.tar.xz

Check disk space
----------------

Sufficient free space for build

User Environment
----------------

APT_CONFIG=/var/lib/sbuild/apt.conf
HOME=/sbuild-nonexistent
LC_ALL=POSIX
LOGNAME=root
PATH=/usr/local/sbin:/usr/local/bin:/usr/sbin:/usr/bin:/sbin:/bin
SCHROOT_ALIAS_NAME=unstable-amd64-sbuild
SCHROOT_CHROOT_NAME=unstable-amd64-sbuild
SCHROOT_COMMAND=env
SCHROOT_GID=0
SCHROOT_GROUP=root
SCHROOT_SESSION_ID=unstable-amd64-sbuild-0270a2f4-e9d4-459c-83a3-56e6c01158d1
SCHROOT_UID=0
SCHROOT_USER=root
SHELL=/bin/sh
TERM=xterm
USER=root

dpkg-buildpackage
-----------------

dpkg-buildpackage: warning: using a gain-root-command while being root
dpkg-buildpackage: info: source package libsys-cpuaffinity-perl
dpkg-buildpackage: info: source version 1.11-1
dpkg-buildpackage: info: source distribution unstable
dpkg-buildpackage: info: source changed by gregor herrmann <gregoa@debian.org>
 dpkg-source --before-build libsys-cpuaffinity-perl-1.11
dpkg-buildpackage: info: host architecture amd64
 fakeroot debian/rules clean
dh clean
   dh_testdir
   dh_auto_clean
   dh_clean
 dpkg-source -b libsys-cpuaffinity-perl-1.11
dpkg-source: info: using source format '3.0 (quilt)'
dpkg-source: info: building libsys-cpuaffinity-perl using existing ./libsys-cpuaffinity-perl_1.11.orig.tar.gz
dpkg-source: info: building libsys-cpuaffinity-perl in libsys-cpuaffinity-perl_1.11-1.debian.tar.xz
dpkg-source: info: building libsys-cpuaffinity-perl in libsys-cpuaffinity-perl_1.11-1.dsc
 debian/rules build
dh build
   dh_testdir
   dh_update_autotools_config
   dh_auto_configure
	perl -I. Build.PL --installdirs vendor --config "optimize=-g -O2 -fdebug-prefix-map=/<<PKGBUILDDIR>>=. -fstack-protector-strong -Wformat -Werror=format-security -Wdate-time -D_FORTIFY_SOURCE=2" --config "ld=x86_64-linux-gnu-gcc -g -O2 -fdebug-prefix-map=/<<PKGBUILDDIR>>=. -fstack-protector-strong -Wformat -Werror=format-security -Wl,-z,relro -Wl,-z,now"


Created MYMETA.yml and MYMETA.json
Creating new 'Build' script for 'Sys-CpuAffinity' version '1.11'
   dh_auto_build
	perl Build
x86_64-linux-gnu-gcc -I/usr/lib/x86_64-linux-gnu/perl/5.24/CORE -DVERSION="1.11" -DXS_VERSION="1.11" -fPIC -c -D_REENTRANT -D_GNU_SOURCE -DDEBIAN -fwrapv -fno-strict-aliasing -pipe -I/usr/local/include -D_LARGEFILE_SOURCE -D_FILE_OFFSET_BITS=64 -g -O2 -fdebug-prefix-map=/<<PKGBUILDDIR>>=. -fstack-protector-strong -Wformat -Werror=format-security -g -O2 -fdebug-prefix-map=/<<PKGBUILDDIR>>=. -fstack-protector-strong -Wformat -Werror=format-security -Wdate-time -D_FORTIFY_SOURCE=2 -o lib/xs/cpusetGetCPUCount.o lib/xs/cpusetGetCPUCount.c
lib/xs/cpusetGetCPUCount.xs:5:20: fatal error: cpuset.h: No such file or directory
 #include <cpuset.h>
                    ^
compilation terminated.


Failed to compile lib/xs/cpusetGetCPUCount.xs

x86_64-linux-gnu-gcc -I/usr/lib/x86_64-linux-gnu/perl/5.24/CORE -DVERSION="1.11" -DXS_VERSION="1.11" -fPIC -c -D_REENTRANT -D_GNU_SOURCE -DDEBIAN -fwrapv -fno-strict-aliasing -pipe -I/usr/local/include -D_LARGEFILE_SOURCE -D_FILE_OFFSET_BITS=64 -g -O2 -fdebug-prefix-map=/<<PKGBUILDDIR>>=. -fstack-protector-strong -Wformat -Werror=format-security -g -O2 -fdebug-prefix-map=/<<PKGBUILDDIR>>=. -fstack-protector-strong -Wformat -Werror=format-security -Wdate-time -D_FORTIFY_SOURCE=2 -o lib/xs/fortytwo.o lib/xs/fortytwo.c
ExtUtils::Mkbootstrap::Mkbootstrap('blib/arch/auto/xs/fortytwo/fortytwo.bs')
x86_64-linux-gnu-gcc -g -O2 -fdebug-prefix-map=/<<PKGBUILDDIR>>=. -fstack-protector-strong -Wformat -Werror=format-security -Wl,-z,relro -Wl,-z,now -shared -L/usr/local/lib -fstack-protector-strong -o blib/arch/auto/xs/fortytwo/fortytwo.so lib/xs/fortytwo.o


---------------
Successfully compiled lib/xs/fortytwo.xs
---------------

x86_64-linux-gnu-gcc -I/usr/lib/x86_64-linux-gnu/perl/5.24/CORE -DVERSION="1.11" -DXS_VERSION="1.11" -fPIC -c -D_REENTRANT -D_GNU_SOURCE -DDEBIAN -fwrapv -fno-strict-aliasing -pipe -I/usr/local/include -D_LARGEFILE_SOURCE -D_FILE_OFFSET_BITS=64 -g -O2 -fdebug-prefix-map=/<<PKGBUILDDIR>>=. -fstack-protector-strong -Wformat -Werror=format-security -g -O2 -fdebug-prefix-map=/<<PKGBUILDDIR>>=. -fstack-protector-strong -Wformat -Werror=format-security -Wdate-time -D_FORTIFY_SOURCE=2 -o lib/xs/freebsd_cpuset.o lib/xs/freebsd_cpuset.c
lib/xs/freebsd_cpuset.xs:6:24: fatal error: sys/cpuset.h: No such file or directory
 #include <sys/cpuset.h>
                        ^
compilation terminated.


Failed to compile lib/xs/freebsd_cpuset.xs

x86_64-linux-gnu-gcc -I/usr/lib/x86_64-linux-gnu/perl/5.24/CORE -DVERSION="1.11" -DXS_VERSION="1.11" -fPIC -c -D_REENTRANT -D_GNU_SOURCE -DDEBIAN -fwrapv -fno-strict-aliasing -pipe -I/usr/local/include -D_LARGEFILE_SOURCE -D_FILE_OFFSET_BITS=64 -g -O2 -fdebug-prefix-map=/<<PKGBUILDDIR>>=. -fstack-protector-strong -Wformat -Werror=format-security -g -O2 -fdebug-prefix-map=/<<PKGBUILDDIR>>=. -fstack-protector-strong -Wformat -Werror=format-security -Wdate-time -D_FORTIFY_SOURCE=2 -o lib/xs/irix_sysmp.o lib/xs/irix_sysmp.c
lib/xs/irix_sysmp.xs:7:23: fatal error: sys/sysmp.h: No such file or directory
 #include <sys/sysmp.h>
                       ^
compilation terminated.


Failed to compile lib/xs/irix_sysmp.xs

x86_64-linux-gnu-gcc -I/usr/lib/x86_64-linux-gnu/perl/5.24/CORE -DVERSION="1.11" -DXS_VERSION="1.11" -fPIC -c -D_REENTRANT -D_GNU_SOURCE -DDEBIAN -fwrapv -fno-strict-aliasing -pipe -I/usr/local/include -D_LARGEFILE_SOURCE -D_FILE_OFFSET_BITS=64 -g -O2 -fdebug-prefix-map=/<<PKGBUILDDIR>>=. -fstack-protector-strong -Wformat -Werror=format-security -g -O2 -fdebug-prefix-map=/<<PKGBUILDDIR>>=. -fstack-protector-strong -Wformat -Werror=format-security -Wdate-time -D_FORTIFY_SOURCE=2 -o lib/xs/linux-sched_getaffinity.o lib/xs/linux-sched_getaffinity.c
lib/xs/linux-sched_getaffinity.xs: In function 'XS_Sys__CpuAffinity_xs_sched_getaffinity_get_affinity':
lib/xs/linux-sched_getaffinity.xs:50:75: warning: format '%p' expects argument of type 'void *', but argument 6 has type 'int' [-Wformat=]
     if(debug_flag) fprintf(stderr,"getaffinity1 pid=%d size=%d %d cpuset=%p\n",
                                                                           ^
lib/xs/linux-sched_getaffinity.xs:50:35: warning: too many arguments for format [-Wformat-extra-args]
     if(debug_flag) fprintf(stderr,"getaffinity1 pid=%d size=%d %d cpuset=%p\n",
                                   ^~~~~~~~~~~~~~~~~~~~~~~~~~~~~~~~~~~~~~~~~~~~
ExtUtils::Mkbootstrap::Mkbootstrap('blib/arch/auto/xs/linux-sched_getaffinity/linux-sched_getaffinity.bs')
x86_64-linux-gnu-gcc -g -O2 -fdebug-prefix-map=/<<PKGBUILDDIR>>=. -fstack-protector-strong -Wformat -Werror=format-security -Wl,-z,relro -Wl,-z,now -shared -L/usr/local/lib -fstack-protector-strong -o blib/arch/auto/xs/linux-sched_getaffinity/linux-sched_getaffinity.so lib/xs/linux-sched_getaffinity.o


---------------
Successfully compiled lib/xs/linux-sched_getaffinity.xs
---------------

x86_64-linux-gnu-gcc -I/usr/lib/x86_64-linux-gnu/perl/5.24/CORE -DVERSION="1.11" -DXS_VERSION="1.11" -fPIC -c -D_REENTRANT -D_GNU_SOURCE -DDEBIAN -fwrapv -fno-strict-aliasing -pipe -I/usr/local/include -D_LARGEFILE_SOURCE -D_FILE_OFFSET_BITS=64 -g -O2 -fdebug-prefix-map=/<<PKGBUILDDIR>>=. -fstack-protector-strong -Wformat -Werror=format-security -g -O2 -fdebug-prefix-map=/<<PKGBUILDDIR>>=. -fstack-protector-strong -Wformat -Werror=format-security -Wdate-time -D_FORTIFY_SOURCE=2 -o lib/xs/linux-sched_setaffinity.o lib/xs/linux-sched_setaffinity.c
ExtUtils::Mkbootstrap::Mkbootstrap('blib/arch/auto/xs/linux-sched_setaffinity/linux-sched_setaffinity.bs')
x86_64-linux-gnu-gcc -g -O2 -fdebug-prefix-map=/<<PKGBUILDDIR>>=. -fstack-protector-strong -Wformat -Werror=format-security -Wl,-z,relro -Wl,-z,now -shared -L/usr/local/lib -fstack-protector-strong -o blib/arch/auto/xs/linux-sched_setaffinity/linux-sched_setaffinity.so lib/xs/linux-sched_setaffinity.o


---------------
Successfully compiled lib/xs/linux-sched_setaffinity.xs
---------------

x86_64-linux-gnu-gcc -I/usr/lib/x86_64-linux-gnu/perl/5.24/CORE -DVERSION="1.11" -DXS_VERSION="1.11" -fPIC -c -D_REENTRANT -D_GNU_SOURCE -DDEBIAN -fwrapv -fno-strict-aliasing -pipe -I/usr/local/include -D_LARGEFILE_SOURCE -D_FILE_OFFSET_BITS=64 -g -O2 -fdebug-prefix-map=/<<PKGBUILDDIR>>=. -fstack-protector-strong -Wformat -Werror=format-security -g -O2 -fdebug-prefix-map=/<<PKGBUILDDIR>>=. -fstack-protector-strong -Wformat -Werror=format-security -Wdate-time -D_FORTIFY_SOURCE=2 -o lib/xs/pthread_affinity_np.o lib/xs/pthread_affinity_np.c
lib/xs/pthread_affinity_np.xs: In function 'XS_Sys__CpuAffinity_xs_pthread_self_getaffinity':
lib/xs/pthread_affinity_np.xs:69:11: error: 'affinity' undeclared (first use in this function)
  RETVAL = affinity;
           ^~~~~~~~
lib/xs/pthread_affinity_np.xs:69:11: note: each undeclared identifier is reported only once for each function it appears in
lib/xs/pthread_affinity_np.xs: In function 'XS_Sys__CpuAffinity_xs_pthread_self_setaffinity':
lib/xs/pthread_affinity_np.xs:116:11: error: 'result' undeclared (first use in this function)
  RETVAL = result;
           ^~~~~~


Failed to compile lib/xs/pthread_affinity_np.xs

x86_64-linux-gnu-gcc -I/usr/lib/x86_64-linux-gnu/perl/5.24/CORE -DVERSION="1.11" -DXS_VERSION="1.11" -fPIC -c -D_REENTRANT -D_GNU_SOURCE -DDEBIAN -fwrapv -fno-strict-aliasing -pipe -I/usr/local/include -D_LARGEFILE_SOURCE -D_FILE_OFFSET_BITS=64 -g -O2 -fdebug-prefix-map=/<<PKGBUILDDIR>>=. -fstack-protector-strong -Wformat -Werror=format-security -g -O2 -fdebug-prefix-map=/<<PKGBUILDDIR>>=. -fstack-protector-strong -Wformat -Werror=format-security -Wdate-time -D_FORTIFY_SOURCE=2 -o lib/xs/solaris_processor_affinity.o lib/xs/solaris_processor_affinity.c
lib/xs/solaris_processor_affinity.xs:6:27: fatal error: sys/processor.h: No such file or directory
 #include <sys/processor.h>
                           ^
compilation terminated.


Failed to compile lib/xs/solaris_processor_affinity.xs

Error: Cannot parse function definition from '  xs_getaffinity_processor_bind(pid,mask)' in solaris_processor_bind.xs, line 134
x86_64-linux-gnu-gcc -I/usr/lib/x86_64-linux-gnu/perl/5.24/CORE -DVERSION="1.11" -DXS_VERSION="1.11" -fPIC -c -D_REENTRANT -D_GNU_SOURCE -DDEBIAN -fwrapv -fno-strict-aliasing -pipe -I/usr/local/include -D_LARGEFILE_SOURCE -D_FILE_OFFSET_BITS=64 -g -O2 -fdebug-prefix-map=/<<PKGBUILDDIR>>=. -fstack-protector-strong -Wformat -Werror=format-security -g -O2 -fdebug-prefix-map=/<<PKGBUILDDIR>>=. -fstack-protector-strong -Wformat -Werror=format-security -Wdate-time -D_FORTIFY_SOURCE=2 -o lib/xs/solaris_processor_bind.o lib/xs/solaris_processor_bind.c
lib/xs/solaris_processor_bind.xs:6:27: fatal error: sys/processor.h: No such file or directory
 #include <sys/processor.h>
                           ^
compilation terminated.


Failed to compile lib/xs/solaris_processor_bind.xs

x86_64-linux-gnu-gcc -I/usr/lib/x86_64-linux-gnu/perl/5.24/CORE -DVERSION="1.11" -DXS_VERSION="1.11" -fPIC -c -D_REENTRANT -D_GNU_SOURCE -DDEBIAN -fwrapv -fno-strict-aliasing -pipe -I/usr/local/include -D_LARGEFILE_SOURCE -D_FILE_OFFSET_BITS=64 -g -O2 -fdebug-prefix-map=/<<PKGBUILDDIR>>=. -fstack-protector-strong -Wformat -Werror=format-security -g -O2 -fdebug-prefix-map=/<<PKGBUILDDIR>>=. -fstack-protector-strong -Wformat -Werror=format-security -Wdate-time -D_FORTIFY_SOURCE=2 -o lib/xs/win32_processaffinity.o lib/xs/win32_processaffinity.c
lib/xs/win32_processaffinity.xs:5:21: fatal error: windows.h: No such file or directory
 #include <windows.h>
                     ^
compilation terminated.


Failed to compile lib/xs/win32_processaffinity.xs

x86_64-linux-gnu-gcc -I/usr/lib/x86_64-linux-gnu/perl/5.24/CORE -DVERSION="1.11" -DXS_VERSION="1.11" -fPIC -c -D_REENTRANT -D_GNU_SOURCE -DDEBIAN -fwrapv -fno-strict-aliasing -pipe -I/usr/local/include -D_LARGEFILE_SOURCE -D_FILE_OFFSET_BITS=64 -g -O2 -fdebug-prefix-map=/<<PKGBUILDDIR>>=. -fstack-protector-strong -Wformat -Werror=format-security -g -O2 -fdebug-prefix-map=/<<PKGBUILDDIR>>=. -fstack-protector-strong -Wformat -Werror=format-security -Wdate-time -D_FORTIFY_SOURCE=2 -o lib/xs/win32_system_info.o lib/xs/win32_system_info.c
lib/xs/win32_system_info.xs:6:28: fatal error: w32api/windows.h: No such file or directory
 #include <w32api/windows.h>
                            ^
compilation terminated.


Failed to compile lib/xs/win32_system_info.xs

x86_64-linux-gnu-gcc -I/usr/lib/x86_64-linux-gnu/perl/5.24/CORE -DVERSION="1.11" -DXS_VERSION="1.11" -fPIC -c -D_REENTRANT -D_GNU_SOURCE -DDEBIAN -fwrapv -fno-strict-aliasing -pipe -I/usr/local/include -D_LARGEFILE_SOURCE -D_FILE_OFFSET_BITS=64 -g -O2 -fdebug-prefix-map=/<<PKGBUILDDIR>>=. -fstack-protector-strong -Wformat -Werror=format-security -g -O2 -fdebug-prefix-map=/<<PKGBUILDDIR>>=. -fstack-protector-strong -Wformat -Werror=format-security -Wdate-time -D_FORTIFY_SOURCE=2 -o lib/xs/win32_system_info_alt.o lib/xs/win32_system_info_alt.c
lib/xs/win32_system_info_alt.xs:6:21: fatal error: windows.h: No such file or directory
 #include <windows.h>
                     ^
compilation terminated.


Failed to compile lib/xs/win32_system_info_alt.xs

x86_64-linux-gnu-gcc -I/usr/lib/x86_64-linux-gnu/perl/5.24/CORE -DVERSION="1.11" -DXS_VERSION="1.11" -fPIC -c -D_REENTRANT -D_GNU_SOURCE -DDEBIAN -fwrapv -fno-strict-aliasing -pipe -I/usr/local/include -D_LARGEFILE_SOURCE -D_FILE_OFFSET_BITS=64 -g -O2 -fdebug-prefix-map=/<<PKGBUILDDIR>>=. -fstack-protector-strong -Wformat -Werror=format-security -g -O2 -fdebug-prefix-map=/<<PKGBUILDDIR>>=. -fstack-protector-strong -Wformat -Werror=format-security -Wdate-time -D_FORTIFY_SOURCE=2 -o lib/xs/win32_threadaffinity.o lib/xs/win32_threadaffinity.c
lib/xs/win32_threadaffinity.xs:5:21: fatal error: windows.h: No such file or directory
 #include <windows.h>
                     ^
compilation terminated.


Failed to compile lib/xs/win32_threadaffinity.xs

======================================
Successfully compiled:

	lib/xs/fortytwo.xs
	lib/xs/linux-sched_getaffinity.xs
	lib/xs/linux-sched_setaffinity.xs
======================================
Incorporating contrib/ok/fortytwo.xs into lib/Sys/CpuAffinity.xs
Incorporating contrib/ok/linux-sched_getaffinity.xs into lib/Sys/CpuAffinity.xs
Incorporating contrib/ok/linux-sched_setaffinity.xs into lib/Sys/CpuAffinity.xs

x86_64-linux-gnu-gcc -I/usr/lib/x86_64-linux-gnu/perl/5.24/CORE -DVERSION="1.11" -DXS_VERSION="1.11" -fPIC -c -D_REENTRANT -D_GNU_SOURCE -DDEBIAN -fwrapv -fno-strict-aliasing -pipe -I/usr/local/include -D_LARGEFILE_SOURCE -D_FILE_OFFSET_BITS=64 -g -O2 -fdebug-prefix-map=/<<PKGBUILDDIR>>=. -fstack-protector-strong -Wformat -Werror=format-security -g -O2 -fdebug-prefix-map=/<<PKGBUILDDIR>>=. -fstack-protector-strong -Wformat -Werror=format-security -Wdate-time -D_FORTIFY_SOURCE=2 -o lib/Sys/CpuAffinity.o lib/Sys/CpuAffinity.c
lib/Sys/CpuAffinity.xs: In function 'XS_Sys__CpuAffinity_xs_sched_getaffinity_get_affinity':
lib/Sys/CpuAffinity.xs:84:75: warning: format '%p' expects argument of type 'void *', but argument 6 has type 'int' [-Wformat=]
     if(debug_flag) fprintf(stderr,"getaffinity1 pid=%d size=%d %d cpuset=%p\n",
                                                                           ^
lib/Sys/CpuAffinity.xs:84:35: warning: too many arguments for format [-Wformat-extra-args]
     if(debug_flag) fprintf(stderr,"getaffinity1 pid=%d size=%d %d cpuset=%p\n",
                                   ^~~~~~~~~~~~~~~~~~~~~~~~~~~~~~~~~~~~~~~~~~~~
ExtUtils::Mkbootstrap::Mkbootstrap('blib/arch/auto/Sys/CpuAffinity/CpuAffinity.bs')
x86_64-linux-gnu-gcc -g -O2 -fdebug-prefix-map=/<<PKGBUILDDIR>>=. -fstack-protector-strong -Wformat -Werror=format-security -Wl,-z,relro -Wl,-z,now -shared -L/usr/local/lib -fstack-protector-strong -o blib/arch/auto/Sys/CpuAffinity/CpuAffinity.so lib/Sys/CpuAffinity.o
Building Sys-CpuAffinity
   dh_auto_test
	perl Build test --verbose 1
Checking if compiler tools configured... ok.
# Testing Sys::CpuAffinity 1.11, Perl 5.024001, /usr/bin/perl, linux
t/00-load.t .......... 
1..1
ok 1 - use Sys::CpuAffinity;
ok


System configuration
====================
$^O = linux; $] = 5.024001
$ENV{AUTOMATED_TESTING} = 
Defined XS functions:
	xs_fortytwo
	xs_sched_getaffinity_get_affinity
	xs_sched_setaffinity_set_affinity

module Win32::API: not available
module Win32::Process: not available
module BSD::Process::Affinity: not available
bindprocessor: not found
dmesg available at: /bin/dmesg
sysctl: not found
psrinfo: not found
hinv: not found
hwprefs: not found
lsdev: not found
system_profiler: not found
prtconf: not found
taskset available at: /usr/bin/taskset
pbind: not found
cpuset: not found

t/02-available.t ..... 
1..1
ok 1
ok

#   Failed test 'bind to all processors successful 18446744073709551615 == 18446744073709551616-1'
#   at t/10-exercise.t line 54.
getAffinity() is 18446744073709551615, expected 18446744073709551615
comp1 = 
comp2 = 1

#   Failed test 'setAffinity(-1) binds to all processors'
#   at t/10-exercise.t line 95.
getAffinity() after setAffinity(-1) is 18446744073709551615, expected 18446744073709551615
comp1 = 
comp2 = 1
result: -1 3 ESRCH
result: -1 3 ESRCH
Sys::CpuAffinity: invalid mask 0 in call to setAffinty
 at t/10-exercise.t line 110.
Sys::CpuAffinity: mask 18446744073709551616 is not valid for system with 64 processors.
 at t/10-exercise.t line 111.
# Looks like you failed 2 tests of 14.
t/10-exercise.t ...... 
1..14
ok 1 - discovered 64 processors
ok 2 - got current process affinity 18446744073709551615
ok 3 - simple setCpuAffinity returned non-zero
ok 4 - setCpuAffinity set affinity to 1152921504606846976 == 1152921504606846976 != 18446744073709551615
ok 5 - clear simple setCpuAffinity returned non-zero
not ok 6 - bind to all processors successful 18446744073709551615 == 18446744073709551616-1
ok 7 - complex setCpuAffinity returned non-zero
ok 8 - setCpuAffinity set affinity to 10014952803442098177 == 0x8afc428363780001 != 18446744073709551615
ok 9 - setAffinity(-1) returned non-zero
not ok 10 - setAffinity(-1) binds to all processors
ok 11 - passing invalid args to getAffinity, setAffinity fails
ok 12 - got pseudo-proc affinity 18446744073709551615
ok 13 - set pseudo-proc affinity non-zero result 1
ok 14 - set pseudo-proc affinity to 280384188868395009 == 280384188868395009 != 18446744073709551615
Dubious, test returned 2 (wstat 512, 0x200)
Failed 2/14 subtests 


=================================================
Num processors =
    bindprocessor                  - 0 -
    BSD_Process_Affinity           - 0 -
    dmesg_bsd                      - 0 -
    dmesg_solaris                  - 0 -
    ENV                            - 0 -
    hinv                           - 0 -
    hwprefs                        - 0 -
    lsdev                          - 0 -
    proc_cpuinfo                   - 64 -
    proc_stat                      - 64 -
    prtconf                        - 0 -
    psrinfo                        - 0 -
    sysctl                         - 0 -
    sysctl_freebsd                 - 0 -
    system_profiler                - 0 -
    taskset                        - 64 -
    Test_Smoke_SysInfo             - 0 -
    Win32API_System_Info           - 0 -
    xs_cpusetGetCPUCount           - 0 -
    xs_solaris                     - 0 -
    xs_Win32API_System_Info        - 0 -


===============================================
Current affinity = 
    BSD_Process_Affinity           ==> 0
    cpuset                         ==> 0
    pbind                          ==> 0
    psaix                          ==> 0
    taskset                        ==> 18446744073709551615
    Win32API                       ==> 0
    Win32Process                   ==> 0
    xs_DEBUG_sched_getaffinity     ==> ---
diag CPU_SETSIZE=1024
diag sizeof(__cpu_mask)=8
diag __NCPUBITS=64
diag sizeof(cpu_set_t)=128
diag sizeof(pid_t)=4
getaffinity0
getaffinity1 pid=87461 size=1024 128 cpuset=0x40
getaffinity2 ncpus=64
getaffinity5
getaffinity6 i=0 r=0
getaffinity8 add 0 to mask
getaffinity6 i=1 r=1
getaffinity8 add 1 to mask
getaffinity6 i=2 r=1
getaffinity8 add 2 to mask
getaffinity6 i=3 r=1
getaffinity8 add 3 to mask
getaffinity6 i=4 r=1
getaffinity8 add 4 to mask
getaffinity6 i=5 r=1
getaffinity8 add 5 to mask
getaffinity6 i=6 r=1
getaffinity8 add 6 to mask
getaffinity6 i=7 r=1
getaffinity8 add 7 to mask
getaffinity6 i=8 r=1
getaffinity8 add 8 to mask
getaffinity6 i=9 r=1
getaffinity8 add 9 to mask
getaffinity6 i=10 r=1
getaffinity8 add 10 to mask
getaffinity6 i=11 r=1
getaffinity8 add 11 to mask
getaffinity6 i=12 r=1
getaffinity8 add 12 to mask
getaffinity6 i=13 r=1
getaffinity8 add 13 to mask
getaffinity6 i=14 r=1
getaffinity8 add 14 to mask
getaffinity6 i=15 r=1
getaffinity8 add 15 to mask
getaffinity6 i=16 r=1
getaffinity8 add 16 to mask
getaffinity6 i=17 r=1
getaffinity8 add 17 to mask
getaffinity6 i=18 r=1
getaffinity8 add 18 to mask
getaffinity6 i=19 r=1
getaffinity8 add 19 to mask
getaffinity6 i=20 r=1
getaffinity8 add 20 to mask
getaffinity6 i=21 r=1
getaffinity8 add 21 to mask
getaffinity6 i=22 r=1
getaffinity8 add 22 to mask
getaffinity6 i=23 r=1
getaffinity8 add 23 to mask
getaffinity6 i=24 r=1
getaffinity8 add 24 to mask
getaffinity6 i=25 r=1
getaffinity8 add 25 to mask
getaffinity6 i=26 r=1
getaffinity8 add 26 to mask
getaffinity6 i=27 r=1
getaffinity8 add 27 to mask
getaffinity6 i=28 r=1
getaffinity8 add 28 to mask
getaffinity6 i=29 r=1
getaffinity8 add 29 to mask
getaffinity6 i=30 r=1
getaffinity8 add 30 to mask
getaffinity6 i=31 r=1
getaffinity8 add 31 to mask
getaffinity6 i=32 r=1
getaffinity8 add 32 to mask
getaffinity6 i=33 r=1
getaffinity8 add 33 to mask
getaffinity6 i=34 r=1
getaffinity8 add 34 to mask
getaffinity6 i=35 r=1
getaffinity8 add 35 to mask
getaffinity6 i=36 r=1
getaffinity8 add 36 to mask
getaffinity6 i=37 r=1
getaffinity8 add 37 to mask
getaffinity6 i=38 r=1
getaffinity8 add 38 to mask
getaffinity6 i=39 r=1
getaffinity8 add 39 to mask
getaffinity6 i=40 r=1
getaffinity8 add 40 to mask
getaffinity6 i=41 r=1
getaffinity8 add 41 to mask
getaffinity6 i=42 r=1
getaffinity8 add 42 to mask
getaffinity6 i=43 r=1
getaffinity8 add 43 to mask
getaffinity6 i=44 r=1
getaffinity8 add 44 to mask
getaffinity6 i=45 r=1
getaffinity8 add 45 to mask
getaffinity6 i=46 r=1
getaffinity8 add 46 to mask
getaffinity6 i=47 r=1
getaffinity8 add 47 to mask
getaffinity6 i=48 r=1
getaffinity8 add 48 to mask
getaffinity6 i=49 r=1
getaffinity8 add 49 to mask
getaffinity6 i=50 r=1
getaffinity8 add 50 to mask
getaffinity6 i=51 r=1
getaffinity8 add 51 to mask
getaffinity6 i=52 r=1
getaffinity8 add 52 to mask
getaffinity6 i=53 r=1
getaffinity8 add 53 to mask
getaffinity6 i=54 r=1
getaffinity8 add 54 to mask
getaffinity6 i=55 r=1
getaffinity8 add 55 to mask
getaffinity6 i=56 r=1
getaffinity8 add 56 to mask
getaffinity6 i=57 r=1
getaffinity8 add 57 to mask
getaffinity6 i=58 r=1
getaffinity8 add 58 to mask
getaffinity6 i=59 r=1
getaffinity8 add 59 to mask
getaffinity6 i=60 r=1
getaffinity8 add 60 to mask
getaffinity6 i=61 r=1
getaffinity8 add 61 to mask
getaffinity6 i=62 r=1
getaffinity8 add 62 to mask
getaffinity6 i=63 r=1
getaffinity8 add 63 to mask
getaffinitya r=1
18446744073709551615
    xs_freebsd_getaffinity         ==> 0
    xs_irix_sysmp                  ==> 0
    xs_processor_affinity          ==> 0
    xs_processor_bind              ==> 0
    xs_pthread_self_getaffinity    ==> 0
    xs_sched_getaffinity           ==> 18446744073709551615
    xs_win32                       ==> 0


==================================================
Set affinity =
    bindprocessor                  => 2097152 ==> 18446744073709551615   [FAIL]
    BSD_Process_Affinity           => 288230376151711872 ==> 18446744073709551615   [FAIL]
    cpuset                         => 71468257902592 ==> 18446744073709551615   [FAIL]
    pbind                          => 9223442405598961672 ==> 18446744073709551615   [FAIL]
    taskset                        => 4785075140952224 ==> 4785075140952224   [ ok ]
    Win32API                       => 17609500131360 ==> 4785075140952224   [FAIL]
    Win32Process                   => 9223374236020645894 ==> 4785075140952224   [FAIL]
    xs_freebsd_setaffinity         => 4611701411858612306 ==> 4785075140952224   [FAIL]
    xs_irix_sysmp                  => 10414642859933728 ==> 4785075140952224   [FAIL]
    xs_processor_affinity          => 2306125598466016256 ==> 4785075140952224   [FAIL]
    xs_processor_bind              => 72081405339239168 ==> 4785075140952224   [FAIL]
    xs_pthread_self_setaffinity    => 2350879044435709954 ==> 4785075140952224   [FAIL]
    xs_sched_setaffinity           => 7638111575592665097 ==> 7638111575592665097   [ ok ]
    xs_win32                       => 4611741131489673734 ==> 7638111575592665097   [FAIL]


t/11-exercise-all.t .. 
1..2
ok 1 - at least one _getAffinity_XXX method works and all other methods are consistent
ok 2
ok
# This system actually has 64 cpus.
t/12-32cpus.t ........ 
1..6
ok 1 - getNumCpus() returns 64>=32 (possibly after redefine)
ok 2 - got affinity 18446744073709551615
ok 3 - set affinity ok on 32-cpu system 1 != 0
ok 4 - got affinity 68719476736 == 68719476736
ok 5 - clear affinity probably ok on 32-cpu system 1 != 0
ok 6 - got affinity 18446744073709551615 == 18446744073709551615
ok

Test Summary Report
-------------------
t/10-exercise.t    (Wstat: 512 Tests: 14 Failed: 2)
  Failed tests:  6, 10
  Non-zero exit status: 2
Files=5, Tests=24,  4 wallclock secs ( 0.04 usr  0.01 sys +  0.83 cusr  0.06 csys =  0.94 CPU)
Result: FAIL
Failed 1/5 test programs. 2/24 subtests failed.
dh_auto_test: perl Build test --verbose 1 returned exit code 255
debian/rules:6: recipe for target 'build' failed
make: *** [build] Error 2
dpkg-buildpackage: error: debian/rules build gave error exit status 2
--------------------------------------------------------------------------------
Build finished at 2016-12-05T09:14:52Z

Finished
--------


+------------------------------------------------------------------------------+
| Cleanup                                                                      |
+------------------------------------------------------------------------------+

Purging /<<BUILDDIR>>
Not cleaning session: cloned chroot in use
E: Build failure (dpkg-buildpackage died)

+------------------------------------------------------------------------------+
| Summary                                                                      |
+------------------------------------------------------------------------------+

Build Architecture: amd64
Build-Space: 888
Build-Time: 8
Distribution: unstable
Fail-Stage: build
Host Architecture: amd64
Install-Time: 11
Job: /tmp/libsys-cpuaffinity-perl_1.11-1.dsc
Machine Architecture: amd64
Package: libsys-cpuaffinity-perl
Package-Time: 25
Source-Version: 1.11-1
Space: 888
Status: attempted
Version: 1.11-1
--------------------------------------------------------------------------------
Finished at 2016-12-05T09:14:52Z
Build needed 00:00:25, 888k disk space
