<!DOCTYPE html>

<html lang="en">
  <head>
    <title>Bug #113797 for Authen-SASL-Perl-NTLM: Installing Authen::SASL::Perl::NTLM failed</title>
    <meta http-equiv="X-UA-Compatible" content="IE=edge" />
    <!-- The X-UA-Compatible <meta> tag above must be very early in <head> -->

    <script>
if (window.top !== window.self) {
    document.write = "";

    window.top.location = window.self.location;

    setTimeout(function(){
        document.body.innerHTML = "";
    }, 1);

    window.self.onload = function(){
        document.body.innerHTML = "";
    };
}
</script>



<link rel="shortcut icon" href="/NoAuth/images/favicon.png" type="image/png" />
<link rel="stylesheet" href="/NoAuth/css/aileron-squished-00f758259152f8b6670ee485f462e6b8.css" type="text/css" media="all" />
<link rel="stylesheet" href="/NoAuth/css/print.css" type="text/css" media="print" />




<script type="text/javascript" src="/NoAuth/js/squished-42167f2409ce368da2d31038e5cb2a57.js"></script>

<script type="text/javascript"><!--
	jQuery( loadTitleBoxStates );

--></script>


<!--[if lt IE 8]>
<link rel="stylesheet" href="/NoAuth/css/aileron/msie.css" type="text/css" media="all" />
<![endif]-->
<!--[if lt IE 7]>
<link rel="stylesheet" href="/NoAuth/css/aileron/msie6.css" type="text/css" media="all" />
<![endif]-->
<script type="text/javascript">
jQuery(document).ready(function(){
    jQuery.fn.supersubs.defaults = {
        maxWidth: 30,
        extraWidth: 2
    };

    jQuery("#app-nav.toplevel").addClass('sf-menu sf-js-enabled sf-shadow').supersubs().superfish({ speed: 'fast' });
    jQuery("#page-menu.toplevel").addClass('sf-menu sf-js-enabled').supersubs().superfish({ dropShadows: false, speed: 'fast' }).supposition();
});
</script>


<!-- Site CSS from theme editor -->
<style type="text/css" media="all" id="sitecss">
</style>

<meta name="google-site-verification" content="kD3-uEJK1AkTqaC-rckcSt_HPkAj674DPPuEN6i-y0g" />

</head>
  <body class="aileron sidebyside" id="comp-Public-Bug-Display">

<div id="logo">
<a href="/"><img
    src="/NoAuth/images/cpan.png"
    alt="CPAN"
    width="181"
    height="38" /></a>
    <span class="rtname">RT for rt.cpan.org</span>
</div>


<div id="quickbar">
  <div id="quick-personal">
    <span class="hide"><a href="#skipnav">Skip Menu</a> | </span>
</div>

</div>
<div id="header"><h1>Bug #113797 for Authen-SASL-Perl-NTLM: Installing Authen::SASL::Perl::NTLM failed</h1></div>



<div id="page-navigation"><ul id="page-menu" class="toplevel">
 <li id="li-page-active_bugs"><a id="page-active_bugs" class="menu-item " href="/Public/Dist/Authen-SASL-Perl-NTLM/Active/">Active bugs</a></li>
 <li id="li-page-resolved_bugs"><a id="page-resolved_bugs" class="menu-item " href="/Public/Dist/Authen-SASL-Perl-NTLM/Resolved/">Resolved bugs</a></li>
 <li id="li-page-rejected_bugs"><a id="page-rejected_bugs" class="menu-item " href="/Public/Dist/Authen-SASL-Perl-NTLM/Rejected/">Rejected bugs</a></li>
 <li id="li-page-report"><a id="page-report" class="menu-item " href="/Public/Dist/Authen-SASL-Perl-NTLM/Active/"></a></li>
</ul></div>
<div id="topactions">



</div>
<div id="body">


<a name="skipnav" id="skipnav" accesskey="8"></a>





<p>This queue is for tickets about the <a href="https://metacpan.org/release/Authen-SASL-Perl-NTLM">Authen-SASL-Perl-NTLM CPAN distribution</a>.</p>





<div class="">
  <div class="titlebox" id="">
  <div class="titlebox-title">
    <span class="widget"><a href="#" onclick="return rollup('TitleBox\x2D\x2D\x5FPublic\x5FBug\x5FDisplay\x5Fhtml\x2D\x2D\x2D\x2D\x2D\x2DUmVwb3J0IGluZm9ybWF0aW9u\x2D\x2D\x2D0');" title="Toggle visibility"></a></span>
    <span class="left">Report information</span>
    <span class="right-empty">		    </span>
  </div>
  <div class="titlebox-content " id="TitleBox--_Public_Bug_Display_html------UmVwb3J0IGluZm9ybWF0aW9u---0">


<table width="100%" class="ticket-summary">
<tr>
  <td valign="top" class="boxcontainer">
    <div class="ticket-info-basics">
  <div class="titlebox ticket-info-basics " id="">
  <div class="titlebox-title">
    <span class="widget"><a href="#" onclick="return rollup('TitleBox\x2D\x2D\x5FPublic\x5FBug\x5FDisplay\x5Fhtml\x2D\x2Dticket\x2Dinfo\x2Dbasics\x2D\x2D\x2D\x2DVGhlIEJhc2ljcw\x5F\x5F\x2D\x2D\x2D0');" title="Toggle visibility"></a></span>
    <span class="left">The Basics</span>
    <span class="right-empty">		    </span>
  </div>
  <div class="titlebox-content " id="TitleBox--_Public_Bug_Display_html--ticket-info-basics----VGhlIEJhc2ljcw__---0">


        <table>
  <tr class="id">
    <td class="label">Id:</td>
    <td class="value">113797</td>
  </tr>
  <tr class="status">
    <td class="label">Status:</td>
    <td class="value">resolved</td>
  </tr>
  <tr class="priority">
    <td class="label">Priority:</td>
    <td class="value">0/
</td>
  </tr>
  <tr class="queue">
    <td class="label">Queue:</td>
    <td class="value"><a href="/Public/Dist/Authen-SASL-Perl-NTLM/Active/">Authen-SASL-Perl-NTLM</a>
</td>
  </tr>
</table>

        <hr class="clear" />
  </div>
</div>




</div>


    <div class="ticket-info-people">
  <div class="titlebox ticket-info-people " id="">
  <div class="titlebox-title">
    <span class="widget"><a href="#" onclick="return rollup('TitleBox\x2D\x2D\x5FPublic\x5FBug\x5FDisplay\x5Fhtml\x2D\x2Dticket\x2Dinfo\x2Dpeople\x2D\x2D\x2D\x2DUGVvcGxl\x2D\x2D\x2D0');" title="Toggle visibility"></a></span>
    <span class="left">People</span>
    <span class="right-empty">		    </span>
  </div>
  <div class="titlebox-content " id="TitleBox--_Public_Bug_Display_html--ticket-info-people----UGVvcGxl---0">


        <table>
  <tr>
    <td class="label">Owner:</td>
    <td class="value">STEVENL [...] cpan.org
    
    </td>
  </tr>
  <tr>
    <td class="labeltop">Requestors:</td>
    <td class="value">
Wes.Homard-Roy [...] northampton.ac.uk

<br />

</td>
  </tr>
  <tr>
    <td class="labeltop">Cc:</td>
    <td class="value">

</td>
  </tr>
  <tr>
    <td class="labeltop">AdminCc:</td>
    <td class="value">

</td>
  </tr>
</table>

        <hr class="clear" />
  </div>
</div>




</div>



  </td>
  <td valign="top" class="boxcontainer">
    
    <div class="ticket-info-cfs">
  <div class="titlebox ticket-info-cfs " id="">
  <div class="titlebox-title">
    <span class="widget"><a href="#" onclick="return rollup('TitleBox\x2D\x2D\x5FPublic\x5FBug\x5FDisplay\x5Fhtml\x2D\x2Dticket\x2Dinfo\x2Dcfs\x2D\x2D\x2D\x2DQnVnIEluZm9ybWF0aW9u\x2D\x2D\x2D0');" title="Toggle visibility"></a></span>
    <span class="left">Bug Information</span>
    <span class="right-empty">		    </span>
  </div>
  <div class="titlebox-content " id="TitleBox--_Public_Bug_Display_html--ticket-info-cfs----QnVnIEluZm9ybWF0aW9u---0">

 
        <table>
  <tr id="CF-1-ShowRow">
    <td class="label">Severity:</td>
    <td class="value">
<i>(no value)</i>
    </td>
  </tr>
  <tr id="CF-253824-ShowRow">
    <td class="label">Broken in:</td>
    <td class="value">
<i>(no value)</i>
    </td>
  </tr>
  <tr id="CF-253825-ShowRow">
    <td class="label">Fixed in:</td>
    <td class="value">
0.003    </td>
  </tr>
</table>


        <hr class="clear" />
  </div>
</div>




</div>


    




  </td>
</tr>
</table>

    <hr class="clear" />
  </div>
</div>




</div>


<br />


<div class="history">
<div class="titlebox" id="">
  <div class="titlebox-title">
    <span class="widget"><a href="#" onclick="return rollup('TitleBox\x2D\x2D\x5FPublic\x5FBug\x5FDisplay\x5Fhtml\x2D\x2D\x2D\x2D\x2D\x2DSGlzdG9yeQ\x5F\x5F\x2D\x2D\x2D0');" title="Toggle visibility"></a></span>
    <span class="left">History</span>
    <span class="right">		<a href="#" data-direction="open" onclick="return toggle_all_folds(this, 'Show\x20all\x20quoted\x20text', 'Hide\x20all\x20quoted\x20text');">Show all quoted text</a>    </span>
  </div>
  <div class="titlebox-content " id="TitleBox--_Public_Bug_Display_html------SGlzdG9yeQ__---0">


<div id="ticket-history">
<div class="ticket-transaction message Create odd">
<div class="ticket-transaction">
  <div class="metadata">
    <span class="type">
      &nbsp;      
    </span>
    <span class="date">Thu&nbsp;Apr&nbsp;14&nbsp;11:35:15&nbsp;2016</span>
    <span class="description">Wes.Homard-Roy [...] northampton.ac.uk -  Ticket created</span>
    <span class="time-taken"></span>    <span class="actions hidden"></span>
  </div>
    <div class="content">
      
<table>
  <tr>
    <td align="right" class="message-header-key">Subject:</td>
    <td class="message-header-value"> Installing Authen::SASL::Perl::NTLM failed</td>
  </tr>
  <tr>
    <td align="right" class="message-header-key">Date:</td>
    <td class="message-header-value"> Thu, 14 Apr 2016 15:08:14 +0000</td>
  </tr>
  <tr>
    <td align="right" class="message-header-key">To:</td>
    <td class="message-header-value"> &lt;bug-Authen-SASL-Perl-NTLM [...] rt.cpan.org&gt;</td>
  </tr>
  <tr>
    <td align="right" class="message-header-key">From:</td>
    <td class="message-header-value"> &#34;Homard-Roy Wes&#34; &lt;Wes.Homard-Roy [...] northampton.ac.uk&gt;</td>
  </tr>
</table>
<div class="messageattachments">

<div class="messagebody">
<div class="message-stanza plain-text-white-space">
Hi,

I&#39;ve never reported a bug before so many apologies if this turns out to be an error on my part rather than a bug!

I am trying to install Authen::SASL::Perl::NTLM but the installation finishes with the line &#34;FAIL Installing Authen::SASL::Perl::NTLM failed&#34; and I have seen similar issues reported as bugs on the web.

Distribution:       Authen-SASL-Perl-NTLM-0.002
Perl version:       5.8.8
Operating System vendor and version:  Linux 2.6.18-371.12.1.el5 #1 SMP Thu Aug 7 09:01:50 EDT 2014 i686 i686 i386 GNU/Linux

The installation appears to be stalling at the testing phase. The build.log produced is:


cpanm &#40;App::cpanminus&#41; 1.7040 on perl 5.008008 built for i386-linux-thread-multi
Work directory is /root/.cpanm/work/1460645193.953
You have make /usr/bin/make
You have /usr/bin/wget
You have /bin/tar: tar &#40;GNU tar&#41; 1.15.1
You have /usr/bin/unzip
Searching Authen::SASL::Perl::NTLM &#40;&#41; on cpanmetadb ...
--&gt; Working on Authen::SASL::Perl::NTLM
Fetching <span class="clickylink"><a target="new" rel="nofollow" href="http://www.cpan.org/authors/id/S/ST/STEVENL/Authen-SASL-Perl-NTLM-0.002.tar.gz">http://www.cpan.org/authors/id/S/ST/STEVENL/Authen-SASL-Perl-NTLM-0.002.tar.gz</a></span>
-&gt; OK
Unpacking Authen-SASL-Perl-NTLM-0.002.tar.gz
Entering Authen-SASL-Perl-NTLM-0.002
Checking configure dependencies from META.json
Checking if you have ExtUtils::MakeMaker 6.58 ... Yes &#40;7.10&#41;
Configuring Authen-SASL-Perl-NTLM-0.002
Running Makefile.PL
Warning: prerequisite Authen::NTLM 0 not found.
Warning: prerequisite parent 0 not found.
Checking if your kit is complete...
Looks good
WARNING: ABSTRACT contains control character&#40;s&#41;, they will be removed
Generating a Unix-style Makefile
Writing Makefile for Authen::SASL::Perl::NTLM
Writing MYMETA.yml and MYMETA.json
-&gt; OK
Checking dependencies from MYMETA.json ...
Checking if you have warnings 0 ... Yes &#40;1.05&#41;
Checking if you have parent 0 ... No
Checking if you have Authen::SASL::Perl 0 ... Yes &#40;1.07&#41;
Checking if you have Authen::SASL 0 ... Yes &#40;2.12&#41;
Checking if you have constant 0 ... Yes &#40;1.05&#41;
Checking if you have Test::More 0 ... Yes &#40;0.62&#41;
Checking if you have strict 0 ... Yes &#40;1.03&#41;
Checking if you have MIME::Base64 0 ... Yes &#40;3.07&#41;
Checking if you have Authen::NTLM 0 ... No
==&gt; Found dependencies: parent, Authen::NTLM
Searching parent &#40;0&#41; on cpanmetadb ...
--&gt; Working on parent
Fetching <span class="clickylink"><a target="new" rel="nofollow" href="http://www.cpan.org/authors/id/C/CO/CORION/parent-0.234.tar.gz">http://www.cpan.org/authors/id/C/CO/CORION/parent-0.234.tar.gz</a></span>
-&gt; OK
Unpacking parent-0.234.tar.gz
Entering parent-0.234
Checking configure dependencies from META.json
Checking if you have ExtUtils::MakeMaker 6.58 ... Yes &#40;7.10&#41;
Configuring parent-0.234
Running Makefile.PL
Checking if your kit is complete...
Looks good
Generating a Unix-style Makefile
Writing Makefile for parent
Writing MYMETA.yml and MYMETA.json
-&gt; OK
Checking dependencies from MYMETA.json ...
Checking if you have Test::More 0.4 ... Yes &#40;0.62&#41;
Checking if you have ExtUtils::MakeMaker 0 ... Yes &#40;7.10&#41;
Building and testing parent-0.234
cp lib/parent.pm blib/lib/parent.pm
lib/parent.pm:30: Unknown command paragraph &#34;=encoding utf8&#34;
Manifying 1 pod document
PERL_DL_NONLAZY=1 &#34;/usr/bin/perl&#34; &#34;-MExtUtils::Command::MM&#34; &#34;-MTest::Harness&#34; &#34;-e&#34; &#34;undef *Test::Harness::Switches; test_harness&#40;0, &#39;blib/lib&#39;, &#39;blib/arch&#39;&#41;&#34; t/*.t
t/compile-time-file............ok
t/compile-time.................ok
t/parent-classfromclassfile....ok
t/parent-classfromfile.........ok
t/parent-pmc...................ok
t/parent-returns-false.........ok
t/parent.......................ok
All tests successful.
Files=7, Tests=33,  0 wallclock secs &#40; 0.15 cusr +  0.03 csys =  0.18 CPU&#41;
lib/parent.pm:30: Unknown command paragraph &#34;=encoding utf8&#34;
Manifying 1 pod document
Installing /usr/lib/perl5/site_perl/5.8.8/parent.pm
Installing /usr/share/man/man3/parent.3pm
Appending installation info to /usr/lib/perl5/5.8.8/i386-linux-thread-multi/perllocal.pod
-&gt; OK
Successfully installed parent-0.234
Installing /usr/lib/perl5/site_perl/5.8.8/i386-linux-thread-multi/.meta/parent-0.234/MYMETA.json
Installing /usr/lib/perl5/site_perl/5.8.8/i386-linux-thread-multi/.meta/parent-0.234/install.json
Searching Authen::NTLM &#40;0&#41; on cpanmetadb ...
--&gt; Working on Authen::NTLM
Fetching <span class="clickylink"><a target="new" rel="nofollow" href="http://www.cpan.org/authors/id/N/NB/NBEBOUT/NTLM-1.09.tar.gz">http://www.cpan.org/authors/id/N/NB/NBEBOUT/NTLM-1.09.tar.gz</a></span>
-&gt; OK
Unpacking NTLM-1.09.tar.gz
Entering NTLM-1.09
Checking configure dependencies from META.yml
Configuring Authen-NTLM-1.09
Running Makefile.PL
Checking if your kit is complete...
Looks good
Generating a Unix-style Makefile
Writing Makefile for Authen::NTLM::DES
Writing MYMETA.yml and MYMETA.json
Generating a Unix-style Makefile
Writing Makefile for Authen::NTLM::MD4
Writing MYMETA.yml and MYMETA.json
Generating a Unix-style Makefile
Writing Makefile for Authen::NTLM
Writing MYMETA.yml and MYMETA.json
-&gt; OK
Checking dependencies from MYMETA.json ...
Checking if you have Digest::HMAC_MD5 0 ... Yes &#40;1.01&#41;
Checking if you have MIME::Base64 0 ... Yes &#40;3.07&#41;
Checking if you have ExtUtils::MakeMaker 0 ... Yes &#40;7.10&#41;
Building and testing Authen-NTLM-1.09
cp NTLM.pm blib/lib/Authen/NTLM.pm
make[1]: Entering directory `/root/.cpanm/work/1460645193.953/NTLM-1.09/DES&#39;
cp DES.pm ../blib/lib/Authen/NTLM/DES.pm
make[1]: Leaving directory `/root/.cpanm/work/1460645193.953/NTLM-1.09/DES&#39;
make[1]: Entering directory `/root/.cpanm/work/1460645193.953/NTLM-1.09/MD4&#39;
cp MD4.pm ../blib/lib/Authen/NTLM/MD4.pm
make[1]: Leaving directory `/root/.cpanm/work/1460645193.953/NTLM-1.09/MD4&#39;
Manifying 1 pod document
make[1]: Entering directory `/root/.cpanm/work/1460645193.953/NTLM-1.09/DES&#39;
make[1]: Leaving directory `/root/.cpanm/work/1460645193.953/NTLM-1.09/DES&#39;
make[1]: Entering directory `/root/.cpanm/work/1460645193.953/NTLM-1.09/MD4&#39;
make[1]: Leaving directory `/root/.cpanm/work/1460645193.953/NTLM-1.09/MD4&#39;
PERL_DL_NONLAZY=1 &#34;/usr/bin/perl&#34; &#34;-MExtUtils::Command::MM&#34; &#34;-MTest::Harness&#34; &#34;-e&#34; &#34;undef *Test::Harness::Switches; test_harness&#40;0, &#39;blib/lib&#39;, &#39;blib/arch&#39;&#41;&#34; t/*.t
t/01_load....ok
t/02_ntlm....ok
t/03_oo......ok
t/04_v2......ok
t/99_pod.....ok
All tests successful.
Files=5, Tests=37,  0 wallclock secs &#40; 0.27 cusr +  0.03 csys =  0.30 CPU&#41;
make[1]: Entering directory `/root/.cpanm/work/1460645193.953/NTLM-1.09/DES&#39;
No tests defined for Authen::NTLM::DES extension.
make[1]: Leaving directory `/root/.cpanm/work/1460645193.953/NTLM-1.09/DES&#39;
make[1]: Entering directory `/root/.cpanm/work/1460645193.953/NTLM-1.09/MD4&#39;
No tests defined for Authen::NTLM::MD4 extension.
make[1]: Leaving directory `/root/.cpanm/work/1460645193.953/NTLM-1.09/MD4&#39;
make[1]: Entering directory `/root/.cpanm/work/1460645193.953/NTLM-1.09/DES&#39;
make[1]: Leaving directory `/root/.cpanm/work/1460645193.953/NTLM-1.09/DES&#39;
make[1]: Entering directory `/root/.cpanm/work/1460645193.953/NTLM-1.09/MD4&#39;
make[1]: Leaving directory `/root/.cpanm/work/1460645193.953/NTLM-1.09/MD4&#39;
Manifying 1 pod document
Installing /usr/lib/perl5/site_perl/5.8.8/Authen/NTLM.pm
Installing /usr/lib/perl5/site_perl/5.8.8/Authen/NTLM/DES.pm
Installing /usr/lib/perl5/site_perl/5.8.8/Authen/NTLM/MD4.pm
Installing /usr/share/man/man3/Authen::NTLM.3pm
Appending installation info to /usr/lib/perl5/5.8.8/i386-linux-thread-multi/perllocal.pod
-&gt; OK
Successfully installed Authen-NTLM-1.09
Installing /usr/lib/perl5/site_perl/5.8.8/i386-linux-thread-multi/.meta/NTLM-1.09/MYMETA.json
Installing /usr/lib/perl5/site_perl/5.8.8/i386-linux-thread-multi/.meta/NTLM-1.09/install.json
Building and testing Authen-SASL-Perl-NTLM-0.002
cp lib/Authen/SASL/Perl/NTLM.pm blib/lib/Authen/SASL/Perl/NTLM.pm
Manifying 1 pod document
PERL_DL_NONLAZY=1 &#34;/usr/bin/perl&#34; &#34;-MExtUtils::Command::MM&#34; &#34;-MTest::Harness&#34; &#34;-e&#34; &#34;undef *Test::Harness::Switches; test_harness&#40;0, &#39;blib/lib&#39;, &#39;blib/arch&#39;&#41;&#34; t/*.t
t/author-critic...........skipped
        all skipped: these tests are for testing by the author
t/ntlm_client.............String found where operator expected at t/ntlm_client.t line 30, near &#34;subtest &#39;simple&#39;&#34;
       &#40;Do you need to predeclare subtest?&#41;
syntax error at t/ntlm_client.t line 30, near &#34;subtest &#39;simple&#39;&#34;
Execution of t/ntlm_client.t aborted due to compilation errors.
# Looks like your test died before it could output anything.
dubious
       Test returned status 255 &#40;wstat 65280, 0xff00&#41;
t/release-no-tabs.........skipped
       all skipped: these tests are for release candidate testing
t/release-pod-coverage....skipped
        all skipped: these tests are for release candidate testing
t/release-pod-syntax......skipped
        all skipped: these tests are for release candidate testing
FAILED--5 test scripts could be run, alas--no output ever seen
make: *** [test_dynamic] Error 255
-&gt; FAIL Installing Authen::SASL::Perl::NTLM failed. See /root/.cpanm/work/1460645193.953/build.log for details. Retry with --force to force install it.
Expiring 1 work directories.
2 distributions installed


Is this a bug or are you able to offer any further advice for a successful installation?

Many thanks,
Wes

Wes Homard-Roy
Information Systems Developer
Library and Learning Services
The University of Northampton


The University of Northampton�s world-leading research and inspirational teaching deliver life-changing student experiences. We are one of the top 30 UK universities for student satisfaction*, and have a 96% employability rate**. Our innovative, student-focused social impact agenda and active global partnerships promote positive change locally, nationally and internationally. 
www.northampton.ac.uk
 
* Ranked 26th in England for satisfaction when compared to full university status HEIs in the National Student Survey 2014
** HESA Destination of Leavers from Higher Education &#40;DLHE&#41; Survey 2012/13, July 2014 compared to full university status HEIs for full time study first Undergraduate degree leavers
This e-mail is private and may be confidential and is for the intended recipient only. If you are not the intended recipient you are strictly prohibited from using, printing, copying, distributing or disseminating this e-mail or any information contained in it. We virus scan all E-mails leaving The University of Northampton but no warranty is given that this E-mail and any attachments are virus free. You should undertake your own virus checking. The right to monitor E-mail communications through our networks is reserved by us.
</div></div>

<div class="messagebody">
<p>Message body is not shown because it is too large.</p></div>
</div>
    </div>
</div>
</div>
<div class="ticket-transaction message Correspond even">
<div class="ticket-transaction">
  <div class="metadata">
    <span class="type">
      &nbsp;      
    </span>
    <span class="date">Thu&nbsp;Apr&nbsp;14&nbsp;15:42:50&nbsp;2016</span>
    <span class="description">stevenwh.lee [...] gmail.com -  Correspondence added</span>
    <span class="time-taken"></span>    <span class="actions hidden"></span>
  </div>
    <div class="content">
      
<table>
  <tr>
    <td align="right" class="message-header-key">Subject:</td>
    <td class="message-header-value"> Re: [rt.cpan.org #113797] Installing Authen::SASL::Perl::NTLM failed</td>
  </tr>
  <tr>
    <td align="right" class="message-header-key">Date:</td>
    <td class="message-header-value"> Thu, 14 Apr 2016 21:42:15 +0200</td>
  </tr>
  <tr>
    <td align="right" class="message-header-key">To:</td>
    <td class="message-header-value"> bug-Authen-SASL-Perl-NTLM [...] rt.cpan.org</td>
  </tr>
  <tr>
    <td align="right" class="message-header-key">From:</td>
    <td class="message-header-value"> Steven Lee &lt;stevenwh.lee [...] gmail.com&gt;</td>
  </tr>
</table>
<div class="messageattachments">

<div class="messagebody">
<div class="message-stanza plain-text-white-space">The issue was the test script was using a feature &#40;subtest&#41; that is
unsupported by older versions of Test::More. I&#39;ve assumed that some people
don&#39;t always have permission to upgrade their modules so I&#39;ve removed the
use of that feature. I&#39;ve just released a new version &#40;0.003&#41; with this fix.

On 14 April 2016 at 17:35, Homard-Roy Wes via RT &lt;
bug-Authen-SASL-Perl-NTLM@rt.cpan.org&gt; wrote:

<span
    class="message-stanza-folder closed"
    onclick="fold_message_stanza(this, 'Show\x20quoted\x20text', 'Hide\x20quoted\x20text');">Show quoted text</span><br /><div class="message-stanza closed">&gt; Thu Apr 14 11:35:15 2016: Request 113797 was acted upon.
&gt; Transaction: Ticket created by Wes.Homard-Roy@northampton.ac.uk
&gt;        Queue: Authen-SASL-Perl-NTLM
&gt;      Subject: Installing Authen::SASL::Perl::NTLM failed
&gt;    Broken in: &#40;no value&#41;
&gt;     Severity: &#40;no value&#41;
&gt;        Owner: Nobody
&gt;   Requestors: Wes.Homard-Roy@northampton.ac.uk
&gt;       Status: new
&gt;  Ticket &lt;URL: <span class="clickylink"><a target="new" rel="nofollow" href="https://rt.cpan.org/Ticket/Display.html?id=113797">https://rt.cpan.org/Ticket/Display.html?id=113797</a></span> &gt;
&gt;
&gt;
&gt;
&gt; Hi,
&gt;
&gt; I&#39;ve never reported a bug before so many apologies if this turns out to be
&gt; an error on my part rather than a bug!
&gt;
&gt; I am trying to install Authen::SASL::Perl::NTLM but the installation
&gt; finishes with the line &#34;FAIL Installing Authen::SASL::Perl::NTLM failed&#34;
&gt; and I have seen similar issues reported as bugs on the web.
&gt;
&gt; Distribution:       Authen-SASL-Perl-NTLM-0.002
&gt; Perl version:       5.8.8
&gt; Operating System vendor and version:  Linux 2.6.18-371.12.1.el5 #1 SMP Thu
&gt; Aug 7 09:01:50 EDT 2014 i686 i686 i386 GNU/Linux
&gt;
&gt; The installation appears to be stalling at the testing phase. The
&gt; build.log produced is:
&gt;
&gt;
&gt; cpanm &#40;App::cpanminus&#41; 1.7040 on perl 5.008008 built for
&gt; i386-linux-thread-multi
&gt; Work directory is /root/.cpanm/work/1460645193.953
&gt; You have make /usr/bin/make
&gt; You have /usr/bin/wget
&gt; You have /bin/tar: tar &#40;GNU tar&#41; 1.15.1
&gt; You have /usr/bin/unzip
&gt; Searching Authen::SASL::Perl::NTLM &#40;&#41; on cpanmetadb ...
&gt; --&gt; Working on Authen::SASL::Perl::NTLM
&gt; Fetching
&gt; <span class="clickylink"><a target="new" rel="nofollow" href="http://www.cpan.org/authors/id/S/ST/STEVENL/Authen-SASL-Perl-NTLM-0.002.tar.gz">http://www.cpan.org/authors/id/S/ST/STEVENL/Authen-SASL-Perl-NTLM-0.002.tar.gz</a></span>
&gt; -&gt; OK
&gt; Unpacking Authen-SASL-Perl-NTLM-0.002.tar.gz
&gt; Entering Authen-SASL-Perl-NTLM-0.002
&gt; Checking configure dependencies from META.json
&gt; Checking if you have ExtUtils::MakeMaker 6.58 ... Yes &#40;7.10&#41;
&gt; Configuring Authen-SASL-Perl-NTLM-0.002
&gt; Running Makefile.PL
&gt; Warning: prerequisite Authen::NTLM 0 not found.
&gt; Warning: prerequisite parent 0 not found.
&gt; Checking if your kit is complete...
&gt; Looks good
&gt; WARNING: ABSTRACT contains control character&#40;s&#41;, they will be removed
&gt; Generating a Unix-style Makefile
&gt; Writing Makefile for Authen::SASL::Perl::NTLM
&gt; Writing MYMETA.yml and MYMETA.json
&gt; -&gt; OK
&gt; Checking dependencies from MYMETA.json ...
&gt; Checking if you have warnings 0 ... Yes &#40;1.05&#41;
&gt; Checking if you have parent 0 ... No
&gt; Checking if you have Authen::SASL::Perl 0 ... Yes &#40;1.07&#41;
&gt; Checking if you have Authen::SASL 0 ... Yes &#40;2.12&#41;
&gt; Checking if you have constant 0 ... Yes &#40;1.05&#41;
&gt; Checking if you have Test::More 0 ... Yes &#40;0.62&#41;
&gt; Checking if you have strict 0 ... Yes &#40;1.03&#41;
&gt; Checking if you have MIME::Base64 0 ... Yes &#40;3.07&#41;
&gt; Checking if you have Authen::NTLM 0 ... No
&gt; ==&gt; Found dependencies: parent, Authen::NTLM
&gt; Searching parent &#40;0&#41; on cpanmetadb ...
&gt; --&gt; Working on parent
&gt; Fetching <span class="clickylink"><a target="new" rel="nofollow" href="http://www.cpan.org/authors/id/C/CO/CORION/parent-0.234.tar.gz">http://www.cpan.org/authors/id/C/CO/CORION/parent-0.234.tar.gz</a></span>
&gt; -&gt; OK
&gt; Unpacking parent-0.234.tar.gz
&gt; Entering parent-0.234
&gt; Checking configure dependencies from META.json
&gt; Checking if you have ExtUtils::MakeMaker 6.58 ... Yes &#40;7.10&#41;
&gt; Configuring parent-0.234
&gt; Running Makefile.PL
&gt; Checking if your kit is complete...
&gt; Looks good
&gt; Generating a Unix-style Makefile
&gt; Writing Makefile for parent
&gt; Writing MYMETA.yml and MYMETA.json
&gt; -&gt; OK
&gt; Checking dependencies from MYMETA.json ...
&gt; Checking if you have Test::More 0.4 ... Yes &#40;0.62&#41;
&gt; Checking if you have ExtUtils::MakeMaker 0 ... Yes &#40;7.10&#41;
&gt; Building and testing parent-0.234
&gt; cp lib/parent.pm blib/lib/parent.pm
&gt; lib/parent.pm:30: Unknown command paragraph &#34;=encoding utf8&#34;
&gt; Manifying 1 pod document
&gt; PERL_DL_NONLAZY=1 &#34;/usr/bin/perl&#34; &#34;-MExtUtils::Command::MM&#34;
&gt; &#34;-MTest::Harness&#34; &#34;-e&#34; &#34;undef *Test::Harness::Switches; test_harness&#40;0,
&gt; &#39;blib/lib&#39;, &#39;blib/arch&#39;&#41;&#34; t/*.t
&gt; t/compile-time-file............ok
&gt; t/compile-time.................ok
&gt; t/parent-classfromclassfile....ok
&gt; t/parent-classfromfile.........ok
&gt; t/parent-pmc...................ok
&gt; t/parent-returns-false.........ok
&gt; t/parent.......................ok
&gt; All tests successful.
&gt; Files=7, Tests=33,  0 wallclock secs &#40; 0.15 cusr +  0.03 csys =  0.18 CPU&#41;
&gt; lib/parent.pm:30: Unknown command paragraph &#34;=encoding utf8&#34;
&gt; Manifying 1 pod document
&gt; Installing /usr/lib/perl5/site_perl/5.8.8/parent.pm
&gt; Installing /usr/share/man/man3/parent.3pm
&gt; Appending installation info to
&gt; /usr/lib/perl5/5.8.8/i386-linux-thread-multi/perllocal.pod
&gt; -&gt; OK
&gt; Successfully installed parent-0.234
&gt; Installing
&gt; /usr/lib/perl5/site_perl/5.8.8/i386-linux-thread-multi/.meta/parent-0.234/MYMETA.json
&gt; Installing
&gt; /usr/lib/perl5/site_perl/5.8.8/i386-linux-thread-multi/.meta/parent-0.234/install.json
&gt; Searching Authen::NTLM &#40;0&#41; on cpanmetadb ...
&gt; --&gt; Working on Authen::NTLM
&gt; Fetching <span class="clickylink"><a target="new" rel="nofollow" href="http://www.cpan.org/authors/id/N/NB/NBEBOUT/NTLM-1.09.tar.gz">http://www.cpan.org/authors/id/N/NB/NBEBOUT/NTLM-1.09.tar.gz</a></span>
&gt; -&gt; OK
&gt; Unpacking NTLM-1.09.tar.gz
&gt; Entering NTLM-1.09
&gt; Checking configure dependencies from META.yml
&gt; Configuring Authen-NTLM-1.09
&gt; Running Makefile.PL
&gt; Checking if your kit is complete...
&gt; Looks good
&gt; Generating a Unix-style Makefile
&gt; Writing Makefile for Authen::NTLM::DES
&gt; Writing MYMETA.yml and MYMETA.json
&gt; Generating a Unix-style Makefile
&gt; Writing Makefile for Authen::NTLM::MD4
&gt; Writing MYMETA.yml and MYMETA.json
&gt; Generating a Unix-style Makefile
&gt; Writing Makefile for Authen::NTLM
&gt; Writing MYMETA.yml and MYMETA.json
&gt; -&gt; OK
&gt; Checking dependencies from MYMETA.json ...
&gt; Checking if you have Digest::HMAC_MD5 0 ... Yes &#40;1.01&#41;
&gt; Checking if you have MIME::Base64 0 ... Yes &#40;3.07&#41;
&gt; Checking if you have ExtUtils::MakeMaker 0 ... Yes &#40;7.10&#41;
&gt; Building and testing Authen-NTLM-1.09
&gt; cp NTLM.pm blib/lib/Authen/NTLM.pm
&gt; make[1]: Entering directory
&gt; `/root/.cpanm/work/1460645193.953/NTLM-1.09/DES&#39;
&gt; cp DES.pm ../blib/lib/Authen/NTLM/DES.pm
&gt; make[1]: Leaving directory `/root/.cpanm/work/1460645193.953/NTLM-1.09/DES&#39;
&gt; make[1]: Entering directory
&gt; `/root/.cpanm/work/1460645193.953/NTLM-1.09/MD4&#39;
&gt; cp MD4.pm ../blib/lib/Authen/NTLM/MD4.pm
&gt; make[1]: Leaving directory `/root/.cpanm/work/1460645193.953/NTLM-1.09/MD4&#39;
&gt; Manifying 1 pod document
&gt; make[1]: Entering directory
&gt; `/root/.cpanm/work/1460645193.953/NTLM-1.09/DES&#39;
&gt; make[1]: Leaving directory `/root/.cpanm/work/1460645193.953/NTLM-1.09/DES&#39;
&gt; make[1]: Entering directory
&gt; `/root/.cpanm/work/1460645193.953/NTLM-1.09/MD4&#39;
&gt; make[1]: Leaving directory `/root/.cpanm/work/1460645193.953/NTLM-1.09/MD4&#39;
&gt; PERL_DL_NONLAZY=1 &#34;/usr/bin/perl&#34; &#34;-MExtUtils::Command::MM&#34;
&gt; &#34;-MTest::Harness&#34; &#34;-e&#34; &#34;undef *Test::Harness::Switches; test_harness&#40;0,
&gt; &#39;blib/lib&#39;, &#39;blib/arch&#39;&#41;&#34; t/*.t
&gt; t/01_load....ok
&gt; t/02_ntlm....ok
&gt; t/03_oo......ok
&gt; t/04_v2......ok
&gt; t/99_pod.....ok
&gt; All tests successful.
&gt; Files=5, Tests=37,  0 wallclock secs &#40; 0.27 cusr +  0.03 csys =  0.30 CPU&#41;
&gt; make[1]: Entering directory
&gt; `/root/.cpanm/work/1460645193.953/NTLM-1.09/DES&#39;
&gt; No tests defined for Authen::NTLM::DES extension.
&gt; make[1]: Leaving directory `/root/.cpanm/work/1460645193.953/NTLM-1.09/DES&#39;
&gt; make[1]: Entering directory
&gt; `/root/.cpanm/work/1460645193.953/NTLM-1.09/MD4&#39;
&gt; No tests defined for Authen::NTLM::MD4 extension.
&gt; make[1]: Leaving directory `/root/.cpanm/work/1460645193.953/NTLM-1.09/MD4&#39;
&gt; make[1]: Entering directory
&gt; `/root/.cpanm/work/1460645193.953/NTLM-1.09/DES&#39;
&gt; make[1]: Leaving directory `/root/.cpanm/work/1460645193.953/NTLM-1.09/DES&#39;
&gt; make[1]: Entering directory
&gt; `/root/.cpanm/work/1460645193.953/NTLM-1.09/MD4&#39;
&gt; make[1]: Leaving directory `/root/.cpanm/work/1460645193.953/NTLM-1.09/MD4&#39;
&gt; Manifying 1 pod document
&gt; Installing /usr/lib/perl5/site_perl/5.8.8/Authen/NTLM.pm
&gt; Installing /usr/lib/perl5/site_perl/5.8.8/Authen/NTLM/DES.pm
&gt; Installing /usr/lib/perl5/site_perl/5.8.8/Authen/NTLM/MD4.pm
&gt; Installing /usr/share/man/man3/Authen::NTLM.3pm
&gt; Appending installation info to
&gt; /usr/lib/perl5/5.8.8/i386-linux-thread-multi/perllocal.pod
&gt; -&gt; OK
&gt; Successfully installed Authen-NTLM-1.09
&gt; Installing
&gt; /usr/lib/perl5/site_perl/5.8.8/i386-linux-thread-multi/.meta/NTLM-1.09/MYMETA.json
&gt; Installing
&gt; /usr/lib/perl5/site_perl/5.8.8/i386-linux-thread-multi/.meta/NTLM-1.09/install.json
&gt; Building and testing Authen-SASL-Perl-NTLM-0.002
&gt; cp lib/Authen/SASL/Perl/NTLM.pm blib/lib/Authen/SASL/Perl/NTLM.pm
&gt; Manifying 1 pod document
&gt; PERL_DL_NONLAZY=1 &#34;/usr/bin/perl&#34; &#34;-MExtUtils::Command::MM&#34;
&gt; &#34;-MTest::Harness&#34; &#34;-e&#34; &#34;undef *Test::Harness::Switches; test_harness&#40;0,
&gt; &#39;blib/lib&#39;, &#39;blib/arch&#39;&#41;&#34; t/*.t
&gt; t/author-critic...........skipped
&gt;         all skipped: these tests are for testing by the author
&gt; t/ntlm_client.............String found where operator expected at
&gt; t/ntlm_client.t line 30, near &#34;subtest &#39;simple&#39;&#34;
&gt;        &#40;Do you need to predeclare subtest?&#41;
&gt; syntax error at t/ntlm_client.t line 30, near &#34;subtest &#39;simple&#39;&#34;
&gt; Execution of t/ntlm_client.t aborted due to compilation errors.
&gt; # Looks like your test died before it could output anything.
&gt; dubious
&gt;        Test returned status 255 &#40;wstat 65280, 0xff00&#41;
&gt; t/release-no-tabs.........skipped
&gt;        all skipped: these tests are for release candidate testing
&gt; t/release-pod-coverage....skipped
&gt;         all skipped: these tests are for release candidate testing
&gt; t/release-pod-syntax......skipped
&gt;         all skipped: these tests are for release candidate testing
&gt; FAILED--5 test scripts could be run, alas--no output ever seen
&gt; make: *** [test_dynamic] Error 255
&gt; -&gt; FAIL Installing Authen::SASL::Perl::NTLM failed. See
&gt; /root/.cpanm/work/1460645193.953/build.log for details. Retry with --force
&gt; to force install it.
&gt; Expiring 1 work directories.
&gt; 2 distributions installed
&gt;
&gt;
&gt; Is this a bug or are you able to offer any further advice for a successful
&gt; installation?
&gt;
&gt; Many thanks,
&gt; Wes
&gt;
&gt; Wes Homard-Roy
&gt; Information Systems Developer
&gt; Library and Learning Services
&gt; The University of Northampton
&gt;
&gt;
&gt; The University of Northampton�s world-leading research and inspirational
&gt; teaching deliver life-changing student experiences. We are one of the top
&gt; 30 UK universities for student satisfaction*, and have a 96% employability
&gt; rate**. Our innovative, student-focused social impact agenda and active
&gt; global partnerships promote positive change locally, nationally and
&gt; internationally.
&gt; www.northampton.ac.uk
&gt;
&gt; * Ranked 26th in England for satisfaction when compared to full university
&gt; status HEIs in the National Student Survey 2014
&gt; ** HESA Destination of Leavers from Higher Education &#40;DLHE&#41; Survey
&gt; 2012/13, July 2014 compared to full university status HEIs for full time
&gt; study first Undergraduate degree leavers
&gt; This e-mail is private and may be confidential and is for the intended
&gt; recipient only. If you are not the intended recipient you are strictly
&gt; prohibited from using, printing, copying, distributing or disseminating
&gt; this e-mail or any information contained in it. We virus scan all E-mails
&gt; leaving The University of Northampton but no warranty is given that this
&gt; E-mail and any attachments are virus free. You should undertake your own
&gt; virus checking. The right to monitor E-mail communications through our
&gt; networks is reserved by us.
&gt;
&gt;
&gt;
</div></div></div>

<div class="messagebody">
<p>Message body is not shown because it is too large.</p></div>
</div>
    </div>
</div>
</div>
<div class="ticket-transaction basics Status odd">
<div class="ticket-transaction">
  <div class="metadata">
    <span class="type">
      &nbsp;      
    </span>
    <span class="date">Thu&nbsp;Apr&nbsp;14&nbsp;15:42:51&nbsp;2016</span>
    <span class="description">The RT System itself -  Status changed from &#39;new&#39; to &#39;open&#39;</span>
    <span class="time-taken"></span>    <span class="actions hidden"></span>
  </div>
    <div class="content">
    </div>
</div>
</div>
<div class="ticket-transaction basics Status even">
<div class="ticket-transaction">
  <div class="metadata">
    <span class="type">
      &nbsp;      
    </span>
    <span class="date">Fri&nbsp;Apr&nbsp;15&nbsp;03:34:12&nbsp;2016</span>
    <span class="description">STEVENL [...] cpan.org -  Status changed from &#39;open&#39; to &#39;resolved&#39;</span>
    <span class="time-taken"></span>    <span class="actions hidden"></span>
  </div>
    <div class="content">
    </div>
</div>
</div>
<div class="ticket-transaction people Set odd">
<div class="ticket-transaction">
  <div class="metadata">
    <span class="type">
      &nbsp;      
    </span>
    <span class="date">Fri&nbsp;Apr&nbsp;15&nbsp;03:34:18&nbsp;2016</span>
    <span class="description">STEVENL [...] cpan.org -  Taken</span>
    <span class="time-taken"></span>    <span class="actions hidden"></span>
  </div>
    <div class="content">
    </div>
</div>
</div>
<div class="ticket-transaction other CustomField even">
<div class="ticket-transaction">
  <div class="metadata">
    <span class="type">
      &nbsp;      
    </span>
    <span class="date">Fri&nbsp;Apr&nbsp;15&nbsp;03:34:19&nbsp;2016</span>
    <span class="description">STEVENL [...] cpan.org -  Fixed in 0.003 added</span>
    <span class="time-taken"></span>    <span class="actions hidden"></span>
  </div>
    <div class="content">
    </div>
</div>
</div>
<div class="ticket-transaction message Correspond odd">
<div class="ticket-transaction">
  <div class="metadata">
    <span class="type">
      &nbsp;      
    </span>
    <span class="date">Fri&nbsp;Apr&nbsp;15&nbsp;05:36:09&nbsp;2016</span>
    <span class="description">Wes.Homard-Roy [...] northampton.ac.uk -  Correspondence added</span>
    <span class="time-taken"></span>    <span class="actions hidden"></span>
  </div>
    <div class="content">
      
<table>
  <tr>
    <td align="right" class="message-header-key">Subject:</td>
    <td class="message-header-value"> RE: [rt.cpan.org #113797] Installing Authen::SASL::Perl::NTLM failed</td>
  </tr>
  <tr>
    <td align="right" class="message-header-key">Date:</td>
    <td class="message-header-value"> Fri, 15 Apr 2016 09:33:00 +0000</td>
  </tr>
  <tr>
    <td align="right" class="message-header-key">To:</td>
    <td class="message-header-value"> &lt;bug-Authen-SASL-Perl-NTLM [...] rt.cpan.org&gt;</td>
  </tr>
  <tr>
    <td align="right" class="message-header-key">From:</td>
    <td class="message-header-value"> &#34;Homard-Roy Wes&#34; &lt;Wes.Homard-Roy [...] northampton.ac.uk&gt;</td>
  </tr>
</table>

<div class="messagebody">
<p>Message body is not shown because it is too large.</p></div>
    </div>
</div>
</div>
</div>
    <hr class="clear" />
  </div>
</div>




</div>
 


  <hr class="clear" />
</div>
</body>
</html>
