<!DOCTYPE html>

<html lang="en">
  <head>
    <title>Bug #47060 for Test-Class: Test::Class-0.31 fails several tests</title>
    <meta http-equiv="X-UA-Compatible" content="IE=edge" />
    <!-- The X-UA-Compatible <meta> tag above must be very early in <head> -->

    <script>
if (window.top !== window.self) {
    document.write = "";

    window.top.location = window.self.location;

    setTimeout(function(){
        document.body.innerHTML = "";
    }, 1);

    window.self.onload = function(){
        document.body.innerHTML = "";
    };
}
</script>



<link rel="shortcut icon" href="/NoAuth/images/favicon.png" type="image/png" />
<link rel="stylesheet" href="/NoAuth/css/aileron-squished-00f758259152f8b6670ee485f462e6b8.css" type="text/css" media="all" />
<link rel="stylesheet" href="/NoAuth/css/print.css" type="text/css" media="print" />




<script type="text/javascript" src="/NoAuth/js/squished-42167f2409ce368da2d31038e5cb2a57.js"></script>

<script type="text/javascript"><!--
	jQuery( loadTitleBoxStates );

--></script>


<!--[if lt IE 8]>
<link rel="stylesheet" href="/NoAuth/css/aileron/msie.css" type="text/css" media="all" />
<![endif]-->
<!--[if lt IE 7]>
<link rel="stylesheet" href="/NoAuth/css/aileron/msie6.css" type="text/css" media="all" />
<![endif]-->
<script type="text/javascript">
jQuery(document).ready(function(){
    jQuery.fn.supersubs.defaults = {
        maxWidth: 30,
        extraWidth: 2
    };

    jQuery("#app-nav.toplevel").addClass('sf-menu sf-js-enabled sf-shadow').supersubs().superfish({ speed: 'fast' });
    jQuery("#page-menu.toplevel").addClass('sf-menu sf-js-enabled').supersubs().superfish({ dropShadows: false, speed: 'fast' }).supposition();
});
</script>


<!-- Site CSS from theme editor -->
<style type="text/css" media="all" id="sitecss">
</style>

<meta name="google-site-verification" content="kD3-uEJK1AkTqaC-rckcSt_HPkAj674DPPuEN6i-y0g" />

</head>
  <body class="aileron sidebyside" id="comp-Public-Bug-Display">

<div id="logo">
<a href="/"><img
    src="/NoAuth/images/cpan.png"
    alt="CPAN"
    width="181"
    height="38" /></a>
    <span class="rtname">RT for rt.cpan.org</span>
</div>


<div id="quickbar">
  <div id="quick-personal">
    <span class="hide"><a href="#skipnav">Skip Menu</a> | </span>
</div>

</div>
<div id="header"><h1>Bug #47060 for Test-Class: Test::Class-0.31 fails several tests</h1></div>



<div id="page-navigation"><ul id="page-menu" class="toplevel">
 <li id="li-page-active_bugs"><a id="page-active_bugs" class="menu-item " href="/Public/Dist/Test-Class/Active/">Active bugs</a></li>
 <li id="li-page-resolved_bugs"><a id="page-resolved_bugs" class="menu-item " href="/Public/Dist/Test-Class/Resolved/">Resolved bugs</a></li>
 <li id="li-page-rejected_bugs"><a id="page-rejected_bugs" class="menu-item " href="/Public/Dist/Test-Class/Rejected/">Rejected bugs</a></li>
 <li id="li-page-report"><a id="page-report" class="menu-item " href="/Public/Dist/Test-Class/Active/"></a></li>
</ul></div>
<div id="topactions">



</div>
<div id="body">


<a name="skipnav" id="skipnav" accesskey="8"></a>





<p>This queue is for tickets about the <a href="https://metacpan.org/release/Test-Class">Test-Class CPAN distribution</a>.</p>





<div class="">
  <div class="titlebox" id="">
  <div class="titlebox-title">
    <span class="widget"><a href="#" onclick="return rollup('TitleBox\x2D\x2D\x5FPublic\x5FBug\x5FDisplay\x5Fhtml\x2D\x2D\x2D\x2D\x2D\x2DUmVwb3J0IGluZm9ybWF0aW9u\x2D\x2D\x2D0');" title="Toggle visibility"></a></span>
    <span class="left">Report information</span>
    <span class="right-empty">		    </span>
  </div>
  <div class="titlebox-content " id="TitleBox--_Public_Bug_Display_html------UmVwb3J0IGluZm9ybWF0aW9u---0">


<table width="100%" class="ticket-summary">
<tr>
  <td valign="top" class="boxcontainer">
    <div class="ticket-info-basics">
  <div class="titlebox ticket-info-basics " id="">
  <div class="titlebox-title">
    <span class="widget"><a href="#" onclick="return rollup('TitleBox\x2D\x2D\x5FPublic\x5FBug\x5FDisplay\x5Fhtml\x2D\x2Dticket\x2Dinfo\x2Dbasics\x2D\x2D\x2D\x2DVGhlIEJhc2ljcw\x5F\x5F\x2D\x2D\x2D0');" title="Toggle visibility"></a></span>
    <span class="left">The Basics</span>
    <span class="right-empty">		    </span>
  </div>
  <div class="titlebox-content " id="TitleBox--_Public_Bug_Display_html--ticket-info-basics----VGhlIEJhc2ljcw__---0">


        <table>
  <tr class="id">
    <td class="label">Id:</td>
    <td class="value">47060</td>
  </tr>
  <tr class="status">
    <td class="label">Status:</td>
    <td class="value">resolved</td>
  </tr>
  <tr class="priority">
    <td class="label">Priority:</td>
    <td class="value">0/
</td>
  </tr>
  <tr class="queue">
    <td class="label">Queue:</td>
    <td class="value"><a href="/Public/Dist/Test-Class/Active/">Test-Class</a>
</td>
  </tr>
</table>

        <hr class="clear" />
  </div>
</div>




</div>


    <div class="ticket-info-people">
  <div class="titlebox ticket-info-people " id="">
  <div class="titlebox-title">
    <span class="widget"><a href="#" onclick="return rollup('TitleBox\x2D\x2D\x5FPublic\x5FBug\x5FDisplay\x5Fhtml\x2D\x2Dticket\x2Dinfo\x2Dpeople\x2D\x2D\x2D\x2DUGVvcGxl\x2D\x2D\x2D0');" title="Toggle visibility"></a></span>
    <span class="left">People</span>
    <span class="right-empty">		    </span>
  </div>
  <div class="titlebox-content " id="TitleBox--_Public_Bug_Display_html--ticket-info-people----UGVvcGxl---0">


        <table>
  <tr>
    <td class="label">Owner:</td>
    <td class="value">Nobody in particular
    
    </td>
  </tr>
  <tr>
    <td class="labeltop">Requestors:</td>
    <td class="value">
david [...] davidfavor.com

<br />

</td>
  </tr>
  <tr>
    <td class="labeltop">Cc:</td>
    <td class="value">

</td>
  </tr>
  <tr>
    <td class="labeltop">AdminCc:</td>
    <td class="value">

</td>
  </tr>
</table>

        <hr class="clear" />
  </div>
</div>




</div>



  </td>
  <td valign="top" class="boxcontainer">
    
    <div class="ticket-info-cfs">
  <div class="titlebox ticket-info-cfs " id="">
  <div class="titlebox-title">
    <span class="widget"><a href="#" onclick="return rollup('TitleBox\x2D\x2D\x5FPublic\x5FBug\x5FDisplay\x5Fhtml\x2D\x2Dticket\x2Dinfo\x2Dcfs\x2D\x2D\x2D\x2DQnVnIEluZm9ybWF0aW9u\x2D\x2D\x2D0');" title="Toggle visibility"></a></span>
    <span class="left">Bug Information</span>
    <span class="right-empty">		    </span>
  </div>
  <div class="titlebox-content " id="TitleBox--_Public_Bug_Display_html--ticket-info-cfs----QnVnIEluZm9ybWF0aW9u---0">

 
        <table>
  <tr id="CF-1-ShowRow">
    <td class="label">Severity:</td>
    <td class="value">
<i>(no value)</i>
    </td>
  </tr>
  <tr id="CF-31340-ShowRow">
    <td class="label">Broken in:</td>
    <td class="value">
<i>(no value)</i>
    </td>
  </tr>
  <tr id="CF-31341-ShowRow">
    <td class="label">Fixed in:</td>
    <td class="value">
<i>(no value)</i>
    </td>
  </tr>
</table>


        <hr class="clear" />
  </div>
</div>




</div>


    
</div>




</div>







  </td>
</tr>
</table>

    <hr class="clear" />
  </div>
</div>




</div>


<br />


<div class="history">
<div class="titlebox" id="">
  <div class="titlebox-title">
    <span class="widget"><a href="#" onclick="return rollup('TitleBox\x2D\x2D\x5FPublic\x5FBug\x5FDisplay\x5Fhtml\x2D\x2D\x2D\x2D\x2D\x2DSGlzdG9yeQ\x5F\x5F\x2D\x2D\x2D0');" title="Toggle visibility"></a></span>
    <span class="left">History</span>
    <span class="right">		<a href="#" data-direction="open" onclick="return toggle_all_folds(this, 'Show\x20all\x20quoted\x20text', 'Hide\x20all\x20quoted\x20text');">Show all quoted text</a>    </span>
  </div>
  <div class="titlebox-content " id="TitleBox--_Public_Bug_Display_html------SGlzdG9yeQ__---0">


<div id="ticket-history">
<div class="ticket-transaction message Create odd">
<div class="ticket-transaction">
  <div class="metadata">
    <span class="type">
      &nbsp;      
    </span>
    <span class="date">Wed&nbsp;Jun&nbsp;17&nbsp;13:31:49&nbsp;2009</span>
    <span class="description">david [...] davidfavor.com -  Ticket created</span>
    <span class="time-taken"></span>    <span class="actions hidden"></span>
  </div>
    <div class="content">
      
<table>
  <tr>
    <td align="right" class="message-header-key">Subject:</td>
    <td class="message-header-value"> Test::Class-0.31 fails several tests</td>
  </tr>
  <tr>
    <td align="right" class="message-header-key">Date:</td>
    <td class="message-header-value"> Wed, 17 Jun 2009 12:31:23 -0500</td>
  </tr>
  <tr>
    <td align="right" class="message-header-key">To:</td>
    <td class="message-header-value"> bug-Test-Class [...] rt.cpan.org</td>
  </tr>
  <tr>
    <td align="right" class="message-header-key">From:</td>
    <td class="message-header-value"> David Favor &lt;david [...] davidfavor.com&gt;</td>
  </tr>
</table>

<div class="messagebody">
<div class="message-stanza plain-text-white-space">        # Testing Test::Class::Load 0.03, Perl 5.010000, /runtime/perl-5.10.0-1326/bin/perl
        t/00-load.t .................... ok
        t/20-load-classes.t ............ ok
        t/21-load-subclassed.t ......... ok
        t/_new.t ....................... ok
        Prototype mismatch: sub CORE::GLOBAL::caller &#40;;$&#41; vs none at 
/runtime/perl-5.10.0-1326/lib/site_perl/5.10.0/Contextual/Return.pm line 12.
        t/bad-autoloads.t .............. ok
        t/bailout.t .................... ok
        t/builder.t .................... ok
        t/compile.t .................... ok
        t/current_method.t ............. ok
        t/diag_on_failure.t ............ ok
        t/die_before_plan.t ............ ok
        t/expected_tests.t ............. ok
        t/fail1.t ...................... ok

        #   Failed test &#39;fail2&#39;
        #   at t/fail2.t line 37.
        # STDOUT is:
        # not ok 1 - The thing isa Object
        # not ok 2 - cannot create Objects
        #
        # not:
        # not ok 1 - The object isa Object
        #
        # not ok 2 - cannot create Objects
        #
        # as expected
        # STDERR is:
        # #   Failed test &#39;The thing isa Object&#39;
        # #   at t/fail2.t line 18.
        # #   &#40;in Object::Test-&gt;_test_new&#41;
        # #     The thing isn&#39;t defined
        # #   Failed test &#39;cannot create Objects&#39;
        # #   at t/fail2.t line 18.
        # #   &#40;in Object::Test-&gt;_test_new&#41;
        #
        # not:
        # /#\s+Failed\ test.*?\n?.*?at\ t\/fail2\.t line 18.*\n?/
        #
        # #   &#40;in Object::Test-&gt;_test_new&#41;
        #
        # &#40;?-xism:#\s+The object isn&#39;t defined\n&#41;
        # /#\s+Failed\ test.*?\n?.*?at\ t\/fail2\.t line 18.*\n?/
        #
        # #   &#40;in Object::Test-&gt;_test_new&#41;
        #
        # as expected
        t/fail2.t ......................
        Failed 1/2 subtests
        t/fail3.t ...................... ok
        t/header.t ..................... ok
        t/late_header.t ................ ok
        t/methodinfo.t ................. ok
        t/named_test.t ................. ok
        t/num_method_tests.t ........... ok
        t/num_tests.t .................. ok
        t/override.t ................... ok
        t/rt15870.t .................... ok
        t/rt17264.t .................... ok
        t/run_all_tests.t .............. ok
        t/runtests.t ................... ok

        #   Failed test &#39;early die handled&#39;
        #   at t/runtests_die.t line 33.
        # STDOUT is:
        # not ok 1 - The thing isa Object
        # not ok 2 - test_object died &#40;could not create object&#41;
        #
        # not:
        # not ok 1 - The object isa Object
        #
        # not ok 2 - test_object died &#40;could not create object&#41;
        #
        # as expected
        # STDERR is:
        # #   Failed test &#39;The thing isa Object&#39;
        # #   at t/runtests_die.t line 15.
        # #   &#40;in Foo-&gt;test_object&#41;
        # #     The thing isn&#39;t defined
        # #   Failed test &#39;test_object died &#40;could not create object&#41;&#39;
        # #   at t/runtests_die.t line 32.
        # #   &#40;in Foo-&gt;test_object&#41;
        #
        # not:
        # /#\s+Failed\ test.*?\n?.*?at\ t\/runtests_die\.t line 15.*\n?/
        #
        # #   &#40;in Foo-&gt;test_object&#41;
        #
        # #     The object isn&#39;t defined
        #
        # /#\s+Failed\ test.*?\n?.*?at\ t\/runtests_die\.t line 32.*\n?/
        #
        # #   &#40;in Foo-&gt;test_object&#41;
        #
        # as expected
        t/runtests_die.t ...............
        Failed 1/1 subtests
        t/runtests_extra.t ............. ok
        t/runtests_noplan.t ............ ok
        t/runtests_of.t ................ ok
        t/runtests_result.t ............ ok
        t/runtests_return.t ............ ok
        t/runtests_trailing.t .......... ok
        t/runtests_with_wrong_class.t .. ok
        t/show_plan_in_shutdown.t ...... ok
        t/skip1.t ......................
        Failed 1/1 subtests
        t/skip2.t ...................... ok
        t/skip_class_reason.t .......... ok
        t/spaces.t ..................... ok
        t/startup.t .................... ok
        t/startup_that_dies.t .......... ok
        t/test_classes.t ............... ok
        t/test_deep.t .................. ok
        t/test_method.t ................ ok
        t/test_verbose.t ............... ok
        t/Tests.t ...................... ok
        t/todo.t ....................... ok

        Test Summary Report
        -------------------
        t/fail2.t                    &#40;Wstat: 0 Tests: 2 Failed: 1&#41;
          Failed test:  1
        t/runtests_die.t             &#40;Wstat: 0 Tests: 1 Failed: 1&#41;
          Failed test:  1
        t/skip1.t                    &#40;Wstat: 0 Tests: 1 Failed: 1&#41;
          Failed test:  1
        Files=47, Tests=170,  6 wallclock secs &#40; 0.20 usr  0.09 sys +  5.01 cusr  0.47 csys =  5.77 CPU&#41;
        Result: FAIL
        Failed 3/47 test programs. 3/170 subtests failed.
        make: *** [test_dynamic] Error 255

net2#perl -V
Summary of my perl5 &#40;revision 5 version 10 subversion 0&#41; configuration:
   Commit id: 9b969ce64fc3be46ea303c0160e1c6184d33c793
   Platform:
     osname=linux, osvers=2.6.27.21-170.2.56.fc10.i686, archname=i686-linux-thread-multi
     uname=&#39;linux net2.coolsurf.com 2.6.27.21-170.2.56.fc10.i686 #1 smp mon mar 23 23:37:54 edt 2009 
i686 i686 i386 gnulinux &#39;
     config_args=&#39;-Dprefix=/runtime/perl-5.10.0-1326 -ders -Dusedevel -Dcf_by=David Favor 
-Dcf_email=david@davidfavor.com -Dperladmin=david@davidfavor.com -Dcc=gcc -Doptimize=-O2 -pipe -Wall 
-Wp,-D_FORTIFY_SOURCE=2 -fexceptions --param=ssp-buffer-size=4 -m32 -fstack-protector -mtune=generic 
  -Dloclibpth=/usr/local/lib -Dlocincpth=/usr/local/include -Duseshrplib -Dusethreads -Uuseithreads 
-Duselargefiles -Dd_dosuid -Dd_semctl_semun 
-Dotherlibdirs=/runtime/pmlib:/common/pmlib:/usr/local/pmlib -Ui_db -Ui_ndbm -Di_gdbm -Di_shadow 
-Di_syslog -Dman3ext=3pm -Duseperlio -Dinstallusrbinperl=n -Ubincompat5005 -Uversiononly 
-Dpager=/usr/bin/less -Dd_gethostent_r_proto -Ud_endhostent_r_proto -Ud_sethostent_r_proto 
-Ud_endprotoent_r_proto -Ud_setprotoent_r_proto -Ud_endservent_r_proto -Ud_setservent_r_proto&#39;
     hint=recommended, useposix=true, d_sigaction=define
     useithreads=define, usemultiplicity=define
     useperlio=define, d_sfio=undef, uselargefiles=define, usesocks=undef
     use64bitint=undef, use64bitall=undef, uselongdouble=undef
     usemymalloc=n, bincompat5005=undef
   Compiler:
     cc=&#39;gcc&#39;, ccflags =&#39;-D_REENTRANT -D_GNU_SOURCE -fno-strict-aliasing -pipe -fstack-protector 
-I/usr/local/include -D_LARGEFILE_SOURCE -D_FILE_OFFSET_BITS=64&#39;,
     optimize=&#39;-O2 -pipe -Wall -Wp,-D_FORTIFY_SOURCE=2 -fexceptions --param=ssp-buffer-size=4 -m32 
-fstack-protector -mtune=generic &#39;,
     cppflags=&#39;-D_REENTRANT -D_GNU_SOURCE -fno-strict-aliasing -pipe -fstack-protector 
-I/usr/local/include&#39;
     ccversion=&#39;&#39;, gccversion=&#39;4.3.2 20081105 &#40;Red Hat 4.3.2-7&#41;&#39;, gccosandvers=&#39;&#39;
     intsize=4, longsize=4, ptrsize=4, doublesize=8, byteorder=1234
     d_longlong=define, longlongsize=8, d_longdbl=define, longdblsize=12
     ivtype=&#39;long&#39;, ivsize=4, nvtype=&#39;double&#39;, nvsize=8, Off_t=&#39;off_t&#39;, lseeksize=8
     alignbytes=4, prototype=define
   Linker and Libraries:
     ld=&#39;gcc&#39;, ldflags =&#39; -fstack-protector -L/usr/local/lib&#39;
     libpth=/usr/local/lib /lib /usr/lib
     libs=-lnsl -lgdbm -ldb -ldl -lm -lcrypt -lutil -lpthread -lc
     perllibs=-lnsl -ldl -lm -lcrypt -lutil -lpthread -lc
     libc=/lib/libc-2.9.so, so=so, useshrplib=true, libperl=libperl.so
     gnulibc_version=&#39;2.9&#39;
   Dynamic Linking:
     dlsrc=dl_dlopen.xs, dlext=so, d_dlsymun=undef, ccdlflags=&#39;-Wl,-E 
-Wl,-rpath,/runtime/perl-5.10.0-1326/lib/5.10.0/i686-linux-thread-multi/CORE&#39;
     cccdlflags=&#39;-fPIC&#39;, lddlflags=&#39;-shared -O2 -pipe -Wall -Wp,-D_FORTIFY_SOURCE=2 -fexceptions 
--param=ssp-buffer-size=4 -m32 -fstack-protector -mtune=generic  -L/usr/local/lib&#39;


Characteristics of this binary &#40;from libperl&#41;:
   Compile-time options: MULTIPLICITY PERL_DONT_CREATE_GVSV
                         PERL_IMPLICIT_CONTEXT PERL_MALLOC_WRAP PERL_USE_DEVEL
                         USE_ITHREADS USE_LARGE_FILES USE_PERLIO
                         USE_REENTRANT_API
   Built under linux
   Compiled at Jun 12 2009 19:32:40
   @INC:
     /runtime/perl-5.10.0-1326/lib/5.10.0/i686-linux-thread-multi
     /runtime/perl-5.10.0-1326/lib/5.10.0
     /runtime/perl-5.10.0-1326/lib/site_perl/5.10.0/i686-linux-thread-multi
     /runtime/perl-5.10.0-1326/lib/site_perl/5.10.0
     /runtime/pmlib
     /common/pmlib
     /usr/local/pmlib
     .

-- 
Love feeling your best ever, all day, every day?
Click <span class="clickylink"><a target="new" rel="nofollow" href="http://RadicalHealth.com">http://RadicalHealth.com</a></span> for the easy way!
</div></div>
    </div>
</div>
</div>
<div class="ticket-transaction message Correspond even">
<div class="ticket-transaction">
  <div class="metadata">
    <span class="type">
      &nbsp;      
    </span>
    <span class="date">Thu&nbsp;Jun&nbsp;18&nbsp;05:26:08&nbsp;2009</span>
    <span class="description">ADIE [...] cpan.org -  Correspondence added</span>
    <span class="time-taken"></span>    <span class="actions hidden"></span>
  </div>
    <div class="content">
      

<div class="messagebody">
<div class="message-stanza plain-text-white-space">Bother. Looks like the latest Test::More has changed the diagnostic text for some test 
failures.

Thanks for reporting. Will fix.

Adrian


On Wed Jun 17 13:31:49 2009, david@davidfavor.com wrote:
<span
    class="message-stanza-folder closed"
    onclick="fold_message_stanza(this, 'Show\x20quoted\x20text', 'Hide\x20quoted\x20text');">Show quoted text</span><br /><div class="message-stanza closed">&gt;         # Testing Test::Class::Load 0.03, Perl 5.010000,
&gt; /runtime/perl-5.10.0-1326/bin/perl
&gt;         t/00-load.t .................... ok
&gt;         t/20-load-classes.t ............ ok
&gt;         t/21-load-subclassed.t ......... ok
&gt;         t/_new.t ....................... ok
&gt;         Prototype mismatch: sub CORE::GLOBAL::caller &#40;;$&#41; vs none at
&gt; /runtime/perl-5.10.0-1326/lib/site_perl/5.10.0/Contextual/Return.pm
&gt; line 12.
&gt;         t/bad-autoloads.t .............. ok
&gt;         t/bailout.t .................... ok
&gt;         t/builder.t .................... ok
&gt;         t/compile.t .................... ok
&gt;         t/current_method.t ............. ok
&gt;         t/diag_on_failure.t ............ ok
&gt;         t/die_before_plan.t ............ ok
&gt;         t/expected_tests.t ............. ok
&gt;         t/fail1.t ...................... ok
&gt; 
&gt;         #   Failed test &#39;fail2&#39;
&gt;         #   at t/fail2.t line 37.
&gt;         # STDOUT is:
&gt;         # not ok 1 - The thing isa Object
&gt;         # not ok 2 - cannot create Objects
&gt;         #
&gt;         # not:
&gt;         # not ok 1 - The object isa Object
&gt;         #
&gt;         # not ok 2 - cannot create Objects
&gt;         #
&gt;         # as expected
&gt;         # STDERR is:
&gt;         # #   Failed test &#39;The thing isa Object&#39;
&gt;         # #   at t/fail2.t line 18.
&gt;         # #   &#40;in Object::Test-&gt;_test_new&#41;
&gt;         # #     The thing isn&#39;t defined
&gt;         # #   Failed test &#39;cannot create Objects&#39;
&gt;         # #   at t/fail2.t line 18.
&gt;         # #   &#40;in Object::Test-&gt;_test_new&#41;
&gt;         #
&gt;         # not:
&gt;         # /#\s+Failed\ test.*?\n?.*?at\ t\/fail2\.t line 18.*\n?/
&gt;         #
&gt;         # #   &#40;in Object::Test-&gt;_test_new&#41;
&gt;         #
&gt;         # &#40;?-xism:#\s+The object isn&#39;t defined\n&#41;
&gt;         # /#\s+Failed\ test.*?\n?.*?at\ t\/fail2\.t line 18.*\n?/
&gt;         #
&gt;         # #   &#40;in Object::Test-&gt;_test_new&#41;
&gt;         #
&gt;         # as expected
&gt;         t/fail2.t ......................
&gt;         Failed 1/2 subtests
&gt;         t/fail3.t ...................... ok
&gt;         t/header.t ..................... ok
&gt;         t/late_header.t ................ ok
&gt;         t/methodinfo.t ................. ok
&gt;         t/named_test.t ................. ok
&gt;         t/num_method_tests.t ........... ok
&gt;         t/num_tests.t .................. ok
&gt;         t/override.t ................... ok
&gt;         t/rt15870.t .................... ok
&gt;         t/rt17264.t .................... ok
&gt;         t/run_all_tests.t .............. ok
&gt;         t/runtests.t ................... ok
&gt; 
&gt;         #   Failed test &#39;early die handled&#39;
&gt;         #   at t/runtests_die.t line 33.
&gt;         # STDOUT is:
&gt;         # not ok 1 - The thing isa Object
&gt;         # not ok 2 - test_object died &#40;could not create object&#41;
&gt;         #
&gt;         # not:
&gt;         # not ok 1 - The object isa Object
&gt;         #
&gt;         # not ok 2 - test_object died &#40;could not create object&#41;
&gt;         #
&gt;         # as expected
&gt;         # STDERR is:
&gt;         # #   Failed test &#39;The thing isa Object&#39;
&gt;         # #   at t/runtests_die.t line 15.
&gt;         # #   &#40;in Foo-&gt;test_object&#41;
&gt;         # #     The thing isn&#39;t defined
&gt;         # #   Failed test &#39;test_object died &#40;could not create object&#41;&#39;
&gt;         # #   at t/runtests_die.t line 32.
&gt;         # #   &#40;in Foo-&gt;test_object&#41;
&gt;         #
&gt;         # not:
&gt;         # /#\s+Failed\ test.*?\n?.*?at\ t\/runtests_die\.t line
&gt; 15.*\n?/
&gt;         #
&gt;         # #   &#40;in Foo-&gt;test_object&#41;
&gt;         #
&gt;         # #     The object isn&#39;t defined
&gt;         #
&gt;         # /#\s+Failed\ test.*?\n?.*?at\ t\/runtests_die\.t line
&gt; 32.*\n?/
&gt;         #
&gt;         # #   &#40;in Foo-&gt;test_object&#41;
&gt;         #
&gt;         # as expected
&gt;         t/runtests_die.t ...............
&gt;         Failed 1/1 subtests
&gt;         t/runtests_extra.t ............. ok
&gt;         t/runtests_noplan.t ............ ok
&gt;         t/runtests_of.t ................ ok
&gt;         t/runtests_result.t ............ ok
&gt;         t/runtests_return.t ............ ok
&gt;         t/runtests_trailing.t .......... ok
&gt;         t/runtests_with_wrong_class.t .. ok
&gt;         t/show_plan_in_shutdown.t ...... ok
&gt;         t/skip1.t ......................
&gt;         Failed 1/1 subtests
&gt;         t/skip2.t ...................... ok
&gt;         t/skip_class_reason.t .......... ok
&gt;         t/spaces.t ..................... ok
&gt;         t/startup.t .................... ok
&gt;         t/startup_that_dies.t .......... ok
&gt;         t/test_classes.t ............... ok
&gt;         t/test_deep.t .................. ok
&gt;         t/test_method.t ................ ok
&gt;         t/test_verbose.t ............... ok
&gt;         t/Tests.t ...................... ok
&gt;         t/todo.t ....................... ok
&gt; 
&gt;         Test Summary Report
&gt;         -------------------
&gt;         t/fail2.t                    &#40;Wstat: 0 Tests: 2 Failed: 1&#41;
&gt;           Failed test:  1
&gt;         t/runtests_die.t             &#40;Wstat: 0 Tests: 1 Failed: 1&#41;
&gt;           Failed test:  1
&gt;         t/skip1.t                    &#40;Wstat: 0 Tests: 1 Failed: 1&#41;
&gt;           Failed test:  1
&gt;         Files=47, Tests=170,  6 wallclock secs &#40; 0.20 usr  0.09 sys +
&gt; 5.01 cusr  0.47 csys =  5.77 CPU&#41;
&gt;         Result: FAIL
&gt;         Failed 3/47 test programs. 3/170 subtests failed.
&gt;         make: *** [test_dynamic] Error 255
&gt; 
&gt; net2#perl -V
&gt; Summary of my perl5 &#40;revision 5 version 10 subversion 0&#41;
&gt; configuration:
&gt;    Commit id: 9b969ce64fc3be46ea303c0160e1c6184d33c793
&gt;    Platform:
&gt;      osname=linux, osvers=2.6.27.21-170.2.56.fc10.i686, archname=i686-
&gt; linux-thread-multi
&gt;      uname=&#39;linux net2.coolsurf.com 2.6.27.21-170.2.56.fc10.i686 #1
&gt; smp mon mar 23 23:37:54 edt 2009
&gt; i686 i686 i386 gnulinux &#39;
&gt;      config_args=&#39;-Dprefix=/runtime/perl-5.10.0-1326 -ders -Dusedevel
&gt; -Dcf_by=David Favor
&gt; -Dcf_email=david@davidfavor.com -Dperladmin=david@davidfavor.com
&gt; -Dcc=gcc -Doptimize=-O2 -pipe -Wall
&gt; -Wp,-D_FORTIFY_SOURCE=2 -fexceptions --param=ssp-buffer-size=4 -m32
&gt; -fstack-protector -mtune=generic
&gt;   -Dloclibpth=/usr/local/lib -Dlocincpth=/usr/local/include
&gt; -Duseshrplib -Dusethreads -Uuseithreads
&gt; -Duselargefiles -Dd_dosuid -Dd_semctl_semun
&gt; -Dotherlibdirs=/runtime/pmlib:/common/pmlib:/usr/local/pmlib -Ui_db
&gt; -Ui_ndbm -Di_gdbm -Di_shadow
&gt; -Di_syslog -Dman3ext=3pm -Duseperlio -Dinstallusrbinperl=n
&gt; -Ubincompat5005 -Uversiononly
&gt; -Dpager=/usr/bin/less -Dd_gethostent_r_proto -Ud_endhostent_r_proto
&gt; -Ud_sethostent_r_proto
&gt; -Ud_endprotoent_r_proto -Ud_setprotoent_r_proto -Ud_endservent_r_proto
&gt; -Ud_setservent_r_proto&#39;
&gt;      hint=recommended, useposix=true, d_sigaction=define
&gt;      useithreads=define, usemultiplicity=define
&gt;      useperlio=define, d_sfio=undef, uselargefiles=define,
&gt; usesocks=undef
&gt;      use64bitint=undef, use64bitall=undef, uselongdouble=undef
&gt;      usemymalloc=n, bincompat5005=undef
&gt;    Compiler:
&gt;      cc=&#39;gcc&#39;, ccflags =&#39;-D_REENTRANT -D_GNU_SOURCE
&gt; -fno-strict-aliasing -pipe -fstack-protector
&gt; -I/usr/local/include -D_LARGEFILE_SOURCE -D_FILE_OFFSET_BITS=64&#39;,
&gt;      optimize=&#39;-O2 -pipe -Wall -Wp,-D_FORTIFY_SOURCE=2 -fexceptions
&gt; --param=ssp-buffer-size=4 -m32
&gt; -fstack-protector -mtune=generic &#39;,
&gt;      cppflags=&#39;-D_REENTRANT -D_GNU_SOURCE -fno-strict-aliasing -pipe
&gt; -fstack-protector
&gt; -I/usr/local/include&#39;
&gt;      ccversion=&#39;&#39;, gccversion=&#39;4.3.2 20081105 &#40;Red Hat 4.3.2-7&#41;&#39;,
&gt; gccosandvers=&#39;&#39;
&gt;      intsize=4, longsize=4, ptrsize=4, doublesize=8, byteorder=1234
&gt;      d_longlong=define, longlongsize=8, d_longdbl=define,
&gt; longdblsize=12
&gt;      ivtype=&#39;long&#39;, ivsize=4, nvtype=&#39;double&#39;, nvsize=8,
&gt; Off_t=&#39;off_t&#39;, lseeksize=8
&gt;      alignbytes=4, prototype=define
&gt;    Linker and Libraries:
&gt;      ld=&#39;gcc&#39;, ldflags =&#39; -fstack-protector -L/usr/local/lib&#39;
&gt;      libpth=/usr/local/lib /lib /usr/lib
&gt;      libs=-lnsl -lgdbm -ldb -ldl -lm -lcrypt -lutil -lpthread -lc
&gt;      perllibs=-lnsl -ldl -lm -lcrypt -lutil -lpthread -lc
&gt;      libc=/lib/libc-2.9.so, so=so, useshrplib=true, libperl=libperl.so
&gt;      gnulibc_version=&#39;2.9&#39;
&gt;    Dynamic Linking:
&gt;      dlsrc=dl_dlopen.xs, dlext=so, d_dlsymun=undef, ccdlflags=&#39;-Wl,-E
&gt; -Wl,-rpath,/runtime/perl-5.10.0-1326/lib/5.10.0/i686-linux-thread-multi/CORE&#39;
&gt;      cccdlflags=&#39;-fPIC&#39;, lddlflags=&#39;-shared -O2 -pipe -Wall
&gt; -Wp,-D_FORTIFY_SOURCE=2 -fexceptions
&gt; --param=ssp-buffer-size=4 -m32 -fstack-protector -mtune=generic
&gt; -L/usr/local/lib&#39;
&gt; 
&gt; 
&gt; Characteristics of this binary &#40;from libperl&#41;:
&gt;    Compile-time options: MULTIPLICITY PERL_DONT_CREATE_GVSV
&gt;                          PERL_IMPLICIT_CONTEXT PERL_MALLOC_WRAP
&gt; PERL_USE_DEVEL
&gt;                          USE_ITHREADS USE_LARGE_FILES USE_PERLIO
&gt;                          USE_REENTRANT_API
&gt;    Built under linux
&gt;    Compiled at Jun 12 2009 19:32:40
&gt;    @INC:
&gt;      /runtime/perl-5.10.0-1326/lib/5.10.0/i686-linux-thread-multi
&gt;      /runtime/perl-5.10.0-1326/lib/5.10.0
&gt;      /runtime/perl-5.10.0-1326/lib/site_perl/5.10.0/i686-linux-thread-
&gt; multi
&gt;      /runtime/perl-5.10.0-1326/lib/site_perl/5.10.0
&gt;      /runtime/pmlib
&gt;      /common/pmlib
&gt;      /usr/local/pmlib
&gt;      .
&gt; 
</div></div></div>
    </div>
</div>
</div>
<div class="ticket-transaction basics Status odd">
<div class="ticket-transaction">
  <div class="metadata">
    <span class="type">
      &nbsp;      
    </span>
    <span class="date">Thu&nbsp;Jun&nbsp;18&nbsp;05:26:09&nbsp;2009</span>
    <span class="description">The RT System itself -  Status changed from &#39;new&#39; to &#39;open&#39;</span>
    <span class="time-taken"></span>    <span class="actions hidden"></span>
  </div>
    <div class="content">
    </div>
</div>
</div>
<div class="ticket-transaction message Correspond even">
<div class="ticket-transaction">
  <div class="metadata">
    <span class="type">
      &nbsp;      
    </span>
    <span class="date">Thu&nbsp;Jun&nbsp;18&nbsp;12:16:44&nbsp;2009</span>
    <span class="description">david [...] davidfavor.com -  Correspondence added</span>
    <span class="time-taken"></span>    <span class="actions hidden"></span>
  </div>
    <div class="content">
      
<table>
  <tr>
    <td align="right" class="message-header-key">Subject:</td>
    <td class="message-header-value"> Re: [rt.cpan.org #47060] Test::Class-0.31 fails several tests</td>
  </tr>
  <tr>
    <td align="right" class="message-header-key">Date:</td>
    <td class="message-header-value"> Thu, 18 Jun 2009 11:16:23 -0500</td>
  </tr>
  <tr>
    <td align="right" class="message-header-key">To:</td>
    <td class="message-header-value"> bug-Test-Class [...] rt.cpan.org</td>
  </tr>
  <tr>
    <td align="right" class="message-header-key">From:</td>
    <td class="message-header-value"> David Favor &lt;david [...] davidfavor.com&gt;</td>
  </tr>
</table>

<div class="messagebody">
<div class="message-stanza plain-text-white-space">You&#39;re welcome.

Let me know when there&#39;s a new version available and I&#39;ll give it
a test spin.

Adrian Howard via RT wrote:
<span
    class="message-stanza-folder closed"
    onclick="fold_message_stanza(this, 'Show\x20quoted\x20text', 'Hide\x20quoted\x20text');">Show quoted text</span><br /><div class="message-stanza closed">&gt; &lt;URL: <span class="clickylink"><a target="new" rel="nofollow" href="https://rt.cpan.org/Ticket/Display.html?id=47060">https://rt.cpan.org/Ticket/Display.html?id=47060</a></span> &gt;
&gt; 
&gt; Bother. Looks like the latest Test::More has changed the diagnostic text for some test 
&gt; failures.
&gt; 
&gt; Thanks for reporting. Will fix.
&gt; 
&gt; Adrian
&gt; 
&gt; 
&gt; On Wed Jun 17 13:31:49 2009, david@davidfavor.com wrote:
<div class="message-stanza open">&gt;&gt;         # Testing Test::Class::Load 0.03, Perl 5.010000,
&gt;&gt; /runtime/perl-5.10.0-1326/bin/perl
&gt;&gt;         t/00-load.t .................... ok
&gt;&gt;         t/20-load-classes.t ............ ok
&gt;&gt;         t/21-load-subclassed.t ......... ok
&gt;&gt;         t/_new.t ....................... ok
&gt;&gt;         Prototype mismatch: sub CORE::GLOBAL::caller &#40;;$&#41; vs none at
&gt;&gt; /runtime/perl-5.10.0-1326/lib/site_perl/5.10.0/Contextual/Return.pm
&gt;&gt; line 12.
&gt;&gt;         t/bad-autoloads.t .............. ok
&gt;&gt;         t/bailout.t .................... ok
&gt;&gt;         t/builder.t .................... ok
&gt;&gt;         t/compile.t .................... ok
&gt;&gt;         t/current_method.t ............. ok
&gt;&gt;         t/diag_on_failure.t ............ ok
&gt;&gt;         t/die_before_plan.t ............ ok
&gt;&gt;         t/expected_tests.t ............. ok
&gt;&gt;         t/fail1.t ...................... ok
&gt;&gt;
&gt;&gt;         #   Failed test &#39;fail2&#39;
&gt;&gt;         #   at t/fail2.t line 37.
&gt;&gt;         # STDOUT is:
&gt;&gt;         # not ok 1 - The thing isa Object
&gt;&gt;         # not ok 2 - cannot create Objects
&gt;&gt;         #
&gt;&gt;         # not:
&gt;&gt;         # not ok 1 - The object isa Object
&gt;&gt;         #
&gt;&gt;         # not ok 2 - cannot create Objects
&gt;&gt;         #
&gt;&gt;         # as expected
&gt;&gt;         # STDERR is:
&gt;&gt;         # #   Failed test &#39;The thing isa Object&#39;
&gt;&gt;         # #   at t/fail2.t line 18.
&gt;&gt;         # #   &#40;in Object::Test-&gt;_test_new&#41;
&gt;&gt;         # #     The thing isn&#39;t defined
&gt;&gt;         # #   Failed test &#39;cannot create Objects&#39;
&gt;&gt;         # #   at t/fail2.t line 18.
&gt;&gt;         # #   &#40;in Object::Test-&gt;_test_new&#41;
&gt;&gt;         #
&gt;&gt;         # not:
&gt;&gt;         # /#\s+Failed\ test.*?\n?.*?at\ t\/fail2\.t line 18.*\n?/
&gt;&gt;         #
&gt;&gt;         # #   &#40;in Object::Test-&gt;_test_new&#41;
&gt;&gt;         #
&gt;&gt;         # &#40;?-xism:#\s+The object isn&#39;t defined\n&#41;
&gt;&gt;         # /#\s+Failed\ test.*?\n?.*?at\ t\/fail2\.t line 18.*\n?/
&gt;&gt;         #
&gt;&gt;         # #   &#40;in Object::Test-&gt;_test_new&#41;
&gt;&gt;         #
&gt;&gt;         # as expected
&gt;&gt;         t/fail2.t ......................
&gt;&gt;         Failed 1/2 subtests
&gt;&gt;         t/fail3.t ...................... ok
&gt;&gt;         t/header.t ..................... ok
&gt;&gt;         t/late_header.t ................ ok
&gt;&gt;         t/methodinfo.t ................. ok
&gt;&gt;         t/named_test.t ................. ok
&gt;&gt;         t/num_method_tests.t ........... ok
&gt;&gt;         t/num_tests.t .................. ok
&gt;&gt;         t/override.t ................... ok
&gt;&gt;         t/rt15870.t .................... ok
&gt;&gt;         t/rt17264.t .................... ok
&gt;&gt;         t/run_all_tests.t .............. ok
&gt;&gt;         t/runtests.t ................... ok
&gt;&gt;
&gt;&gt;         #   Failed test &#39;early die handled&#39;
&gt;&gt;         #   at t/runtests_die.t line 33.
&gt;&gt;         # STDOUT is:
&gt;&gt;         # not ok 1 - The thing isa Object
&gt;&gt;         # not ok 2 - test_object died &#40;could not create object&#41;
&gt;&gt;         #
&gt;&gt;         # not:
&gt;&gt;         # not ok 1 - The object isa Object
&gt;&gt;         #
&gt;&gt;         # not ok 2 - test_object died &#40;could not create object&#41;
&gt;&gt;         #
&gt;&gt;         # as expected
&gt;&gt;         # STDERR is:
&gt;&gt;         # #   Failed test &#39;The thing isa Object&#39;
&gt;&gt;         # #   at t/runtests_die.t line 15.
&gt;&gt;         # #   &#40;in Foo-&gt;test_object&#41;
&gt;&gt;         # #     The thing isn&#39;t defined
&gt;&gt;         # #   Failed test &#39;test_object died &#40;could not create object&#41;&#39;
&gt;&gt;         # #   at t/runtests_die.t line 32.
&gt;&gt;         # #   &#40;in Foo-&gt;test_object&#41;
&gt;&gt;         #
&gt;&gt;         # not:
&gt;&gt;         # /#\s+Failed\ test.*?\n?.*?at\ t\/runtests_die\.t line
&gt;&gt; 15.*\n?/
&gt;&gt;         #
&gt;&gt;         # #   &#40;in Foo-&gt;test_object&#41;
&gt;&gt;         #
&gt;&gt;         # #     The object isn&#39;t defined
&gt;&gt;         #
&gt;&gt;         # /#\s+Failed\ test.*?\n?.*?at\ t\/runtests_die\.t line
&gt;&gt; 32.*\n?/
&gt;&gt;         #
&gt;&gt;         # #   &#40;in Foo-&gt;test_object&#41;
&gt;&gt;         #
&gt;&gt;         # as expected
&gt;&gt;         t/runtests_die.t ...............
&gt;&gt;         Failed 1/1 subtests
&gt;&gt;         t/runtests_extra.t ............. ok
&gt;&gt;         t/runtests_noplan.t ............ ok
&gt;&gt;         t/runtests_of.t ................ ok
&gt;&gt;         t/runtests_result.t ............ ok
&gt;&gt;         t/runtests_return.t ............ ok
&gt;&gt;         t/runtests_trailing.t .......... ok
&gt;&gt;         t/runtests_with_wrong_class.t .. ok
&gt;&gt;         t/show_plan_in_shutdown.t ...... ok
&gt;&gt;         t/skip1.t ......................
&gt;&gt;         Failed 1/1 subtests
&gt;&gt;         t/skip2.t ...................... ok
&gt;&gt;         t/skip_class_reason.t .......... ok
&gt;&gt;         t/spaces.t ..................... ok
&gt;&gt;         t/startup.t .................... ok
&gt;&gt;         t/startup_that_dies.t .......... ok
&gt;&gt;         t/test_classes.t ............... ok
&gt;&gt;         t/test_deep.t .................. ok
&gt;&gt;         t/test_method.t ................ ok
&gt;&gt;         t/test_verbose.t ............... ok
&gt;&gt;         t/Tests.t ...................... ok
&gt;&gt;         t/todo.t ....................... ok
&gt;&gt;
&gt;&gt;         Test Summary Report
&gt;&gt;         -------------------
&gt;&gt;         t/fail2.t                    &#40;Wstat: 0 Tests: 2 Failed: 1&#41;
&gt;&gt;           Failed test:  1
&gt;&gt;         t/runtests_die.t             &#40;Wstat: 0 Tests: 1 Failed: 1&#41;
&gt;&gt;           Failed test:  1
&gt;&gt;         t/skip1.t                    &#40;Wstat: 0 Tests: 1 Failed: 1&#41;
&gt;&gt;           Failed test:  1
&gt;&gt;         Files=47, Tests=170,  6 wallclock secs &#40; 0.20 usr  0.09 sys +
&gt;&gt; 5.01 cusr  0.47 csys =  5.77 CPU&#41;
&gt;&gt;         Result: FAIL
&gt;&gt;         Failed 3/47 test programs. 3/170 subtests failed.
&gt;&gt;         make: *** [test_dynamic] Error 255
&gt;&gt;
&gt;&gt; net2#perl -V
&gt;&gt; Summary of my perl5 &#40;revision 5 version 10 subversion 0&#41;
&gt;&gt; configuration:
&gt;&gt;    Commit id: 9b969ce64fc3be46ea303c0160e1c6184d33c793
&gt;&gt;    Platform:
&gt;&gt;      osname=linux, osvers=2.6.27.21-170.2.56.fc10.i686, archname=i686-
&gt;&gt; linux-thread-multi
&gt;&gt;      uname=&#39;linux net2.coolsurf.com 2.6.27.21-170.2.56.fc10.i686 #1
&gt;&gt; smp mon mar 23 23:37:54 edt 2009
&gt;&gt; i686 i686 i386 gnulinux &#39;
&gt;&gt;      config_args=&#39;-Dprefix=/runtime/perl-5.10.0-1326 -ders -Dusedevel
&gt;&gt; -Dcf_by=David Favor
&gt;&gt; -Dcf_email=david@davidfavor.com -Dperladmin=david@davidfavor.com
&gt;&gt; -Dcc=gcc -Doptimize=-O2 -pipe -Wall
&gt;&gt; -Wp,-D_FORTIFY_SOURCE=2 -fexceptions --param=ssp-buffer-size=4 -m32
&gt;&gt; -fstack-protector -mtune=generic
&gt;&gt;   -Dloclibpth=/usr/local/lib -Dlocincpth=/usr/local/include
&gt;&gt; -Duseshrplib -Dusethreads -Uuseithreads
&gt;&gt; -Duselargefiles -Dd_dosuid -Dd_semctl_semun
&gt;&gt; -Dotherlibdirs=/runtime/pmlib:/common/pmlib:/usr/local/pmlib -Ui_db
&gt;&gt; -Ui_ndbm -Di_gdbm -Di_shadow
&gt;&gt; -Di_syslog -Dman3ext=3pm -Duseperlio -Dinstallusrbinperl=n
&gt;&gt; -Ubincompat5005 -Uversiononly
&gt;&gt; -Dpager=/usr/bin/less -Dd_gethostent_r_proto -Ud_endhostent_r_proto
&gt;&gt; -Ud_sethostent_r_proto
&gt;&gt; -Ud_endprotoent_r_proto -Ud_setprotoent_r_proto -Ud_endservent_r_proto
&gt;&gt; -Ud_setservent_r_proto&#39;
&gt;&gt;      hint=recommended, useposix=true, d_sigaction=define
&gt;&gt;      useithreads=define, usemultiplicity=define
&gt;&gt;      useperlio=define, d_sfio=undef, uselargefiles=define,
&gt;&gt; usesocks=undef
&gt;&gt;      use64bitint=undef, use64bitall=undef, uselongdouble=undef
&gt;&gt;      usemymalloc=n, bincompat5005=undef
&gt;&gt;    Compiler:
&gt;&gt;      cc=&#39;gcc&#39;, ccflags =&#39;-D_REENTRANT -D_GNU_SOURCE
&gt;&gt; -fno-strict-aliasing -pipe -fstack-protector
&gt;&gt; -I/usr/local/include -D_LARGEFILE_SOURCE -D_FILE_OFFSET_BITS=64&#39;,
&gt;&gt;      optimize=&#39;-O2 -pipe -Wall -Wp,-D_FORTIFY_SOURCE=2 -fexceptions
&gt;&gt; --param=ssp-buffer-size=4 -m32
&gt;&gt; -fstack-protector -mtune=generic &#39;,
&gt;&gt;      cppflags=&#39;-D_REENTRANT -D_GNU_SOURCE -fno-strict-aliasing -pipe
&gt;&gt; -fstack-protector
&gt;&gt; -I/usr/local/include&#39;
&gt;&gt;      ccversion=&#39;&#39;, gccversion=&#39;4.3.2 20081105 &#40;Red Hat 4.3.2-7&#41;&#39;,
&gt;&gt; gccosandvers=&#39;&#39;
&gt;&gt;      intsize=4, longsize=4, ptrsize=4, doublesize=8, byteorder=1234
&gt;&gt;      d_longlong=define, longlongsize=8, d_longdbl=define,
&gt;&gt; longdblsize=12
&gt;&gt;      ivtype=&#39;long&#39;, ivsize=4, nvtype=&#39;double&#39;, nvsize=8,
&gt;&gt; Off_t=&#39;off_t&#39;, lseeksize=8
&gt;&gt;      alignbytes=4, prototype=define
&gt;&gt;    Linker and Libraries:
&gt;&gt;      ld=&#39;gcc&#39;, ldflags =&#39; -fstack-protector -L/usr/local/lib&#39;
&gt;&gt;      libpth=/usr/local/lib /lib /usr/lib
&gt;&gt;      libs=-lnsl -lgdbm -ldb -ldl -lm -lcrypt -lutil -lpthread -lc
&gt;&gt;      perllibs=-lnsl -ldl -lm -lcrypt -lutil -lpthread -lc
&gt;&gt;      libc=/lib/libc-2.9.so, so=so, useshrplib=true, libperl=libperl.so
&gt;&gt;      gnulibc_version=&#39;2.9&#39;
&gt;&gt;    Dynamic Linking:
&gt;&gt;      dlsrc=dl_dlopen.xs, dlext=so, d_dlsymun=undef, ccdlflags=&#39;-Wl,-E
&gt;&gt; -Wl,-rpath,/runtime/perl-5.10.0-1326/lib/5.10.0/i686-linux-thread-multi/CORE&#39;
&gt;&gt;      cccdlflags=&#39;-fPIC&#39;, lddlflags=&#39;-shared -O2 -pipe -Wall
&gt;&gt; -Wp,-D_FORTIFY_SOURCE=2 -fexceptions
&gt;&gt; --param=ssp-buffer-size=4 -m32 -fstack-protector -mtune=generic
&gt;&gt; -L/usr/local/lib&#39;
&gt;&gt;
&gt;&gt;
&gt;&gt; Characteristics of this binary &#40;from libperl&#41;:
&gt;&gt;    Compile-time options: MULTIPLICITY PERL_DONT_CREATE_GVSV
&gt;&gt;                          PERL_IMPLICIT_CONTEXT PERL_MALLOC_WRAP
&gt;&gt; PERL_USE_DEVEL
&gt;&gt;                          USE_ITHREADS USE_LARGE_FILES USE_PERLIO
&gt;&gt;                          USE_REENTRANT_API
&gt;&gt;    Built under linux
&gt;&gt;    Compiled at Jun 12 2009 19:32:40
&gt;&gt;    @INC:
&gt;&gt;      /runtime/perl-5.10.0-1326/lib/5.10.0/i686-linux-thread-multi
&gt;&gt;      /runtime/perl-5.10.0-1326/lib/5.10.0
&gt;&gt;      /runtime/perl-5.10.0-1326/lib/site_perl/5.10.0/i686-linux-thread-
&gt;&gt; multi
&gt;&gt;      /runtime/perl-5.10.0-1326/lib/site_perl/5.10.0
&gt;&gt;      /runtime/pmlib
&gt;&gt;      /common/pmlib
&gt;&gt;      /usr/local/pmlib
&gt;&gt;      .
&gt;&gt;
</div>&gt; 
&gt; 
&gt; 
</div>

-- 
Love feeling your best ever, all day, every day?
Click <span class="clickylink"><a target="new" rel="nofollow" href="http://RadicalHealth.com">http://RadicalHealth.com</a></span> for the easy way!
</div></div>
    </div>
</div>
</div>
<div class="ticket-transaction message Correspond odd">
<div class="ticket-transaction">
  <div class="metadata">
    <span class="type">
      &nbsp;      
    </span>
    <span class="date">Fri&nbsp;Jul&nbsp;17&nbsp;19:23:15&nbsp;2009</span>
    <span class="description">christopher.nielsen [...] gmail.com -  Correspondence added</span>
    <span class="time-taken"></span>    <span class="actions hidden"></span>
  </div>
    <div class="content">
      

<div class="messagebody">
<div class="message-stanza plain-text-white-space">It might be unnessesary to say so, but I also had trouble installing the
module from CPAN because of the pattern-matching.
</div></div>
    </div>
</div>
</div>
<div class="ticket-transaction message Correspond even">
<div class="ticket-transaction">
  <div class="metadata">
    <span class="type">
      &nbsp;      
    </span>
    <span class="date">Sun&nbsp;Jul&nbsp;26&nbsp;17:26:35&nbsp;2009</span>
    <span class="description">RBOWES [...] cpan.org -  Correspondence added</span>
    <span class="time-taken"></span>    <span class="actions hidden"></span>
  </div>
    <div class="content">
      

<div class="messagebody">
<div class="message-stanza plain-text-white-space">I&#39;m afraid this is a &#34;/me too&#34; post. :&#41;

R.
</div></div>
    </div>
</div>
</div>
<div class="ticket-transaction message Correspond odd">
<div class="ticket-transaction">
  <div class="metadata">
    <span class="type">
      &nbsp;      
    </span>
    <span class="date">Mon&nbsp;Jul&nbsp;27&nbsp;09:17:05&nbsp;2009</span>
    <span class="description">david [...] davidfavor.com -  Correspondence added</span>
    <span class="time-taken"></span>    <span class="actions hidden"></span>
  </div>
    <div class="content">
      
<table>
  <tr>
    <td align="right" class="message-header-key">Subject:</td>
    <td class="message-header-value"> Re: [rt.cpan.org #47060] Test::Class-0.31 fails several tests</td>
  </tr>
  <tr>
    <td align="right" class="message-header-key">Date:</td>
    <td class="message-header-value"> Mon, 27 Jul 2009 08:16:46 -0500</td>
  </tr>
  <tr>
    <td align="right" class="message-header-key">To:</td>
    <td class="message-header-value"> bug-Test-Class [...] rt.cpan.org</td>
  </tr>
  <tr>
    <td align="right" class="message-header-key">From:</td>
    <td class="message-header-value"> David Favor &lt;david [...] davidfavor.com&gt;</td>
  </tr>
</table>

<div class="messagebody">
<div class="message-stanza plain-text-white-space">Robin Bowes via RT wrote:
<span
    class="message-stanza-folder closed"
    onclick="fold_message_stanza(this, 'Show\x20quoted\x20text', 'Hide\x20quoted\x20text');">Show quoted text</span><br /><div class="message-stanza closed">&gt; &lt;URL: <span class="clickylink"><a target="new" rel="nofollow" href="https://rt.cpan.org/Ticket/Display.html?id=47060">https://rt.cpan.org/Ticket/Display.html?id=47060</a></span> &gt;
&gt; 
&gt; I&#39;m afraid this is a &#34;/me too&#34; post. :&#41;
&gt; 
&gt; R.
</div>
:-&#41;

-- 
Love feeling your best ever, all day, every day?
Click <span class="clickylink"><a target="new" rel="nofollow" href="http://RadicalHealth.com/join">http://RadicalHealth.com/join</a></span> for the easy way.
</div></div>
    </div>
</div>
</div>
<div class="ticket-transaction message Correspond even">
<div class="ticket-transaction">
  <div class="metadata">
    <span class="type">
      &nbsp;      
    </span>
    <span class="date">Mon&nbsp;Jul&nbsp;27&nbsp;09:22:07&nbsp;2009</span>
    <span class="description">ADIE [...] cpan.org -  Correspondence added</span>
    <span class="time-taken"></span>    <span class="actions hidden"></span>
  </div>
    <div class="content">
      

<div class="messagebody">
<div class="message-stanza plain-text-white-space">On Mon Jul 27 09:17:05 2009, david@davidfavor.com wrote:
<span
    class="message-stanza-folder closed"
    onclick="fold_message_stanza(this, 'Show\x20quoted\x20text', 'Hide\x20quoted\x20text');">Show quoted text</span><br /><div class="message-stanza closed">&gt; Robin Bowes via RT wrote:
<div class="message-stanza open">&gt; &gt; &lt;URL: <span class="clickylink"><a target="new" rel="nofollow" href="https://rt.cpan.org/Ticket/Display.html?id=47060">https://rt.cpan.org/Ticket/Display.html?id=47060</a></span> &gt;
&gt; &gt; 
&gt; &gt; I&#39;m afraid this is a &#34;/me too&#34; post. :&#41;
&gt; &gt; 
&gt; &gt; R.
</div>&gt; 
&gt; :-&#41;
&gt; 
</div>
Yes - I know ;-&#41;

Sorry. Not had any free time lately and it&#39;s fallen to the bottom of the pile. Will try and sort.

Adrian
</div></div>
    </div>
</div>
</div>
<div class="ticket-transaction message Correspond odd">
<div class="ticket-transaction">
  <div class="metadata">
    <span class="type">
      &nbsp;      
    </span>
    <span class="date">Fri&nbsp;Aug&nbsp;07&nbsp;10:25:07&nbsp;2009</span>
    <span class="description">kbaucom [...] schizoid.com -  Correspondence added</span>
    <span class="time-taken"></span>    <span class="actions hidden"></span>
  </div>
    <div class="content">
      
<div class="messageattachments">

<div class="messagebody">
<div class="message-stanza plain-text-white-space">I&#39;ve attached a patch that fixes the test problems. Hopefully it will
save you a bit of time.

cd Test-Class
patch -p1 &lt; test_class.patch

There were two issues: a case change &#40;Skip to SKIP&#41;, and the word
&#39;object&#39; being changed to &#39;thing&#39; in Test::More 0.88. 

I made the SKIP test case insensitive. 

For the object/thing issue, I made it check the version of Test::More
and determine what word to use from that. If you don&#39;t care about
supporting Test::More before 0.88, then the word just needs to be
changed.
</div></div>
</div>
<div class="messageattachments">
<div class="messagebody">
<div class="message-stanza plain-text-white-space">
</div></div>

<div class="messagebody">
<div class="message-stanza plain-text-white-space">diff -rc Test-Class-0.31-0wRF14/t/fail2.t tc/t/fail2.t
*** Test-Class-0.31-0wRF14/t/fail2.t	2008-09-14 13:25:11.000000000 -0400
--- tc/t/fail2.t	2009-08-06 17:41:54.000000000 -0400
***************
*** 23,34 ****
  package main;
  $ENV{TEST_VERBOSE}=0;
  
! 
! test_out&#40;&#34;not ok 1 - The object isa Object&#34;&#41;;
  test_out&#40;&#34;not ok 2 - cannot create Objects&#34;&#41;;
  test_fail&#40;-11&#41;;
  test_err&#40; &#34;#   &#40;in Object::Test-&gt;_test_new&#41;&#34; &#41;;
! test_err&#40;qr/#\s+The object isn&#39;t defined\n/&#41;;
  test_fail&#40;-14&#41;;
  test_err&#40; &#34;#   &#40;in Object::Test-&gt;_test_new&#41;&#34; &#41;;
  
--- 23,34 ----
  package main;
  $ENV{TEST_VERBOSE}=0;
  
! my $identifier = &#40;$Test::More::VERSION &lt; 0.88&#41; ? &#39;object&#39; : &#39;thing&#39;;
! test_out&#40;&#34;not ok 1 - The $identifier isa Object&#34;&#41;;
  test_out&#40;&#34;not ok 2 - cannot create Objects&#34;&#41;;
  test_fail&#40;-11&#41;;
  test_err&#40; &#34;#   &#40;in Object::Test-&gt;_test_new&#41;&#34; &#41;;
! test_err&#40;qr/#\s+The $identifier isn&#39;t defined\n/&#41;;
  test_fail&#40;-14&#41;;
  test_err&#40; &#34;#   &#40;in Object::Test-&gt;_test_new&#41;&#34; &#41;;
  
diff -rc Test-Class-0.31-0wRF14/t/runtests_die.t tc/t/runtests_die.t
*** Test-Class-0.31-0wRF14/t/runtests_die.t	2008-09-14 13:25:11.000000000 -0400
--- tc/t/runtests_die.t	2009-08-06 17:38:55.000000000 -0400
***************
*** 22,33 ****
  
  my $filename = sub { return &#40;caller&#41;[1] }-&gt;&#40;&#41;;
  
! test_out&#40; &#34;not ok 1 - The object isa Object&#34;&#41;;
  test_err&#40; &#34;#     Failed test &#40;$filename at line 15&#41;&#34;&#41;;
  test_err&#40; &#34;#   &#40;in Foo-&gt;test_object&#41;&#34; &#41;;
! test_err&#40; &#34;#     The object isn&#39;t defined&#34;&#41;;
  test_out&#40; &#34;not ok 2 - test_object died &#40;could not create object&#41;&#34;&#41;;
! test_err&#40; &#34;#     Failed test &#40;$filename at line 32&#41;&#34;&#41;;
  test_err&#40; &#34;#   &#40;in Foo-&gt;test_object&#41;&#34; &#41;;
  Foo-&gt;runtests;
  test_test&#40;&#34;early die handled&#34;&#41;;
--- 22,35 ----
  
  my $filename = sub { return &#40;caller&#41;[1] }-&gt;&#40;&#41;;
  
! my $identifier = &#40;$Test::More::VERSION &lt; 0.88&#41; ? &#39;object&#39; : &#39;thing&#39;;
! 
! test_out&#40; &#34;not ok 1 - The $identifier isa Object&#34;&#41;;
  test_err&#40; &#34;#     Failed test &#40;$filename at line 15&#41;&#34;&#41;;
  test_err&#40; &#34;#   &#40;in Foo-&gt;test_object&#41;&#34; &#41;;
! test_err&#40; &#34;#     The $identifier isn&#39;t defined&#34;&#41;;
  test_out&#40; &#34;not ok 2 - test_object died &#40;could not create object&#41;&#34;&#41;;
! test_err&#40; &#34;#     Failed test &#40;$filename at line 34&#41;&#34;&#41;;
  test_err&#40; &#34;#   &#40;in Foo-&gt;test_object&#41;&#34; &#41;;
  Foo-&gt;runtests;
  test_test&#40;&#34;early die handled&#34;&#41;;
diff -rc Test-Class-0.31-0wRF14/t/skip1.t tc/t/skip1.t
*** Test-Class-0.31-0wRF14/t/skip1.t	2008-09-14 13:25:11.000000000 -0400
--- tc/t/skip1.t	2009-08-06 17:25:44.000000000 -0400
***************
*** 20,26 ****
  	print &#34;1..1\n&#34;;
  	my $output = &lt;$io&gt;;
  	chomp&#40;$output&#41;;
! 	my $ok = $output eq &#34;1..0 # Skip skipping&#34;;
  	print &#34;not &#34; unless $ok;
  	print &#34;ok 1 - SKIP_ALL called skip_all\n&#34;;
  };
--- 20,28 ----
  	print &#34;1..1\n&#34;;
  	my $output = &lt;$io&gt;;
  	chomp&#40;$output&#41;;
! 
! 	my $ok = $output =~ /^1..0 # Skip skipping$/i;
! 
  	print &#34;not &#34; unless $ok;
  	print &#34;ok 1 - SKIP_ALL called skip_all\n&#34;;
  };
</div></div>
</div>
    </div>
</div>
</div>
<div class="ticket-transaction message Correspond even">
<div class="ticket-transaction">
  <div class="metadata">
    <span class="type">
      &nbsp;      
    </span>
    <span class="date">Tue&nbsp;Aug&nbsp;18&nbsp;04:02:22&nbsp;2009</span>
    <span class="description">MDOM [...] cpan.org -  Correspondence added</span>
    <span class="time-taken"></span>    <span class="actions hidden"></span>
  </div>
    <div class="content">
      

<div class="messagebody">
<div class="message-stanza plain-text-white-space">Hello,

<span
    class="message-stanza-folder closed"
    onclick="fold_message_stanza(this, 'Show\x20quoted\x20text', 'Hide\x20quoted\x20text');">Show quoted text</span><br /><div class="message-stanza closed">&gt; I&#39;ve attached a patch that fixes the test problems. Hopefully it will
&gt; save you a bit of time.
</div>
i just wanted to report that the patch has worked here. Thanks!

Best wishes, Mario
</div></div>
    </div>
</div>
</div>
<div class="ticket-transaction message Correspond odd">
<div class="ticket-transaction">
  <div class="metadata">
    <span class="type">
      &nbsp;      
    </span>
    <span class="date">Wed&nbsp;Aug&nbsp;19&nbsp;18:28:36&nbsp;2009</span>
    <span class="description">david [...] davidfavor.com -  Correspondence added</span>
    <span class="time-taken"></span>    <span class="actions hidden"></span>
  </div>
    <div class="content">
      
<table>
  <tr>
    <td align="right" class="message-header-key">Subject:</td>
    <td class="message-header-value"> Re: [rt.cpan.org #47060] Test::Class-0.31 fails several tests</td>
  </tr>
  <tr>
    <td align="right" class="message-header-key">Date:</td>
    <td class="message-header-value"> Wed, 19 Aug 2009 17:28:03 -0500</td>
  </tr>
  <tr>
    <td align="right" class="message-header-key">To:</td>
    <td class="message-header-value"> bug-Test-Class [...] rt.cpan.org</td>
  </tr>
  <tr>
    <td align="right" class="message-header-key">From:</td>
    <td class="message-header-value"> David Favor &lt;david [...] davidfavor.com&gt;</td>
  </tr>
</table>

<div class="messagebody">
<div class="message-stanza plain-text-white-space">Mario Domgrgen via RT&#34; &lt;bug-Test-Class@rt.cpan.org&gt;&#34; wrote:
<span
    class="message-stanza-folder closed"
    onclick="fold_message_stanza(this, 'Show\x20quoted\x20text', 'Hide\x20quoted\x20text');">Show quoted text</span><br /><div class="message-stanza closed">&gt; &lt;URL: <span class="clickylink"><a target="new" rel="nofollow" href="https://rt.cpan.org/Ticket/Display.html?id=47060">https://rt.cpan.org/Ticket/Display.html?id=47060</a></span> &gt;
&gt; 
&gt; Hello,
&gt; 
<div class="message-stanza open">&gt;&gt; I&#39;ve attached a patch that fixes the test problems. Hopefully it will
&gt;&gt; save you a bit of time.
</div>&gt; 
&gt; i just wanted to report that the patch has worked here. Thanks!
&gt; 
&gt; Best wishes, Mario
</div>
perl-5.10.1-RC2-1 + Test::Class-0.31 works well together.

Thanks!

-- 
Love feeling your best ever, all day, every day?
Click <span class="clickylink"><a target="new" rel="nofollow" href="http://RadicalHealth.com">http://RadicalHealth.com</a></span> for the easy way!
</div></div>
    </div>
</div>
</div>
<div class="ticket-transaction message Correspond even">
<div class="ticket-transaction">
  <div class="metadata">
    <span class="type">
      &nbsp;      
    </span>
    <span class="date">Wed&nbsp;Sep&nbsp;09&nbsp;06:13:18&nbsp;2009</span>
    <span class="description">jarich [...] perltraining.com.au -  Correspondence added</span>
    <span class="time-taken"></span>    <span class="actions hidden"></span>
  </div>
    <div class="content">
      
<table>
  <tr>
    <td align="right" class="message-header-key">From:</td>
    <td class="message-header-value"> jarich [...] perltraining.com.au</td>
  </tr>
</table>

<div class="messagebody">
<div class="message-stanza plain-text-white-space">Patch fixes for perl, v5.10.0 built for i486-linux-gnu-thread-multi
Test-Class-0.32_1
</div></div>
    </div>
</div>
</div>
<div class="ticket-transaction message Correspond odd">
<div class="ticket-transaction">
  <div class="metadata">
    <span class="type">
      &nbsp;      
    </span>
    <span class="date">Thu&nbsp;Aug&nbsp;19&nbsp;09:48:13&nbsp;2010</span>
    <span class="description">ADIE [...] cpan.org -  Correspondence added</span>
    <span class="time-taken"></span>    <span class="actions hidden"></span>
  </div>
    <div class="content">
      

<div class="messagebody">
<div class="message-stanza plain-text-white-space">Should be fixed in 0.36 hitting cpan now. Apologies for the delay.
</div></div>
    </div>
</div>
</div>
<div class="ticket-transaction basics Status even">
<div class="ticket-transaction">
  <div class="metadata">
    <span class="type">
      &nbsp;      
    </span>
    <span class="date">Thu&nbsp;Aug&nbsp;19&nbsp;09:48:14&nbsp;2010</span>
    <span class="description">ADIE [...] cpan.org -  Status changed from &#39;open&#39; to &#39;resolved&#39;</span>
    <span class="time-taken"></span>    <span class="actions hidden"></span>
  </div>
    <div class="content">
    </div>
</div>
</div>
</div>
    <hr class="clear" />
  </div>
</div>




</div>
 


  <hr class="clear" />
</div>
</body>
</html>
