<!DOCTYPE html>

<html lang="en">
  <head>
    <title>Bug #19261 for Class-DBI-Loader-Oracle: Class-DBI-Loader-Oracle Test Error</title>
    <meta http-equiv="X-UA-Compatible" content="IE=edge" />
    <!-- The X-UA-Compatible <meta> tag above must be very early in <head> -->

    <script>
if (window.top !== window.self) {
    document.write = "";

    window.top.location = window.self.location;

    setTimeout(function(){
        document.body.innerHTML = "";
    }, 1);

    window.self.onload = function(){
        document.body.innerHTML = "";
    };
}
</script>



<link rel="shortcut icon" href="/NoAuth/images/favicon.png" type="image/png" />
<link rel="stylesheet" href="/NoAuth/css/aileron-squished-00f758259152f8b6670ee485f462e6b8.css" type="text/css" media="all" />
<link rel="stylesheet" href="/NoAuth/css/print.css" type="text/css" media="print" />




<script type="text/javascript" src="/NoAuth/js/squished-42167f2409ce368da2d31038e5cb2a57.js"></script>

<script type="text/javascript"><!--
	jQuery( loadTitleBoxStates );

--></script>


<!--[if lt IE 8]>
<link rel="stylesheet" href="/NoAuth/css/aileron/msie.css" type="text/css" media="all" />
<![endif]-->
<!--[if lt IE 7]>
<link rel="stylesheet" href="/NoAuth/css/aileron/msie6.css" type="text/css" media="all" />
<![endif]-->
<script type="text/javascript">
jQuery(document).ready(function(){
    jQuery.fn.supersubs.defaults = {
        maxWidth: 30,
        extraWidth: 2
    };

    jQuery("#app-nav.toplevel").addClass('sf-menu sf-js-enabled sf-shadow').supersubs().superfish({ speed: 'fast' });
    jQuery("#page-menu.toplevel").addClass('sf-menu sf-js-enabled').supersubs().superfish({ dropShadows: false, speed: 'fast' }).supposition();
});
</script>


<!-- Site CSS from theme editor -->
<style type="text/css" media="all" id="sitecss">
</style>

<meta name="google-site-verification" content="kD3-uEJK1AkTqaC-rckcSt_HPkAj674DPPuEN6i-y0g" />

</head>
  <body class="aileron sidebyside" id="comp-Public-Bug-Display">

<div id="logo">
<a href="/"><img
    src="/NoAuth/images/cpan.png"
    alt="CPAN"
    width="181"
    height="38" /></a>
    <span class="rtname">RT for rt.cpan.org</span>
</div>


<div id="quickbar">
  <div id="quick-personal">
    <span class="hide"><a href="#skipnav">Skip Menu</a> | </span>
</div>

</div>
<div id="header"><h1>Bug #19261 for Class-DBI-Loader-Oracle: Class-DBI-Loader-Oracle Test Error</h1></div>



<div id="page-navigation"><ul id="page-menu" class="toplevel">
 <li id="li-page-active_bugs"><a id="page-active_bugs" class="menu-item " href="/Public/Dist/Class-DBI-Loader-Oracle/Active/">Active bugs</a></li>
 <li id="li-page-resolved_bugs"><a id="page-resolved_bugs" class="menu-item " href="/Public/Dist/Class-DBI-Loader-Oracle/Resolved/">Resolved bugs</a></li>
 <li id="li-page-rejected_bugs"><a id="page-rejected_bugs" class="menu-item " href="/Public/Dist/Class-DBI-Loader-Oracle/Rejected/">Rejected bugs</a></li>
 <li id="li-page-report"><a id="page-report" class="menu-item " href="/Public/Dist/Class-DBI-Loader-Oracle/Active/"></a></li>
</ul></div>
<div id="topactions">



</div>
<div id="body">


<a name="skipnav" id="skipnav" accesskey="8"></a>





<p>This queue is for tickets about the <a href="https://metacpan.org/release/Class-DBI-Loader-Oracle">Class-DBI-Loader-Oracle CPAN distribution</a>.</p>





<div class="">
  <div class="titlebox" id="">
  <div class="titlebox-title">
    <span class="widget"><a href="#" onclick="return rollup('TitleBox\x2D\x2D\x5FPublic\x5FBug\x5FDisplay\x5Fhtml\x2D\x2D\x2D\x2D\x2D\x2DUmVwb3J0IGluZm9ybWF0aW9u\x2D\x2D\x2D0');" title="Toggle visibility"></a></span>
    <span class="left">Report information</span>
    <span class="right-empty">		    </span>
  </div>
  <div class="titlebox-content " id="TitleBox--_Public_Bug_Display_html------UmVwb3J0IGluZm9ybWF0aW9u---0">


<table width="100%" class="ticket-summary">
<tr>
  <td valign="top" class="boxcontainer">
    <div class="ticket-info-basics">
  <div class="titlebox ticket-info-basics " id="">
  <div class="titlebox-title">
    <span class="widget"><a href="#" onclick="return rollup('TitleBox\x2D\x2D\x5FPublic\x5FBug\x5FDisplay\x5Fhtml\x2D\x2Dticket\x2Dinfo\x2Dbasics\x2D\x2D\x2D\x2DVGhlIEJhc2ljcw\x5F\x5F\x2D\x2D\x2D0');" title="Toggle visibility"></a></span>
    <span class="left">The Basics</span>
    <span class="right-empty">		    </span>
  </div>
  <div class="titlebox-content " id="TitleBox--_Public_Bug_Display_html--ticket-info-basics----VGhlIEJhc2ljcw__---0">


        <table>
  <tr class="id">
    <td class="label">Id:</td>
    <td class="value">19261</td>
  </tr>
  <tr class="status">
    <td class="label">Status:</td>
    <td class="value">resolved</td>
  </tr>
  <tr class="time worked">
    <td class="label">Worked:</td>
    <td class="value">10 min

</td>
  </tr>
  <tr class="priority">
    <td class="label">Priority:</td>
    <td class="value">0/
</td>
  </tr>
  <tr class="queue">
    <td class="label">Queue:</td>
    <td class="value"><a href="/Public/Dist/Class-DBI-Loader-Oracle/Active/">Class-DBI-Loader-Oracle</a>
</td>
  </tr>
</table>

        <hr class="clear" />
  </div>
</div>




</div>


    <div class="ticket-info-people">
  <div class="titlebox ticket-info-people " id="">
  <div class="titlebox-title">
    <span class="widget"><a href="#" onclick="return rollup('TitleBox\x2D\x2D\x5FPublic\x5FBug\x5FDisplay\x5Fhtml\x2D\x2Dticket\x2Dinfo\x2Dpeople\x2D\x2D\x2D\x2DUGVvcGxl\x2D\x2D\x2D0');" title="Toggle visibility"></a></span>
    <span class="left">People</span>
    <span class="right-empty">		    </span>
  </div>
  <div class="titlebox-content " id="TitleBox--_Public_Bug_Display_html--ticket-info-people----UGVvcGxl---0">


        <table>
  <tr>
    <td class="label">Owner:</td>
    <td class="value">Nobody in particular
    
    </td>
  </tr>
  <tr>
    <td class="labeltop">Requestors:</td>
    <td class="value">
hostmaster [...] bipsolutions.com

<br />

</td>
  </tr>
  <tr>
    <td class="labeltop">Cc:</td>
    <td class="value">

</td>
  </tr>
  <tr>
    <td class="labeltop">AdminCc:</td>
    <td class="value">

</td>
  </tr>
</table>

        <hr class="clear" />
  </div>
</div>




</div>



  </td>
  <td valign="top" class="boxcontainer">
    
    <div class="ticket-info-cfs">
  <div class="titlebox ticket-info-cfs " id="">
  <div class="titlebox-title">
    <span class="widget"><a href="#" onclick="return rollup('TitleBox\x2D\x2D\x5FPublic\x5FBug\x5FDisplay\x5Fhtml\x2D\x2Dticket\x2Dinfo\x2Dcfs\x2D\x2D\x2D\x2DQnVnIEluZm9ybWF0aW9u\x2D\x2D\x2D0');" title="Toggle visibility"></a></span>
    <span class="left">Bug Information</span>
    <span class="right-empty">		    </span>
  </div>
  <div class="titlebox-content " id="TitleBox--_Public_Bug_Display_html--ticket-info-cfs----QnVnIEluZm9ybWF0aW9u---0">

 
        <table>
  <tr id="CF-1-ShowRow">
    <td class="label">Severity:</td>
    <td class="value">
Important    </td>
  </tr>
  <tr id="CF-6772-ShowRow">
    <td class="label">Broken in:</td>
    <td class="value">
0.01    </td>
  </tr>
  <tr id="CF-6773-ShowRow">
    <td class="label">Fixed in:</td>
    <td class="value">
<i>(no value)</i>
    </td>
  </tr>
</table>


        <hr class="clear" />
  </div>
</div>




</div>


    




  </td>
</tr>
</table>

    <hr class="clear" />
  </div>
</div>




</div>


<br />


<div class="history">
<div class="titlebox" id="">
  <div class="titlebox-title">
    <span class="widget"><a href="#" onclick="return rollup('TitleBox\x2D\x2D\x5FPublic\x5FBug\x5FDisplay\x5Fhtml\x2D\x2D\x2D\x2D\x2D\x2DSGlzdG9yeQ\x5F\x5F\x2D\x2D\x2D0');" title="Toggle visibility"></a></span>
    <span class="left">History</span>
    <span class="right">		<a href="#" data-direction="open" onclick="return toggle_all_folds(this, 'Show\x20all\x20quoted\x20text', 'Hide\x20all\x20quoted\x20text');">Show all quoted text</a>    </span>
  </div>
  <div class="titlebox-content " id="TitleBox--_Public_Bug_Display_html------SGlzdG9yeQ__---0">


<div id="ticket-history">
<div class="ticket-transaction message Create odd">
<div class="ticket-transaction">
  <div class="metadata">
    <span class="type">
      &nbsp;      
    </span>
    <span class="date">Mon&nbsp;May&nbsp;15&nbsp;08:25:57&nbsp;2006</span>
    <span class="description">Guest -  Ticket created</span>
    <span class="time-taken"></span>    <span class="actions hidden"></span>
  </div>
    <div class="content">
      
<table>
  <tr>
    <td align="right" class="message-header-key">Subject:</td>
    <td class="message-header-value"> Class-DBI-Loader-Oracle Test Error</td>
  </tr>
</table>

<div class="messagebody">
<div class="message-stanza plain-text-white-space">When testing we&#39;re receiving the following - please advise

PERL_DL_NONLAZY=1 /usr/local/bin/perl &#34;-MExtUtils::Command::MM&#34; &#34;-
e&#34; &#34;test_harness&#40;0, &#39;blib/lib&#39;, &#39;blib/arch&#39;&#41;&#34; t/*.t
t/00-load.........
#   Failed test &#39;use Class::DBI::Loader::Oracle;&#39;
t/00-load.........NOK 1#   in t/00-load.t at line 4.
#     Tried to use &#39;Class::DBI::Loader::Oracle&#39;.
#     Error:  Can&#39;t locate object method &#34;set_sql&#34; via 
package &#34;Class::DBI::Oracle&#34; 
at /usr/local/lib/perl5/site_perl/5.8.8/Class/DBI/Oracle.pm line 172.
# Compilation failed in require at /usr/src/12-05-06/Class-DBI-Loader-
Oracle-0.01/blib/lib/Class/DBI/Loader/Oracle.pm line 7.
# Compilation failed in require at &#40;eval 3&#41; line 2.
# BEGIN failed--compilation aborted at t/00-load.t line 4.
# Looks like you failed 1 test of 1.
t/00-load.........dubious
        Test returned status 1 &#40;wstat 256, 0x100&#41;
DIED. FAILED test 1
        Failed 1/1 tests, 0.00% okay
t/01-basic........
#   Failed test in t/01-basic.t at line 65.
#          got: undef
#     expected: &#39;OracleTest::LoaderTest1&#39;

#   Failed test in t/01-basic.t at line 66.
#          got: undef
#     expected: &#39;OracleTest::LoaderTest2&#39;
Can&#39;t call method &#34;retrieve&#34; on an undefined value at t/01-basic.t 
line 68.
t/01-basic........NOK 2# Looks like you planned 6 tests but only ran 2.
# Looks like you failed 2 tests of 2 run.
# Looks like your test died just after 2.
t/01-basic........dubious
        Test returned status 255 &#40;wstat 65280, 0xff00&#41;
DIED. FAILED tests 1-6
        Failed 6/6 tests, 0.00% okay
t/pod-coverage....skipped
        all skipped: Test::Pod::Coverage 1.04 required for testing POD 
coverage
t/pod.............skipped
        all skipped: Test::Pod 1.14 required for testing POD
Failed Test  Stat Wstat Total Fail  Failed  List of Failed
-----------------------------------------------------------------------
--------
t/00-load.t     1   256     1    1 100.00%  1
t/01-basic.t  255 65280     6   10 166.67%  1-6
2 tests skipped.
Failed 2/4 test scripts, 50.00% okay. 7/7 subtests failed, 0.00% okay.
make: *** [test_dynamic] Error 255
</div></div>
    </div>
</div>
</div>
<div class="ticket-transaction message Correspond even">
<div class="ticket-transaction">
  <div class="metadata">
    <span class="type">
      &nbsp;      
    </span>
    <span class="date">Wed&nbsp;May&nbsp;17&nbsp;08:24:21&nbsp;2006</span>
    <span class="description">naughton [...] cpan.org -  Correspondence added</span>
    <span class="time-taken"></span>    <span class="actions hidden"></span>
  </div>
    <div class="content">
      
<table>
  <tr>
    <td align="right" class="message-header-key">From:</td>
    <td class="message-header-value"> naughton [...] cpan.org</td>
  </tr>
</table>

<div class="messagebody">
<div class="message-stanza plain-text-white-space">Comments inline below. Thank you, David Naughton

On Mon May 15 08:25:57 2006, guest wrote:
<span
    class="message-stanza-folder closed"
    onclick="fold_message_stanza(this, 'Show\x20quoted\x20text', 'Hide\x20quoted\x20text');">Show quoted text</span><br /><div class="message-stanza closed">&gt; When testing we&#39;re receiving the following - please advise
&gt;
&gt; PERL_DL_NONLAZY=1 /usr/local/bin/perl &#34;-MExtUtils::Command::MM&#34; &#34;-
&gt; e&#34; &#34;test_harness&#40;0, &#39;blib/lib&#39;, &#39;blib/arch&#39;&#41;&#34; t/*.t
&gt; t/00-load.........
&gt; #   Failed test &#39;use Class::DBI::Loader::Oracle;&#39;
&gt; t/00-load.........NOK 1#   in t/00-load.t at line 4.
&gt; #     Tried to use &#39;Class::DBI::Loader::Oracle&#39;.
&gt; #     Error:  Can&#39;t locate object method &#34;set_sql&#34; via 
&gt; package &#34;Class::DBI::Oracle&#34;
</div>
You probably don&#39;t have at least one &#40;Class::DBI::Oracle&#41; of the
dependencies installed, or at least not installed such that perl can
find it/them. Are you installing with the CPAN or CPANPLUS modules?
These should install the dependencies automatically. 

<span
    class="message-stanza-folder closed"
    onclick="fold_message_stanza(this, 'Show\x20quoted\x20text', 'Hide\x20quoted\x20text');">Show quoted text</span><br /><div class="message-stanza closed">&gt; at /usr/local/lib/perl5/site_perl/5.8.8/Class/DBI/Oracle.pm line 172.
&gt; # Compilation failed in require at /usr/src/12-05-06/Class-DBI-Loader-
&gt; Oracle-0.01/blib/lib/Class/DBI/Loader/Oracle.pm line 7.
&gt; # Compilation failed in require at &#40;eval 3&#41; line 2.
&gt; # BEGIN failed--compilation aborted at t/00-load.t line 4.
&gt; # Looks like you failed 1 test of 1.
&gt; t/00-load.........dubious
&gt;         Test returned status 1 &#40;wstat 256, 0x100&#41;
&gt; DIED. FAILED test 1
&gt;         Failed 1/1 tests, 0.00% okay
&gt; t/01-basic........
&gt; #   Failed test in t/01-basic.t at line 65.
&gt; #          got: undef
&gt; #     expected: &#39;OracleTest::LoaderTest1&#39;
&gt; 
&gt; #   Failed test in t/01-basic.t at line 66.
&gt; #          got: undef
&gt; #     expected: &#39;OracleTest::LoaderTest2&#39;
&gt; Can&#39;t call method &#34;retrieve&#34; on an undefined value at t/01-basic.t 
&gt; line 68.
&gt; t/01-basic........NOK 2# Looks like you planned 6 tests but only ran 2.
&gt; # Looks like you failed 2 tests of 2 run.
&gt; # Looks like your test died just after 2.
&gt; t/01-basic........dubious
&gt;         Test returned status 255 &#40;wstat 65280, 0xff00&#41;
&gt; DIED. FAILED tests 1-6
&gt;         Failed 6/6 tests, 0.00% okay
&gt; t/pod-coverage....skipped
&gt;         all skipped: Test::Pod::Coverage 1.04 required for testing POD 
&gt; coverage
&gt; t/pod.............skipped
&gt;         all skipped: Test::Pod 1.14 required for testing POD
&gt; Failed Test  Stat Wstat Total Fail  Failed  List of Failed
&gt; -----------------------------------------------------------------------
&gt; --------
&gt; t/00-load.t     1   256     1    1 100.00%  1
&gt; t/01-basic.t  255 65280     6   10 166.67%  1-6
&gt; 2 tests skipped.
&gt; Failed 2/4 test scripts, 50.00% okay. 7/7 subtests failed, 0.00% okay.
&gt; make: *** [test_dynamic] Error 255
</div></div></div>
    </div>
</div>
</div>
<div class="ticket-transaction basics Status odd">
<div class="ticket-transaction">
  <div class="metadata">
    <span class="type">
      &nbsp;      
    </span>
    <span class="date">Wed&nbsp;May&nbsp;17&nbsp;08:24:21&nbsp;2006</span>
    <span class="description">The RT System itself -  Status changed from &#39;new&#39; to &#39;open&#39;</span>
    <span class="time-taken"></span>    <span class="actions hidden"></span>
  </div>
    <div class="content">
    </div>
</div>
</div>
<div class="ticket-transaction basics Status even">
<div class="ticket-transaction">
  <div class="metadata">
    <span class="type">
      &nbsp;      
    </span>
    <span class="date">Wed&nbsp;May&nbsp;17&nbsp;08:27:08&nbsp;2006</span>
    <span class="description">naughton [...] cpan.org -  Status changed from &#39;open&#39; to &#39;resolved&#39;</span>
    <span class="time-taken"></span>    <span class="actions hidden"></span>
  </div>
    <div class="content">
    </div>
</div>
</div>
</div>
    <hr class="clear" />
  </div>
</div>




</div>
 


  <hr class="clear" />
</div>
</body>
</html>
