<!DOCTYPE html>

<html lang="en">
  <head>
    <title>Bug #106601 for Log-Log4perl: test failures with 5.22.0</title>
    <meta http-equiv="X-UA-Compatible" content="IE=edge" />
    <!-- The X-UA-Compatible <meta> tag above must be very early in <head> -->

    <script>
if (window.top !== window.self) {
    document.write = "";

    window.top.location = window.self.location;

    setTimeout(function(){
        document.body.innerHTML = "";
    }, 1);

    window.self.onload = function(){
        document.body.innerHTML = "";
    };
}
</script>



<link rel="shortcut icon" href="/NoAuth/images/favicon.png" type="image/png" />
<link rel="stylesheet" href="/NoAuth/css/aileron-squished-00f758259152f8b6670ee485f462e6b8.css" type="text/css" media="all" />
<link rel="stylesheet" href="/NoAuth/css/print.css" type="text/css" media="print" />




<script type="text/javascript" src="/NoAuth/js/squished-42167f2409ce368da2d31038e5cb2a57.js"></script>

<script type="text/javascript"><!--
	jQuery( loadTitleBoxStates );

--></script>


<!--[if lt IE 8]>
<link rel="stylesheet" href="/NoAuth/css/aileron/msie.css" type="text/css" media="all" />
<![endif]-->
<!--[if lt IE 7]>
<link rel="stylesheet" href="/NoAuth/css/aileron/msie6.css" type="text/css" media="all" />
<![endif]-->
<script type="text/javascript">
jQuery(document).ready(function(){
    jQuery.fn.supersubs.defaults = {
        maxWidth: 30,
        extraWidth: 2
    };

    jQuery("#app-nav.toplevel").addClass('sf-menu sf-js-enabled sf-shadow').supersubs().superfish({ speed: 'fast' });
    jQuery("#page-menu.toplevel").addClass('sf-menu sf-js-enabled').supersubs().superfish({ dropShadows: false, speed: 'fast' }).supposition();
});
</script>


<!-- Site CSS from theme editor -->
<style type="text/css" media="all" id="sitecss">
</style>

<meta name="google-site-verification" content="kD3-uEJK1AkTqaC-rckcSt_HPkAj674DPPuEN6i-y0g" />

</head>
  <body class="aileron sidebyside" id="comp-Public-Bug-Display">

<div id="logo">
<a href="/"><img
    src="/NoAuth/images/cpan.png"
    alt="CPAN"
    width="181"
    height="38" /></a>
    <span class="rtname">RT for rt.cpan.org</span>
</div>


<div id="quickbar">
  <div id="quick-personal">
    <span class="hide"><a href="#skipnav">Skip Menu</a> | </span>
</div>

</div>
<div id="header"><h1>Bug #106601 for Log-Log4perl: test failures with 5.22.0</h1></div>



<div id="page-navigation"><ul id="page-menu" class="toplevel">
 <li id="li-page-active_bugs"><a id="page-active_bugs" class="menu-item " href="/Public/Dist/Log-Log4perl/Active/">Active bugs</a></li>
 <li id="li-page-resolved_bugs"><a id="page-resolved_bugs" class="menu-item " href="/Public/Dist/Log-Log4perl/Resolved/">Resolved bugs</a></li>
 <li id="li-page-rejected_bugs"><a id="page-rejected_bugs" class="menu-item " href="/Public/Dist/Log-Log4perl/Rejected/">Rejected bugs</a></li>
 <li id="li-page-report"><a id="page-report" class="menu-item " href="/Public/Dist/Log-Log4perl/Active/"></a></li>
</ul></div>
<div id="topactions">



</div>
<div id="body">


<a name="skipnav" id="skipnav" accesskey="8"></a>





<p>This queue is for tickets about the <a href="https://metacpan.org/release/Log-Log4perl">Log-Log4perl CPAN distribution</a>.</p>





<div class="">
  <div class="titlebox" id="">
  <div class="titlebox-title">
    <span class="widget"><a href="#" onclick="return rollup('TitleBox\x2D\x2D\x5FPublic\x5FBug\x5FDisplay\x5Fhtml\x2D\x2D\x2D\x2D\x2D\x2DUmVwb3J0IGluZm9ybWF0aW9u\x2D\x2D\x2D0');" title="Toggle visibility"></a></span>
    <span class="left">Report information</span>
    <span class="right-empty">		    </span>
  </div>
  <div class="titlebox-content " id="TitleBox--_Public_Bug_Display_html------UmVwb3J0IGluZm9ybWF0aW9u---0">


<table width="100%" class="ticket-summary">
<tr>
  <td valign="top" class="boxcontainer">
    <div class="ticket-info-basics">
  <div class="titlebox ticket-info-basics " id="">
  <div class="titlebox-title">
    <span class="widget"><a href="#" onclick="return rollup('TitleBox\x2D\x2D\x5FPublic\x5FBug\x5FDisplay\x5Fhtml\x2D\x2Dticket\x2Dinfo\x2Dbasics\x2D\x2D\x2D\x2DVGhlIEJhc2ljcw\x5F\x5F\x2D\x2D\x2D0');" title="Toggle visibility"></a></span>
    <span class="left">The Basics</span>
    <span class="right-empty">		    </span>
  </div>
  <div class="titlebox-content " id="TitleBox--_Public_Bug_Display_html--ticket-info-basics----VGhlIEJhc2ljcw__---0">


        <table>
  <tr class="id">
    <td class="label">Id:</td>
    <td class="value">106601</td>
  </tr>
  <tr class="status">
    <td class="label">Status:</td>
    <td class="value">resolved</td>
  </tr>
  <tr class="priority">
    <td class="label">Priority:</td>
    <td class="value">0/
</td>
  </tr>
  <tr class="queue">
    <td class="label">Queue:</td>
    <td class="value"><a href="/Public/Dist/Log-Log4perl/Active/">Log-Log4perl</a>
</td>
  </tr>
</table>

        <hr class="clear" />
  </div>
</div>




</div>


    <div class="ticket-info-people">
  <div class="titlebox ticket-info-people " id="">
  <div class="titlebox-title">
    <span class="widget"><a href="#" onclick="return rollup('TitleBox\x2D\x2D\x5FPublic\x5FBug\x5FDisplay\x5Fhtml\x2D\x2Dticket\x2Dinfo\x2Dpeople\x2D\x2D\x2D\x2DUGVvcGxl\x2D\x2D\x2D0');" title="Toggle visibility"></a></span>
    <span class="left">People</span>
    <span class="right-empty">		    </span>
  </div>
  <div class="titlebox-content " id="TitleBox--_Public_Bug_Display_html--ticket-info-people----UGVvcGxl---0">


        <table>
  <tr>
    <td class="label">Owner:</td>
    <td class="value">Nobody in particular
    
    </td>
  </tr>
  <tr>
    <td class="labeltop">Requestors:</td>
    <td class="value">
JHI [...] cpan.org

<br />

</td>
  </tr>
  <tr>
    <td class="labeltop">Cc:</td>
    <td class="value">

</td>
  </tr>
  <tr>
    <td class="labeltop">AdminCc:</td>
    <td class="value">

</td>
  </tr>
</table>

        <hr class="clear" />
  </div>
</div>




</div>



  </td>
  <td valign="top" class="boxcontainer">
    
    <div class="ticket-info-cfs">
  <div class="titlebox ticket-info-cfs " id="">
  <div class="titlebox-title">
    <span class="widget"><a href="#" onclick="return rollup('TitleBox\x2D\x2D\x5FPublic\x5FBug\x5FDisplay\x5Fhtml\x2D\x2Dticket\x2Dinfo\x2Dcfs\x2D\x2D\x2D\x2DQnVnIEluZm9ybWF0aW9u\x2D\x2D\x2D0');" title="Toggle visibility"></a></span>
    <span class="left">Bug Information</span>
    <span class="right-empty">		    </span>
  </div>
  <div class="titlebox-content " id="TitleBox--_Public_Bug_Display_html--ticket-info-cfs----QnVnIEluZm9ybWF0aW9u---0">

 
        <table>
  <tr id="CF-1-ShowRow">
    <td class="label">Severity:</td>
    <td class="value">
<i>(no value)</i>
    </td>
  </tr>
  <tr id="CF-19484-ShowRow">
    <td class="label">Broken in:</td>
    <td class="value">
<i>(no value)</i>
    </td>
  </tr>
  <tr id="CF-19485-ShowRow">
    <td class="label">Fixed in:</td>
    <td class="value">
<i>(no value)</i>
    </td>
  </tr>
</table>


        <hr class="clear" />
  </div>
</div>




</div>


    




  </td>
</tr>
</table>

    <hr class="clear" />
  </div>
</div>




</div>


<br />


<div class="history">
<div class="titlebox" id="">
  <div class="titlebox-title">
    <span class="widget"><a href="#" onclick="return rollup('TitleBox\x2D\x2D\x5FPublic\x5FBug\x5FDisplay\x5Fhtml\x2D\x2D\x2D\x2D\x2D\x2DSGlzdG9yeQ\x5F\x5F\x2D\x2D\x2D0');" title="Toggle visibility"></a></span>
    <span class="left">History</span>
    <span class="right">		<a href="#" data-direction="open" onclick="return toggle_all_folds(this, 'Show\x20all\x20quoted\x20text', 'Hide\x20all\x20quoted\x20text');">Show all quoted text</a>    </span>
  </div>
  <div class="titlebox-content " id="TitleBox--_Public_Bug_Display_html------SGlzdG9yeQ__---0">


<div id="ticket-history">
<div class="ticket-transaction message Create odd">
<div class="ticket-transaction">
  <div class="metadata">
    <span class="type">
      &nbsp;      
    </span>
    <span class="date">Fri&nbsp;Aug&nbsp;21&nbsp;12:53:09&nbsp;2015</span>
    <span class="description">JHI [...] cpan.org -  Ticket created</span>
    <span class="time-taken"></span>    <span class="actions hidden"></span>
  </div>
    <div class="content">
      
<table>
  <tr>
    <td align="right" class="message-header-key">Subject:</td>
    <td class="message-header-value"> test failures with 5.22.0</td>
  </tr>
</table>

<div class="messagebody">
<div class="message-stanza plain-text-white-space">...
Configuring M/MS/MSCHILLI/Log-Log4perl-1.46.tar.gz with Makefile.PL
Checking if your kit is complete...
Looks good
Generating a Unix-style Makefile
Writing Makefile for Log::Log4perl
Writing MYMETA.yml and MYMETA.json
  MSCHILLI/Log-Log4perl-1.46.tar.gz
  /usr/local/perl-forge/v/5.22.0/bin/perl Makefile.PL -- OK
Running make for M/MS/MSCHILLI/Log-Log4perl-1.46.tar.gz
...
PERL_DL_NONLAZY=1 &#34;/usr/local/perl-forge/v/5.22.0/bin/perl&#34; &#34;-MExtUtils::Command
::MM&#34; &#34;-MTest::Harness&#34; &#34;-e&#34; &#34;undef *Test::Harness::Switches; test_harness&#40;0, &#39;b
lib/lib&#39;, &#39;blib/arch&#39;&#41;&#34; t/*.t
t/001Level.t .............. ok
t/002Logger.t ............. ok
t/003Layout-Rr.t .......... ok
t/003Layout.t ............. ok
t/004Config.t ............. ok
t/005Config-Perl.t ........ ok
t/006Config-Java.t ........ ok
t/007LogPrio.t ............ ok
t/008ConfCat.t ............ ok
t/009Deuce.t .............. ok

#   Failed test at t/010JConsole.t line 88.
#          got: &#39;&#39;
#     expected: &#39;INFO  cat1 - info message 1 
# WARN  cat1 - warning message 1 
# FATAL cat1 - fatal message 1 
# &#39;
# Looks like you failed 1 test of 1.
t/010JConsole.t ........... 
Dubious, test returned 1 &#40;wstat 256, 0x100&#41;
Failed 1/1 subtests 
t/011JFile.t .............. ok
t/012Deeper.t ............. ok
t/013Bench.t .............. ok
t/014ConfErrs.t ........... ok
t/015fltmsg.t ............. ok
t/016Export.t ............. ok
t/017Watch.t .............. ok
t/018Init.t ............... ok
t/019Warn.t ............... ok
t/020Easy.t ............... ok
t/020Easy2.t .............. ok
t/021AppThres.t ........... ok
t/022Wrap.t ............... ok
t/023Date.t ............... ok
t/024WarnDieCarp.t ........ ok
t/025CustLevels.t ......... ok
t/026FileApp.t ............ ok
t/027Watch2.t ............. ok
t/027Watch3.t ............. ok
t/027Watch4.t ............. ok
t/028Additivity.t ......... ok
t/029SysWide.t ............ ok
t/030LDLevel.t ............ ok
t/031NDC.t ................ ok
t/032JRollFile.t .......... ok
t/033UsrCspec.t ........... ok
t/034DBI.t ................ skipped: DBI 1.607 or DBD::CSV 0.33 or SQL::Statement 1.20 not installed, skipping tests
t/035JDBCAppender.t ....... skipped: only with Log::Dispatch and DBD::CSV 0.33
t/036JSyslog.t ............ ok
t/037JWin32Event.t ........ skipped: only with Log::Dispatch::Win32EventLog
t/038XML-DOM1.t ........... ok
t/039XML-DOM2.t ........... ok
t/040Filter.t ............. ok
t/041SafeEval.t ........... ok
t/042SyncApp.t ............ skipped: - only with L4P_ALL_TESTS
t/043VarSubst.t ........... ok
t/044XML-Filter.t ......... ok
t/045Composite.t .......... ok
t/046RRDs.t ............... skipped: &#40;RRDs not installed&#41;
t/048lwp.t ................ skipped: Only with 2.0 &lt; LWP::UserAgent &lt; 5.822
t/049Unhide.t ............. ok
t/050Buffer.t ............. ok
t/051Extra.t .............. ok
t/052Utf8.t ............... ok
t/053Resurrect.t .......... ok
t/054Subclass.t ........... ok
t/055AppDestroy.t ......... ok
t/056SyncApp2.t ........... skipped: - only with L4P_ALL_TESTS
t/057MsgChomp.t ........... ok
t/058Warnings.t ........... ok
t/059Wrapper.t ............ ok
t/060Initialized.t ........ ok
t/061Multiline.t .......... ok
t/062InitHash.t ........... ok
t/063LoggerRemove.t ....... ok
t/064RealClass.t .......... ok
t/065Undef.t .............. ok
t/066SQLite.t ............. ok
t/067Exception.t .......... ok
t/068MultilineIndented.t .. ok
t/069MoreMultiline.t ...... ok
t/070UTCDate.t ............ ok

Test Summary Report
-------------------
t/010JConsole.t         &#40;Wstat: 256 Tests: 1 Failed: 1&#41;
  Failed test:  1
  Non-zero exit status: 1
Files=73, Tests=739, 31 wallclock secs &#40; 0.34 usr  0.13 sys +  6.45 cusr  0.67 csys =  7.59 CPU&#41;
Result: FAIL
Failed 1/73 test programs. 1/739 subtests failed.
make: *** [test_dynamic] Error 255
  MSCHILLI/Log-Log4perl-1.46.tar.gz
  /usr/bin/make test -- NOT OK
</div></div>
    </div>
</div>
</div>
<div class="ticket-transaction message Correspond even">
<div class="ticket-transaction">
  <div class="metadata">
    <span class="type">
      &nbsp;      
    </span>
    <span class="date">Wed&nbsp;Nov&nbsp;11&nbsp;10:36:48&nbsp;2015</span>
    <span class="description">SREZIC [...] cpan.org -  Correspondence added</span>
    <span class="time-taken"></span>    <span class="actions hidden"></span>
  </div>
    <div class="content">
      

<div class="messagebody">
<div class="message-stanza plain-text-white-space">On 2015-08-21 12:53:09, JHI wrote:
<span
    class="message-stanza-folder closed"
    onclick="fold_message_stanza(this, 'Show\x20quoted\x20text', 'Hide\x20quoted\x20text');">Show quoted text</span><br /><div class="message-stanza closed">&gt; ...
&gt; Configuring M/MS/MSCHILLI/Log-Log4perl-1.46.tar.gz with Makefile.PL
&gt; Checking if your kit is complete...
&gt; Looks good
&gt; Generating a Unix-style Makefile
&gt; Writing Makefile for Log::Log4perl
&gt; Writing MYMETA.yml and MYMETA.json
&gt;   MSCHILLI/Log-Log4perl-1.46.tar.gz
&gt;   /usr/local/perl-forge/v/5.22.0/bin/perl Makefile.PL -- OK
&gt; Running make for M/MS/MSCHILLI/Log-Log4perl-1.46.tar.gz
&gt; ...
&gt; PERL_DL_NONLAZY=1 &#34;/usr/local/perl-forge/v/5.22.0/bin/perl&#34; &#34;-
&gt; MExtUtils::Command
&gt; ::MM&#34; &#34;-MTest::Harness&#34; &#34;-e&#34; &#34;undef *Test::Harness::Switches;
&gt; test_harness&#40;0, &#39;b
&gt; lib/lib&#39;, &#39;blib/arch&#39;&#41;&#34; t/*.t
&gt; t/001Level.t .............. ok
&gt; t/002Logger.t ............. ok
&gt; t/003Layout-Rr.t .......... ok
&gt; t/003Layout.t ............. ok
&gt; t/004Config.t ............. ok
&gt; t/005Config-Perl.t ........ ok
&gt; t/006Config-Java.t ........ ok
&gt; t/007LogPrio.t ............ ok
&gt; t/008ConfCat.t ............ ok
&gt; t/009Deuce.t .............. ok
&gt; 
&gt; #   Failed test at t/010JConsole.t line 88.
&gt; #          got: &#39;&#39;
&gt;  #     expected: &#39;INFO  cat1 - info message 1
&gt;  # WARN  cat1 - warning message 1
&gt;  # FATAL cat1 - fatal message 1
&gt; # &#39;
&gt; # Looks like you failed 1 test of 1.
&gt;  t/010JConsole.t ...........
&gt; Dubious, test returned 1 &#40;wstat 256, 0x100&#41;
&gt;  Failed 1/1 subtests
&gt; t/011JFile.t .............. ok
&gt; t/012Deeper.t ............. ok
&gt; t/013Bench.t .............. ok
&gt; t/014ConfErrs.t ........... ok
&gt; t/015fltmsg.t ............. ok
&gt; t/016Export.t ............. ok
&gt; t/017Watch.t .............. ok
&gt; t/018Init.t ............... ok
&gt; t/019Warn.t ............... ok
&gt; t/020Easy.t ............... ok
&gt; t/020Easy2.t .............. ok
&gt; t/021AppThres.t ........... ok
&gt; t/022Wrap.t ............... ok
&gt; t/023Date.t ............... ok
&gt; t/024WarnDieCarp.t ........ ok
&gt; t/025CustLevels.t ......... ok
&gt; t/026FileApp.t ............ ok
&gt; t/027Watch2.t ............. ok
&gt; t/027Watch3.t ............. ok
&gt; t/027Watch4.t ............. ok
&gt; t/028Additivity.t ......... ok
&gt; t/029SysWide.t ............ ok
&gt; t/030LDLevel.t ............ ok
&gt; t/031NDC.t ................ ok
&gt; t/032JRollFile.t .......... ok
&gt; t/033UsrCspec.t ........... ok
&gt; t/034DBI.t ................ skipped: DBI 1.607 or DBD::CSV 0.33 or
&gt; SQL::Statement 1.20 not installed, skipping tests
&gt; t/035JDBCAppender.t ....... skipped: only with Log::Dispatch and
&gt; DBD::CSV 0.33
&gt; t/036JSyslog.t ............ ok
&gt; t/037JWin32Event.t ........ skipped: only with
&gt; Log::Dispatch::Win32EventLog
&gt; t/038XML-DOM1.t ........... ok
&gt; t/039XML-DOM2.t ........... ok
&gt; t/040Filter.t ............. ok
&gt; t/041SafeEval.t ........... ok
&gt; t/042SyncApp.t ............ skipped: - only with L4P_ALL_TESTS
&gt; t/043VarSubst.t ........... ok
&gt; t/044XML-Filter.t ......... ok
&gt; t/045Composite.t .......... ok
&gt; t/046RRDs.t ............... skipped: &#40;RRDs not installed&#41;
&gt; t/048lwp.t ................ skipped: Only with 2.0 &lt; LWP::UserAgent &lt;
&gt; 5.822
&gt; t/049Unhide.t ............. ok
&gt; t/050Buffer.t ............. ok
&gt; t/051Extra.t .............. ok
&gt; t/052Utf8.t ............... ok
&gt; t/053Resurrect.t .......... ok
&gt; t/054Subclass.t ........... ok
&gt; t/055AppDestroy.t ......... ok
&gt; t/056SyncApp2.t ........... skipped: - only with L4P_ALL_TESTS
&gt; t/057MsgChomp.t ........... ok
&gt; t/058Warnings.t ........... ok
&gt; t/059Wrapper.t ............ ok
&gt; t/060Initialized.t ........ ok
&gt; t/061Multiline.t .......... ok
&gt; t/062InitHash.t ........... ok
&gt; t/063LoggerRemove.t ....... ok
&gt; t/064RealClass.t .......... ok
&gt; t/065Undef.t .............. ok
&gt; t/066SQLite.t ............. ok
&gt; t/067Exception.t .......... ok
&gt; t/068MultilineIndented.t .. ok
&gt; t/069MoreMultiline.t ...... ok
&gt; t/070UTCDate.t ............ ok
&gt; 
&gt; Test Summary Report
&gt; -------------------
&gt; t/010JConsole.t         &#40;Wstat: 256 Tests: 1 Failed: 1&#41;
&gt;   Failed test:  1
&gt;   Non-zero exit status: 1
&gt; Files=73, Tests=739, 31 wallclock secs &#40; 0.34 usr  0.13 sys +  6.45
&gt; cusr  0.67 csys =  7.59 CPU&#41;
&gt; Result: FAIL
&gt; Failed 1/73 test programs. 1/739 subtests failed.
&gt; make: *** [test_dynamic] Error 255
&gt;   MSCHILLI/Log-Log4perl-1.46.tar.gz
&gt;   /usr/bin/make test -- NOT OK
</div>
Sample fail reports at cpantesters:
- <span class="clickylink"><a target="new" rel="nofollow" href="http://www.cpantesters.org/cpan/report/76d76b6a-418b-11e5-a227-3bbf8a6cd636">http://www.cpantesters.org/cpan/report/76d76b6a-418b-11e5-a227-3bbf8a6cd636</a></span>
- <span class="clickylink"><a target="new" rel="nofollow" href="http://www.cpantesters.org/cpan/report/18c9d0ba-4020-11e5-af06-2461e14af301">http://www.cpantesters.org/cpan/report/18c9d0ba-4020-11e5-af06-2461e14af301</a></span>
- <span class="clickylink"><a target="new" rel="nofollow" href="http://www.cpantesters.org/cpan/report/fc0854b2-3f55-11e5-a3ab-481eb6ee08aa">http://www.cpantesters.org/cpan/report/fc0854b2-3f55-11e5-a3ab-481eb6ee08aa</a></span>
</div></div>
    </div>
</div>
</div>
<div class="ticket-transaction basics Status odd">
<div class="ticket-transaction">
  <div class="metadata">
    <span class="type">
      &nbsp;      
    </span>
    <span class="date">Wed&nbsp;Nov&nbsp;11&nbsp;10:36:48&nbsp;2015</span>
    <span class="description">The RT System itself -  Status changed from &#39;new&#39; to &#39;open&#39;</span>
    <span class="time-taken"></span>    <span class="actions hidden"></span>
  </div>
    <div class="content">
    </div>
</div>
</div>
<div class="ticket-transaction message Correspond even">
<div class="ticket-transaction">
  <div class="metadata">
    <span class="type">
      &nbsp;      
    </span>
    <span class="date">Wed&nbsp;Nov&nbsp;11&nbsp;10:47:10&nbsp;2015</span>
    <span class="description">SREZIC [...] cpan.org -  Correspondence added</span>
    <span class="time-taken"></span>    <span class="actions hidden"></span>
  </div>
    <div class="content">
      

<div class="messagebody">
<div class="message-stanza plain-text-white-space">On 2015-11-11 10:36:48, SREZIC wrote:
<span
    class="message-stanza-folder closed"
    onclick="fold_message_stanza(this, 'Show\x20quoted\x20text', 'Hide\x20quoted\x20text');">Show quoted text</span><br /><div class="message-stanza closed">&gt; On 2015-08-21 12:53:09, JHI wrote:
<div class="message-stanza open">&gt; &gt; ...
&gt; &gt; Configuring M/MS/MSCHILLI/Log-Log4perl-1.46.tar.gz with Makefile.PL
&gt; &gt; Checking if your kit is complete...
&gt; &gt; Looks good
&gt; &gt; Generating a Unix-style Makefile
&gt; &gt; Writing Makefile for Log::Log4perl
&gt; &gt; Writing MYMETA.yml and MYMETA.json
&gt; &gt;   MSCHILLI/Log-Log4perl-1.46.tar.gz
&gt; &gt;   /usr/local/perl-forge/v/5.22.0/bin/perl Makefile.PL -- OK
&gt; &gt; Running make for M/MS/MSCHILLI/Log-Log4perl-1.46.tar.gz
&gt; &gt; ...
&gt; &gt; PERL_DL_NONLAZY=1 &#34;/usr/local/perl-forge/v/5.22.0/bin/perl&#34; &#34;-
&gt; &gt; MExtUtils::Command
&gt; &gt; ::MM&#34; &#34;-MTest::Harness&#34; &#34;-e&#34; &#34;undef *Test::Harness::Switches;
&gt; &gt; test_harness&#40;0, &#39;b
&gt; &gt; lib/lib&#39;, &#39;blib/arch&#39;&#41;&#34; t/*.t
&gt; &gt; t/001Level.t .............. ok
&gt; &gt; t/002Logger.t ............. ok
&gt; &gt; t/003Layout-Rr.t .......... ok
&gt; &gt; t/003Layout.t ............. ok
&gt; &gt; t/004Config.t ............. ok
&gt; &gt; t/005Config-Perl.t ........ ok
&gt; &gt; t/006Config-Java.t ........ ok
&gt; &gt; t/007LogPrio.t ............ ok
&gt; &gt; t/008ConfCat.t ............ ok
&gt; &gt; t/009Deuce.t .............. ok
&gt; &gt;
&gt; &gt; #   Failed test at t/010JConsole.t line 88.
&gt; &gt; #          got: &#39;&#39;
&gt; &gt;  #     expected: &#39;INFO  cat1 - info message 1
&gt; &gt;  # WARN  cat1 - warning message 1
&gt; &gt;  # FATAL cat1 - fatal message 1
&gt; &gt; # &#39;
&gt; &gt; # Looks like you failed 1 test of 1.
&gt; &gt;  t/010JConsole.t ...........
&gt; &gt; Dubious, test returned 1 &#40;wstat 256, 0x100&#41;
&gt; &gt;  Failed 1/1 subtests
&gt; &gt; t/011JFile.t .............. ok
&gt; &gt; t/012Deeper.t ............. ok
&gt; &gt; t/013Bench.t .............. ok
&gt; &gt; t/014ConfErrs.t ........... ok
&gt; &gt; t/015fltmsg.t ............. ok
&gt; &gt; t/016Export.t ............. ok
&gt; &gt; t/017Watch.t .............. ok
&gt; &gt; t/018Init.t ............... ok
&gt; &gt; t/019Warn.t ............... ok
&gt; &gt; t/020Easy.t ............... ok
&gt; &gt; t/020Easy2.t .............. ok
&gt; &gt; t/021AppThres.t ........... ok
&gt; &gt; t/022Wrap.t ............... ok
&gt; &gt; t/023Date.t ............... ok
&gt; &gt; t/024WarnDieCarp.t ........ ok
&gt; &gt; t/025CustLevels.t ......... ok
&gt; &gt; t/026FileApp.t ............ ok
&gt; &gt; t/027Watch2.t ............. ok
&gt; &gt; t/027Watch3.t ............. ok
&gt; &gt; t/027Watch4.t ............. ok
&gt; &gt; t/028Additivity.t ......... ok
&gt; &gt; t/029SysWide.t ............ ok
&gt; &gt; t/030LDLevel.t ............ ok
&gt; &gt; t/031NDC.t ................ ok
&gt; &gt; t/032JRollFile.t .......... ok
&gt; &gt; t/033UsrCspec.t ........... ok
&gt; &gt; t/034DBI.t ................ skipped: DBI 1.607 or DBD::CSV 0.33 or
&gt; &gt; SQL::Statement 1.20 not installed, skipping tests
&gt; &gt; t/035JDBCAppender.t ....... skipped: only with Log::Dispatch and
&gt; &gt; DBD::CSV 0.33
&gt; &gt; t/036JSyslog.t ............ ok
&gt; &gt; t/037JWin32Event.t ........ skipped: only with
&gt; &gt; Log::Dispatch::Win32EventLog
&gt; &gt; t/038XML-DOM1.t ........... ok
&gt; &gt; t/039XML-DOM2.t ........... ok
&gt; &gt; t/040Filter.t ............. ok
&gt; &gt; t/041SafeEval.t ........... ok
&gt; &gt; t/042SyncApp.t ............ skipped: - only with L4P_ALL_TESTS
&gt; &gt; t/043VarSubst.t ........... ok
&gt; &gt; t/044XML-Filter.t ......... ok
&gt; &gt; t/045Composite.t .......... ok
&gt; &gt; t/046RRDs.t ............... skipped: &#40;RRDs not installed&#41;
&gt; &gt; t/048lwp.t ................ skipped: Only with 2.0 &lt; LWP::UserAgent &lt;
&gt; &gt; 5.822
&gt; &gt; t/049Unhide.t ............. ok
&gt; &gt; t/050Buffer.t ............. ok
&gt; &gt; t/051Extra.t .............. ok
&gt; &gt; t/052Utf8.t ............... ok
&gt; &gt; t/053Resurrect.t .......... ok
&gt; &gt; t/054Subclass.t ........... ok
&gt; &gt; t/055AppDestroy.t ......... ok
&gt; &gt; t/056SyncApp2.t ........... skipped: - only with L4P_ALL_TESTS
&gt; &gt; t/057MsgChomp.t ........... ok
&gt; &gt; t/058Warnings.t ........... ok
&gt; &gt; t/059Wrapper.t ............ ok
&gt; &gt; t/060Initialized.t ........ ok
&gt; &gt; t/061Multiline.t .......... ok
&gt; &gt; t/062InitHash.t ........... ok
&gt; &gt; t/063LoggerRemove.t ....... ok
&gt; &gt; t/064RealClass.t .......... ok
&gt; &gt; t/065Undef.t .............. ok
&gt; &gt; t/066SQLite.t ............. ok
&gt; &gt; t/067Exception.t .......... ok
&gt; &gt; t/068MultilineIndented.t .. ok
&gt; &gt; t/069MoreMultiline.t ...... ok
&gt; &gt; t/070UTCDate.t ............ ok
&gt; &gt;
&gt; &gt; Test Summary Report
&gt; &gt; -------------------
&gt; &gt; t/010JConsole.t         &#40;Wstat: 256 Tests: 1 Failed: 1&#41;
&gt; &gt;   Failed test:  1
&gt; &gt;   Non-zero exit status: 1
&gt; &gt; Files=73, Tests=739, 31 wallclock secs &#40; 0.34 usr  0.13 sys +  6.45
&gt; &gt; cusr  0.67 csys =  7.59 CPU&#41;
&gt; &gt; Result: FAIL
&gt; &gt; Failed 1/73 test programs. 1/739 subtests failed.
&gt; &gt; make: *** [test_dynamic] Error 255
&gt; &gt;   MSCHILLI/Log-Log4perl-1.46.tar.gz
&gt; &gt;   /usr/bin/make test -- NOT OK
</div>&gt; 
&gt; Sample fail reports at cpantesters:
&gt; - <span class="clickylink"><a target="new" rel="nofollow" href="http://www.cpantesters.org/cpan/report/76d76b6a-418b-11e5-a227-">http://www.cpantesters.org/cpan/report/76d76b6a-418b-11e5-a227-</a></span>
&gt; 3bbf8a6cd636
&gt; - <span class="clickylink"><a target="new" rel="nofollow" href="http://www.cpantesters.org/cpan/report/18c9d0ba-4020-11e5-af06-">http://www.cpantesters.org/cpan/report/18c9d0ba-4020-11e5-af06-</a></span>
&gt; 2461e14af301
&gt; - <span class="clickylink"><a target="new" rel="nofollow" href="http://www.cpantesters.org/cpan/report/fc0854b2-3f55-11e5-a3ab-">http://www.cpantesters.org/cpan/report/fc0854b2-3f55-11e5-a3ab-</a></span>
&gt; 481eb6ee08aa
</div>
But it fails also for earlier versions, so it&#39;s not a 5.22.0 problem. From <span class="clickylink"><a target="new" rel="nofollow" href="http://analysis.cpantesters.org/reports_by_field?SUBMIT_xxx=Submit&#38;distv=Log-Log4perl-1.46&#38;field=qr%3A%28Failed+test">http://analysis.cpantesters.org/reports_by_field?SUBMIT_xxx=Submit&#38;distv=Log-Log4perl-1.46&#38;field=qr%3A%28Failed+test</a></span>\s%2B\S%2B.*%29&#38;field=conf%3Aarchname%2Bosvers&#38;field=meta%3Aperl&#38;field=mod%3AFile%3A%3APath&#38;field=mod%3AFile%3A%3ASpec&#38;field=qr%3A%28Failed+test\s%2B\S%2B.*%29 :

id              state                                                   archname+osvers                                 perl    File::Path      File::Spec
58812126        FAIL    Failed test at t/010JConsole.t line 88.         x86_64-linux-thread-multi 3.13.0-62-generic     5.22.0          3.56
58761275        FAIL    Failed test at t/010JConsole.t line 88.         x86_64-linux-thread-multi 2.6.32-5-xen-amd64    5.12.5  2.08_01         3.47
58749761        FAIL    Failed test at t/010JConsole.t line 88.         x86_64-linux-thread-multi 3.2.0-4-amd64         5.18.4  2.11_003        3.40
58749747        FAIL    Failed test at t/010JConsole.t line 88.         x86_64-linux-thread-multi 3.16.0-4-amd64        5.20.2  2.11_003        3.48_01
58749688        FAIL    Failed test at t/010JConsole.t line 88.         x86_64-linux-thread-multi 3.2.0-4-amd64         5.14.4  2.11_003        3.47
58749687        FAIL    Failed test at t/010JConsole.t line 88.         x86_64-linux-thread-multi 3.2.0-4-amd64         5.20.1  2.11_003        3.48
58747306        FAIL    Failed test at t/010JConsole.t line 88.         x86_64-linux-thread-multi 2.6.18-4-xen-amd64    5.8.9   2.07_02         3.47
58716405        FAIL    Failed test at t/010JConsole.t line 88.         x86_64-linux-thread-multi 3.13.0-62-generic     5.22.0          3.56
58652208        FAIL    Failed test at t/010JConsole.t line 88.         armv7l-linux-64int 4.1.3-armv7-x2       5.23.1  2.11    3.56
58620235        FAIL    Failed test at t/010JConsole.t line 88.         darwin-2level 14.4.0    5.22.0  2.09    3.56
58619285        FAIL    Failed test at t/010JConsole.t line 88.         i86pc-solaris-64int 2.11        5.12.5  2.08_01         3.47
</div></div>
    </div>
</div>
</div>
<div class="ticket-transaction message Correspond odd">
<div class="ticket-transaction">
  <div class="metadata">
    <span class="type">
      &nbsp;      
    </span>
    <span class="date">Wed&nbsp;Nov&nbsp;11&nbsp;10:58:27&nbsp;2015</span>
    <span class="description">jhi [...] iki.fi -  Correspondence added</span>
    <span class="time-taken"></span>    <span class="actions hidden"></span>
  </div>
    <div class="content">
      
<table>
  <tr>
    <td align="right" class="message-header-key">Subject:</td>
    <td class="message-header-value"> Re: [rt.cpan.org #106601] test failures with 5.22.0</td>
  </tr>
  <tr>
    <td align="right" class="message-header-key">Date:</td>
    <td class="message-header-value"> Wed, 11 Nov 2015 10:58:11 -0500</td>
  </tr>
  <tr>
    <td align="right" class="message-header-key">To:</td>
    <td class="message-header-value"> bug-Log-Log4perl [...] rt.cpan.org</td>
  </tr>
  <tr>
    <td align="right" class="message-header-key">From:</td>
    <td class="message-header-value"> Jarkko Hietaniemi &lt;jhi [...] iki.fi&gt;</td>
  </tr>
</table>

<div class="messagebody">
<div class="message-stanza plain-text-white-space">Since 5.8.9... so since seven years.

On Wed, Nov 11, 2015 at 10:47 AM, Slaven_Rezic via RT
&lt;bug-Log-Log4perl@rt.cpan.org&gt; wrote:
<span
    class="message-stanza-folder closed"
    onclick="fold_message_stanza(this, 'Show\x20quoted\x20text', 'Hide\x20quoted\x20text');">Show quoted text</span><br /><div class="message-stanza closed">&gt; &lt;URL: <span class="clickylink"><a target="new" rel="nofollow" href="https://rt.cpan.org/Ticket/Display.html?id=106601">https://rt.cpan.org/Ticket/Display.html?id=106601</a></span> &gt;
&gt;
&gt; On 2015-11-11 10:36:48, SREZIC wrote:
<div class="message-stanza open">&gt;&gt; On 2015-08-21 12:53:09, JHI wrote:
<div class="message-stanza open">&gt;&gt; &gt; ...
&gt;&gt; &gt; Configuring M/MS/MSCHILLI/Log-Log4perl-1.46.tar.gz with Makefile.PL
&gt;&gt; &gt; Checking if your kit is complete...
&gt;&gt; &gt; Looks good
&gt;&gt; &gt; Generating a Unix-style Makefile
&gt;&gt; &gt; Writing Makefile for Log::Log4perl
&gt;&gt; &gt; Writing MYMETA.yml and MYMETA.json
&gt;&gt; &gt;   MSCHILLI/Log-Log4perl-1.46.tar.gz
&gt;&gt; &gt;   /usr/local/perl-forge/v/5.22.0/bin/perl Makefile.PL -- OK
&gt;&gt; &gt; Running make for M/MS/MSCHILLI/Log-Log4perl-1.46.tar.gz
&gt;&gt; &gt; ...
&gt;&gt; &gt; PERL_DL_NONLAZY=1 &#34;/usr/local/perl-forge/v/5.22.0/bin/perl&#34; &#34;-
&gt;&gt; &gt; MExtUtils::Command
&gt;&gt; &gt; ::MM&#34; &#34;-MTest::Harness&#34; &#34;-e&#34; &#34;undef *Test::Harness::Switches;
&gt;&gt; &gt; test_harness&#40;0, &#39;b
&gt;&gt; &gt; lib/lib&#39;, &#39;blib/arch&#39;&#41;&#34; t/*.t
&gt;&gt; &gt; t/001Level.t .............. ok
&gt;&gt; &gt; t/002Logger.t ............. ok
&gt;&gt; &gt; t/003Layout-Rr.t .......... ok
&gt;&gt; &gt; t/003Layout.t ............. ok
&gt;&gt; &gt; t/004Config.t ............. ok
&gt;&gt; &gt; t/005Config-Perl.t ........ ok
&gt;&gt; &gt; t/006Config-Java.t ........ ok
&gt;&gt; &gt; t/007LogPrio.t ............ ok
&gt;&gt; &gt; t/008ConfCat.t ............ ok
&gt;&gt; &gt; t/009Deuce.t .............. ok
&gt;&gt; &gt;
&gt;&gt; &gt; #   Failed test at t/010JConsole.t line 88.
&gt;&gt; &gt; #          got: &#39;&#39;
&gt;&gt; &gt;  #     expected: &#39;INFO  cat1 - info message 1
&gt;&gt; &gt;  # WARN  cat1 - warning message 1
&gt;&gt; &gt;  # FATAL cat1 - fatal message 1
&gt;&gt; &gt; # &#39;
&gt;&gt; &gt; # Looks like you failed 1 test of 1.
&gt;&gt; &gt;  t/010JConsole.t ...........
&gt;&gt; &gt; Dubious, test returned 1 &#40;wstat 256, 0x100&#41;
&gt;&gt; &gt;  Failed 1/1 subtests
&gt;&gt; &gt; t/011JFile.t .............. ok
&gt;&gt; &gt; t/012Deeper.t ............. ok
&gt;&gt; &gt; t/013Bench.t .............. ok
&gt;&gt; &gt; t/014ConfErrs.t ........... ok
&gt;&gt; &gt; t/015fltmsg.t ............. ok
&gt;&gt; &gt; t/016Export.t ............. ok
&gt;&gt; &gt; t/017Watch.t .............. ok
&gt;&gt; &gt; t/018Init.t ............... ok
&gt;&gt; &gt; t/019Warn.t ............... ok
&gt;&gt; &gt; t/020Easy.t ............... ok
&gt;&gt; &gt; t/020Easy2.t .............. ok
&gt;&gt; &gt; t/021AppThres.t ........... ok
&gt;&gt; &gt; t/022Wrap.t ............... ok
&gt;&gt; &gt; t/023Date.t ............... ok
&gt;&gt; &gt; t/024WarnDieCarp.t ........ ok
&gt;&gt; &gt; t/025CustLevels.t ......... ok
&gt;&gt; &gt; t/026FileApp.t ............ ok
&gt;&gt; &gt; t/027Watch2.t ............. ok
&gt;&gt; &gt; t/027Watch3.t ............. ok
&gt;&gt; &gt; t/027Watch4.t ............. ok
&gt;&gt; &gt; t/028Additivity.t ......... ok
&gt;&gt; &gt; t/029SysWide.t ............ ok
&gt;&gt; &gt; t/030LDLevel.t ............ ok
&gt;&gt; &gt; t/031NDC.t ................ ok
&gt;&gt; &gt; t/032JRollFile.t .......... ok
&gt;&gt; &gt; t/033UsrCspec.t ........... ok
&gt;&gt; &gt; t/034DBI.t ................ skipped: DBI 1.607 or DBD::CSV 0.33 or
&gt;&gt; &gt; SQL::Statement 1.20 not installed, skipping tests
&gt;&gt; &gt; t/035JDBCAppender.t ....... skipped: only with Log::Dispatch and
&gt;&gt; &gt; DBD::CSV 0.33
&gt;&gt; &gt; t/036JSyslog.t ............ ok
&gt;&gt; &gt; t/037JWin32Event.t ........ skipped: only with
&gt;&gt; &gt; Log::Dispatch::Win32EventLog
&gt;&gt; &gt; t/038XML-DOM1.t ........... ok
&gt;&gt; &gt; t/039XML-DOM2.t ........... ok
&gt;&gt; &gt; t/040Filter.t ............. ok
&gt;&gt; &gt; t/041SafeEval.t ........... ok
&gt;&gt; &gt; t/042SyncApp.t ............ skipped: - only with L4P_ALL_TESTS
&gt;&gt; &gt; t/043VarSubst.t ........... ok
&gt;&gt; &gt; t/044XML-Filter.t ......... ok
&gt;&gt; &gt; t/045Composite.t .......... ok
&gt;&gt; &gt; t/046RRDs.t ............... skipped: &#40;RRDs not installed&#41;
&gt;&gt; &gt; t/048lwp.t ................ skipped: Only with 2.0 &lt; LWP::UserAgent &lt;
&gt;&gt; &gt; 5.822
&gt;&gt; &gt; t/049Unhide.t ............. ok
&gt;&gt; &gt; t/050Buffer.t ............. ok
&gt;&gt; &gt; t/051Extra.t .............. ok
&gt;&gt; &gt; t/052Utf8.t ............... ok
&gt;&gt; &gt; t/053Resurrect.t .......... ok
&gt;&gt; &gt; t/054Subclass.t ........... ok
&gt;&gt; &gt; t/055AppDestroy.t ......... ok
&gt;&gt; &gt; t/056SyncApp2.t ........... skipped: - only with L4P_ALL_TESTS
&gt;&gt; &gt; t/057MsgChomp.t ........... ok
&gt;&gt; &gt; t/058Warnings.t ........... ok
&gt;&gt; &gt; t/059Wrapper.t ............ ok
&gt;&gt; &gt; t/060Initialized.t ........ ok
&gt;&gt; &gt; t/061Multiline.t .......... ok
&gt;&gt; &gt; t/062InitHash.t ........... ok
&gt;&gt; &gt; t/063LoggerRemove.t ....... ok
&gt;&gt; &gt; t/064RealClass.t .......... ok
&gt;&gt; &gt; t/065Undef.t .............. ok
&gt;&gt; &gt; t/066SQLite.t ............. ok
&gt;&gt; &gt; t/067Exception.t .......... ok
&gt;&gt; &gt; t/068MultilineIndented.t .. ok
&gt;&gt; &gt; t/069MoreMultiline.t ...... ok
&gt;&gt; &gt; t/070UTCDate.t ............ ok
&gt;&gt; &gt;
&gt;&gt; &gt; Test Summary Report
&gt;&gt; &gt; -------------------
&gt;&gt; &gt; t/010JConsole.t         &#40;Wstat: 256 Tests: 1 Failed: 1&#41;
&gt;&gt; &gt;   Failed test:  1
&gt;&gt; &gt;   Non-zero exit status: 1
&gt;&gt; &gt; Files=73, Tests=739, 31 wallclock secs &#40; 0.34 usr  0.13 sys +  6.45
&gt;&gt; &gt; cusr  0.67 csys =  7.59 CPU&#41;
&gt;&gt; &gt; Result: FAIL
&gt;&gt; &gt; Failed 1/73 test programs. 1/739 subtests failed.
&gt;&gt; &gt; make: *** [test_dynamic] Error 255
&gt;&gt; &gt;   MSCHILLI/Log-Log4perl-1.46.tar.gz
&gt;&gt; &gt;   /usr/bin/make test -- NOT OK
</div>&gt;&gt;
&gt;&gt; Sample fail reports at cpantesters:
&gt;&gt; - <span class="clickylink"><a target="new" rel="nofollow" href="http://www.cpantesters.org/cpan/report/76d76b6a-418b-11e5-a227-">http://www.cpantesters.org/cpan/report/76d76b6a-418b-11e5-a227-</a></span>
&gt;&gt; 3bbf8a6cd636
&gt;&gt; - <span class="clickylink"><a target="new" rel="nofollow" href="http://www.cpantesters.org/cpan/report/18c9d0ba-4020-11e5-af06-">http://www.cpantesters.org/cpan/report/18c9d0ba-4020-11e5-af06-</a></span>
&gt;&gt; 2461e14af301
&gt;&gt; - <span class="clickylink"><a target="new" rel="nofollow" href="http://www.cpantesters.org/cpan/report/fc0854b2-3f55-11e5-a3ab-">http://www.cpantesters.org/cpan/report/fc0854b2-3f55-11e5-a3ab-</a></span>
&gt;&gt; 481eb6ee08aa
</div>&gt;
&gt; But it fails also for earlier versions, so it&#39;s not a 5.22.0 problem. From <span class="clickylink"><a target="new" rel="nofollow" href="http://analysis.cpantesters.org/reports_by_field?SUBMIT_xxx=Submit&#38;distv=Log-Log4perl-1.46&#38;field=qr%3A%28Failed+test">http://analysis.cpantesters.org/reports_by_field?SUBMIT_xxx=Submit&#38;distv=Log-Log4perl-1.46&#38;field=qr%3A%28Failed+test</a></span>\s%2B\S%2B.*%29&#38;field=conf%3Aarchname%2Bosvers&#38;field=meta%3Aperl&#38;field=mod%3AFile%3A%3APath&#38;field=mod%3AFile%3A%3ASpec&#38;field=qr%3A%28Failed+test\s%2B\S%2B.*%29 :
&gt;
&gt; id              state                                                   archname+osvers                                 perl    File::Path      File::Spec
&gt; 58812126        FAIL    Failed test at t/010JConsole.t line 88.         x86_64-linux-thread-multi 3.13.0-62-generic     5.22.0          3.56
&gt; 58761275        FAIL    Failed test at t/010JConsole.t line 88.         x86_64-linux-thread-multi 2.6.32-5-xen-amd64    5.12.5  2.08_01         3.47
&gt; 58749761        FAIL    Failed test at t/010JConsole.t line 88.         x86_64-linux-thread-multi 3.2.0-4-amd64         5.18.4  2.11_003        3.40
&gt; 58749747        FAIL    Failed test at t/010JConsole.t line 88.         x86_64-linux-thread-multi 3.16.0-4-amd64        5.20.2  2.11_003        3.48_01
&gt; 58749688        FAIL    Failed test at t/010JConsole.t line 88.         x86_64-linux-thread-multi 3.2.0-4-amd64         5.14.4  2.11_003        3.47
&gt; 58749687        FAIL    Failed test at t/010JConsole.t line 88.         x86_64-linux-thread-multi 3.2.0-4-amd64         5.20.1  2.11_003        3.48
&gt; 58747306        FAIL    Failed test at t/010JConsole.t line 88.         x86_64-linux-thread-multi 2.6.18-4-xen-amd64    5.8.9   2.07_02         3.47
&gt; 58716405        FAIL    Failed test at t/010JConsole.t line 88.         x86_64-linux-thread-multi 3.13.0-62-generic     5.22.0          3.56
&gt; 58652208        FAIL    Failed test at t/010JConsole.t line 88.         armv7l-linux-64int 4.1.3-armv7-x2       5.23.1  2.11    3.56
&gt; 58620235        FAIL    Failed test at t/010JConsole.t line 88.         darwin-2level 14.4.0    5.22.0  2.09    3.56
&gt; 58619285        FAIL    Failed test at t/010JConsole.t line 88.         i86pc-solaris-64int 2.11        5.12.5  2.08_01         3.47
&gt;
</div>


-- 
There is this special biologist word we use for &#39;stable&#39;. It is
&#39;dead&#39;. -- Jack Cohen
</div></div>
    </div>
</div>
</div>
<div class="ticket-transaction message Correspond even">
<div class="ticket-transaction">
  <div class="metadata">
    <span class="type">
      &nbsp;      
    </span>
    <span class="date">Sat&nbsp;Jan&nbsp;30&nbsp;02:27:32&nbsp;2016</span>
    <span class="description">MSCHILLI [...] cpan.org -  Correspondence added</span>
    <span class="time-taken"></span>    <span class="actions hidden"></span>
  </div>
    <div class="content">
      

<div class="messagebody">
<div class="message-stanza plain-text-white-space">At first glance, I don&#39;t see anything obvious that could be wrong with the code. What&#39;s surprising is that this succeeds on the majority of platforms and fails on very few, which have a seemingly random variety of perl cores.

What&#39;s special about this particular test case is that it only gets executed if a 3rd party module named Log::Dispatch::Screen is found on the target platform. Could that be the culprit? 

I&#39;ve added a warning to print out the Log::Dispatch version in case this rears its ugly head again:

 <span class="clickylink"><a target="new" rel="nofollow" href="https://github.com/mschilli/log4perl/commit/332756664d32b9f91b90c3233622e9ecba3238f8">https://github.com/mschilli/log4perl/commit/332756664d32b9f91b90c3233622e9ecba3238f8</a></span>
</div></div>
    </div>
</div>
</div>
<div class="ticket-transaction basics Status odd">
<div class="ticket-transaction">
  <div class="metadata">
    <span class="type">
      &nbsp;      
    </span>
    <span class="date">Sun&nbsp;Sep&nbsp;06&nbsp;20:16:24&nbsp;2020</span>
    <span class="description">ETJ [...] cpan.org -  Status changed from &#39;open&#39; to &#39;resolved&#39;</span>
    <span class="time-taken"></span>    <span class="actions hidden"></span>
  </div>
    <div class="content">
    </div>
</div>
</div>
</div>
    <hr class="clear" />
  </div>
</div>




</div>
 


  <hr class="clear" />
</div>
</body>
</html>
