<!DOCTYPE html>

<html lang="en">
  <head>
    <title>Bug #78250 for Data-Printer: Test failure on 5.8.8</title>
    <meta http-equiv="X-UA-Compatible" content="IE=edge" />
    <!-- The X-UA-Compatible <meta> tag above must be very early in <head> -->

    <script>
if (window.top !== window.self) {
    document.write = "";

    window.top.location = window.self.location;

    setTimeout(function(){
        document.body.innerHTML = "";
    }, 1);

    window.self.onload = function(){
        document.body.innerHTML = "";
    };
}
</script>



<link rel="shortcut icon" href="/NoAuth/images/favicon.png" type="image/png" />
<link rel="stylesheet" href="/NoAuth/css/aileron-squished-00f758259152f8b6670ee485f462e6b8.css" type="text/css" media="all" />
<link rel="stylesheet" href="/NoAuth/css/print.css" type="text/css" media="print" />




<script type="text/javascript" src="/NoAuth/js/squished-42167f2409ce368da2d31038e5cb2a57.js"></script>

<script type="text/javascript"><!--
	jQuery( loadTitleBoxStates );

--></script>


<!--[if lt IE 8]>
<link rel="stylesheet" href="/NoAuth/css/aileron/msie.css" type="text/css" media="all" />
<![endif]-->
<!--[if lt IE 7]>
<link rel="stylesheet" href="/NoAuth/css/aileron/msie6.css" type="text/css" media="all" />
<![endif]-->
<script type="text/javascript">
jQuery(document).ready(function(){
    jQuery.fn.supersubs.defaults = {
        maxWidth: 30,
        extraWidth: 2
    };

    jQuery("#app-nav.toplevel").addClass('sf-menu sf-js-enabled sf-shadow').supersubs().superfish({ speed: 'fast' });
    jQuery("#page-menu.toplevel").addClass('sf-menu sf-js-enabled').supersubs().superfish({ dropShadows: false, speed: 'fast' }).supposition();
});
</script>


<!-- Site CSS from theme editor -->
<style type="text/css" media="all" id="sitecss">
</style>

<meta name="google-site-verification" content="kD3-uEJK1AkTqaC-rckcSt_HPkAj674DPPuEN6i-y0g" />

</head>
  <body class="aileron sidebyside" id="comp-Public-Bug-Display">

<div id="logo">
<a href="https://rt.cpan.org/"><img
    src="/NoAuth/images/cpan.png"
    alt="CPAN"
    width="181"
    height="38" /></a>
    <span class="rtname">RT for rt.cpan.org</span>
</div>


<div id="quickbar">
  <div id="quick-personal">
    <span class="hide"><a href="#skipnav">Skip Menu</a> | </span>
</div>

</div>
<div id="header"><h1>Bug #78250 for Data-Printer: Test failure on 5.8.8</h1></div>


<div id="main-navigation"><ul id="app-nav" class="toplevel">
 <li id="li-search_dist"><a id="search_dist" class="menu-item " href="/Public/">Search Distributions</a></li>
 <li id="li-browse_dist"><a id="browse_dist" class="menu-item " href="/Public/Dist/Browse.html">Browse Distributions</a></li>
 <li id="li-about" class="has-children"><a id="about" class="menu-item " href="/NoAuth/RT/CPAN/About.html">About rt.cpan.org</a>
 <ul>
  <li id="li-about-usage"><a id="about-usage" class="menu-item " href="/NoAuth/RT/CPAN/Usage.html">How do Iâ€¦?</a></li>
  <li id="li-about-about"><a id="about-about" class="menu-item " href="/NoAuth/RT/CPAN/About.html">About</a></li>
 </ul>
 </li>
 <li id="li-preferences"><a id="preferences" class="menu-item ">Welcome <span class="current-user">anonymous guest</span>.</a></li>
 <li id="li-login"><a id="login" class="menu-item " href="/NoAuth/Logout.html">Login as another user</a></li>
</ul></div>
<div id="page-navigation"><ul id="page-menu" class="toplevel">
 <li id="li-page-active_bugs"><a id="page-active_bugs" class="menu-item " href="/Public/Dist/Display.html?Status=Active;Name=Data-Printer">Active bugs</a></li>
 <li id="li-page-resolved_bugs"><a id="page-resolved_bugs" class="menu-item " href="/Public/Dist/Display.html?Status=Resolved;Name=Data-Printer">Resolved bugs</a></li>
 <li id="li-page-rejected_bugs"><a id="page-rejected_bugs" class="menu-item " href="/Public/Dist/Display.html?Status=Rejected;Name=Data-Printer">Rejected bugs</a></li>
 <li id="li-page-report"><a id="page-report" class="menu-item " href="/Public/Bug/Report.html?Queue=Data-Printer">Report a new bug</a></li>
</ul></div>
<div id="topactions"><form action="/Public/Search/Simple.html" id="simple-search">
  <input size="12" name="q" accesskey="0" class="field" value="" placeholder="Search..." />
</form>

<form action="/Public/Bug/Report.html" name="CreateTicketInQueue" id="CreateTicketInQueue" >
<input type="submit" class="button" value="New ticket in" />&nbsp;<label accesskey="9">
  <input name="Queue" size="25" placeholder="Module or distribution" value="" class="select-queue" data-autocomplete="Queues" data-autocomplete-autosubmit=1 data-autocomplete-params="right=CreateTicket" />

</label>

</form>

</div>
<div id="body">
<div id="announcement" style="padding: 1em; margin: 1em; border: solid black 1px; background: #eee">
<a href="https://log.perl.org/2020/12/rtcpanorg-sunset.html">rt.cpan.org will be shut down on March 1st, 2021.</a>
</div>

<a name="skipnav" id="skipnav" accesskey="8"></a>




<div id="external_bugtracker">
<h3>Preferred bug tracker</h3>
<p>
<div>Please visit the <a href="https://github.com/garu/Data-Printer/issues/">preferred bug tracker</a> to report your issue.</div>
</p>
</div>

<p>This queue is for tickets about the <a href="https://metacpan.org/release/Data-Printer">Data-Printer CPAN distribution</a>.</p>





<div class="">
  <div class="titlebox" id="">
  <div class="titlebox-title">
    <span class="widget"><a href="#" onclick="return rollup('TitleBox\x2D\x2D\x5FPublic\x5FBug\x5FDisplay\x5Fhtml\x2D\x2D\x2D\x2D\x2D\x2DUmVwb3J0IGluZm9ybWF0aW9u\x2D\x2D\x2D0');" title="Toggle visibility"></a></span>
    <span class="left">Report information</span>
    <span class="right-empty">		    </span>
  </div>
  <div class="titlebox-content " id="TitleBox--_Public_Bug_Display_html------UmVwb3J0IGluZm9ybWF0aW9u---0">


<table width="100%" class="ticket-summary">
<tr>
  <td valign="top" class="boxcontainer">
    <div class="ticket-info-basics">
  <div class="titlebox ticket-info-basics " id="">
  <div class="titlebox-title">
    <span class="widget"><a href="#" onclick="return rollup('TitleBox\x2D\x2D\x5FPublic\x5FBug\x5FDisplay\x5Fhtml\x2D\x2Dticket\x2Dinfo\x2Dbasics\x2D\x2D\x2D\x2DVGhlIEJhc2ljcw\x5F\x5F\x2D\x2D\x2D0');" title="Toggle visibility"></a></span>
    <span class="left">The Basics</span>
    <span class="right-empty">		    </span>
  </div>
  <div class="titlebox-content " id="TitleBox--_Public_Bug_Display_html--ticket-info-basics----VGhlIEJhc2ljcw__---0">


        <table>
  <tr class="id">
    <td class="label">Id:</td>
    <td class="value">78250</td>
  </tr>
  <tr class="status">
    <td class="label">Status:</td>
    <td class="value">resolved</td>
  </tr>
  <tr class="priority">
    <td class="label">Priority:</td>
    <td class="value">0/
</td>
  </tr>
  <tr class="queue">
    <td class="label">Queue:</td>
    <td class="value"><a href="/Dist/Display.html?Queue=Data-Printer">Data-Printer</a>
</td>
  </tr>
</table>

        <hr class="clear" />
  </div>
</div>




</div>


    <div class="ticket-info-people">
  <div class="titlebox ticket-info-people " id="">
  <div class="titlebox-title">
    <span class="widget"><a href="#" onclick="return rollup('TitleBox\x2D\x2D\x5FPublic\x5FBug\x5FDisplay\x5Fhtml\x2D\x2Dticket\x2Dinfo\x2Dpeople\x2D\x2D\x2D\x2DUGVvcGxl\x2D\x2D\x2D0');" title="Toggle visibility"></a></span>
    <span class="left">People</span>
    <span class="right-empty">		    </span>
  </div>
  <div class="titlebox-content " id="TitleBox--_Public_Bug_Display_html--ticket-info-people----UGVvcGxl---0">


        <table>
  <tr>
    <td class="label">Owner:</td>
    <td class="value">Nobody in particular
    
    </td>
  </tr>
  <tr>
    <td class="labeltop">Requestors:</td>
    <td class="value">
DOHERTY [...] cpan.org

<br />

</td>
  </tr>
  <tr>
    <td class="labeltop">Cc:</td>
    <td class="value">

</td>
  </tr>
  <tr>
    <td class="labeltop">AdminCc:</td>
    <td class="value">

</td>
  </tr>
</table>

        <hr class="clear" />
  </div>
</div>




</div>



  </td>
  <td valign="top" class="boxcontainer">
    
    <div class="ticket-info-cfs">
  <div class="titlebox ticket-info-cfs " id="">
  <div class="titlebox-title">
    <span class="widget"><a href="#" onclick="return rollup('TitleBox\x2D\x2D\x5FPublic\x5FBug\x5FDisplay\x5Fhtml\x2D\x2Dticket\x2Dinfo\x2Dcfs\x2D\x2D\x2D\x2DQnVnIEluZm9ybWF0aW9u\x2D\x2D\x2D0');" title="Toggle visibility"></a></span>
    <span class="left">Bug Information</span>
    <span class="right-empty">		    </span>
  </div>
  <div class="titlebox-content " id="TitleBox--_Public_Bug_Display_html--ticket-info-cfs----QnVnIEluZm9ybWF0aW9u---0">

 
        <table>
  <tr id="CF-1-ShowRow">
    <td class="label">Severity:</td>
    <td class="value">
<i>(no value)</i>
    </td>
  </tr>
  <tr id="CF-236690-ShowRow">
    <td class="label">Broken in:</td>
    <td class="value">
<ul>
<li>
0.3</li>
<li>
0.30_03</li>
</ul>
    </td>
  </tr>
  <tr id="CF-236691-ShowRow">
    <td class="label">Fixed in:</td>
    <td class="value">
<i>(no value)</i>
    </td>
  </tr>
</table>


        <hr class="clear" />
  </div>
</div>




</div>


    




  </td>
</tr>
</table>

    <hr class="clear" />
  </div>
</div>




</div>


<br />


<div class="history">
<div class="titlebox" id="">
  <div class="titlebox-title">
    <span class="widget"><a href="#" onclick="return rollup('TitleBox\x2D\x2D\x5FPublic\x5FBug\x5FDisplay\x5Fhtml\x2D\x2D\x2D\x2D\x2D\x2DSGlzdG9yeQ\x5F\x5F\x2D\x2D\x2D0');" title="Toggle visibility"></a></span>
    <span class="left">History</span>
    <span class="right">		<a href="#" data-direction="open" onclick="return toggle_all_folds(this, 'Show\x20all\x20quoted\x20text', 'Hide\x20all\x20quoted\x20text');">Show all quoted text</a> &mdash; <a href="/Public/Bug/Display.html?ShowHeaders=1;id=78250">Show full headers</a>    </span>
  </div>
  <div class="titlebox-content " id="TitleBox--_Public_Bug_Display_html------SGlzdG9yeQ__---0">


<div id="ticket-history">
<div class="ticket-transaction message Create odd">
<div class="ticket-transaction">
  <div class="metadata">
    <span class="type">
      <a name="txn-1096707" href="/Public/Bug/Display.html?id=78250#txn-1096707">#</a>      
    </span>
    <span class="date">Fri&nbsp;Jul&nbsp;06&nbsp;13:56:44&nbsp;2012</span>
    <span class="description">DOHERTY [...] cpan.org -  Ticket created</span>
    <span class="time-taken"></span>    <span class="actions hidden"></span>
  </div>
    <div class="content">
      
<table>
  <tr>
    <td align="right" class="message-header-key">Subject:</td>
    <td class="message-header-value"> Test failure on 5.8.8</td>
  </tr>
</table>
<div class="downloadattachment">
<a href="/Ticket/Attachment/1096707/576594/">Download &#40;untitled&#41;</a> / <a href="/Ticket/Attachment/WithHeaders/576594">with headers</a>
<br />
<span class="downloadcontenttype">text/plain 5.9k</span>
</div>
<div class="messagebody">
<div class="message-stanza plain-text-white-space">Data::Printer&#39;s test suite failed:

Running make for G/GA/GARU/Data-Printer-0.3.tar.gz
  Has already been unwrapped into directory /home/mike/.cpan/build/Data-
Printer-0.3-lSm9lB

  CPAN.pm: Building G/GA/GARU/Data-Printer-0.3.tar.gz

cp lib/Data/Printer/Filter.pm blib/lib/Data/Printer/Filter.pm
cp lib/Data/Printer/Filter/DateTime.pm 
blib/lib/Data/Printer/Filter/DateTime.pm
cp lib/DDP.pm blib/lib/DDP.pm
cp lib/Data/Printer.pm blib/lib/Data/Printer.pm
cp lib/Data/Printer/Filter/DB.pm blib/lib/Data/Printer/Filter/DB.pm
Manifying blib/man3/Data::Printer::Filter.3
Manifying blib/man3/Data::Printer::Filter::DateTime.3
Manifying blib/man3/Data::Printer::Filter::DB.3
Manifying blib/man3/Data::Printer.3
lib/Data/Printer.pm:882: Unknown command paragraph &#34;=encoding utf8&#34;
  GARU/Data-Printer-0.3.tar.gz
  /usr/bin/make -- OK
Running make test
PERL_DL_NONLAZY=1 /home/mike/perl5/perlbrew/perls/perl-5.8.8-
threads/bin/perl &#34;-MExtUtils::Command::MM&#34; &#34;-e&#34; &#34;test_harness&#40;0, 
&#39;blib/lib&#39;, &#39;blib/arch&#39;&#41;&#34; t/*.t
t/00-load.t ................. # Beginning Data::Printer tests in linux 
with Perl 5.008008, /home/mike/perl5/perlbrew/perls/perl-5.8.8-
threads/bin/perl
t/00-load.t ................. 1/2 # Trying to load Data::Printer with 
Class::MOP 2.0603
# Testing Data::Printer 0.3
t/00-load.t ................. ok   
t/01-p.t .................... ok    
t/02-colors.t ............... ok    
t/02.2-autocolor.t .......... skipped: IO::Pty::Easy required for auto-
colored tests
t/03-conf.t ................. &#39;escape_chars&#39; is deprecated! at t/03-
conf.t line 22.
&#39;escape_chars&#39; is deprecated! at t/03-conf.t line 22.
&#39;escape_chars&#39; is deprecated! at t/03-conf.t line 22.
&#39;escape_chars&#39; is deprecated! at t/03-conf.t line 22.
t/03-conf.t ................. ok   
t/03-conf_not_ref.t ......... ok   
t/04-multiline.t ............ ok   
t/05-obj.t .................. 1/? 
#   Failed test &#39;testing objects &#40;inherited =&gt; &#34;all&#34;&#41;&#39;
#   at t/05-obj.t line 124.
#          got: &#39;Foo  {
#     Parents       Bar
#     Linear @ISA   Foo, Bar
#     public methods &#40;8&#41; : bar &#40;Bar&#41;, baz, borg, can &#40;UNIVERSAL&#41;, foo, 
isa &#40;UNIVERSAL&#41;, new, VERSION &#40;UNIVERSAL&#41;
#     private methods &#40;2&#41; : _moo &#40;Bar&#41;, _other
#     internals: {
#         test   42
#     }
# }&#39;
#     expected: &#39;Foo  {
#     Parents       Bar
#     Linear @ISA   Foo, Bar
#     public methods &#40;9&#41; : bar &#40;Bar&#41;, baz, borg, can &#40;UNIVERSAL&#41;, DOES 
&#40;UNIVERSAL&#41;, foo, isa &#40;UNIVERSAL&#41;, new, VERSION &#40;UNIVERSAL&#41;
#     private methods &#40;2&#41; : _moo &#40;Bar&#41;, _other
#     internals: {
#         test   42
#     }
# }&#39;
t/05-obj.t .................. 11/? 
#   Failed test &#39;testing objects &#40;inherited =&gt; &#34;public&#34;&#41;&#39;
#   at t/05-obj.t line 135.
#          got: &#39;Foo  {
#     Parents       Bar
#     Linear @ISA   Foo, Bar
#     public methods &#40;8&#41; : bar &#40;Bar&#41;, baz, borg, can &#40;UNIVERSAL&#41;, foo, 
isa &#40;UNIVERSAL&#41;, new, VERSION &#40;UNIVERSAL&#41;
#     private methods &#40;1&#41; : _other
#     internals: {
#         test   42
#     }
# }&#39;
#     expected: &#39;Foo  {
#     Parents       Bar
#     Linear @ISA   Foo, Bar
#     public methods &#40;9&#41; : bar &#40;Bar&#41;, baz, borg, can &#40;UNIVERSAL&#41;, DOES 
&#40;UNIVERSAL&#41;, foo, isa &#40;UNIVERSAL&#41;, new, VERSION &#40;UNIVERSAL&#41;
#     private methods &#40;1&#41; : _other
#     internals: {
#         test   42
#     }
# }&#39;
# Looks like you failed 2 tests of 15.
t/05-obj.t .................. Dubious, test returned 2 &#40;wstat 512, 
0x200&#41;
Failed 2/15 subtests 
t/06-obj2.t ................. ok   
t/07-sort.t ................. ok   
t/08-deparse.t .............. ok   
t/09-alias.t ................ ok   
t/10-filter.t ............... ok    
t/11-aliased_with_filter.t .. ok   
t/12-filter_class.t ......... ok    
t/13-filter_datetime.t ...... ok    
t/13.2-filter_db.t .......... skipped: DBI not available
t/14-local_conf.t ........... ok   
t/15-rc_file.t .............. ok   
t/16-rc_file2.t ............. ok   
t/16.2-rc_overwrite.t ....... ok   
t/17-parallel.t ............. ok   
t/18-class_method.t ......... ok   
t/19-tied.t ................. ok    
t/20-handles.t .............. ok   
t/21-ddp.t .................. ok   
t/22-class_method.t ......... ok   
t/23-caller_info.t .......... ok   
t/24-no_prototypes.t ........ ok   
t/25-weak.t ................. ok   
t/26-tainted.t .............. ok   
t/27-pass_through.t ......... ok    
t/27.2-pass_through.t ....... ok    
t/27.3-pass_through-DDP.t ... ok    
t/27.4-pass_through-DDP.t ... ok    
t/28-void_return.t .......... ok   
t/29-output.t ............... ok    
t/30-escape_chars.t ......... 1/? &#39;escape_chars&#39; is deprecated! at t/30-
escape_chars.t line 71.
&#39;escape_chars&#39; is deprecated! at t/30-escape_chars.t line 71.
&#39;escape_chars&#39; is deprecated! at t/30-escape_chars.t line 71.
&#39;escape_chars&#39; is deprecated! at t/30-escape_chars.t line 71.
&#39;escape_chars&#39; is deprecated! at t/30-escape_chars.t line 71.
&#39;escape_chars&#39; is deprecated! at t/30-escape_chars.t line 71.
&#39;escape_chars&#39; is deprecated! at t/30-escape_chars.t line 71.
&#39;escape_chars&#39; is deprecated! at t/30-escape_chars.t line 71.
&#39;escape_chars&#39; is deprecated! at t/30-escape_chars.t line 84.
&#39;escape_chars&#39; is deprecated! at t/30-escape_chars.t line 98.
&#39;escape_chars&#39; is deprecated! at t/30-escape_chars.t line 114.
&#39;escape_chars&#39; is deprecated! at t/30-escape_chars.t line 134.
t/30-escape_chars.t ......... ok    
t/30.2-print_escapes.t ...... ok    
t/31-bad_parameters.t ....... ok   
t/32-quote_keys.t ........... ok   
t/pod.t ..................... skipped: set TEST_POD to enable this test 
&#40;developer only!&#41;

Test Summary Report
-------------------
t/05-obj.t                &#40;Wstat: 512 Tests: 15 Failed: 2&#41;
  Failed tests:  10-11
  Non-zero exit status: 2
Files=42, Tests=336, 22 wallclock secs &#40; 0.92 usr  0.36 sys + 17.72 cusr  
2.39 csys = 21.39 CPU&#41;
Result: FAIL
Failed 1/42 test programs. 2/336 subtests failed.
make: *** [test_dynamic] Error 255
  GARU/Data-Printer-0.3.tar.gz
  /usr/bin/make test -- NOT OK
//hint// to see the cpan-testers results for installing this module, 
try:
  reports GARU/Data-Printer-0.3.tar.gz
Running make install
  make test had returned bad status, won&#39;t install without force
</div></div>
    </div>
</div>
</div>
<div class="ticket-transaction message Correspond even">
<div class="ticket-transaction">
  <div class="metadata">
    <span class="type">
      <a name="txn-1096710" href="/Public/Bug/Display.html?id=78250#txn-1096710">#</a>      
    </span>
    <span class="date">Fri&nbsp;Jul&nbsp;06&nbsp;14:00:05&nbsp;2012</span>
    <span class="description">DOHERTY [...] cpan.org -  Correspondence added</span>
    <span class="time-taken"></span>    <span class="actions hidden"></span>
  </div>
    <div class="content">
      
<div class="downloadattachment">
<a href="/Ticket/Attachment/1096710/576597/">Download &#40;untitled&#41;</a> / <a href="/Ticket/Attachment/WithHeaders/576597">with headers</a>
<br />
<span class="downloadcontenttype">text/plain 7.9k</span>
</div>
<div class="messagebody">
<div class="message-stanza plain-text-white-space">Different errors when installing 0.30_03:


<span
    class="message-stanza-folder closed"
    onclick="fold_message_stanza(this, 'Show\x20quoted\x20text', 'Hide\x20quoted\x20text');">Show quoted text</span><br /><div class="message-stanza closed">cpan&gt; install GARU/Data-Printer-0.30_03.tar.gz
</div>Running make for G/GA/GARU/Data-Printer-0.30_03.tar.gz

  CPAN.pm: Building G/GA/GARU/Data-Printer-0.30_03.tar.gz

Writing Makefile for Data::Printer
Writing MYMETA.yml and MYMETA.json
Skip blib/lib/Data/Printer/Filter.pm &#40;unchanged&#41;
Skip blib/lib/Data/Printer/Filter/DateTime.pm &#40;unchanged&#41;
Skip blib/lib/DDP.pm &#40;unchanged&#41;
Skip blib/lib/Data/Printer.pm &#40;unchanged&#41;
Skip blib/lib/Data/Printer/Filter/DB.pm &#40;unchanged&#41;
Skip blib/lib/Data/Printer/Filter/Digest.pm &#40;unchanged&#41;
Manifying blib/man3/Data::Printer::Filter.3
Manifying blib/man3/Data::Printer::Filter::DateTime.3
Manifying blib/man3/Data::Printer::Filter::DB.3
Manifying blib/man3/Data::Printer.3
lib/Data/Printer.pm:980: Unknown command paragraph &#34;=encoding utf8&#34;
Manifying blib/man3/DDP.3
Manifying blib/man3/Data::Printer::Filter::Digest.3
  GARU/Data-Printer-0.30_03.tar.gz
  /usr/bin/make -- OK
Running make test
PERL_DL_NONLAZY=1 /home/mike/perl5/perlbrew/perls/perl-5.8.8-
threads/bin/perl &#34;-MExtUtils::Command::MM&#34; &#34;-e&#34; &#34;test_harness&#40;0, 
&#39;blib/lib&#39;, &#39;blib/arch&#39;&#41;&#34; t/*.t
t/00-load.t ................. # Beginning Data::Printer tests in linux 
with Perl 5.008008, /home/mike/perl5/perlbrew/perls/perl-5.8.8-
threads/bin/perl
t/00-load.t ................. 1/1 # Testing Data::Printer 0.30_03
t/00-load.t ................. ok   
t/01-p.t .................... 1/? Non closure code references never get 
garbage collected: CODE&#40;0xa0fcf18&#41; at /home/mike/.cpan/build/Data-
Printer-0.30_03-I6aqQz/blib/lib/Data/Printer.pm line 719.
Non closure code references never get garbage collected: CODE&#40;0xa0fcfc0&#41; 
at /home/mike/.cpan/build/Data-Printer-0.30_03-
I6aqQz/blib/lib/Data/Printer.pm line 719.
Non closure code references never get garbage collected: CODE&#40;0xa0fd038&#41; 
at /home/mike/.cpan/build/Data-Printer-0.30_03-
I6aqQz/blib/lib/Data/Printer.pm line 719.
Non closure code references never get garbage collected: CODE&#40;0xa0fd0e0&#41; 
at /home/mike/.cpan/build/Data-Printer-0.30_03-
I6aqQz/blib/lib/Data/Printer.pm line 719.
Non closure code references never get garbage collected: CODE&#40;0xa0fd140&#41; 
at /home/mike/.cpan/build/Data-Printer-0.30_03-
I6aqQz/blib/lib/Data/Printer.pm line 719.
t/01-p.t .................... ok    
t/02-colors.t ............... 1/? Non closure code references never get 
garbage collected: CODE&#40;0x8be44c0&#41; at /home/mike/.cpan/build/Data-
Printer-0.30_03-I6aqQz/blib/lib/Data/Printer.pm line 719.
t/02-colors.t ............... ok    
t/02.2-autocolor.t .......... skipped: IO::Pty::Easy required for auto-
colored tests
t/03-conf.t ................. &#39;escape_chars&#39; is deprecated! at t/03-
conf.t line 23.
&#39;escape_chars&#39; is deprecated! at t/03-conf.t line 23.
&#39;escape_chars&#39; is deprecated! at t/03-conf.t line 23.
&#39;escape_chars&#39; is deprecated! at t/03-conf.t line 23.
t/03-conf.t ................. ok   
t/03-conf_not_ref.t ......... ok   
t/04-multiline.t ............ ok   
t/05-obj.t .................. 1/? 
#   Failed test &#39;testing objects &#40;inherited =&gt; &#34;all&#34;&#41;&#39;
#   at t/05-obj.t line 125.
#          got: &#39;Foo  {
#     Parents       Bar
#     public methods &#40;8&#41; : bar &#40;Bar&#41;, baz, borg, can &#40;UNIVERSAL&#41;, foo, 
isa &#40;UNIVERSAL&#41;, new, VERSION &#40;UNIVERSAL&#41;
#     private methods &#40;2&#41; : _moo &#40;Bar&#41;, _other
#     internals: {
#         test   42
#     }
# }&#39;
#     expected: &#39;Foo  {
#     Parents       Bar
#     public methods &#40;9&#41; : bar &#40;Bar&#41;, baz, borg, can &#40;UNIVERSAL&#41;, DOES 
&#40;UNIVERSAL&#41;, foo, isa &#40;UNIVERSAL&#41;, new, VERSION &#40;UNIVERSAL&#41;
#     private methods &#40;2&#41; : _moo &#40;Bar&#41;, _other
#     internals: {
#         test   42
#     }
# }&#39;

#   Failed test &#39;testing objects &#40;inherited =&gt; &#34;public&#34;&#41;&#39;
#   at t/05-obj.t line 143.
#          got: &#39;Foo  {
#     Parents       Bar
#     public methods &#40;8&#41; : bar &#40;Bar&#41;, baz, borg, can &#40;UNIVERSAL&#41;, foo, 
isa &#40;UNIVERSAL&#41;, new, VERSION &#40;UNIVERSAL&#41;
#     private methods &#40;1&#41; : _other
#     internals: {
#         test   42
#     }
# }&#39;
#     expected: &#39;Foo  {
#     Parents       Bar
#     public methods &#40;9&#41; : bar &#40;Bar&#41;, baz, borg, can &#40;UNIVERSAL&#41;, DOES 
&#40;UNIVERSAL&#41;, foo, isa &#40;UNIVERSAL&#41;, new, VERSION &#40;UNIVERSAL&#41;
#     private methods &#40;1&#41; : _other
#     internals: {
#         test   42
#     }
# }&#39;
# Looks like you failed 2 tests of 21.
t/05-obj.t .................. Dubious, test returned 2 &#40;wstat 512, 
0x200&#41;
Failed 2/21 subtests 
t/06-obj2.t ................. ok   
t/07-sort.t ................. ok   
t/08-deparse.t .............. Non closure code references never get 
garbage collected: CODE&#40;0x97f864c&#41; at /home/mike/.cpan/build/Data-
Printer-0.30_03-I6aqQz/blib/lib/Data/Printer.pm line 719.
t/08-deparse.t .............. ok   
t/09-alias.t ................ ok   
t/10-filter.t ............... ok    
t/11-aliased_with_filter.t .. ok   
t/12-filter_class.t ......... ok    
t/13-filter_datetime.t ...... ok    
t/13.2-filter_db.t .......... skipped: DBI not available
t/13.3-filter_digest.t ...... ok    
t/14-local_conf.t ........... ok   
t/15-rc_file.t .............. ok   
t/16-rc_file2.t ............. ok   
t/16.2-rc_overwrite.t ....... ok   
t/16.3-rc_env.t ............. ok   
t/16.4-rc_env2.t ............ ok   
t/16.5-rc_env3.t ............ ok   
t/17-parallel.t ............. ok   
t/18-class_method.t ......... ok   
t/19-tied.t ................. ok    
t/20-handles.t .............. ok   
t/21-ddp.t .................. ok   
t/22-class_method.t ......... ok   
t/23-caller_info.t .......... ok   
t/24-no_prototypes.t ........ ok   
t/25-weak.t ................. ok   
t/26-tainted.t .............. ok   
t/27-pass_through.t ......... ok    
t/27.2-pass_through.t ....... ok    
t/27.3-pass_through-DDP.t ... ok    
t/27.4-pass_through-DDP.t ... ok    
t/28-void_return.t .......... ok   
t/29-output.t ............... ok    
t/30-escape_chars.t ......... 1/? &#39;escape_chars&#39; is deprecated! at t/30-
escape_chars.t line 72.
&#39;escape_chars&#39; is deprecated! at t/30-escape_chars.t line 72.
&#39;escape_chars&#39; is deprecated! at t/30-escape_chars.t line 72.
&#39;escape_chars&#39; is deprecated! at t/30-escape_chars.t line 72.
&#39;escape_chars&#39; is deprecated! at t/30-escape_chars.t line 72.
&#39;escape_chars&#39; is deprecated! at t/30-escape_chars.t line 72.
&#39;escape_chars&#39; is deprecated! at t/30-escape_chars.t line 72.
&#39;escape_chars&#39; is deprecated! at t/30-escape_chars.t line 72.
&#39;escape_chars&#39; is deprecated! at t/30-escape_chars.t line 85.
&#39;escape_chars&#39; is deprecated! at t/30-escape_chars.t line 99.
&#39;escape_chars&#39; is deprecated! at t/30-escape_chars.t line 115.
&#39;escape_chars&#39; is deprecated! at t/30-escape_chars.t line 135.
t/30-escape_chars.t ......... ok    
t/30.2-print_escapes.t ...... ok    
t/31-bad_parameters.t ....... Argument &#34;0.30_03&#34; isn&#39;t numeric in 
subroutine entry at &#40;eval 11&#41; line 2.
t/31-bad_parameters.t ....... ok   
t/32-quote_keys.t ........... ok   
t/33-end_separator.t ........ ok   
t/33-separator.t ............ ok   
t/34-show_readonly.t ........ ok   
t/34-vstrings.t ............. 1/? 
#   Failed test &#39;VSTRINGs&#39;
#   at t/34-vstrings.t line 16.
#          got: &#39;&#34;&#34;&#39;
#     expected: &#39;v1.2.3&#39;
# Looks like you failed 1 test of 1.
t/34-vstrings.t ............. Dubious, test returned 1 &#40;wstat 256, 
0x100&#41;
Failed 1/1 subtests 
t/pod-coverage.t ............ skipped: set TEST_POD to enable this test 
&#40;developer only!&#41;
t/pod.t ..................... skipped: set TEST_POD to enable this test 
&#40;developer only!&#41;

Test Summary Report
-------------------
t/05-obj.t                &#40;Wstat: 512 Tests: 21 Failed: 2&#41;
  Failed tests:  10, 12
  Non-zero exit status: 2
t/34-vstrings.t           &#40;Wstat: 256 Tests: 1 Failed: 1&#41;
  Failed test:  1
  Non-zero exit status: 1
Files=51, Tests=382, 27 wallclock secs &#40; 1.06 usr  0.45 sys + 21.93 cusr  
2.98 csys = 26.42 CPU&#41;
Result: FAIL
Failed 2/51 test programs. 3/382 subtests failed.
make: *** [test_dynamic] Error 255
  GARU/Data-Printer-0.30_03.tar.gz
  /usr/bin/make test -- NOT OK
//hint// to see the cpan-testers results for installing this module, 
try:
  reports GARU/Data-Printer-0.30_03.tar.gz
Running make install
  make test had returned bad status, won&#39;t install without force
Failed during this command:
 GARU/Data-Printer-0.30_03.tar.gz             : make_test NO
</div></div>
    </div>
</div>
</div>
<div class="ticket-transaction basics Status odd">
<div class="ticket-transaction">
  <div class="metadata">
    <span class="type">
      <a name="txn-1096712" href="/Public/Bug/Display.html?id=78250#txn-1096712">#</a>      
    </span>
    <span class="date">Fri&nbsp;Jul&nbsp;06&nbsp;14:00:06&nbsp;2012</span>
    <span class="description">DOHERTY [...] cpan.org -  Status changed from &#39;new&#39; to &#39;open&#39;</span>
    <span class="time-taken"></span>    <span class="actions hidden"></span>
  </div>
    <div class="content">
    </div>
</div>
</div>
<div class="ticket-transaction other CustomField even">
<div class="ticket-transaction">
  <div class="metadata">
    <span class="type">
      <a name="txn-1096713" href="/Public/Bug/Display.html?id=78250#txn-1096713">#</a>      
    </span>
    <span class="date">Fri&nbsp;Jul&nbsp;06&nbsp;14:00:13&nbsp;2012</span>
    <span class="description">DOHERTY [...] cpan.org -  Broken in 0.30_03 added</span>
    <span class="time-taken"></span>    <span class="actions hidden"></span>
  </div>
    <div class="content">
    </div>
</div>
</div>
<div class="ticket-transaction message Correspond odd">
<div class="ticket-transaction">
  <div class="metadata">
    <span class="type">
      <a name="txn-1108156" href="/Public/Bug/Display.html?id=78250#txn-1108156">#</a>      
    </span>
    <span class="date">Sat&nbsp;Aug&nbsp;11&nbsp;16:41:28&nbsp;2012</span>
    <span class="description">garu [...] cpan.org -  Correspondence added</span>
    <span class="time-taken"></span>    <span class="actions hidden"></span>
  </div>
    <div class="content">
      
<div class="downloadattachment">
<a href="/Ticket/Attachment/1108156/582636/">Download &#40;untitled&#41;</a> / <a href="/Ticket/Attachment/WithHeaders/582636">with headers</a>
<br />
<span class="downloadcontenttype">text/plain 8.5k</span>
</div>
<div class="messagebody">
<div class="message-stanza plain-text-white-space">Version 0.32 should fix all the issues with perl 5.8 and will hit CPAN
in just a couple of hours. Please reopen this ticket if you see anything
wrong :&#41;

Thanks again for the report!

On Fri Jul 06 14:00:05 2012, DOHERTY wrote:
<span
    class="message-stanza-folder closed"
    onclick="fold_message_stanza(this, 'Show\x20quoted\x20text', 'Hide\x20quoted\x20text');">Show quoted text</span><br /><div class="message-stanza closed">&gt; Different errors when installing 0.30_03:
&gt; 
&gt; 
<div class="message-stanza open">&gt; cpan&gt; install GARU/Data-Printer-0.30_03.tar.gz
</div>&gt; Running make for G/GA/GARU/Data-Printer-0.30_03.tar.gz
&gt; 
&gt;   CPAN.pm: Building G/GA/GARU/Data-Printer-0.30_03.tar.gz
&gt; 
&gt; Writing Makefile for Data::Printer
&gt; Writing MYMETA.yml and MYMETA.json
&gt; Skip blib/lib/Data/Printer/Filter.pm &#40;unchanged&#41;
&gt; Skip blib/lib/Data/Printer/Filter/DateTime.pm &#40;unchanged&#41;
&gt; Skip blib/lib/DDP.pm &#40;unchanged&#41;
&gt; Skip blib/lib/Data/Printer.pm &#40;unchanged&#41;
&gt; Skip blib/lib/Data/Printer/Filter/DB.pm &#40;unchanged&#41;
&gt; Skip blib/lib/Data/Printer/Filter/Digest.pm &#40;unchanged&#41;
&gt; Manifying blib/man3/Data::Printer::Filter.3
&gt; Manifying blib/man3/Data::Printer::Filter::DateTime.3
&gt; Manifying blib/man3/Data::Printer::Filter::DB.3
&gt; Manifying blib/man3/Data::Printer.3
&gt; lib/Data/Printer.pm:980: Unknown command paragraph &#34;=encoding utf8&#34;
&gt; Manifying blib/man3/DDP.3
&gt; Manifying blib/man3/Data::Printer::Filter::Digest.3
&gt;   GARU/Data-Printer-0.30_03.tar.gz
&gt;   /usr/bin/make -- OK
&gt; Running make test
&gt; PERL_DL_NONLAZY=1 /home/mike/perl5/perlbrew/perls/perl-5.8.8-
&gt; threads/bin/perl &#34;-MExtUtils::Command::MM&#34; &#34;-e&#34; &#34;test_harness&#40;0, 
&gt; &#39;blib/lib&#39;, &#39;blib/arch&#39;&#41;&#34; t/*.t
&gt; t/00-load.t ................. # Beginning Data::Printer tests in linux 
&gt; with Perl 5.008008, /home/mike/perl5/perlbrew/perls/perl-5.8.8-
&gt; threads/bin/perl
&gt; t/00-load.t ................. 1/1 # Testing Data::Printer 0.30_03
&gt; t/00-load.t ................. ok   
&gt; t/01-p.t .................... 1/? Non closure code references never get 
&gt; garbage collected: CODE&#40;0xa0fcf18&#41; at /home/mike/.cpan/build/Data-
&gt; Printer-0.30_03-I6aqQz/blib/lib/Data/Printer.pm line 719.
&gt; Non closure code references never get garbage collected: CODE&#40;0xa0fcfc0&#41; 
&gt; at /home/mike/.cpan/build/Data-Printer-0.30_03-
&gt; I6aqQz/blib/lib/Data/Printer.pm line 719.
&gt; Non closure code references never get garbage collected: CODE&#40;0xa0fd038&#41; 
&gt; at /home/mike/.cpan/build/Data-Printer-0.30_03-
&gt; I6aqQz/blib/lib/Data/Printer.pm line 719.
&gt; Non closure code references never get garbage collected: CODE&#40;0xa0fd0e0&#41; 
&gt; at /home/mike/.cpan/build/Data-Printer-0.30_03-
&gt; I6aqQz/blib/lib/Data/Printer.pm line 719.
&gt; Non closure code references never get garbage collected: CODE&#40;0xa0fd140&#41; 
&gt; at /home/mike/.cpan/build/Data-Printer-0.30_03-
&gt; I6aqQz/blib/lib/Data/Printer.pm line 719.
&gt; t/01-p.t .................... ok    
&gt; t/02-colors.t ............... 1/? Non closure code references never get 
&gt; garbage collected: CODE&#40;0x8be44c0&#41; at /home/mike/.cpan/build/Data-
&gt; Printer-0.30_03-I6aqQz/blib/lib/Data/Printer.pm line 719.
&gt; t/02-colors.t ............... ok    
&gt; t/02.2-autocolor.t .......... skipped: IO::Pty::Easy required for auto-
&gt; colored tests
&gt; t/03-conf.t ................. &#39;escape_chars&#39; is deprecated! at t/03-
&gt; conf.t line 23.
&gt; &#39;escape_chars&#39; is deprecated! at t/03-conf.t line 23.
&gt; &#39;escape_chars&#39; is deprecated! at t/03-conf.t line 23.
&gt; &#39;escape_chars&#39; is deprecated! at t/03-conf.t line 23.
&gt; t/03-conf.t ................. ok   
&gt; t/03-conf_not_ref.t ......... ok   
&gt; t/04-multiline.t ............ ok   
&gt; t/05-obj.t .................. 1/? 
&gt; #   Failed test &#39;testing objects &#40;inherited =&gt; &#34;all&#34;&#41;&#39;
&gt; #   at t/05-obj.t line 125.
&gt; #          got: &#39;Foo  {
&gt; #     Parents       Bar
&gt; #     public methods &#40;8&#41; : bar &#40;Bar&#41;, baz, borg, can &#40;UNIVERSAL&#41;, foo, 
&gt; isa &#40;UNIVERSAL&#41;, new, VERSION &#40;UNIVERSAL&#41;
&gt; #     private methods &#40;2&#41; : _moo &#40;Bar&#41;, _other
&gt; #     internals: {
&gt; #         test   42
&gt; #     }
&gt; # }&#39;
&gt; #     expected: &#39;Foo  {
&gt; #     Parents       Bar
&gt; #     public methods &#40;9&#41; : bar &#40;Bar&#41;, baz, borg, can &#40;UNIVERSAL&#41;, DOES 
&gt; &#40;UNIVERSAL&#41;, foo, isa &#40;UNIVERSAL&#41;, new, VERSION &#40;UNIVERSAL&#41;
&gt; #     private methods &#40;2&#41; : _moo &#40;Bar&#41;, _other
&gt; #     internals: {
&gt; #         test   42
&gt; #     }
&gt; # }&#39;
&gt; 
&gt; #   Failed test &#39;testing objects &#40;inherited =&gt; &#34;public&#34;&#41;&#39;
&gt; #   at t/05-obj.t line 143.
&gt; #          got: &#39;Foo  {
&gt; #     Parents       Bar
&gt; #     public methods &#40;8&#41; : bar &#40;Bar&#41;, baz, borg, can &#40;UNIVERSAL&#41;, foo, 
&gt; isa &#40;UNIVERSAL&#41;, new, VERSION &#40;UNIVERSAL&#41;
&gt; #     private methods &#40;1&#41; : _other
&gt; #     internals: {
&gt; #         test   42
&gt; #     }
&gt; # }&#39;
&gt; #     expected: &#39;Foo  {
&gt; #     Parents       Bar
&gt; #     public methods &#40;9&#41; : bar &#40;Bar&#41;, baz, borg, can &#40;UNIVERSAL&#41;, DOES 
&gt; &#40;UNIVERSAL&#41;, foo, isa &#40;UNIVERSAL&#41;, new, VERSION &#40;UNIVERSAL&#41;
&gt; #     private methods &#40;1&#41; : _other
&gt; #     internals: {
&gt; #         test   42
&gt; #     }
&gt; # }&#39;
&gt; # Looks like you failed 2 tests of 21.
&gt; t/05-obj.t .................. Dubious, test returned 2 &#40;wstat 512, 
&gt; 0x200&#41;
&gt; Failed 2/21 subtests 
&gt; t/06-obj2.t ................. ok   
&gt; t/07-sort.t ................. ok   
&gt; t/08-deparse.t .............. Non closure code references never get 
&gt; garbage collected: CODE&#40;0x97f864c&#41; at /home/mike/.cpan/build/Data-
&gt; Printer-0.30_03-I6aqQz/blib/lib/Data/Printer.pm line 719.
&gt; t/08-deparse.t .............. ok   
&gt; t/09-alias.t ................ ok   
&gt; t/10-filter.t ............... ok    
&gt; t/11-aliased_with_filter.t .. ok   
&gt; t/12-filter_class.t ......... ok    
&gt; t/13-filter_datetime.t ...... ok    
&gt; t/13.2-filter_db.t .......... skipped: DBI not available
&gt; t/13.3-filter_digest.t ...... ok    
&gt; t/14-local_conf.t ........... ok   
&gt; t/15-rc_file.t .............. ok   
&gt; t/16-rc_file2.t ............. ok   
&gt; t/16.2-rc_overwrite.t ....... ok   
&gt; t/16.3-rc_env.t ............. ok   
&gt; t/16.4-rc_env2.t ............ ok   
&gt; t/16.5-rc_env3.t ............ ok   
&gt; t/17-parallel.t ............. ok   
&gt; t/18-class_method.t ......... ok   
&gt; t/19-tied.t ................. ok    
&gt; t/20-handles.t .............. ok   
&gt; t/21-ddp.t .................. ok   
&gt; t/22-class_method.t ......... ok   
&gt; t/23-caller_info.t .......... ok   
&gt; t/24-no_prototypes.t ........ ok   
&gt; t/25-weak.t ................. ok   
&gt; t/26-tainted.t .............. ok   
&gt; t/27-pass_through.t ......... ok    
&gt; t/27.2-pass_through.t ....... ok    
&gt; t/27.3-pass_through-DDP.t ... ok    
&gt; t/27.4-pass_through-DDP.t ... ok    
&gt; t/28-void_return.t .......... ok   
&gt; t/29-output.t ............... ok    
&gt; t/30-escape_chars.t ......... 1/? &#39;escape_chars&#39; is deprecated! at t/30-
&gt; escape_chars.t line 72.
&gt; &#39;escape_chars&#39; is deprecated! at t/30-escape_chars.t line 72.
&gt; &#39;escape_chars&#39; is deprecated! at t/30-escape_chars.t line 72.
&gt; &#39;escape_chars&#39; is deprecated! at t/30-escape_chars.t line 72.
&gt; &#39;escape_chars&#39; is deprecated! at t/30-escape_chars.t line 72.
&gt; &#39;escape_chars&#39; is deprecated! at t/30-escape_chars.t line 72.
&gt; &#39;escape_chars&#39; is deprecated! at t/30-escape_chars.t line 72.
&gt; &#39;escape_chars&#39; is deprecated! at t/30-escape_chars.t line 72.
&gt; &#39;escape_chars&#39; is deprecated! at t/30-escape_chars.t line 85.
&gt; &#39;escape_chars&#39; is deprecated! at t/30-escape_chars.t line 99.
&gt; &#39;escape_chars&#39; is deprecated! at t/30-escape_chars.t line 115.
&gt; &#39;escape_chars&#39; is deprecated! at t/30-escape_chars.t line 135.
&gt; t/30-escape_chars.t ......... ok    
&gt; t/30.2-print_escapes.t ...... ok    
&gt; t/31-bad_parameters.t ....... Argument &#34;0.30_03&#34; isn&#39;t numeric in 
&gt; subroutine entry at &#40;eval 11&#41; line 2.
&gt; t/31-bad_parameters.t ....... ok   
&gt; t/32-quote_keys.t ........... ok   
&gt; t/33-end_separator.t ........ ok   
&gt; t/33-separator.t ............ ok   
&gt; t/34-show_readonly.t ........ ok   
&gt; t/34-vstrings.t ............. 1/? 
&gt; #   Failed test &#39;VSTRINGs&#39;
&gt; #   at t/34-vstrings.t line 16.
&gt; #          got: &#39;&#34;&#34;&#39;
&gt; #     expected: &#39;v1.2.3&#39;
&gt; # Looks like you failed 1 test of 1.
&gt; t/34-vstrings.t ............. Dubious, test returned 1 &#40;wstat 256, 
&gt; 0x100&#41;
&gt; Failed 1/1 subtests 
&gt; t/pod-coverage.t ............ skipped: set TEST_POD to enable this test 
&gt; &#40;developer only!&#41;
&gt; t/pod.t ..................... skipped: set TEST_POD to enable this test 
&gt; &#40;developer only!&#41;
&gt; 
&gt; Test Summary Report
&gt; -------------------
&gt; t/05-obj.t                &#40;Wstat: 512 Tests: 21 Failed: 2&#41;
&gt;   Failed tests:  10, 12
&gt;   Non-zero exit status: 2
&gt; t/34-vstrings.t           &#40;Wstat: 256 Tests: 1 Failed: 1&#41;
&gt;   Failed test:  1
&gt;   Non-zero exit status: 1
&gt; Files=51, Tests=382, 27 wallclock secs &#40; 1.06 usr  0.45 sys + 21.93 cusr  
&gt; 2.98 csys = 26.42 CPU&#41;
&gt; Result: FAIL
&gt; Failed 2/51 test programs. 3/382 subtests failed.
&gt; make: *** [test_dynamic] Error 255
&gt;   GARU/Data-Printer-0.30_03.tar.gz
&gt;   /usr/bin/make test -- NOT OK
&gt; //hint// to see the cpan-testers results for installing this module, 
&gt; try:
&gt;   reports GARU/Data-Printer-0.30_03.tar.gz
&gt; Running make install
&gt;   make test had returned bad status, won&#39;t install without force
&gt; Failed during this command:
&gt;  GARU/Data-Printer-0.30_03.tar.gz             : make_test NO
</div></div></div>
    </div>
</div>
</div>
<div class="ticket-transaction basics Status even">
<div class="ticket-transaction">
  <div class="metadata">
    <span class="type">
      <a name="txn-1108158" href="/Public/Bug/Display.html?id=78250#txn-1108158">#</a>      
    </span>
    <span class="date">Sat&nbsp;Aug&nbsp;11&nbsp;16:41:29&nbsp;2012</span>
    <span class="description">garu [...] cpan.org -  Status changed from &#39;open&#39; to &#39;resolved&#39;</span>
    <span class="time-taken"></span>    <span class="actions hidden"></span>
  </div>
    <div class="content">
    </div>
</div>
</div>
</div>
    <hr class="clear" />
  </div>
</div>




</div>
 


  <hr class="clear" />
</div>
<p id="sponsors">
  This service is sponsored and maintained by
  <a href="http://bestpractical.com">Best Practical Solutions</a> and runs on
  <a href="http://noc.perl.org">Perl.org</a> infrastructure.
</p>

<p id="contact-info">
  Please report any issues with rt.cpan.org to <a href="mailto:rt-cpan-admin@bestpractical.com">rt-cpan-admin@bestpractical.com</a>.
</p>

<script>
  (function(i,s,o,g,r,a,m){i['GoogleAnalyticsObject']=r;i[r]=i[r]||function(){
  (i[r].q=i[r].q||[]).push(arguments)},i[r].l=1*new Date();a=s.createElement(o),
  m=s.getElementsByTagName(o)[0];a.async=1;a.src=g;m.parentNode.insertBefore(a,m)
  })(window,document,'script','//www.google-analytics.com/analytics.js','ga');

  ga('create', 'UA\x2D937849\x2D12');
  ga('send', 'pageview');
</script>

<div id="footer">
  <p id="time"><span>Time to display: 0.368064</span></p>
  <p id="bpscredits"><span>&#187;&#124;&#171; RT 4.0.18 Copyright 1996-2013 <a href="http://www.bestpractical.com?rt=4.0.18">Best Practical Solutions, LLC</a>.
</span></p>
</div>
  </body>
</html>
