PERL_DL_NONLAZY=1 /opt/perl_5.8.0/bin/perl "-MExtUtils::Command::MM" "-e" "test_harness(1, 'blib/lib', 'blib/arch')" t/*.t
t/bad_plan..........1..2
ok 1 - bad plan()
ok 2 - bad plan()
ok
t/buffer............1..20
Invalid value for shared scalar at /home/hwadm/.cpan/build/Test-Simple-0.46/blib/lib/Test/Builder.pm line 332.
dubious
	Test returned status 255 (wstat 65280, 0xff00)
DIED. FAILED tests 1-20
	Failed 20/20 tests, 0.00% okay
t/Builder...........Invalid value for shared scalar at /home/hwadm/.cpan/build/Test-Simple-0.46/blib/lib/Test/Builder.pm line 332.
1..7
Invalid value for shared scalar at /home/hwadm/.cpan/build/Test-Simple-0.46/blib/lib/Test/Builder.pm line 1301.
END failed--call queue aborted.
dubious
	Test returned status 255 (wstat 65280, 0xff00)
DIED. FAILED tests 1-7
	Failed 7/7 tests, 0.00% okay
t/curr_test.........Invalid value for shared scalar at /home/hwadm/.cpan/build/Test-Simple-0.46/blib/lib/Test/Builder.pm line 1069.
1..2
WHOA!  Somehow you got a different number of results than tests ran!
This should never happen!  Please contact the author immediately!
END failed--call queue aborted.
ok 1
ok 2
dubious
	Test returned status 255 (wstat 65280, 0xff00)
	after all the subtests completed successfully
t/details...........1..8
Invalid value for shared scalar at /home/hwadm/.cpan/build/Test-Simple-0.46/blib/lib/Test/Builder.pm line 332.
Invalid value for shared scalar at /home/hwadm/.cpan/build/Test-Simple-0.46/blib/lib/Test/Builder.pm line 1301.
END failed--call queue aborted.
dubious
	Test returned status 255 (wstat 65280, 0xff00)
DIED. FAILED tests 1-8
	Failed 8/8 tests, 0.00% okay
t/diag..............1..7
Invalid value for shared scalar at /home/hwadm/.cpan/build/Test-Simple-0.46/blib/lib/Test/Builder.pm line 332.
Invalid value for shared scalar at /home/hwadm/.cpan/build/Test-Simple-0.46/blib/lib/Test/Builder.pm line 1301.
END failed--call queue aborted.
dubious
	Test returned status 255 (wstat 65280, 0xff00)
DIED. FAILED tests 1-7
	Failed 7/7 tests, 0.00% okay
t/exit..............1..11
not ok 1 - death.plx exited with 9 (expected 255)
Invalid value for shared scalar at ../blib/lib/Test/Builder.pm line 332.
Invalid value for shared scalar at ../blib/lib/Test/Builder.pm line 1301.
END failed--call queue aborted.
not ok 2 - too_few.plx exited with 255 (expected 4)
ok 3 - require.plx exited with 0 (expected 0)
Invalid value for shared scalar at ../blib/lib/Test/Builder.pm line 332.
Invalid value for shared scalar at ../blib/lib/Test/Builder.pm line 1301.
END failed--call queue aborted.
not ok 4 - five_fail.plx exited with 255 (expected 5)
ok 5 - pre_plan_death.plx exited with 9 (expected not zero)
Invalid value for shared scalar at ../blib/lib/Test/Builder.pm line 332.
Invalid value for shared scalar at ../blib/lib/Test/Builder.pm line 1301.
END failed--call queue aborted.
not ok 6 - extras.plx exited with 255 (expected 3)
Invalid value for shared scalar at ../blib/lib/Test/Builder.pm line 332.
Invalid value for shared scalar at ../blib/lib/Test/Builder.pm line 1301.
END failed--call queue aborted.
not ok 7 - success.plx exited with 255 (expected 0)
Invalid value for shared scalar at ../blib/lib/Test/Builder.pm line 332.
Invalid value for shared scalar at ../blib/lib/Test/Builder.pm line 1301.
END failed--call queue aborted.
not ok 8 - two_fail.plx exited with 255 (expected 2)
Invalid value for shared scalar at ../blib/lib/Test/Builder.pm line 332.
Invalid value for shared scalar at ../blib/lib/Test/Builder.pm line 1301.
END failed--call queue aborted.
not ok 9 - death_in_eval.plx exited with 255 (expected 0)
not ok 10 - last_minute_death.plx exited with 9 (expected 255)
Invalid value for shared scalar at ../blib/lib/Test/Builder.pm line 332.
Invalid value for shared scalar at ../blib/lib/Test/Builder.pm line 1301.
END failed--call queue aborted.
not ok 11 - one_fail.plx exited with 255 (expected 1)
FAILED tests 1-2, 4, 6-11
	Failed 9/11 tests, 18.18% okay
t/extra.............1..2
Invalid value for shared scalar at /home/hwadm/.cpan/build/Test-Simple-0.46/blib/lib/Test/Builder.pm line 332.
Invalid value for shared scalar at /home/hwadm/.cpan/build/Test-Simple-0.46/blib/lib/Test/Builder.pm line 1301.
END failed--call queue aborted.
not ok 1
not ok 2
FAILED tests 1-2
	Failed 2/2 tests, 0.00% okay
t/fail-like.........1..2
Invalid value for shared scalar at /home/hwadm/.cpan/build/Test-Simple-0.46/blib/lib/Test/Builder.pm line 1301.
END failed--call queue aborted.
not ok 1 - failing output
not ok 2 - failing errors
FAILED tests 1-2
	Failed 2/2 tests, 0.00% okay
t/fail-more.........1..2
Invalid value for shared scalar at /home/hwadm/.cpan/build/Test-Simple-0.46/blib/lib/Test/Builder.pm line 332.
Invalid value for shared scalar at /home/hwadm/.cpan/build/Test-Simple-0.46/blib/lib/Test/Builder.pm line 1301.
END failed--call queue aborted.
Use of uninitialized value in concatenation (.) or string at t/fail-more.t line 121.
Use of uninitialized value in concatenation (.) or string at t/fail-more.t line 121.
not ok 1 - failing output
not ok 2 - failing errors
FAILED tests 1-2
	Failed 2/2 tests, 0.00% okay
t/fail..............1..2
Invalid value for shared scalar at /home/hwadm/.cpan/build/Test-Simple-0.46/blib/lib/Test/Builder.pm line 332.
Invalid value for shared scalar at /home/hwadm/.cpan/build/Test-Simple-0.46/blib/lib/Test/Builder.pm line 1301.
END failed--call queue aborted.
not ok 1
not ok 2
FAILED tests 1-2
	Failed 2/2 tests, 0.00% okay
t/filehandles.......1..1
Invalid value for shared scalar at /home/hwadm/.cpan/build/Test-Simple-0.46/blib/lib/Test/Builder.pm line 332.
Invalid value for shared scalar at /home/hwadm/.cpan/build/Test-Simple-0.46/blib/lib/Test/Builder.pm line 1301.
END failed--call queue aborted.
dubious
	Test returned status 255 (wstat 65280, 0xff00)
DIED. FAILED test 1
	Failed 1/1 tests, 0.00% okay
t/has_plan..........1..2
Invalid value for shared scalar at /home/hwadm/.cpan/build/Test-Simple-0.46/blib/lib/Test/Builder.pm line 332.
Invalid value for shared scalar at /home/hwadm/.cpan/build/Test-Simple-0.46/blib/lib/Test/Builder.pm line 1301.
END failed--call queue aborted.
dubious
	Test returned status 255 (wstat 65280, 0xff00)
DIED. FAILED tests 1-2
	Failed 2/2 tests, 0.00% okay
t/has_plan2.........Invalid value for shared scalar at /home/hwadm/.cpan/build/Test-Simple-0.46/blib/lib/Test/Builder.pm line 332.
Invalid value for shared scalar at /home/hwadm/.cpan/build/Test-Simple-0.46/blib/lib/Test/Builder.pm line 1301.
END failed--call queue aborted.
1..1
dubious
	Test returned status 255 (wstat 65280, 0xff00)
DIED. FAILED test 1
	Failed 1/1 tests, 0.00% okay
t/import............1..2
Invalid value for shared scalar at /home/hwadm/.cpan/build/Test-Simple-0.46/blib/lib/Test/Builder.pm line 332.
Invalid value for shared scalar at /home/hwadm/.cpan/build/Test-Simple-0.46/blib/lib/Test/Builder.pm line 1301.
END failed--call queue aborted.
dubious
	Test returned status 255 (wstat 65280, 0xff00)
DIED. FAILED tests 1-2
	Failed 2/2 tests, 0.00% okay
t/is_deeply.........1..22
Invalid value for shared scalar at /home/hwadm/.cpan/build/Test-Simple-0.46/blib/lib/Test/Builder.pm line 332.
dubious
	Test returned status 255 (wstat 65280, 0xff00)
DIED. FAILED tests 1-22
	Failed 22/22 tests, 0.00% okay
t/maybe_regex.......1..10
Invalid value for shared scalar at /home/hwadm/.cpan/build/Test-Simple-0.46/blib/lib/Test/Builder.pm line 332.
Invalid value for shared scalar at /home/hwadm/.cpan/build/Test-Simple-0.46/blib/lib/Test/Builder.pm line 1301.
END failed--call queue aborted.
dubious
	Test returned status 255 (wstat 65280, 0xff00)
DIED. FAILED tests 1-10
	Failed 10/10 tests, 0.00% okay
t/missing...........1..2
Invalid value for shared scalar at /home/hwadm/.cpan/build/Test-Simple-0.46/blib/lib/Test/Builder.pm line 332.
Invalid value for shared scalar at /home/hwadm/.cpan/build/Test-Simple-0.46/blib/lib/Test/Builder.pm line 1301.
END failed--call queue aborted.
not ok 1
not ok 2
FAILED tests 1-2
	Failed 2/2 tests, 0.00% okay
t/More..............1..41
Invalid value for shared scalar at /home/hwadm/.cpan/build/Test-Simple-0.46/blib/lib/Test/Builder.pm line 332.
Invalid value for shared scalar at /home/hwadm/.cpan/build/Test-Simple-0.46/blib/lib/Test/Builder.pm line 1301.
END failed--call queue aborted.
dubious
	Test returned status 42 (wstat 10752, 0x2a00)
DIED. FAILED tests 1-41
	Failed 41/41 tests, 0.00% okay
t/no_ending.........1..3
Invalid value for shared scalar at /home/hwadm/.cpan/build/Test-Simple-0.46/blib/lib/Test/Builder.pm line 332.
dubious
	Test returned status 255 (wstat 65280, 0xff00)
DIED. FAILED tests 1-3
	Failed 3/3 tests, 0.00% okay
t/no_header.........1..1
Invalid value for shared scalar at /home/hwadm/.cpan/build/Test-Simple-0.46/blib/lib/Test/Builder.pm line 332.
Invalid value for shared scalar at /home/hwadm/.cpan/build/Test-Simple-0.46/blib/lib/Test/Builder.pm line 1301.
END failed--call queue aborted.
dubious
	Test returned status 255 (wstat 65280, 0xff00)
DIED. FAILED test 1
	Failed 1/1 tests, 0.00% okay
t/no_plan...........1..12
ok 1
ok 2
ok 3
ok 4
ok 5
ok 6
ok 7
ok 8
ok 9
ok 10
ok 11
ok 12
ok
t/output............1..4
ok 1
ok 2
ok 3
Invalid value for shared scalar at /home/hwadm/.cpan/build/Test-Simple-0.46/blib/lib/Test/Builder.pm line 332.
dubious
	Test returned status 255 (wstat 65280, 0xff00)
DIED. FAILED test 4
	Failed 1/4 tests, 75.00% okay
t/plan..............1..4
Invalid value for shared scalar at /home/hwadm/.cpan/build/Test-Simple-0.46/blib/lib/Test/Builder.pm line 332.
Invalid value for shared scalar at /home/hwadm/.cpan/build/Test-Simple-0.46/blib/lib/Test/Builder.pm line 1301.
END failed--call queue aborted.
dubious
	Test returned status 255 (wstat 65280, 0xff00)
DIED. FAILED tests 1-4
	Failed 4/4 tests, 0.00% okay
t/plan_is_noplan....1..2
Invalid value for shared scalar at /home/hwadm/.cpan/build/Test-Simple-0.46/blib/lib/Test/Builder.pm line 332.
Invalid value for shared scalar at /home/hwadm/.cpan/build/Test-Simple-0.46/blib/lib/Test/Builder.pm line 1301.
END failed--call queue aborted.
not ok 1
ok 2
FAILED test 1
	Failed 1/2 tests, 50.00% okay
t/plan_no_plan......Invalid value for shared scalar at /home/hwadm/.cpan/build/Test-Simple-0.46/blib/lib/Test/Builder.pm line 332.
Invalid value for shared scalar at /home/hwadm/.cpan/build/Test-Simple-0.46/blib/lib/Test/Builder.pm line 1301.
END failed--call queue aborted.
1..1
dubious
	Test returned status 255 (wstat 65280, 0xff00)
DIED. FAILED test 1
	Failed 1/1 tests, 0.00% okay
t/plan_skip_all.....1..0 # Skip Just testing plan & skip_all
skipped
        all skipped: Just testing plan & skip_all
t/simple............1..3
Invalid value for shared scalar at /home/hwadm/.cpan/build/Test-Simple-0.46/blib/lib/Test/Builder.pm line 332.
Invalid value for shared scalar at /home/hwadm/.cpan/build/Test-Simple-0.46/blib/lib/Test/Builder.pm line 1301.
END failed--call queue aborted.
dubious
	Test returned status 255 (wstat 65280, 0xff00)
DIED. FAILED tests 1-3
	Failed 3/3 tests, 0.00% okay
t/skip..............1..15
Invalid value for shared scalar at /home/hwadm/.cpan/build/Test-Simple-0.46/blib/lib/Test/Builder.pm line 661.
Invalid value for shared scalar at /home/hwadm/.cpan/build/Test-Simple-0.46/blib/lib/Test/Builder.pm line 1301.
END failed--call queue aborted.
dubious
	Test returned status 255 (wstat 65280, 0xff00)
DIED. FAILED tests 1-15
	Failed 15/15 tests, 0.00% okay
t/skipall...........1..2
ok 1
ok 2
ok
t/threads...........1..6
thread failed to start: Invalid value for shared scalar at /home/hwadm/.cpan/build/Test-Simple-0.46/blib/lib/Test/Builder.pm line 332.
thread failed to start: Invalid value for shared scalar at /home/hwadm/.cpan/build/Test-Simple-0.46/blib/lib/Test/Builder.pm line 332.
thread failed to start: Invalid value for shared scalar at /home/hwadm/.cpan/build/Test-Simple-0.46/blib/lib/Test/Builder.pm line 332.
thread failed to start: Invalid value for shared scalar at /home/hwadm/.cpan/build/Test-Simple-0.46/blib/lib/Test/Builder.pm line 332.
thread failed to start: Invalid value for shared scalar at /home/hwadm/.cpan/build/Test-Simple-0.46/blib/lib/Test/Builder.pm line 332.
Invalid value for shared scalar at /home/hwadm/.cpan/build/Test-Simple-0.46/blib/lib/Test/Builder.pm line 332.
Invalid value for shared scalar at /home/hwadm/.cpan/build/Test-Simple-0.46/blib/lib/Test/Builder.pm line 1301.
END failed--call queue aborted.
dubious
	Test returned status 9 (wstat 2304, 0x900)
DIED. FAILED tests 1-6
	Failed 6/6 tests, 0.00% okay
t/todo..............1..15
Invalid value for shared scalar at /home/hwadm/.cpan/build/Test-Simple-0.46/blib/lib/Test/Builder.pm line 332.
Invalid value for shared scalar at /home/hwadm/.cpan/build/Test-Simple-0.46/blib/lib/Test/Builder.pm line 1301.
END failed--call queue aborted.
dubious
	Test returned status 255 (wstat 65280, 0xff00)
DIED. FAILED tests 1-15
	Failed 15/15 tests, 0.00% okay
t/undef.............1..14
Invalid value for shared scalar at /home/hwadm/.cpan/build/Test-Simple-0.46/blib/lib/Test/Builder.pm line 332.
Invalid value for shared scalar at /home/hwadm/.cpan/build/Test-Simple-0.46/blib/lib/Test/Builder.pm line 1301.
END failed--call queue aborted.
dubious
	Test returned status 255 (wstat 65280, 0xff00)
DIED. FAILED tests 1-14
	Failed 14/14 tests, 0.00% okay
t/use_ok............1..10
Invalid value for shared scalar at /home/hwadm/.cpan/build/Test-Simple-0.46/blib/lib/Test/Builder.pm line 332.
Invalid value for shared scalar at /home/hwadm/.cpan/build/Test-Simple-0.46/blib/lib/Test/Builder.pm line 1301.
END failed--call queue aborted.
dubious
	Test returned status 255 (wstat 65280, 0xff00)
DIED. FAILED tests 1-10
	Failed 10/10 tests, 0.00% okay
t/useing............1..5
Invalid value for shared scalar at /home/hwadm/.cpan/build/Test-Simple-0.46/blib/lib/Test/Builder.pm line 332.
Invalid value for shared scalar at /home/hwadm/.cpan/build/Test-Simple-0.46/blib/lib/Test/Builder.pm line 1301.
END failed--call queue aborted.
dubious
	Test returned status 255 (wstat 65280, 0xff00)
DIED. FAILED tests 1-5
	Failed 5/5 tests, 0.00% okay
Failed 31/35 test scripts, 11.43% okay. 219/243 subtests failed, 9.88% okay.
Failed Test        Stat Wstat Total Fail  Failed  List of Failed
-------------------------------------------------------------------------------
t/Builder.t         255 65280     7    7 100.00%  1-7
t/More.t             42 10752    41   41 100.00%  1-41
t/buffer.t          255 65280    20   20 100.00%  1-20
t/curr_test.t       255 65280     2    0   0.00%  ??
t/details.t         255 65280     8    8 100.00%  1-8
t/diag.t            255 65280     7    7 100.00%  1-7
t/exit.t                         11    9  81.82%  1-2 4 6-11
t/extra.t                         2    2 100.00%  1-2
t/fail-like.t                     2    2 100.00%  1-2
t/fail-more.t                     2    2 100.00%  1-2
t/fail.t                          2    2 100.00%  1-2
t/filehandles.t     255 65280     1    1 100.00%  1
t/has_plan.t        255 65280     2    2 100.00%  1-2
t/has_plan2.t       255 65280     1    1 100.00%  1
t/import.t          255 65280     2    2 100.00%  1-2
t/is_deeply.t       255 65280    22   22 100.00%  1-22
t/maybe_regex.t     255 65280    10   10 100.00%  1-10
t/missing.t                       2    2 100.00%  1-2
t/no_ending.t       255 65280     3    3 100.00%  1-3
t/no_header.t       255 65280     1    1 100.00%  1
t/output.t          255 65280     4    1  25.00%  4
t/plan.t            255 65280     4    4 100.00%  1-4
t/plan_is_noplan.t                2    1  50.00%  1
t/plan_no_plan.t    255 65280     1    1 100.00%  1
t/simple.t          255 65280     3    3 100.00%  1-3
t/skip.t            255 65280    15   15 100.00%  1-15
t/threads.t           9  2304     6    6 100.00%  1-6
t/todo.t            255 65280    15   15 100.00%  1-15
t/undef.t           255 65280    14   14 100.00%  1-14
t/use_ok.t          255 65280    10   10 100.00%  1-10
t/useing.t          255 65280     5    5 100.00%  1-5
1 test skipped.
*** Error code 255
make: Fatal error: Command failed for target `test_dynamic'
Current working directory /home/hwadm/.cpan/build/Test-Simple-0.46
