<!DOCTYPE html>

<html lang="en">
  <head>
    <title>Bug #127516 for namespace-clean: installing namespace::autoclean on a fresh perl install fails due to missing Test deps</title>
    <meta http-equiv="X-UA-Compatible" content="IE=edge" />
    <!-- The X-UA-Compatible <meta> tag above must be very early in <head> -->

    <script>
if (window.top !== window.self) {
    document.write = "";

    window.top.location = window.self.location;

    setTimeout(function(){
        document.body.innerHTML = "";
    }, 1);

    window.self.onload = function(){
        document.body.innerHTML = "";
    };
}
</script>



<link rel="shortcut icon" href="/NoAuth/images/favicon.png" type="image/png" />
<link rel="stylesheet" href="/NoAuth/css/aileron-squished-00f758259152f8b6670ee485f462e6b8.css" type="text/css" media="all" />
<link rel="stylesheet" href="/NoAuth/css/print.css" type="text/css" media="print" />




<script type="text/javascript" src="/NoAuth/js/squished-42167f2409ce368da2d31038e5cb2a57.js"></script>

<script type="text/javascript"><!--
	jQuery( loadTitleBoxStates );

--></script>


<!--[if lt IE 8]>
<link rel="stylesheet" href="/NoAuth/css/aileron/msie.css" type="text/css" media="all" />
<![endif]-->
<!--[if lt IE 7]>
<link rel="stylesheet" href="/NoAuth/css/aileron/msie6.css" type="text/css" media="all" />
<![endif]-->
<script type="text/javascript">
jQuery(document).ready(function(){
    jQuery.fn.supersubs.defaults = {
        maxWidth: 30,
        extraWidth: 2
    };

    jQuery("#app-nav.toplevel").addClass('sf-menu sf-js-enabled sf-shadow').supersubs().superfish({ speed: 'fast' });
    jQuery("#page-menu.toplevel").addClass('sf-menu sf-js-enabled').supersubs().superfish({ dropShadows: false, speed: 'fast' }).supposition();
});
</script>


<!-- Site CSS from theme editor -->
<style type="text/css" media="all" id="sitecss">
</style>

<meta name="google-site-verification" content="kD3-uEJK1AkTqaC-rckcSt_HPkAj674DPPuEN6i-y0g" />

</head>
  <body class="aileron sidebyside" id="comp-Public-Bug-Display">

<div id="logo">
<a href="/"><img
    src="/NoAuth/images/cpan.png"
    alt="CPAN"
    width="181"
    height="38" /></a>
    <span class="rtname">RT for rt.cpan.org</span>
</div>


<div id="quickbar">
  <div id="quick-personal">
    <span class="hide"><a href="#skipnav">Skip Menu</a> | </span>
</div>

</div>
<div id="header"><h1>Bug #127516 for namespace-clean: installing namespace::autoclean on a fresh perl install fails due to missing Test deps</h1></div>



<div id="page-navigation"><ul id="page-menu" class="toplevel">
 <li id="li-page-active_bugs"><a id="page-active_bugs" class="menu-item " href="/Public/Dist/namespace-clean/Active/">Active bugs</a></li>
 <li id="li-page-resolved_bugs"><a id="page-resolved_bugs" class="menu-item " href="/Public/Dist/namespace-clean/Resolved/">Resolved bugs</a></li>
 <li id="li-page-rejected_bugs"><a id="page-rejected_bugs" class="menu-item " href="/Public/Dist/namespace-clean/Rejected/">Rejected bugs</a></li>
 <li id="li-page-report"><a id="page-report" class="menu-item " href="/Public/Dist/namespace-clean/Active/"></a></li>
</ul></div>
<div id="topactions">



</div>
<div id="body">


<a name="skipnav" id="skipnav" accesskey="8"></a>





<p>This queue is for tickets about the <a href="https://metacpan.org/release/namespace-clean">namespace-clean CPAN distribution</a>.</p>





<div class="">
  <div class="titlebox" id="">
  <div class="titlebox-title">
    <span class="widget"><a href="#" onclick="return rollup('TitleBox\x2D\x2D\x5FPublic\x5FBug\x5FDisplay\x5Fhtml\x2D\x2D\x2D\x2D\x2D\x2DUmVwb3J0IGluZm9ybWF0aW9u\x2D\x2D\x2D0');" title="Toggle visibility"></a></span>
    <span class="left">Report information</span>
    <span class="right-empty">		    </span>
  </div>
  <div class="titlebox-content " id="TitleBox--_Public_Bug_Display_html------UmVwb3J0IGluZm9ybWF0aW9u---0">


<table width="100%" class="ticket-summary">
<tr>
  <td valign="top" class="boxcontainer">
    <div class="ticket-info-basics">
  <div class="titlebox ticket-info-basics " id="">
  <div class="titlebox-title">
    <span class="widget"><a href="#" onclick="return rollup('TitleBox\x2D\x2D\x5FPublic\x5FBug\x5FDisplay\x5Fhtml\x2D\x2Dticket\x2Dinfo\x2Dbasics\x2D\x2D\x2D\x2DVGhlIEJhc2ljcw\x5F\x5F\x2D\x2D\x2D0');" title="Toggle visibility"></a></span>
    <span class="left">The Basics</span>
    <span class="right-empty">		    </span>
  </div>
  <div class="titlebox-content " id="TitleBox--_Public_Bug_Display_html--ticket-info-basics----VGhlIEJhc2ljcw__---0">


        <table>
  <tr class="id">
    <td class="label">Id:</td>
    <td class="value">127516</td>
  </tr>
  <tr class="status">
    <td class="label">Status:</td>
    <td class="value">new</td>
  </tr>
  <tr class="priority">
    <td class="label">Priority:</td>
    <td class="value">0/
</td>
  </tr>
  <tr class="queue">
    <td class="label">Queue:</td>
    <td class="value"><a href="/Public/Dist/namespace-clean/Active/">namespace-clean</a>
</td>
  </tr>
</table>

        <hr class="clear" />
  </div>
</div>




</div>


    <div class="ticket-info-people">
  <div class="titlebox ticket-info-people " id="">
  <div class="titlebox-title">
    <span class="widget"><a href="#" onclick="return rollup('TitleBox\x2D\x2D\x5FPublic\x5FBug\x5FDisplay\x5Fhtml\x2D\x2Dticket\x2Dinfo\x2Dpeople\x2D\x2D\x2D\x2DUGVvcGxl\x2D\x2D\x2D0');" title="Toggle visibility"></a></span>
    <span class="left">People</span>
    <span class="right-empty">		    </span>
  </div>
  <div class="titlebox-content " id="TitleBox--_Public_Bug_Display_html--ticket-info-people----UGVvcGxl---0">


        <table>
  <tr>
    <td class="label">Owner:</td>
    <td class="value">Nobody in particular
    
    </td>
  </tr>
  <tr>
    <td class="labeltop">Requestors:</td>
    <td class="value">
me [...] eboxr.com

<br />

</td>
  </tr>
  <tr>
    <td class="labeltop">Cc:</td>
    <td class="value">

</td>
  </tr>
  <tr>
    <td class="labeltop">AdminCc:</td>
    <td class="value">

</td>
  </tr>
</table>

        <hr class="clear" />
  </div>
</div>




</div>



  </td>
  <td valign="top" class="boxcontainer">
    
    <div class="ticket-info-cfs">
  <div class="titlebox ticket-info-cfs " id="">
  <div class="titlebox-title">
    <span class="widget"><a href="#" onclick="return rollup('TitleBox\x2D\x2D\x5FPublic\x5FBug\x5FDisplay\x5Fhtml\x2D\x2Dticket\x2Dinfo\x2Dcfs\x2D\x2D\x2D\x2DQnVnIEluZm9ybWF0aW9u\x2D\x2D\x2D0');" title="Toggle visibility"></a></span>
    <span class="left">Bug Information</span>
    <span class="right-empty">		    </span>
  </div>
  <div class="titlebox-content " id="TitleBox--_Public_Bug_Display_html--ticket-info-cfs----QnVnIEluZm9ybWF0aW9u---0">

 
        <table>
  <tr id="CF-1-ShowRow">
    <td class="label">Severity:</td>
    <td class="value">
<i>(no value)</i>
    </td>
  </tr>
  <tr id="CF-42514-ShowRow">
    <td class="label">Broken in:</td>
    <td class="value">
<i>(no value)</i>
    </td>
  </tr>
  <tr id="CF-42515-ShowRow">
    <td class="label">Fixed in:</td>
    <td class="value">
<i>(no value)</i>
    </td>
  </tr>
</table>


        <hr class="clear" />
  </div>
</div>




</div>


    




  </td>
</tr>
</table>

    <hr class="clear" />
  </div>
</div>




</div>


<br />


<div class="history">
<div class="titlebox" id="">
  <div class="titlebox-title">
    <span class="widget"><a href="#" onclick="return rollup('TitleBox\x2D\x2D\x5FPublic\x5FBug\x5FDisplay\x5Fhtml\x2D\x2D\x2D\x2D\x2D\x2DSGlzdG9yeQ\x5F\x5F\x2D\x2D\x2D0');" title="Toggle visibility"></a></span>
    <span class="left">History</span>
    <span class="right">		<a href="#" data-direction="open" onclick="return toggle_all_folds(this, 'Show\x20all\x20quoted\x20text', 'Hide\x20all\x20quoted\x20text');">Show all quoted text</a>    </span>
  </div>
  <div class="titlebox-content " id="TitleBox--_Public_Bug_Display_html------SGlzdG9yeQ__---0">


<div id="ticket-history">
<div class="ticket-transaction message Create odd">
<div class="ticket-transaction">
  <div class="metadata">
    <span class="type">
      &nbsp;      
    </span>
    <span class="date">Mon&nbsp;Oct&nbsp;29&nbsp;18:22:07&nbsp;2018</span>
    <span class="description">me [...] eboxr.com -  Ticket created</span>
    <span class="time-taken"></span>    <span class="actions hidden"></span>
  </div>
    <div class="content">
      
<table>
  <tr>
    <td align="right" class="message-header-key">Subject:</td>
    <td class="message-header-value"> installing namespace::autoclean on a fresh perl install fails due
 to missing Test deps</td>
  </tr>
</table>

<div class="messagebody">
<div class="message-stanza plain-text-white-space">Devel::NYTProf should be listed as a Test::Recommends and the test using it should skip if not there...
otherwise this is breaking for example the installation of Moose on a fresh perl 5.26.2 

<span
    class="message-stanza-folder closed"
    onclick="fold_message_stanza(this, 'Show\x20quoted\x20text', 'Hide\x20quoted\x20text');">Show quoted text</span><br /><div class="message-stanza closed">&gt; make test
</div>PERL_DL_NONLAZY=1 &#34;/usr/local/perl/perls/perl-5.26.2/bin/perl&#34; &#34;-MExtUtils::Command::MM&#34; &#34;-MTest::Harness&#34; &#34;-e&#34; &#34;undef *Test::Harness::Switches; test_harness&#40;0, &#39;blib/lib&#39;, &#39;blib/arch&#39;&#41;&#34; t/*.t
t/00-basic.t ................ ok
t/01-function-wipeout.t ..... ok
t/02-inheritance.t .......... ok
t/03-unimport.t ............. ok
t/04-except.t ............... ok
t/05-explicit-cleanee.t ..... ok
t/05-syntax-error.t ......... ok
t/06-other-types.t .......... ok
t/07-debugger.t ............. Can&#39;t locate Devel/NYTProf.pm in @INC &#40;you may need to install the Devel::NYTProf module&#41; &#40;@INC contains: /Users/nicolas/.cpanm/work/1540851573.11991/namespace-clean-0.27/blib/lib /Users/nicolas/.cpanm/work/1540851573.11991/namespace-clean-0.27/blib/arch /Users/nicolas/.dotfiles/perl-must-have/lib /Users/nicolas/perl5/lib/perl5/ /Users/nicolas/.dotfiles/perl-must-have/lib /Users/nicolas/.dotfiles/perl-must-have/lib /Users/nicolas/perl5/lib/perl5/ /Users/nicolas/perl5/lib/perl5/ /usr/local/perl/perls/perl-5.26.2/lib/site_perl/5.26.2/darwin-2level /usr/local/perl/perls/perl-5.26.2/lib/site_perl/5.26.2 /usr/local/perl/perls/perl-5.26.2/lib/5.26.2/darwin-2level /usr/local/perl/perls/perl-5.26.2/lib/5.26.2 .&#41; at t/07-debugger.t line 1.
BEGIN failed--compilation aborted at t/07-debugger.t line 1.
# Looks like your test exited with 2 before it could output anything.
t/07-debugger.t ............. Dubious, test returned 2 &#40;wstat 512, 0x200&#41;
Failed 4/4 subtests
t/07-pseudo-debugger.t ...... ok
t/08-const-sub.t ............ ok
t/09-fiddle-hinthash.t ...... ok
t/10-pure-perl.t ............ 10/15 Can&#39;t locate Devel/NYTProf.pm in @INC &#40;you may need to install the Devel::NYTProf module&#41; &#40;@INC contains: /Users/nicolas/.cpanm/work/1540851573.11991/namespace-clean-0.27/blib/lib /Users/nicolas/.cpanm/work/1540851573.11991/namespace-clean-0.27/blib/arch /Users/nicolas/.dotfiles/perl-must-have/lib /Users/nicolas/perl5/lib/perl5/ /Users/nicolas/.dotfiles/perl-must-have/lib /Users/nicolas/.dotfiles/perl-must-have/lib /Users/nicolas/perl5/lib/perl5/ /Users/nicolas/perl5/lib/perl5/ /usr/local/perl/perls/perl-5.26.2/lib/site_perl/5.26.2/darwin-2level /usr/local/perl/perls/perl-5.26.2/lib/site_perl/5.26.2/darwin-2level /usr/local/perl/perls/perl-5.26.2/lib/site_perl/5.26.2 /usr/local/perl/perls/perl-5.26.2/lib/5.26.2/darwin-2level /usr/local/perl/perls/perl-5.26.2/lib/5.26.2/darwin-2level /usr/local/perl/perls/perl-5.26.2/lib/5.26.2 . /usr/local/perl/perls/perl-5.26.2/lib/site_perl/5.26.2/darwin-2level /usr/local/perl/perls/perl-5.26.2/lib/site_perl/5.26.2 /usr/local/perl/perls/perl-5.26.2/lib/5.26.2/darwin-2level /usr/local/perl/perls/perl-5.26.2/lib/5.26.2 .&#41; at t/07-debugger.t line 1.
BEGIN failed--compilation aborted at t/07-debugger.t line 1.
# Looks like your test exited with 2 before it could output anything.

#   Failed test &#39;Exit 512 from: /usr/local/perl/perls/perl-5.26.2/bin/perl t/07-debugger.t&#39;
#   at t/10-pure-perl.t line 71.
# Looks like you failed 1 test of 15.
t/10-pure-perl.t ............ Dubious, test returned 1 &#40;wstat 256, 0x100&#41;
Failed 1/15 subtests
t/11-multiclean-in-scope.t .. ok

Test Summary Report
-------------------
t/07-debugger.t           &#40;Wstat: 512 Tests: 0 Failed: 0&#41;
  Non-zero exit status: 2
  Parse errors: Bad plan.  You planned 4 tests but ran 0.
t/10-pure-perl.t          &#40;Wstat: 256 Tests: 15 Failed: 1&#41;
  Failed test:  11
  Non-zero exit status: 1
Files=14, Tests=2110,  2 wallclock secs &#40; 0.17 usr  0.04 sys +  1.49 cusr  0.26 csys =  1.96 CPU&#41;
Result: FAIL
Failed 2/14 test programs. 1/2110 subtests failed.
make: *** [test_dynamic] Error 255
</div></div>
    </div>
</div>
</div>
<div class="ticket-transaction message Correspond even">
<div class="ticket-transaction">
  <div class="metadata">
    <span class="type">
      &nbsp;      
    </span>
    <span class="date">Mon&nbsp;Oct&nbsp;29&nbsp;18:31:12&nbsp;2018</span>
    <span class="description">me [...] eboxr.com -  Correspondence added</span>
    <span class="time-taken"></span>    <span class="actions hidden"></span>
  </div>
    <div class="content">
      

<div class="messagebody">
<div class="message-stanza plain-text-white-space">here is a suggested patch to fix this 

On Mon Oct 29 18:22:07 2018, atoomic wrote:
<span
    class="message-stanza-folder closed"
    onclick="fold_message_stanza(this, 'Show\x20quoted\x20text', 'Hide\x20quoted\x20text');">Show quoted text</span><br /><div class="message-stanza closed">&gt; Devel::NYTProf should be listed as a Test::Recommends and the test
&gt; using it should skip if not there...
&gt;  otherwise this is breaking for example the installation of Moose on a
&gt; fresh perl 5.26.2
&gt; 
<div class="message-stanza open">&gt; &gt; make test
</div>&gt; PERL_DL_NONLAZY=1 &#34;/usr/local/perl/perls/perl-5.26.2/bin/perl&#34; &#34;-
&gt; MExtUtils::Command::MM&#34; &#34;-MTest::Harness&#34; &#34;-e&#34; &#34;undef
&gt; *Test::Harness::Switches; test_harness&#40;0, &#39;blib/lib&#39;, &#39;blib/arch&#39;&#41;&#34;
&gt; t/*.t
&gt; t/00-basic.t ................ ok
&gt; t/01-function-wipeout.t ..... ok
&gt; t/02-inheritance.t .......... ok
&gt; t/03-unimport.t ............. ok
&gt; t/04-except.t ............... ok
&gt; t/05-explicit-cleanee.t ..... ok
&gt; t/05-syntax-error.t ......... ok
&gt; t/06-other-types.t .......... ok
&gt; t/07-debugger.t ............. Can&#39;t locate Devel/NYTProf.pm in @INC
&gt; &#40;you may need to install the Devel::NYTProf module&#41; &#40;@INC contains:
&gt; /Users/nicolas/.cpanm/work/1540851573.11991/namespace-clean-
&gt; 0.27/blib/lib /Users/nicolas/.cpanm/work/1540851573.11991/namespace-
&gt; clean-0.27/blib/arch /Users/nicolas/.dotfiles/perl-must-have/lib
&gt; /Users/nicolas/perl5/lib/perl5/ /Users/nicolas/.dotfiles/perl-must-
&gt; have/lib /Users/nicolas/.dotfiles/perl-must-have/lib
&gt; /Users/nicolas/perl5/lib/perl5/ /Users/nicolas/perl5/lib/perl5/
&gt; /usr/local/perl/perls/perl-5.26.2/lib/site_perl/5.26.2/darwin-2level
&gt; /usr/local/perl/perls/perl-5.26.2/lib/site_perl/5.26.2
&gt; /usr/local/perl/perls/perl-5.26.2/lib/5.26.2/darwin-2level
&gt; /usr/local/perl/perls/perl-5.26.2/lib/5.26.2 .&#41; at t/07-debugger.t
&gt; line 1.
&gt; BEGIN failed--compilation aborted at t/07-debugger.t line 1.
&gt; # Looks like your test exited with 2 before it could output anything.
&gt; t/07-debugger.t ............. Dubious, test returned 2 &#40;wstat 512,
&gt; 0x200&#41;
&gt; Failed 4/4 subtests
&gt; t/07-pseudo-debugger.t ...... ok
&gt; t/08-const-sub.t ............ ok
&gt; t/09-fiddle-hinthash.t ...... ok
&gt; t/10-pure-perl.t ............ 10/15 Can&#39;t locate Devel/NYTProf.pm in
&gt; @INC &#40;you may need to install the Devel::NYTProf module&#41; &#40;@INC
&gt; contains: /Users/nicolas/.cpanm/work/1540851573.11991/namespace-clean-
&gt; 0.27/blib/lib /Users/nicolas/.cpanm/work/1540851573.11991/namespace-
&gt; clean-0.27/blib/arch /Users/nicolas/.dotfiles/perl-must-have/lib
&gt; /Users/nicolas/perl5/lib/perl5/ /Users/nicolas/.dotfiles/perl-must-
&gt; have/lib /Users/nicolas/.dotfiles/perl-must-have/lib
&gt; /Users/nicolas/perl5/lib/perl5/ /Users/nicolas/perl5/lib/perl5/
&gt; /usr/local/perl/perls/perl-5.26.2/lib/site_perl/5.26.2/darwin-2level
&gt; /usr/local/perl/perls/perl-5.26.2/lib/site_perl/5.26.2/darwin-2level
&gt; /usr/local/perl/perls/perl-5.26.2/lib/site_perl/5.26.2
&gt; /usr/local/perl/perls/perl-5.26.2/lib/5.26.2/darwin-2level
&gt; /usr/local/perl/perls/perl-5.26.2/lib/5.26.2/darwin-2level
&gt; /usr/local/perl/perls/perl-5.26.2/lib/5.26.2 .
&gt; /usr/local/perl/perls/perl-5.26.2/lib/site_perl/5.26.2/darwin-2level
&gt; /usr/local/perl/perls/perl-5.26.2/lib/site_perl/5.26.2
&gt; /usr/local/perl/perls/perl-5.26.2/lib/5.26.2/darwin-2level
&gt; /usr/local/perl/perls/perl-5.26.2/lib/5.26.2 .&#41; at t/07-debugger.t
&gt; line 1.
&gt; BEGIN failed--compilation aborted at t/07-debugger.t line 1.
&gt; # Looks like your test exited with 2 before it could output anything.
&gt; 
&gt; #   Failed test &#39;Exit 512 from: /usr/local/perl/perls/perl-
&gt; 5.26.2/bin/perl t/07-debugger.t&#39;
&gt; #   at t/10-pure-perl.t line 71.
&gt; # Looks like you failed 1 test of 15.
&gt; t/10-pure-perl.t ............ Dubious, test returned 1 &#40;wstat 256,
&gt; 0x100&#41;
&gt; Failed 1/15 subtests
&gt; t/11-multiclean-in-scope.t .. ok
&gt; 
&gt; Test Summary Report
&gt; -------------------
&gt; t/07-debugger.t           &#40;Wstat: 512 Tests: 0 Failed: 0&#41;
&gt;   Non-zero exit status: 2
&gt;   Parse errors: Bad plan.  You planned 4 tests but ran 0.
&gt; t/10-pure-perl.t          &#40;Wstat: 256 Tests: 15 Failed: 1&#41;
&gt;   Failed test:  11
&gt;   Non-zero exit status: 1
&gt; Files=14, Tests=2110,  2 wallclock secs &#40; 0.17 usr  0.04 sys +  1.49
&gt; cusr  0.26 csys =  1.96 CPU&#41;
&gt; Result: FAIL
&gt; Failed 2/14 test programs. 1/2110 subtests failed.
&gt; make: *** [test_dynamic] Error 255
</div></div></div>
    </div>
</div>
</div>
<div class="ticket-transaction message Correspond odd">
<div class="ticket-transaction">
  <div class="metadata">
    <span class="type">
      &nbsp;      
    </span>
    <span class="date">Tue&nbsp;Oct&nbsp;30&nbsp;11:34:14&nbsp;2018</span>
    <span class="description">me [...] eboxr.com -  Correspondence added</span>
    <span class="time-taken"></span>    <span class="actions hidden"></span>
  </div>
    <div class="content">
      

<div class="messagebody">
<div class="message-stanza plain-text-white-space">previous message was missing the link, here it is
<span class="clickylink"><a target="new" rel="nofollow" href="https://github.com/p5sagit/namespace-clean/pull/1">https://github.com/p5sagit/namespace-clean/pull/1</a></span>

The problem comes from PERL5DB being set with one missing module... so this is mainly my mistake
but the unit test can probably skip when PERL5DB is set.

thanks

On Mon Oct 29 18:31:12 2018, atoomic wrote:
<span
    class="message-stanza-folder closed"
    onclick="fold_message_stanza(this, 'Show\x20quoted\x20text', 'Hide\x20quoted\x20text');">Show quoted text</span><br /><div class="message-stanza closed">&gt; here is a suggested patch to fix this 
&gt; 
&gt; On Mon Oct 29 18:22:07 2018, atoomic wrote:
<div class="message-stanza open">&gt; &gt; Devel::NYTProf should be listed as a Test::Recommends and the test
&gt; &gt; using it should skip if not there...
&gt; &gt;  otherwise this is breaking for example the installation of Moose on a
&gt; &gt; fresh perl 5.26.2
&gt; &gt; 
<div class="message-stanza open">&gt; &gt; &gt; make test
</div>&gt; &gt; PERL_DL_NONLAZY=1 &#34;/usr/local/perl/perls/perl-5.26.2/bin/perl&#34; &#34;-
&gt; &gt; MExtUtils::Command::MM&#34; &#34;-MTest::Harness&#34; &#34;-e&#34; &#34;undef
&gt; &gt; *Test::Harness::Switches; test_harness&#40;0, &#39;blib/lib&#39;, &#39;blib/arch&#39;&#41;&#34;
&gt; &gt; t/*.t
&gt; &gt; t/00-basic.t ................ ok
&gt; &gt; t/01-function-wipeout.t ..... ok
&gt; &gt; t/02-inheritance.t .......... ok
&gt; &gt; t/03-unimport.t ............. ok
&gt; &gt; t/04-except.t ............... ok
&gt; &gt; t/05-explicit-cleanee.t ..... ok
&gt; &gt; t/05-syntax-error.t ......... ok
&gt; &gt; t/06-other-types.t .......... ok
&gt; &gt; t/07-debugger.t ............. Can&#39;t locate Devel/NYTProf.pm in @INC
&gt; &gt; &#40;you may need to install the Devel::NYTProf module&#41; &#40;@INC contains:
&gt; &gt; /Users/nicolas/.cpanm/work/1540851573.11991/namespace-clean-
&gt; &gt; 0.27/blib/lib /Users/nicolas/.cpanm/work/1540851573.11991/namespace-
&gt; &gt; clean-0.27/blib/arch /Users/nicolas/.dotfiles/perl-must-have/lib
&gt; &gt; /Users/nicolas/perl5/lib/perl5/ /Users/nicolas/.dotfiles/perl-must-
&gt; &gt; have/lib /Users/nicolas/.dotfiles/perl-must-have/lib
&gt; &gt; /Users/nicolas/perl5/lib/perl5/ /Users/nicolas/perl5/lib/perl5/
&gt; &gt; /usr/local/perl/perls/perl-5.26.2/lib/site_perl/5.26.2/darwin-2level
&gt; &gt; /usr/local/perl/perls/perl-5.26.2/lib/site_perl/5.26.2
&gt; &gt; /usr/local/perl/perls/perl-5.26.2/lib/5.26.2/darwin-2level
&gt; &gt; /usr/local/perl/perls/perl-5.26.2/lib/5.26.2 .&#41; at t/07-debugger.t
&gt; &gt; line 1.
&gt; &gt; BEGIN failed--compilation aborted at t/07-debugger.t line 1.
&gt; &gt; # Looks like your test exited with 2 before it could output anything.
&gt; &gt; t/07-debugger.t ............. Dubious, test returned 2 &#40;wstat 512,
&gt; &gt; 0x200&#41;
&gt; &gt; Failed 4/4 subtests
&gt; &gt; t/07-pseudo-debugger.t ...... ok
&gt; &gt; t/08-const-sub.t ............ ok
&gt; &gt; t/09-fiddle-hinthash.t ...... ok
&gt; &gt; t/10-pure-perl.t ............ 10/15 Can&#39;t locate Devel/NYTProf.pm in
&gt; &gt; @INC &#40;you may need to install the Devel::NYTProf module&#41; &#40;@INC
&gt; &gt; contains: /Users/nicolas/.cpanm/work/1540851573.11991/namespace-clean-
&gt; &gt; 0.27/blib/lib /Users/nicolas/.cpanm/work/1540851573.11991/namespace-
&gt; &gt; clean-0.27/blib/arch /Users/nicolas/.dotfiles/perl-must-have/lib
&gt; &gt; /Users/nicolas/perl5/lib/perl5/ /Users/nicolas/.dotfiles/perl-must-
&gt; &gt; have/lib /Users/nicolas/.dotfiles/perl-must-have/lib
&gt; &gt; /Users/nicolas/perl5/lib/perl5/ /Users/nicolas/perl5/lib/perl5/
&gt; &gt; /usr/local/perl/perls/perl-5.26.2/lib/site_perl/5.26.2/darwin-2level
&gt; &gt; /usr/local/perl/perls/perl-5.26.2/lib/site_perl/5.26.2/darwin-2level
&gt; &gt; /usr/local/perl/perls/perl-5.26.2/lib/site_perl/5.26.2
&gt; &gt; /usr/local/perl/perls/perl-5.26.2/lib/5.26.2/darwin-2level
&gt; &gt; /usr/local/perl/perls/perl-5.26.2/lib/5.26.2/darwin-2level
&gt; &gt; /usr/local/perl/perls/perl-5.26.2/lib/5.26.2 .
&gt; &gt; /usr/local/perl/perls/perl-5.26.2/lib/site_perl/5.26.2/darwin-2level
&gt; &gt; /usr/local/perl/perls/perl-5.26.2/lib/site_perl/5.26.2
&gt; &gt; /usr/local/perl/perls/perl-5.26.2/lib/5.26.2/darwin-2level
&gt; &gt; /usr/local/perl/perls/perl-5.26.2/lib/5.26.2 .&#41; at t/07-debugger.t
&gt; &gt; line 1.
&gt; &gt; BEGIN failed--compilation aborted at t/07-debugger.t line 1.
&gt; &gt; # Looks like your test exited with 2 before it could output anything.
&gt; &gt; 
&gt; &gt; #   Failed test &#39;Exit 512 from: /usr/local/perl/perls/perl-
&gt; &gt; 5.26.2/bin/perl t/07-debugger.t&#39;
&gt; &gt; #   at t/10-pure-perl.t line 71.
&gt; &gt; # Looks like you failed 1 test of 15.
&gt; &gt; t/10-pure-perl.t ............ Dubious, test returned 1 &#40;wstat 256,
&gt; &gt; 0x100&#41;
&gt; &gt; Failed 1/15 subtests
&gt; &gt; t/11-multiclean-in-scope.t .. ok
&gt; &gt; 
&gt; &gt; Test Summary Report
&gt; &gt; -------------------
&gt; &gt; t/07-debugger.t           &#40;Wstat: 512 Tests: 0 Failed: 0&#41;
&gt; &gt;   Non-zero exit status: 2
&gt; &gt;   Parse errors: Bad plan.  You planned 4 tests but ran 0.
&gt; &gt; t/10-pure-perl.t          &#40;Wstat: 256 Tests: 15 Failed: 1&#41;
&gt; &gt;   Failed test:  11
&gt; &gt;   Non-zero exit status: 1
&gt; &gt; Files=14, Tests=2110,  2 wallclock secs &#40; 0.17 usr  0.04 sys +  1.49
&gt; &gt; cusr  0.26 csys =  1.96 CPU&#41;
&gt; &gt; Result: FAIL
&gt; &gt; Failed 2/14 test programs. 1/2110 subtests failed.
&gt; &gt; make: *** [test_dynamic] Error 255
</div>&gt; 
&gt; 
</div></div></div>
    </div>
</div>
</div>
</div>
    <hr class="clear" />
  </div>
</div>




</div>
 


  <hr class="clear" />
</div>
</body>
</html>
