Env:
OS: WinXP
Perl: 5.8.6
-------------------------------------------------------------------------------------------------------------------------------
D:\perl-modules\Archive-Tar-1.22>nmake test

Microsoft (R) Program Maintenance Utility   Version 6.00.9782.0
Copyright (C) Microsoft Corp 1988-1998. All rights reserved.

        D:\Perl\bin\perl.exe -MExtUtils::Command -e cp bin/ptar blib\script\ptar
        pl2bat.bat blib\script\ptar
        D:\Perl\bin\perl.exe "-MExtUtils::Command::MM" "-e" "test_harness(0, 'blib\lib', 'blib\arch')" t\01_use.t t\02_methods.t t\99_pod.t
t\01_use........ok
t\02_methods....# No long filename support - long filename extraction disabled
t\02_methods....ok
t\99_pod........ok
All tests successful.
Files=3, Tests=434,  1 wallclock secs ( 0.00 cusr +  0.00 csys =  0.00 CPU)

D:\perl-modules\Archive-Tar-1.24>nmake test
-------------------------------------------------------------------------------------------------------------------------------
Microsoft (R) Program Maintenance Utility   Version 6.00.9782.0
Copyright (C) Microsoft Corp 1988-1998. All rights reserved.

        D:\Perl\bin\perl.exe -MExtUtils::Command -e cp bin/ptar blib\script\ptar
        pl2bat.bat blib\script\ptar
        D:\Perl\bin\perl.exe "-MExtUtils::Command::MM" "-e" "test_harness(0, 'blib\lib', 'blib\arch')" t\01_use.t t\02_methods.t t\03_file.t t\99_pod.
t
t\01_use........ok
t\02_methods....# No long filename support - long filename extraction disabled
t\02_methods....ok 1/0Could not open file 'D:\perl-modules\Archive-Tar-1.24\t\D:\perl-modules\Archive-Tar-1.24\t\src\short\1320': Invalid argument at
t\02_methods.t line 693

#     Failed test (t\02_methods.t at line 693)
t\02_methods....NOK 134
#     Failed test (t\02_methods.t at line 695)
t\02_methods....NOK 135Could not open file 'D:\perl-modules\Archive-Tar-1.24\t\D:\perl-modules\Archive-Tar-1.24\t\src\short\1320': Invalid argument at
 t\02_methods.t line 693

#     Failed test (t\02_methods.t at line 693)
t\02_methods....NOK 142
#     Failed test (t\02_methods.t at line 695)
t\02_methods....NOK 143Could not open file 'D:\perl-modules\Archive-Tar-1.24\t\D:\perl-modules\Archive-Tar-1.24\t\src\short\1320': Invalid argument at
 t\02_methods.t line 693

#     Failed test (t\02_methods.t at line 693)
t\02_methods....NOK 182
#     Failed test (t\02_methods.t at line 695)
t\02_methods....NOK 183Could not open file 'D:\perl-modules\Archive-Tar-1.24\t\D:\perl-modules\Archive-Tar-1.24\t\src\short\1320': Invalid argument at
 t\02_methods.t line 693

#     Failed test (t\02_methods.t at line 693)
t\02_methods....NOK 190
t\02_methods....NOK 191#     Failed test (t\02_methods.t at line 695)
Could not open file 'D:\perl-modules\Archive-Tar-1.24\t\D:\perl-modules\Archive-Tar-1.24\t\src\short\1320': Invalid argument at t\02_methods.t line 69
3

t\02_methods....NOK 250#     Failed test (t\02_methods.t at line 693)

t\02_methods....NOK 251#     Failed test (t\02_methods.t at line 695)
Could not open file 'D:\perl-modules\Archive-Tar-1.24\t\D:\perl-modules\Archive-Tar-1.24\t\src\short\1320': Invalid argument at t\02_methods.t line 69
3

#     Failed test (t\02_methods.t at line 693)
t\02_methods....NOK 258
#     Failed test (t\02_methods.t at line 695)
t\02_methods....NOK 259Could not open file 'D:\perl-modules\Archive-Tar-1.24\t\D:\perl-modules\Archive-Tar-1.24\t\src\short\1320': Invalid argument at
 t\02_methods.t line 693

#     Failed test (t\02_methods.t at line 693)
t\02_methods....NOK 266
#     Failed test (t\02_methods.t at line 695)
t\02_methods....NOK 267Could not open file 'D:\perl-modules\Archive-Tar-1.24\t\D:\perl-modules\Archive-Tar-1.24\t\src\short\1320': Invalid argument at
 t\02_methods.t line 693

#     Failed test (t\02_methods.t at line 693)

#     Failed test (t\02_methods.t at line 695)
Could not open file 'D:\perl-modules\Archive-Tar-1.24\t\D:\perl-modules\Archive-Tar-1.24\t\src\short\1320': Invalid argument at t\02_methods.t line 69
3
t\02_methods....NOK 274
#     Failed test (t\02_methods.t at line 693)

#     Failed test (t\02_methods.t at line 695)
t\02_methods....NOK 283Could not open file 'D:\perl-modules\Archive-Tar-1.24\t\D:\perl-modules\Archive-Tar-1.24\t\src\short\1320': Invalid argument at
 t\02_methods.t line 693

#     Failed test (t\02_methods.t at line 693)

#     Failed test (t\02_methods.t at line 695)
Could not open file 'D:\perl-modules\Archive-Tar-1.24\t\D:\perl-modules\Archive-Tar-1.24\t\src\short\1320': Invalid argument at t\02_methods.t line 69
3

#     Failed test (t\02_methods.t at line 693)

#     Failed test (t\02_methods.t at line 695)
t\02_methods....NOK 348Could not open file 'D:\perl-modules\Archive-Tar-1.24\t\D:\perl-modules\Archive-Tar-1.24\t\src\short\1320': Invalid argument at
 t\02_methods.t line 693
t\02_methods....NOK 349
#     Failed test (t\02_methods.t at line 693)

#     Failed test (t\02_methods.t at line 695)
t\02_methods....NOK 357Could not open file 'D:\perl-modules\Archive-Tar-1.24\t\D:\perl-modules\Archive-Tar-1.24\t\src\short\1320': Invalid argument at
 t\02_methods.t line 693

#     Failed test (t\02_methods.t at line 693)
t\02_methods....NOK 364
#     Failed test (t\02_methods.t at line 695)
t\02_methods....NOK 365Could not open file 'D:\perl-modules\Archive-Tar-1.24\t\D:\perl-modules\Archive-Tar-1.24\t\src\short\1320': Invalid argument at
 t\02_methods.t line 693

#     Failed test (t\02_methods.t at line 693)
t\02_methods....NOK 372
t\02_methods....NOK 373#     Failed test (t\02_methods.t at line 695)
Could not open file 'D:\perl-modules\Archive-Tar-1.24\t\D:\perl-modules\Archive-Tar-1.24\t\src\short\1320': Invalid argument at t\02_methods.t line 69
3

t\02_methods....NOK 414#     Failed test (t\02_methods.t at line 693)

t\02_methods....NOK 415#     Failed test (t\02_methods.t at line 695)
Could not open file 'D:\perl-modules\Archive-Tar-1.24\t\D:\perl-modules\Archive-Tar-1.24\t\src\short\1320': Invalid argument at t\02_methods.t line 69
3

t\02_methods....NOK 422#     Failed test (t\02_methods.t at line 693)

t\02_methods....NOK 423#     Failed test (t\02_methods.t at line 695)
Could not open file 'D:\perl-modules\Archive-Tar-1.24\t\D:\perl-modules\Archive-Tar-1.24\t\src\short\1320': Invalid argument at t\02_methods.t line 69
3

t\02_methods....NOK 462#     Failed test (t\02_methods.t at line 693)

t\02_methods....NOK 463#     Failed test (t\02_methods.t at line 695)
Could not open file 'D:\perl-modules\Archive-Tar-1.24\t\D:\perl-modules\Archive-Tar-1.24\t\src\short\1320': Invalid argument at t\02_methods.t line 69
3

t\02_methods....NOK 470#     Failed test (t\02_methods.t at line 693)

t\02_methods....NOK 471#     Failed test (t\02_methods.t at line 695)
# Looks like you failed 36 tests of 501.
t\02_methods....dubious
        Test returned status 36 (wstat 9216, 0x2400)
DIED. FAILED tests 134-135, 142-143, 182-183, 190-191, 250-251, 258-259, 266-267, 274-275, 282-283, 340-341, 348-349, 356-357, 364-365, 372-373, 414-4
15, 422-423, 462-463, 470-471
        Failed 36/501 tests, 92.81% okay
t\03_file.......ok
        11/178 skipped: Attributes defined, may not be plainfile
t\99_pod........ok
Failed Test    Stat Wstat Total Fail  Failed  List of Failed
-------------------------------------------------------------------------------
t\02_methods.t   36  9216   501   36   7.19%  134-135 142-143 182-183 190-191
                                              250-251 258-259 266-267 274-275
                                              282-283 340-341 348-349 356-357
                                              364-365 372-373 414-415 422-423
                                              462-463 470-471
11 subtests skipped.
Failed 1/4 test scripts, 75.00% okay. 36/684 subtests failed, 94.74% okay.
NMAKE : fatal error U1077: 'D:\Perl\bin\perl.exe' : return code '0xff'
Stop.