<!DOCTYPE html>

<html lang="en">
  <head>
    <title>Bug #108873 for Test-Valgrind: Tests fail due to &#34;Text file busy&#34;</title>
    <meta http-equiv="X-UA-Compatible" content="IE=edge" />
    <!-- The X-UA-Compatible <meta> tag above must be very early in <head> -->

    <script>
if (window.top !== window.self) {
    document.write = "";

    window.top.location = window.self.location;

    setTimeout(function(){
        document.body.innerHTML = "";
    }, 1);

    window.self.onload = function(){
        document.body.innerHTML = "";
    };
}
</script>



<link rel="shortcut icon" href="/NoAuth/images/favicon.png" type="image/png" />
<link rel="stylesheet" href="/NoAuth/css/aileron-squished-00f758259152f8b6670ee485f462e6b8.css" type="text/css" media="all" />
<link rel="stylesheet" href="/NoAuth/css/print.css" type="text/css" media="print" />




<script type="text/javascript" src="/NoAuth/js/squished-42167f2409ce368da2d31038e5cb2a57.js"></script>

<script type="text/javascript"><!--
	jQuery( loadTitleBoxStates );

--></script>


<!--[if lt IE 8]>
<link rel="stylesheet" href="/NoAuth/css/aileron/msie.css" type="text/css" media="all" />
<![endif]-->
<!--[if lt IE 7]>
<link rel="stylesheet" href="/NoAuth/css/aileron/msie6.css" type="text/css" media="all" />
<![endif]-->
<script type="text/javascript">
jQuery(document).ready(function(){
    jQuery.fn.supersubs.defaults = {
        maxWidth: 30,
        extraWidth: 2
    };

    jQuery("#app-nav.toplevel").addClass('sf-menu sf-js-enabled sf-shadow').supersubs().superfish({ speed: 'fast' });
    jQuery("#page-menu.toplevel").addClass('sf-menu sf-js-enabled').supersubs().superfish({ dropShadows: false, speed: 'fast' }).supposition();
});
</script>


<!-- Site CSS from theme editor -->
<style type="text/css" media="all" id="sitecss">
</style>

<meta name="google-site-verification" content="kD3-uEJK1AkTqaC-rckcSt_HPkAj674DPPuEN6i-y0g" />

</head>
  <body class="aileron sidebyside" id="comp-Public-Bug-Display">

<div id="logo">
<a href="https://rt.cpan.org/"><img
    src="/NoAuth/images/cpan.png"
    alt="CPAN"
    width="181"
    height="38" /></a>
    <span class="rtname">RT for rt.cpan.org</span>
</div>


<div id="quickbar">
  <div id="quick-personal">
    <span class="hide"><a href="#skipnav">Skip Menu</a> | </span>
</div>

</div>
<div id="header"><h1>Bug #108873 for Test-Valgrind: Tests fail due to &#34;Text file busy&#34;</h1></div>


<div id="main-navigation"><ul id="app-nav" class="toplevel">
 <li id="li-search_dist"><a id="search_dist" class="menu-item " href="/Public/">Search Distributions</a></li>
 <li id="li-browse_dist"><a id="browse_dist" class="menu-item " href="/Public/Dist/Browse.html">Browse Distributions</a></li>
 <li id="li-about" class="has-children"><a id="about" class="menu-item " href="/NoAuth/RT/CPAN/About.html">About rt.cpan.org</a>
 <ul>
  <li id="li-about-usage"><a id="about-usage" class="menu-item " href="/NoAuth/RT/CPAN/Usage.html">How do I…?</a></li>
  <li id="li-about-about"><a id="about-about" class="menu-item " href="/NoAuth/RT/CPAN/About.html">About</a></li>
 </ul>
 </li>
 <li id="li-preferences"><a id="preferences" class="menu-item ">Welcome <span class="current-user">anonymous guest</span>.</a></li>
 <li id="li-login"><a id="login" class="menu-item " href="/NoAuth/Logout.html">Login as another user</a></li>
</ul></div>
<div id="page-navigation"><ul id="page-menu" class="toplevel">
 <li id="li-page-active_bugs"><a id="page-active_bugs" class="menu-item " href="/Public/Dist/Display.html?Status=Active;Name=Test-Valgrind">Active bugs</a></li>
 <li id="li-page-resolved_bugs"><a id="page-resolved_bugs" class="menu-item " href="/Public/Dist/Display.html?Status=Resolved;Name=Test-Valgrind">Resolved bugs</a></li>
 <li id="li-page-rejected_bugs"><a id="page-rejected_bugs" class="menu-item " href="/Public/Dist/Display.html?Status=Rejected;Name=Test-Valgrind">Rejected bugs</a></li>
 <li id="li-page-report"><a id="page-report" class="menu-item " href="/Public/Bug/Report.html?Queue=Test-Valgrind">Report a new bug</a></li>
</ul></div>
<div id="topactions"><form action="/Public/Search/Simple.html" id="simple-search">
  <input size="12" name="q" accesskey="0" class="field" value="" placeholder="Search..." />
</form>

<form action="/Public/Bug/Report.html" name="CreateTicketInQueue" id="CreateTicketInQueue" >
<input type="submit" class="button" value="New ticket in" />&nbsp;<label accesskey="9">
  <input name="Queue" size="25" placeholder="Module or distribution" value="" class="select-queue" data-autocomplete="Queues" data-autocomplete-autosubmit=1 data-autocomplete-params="right=CreateTicket" />

</label>

</form>

</div>
<div id="body">
<div id="announcement" style="padding: 1em; margin: 1em; border: solid black 1px; background: #eee">
<a href="https://log.perl.org/2020/12/rtcpanorg-sunset.html">rt.cpan.org will be shut down on March 1st, 2021.</a>
</div>

<a name="skipnav" id="skipnav" accesskey="8"></a>





<p>This queue is for tickets about the <a href="https://metacpan.org/release/Test-Valgrind">Test-Valgrind CPAN distribution</a>.</p>





<div class="">
  <div class="titlebox" id="">
  <div class="titlebox-title">
    <span class="widget"><a href="#" onclick="return rollup('TitleBox\x2D\x2D\x5FPublic\x5FBug\x5FDisplay\x5Fhtml\x2D\x2D\x2D\x2D\x2D\x2DUmVwb3J0IGluZm9ybWF0aW9u\x2D\x2D\x2D0');" title="Toggle visibility"></a></span>
    <span class="left">Report information</span>
    <span class="right-empty">		    </span>
  </div>
  <div class="titlebox-content " id="TitleBox--_Public_Bug_Display_html------UmVwb3J0IGluZm9ybWF0aW9u---0">


<table width="100%" class="ticket-summary">
<tr>
  <td valign="top" class="boxcontainer">
    <div class="ticket-info-basics">
  <div class="titlebox ticket-info-basics " id="">
  <div class="titlebox-title">
    <span class="widget"><a href="#" onclick="return rollup('TitleBox\x2D\x2D\x5FPublic\x5FBug\x5FDisplay\x5Fhtml\x2D\x2Dticket\x2Dinfo\x2Dbasics\x2D\x2D\x2D\x2DVGhlIEJhc2ljcw\x5F\x5F\x2D\x2D\x2D0');" title="Toggle visibility"></a></span>
    <span class="left">The Basics</span>
    <span class="right-empty">		    </span>
  </div>
  <div class="titlebox-content " id="TitleBox--_Public_Bug_Display_html--ticket-info-basics----VGhlIEJhc2ljcw__---0">


        <table>
  <tr class="id">
    <td class="label">Id:</td>
    <td class="value">108873</td>
  </tr>
  <tr class="status">
    <td class="label">Status:</td>
    <td class="value">resolved</td>
  </tr>
  <tr class="priority">
    <td class="label">Priority:</td>
    <td class="value">0/
</td>
  </tr>
  <tr class="queue">
    <td class="label">Queue:</td>
    <td class="value"><a href="/Dist/Display.html?Queue=Test-Valgrind">Test-Valgrind</a>
</td>
  </tr>
</table>

        <hr class="clear" />
  </div>
</div>




</div>


    <div class="ticket-info-people">
  <div class="titlebox ticket-info-people " id="">
  <div class="titlebox-title">
    <span class="widget"><a href="#" onclick="return rollup('TitleBox\x2D\x2D\x5FPublic\x5FBug\x5FDisplay\x5Fhtml\x2D\x2Dticket\x2Dinfo\x2Dpeople\x2D\x2D\x2D\x2DUGVvcGxl\x2D\x2D\x2D0');" title="Toggle visibility"></a></span>
    <span class="left">People</span>
    <span class="right-empty">		    </span>
  </div>
  <div class="titlebox-content " id="TitleBox--_Public_Bug_Display_html--ticket-info-people----UGVvcGxl---0">


        <table>
  <tr>
    <td class="label">Owner:</td>
    <td class="value">Nobody in particular
    
    </td>
  </tr>
  <tr>
    <td class="labeltop">Requestors:</td>
    <td class="value">
paul [...] city-fan.org

<br />

</td>
  </tr>
  <tr>
    <td class="labeltop">Cc:</td>
    <td class="value">

</td>
  </tr>
  <tr>
    <td class="labeltop">AdminCc:</td>
    <td class="value">

</td>
  </tr>
</table>

        <hr class="clear" />
  </div>
</div>




</div>



  </td>
  <td valign="top" class="boxcontainer">
    
    <div class="ticket-info-cfs">
  <div class="titlebox ticket-info-cfs " id="">
  <div class="titlebox-title">
    <span class="widget"><a href="#" onclick="return rollup('TitleBox\x2D\x2D\x5FPublic\x5FBug\x5FDisplay\x5Fhtml\x2D\x2Dticket\x2Dinfo\x2Dcfs\x2D\x2D\x2D\x2DQnVnIEluZm9ybWF0aW9u\x2D\x2D\x2D0');" title="Toggle visibility"></a></span>
    <span class="left">Bug Information</span>
    <span class="right-empty">		    </span>
  </div>
  <div class="titlebox-content " id="TitleBox--_Public_Bug_Display_html--ticket-info-cfs----QnVnIEluZm9ybWF0aW9u---0">

 
        <table>
  <tr id="CF-1-ShowRow">
    <td class="label">Severity:</td>
    <td class="value">
Unimportant    </td>
  </tr>
  <tr id="CF-221816-ShowRow">
    <td class="label">Broken in:</td>
    <td class="value">
1.16    </td>
  </tr>
  <tr id="CF-221817-ShowRow">
    <td class="label">Fixed in:</td>
    <td class="value">
1.17    </td>
  </tr>
</table>


        <hr class="clear" />
  </div>
</div>




</div>


    <div class="ticket-info-attachments">
  <div class="titlebox ticket-info-attachments " id="">
  <div class="titlebox-title inverse">
    <span class="widget"><a href="#" onclick="return rollup('TitleBox\x2D\x2D\x5FPublic\x5FBug\x5FDisplay\x5Fhtml\x2D\x2Dticket\x2Dinfo\x2Dattachments\x2D\x2D\x2D\x2DQXR0YWNobWVudHM\x5F\x2D\x2D\x2D0');" title="Toggle visibility"></a></span>
    <span class="left">Attachments</span>
    <span class="right-empty">		    </span>
  </div>
  <div class="titlebox-content " id="TitleBox--_Public_Bug_Display_html--ticket-info-attachments----QXR0YWNobWVudHM_---0">




Test-Valgrind-1.17-old-Test::Builder.patch<br />
<ul>


<li><font size="-2">
<a href="/Ticket/Attachment/1558009/831529/Test-Valgrind-1.17-old-Test%3A%3ABuilder.patch">
Sun Nov 15 09:11:23 2015 (1.4k) by paul [...] city-fan.org
</a>
</font></li>
</ul>

    <hr class="clear" />
  </div>
</div>




</div>







  </td>
</tr>
</table>

    <hr class="clear" />
  </div>
</div>




</div>


<br />


<div class="history">
<div class="titlebox" id="">
  <div class="titlebox-title">
    <span class="widget"><a href="#" onclick="return rollup('TitleBox\x2D\x2D\x5FPublic\x5FBug\x5FDisplay\x5Fhtml\x2D\x2D\x2D\x2D\x2D\x2DSGlzdG9yeQ\x5F\x5F\x2D\x2D\x2D0');" title="Toggle visibility"></a></span>
    <span class="left">History</span>
    <span class="right">		<a href="#" data-direction="open" onclick="return toggle_all_folds(this, 'Show\x20all\x20quoted\x20text', 'Hide\x20all\x20quoted\x20text');">Show all quoted text</a> &mdash; <a href="/Public/Bug/Display.html?ShowHeaders=1;id=108873">Show full headers</a>    </span>
  </div>
  <div class="titlebox-content " id="TitleBox--_Public_Bug_Display_html------SGlzdG9yeQ__---0">


<div id="ticket-history">
<div class="ticket-transaction message Create odd">
<div class="ticket-transaction">
  <div class="metadata">
    <span class="type">
      <a name="txn-1557088" href="/Public/Bug/Display.html?id=108873#txn-1557088">#</a>      
    </span>
    <span class="date">Fri&nbsp;Nov&nbsp;13&nbsp;03:27:54&nbsp;2015</span>
    <span class="description">paul [...] city-fan.org -  Ticket created</span>
    <span class="time-taken"></span>    <span class="actions hidden"></span>
  </div>
    <div class="content">
      
<table>
  <tr>
    <td align="right" class="message-header-key">Subject:</td>
    <td class="message-header-value"> Tests fail due to &#34;Text file busy&#34;</td>
  </tr>
</table>
<div class="downloadattachment">
<a href="/Ticket/Attachment/1557088/831056/">Download &#40;untitled&#41;</a> / <a href="/Ticket/Attachment/WithHeaders/831056">with headers</a>
<br />
<span class="downloadcontenttype">text/plain 7.1k</span>
</div>
<div class="messagebody">
<div class="message-stanza plain-text-white-space">This is with 5.18.4 but I&#39;m seeing similar results with every perl I try:

$  make test
PERL_DL_NONLAZY=1 /usr/bin/perl &#34;-MExtUtils::Command::MM&#34; &#34;-MTest::Harness&#34; &#34;-e&#34; &#34;undef *Test::Harness::Switches; test_harness&#40;0, &#39;blib/lib&#39;, &#39;blib/arch&#39;&#41;&#34; t/*.t
# Testing Test::Valgrind 1.16, Perl 5.018004, /usr/bin/perl
t/00-load.t ................... ok
# Using valgrind 3.10.1 located at /usr/bin/valgrind
# Generating suppressions...
# Suppressions for this perl stored in /builddir/.perl/Test-Valgrind/suppressions/1.16/memcheck-3.10.1-64b3999cd637fdce2e2463e67092e2e9.supp
# Using suppressions from /builddir/.perl/Test-Valgrind/suppressions/1.16/memcheck-3.10.1-64b3999cd637fdce2e2463e67092e2e9.supp
# 1..1
# not ok 1 - dummy test in the child, should not interfere with the actual TAP stream
# 
# #   Failed test &#39;dummy test in the child, should not interfere with the actual TAP stream&#39;
# #   at t/10-good.t line 30.
# # Looks like you failed 1 test of 1.
t/10-good.t ................... ok
# Using valgrind 3.10.1 located at /usr/bin/valgrind
# Using suppressions from /builddir/.perl/Test-Valgrind/suppressions/1.16/memcheck-3.10.1-64b3999cd637fdce2e2463e67092e2e9.supp
# dummy run-time exception, should not cause the test to fail at t/12-good-run-exception.t line 20.
t/12-good-run-exception.t ..... ok
# Using valgrind 3.10.1 located at /usr/bin/valgrind
# Using suppressions from /builddir/.perl/Test-Valgrind/suppressions/1.16/memcheck-3.10.1-64b3999cd637fdce2e2463e67092e2e9.supp
# # leaking some bytes!
# The subsequent report was correctly caught:
#   10,000 bytes in 1 blocks are still reachable in loss record 10 of 10
#     malloc &#40;/usr/lib64/valgrind/vgpreload_memcheck-amd64-linux.so&#41; [?:?]
#     tv_leak &#40;/builddir/build/BUILD/Test-Valgrind-1.16/blib/arch/auto/Test/Valgrind/Valgrind.so&#41; [Valgrind.xs:34]
#     XS_Test__Valgrind_leak &#40;/builddir/build/BUILD/Test-Valgrind-1.16/blib/arch/auto/Test/Valgrind/Valgrind.so&#41; [Valgrind.xs:54]
#     Perl_pp_entersub &#40;/usr/lib64/libperl.so.5.18.4&#41; [?:?]
#     Perl_runops_standard &#40;/usr/lib64/libperl.so.5.18.4&#41; [?:?]
#     perl_run &#40;/usr/lib64/libperl.so.5.18.4&#41; [?:?]
#     ? &#40;/usr/bin/perl&#41; [?:?]
#     &#40;below main&#41; &#40;/usr/lib64/libc-2.20.so&#41; [?:?]
t/20-bad.t .................... ok
# Using IO::Handle 1.34
# Using IO::Select 1.21
# Using IPC::Open3 1.13
t/30-skip.t ................... ok
Can&#39;t exec &#34;/tmp/3kdi0uYEDF&#34;: Text file busy at /builddir/build/BUILD/Test-Valgrind-1.16/blib/lib/Test/Valgrind/Session.pm line 128.
Use of uninitialized value $ver in pattern match &#40;m//&#41; at /builddir/build/BUILD/Test-Valgrind-1.16/blib/lib/Test/Valgrind/Session.pm line 129.
Can&#39;t exec &#34;/tmp/c6X72bPcvc&#34;: Text file busy at /builddir/build/BUILD/Test-Valgrind-1.16/blib/lib/Test/Valgrind/Session.pm line 128.
Use of uninitialized value $ver in pattern match &#40;m//&#41; at /builddir/build/BUILD/Test-Valgrind-1.16/blib/lib/Test/Valgrind/Session.pm line 129.

#   Failed test &#39;new valgrind&#39;
#   at t/70-session.t line 48.
#          got: &#39;No appropriate valgrind executable could be found at /builddir/build/BUILD/Test-Valgrind-1.16/blib/lib/Test/Valgrind/Session.pm line 140.
#       Test::Valgrind::Session::new&#40;&#34;Test::Valgrind::Session&#34;, &#34;valgrind&#34;, &#34;/tmp/c6X72bPcvc&#34;, &#34;min_version&#34;, &#34;3.1.0&#34;&#41; called at t/70-session.t line 44
#       eval {...} called at t/70-session.t line 44
# &#39;
#     expected: &#39;&#39;

#   Failed test &#39;&#39;new valgrind isa Test::Valgrind::Session&#39; isa &#39;Test::Valgrind::Session&#39;&#39;
#   at t/70-session.t line 49.
#     &#39;new valgrind isa Test::Valgrind::Session&#39; isn&#39;t defined
Can&#39;t exec &#34;/tmp/3kdi0uYEDF&#34;: Text file busy at /builddir/build/BUILD/Test-Valgrind-1.16/blib/lib/Test/Valgrind/Session.pm line 128.
Use of uninitialized value $ver in pattern match &#40;m//&#41; at /builddir/build/BUILD/Test-Valgrind-1.16/blib/lib/Test/Valgrind/Session.pm line 129.
Can&#39;t exec &#34;/tmp/c6X72bPcvc&#34;: Text file busy at /builddir/build/BUILD/Test-Valgrind-1.16/blib/lib/Test/Valgrind/Session.pm line 128.
Use of uninitialized value $ver in pattern match &#40;m//&#41; at /builddir/build/BUILD/Test-Valgrind-1.16/blib/lib/Test/Valgrind/Session.pm line 129.

#   Failed test &#39;old and new valgrind&#39;
#   at t/70-session.t line 56.
#          got: &#39;No appropriate valgrind executable could be found at /builddir/build/BUILD/Test-Valgrind-1.16/blib/lib/Test/Valgrind/Session.pm line 140.
#       Test::Valgrind::Session::new&#40;&#34;Test::Valgrind::Session&#34;, &#34;search_dirs&#34;, ARRAY&#40;0x1c1cdc0&#41;, &#34;valgrind&#34;, ARRAY&#40;0x181f200&#41;, &#34;min_version&#34;, &#34;3.1.0&#34;&#41; called at t/70-session.t line 51
#       eval {...} called at t/70-session.t line 51
# &#39;
#     expected: &#39;&#39;

#   Failed test &#39;&#39;old and new valgrind isa Test::Valgrind::Session&#39; isa &#39;Test::Valgrind::Session&#39;&#39;
#   at t/70-session.t line 57.
#     &#39;old and new valgrind isa Test::Valgrind::Session&#39; isn&#39;t defined
# Looks like you failed 4 tests of 7.
t/70-session.t ................ 
Dubious, test returned 4 &#40;wstat 1024, 0x400&#41;
Failed 4/7 subtests 
t/71-session-command.t ........ ok
# The default suppression file contains 18 suppressions, of which 18 are not empty and 18 apply to perl
Can&#39;t exec &#34;/tmp/bfaqdt2206&#34;: Text file busy at /builddir/build/BUILD/Test-Valgrind-1.16/blib/lib/Test/Valgrind/Session.pm line 128.
Use of uninitialized value $ver in pattern match &#40;m//&#41; at /builddir/build/BUILD/Test-Valgrind-1.16/blib/lib/Test/Valgrind/Session.pm line 129.

#   Failed test &#39;incompatible suppression file&#39;
#   at t/80-suppressions.t line 130.
#                   &#39;No appropriate valgrind executable could be found at /builddir/build/BUILD/Test-Valgrind-1.16/blib/lib/Test/Valgrind/Session.pm line 140.
#       Test::Valgrind::Session::new&#40;&#34;Test::Valgrind::Session&#34;, &#34;valgrind&#34;, &#34;/tmp/bfaqdt2206&#34;, &#34;no_def_supp&#34;, 1, &#34;extra_supp&#34;, ARRAY&#40;0x1621400&#41;&#41; called at t/80-suppressions.t line 121
#       eval {...} called at t/80-suppressions.t line 121
# &#39;
#     doesn&#39;t match &#39;&#40;?^:No compatible suppressions available&#41;&#39;
Can&#39;t exec &#34;/tmp/bfaqdt2206&#34;: Text file busy at /builddir/build/BUILD/Test-Valgrind-1.16/blib/lib/Test/Valgrind/Session.pm line 128.
Use of uninitialized value $ver in pattern match &#40;m//&#41; at /builddir/build/BUILD/Test-Valgrind-1.16/blib/lib/Test/Valgrind/Session.pm line 129.

#   Failed test &#39;incompatible suppression file, but forced&#39;
#   at t/80-suppressions.t line 143.
#          got: &#39;No appropriate valgrind executable could be found at /builddir/build/BUILD/Test-Valgrind-1.16/blib/lib/Test/Valgrind/Session.pm line 140.
#       Test::Valgrind::Session::new&#40;&#34;Test::Valgrind::Session&#34;, &#34;valgrind&#34;, &#34;/tmp/bfaqdt2206&#34;, &#34;no_def_supp&#34;, 1, &#34;allow_no_supp&#34;, 1, &#34;extra_supp&#34;, ARRAY&#40;0x1621400&#41;, ...&#41; called at t/80-suppressions.t line 133
#       eval {...} called at t/80-suppressions.t line 133
# &#39;
#     expected: &#39;&#39;
# Looks like you failed 2 tests of 4.
t/80-suppressions.t ........... 
Dubious, test returned 2 &#40;wstat 512, 0x200&#41;
Failed 2/4 subtests 
t/81-suppressions-demangle.t .. ok

Test Summary Report
-------------------
t/70-session.t              &#40;Wstat: 1024 Tests: 7 Failed: 4&#41;
  Failed tests:  4-7
  Non-zero exit status: 4
t/80-suppressions.t         &#40;Wstat: 512 Tests: 4 Failed: 2&#41;
  Failed tests:  3-4
  Non-zero exit status: 2
Files=9, Tests=79,  9 wallclock secs &#40; 0.03 usr  0.00 sys +  8.66 cusr  0.20 csys =  8.89 CPU&#41;
Result: FAIL
Failed 2/9 test programs. 6/79 subtests failed.
Makefile:1070: recipe for target &#39;test_dynamic&#39; failed
make: *** [test_dynamic] Error 255
</div></div>
    </div>
</div>
</div>
<div class="ticket-transaction message Correspond even">
<div class="ticket-transaction">
  <div class="metadata">
    <span class="type">
      <a name="txn-1557323" href="/Public/Bug/Display.html?id=108873#txn-1557323">#</a>      
    </span>
    <span class="date">Fri&nbsp;Nov&nbsp;13&nbsp;11:37:45&nbsp;2015</span>
    <span class="description">paul [...] city-fan.org -  Correspondence added</span>
    <span class="time-taken"></span>    <span class="actions hidden"></span>
  </div>
    <div class="content">
      
<table>
  <tr>
    <td align="right" class="message-header-key">From:</td>
    <td class="message-header-value"> paul [...] city-fan.org</td>
  </tr>
</table>
<div class="downloadattachment">
<a href="/Ticket/Attachment/1557323/831170/">Download &#40;untitled&#41;</a> / <a href="/Ticket/Attachment/WithHeaders/831170">with headers</a>
<br />
<span class="downloadcontenttype">text/plain 452b</span>
</div>
<div class="messagebody">
<div class="message-stanza plain-text-white-space">1.17 resolves the Text File Busy issue but there are some compatibility issues with old set-ups:

1. Use of File::Temp-&gt;newdir in the test suite means that the test suite now requires File::Temp 0.19 or later.

2. Prior to version 0.87_01, Test::Builder would emit &#34;Skip&#34; in the TAP output rather than &#34;SKIP&#34; with the skip reason, so the test regexes would need to accept either in t/30-skip.t in order to still work with old Test::Builder versions.
</div></div>
    </div>
</div>
</div>
<div class="ticket-transaction message Correspond odd">
<div class="ticket-transaction">
  <div class="metadata">
    <span class="type">
      <a name="txn-1558009" href="/Public/Bug/Display.html?id=108873#txn-1558009">#</a>      
    </span>
    <span class="date">Sun&nbsp;Nov&nbsp;15&nbsp;09:11:23&nbsp;2015</span>
    <span class="description">paul [...] city-fan.org -  Correspondence added</span>
    <span class="time-taken"></span>    <span class="actions hidden"></span>
  </div>
    <div class="content">
      
<table>
  <tr>
    <td align="right" class="message-header-key">From:</td>
    <td class="message-header-value"> paul [...] city-fan.org</td>
  </tr>
</table>
<div class="messageattachments">
<div class="downloadattachment">
<a href="/Ticket/Attachment/1558009/831528/">Download &#40;untitled&#41;</a> / <a href="/Ticket/Attachment/WithHeaders/831528">with headers</a>
<br />
<span class="downloadcontenttype">text/plain 3.5k</span>
</div>
<div class="messagebody">
<div class="message-stanza plain-text-white-space">On Fri Nov 13 11:37:45 2015, paul@city-fan.org wrote:
<span
    class="message-stanza-folder closed"
    onclick="fold_message_stanza(this, 'Show\x20quoted\x20text', 'Hide\x20quoted\x20text');">Show quoted text</span><br /><div class="message-stanza closed">&gt; 1.17 resolves the Text File Busy issue but there are some
&gt; compatibility issues with old set-ups:
&gt; 
&gt; 1. Use of File::Temp-&gt;newdir in the test suite means that the test
&gt; suite now requires File::Temp 0.19 or later.
&gt; 
&gt; 2. Prior to version 0.87_01, Test::Builder would emit &#34;Skip&#34; in the
&gt; TAP output rather than &#34;SKIP&#34; with the skip reason, so the test
&gt; regexes would need to accept either in t/30-skip.t in order to still
&gt; work with old Test::Builder versions.
</div>
Attached patch fixes compatibility with old Test::Builder versions.

I&#39;m still seeing some warnings from File::Temp when running the tests on slightly older systems:

$ make test
PERL_DL_NONLAZY=1 /usr/bin/perl &#34;-MExtUtils::Command::MM&#34; &#34;-e&#34; &#34;test_harness&#40;0, &#39;blib/lib&#39;, &#39;blib/arch&#39;&#41;&#34; t/*.t
# Testing Test::Valgrind 1.17, Perl 5.016003, /usr/bin/perl
t/00-load.t ................... ok
# Using valgrind 3.8.1 located at /usr/bin/valgrind
# Generating suppressions...
# Suppressions for this perl stored in /builddir/.perl/Test-Valgrind/suppressions/1.17/memcheck-3.8.1-f1d9115d8e70359e11ca09409c393eaf.supp
# Using suppressions from /builddir/.perl/Test-Valgrind/suppressions/1.17/memcheck-3.8.1-f1d9115d8e70359e11ca09409c393eaf.supp
# 1..1
# not ok 1 - dummy test in the child, should not interfere with the actual TAP stream
# 
# #   Failed test &#39;dummy test in the child, should not interfere with the actual TAP stream&#39;
# #   at t/10-good.t line 30.
# # Looks like you failed 1 test of 1.
t/10-good.t ................... ok
# Using valgrind 3.8.1 located at /usr/bin/valgrind
# Using suppressions from /builddir/.perl/Test-Valgrind/suppressions/1.17/memcheck-3.8.1-f1d9115d8e70359e11ca09409c393eaf.supp
# dummy run-time exception, should not cause the test to fail at t/12-good-run-exception.t line 20.
t/12-good-run-exception.t ..... ok
# Using valgrind 3.8.1 located at /usr/bin/valgrind
# Using suppressions from /builddir/.perl/Test-Valgrind/suppressions/1.17/memcheck-3.8.1-f1d9115d8e70359e11ca09409c393eaf.supp
# # leaking some bytes!
# The subsequent report was correctly caught:
#   10,000 bytes in 1 blocks are still reachable in loss record 12 of 12
#     malloc &#40;/usr/lib64/valgrind/vgpreload_memcheck-amd64-linux.so&#41; [vg_replace_malloc.c:270]
#     tv_leak &#40;/builddir/build/BUILD/Test-Valgrind-1.17/blib/arch/auto/Test/Valgrind/Valgrind.so&#41; [Valgrind.xs:34]
#     XS_Test__Valgrind_leak &#40;/builddir/build/BUILD/Test-Valgrind-1.17/blib/arch/auto/Test/Valgrind/Valgrind.so&#41; [Valgrind.xs:54]
#     Perl_pp_entersub &#40;/usr/lib64/perl5/CORE/libperl.so&#41; [?:?]
#     Perl_runops_standard &#40;/usr/lib64/perl5/CORE/libperl.so&#41; [?:?]
#     perl_run &#40;/usr/lib64/perl5/CORE/libperl.so&#41; [?:?]
#     ? &#40;/usr/bin/perl&#41; [?:?]
#     &#40;below main&#41; &#40;/usr/lib64/libc-2.16.so&#41; [?:?]
t/20-bad.t .................... ok
# Using IO::Handle 1.33
# Using IO::Select 1.21
# Using IPC::Open3 1.12
t/30-skip.t ................... ok
tempfile&#40;&#41;: temporary filename requested but not opened.
Possibly unsafe, consider using tempfile&#40;&#41; with OPEN set to true
tempfile&#40;&#41;: temporary filename requested but not opened.
Possibly unsafe, consider using tempfile&#40;&#41; with OPEN set to true
t/70-session.t ................ ok
t/71-session-command.t ........ ok
# The default suppression file contains 20 suppressions, of which 20 are not empty and 20 apply to perl
tempfile&#40;&#41;: temporary filename requested but not opened.
Possibly unsafe, consider using tempfile&#40;&#41; with OPEN set to true
t/80-suppressions.t ........... ok
t/81-suppressions-demangle.t .. ok
All tests successful.
Files=9, Tests=79,  9 wallclock secs &#40; 0.03 usr  0.00 sys +  8.84 cusr  0.22 csys =  9.09 CPU&#41;
Result: PASS
</div></div>
<table>
  <tr>
    <td align="right" class="message-header-key">Subject:</td>
    <td class="message-header-value"> Test-Valgrind-1.17-old-Test::Builder.patch</td>
  </tr>
</table>
<div class="downloadattachment">
<a href="/Ticket/Attachment/1558009/831529/Test-Valgrind-1.17-old-Test%3A%3ABuilder.patch">Download Test-Valgrind-1.17-old-Test::Builder.patch</a><br />
<span class="downloadcontenttype">text/x-diff 1.4k</span>
</div>
<div class="messagebody">
<div class="message-stanza plain-text-white-space">Prior to version 0.87_01, Test::Builder would emit &#34;Skip&#34; in the TAP output rather than &#34;SKIP&#34; with the skip reason

--- t/30-skip.t
+++ t/30-skip.t
@@ -15,7 +15,7 @@ use Test::Valgrind::FakeValgrind;
 SKIP: {
  my &#40;$stat, $out, $err&#41; = capture_perl &#39;BEGIN { delete $ENV{PATH} } use Test::Valgrind; 1&#39;;
  skip CAPTURE_PERL_FAILED&#40;$out&#41; =&gt; 1 unless defined $stat;
- like $out, qr/^1..0 # SKIP Empty valgrind candidates list/,
+ like $out, qr/^1..0 # &#40;SKIP|Skip&#41; Empty valgrind candidates list/,
             &#39;correctly skip when no valgrind is available&#39;;
 }
 
@@ -31,7 +31,7 @@ SKIP: {
 
  my &#40;$stat, $out, $err&#41; = capture_perl &#34;BEGIN { \$ENV{PATH} = q[$tmp_dir] } use Test::Valgrind; 1&#34;;
  skip CAPTURE_PERL_FAILED&#40;$out&#41; =&gt; 1 unless defined $stat;
- like $out, qr/^1..0 # SKIP No appropriate valgrind executable could be found/,
+ like $out, qr/^1..0 # &#40;SKIP|Skip&#41; No appropriate valgrind executable could be found/,
             &#39;correctly skip when no good valgrind was found&#39;;
 }
 
@@ -47,7 +47,7 @@ SKIP: {
 
  my &#40;$stat, $out, $err&#41; = capture_perl &#34;BEGIN { \$ENV{PATH} = q[$tmp_dir] } use Test::Valgrind no_def_supp =&gt; 1, extra_supps =&gt; [ q[t/supp/no_perl] ]; 1&#34;;
  skip CAPTURE_PERL_FAILED&#40;$out&#41; =&gt; 1 unless defined $stat;
- like $out, qr/^1..0 # SKIP No compatible suppressions available/,
+ like $out, qr/^1..0 # &#40;SKIP|Skip&#41; No compatible suppressions available/,
             &#39;correctly skip when no compatible suppressions were available&#39;;
 }
 
</div></div>
</div>
    </div>
</div>
</div>
<div class="ticket-transaction message Correspond even">
<div class="ticket-transaction">
  <div class="metadata">
    <span class="type">
      <a name="txn-1558629" href="/Public/Bug/Display.html?id=108873#txn-1558629">#</a>      
    </span>
    <span class="date">Mon&nbsp;Nov&nbsp;16&nbsp;10:09:07&nbsp;2015</span>
    <span class="description">vpit [...] cpan.org -  Correspondence added</span>
    <span class="time-taken"></span>    <span class="actions hidden"></span>
  </div>
    <div class="content">
      
<div class="downloadattachment">
<a href="/Ticket/Attachment/1558629/831846/">Download &#40;untitled&#41;</a> / <a href="/Ticket/Attachment/WithHeaders/831846">with headers</a>
<br />
<span class="downloadcontenttype">text/plain 931b</span>
</div>
<div class="messagebody">
<div class="message-stanza plain-text-white-space">Le Dim 15 Nov 2015 09:11:23, paul@city-fan.org a écrit :
<span
    class="message-stanza-folder closed"
    onclick="fold_message_stanza(this, 'Show\x20quoted\x20text', 'Hide\x20quoted\x20text');">Show quoted text</span><br /><div class="message-stanza closed">&gt; On Fri Nov 13 11:37:45 2015, paul@city-fan.org wrote:
<div class="message-stanza open">&gt; &gt; 1.17 resolves the Text File Busy issue but there are some
&gt; &gt; compatibility issues with old set-ups:
&gt; &gt;
&gt; &gt; 1. Use of File::Temp-&gt;newdir in the test suite means that the test
&gt; &gt; suite now requires File::Temp 0.19 or later.
&gt; &gt;
&gt; &gt; 2. Prior to version 0.87_01, Test::Builder would emit &#34;Skip&#34; in the
&gt; &gt; TAP output rather than &#34;SKIP&#34; with the skip reason, so the test
&gt; &gt; regexes would need to accept either in t/30-skip.t in order to still
&gt; &gt; work with old Test::Builder versions.
</div></div>
Thanks for the heads up.

<span
    class="message-stanza-folder closed"
    onclick="fold_message_stanza(this, 'Show\x20quoted\x20text', 'Hide\x20quoted\x20text');">Show quoted text</span><br /><div class="message-stanza closed">&gt; 
&gt; I&#39;m still seeing some warnings from File::Temp when running the tests
&gt; on slightly older systems:
</div>
This was caused by old versions of Test::Harness, which used to run the tests with -w.


The original issue this ticket refers to has been fixed in version 1.17, and the test nits in version 1.18.
</div></div>
    </div>
</div>
</div>
<div class="ticket-transaction basics Status odd">
<div class="ticket-transaction">
  <div class="metadata">
    <span class="type">
      <a name="txn-1558630" href="/Public/Bug/Display.html?id=108873#txn-1558630">#</a>      
    </span>
    <span class="date">Mon&nbsp;Nov&nbsp;16&nbsp;10:09:08&nbsp;2015</span>
    <span class="description">The RT System itself -  Status changed from &#39;new&#39; to &#39;open&#39;</span>
    <span class="time-taken"></span>    <span class="actions hidden"></span>
  </div>
    <div class="content">
    </div>
</div>
</div>
<div class="ticket-transaction basics Status even">
<div class="ticket-transaction">
  <div class="metadata">
    <span class="type">
      <a name="txn-1558632" href="/Public/Bug/Display.html?id=108873#txn-1558632">#</a>      
    </span>
    <span class="date">Mon&nbsp;Nov&nbsp;16&nbsp;10:09:36&nbsp;2015</span>
    <span class="description">vpit [...] cpan.org -  Status changed from &#39;open&#39; to &#39;resolved&#39;</span>
    <span class="time-taken"></span>    <span class="actions hidden"></span>
  </div>
    <div class="content">
    </div>
</div>
</div>
<div class="ticket-transaction other CustomField odd">
<div class="ticket-transaction">
  <div class="metadata">
    <span class="type">
      <a name="txn-1558634" href="/Public/Bug/Display.html?id=108873#txn-1558634">#</a>      
    </span>
    <span class="date">Mon&nbsp;Nov&nbsp;16&nbsp;10:09:38&nbsp;2015</span>
    <span class="description">vpit [...] cpan.org -  Severity Unimportant added</span>
    <span class="time-taken"></span>    <span class="actions hidden"></span>
  </div>
    <div class="content">
    </div>
</div>
</div>
<div class="ticket-transaction other CustomField even">
<div class="ticket-transaction">
  <div class="metadata">
    <span class="type">
      <a name="txn-1558635" href="/Public/Bug/Display.html?id=108873#txn-1558635">#</a>      <a id="lasttrans" name="lasttrans"></a>
    </span>
    <span class="date">Mon&nbsp;Nov&nbsp;16&nbsp;10:09:39&nbsp;2015</span>
    <span class="description">vpit [...] cpan.org -  Fixed in 1.17 added</span>
    <span class="time-taken"></span>    <span class="actions hidden"></span>
  </div>
    <div class="content">
    </div>
</div>
</div>
</div>
    <hr class="clear" />
  </div>
</div>




</div>
 


  <hr class="clear" />
</div>
<p id="sponsors">
  This service is sponsored and maintained by
  <a href="http://bestpractical.com">Best Practical Solutions</a> and runs on
  <a href="http://noc.perl.org">Perl.org</a> infrastructure.
</p>

<p id="contact-info">
  Please report any issues with rt.cpan.org to <a href="mailto:rt-cpan-admin@bestpractical.com">rt-cpan-admin@bestpractical.com</a>.
</p>

<script>
  (function(i,s,o,g,r,a,m){i['GoogleAnalyticsObject']=r;i[r]=i[r]||function(){
  (i[r].q=i[r].q||[]).push(arguments)},i[r].l=1*new Date();a=s.createElement(o),
  m=s.getElementsByTagName(o)[0];a.async=1;a.src=g;m.parentNode.insertBefore(a,m)
  })(window,document,'script','//www.google-analytics.com/analytics.js','ga');

  ga('create', 'UA\x2D937849\x2D12');
  ga('send', 'pageview');
</script>

<div id="footer">
  <p id="time"><span>Time to display: 0.438594</span></p>
  <p id="bpscredits"><span>&#187;&#124;&#171; RT 4.0.18 Copyright 1996-2013 <a href="http://www.bestpractical.com?rt=4.0.18">Best Practical Solutions, LLC</a>.
</span></p>
</div>
  </body>
</html>
