<!DOCTYPE html>

<html lang="en">
  <head>
    <title>Bug #14774 for Test-Exception: Tests failing under Mac OS X 10.4.2</title>
    <meta http-equiv="X-UA-Compatible" content="IE=edge" />
    <!-- The X-UA-Compatible <meta> tag above must be very early in <head> -->

    <script>
if (window.top !== window.self) {
    document.write = "";

    window.top.location = window.self.location;

    setTimeout(function(){
        document.body.innerHTML = "";
    }, 1);

    window.self.onload = function(){
        document.body.innerHTML = "";
    };
}
</script>



<link rel="shortcut icon" href="/NoAuth/images/favicon.png" type="image/png" />
<link rel="stylesheet" href="/NoAuth/css/aileron-squished-00f758259152f8b6670ee485f462e6b8.css" type="text/css" media="all" />
<link rel="stylesheet" href="/NoAuth/css/print.css" type="text/css" media="print" />




<script type="text/javascript" src="/NoAuth/js/squished-42167f2409ce368da2d31038e5cb2a57.js"></script>

<script type="text/javascript"><!--
	jQuery( loadTitleBoxStates );

--></script>


<!--[if lt IE 8]>
<link rel="stylesheet" href="/NoAuth/css/aileron/msie.css" type="text/css" media="all" />
<![endif]-->
<!--[if lt IE 7]>
<link rel="stylesheet" href="/NoAuth/css/aileron/msie6.css" type="text/css" media="all" />
<![endif]-->
<script type="text/javascript">
jQuery(document).ready(function(){
    jQuery.fn.supersubs.defaults = {
        maxWidth: 30,
        extraWidth: 2
    };

    jQuery("#app-nav.toplevel").addClass('sf-menu sf-js-enabled sf-shadow').supersubs().superfish({ speed: 'fast' });
    jQuery("#page-menu.toplevel").addClass('sf-menu sf-js-enabled').supersubs().superfish({ dropShadows: false, speed: 'fast' }).supposition();
});
</script>


<!-- Site CSS from theme editor -->
<style type="text/css" media="all" id="sitecss">
</style>

<meta name="google-site-verification" content="kD3-uEJK1AkTqaC-rckcSt_HPkAj674DPPuEN6i-y0g" />

</head>
  <body class="aileron sidebyside" id="comp-Public-Bug-Display">

<div id="logo">
<a href="https://rt.cpan.org/"><img
    src="/NoAuth/images/cpan.png"
    alt="CPAN"
    width="181"
    height="38" /></a>
    <span class="rtname">RT for rt.cpan.org</span>
</div>


<div id="quickbar">
  <div id="quick-personal">
    <span class="hide"><a href="#skipnav">Skip Menu</a> | </span>
</div>

</div>
<div id="header"><h1>Bug #14774 for Test-Exception: Tests failing under Mac OS X 10.4.2</h1></div>


<div id="main-navigation"><ul id="app-nav" class="toplevel">
 <li id="li-search_dist"><a id="search_dist" class="menu-item " href="/Public/">Search Distributions</a></li>
 <li id="li-browse_dist"><a id="browse_dist" class="menu-item " href="/Public/Dist/Browse.html">Browse Distributions</a></li>
 <li id="li-about" class="has-children"><a id="about" class="menu-item " href="/NoAuth/RT/CPAN/About.html">About rt.cpan.org</a>
 <ul>
  <li id="li-about-usage"><a id="about-usage" class="menu-item " href="/NoAuth/RT/CPAN/Usage.html">How do Iâ€¦?</a></li>
  <li id="li-about-about"><a id="about-about" class="menu-item " href="/NoAuth/RT/CPAN/About.html">About</a></li>
 </ul>
 </li>
 <li id="li-preferences"><a id="preferences" class="menu-item ">Welcome <span class="current-user">anonymous guest</span>.</a></li>
 <li id="li-login"><a id="login" class="menu-item " href="/NoAuth/Logout.html">Login as another user</a></li>
</ul></div>
<div id="page-navigation"><ul id="page-menu" class="toplevel">
 <li id="li-page-active_bugs"><a id="page-active_bugs" class="menu-item " href="/Public/Dist/Display.html?Status=Active;Name=Test-Exception">Active bugs</a></li>
 <li id="li-page-resolved_bugs"><a id="page-resolved_bugs" class="menu-item " href="/Public/Dist/Display.html?Status=Resolved;Name=Test-Exception">Resolved bugs</a></li>
 <li id="li-page-rejected_bugs"><a id="page-rejected_bugs" class="menu-item " href="/Public/Dist/Display.html?Status=Rejected;Name=Test-Exception">Rejected bugs</a></li>
 <li id="li-page-report"><a id="page-report" class="menu-item " href="/Public/Bug/Report.html?Queue=Test-Exception">Report a new bug</a></li>
</ul></div>
<div id="topactions"><form action="/Public/Search/Simple.html" id="simple-search">
  <input size="12" name="q" accesskey="0" class="field" value="" placeholder="Search..." />
</form>

<form action="/Public/Bug/Report.html" name="CreateTicketInQueue" id="CreateTicketInQueue" >
<input type="submit" class="button" value="New ticket in" />&nbsp;<label accesskey="9">
  <input name="Queue" size="25" placeholder="Module or distribution" value="" class="select-queue" data-autocomplete="Queues" data-autocomplete-autosubmit=1 data-autocomplete-params="right=CreateTicket" />

</label>

</form>

</div>
<div id="body">
<div id="announcement" style="padding: 1em; margin: 1em; border: solid black 1px; background: #eee">
<a href="https://log.perl.org/2020/12/rtcpanorg-sunset.html">rt.cpan.org will be shut down on March 1st, 2021.</a>
</div>

<a name="skipnav" id="skipnav" accesskey="8"></a>




<div id="external_bugtracker">
<h3>Preferred bug tracker</h3>
<p>
<div>Please visit the <a href="https://github.com/Test-More/test-exception/issues">preferred bug tracker</a> to report your issue.</div>
</p>
</div>

<p>This queue is for tickets about the <a href="https://metacpan.org/release/Test-Exception">Test-Exception CPAN distribution</a>.</p>





<div class="">
  <div class="titlebox" id="">
  <div class="titlebox-title">
    <span class="widget"><a href="#" onclick="return rollup('TitleBox\x2D\x2D\x5FPublic\x5FBug\x5FDisplay\x5Fhtml\x2D\x2D\x2D\x2D\x2D\x2DUmVwb3J0IGluZm9ybWF0aW9u\x2D\x2D\x2D0');" title="Toggle visibility"></a></span>
    <span class="left">Report information</span>
    <span class="right-empty">		    </span>
  </div>
  <div class="titlebox-content " id="TitleBox--_Public_Bug_Display_html------UmVwb3J0IGluZm9ybWF0aW9u---0">


<table width="100%" class="ticket-summary">
<tr>
  <td valign="top" class="boxcontainer">
    <div class="ticket-info-basics">
  <div class="titlebox ticket-info-basics " id="">
  <div class="titlebox-title">
    <span class="widget"><a href="#" onclick="return rollup('TitleBox\x2D\x2D\x5FPublic\x5FBug\x5FDisplay\x5Fhtml\x2D\x2Dticket\x2Dinfo\x2Dbasics\x2D\x2D\x2D\x2DVGhlIEJhc2ljcw\x5F\x5F\x2D\x2D\x2D0');" title="Toggle visibility"></a></span>
    <span class="left">The Basics</span>
    <span class="right-empty">		    </span>
  </div>
  <div class="titlebox-content " id="TitleBox--_Public_Bug_Display_html--ticket-info-basics----VGhlIEJhc2ljcw__---0">


        <table>
  <tr class="id">
    <td class="label">Id:</td>
    <td class="value">14774</td>
  </tr>
  <tr class="status">
    <td class="label">Status:</td>
    <td class="value">resolved</td>
  </tr>
  <tr class="priority">
    <td class="label">Priority:</td>
    <td class="value">0/
</td>
  </tr>
  <tr class="queue">
    <td class="label">Queue:</td>
    <td class="value"><a href="/Dist/Display.html?Queue=Test-Exception">Test-Exception</a>
</td>
  </tr>
</table>

        <hr class="clear" />
  </div>
</div>




</div>


    <div class="ticket-info-people">
  <div class="titlebox ticket-info-people " id="">
  <div class="titlebox-title">
    <span class="widget"><a href="#" onclick="return rollup('TitleBox\x2D\x2D\x5FPublic\x5FBug\x5FDisplay\x5Fhtml\x2D\x2Dticket\x2Dinfo\x2Dpeople\x2D\x2D\x2D\x2DUGVvcGxl\x2D\x2D\x2D0');" title="Toggle visibility"></a></span>
    <span class="left">People</span>
    <span class="right-empty">		    </span>
  </div>
  <div class="titlebox-content " id="TitleBox--_Public_Bug_Display_html--ticket-info-people----UGVvcGxl---0">


        <table>
  <tr>
    <td class="label">Owner:</td>
    <td class="value">Nobody in particular
    
    </td>
  </tr>
  <tr>
    <td class="labeltop">Requestors:</td>
    <td class="value">
paul.mccann [...] adelaide.edu.au

<br />

</td>
  </tr>
  <tr>
    <td class="labeltop">Cc:</td>
    <td class="value">

</td>
  </tr>
  <tr>
    <td class="labeltop">AdminCc:</td>
    <td class="value">

</td>
  </tr>
</table>

        <hr class="clear" />
  </div>
</div>




</div>



  </td>
  <td valign="top" class="boxcontainer">
    
    <div class="ticket-info-cfs">
  <div class="titlebox ticket-info-cfs " id="">
  <div class="titlebox-title">
    <span class="widget"><a href="#" onclick="return rollup('TitleBox\x2D\x2D\x5FPublic\x5FBug\x5FDisplay\x5Fhtml\x2D\x2Dticket\x2Dinfo\x2Dcfs\x2D\x2D\x2D\x2DQnVnIEluZm9ybWF0aW9u\x2D\x2D\x2D0');" title="Toggle visibility"></a></span>
    <span class="left">Bug Information</span>
    <span class="right-empty">		    </span>
  </div>
  <div class="titlebox-content " id="TitleBox--_Public_Bug_Display_html--ticket-info-cfs----QnVnIEluZm9ybWF0aW9u---0">

 
        <table>
  <tr id="CF-1-ShowRow">
    <td class="label">Severity:</td>
    <td class="value">
<i>(no value)</i>
    </td>
  </tr>
  <tr id="CF-31394-ShowRow">
    <td class="label">Broken in:</td>
    <td class="value">
0.21    </td>
  </tr>
  <tr id="CF-31395-ShowRow">
    <td class="label">Fixed in:</td>
    <td class="value">
0.22    </td>
  </tr>
</table>


        <hr class="clear" />
  </div>
</div>




</div>


    




  </td>
</tr>
</table>

    <hr class="clear" />
  </div>
</div>




</div>


<br />


<div class="history">
<div class="titlebox" id="">
  <div class="titlebox-title">
    <span class="widget"><a href="#" onclick="return rollup('TitleBox\x2D\x2D\x5FPublic\x5FBug\x5FDisplay\x5Fhtml\x2D\x2D\x2D\x2D\x2D\x2DSGlzdG9yeQ\x5F\x5F\x2D\x2D\x2D0');" title="Toggle visibility"></a></span>
    <span class="left">History</span>
    <span class="right">		<a href="#" data-direction="open" onclick="return toggle_all_folds(this, 'Show\x20all\x20quoted\x20text', 'Hide\x20all\x20quoted\x20text');">Show all quoted text</a> &mdash; <a href="/Public/Bug/Display.html?ShowHeaders=1;id=14774">Show full headers</a>    </span>
  </div>
  <div class="titlebox-content " id="TitleBox--_Public_Bug_Display_html------SGlzdG9yeQ__---0">


<div id="ticket-history">
<div class="ticket-transaction message Create odd">
<div class="ticket-transaction">
  <div class="metadata">
    <span class="type">
      <a name="txn-143539" href="/Public/Bug/Display.html?id=14774#txn-143539">#</a>      
    </span>
    <span class="date">Tue&nbsp;Sep&nbsp;27&nbsp;04:16:01&nbsp;2005</span>
    <span class="description">Guest -  Ticket created</span>
    <span class="time-taken"></span>    <span class="actions hidden"></span>
  </div>
    <div class="content">
      
<table>
  <tr>
    <td align="right" class="message-header-key">Subject:</td>
    <td class="message-header-value"> Tests failing under Mac OS X 10.4.2</td>
  </tr>
</table>
<div class="downloadattachment">
<a href="/Ticket/Attachment/143539/40623/">Download &#40;untitled&#41;</a> / <a href="/Ticket/Attachment/WithHeaders/40623">with headers</a>
<br />
<span class="downloadcontenttype">text/plain 6.9k</span>
</div>
<div class="messagebody">
<div class="message-stanza plain-text-white-space">Hi,

the &#34;make test&#34; for Test::Exception version 0.21 is breaking rather badly in Mac OS X 10.4.2. &#34;perl -v&#34; gives

This is perl, v5.8.6 built for darwin-thread-multi-2level
&#40;with 2 registered patches, see perl -V for more detail&#41;

and the two registered patches are

        23953 - fix for File::Path::rmtree CAN-2004-0452 security issue
        33990 - fix for setuid perl security issues

The output from &#34;make test&#34; is included below &#40;with apologies for the length&#41;. 

Thanks for your time: I&#39;d be more than happy to provide more info or to try out any remedies.

Paul
==============================
% make test        
PERL_DL_NONLAZY=1 /usr/bin/perl &#34;-MExtUtils::Command::MM&#34; &#34;-e&#34; &#34;test_harness&#40;0, &#39;blib/lib&#39;, &#39;blib/arch&#39;&#41;&#34; t/*.t
t/01basic........
#   Failed test &#39;testing failing&#39;
#   in t/01basic.t at line 29.
# STDERR is:
# #   Failed test &#39;should fail&#39;
# #   in t/01basic.t at line 28.
# #          got: &#39;foo&#39;
# #     expected: &#39;bar&#39;
# 
# not:
# #     Failed test &#40;t/01basic.t at line 28&#41;
# #          got: &#39;foo&#39;
# #     expected: &#39;bar&#39;
# 
# as expected
t/01basic........FAILED test 6                                               
        Failed 1/6 tests, 83.33% okay
t/02fhrestore....ok                                                          
t/03die..........ok                                                          
t/04line_num.....ok                                                          
t/05faildiag.....NOK 1                                                       
#   Failed test &#39;test fail&#39;
#   in t/05faildiag.t at line 17.
# STDERR is:
# #   Failed test &#39;one&#39;
# #   in t/05faildiag.t at line 10.
# #   Failed test &#39;two&#39;
# #   in t/05faildiag.t at line 15.
# 
# not:
# #     Failed test &#40;t/05faildiag.t at line 10&#41;
# #     Failed test &#40;t/05faildiag.t at line 15&#41;
# 
# as expected
t/05faildiag.....NOK 2                                                       
#   Failed test &#39;test_fail first&#39;
#   in t/05faildiag.t at line 22.
# STDERR is:
# #   Failed test &#39;one&#39;
# #   in t/05faildiag.t at line 21.
# 
# not:
# #     Failed test &#40;t/05faildiag.t at line 21&#41;
# 
# as expected
t/05faildiag.....FAILED tests 1-2                                            
        Failed 2/5 tests, 60.00% okay
t/06errormess....NOK 4                                                       
#   Failed test &#39;STDERR basic meta meta test 2&#39;
#   in t/06errormess.t at line 108.
# HEY THERE, I GOT &#39;#+++Failed+test+&#39;foo&#39;
# #+++in+t/06errormess.t+at+line+107.
# &#39; not &#39;#+++++Failed+test+&#40;t/06errormess.t+at+line+107&#41;
# &#39;
t/06errormess....NOK 7                                                       
#   Failed test &#39;STDOUT meta meta test with tbt2 &#39;
#   in t/06errormess.t at line 123.
#          got: &#39;ok 1 - bar
# &#39;
#     expected: &#39;not ok 1 - bar
# &#39;
t/06errormess....NOK 8                                                       
#   Failed test &#39;STDERR meta meta test with tbt2 &#39;
#   in t/06errormess.t at line 123.
# HEY THERE, I GOT &#39;#+++Failed+test+&#39;bar&#39;
# #+++in+t/06errormess.t+at+line+122.
# #+STDERR+is:
# #+#+++Failed+test+&#39;foo&#39;
# #+#+++in+t/06errormess.t+at+line+121.
# #+
# #+not:
# #+#+++++Failed+test+&#40;t/06errormess.t+at+line+121&#41;
# #+
# #+as+expected
# &#39; not &#39;&#39;
t/06errormess....NOK 10                                                      
#   Failed test &#39;STDERR meta test b&#38;w&#39;
#   in t/06errormess.t at line 169.
# HEY THERE, I GOT &#39;#+++Failed+test+&#39;bar&#39;
# #+++in+t/06errormess.t+at+line+165.
# #+STDERR+is:
# #+#+++Failed+test+&#39;foo&#39;
# #+#+++in+t/06errormess.t+at+line+161.
# #+#++++++++++got:+&#39;php&#39;
# #+#+++++expected:+&#39;Perl&#39;
# #+
# #+not:
# #+#+++++Failed+test+&#40;t/06errormess.t+at+line+161&#41;
# #+#++++++++++got:+&#39;php&#39;
# #+#+++++expected:+&#39;perl&#39;
# #+
# #+as+expected
# &#39; not &#39;#+++++Failed+test+&#40;t/06errormess.t+at+line+165&#41;
# #+STDERR+is:
# #+#+++++Failed+test+&#40;t/06errormess.t+at+line+161&#41;
# #+#++++++++++got:+&#39;php&#39;
# #+#+++++expected:+&#39;Perl&#39;
# #+
# #+not:
# #+#+++++Failed+test+&#40;t/06errormess.t+at+line+161&#41;
# #+#++++++++++got:+&#39;php&#39;
# #+#+++++expected:+&#39;perl&#39;
# #+
# #+as+expected
# &#39;
t/06errormess....NOK 12                                                      
#   Failed test &#39;STDERR meta test color&#39;
#   in t/06errormess.t at line 217.
# HEY THERE, I GOT &#39;#+++Failed+test+&#39;bar&#39;
# #+++in+t/06errormess.t+at+line+213.
# #+STDERR+is:
# #+#+++Failed+test+&#39;foo&#39;
# #+#+++in+t/06errormess.t+at+line+209.
# #+#++++++++++got:+&#39;php&#39;
# #+#+++++expected:+&#39;Perl&#39;
# #+
# #+not:
# #+#+++++Failed+test+&#40;t/06errormess.t+at+line+209&#41;
# #+#++++++++++got:+&#39;php&#39;
# #+#+++++expected:+&#39;perl&#39;
# #+
# #+as+expected
# &#39; not &#39;#+++++Failed+test+&#40;t/06errormess.t+at+line+213&#41;
# #+STDERR+is:
# #+#+++++Failed+test+&#40;t/06errormess.t+at+line+209&#41;
# #+#++++++++++got:+&#39;php&#39;
# #+#+++++expected:+&#39;Perl&#39;
# #+
# #+not:
# #+#+++++Failed+test+&#40;t/06errormess.t+at+line+209&#41;
# #+#++++++++++got:+&#39;php&#39;
# #+#+++++expected:+&#39;perl&#39;
# #+
# #+as+expected
# &#39;
t/06errormess....FAILED tests 4, 7-8, 10, 12                                 
        Failed 5/12 tests, 58.33% okay
t/07args.........NOK 4                                                       
#   Failed test &#39;STDERR basic meta meta test 2&#39;
#   in t/07args.t at line 108.
# HEY THERE, I GOT &#39;#+++Failed+test+&#39;foo&#39;
# #+++in+t/07args.t+at+line+107.
# &#39; not &#39;#+++++Failed+test+&#40;t/07args.t+at+line+107&#41;
# &#39;
t/07args.........NOK 7                                                       
#   Failed test &#39;STDOUT meta meta test with tbt2 &#39;
#   in t/07args.t at line 123.
#          got: &#39;ok 1 - bar
# &#39;
#     expected: &#39;not ok 1 - bar
# &#39;
t/07args.........NOK 8                                                       
#   Failed test &#39;STDERR meta meta test with tbt2 &#39;
#   in t/07args.t at line 123.
# HEY THERE, I GOT &#39;#+++Failed+test+&#39;bar&#39;
# #+++in+t/07args.t+at+line+122.
# #+STDERR+is:
# #+#+++Failed+test+&#39;foo&#39;
# #+#+++in+t/07args.t+at+line+121.
# #+
# #+not:
# #+#+++++Failed+test+&#40;t/07args.t+at+line+121&#41;
# #+
# #+as+expected
# &#39; not &#39;&#39;
t/07args.........NOK 15                                                      
#   Failed test &#39;STDOUT meta test skip_out&#39;
#   in t/07args.t at line 198.
#          got: &#39;ok 1 - bar
# &#39;
#     expected: &#39;not ok 1 - bar
# &#39;
t/07args.........NOK 16                                                      
#   Failed test &#39;STDERR meta test skip_out&#39;
#   in t/07args.t at line 198.
# HEY THERE, I GOT &#39;#+++Failed+test+&#39;bar&#39;
# #+++in+t/07args.t+at+line+195.
# #+STDERR+is:
# #+#+++Failed+test+&#39;foo&#39;
# #+#+++in+t/07args.t+at+line+192.
# #+
# #+not:
# #+#+++++Failed+test+&#40;t/07args.t+at+line+192&#41;
# #+
# #+as+expected
# &#39; not &#39;&#39;
t/07args.........FAILED tests 4, 7-8, 15-16                                  
        Failed 5/18 tests, 72.22% okay
Failed Test     Stat Wstat Total Fail  Failed  List of Failed
-------------------------------------------------------------------------------
t/01basic.t                    6    1  16.67%  6
t/05faildiag.t                 5    2  40.00%  1-2
t/06errormess.t               12    5  41.67%  4 7-8 10 12
t/07args.t                    18    5  27.78%  4 7-8 15-16
Failed 4/7 test scripts, 42.86% okay. 13/49 subtests failed, 73.47% okay.
make: *** [test_dynamic] Error 2
</div></div>
    </div>
</div>
</div>
<div class="ticket-transaction message Correspond even">
<div class="ticket-transaction">
  <div class="metadata">
    <span class="type">
      <a name="txn-143540" href="/Public/Bug/Display.html?id=14774#txn-143540">#</a>      
    </span>
    <span class="date">Tue&nbsp;Sep&nbsp;27&nbsp;04:22:39&nbsp;2005</span>
    <span class="description">ADIE [...] cpan.org -  Correspondence added</span>
    <span class="time-taken"></span>    <span class="actions hidden"></span>
  </div>
    <div class="content">
      
<div class="downloadattachment">
<a href="/Ticket/Attachment/143540/40624/">Download &#40;untitled&#41;</a> / <a href="/Ticket/Attachment/WithHeaders/40624">with headers</a>
<br />
<span class="downloadcontenttype">text/plain 6.5k</span>
</div>
<div class="messagebody">
<div class="message-stanza plain-text-white-space">Yup :-&#41; It&#39;s the new output format of Test::Builder. I should get a patch done this week.

Adrian


[guest - Tue Sep 27 04:16:01 2005]:

<span
    class="message-stanza-folder closed"
    onclick="fold_message_stanza(this, 'Show\x20quoted\x20text', 'Hide\x20quoted\x20text');">Show quoted text</span><br /><div class="message-stanza closed">&gt; Hi,
&gt; 
&gt; the &#34;make test&#34; for Test::Exception version 0.21 is breaking rather
&gt; badly in Mac OS X 10.4.2. &#34;perl -v&#34; gives
&gt; 
&gt; This is perl, v5.8.6 built for darwin-thread-multi-2level
&gt; &#40;with 2 registered patches, see perl -V for more detail&#41;
&gt; 
&gt; and the two registered patches are
&gt; 
&gt;         23953 - fix for File::Path::rmtree CAN-2004-0452 security
&gt; issue
&gt;         33990 - fix for setuid perl security issues
&gt; 
&gt; The output from &#34;make test&#34; is included below &#40;with apologies for the
&gt; length&#41;.
&gt; 
&gt; Thanks for your time: I&#39;d be more than happy to provide more info or
&gt; to try out any remedies.
&gt; 
&gt; Paul
&gt; ==============================
&gt; % make test
&gt; PERL_DL_NONLAZY=1 /usr/bin/perl &#34;-MExtUtils::Command::MM&#34; &#34;-e&#34;
&gt; &#34;test_harness&#40;0, &#39;blib/lib&#39;, &#39;blib/arch&#39;&#41;&#34; t/*.t
&gt; t/01basic........
&gt; #   Failed test &#39;testing failing&#39;
&gt; #   in t/01basic.t at line 29.
&gt; # STDERR is:
&gt; # #   Failed test &#39;should fail&#39;
&gt; # #   in t/01basic.t at line 28.
&gt; # #          got: &#39;foo&#39;
&gt; # #     expected: &#39;bar&#39;
&gt; #
&gt; # not:
&gt; # #     Failed test &#40;t/01basic.t at line 28&#41;
&gt; # #          got: &#39;foo&#39;
&gt; # #     expected: &#39;bar&#39;
&gt; #
&gt; # as expected
&gt; t/01basic........FAILED test 6
&gt;         Failed 1/6 tests, 83.33% okay
&gt; t/02fhrestore....ok
&gt; t/03die..........ok
&gt; t/04line_num.....ok
&gt; t/05faildiag.....NOK 1
&gt; #   Failed test &#39;test fail&#39;
&gt; #   in t/05faildiag.t at line 17.
&gt; # STDERR is:
&gt; # #   Failed test &#39;one&#39;
&gt; # #   in t/05faildiag.t at line 10.
&gt; # #   Failed test &#39;two&#39;
&gt; # #   in t/05faildiag.t at line 15.
&gt; #
&gt; # not:
&gt; # #     Failed test &#40;t/05faildiag.t at line 10&#41;
&gt; # #     Failed test &#40;t/05faildiag.t at line 15&#41;
&gt; #
&gt; # as expected
&gt; t/05faildiag.....NOK 2
&gt; #   Failed test &#39;test_fail first&#39;
&gt; #   in t/05faildiag.t at line 22.
&gt; # STDERR is:
&gt; # #   Failed test &#39;one&#39;
&gt; # #   in t/05faildiag.t at line 21.
&gt; #
&gt; # not:
&gt; # #     Failed test &#40;t/05faildiag.t at line 21&#41;
&gt; #
&gt; # as expected
&gt; t/05faildiag.....FAILED tests 1-2
&gt;         Failed 2/5 tests, 60.00% okay
&gt; t/06errormess....NOK 4
&gt; #   Failed test &#39;STDERR basic meta meta test 2&#39;
&gt; #   in t/06errormess.t at line 108.
&gt; # HEY THERE, I GOT &#39;#+++Failed+test+&#39;foo&#39;
&gt; # #+++in+t/06errormess.t+at+line+107.
&gt; # &#39; not &#39;#+++++Failed+test+&#40;t/06errormess.t+at+line+107&#41;
&gt; # &#39;
&gt; t/06errormess....NOK 7
&gt; #   Failed test &#39;STDOUT meta meta test with tbt2 &#39;
&gt; #   in t/06errormess.t at line 123.
&gt; #          got: &#39;ok 1 - bar
&gt; # &#39;
&gt; #     expected: &#39;not ok 1 - bar
&gt; # &#39;
&gt; t/06errormess....NOK 8
&gt; #   Failed test &#39;STDERR meta meta test with tbt2 &#39;
&gt; #   in t/06errormess.t at line 123.
&gt; # HEY THERE, I GOT &#39;#+++Failed+test+&#39;bar&#39;
&gt; # #+++in+t/06errormess.t+at+line+122.
&gt; # #+STDERR+is:
&gt; # #+#+++Failed+test+&#39;foo&#39;
&gt; # #+#+++in+t/06errormess.t+at+line+121.
&gt; # #+
&gt; # #+not:
&gt; # #+#+++++Failed+test+&#40;t/06errormess.t+at+line+121&#41;
&gt; # #+
&gt; # #+as+expected
&gt; # &#39; not &#39;&#39;
&gt; t/06errormess....NOK 10
&gt; #   Failed test &#39;STDERR meta test b&#38;w&#39;
&gt; #   in t/06errormess.t at line 169.
&gt; # HEY THERE, I GOT &#39;#+++Failed+test+&#39;bar&#39;
&gt; # #+++in+t/06errormess.t+at+line+165.
&gt; # #+STDERR+is:
&gt; # #+#+++Failed+test+&#39;foo&#39;
&gt; # #+#+++in+t/06errormess.t+at+line+161.
&gt; # #+#++++++++++got:+&#39;php&#39;
&gt; # #+#+++++expected:+&#39;Perl&#39;
&gt; # #+
&gt; # #+not:
&gt; # #+#+++++Failed+test+&#40;t/06errormess.t+at+line+161&#41;
&gt; # #+#++++++++++got:+&#39;php&#39;
&gt; # #+#+++++expected:+&#39;perl&#39;
&gt; # #+
&gt; # #+as+expected
&gt; # &#39; not &#39;#+++++Failed+test+&#40;t/06errormess.t+at+line+165&#41;
&gt; # #+STDERR+is:
&gt; # #+#+++++Failed+test+&#40;t/06errormess.t+at+line+161&#41;
&gt; # #+#++++++++++got:+&#39;php&#39;
&gt; # #+#+++++expected:+&#39;Perl&#39;
&gt; # #+
&gt; # #+not:
&gt; # #+#+++++Failed+test+&#40;t/06errormess.t+at+line+161&#41;
&gt; # #+#++++++++++got:+&#39;php&#39;
&gt; # #+#+++++expected:+&#39;perl&#39;
&gt; # #+
&gt; # #+as+expected
&gt; # &#39;
&gt; t/06errormess....NOK 12
&gt; #   Failed test &#39;STDERR meta test color&#39;
&gt; #   in t/06errormess.t at line 217.
&gt; # HEY THERE, I GOT &#39;#+++Failed+test+&#39;bar&#39;
&gt; # #+++in+t/06errormess.t+at+line+213.
&gt; # #+STDERR+is:
&gt; # #+#+++Failed+test+&#39;foo&#39;
&gt; # #+#+++in+t/06errormess.t+at+line+209.
&gt; # #+#++++++++++got:+&#39;php&#39;
&gt; # #+#+++++expected:+&#39;Perl&#39;
&gt; # #+
&gt; # #+not:
&gt; # #+#+++++Failed+test+&#40;t/06errormess.t+at+line+209&#41;
&gt; # #+#++++++++++got:+&#39;php&#39;
&gt; # #+#+++++expected:+&#39;perl&#39;
&gt; # #+
&gt; # #+as+expected
&gt; # &#39; not &#39;#+++++Failed+test+&#40;t/06errormess.t+at+line+213&#41;
&gt; # #+STDERR+is:
&gt; # #+#+++++Failed+test+&#40;t/06errormess.t+at+line+209&#41;
&gt; # #+#++++++++++got:+&#39;php&#39;
&gt; # #+#+++++expected:+&#39;Perl&#39;
&gt; # #+
&gt; # #+not:
&gt; # #+#+++++Failed+test+&#40;t/06errormess.t+at+line+209&#41;
&gt; # #+#++++++++++got:+&#39;php&#39;
&gt; # #+#+++++expected:+&#39;perl&#39;
&gt; # #+
&gt; # #+as+expected
&gt; # &#39;
&gt; t/06errormess....FAILED tests 4, 7-8, 10, 12
&gt;         Failed 5/12 tests, 58.33% okay
&gt; t/07args.........NOK 4
&gt; #   Failed test &#39;STDERR basic meta meta test 2&#39;
&gt; #   in t/07args.t at line 108.
&gt; # HEY THERE, I GOT &#39;#+++Failed+test+&#39;foo&#39;
&gt; # #+++in+t/07args.t+at+line+107.
&gt; # &#39; not &#39;#+++++Failed+test+&#40;t/07args.t+at+line+107&#41;
&gt; # &#39;
&gt; t/07args.........NOK 7
&gt; #   Failed test &#39;STDOUT meta meta test with tbt2 &#39;
&gt; #   in t/07args.t at line 123.
&gt; #          got: &#39;ok 1 - bar
&gt; # &#39;
&gt; #     expected: &#39;not ok 1 - bar
&gt; # &#39;
&gt; t/07args.........NOK 8
&gt; #   Failed test &#39;STDERR meta meta test with tbt2 &#39;
&gt; #   in t/07args.t at line 123.
&gt; # HEY THERE, I GOT &#39;#+++Failed+test+&#39;bar&#39;
&gt; # #+++in+t/07args.t+at+line+122.
&gt; # #+STDERR+is:
&gt; # #+#+++Failed+test+&#39;foo&#39;
&gt; # #+#+++in+t/07args.t+at+line+121.
&gt; # #+
&gt; # #+not:
&gt; # #+#+++++Failed+test+&#40;t/07args.t+at+line+121&#41;
&gt; # #+
&gt; # #+as+expected
&gt; # &#39; not &#39;&#39;
&gt; t/07args.........NOK 15
&gt; #   Failed test &#39;STDOUT meta test skip_out&#39;
&gt; #   in t/07args.t at line 198.
&gt; #          got: &#39;ok 1 - bar
&gt; # &#39;
&gt; #     expected: &#39;not ok 1 - bar
&gt; # &#39;
&gt; t/07args.........NOK 16
&gt; #   Failed test &#39;STDERR meta test skip_out&#39;
&gt; #   in t/07args.t at line 198.
&gt; # HEY THERE, I GOT &#39;#+++Failed+test+&#39;bar&#39;
&gt; # #+++in+t/07args.t+at+line+195.
&gt; # #+STDERR+is:
&gt; # #+#+++Failed+test+&#39;foo&#39;
&gt; # #+#+++in+t/07args.t+at+line+192.
&gt; # #+
&gt; # #+not:
&gt; # #+#+++++Failed+test+&#40;t/07args.t+at+line+192&#41;
&gt; # #+
&gt; # #+as+expected
&gt; # &#39; not &#39;&#39;
&gt; t/07args.........FAILED tests 4, 7-8, 15-16
&gt;         Failed 5/18 tests, 72.22% okay
&gt; Failed Test     Stat Wstat Total Fail  Failed  List of Failed
&gt; 
</div>------------------------------------------------------------------------------
-
<span
    class="message-stanza-folder closed"
    onclick="fold_message_stanza(this, 'Show\x20quoted\x20text', 'Hide\x20quoted\x20text');">Show quoted text</span><br /><div class="message-stanza closed">&gt; t/01basic.t                    6    1  16.67%  6
&gt; t/05faildiag.t                 5    2  40.00%  1-2
&gt; t/06errormess.t               12    5  41.67%  4 7-8 10 12
&gt; t/07args.t                    18    5  27.78%  4 7-8 15-16
&gt; Failed 4/7 test scripts, 42.86% okay. 13/49 subtests failed, 73.47%
&gt; okay.
&gt; make: *** [test_dynamic] Error 2
</div></div></div>
    </div>
</div>
</div>
<div class="ticket-transaction basics Status odd">
<div class="ticket-transaction">
  <div class="metadata">
    <span class="type">
      <a name="txn-143542" href="/Public/Bug/Display.html?id=14774#txn-143542">#</a>      
    </span>
    <span class="date">Thu&nbsp;Oct&nbsp;06&nbsp;03:59:29&nbsp;2005</span>
    <span class="description">ADIE [...] cpan.org -  Status changed from &#39;new&#39; to &#39;open&#39;</span>
    <span class="time-taken"></span>    <span class="actions hidden"></span>
  </div>
    <div class="content">
    </div>
</div>
</div>
<div class="ticket-transaction basics Status even">
<div class="ticket-transaction">
  <div class="metadata">
    <span class="type">
      <a name="txn-237365" href="/Public/Bug/Display.html?id=14774#txn-237365">#</a>      
    </span>
    <span class="date">Sat&nbsp;Sep&nbsp;02&nbsp;18:57:34&nbsp;2006</span>
    <span class="description">ADIE [...] cpan.org -  Status changed from &#39;open&#39; to &#39;resolved&#39;</span>
    <span class="time-taken"></span>    <span class="actions hidden"></span>
  </div>
    <div class="content">
    </div>
</div>
</div>
<div class="ticket-transaction other CustomField odd">
<div class="ticket-transaction">
  <div class="metadata">
    <span class="type">
      <a name="txn-237367" href="/Public/Bug/Display.html?id=14774#txn-237367">#</a>      <a id="lasttrans" name="lasttrans"></a>
    </span>
    <span class="date">Sat&nbsp;Sep&nbsp;02&nbsp;18:57:34&nbsp;2006</span>
    <span class="description">ADIE [...] cpan.org -  Fixed in 0.22 added</span>
    <span class="time-taken"></span>    <span class="actions hidden"></span>
  </div>
    <div class="content">
    </div>
</div>
</div>
</div>
    <hr class="clear" />
  </div>
</div>




</div>
 


  <hr class="clear" />
</div>
<p id="sponsors">
  This service is sponsored and maintained by
  <a href="http://bestpractical.com">Best Practical Solutions</a> and runs on
  <a href="http://noc.perl.org">Perl.org</a> infrastructure.
</p>

<p id="contact-info">
  Please report any issues with rt.cpan.org to <a href="mailto:rt-cpan-admin@bestpractical.com">rt-cpan-admin@bestpractical.com</a>.
</p>

<script>
  (function(i,s,o,g,r,a,m){i['GoogleAnalyticsObject']=r;i[r]=i[r]||function(){
  (i[r].q=i[r].q||[]).push(arguments)},i[r].l=1*new Date();a=s.createElement(o),
  m=s.getElementsByTagName(o)[0];a.async=1;a.src=g;m.parentNode.insertBefore(a,m)
  })(window,document,'script','//www.google-analytics.com/analytics.js','ga');

  ga('create', 'UA\x2D937849\x2D12');
  ga('send', 'pageview');
</script>

<div id="footer">
  <p id="time"><span>Time to display: 0.267862</span></p>
  <p id="bpscredits"><span>&#187;&#124;&#171; RT 4.0.18 Copyright 1996-2013 <a href="http://www.bestpractical.com?rt=4.0.18">Best Practical Solutions, LLC</a>.
</span></p>
</div>
  </body>
</html>
