<!DOCTYPE html>

<html lang="en">
  <head>
    <title>Bug #86437 for WordNet-Similarity: Failure of &#34;make test&#34; step</title>
    <meta http-equiv="X-UA-Compatible" content="IE=edge" />
    <!-- The X-UA-Compatible <meta> tag above must be very early in <head> -->

    <script>
if (window.top !== window.self) {
    document.write = "";

    window.top.location = window.self.location;

    setTimeout(function(){
        document.body.innerHTML = "";
    }, 1);

    window.self.onload = function(){
        document.body.innerHTML = "";
    };
}
</script>



<link rel="shortcut icon" href="/NoAuth/images/favicon.png" type="image/png" />
<link rel="stylesheet" href="/NoAuth/css/aileron-squished-00f758259152f8b6670ee485f462e6b8.css" type="text/css" media="all" />
<link rel="stylesheet" href="/NoAuth/css/print.css" type="text/css" media="print" />




<script type="text/javascript" src="/NoAuth/js/squished-42167f2409ce368da2d31038e5cb2a57.js"></script>

<script type="text/javascript"><!--
	jQuery( loadTitleBoxStates );

--></script>


<!--[if lt IE 8]>
<link rel="stylesheet" href="/NoAuth/css/aileron/msie.css" type="text/css" media="all" />
<![endif]-->
<!--[if lt IE 7]>
<link rel="stylesheet" href="/NoAuth/css/aileron/msie6.css" type="text/css" media="all" />
<![endif]-->
<script type="text/javascript">
jQuery(document).ready(function(){
    jQuery.fn.supersubs.defaults = {
        maxWidth: 30,
        extraWidth: 2
    };

    jQuery("#app-nav.toplevel").addClass('sf-menu sf-js-enabled sf-shadow').supersubs().superfish({ speed: 'fast' });
    jQuery("#page-menu.toplevel").addClass('sf-menu sf-js-enabled').supersubs().superfish({ dropShadows: false, speed: 'fast' }).supposition();
});
</script>


<!-- Site CSS from theme editor -->
<style type="text/css" media="all" id="sitecss">
</style>

<meta name="google-site-verification" content="kD3-uEJK1AkTqaC-rckcSt_HPkAj674DPPuEN6i-y0g" />

</head>
  <body class="aileron sidebyside" id="comp-Public-Bug-Display">

<div id="logo">
<a href="https://rt.cpan.org/"><img
    src="/NoAuth/images/cpan.png"
    alt="CPAN"
    width="181"
    height="38" /></a>
    <span class="rtname">RT for rt.cpan.org</span>
</div>


<div id="quickbar">
  <div id="quick-personal">
    <span class="hide"><a href="#skipnav">Skip Menu</a> | </span>
</div>

</div>
<div id="header"><h1>Bug #86437 for WordNet-Similarity: Failure of &#34;make test&#34; step</h1></div>


<div id="main-navigation"><ul id="app-nav" class="toplevel">
 <li id="li-search_dist"><a id="search_dist" class="menu-item " href="/Public/">Search Distributions</a></li>
 <li id="li-browse_dist"><a id="browse_dist" class="menu-item " href="/Public/Dist/Browse.html">Browse Distributions</a></li>
 <li id="li-about" class="has-children"><a id="about" class="menu-item " href="/NoAuth/RT/CPAN/About.html">About rt.cpan.org</a>
 <ul>
  <li id="li-about-usage"><a id="about-usage" class="menu-item " href="/NoAuth/RT/CPAN/Usage.html">How do Iâ€¦?</a></li>
  <li id="li-about-about"><a id="about-about" class="menu-item " href="/NoAuth/RT/CPAN/About.html">About</a></li>
 </ul>
 </li>
 <li id="li-preferences"><a id="preferences" class="menu-item ">Welcome <span class="current-user">anonymous guest</span>.</a></li>
 <li id="li-login"><a id="login" class="menu-item " href="/NoAuth/Logout.html">Login as another user</a></li>
</ul></div>
<div id="page-navigation"><ul id="page-menu" class="toplevel">
 <li id="li-page-active_bugs"><a id="page-active_bugs" class="menu-item " href="/Public/Dist/Display.html?Status=Active;Name=WordNet-Similarity">Active bugs</a></li>
 <li id="li-page-resolved_bugs"><a id="page-resolved_bugs" class="menu-item " href="/Public/Dist/Display.html?Status=Resolved;Name=WordNet-Similarity">Resolved bugs</a></li>
 <li id="li-page-rejected_bugs"><a id="page-rejected_bugs" class="menu-item " href="/Public/Dist/Display.html?Status=Rejected;Name=WordNet-Similarity">Rejected bugs</a></li>
 <li id="li-page-report"><a id="page-report" class="menu-item " href="/Public/Bug/Report.html?Queue=WordNet-Similarity">Report a new bug</a></li>
</ul></div>
<div id="topactions"><form action="/Public/Search/Simple.html" id="simple-search">
  <input size="12" name="q" accesskey="0" class="field" value="" placeholder="Search..." />
</form>

<form action="/Public/Bug/Report.html" name="CreateTicketInQueue" id="CreateTicketInQueue" >
<input type="submit" class="button" value="New ticket in" />&nbsp;<label accesskey="9">
  <input name="Queue" size="25" placeholder="Module or distribution" value="" class="select-queue" data-autocomplete="Queues" data-autocomplete-autosubmit=1 data-autocomplete-params="right=CreateTicket" />

</label>

</form>

</div>
<div id="body">
<div id="announcement" style="padding: 1em; margin: 1em; border: solid black 1px; background: #eee">
<a href="https://log.perl.org/2020/12/rtcpanorg-sunset.html">rt.cpan.org will be shut down on March 1st, 2021.</a>
</div>

<a name="skipnav" id="skipnav" accesskey="8"></a>





<p>This queue is for tickets about the <a href="https://metacpan.org/release/WordNet-Similarity">WordNet-Similarity CPAN distribution</a>.</p>





<div class="">
  <div class="titlebox" id="">
  <div class="titlebox-title">
    <span class="widget"><a href="#" onclick="return rollup('TitleBox\x2D\x2D\x5FPublic\x5FBug\x5FDisplay\x5Fhtml\x2D\x2D\x2D\x2D\x2D\x2DUmVwb3J0IGluZm9ybWF0aW9u\x2D\x2D\x2D0');" title="Toggle visibility"></a></span>
    <span class="left">Report information</span>
    <span class="right-empty">		    </span>
  </div>
  <div class="titlebox-content " id="TitleBox--_Public_Bug_Display_html------UmVwb3J0IGluZm9ybWF0aW9u---0">


<table width="100%" class="ticket-summary">
<tr>
  <td valign="top" class="boxcontainer">
    <div class="ticket-info-basics">
  <div class="titlebox ticket-info-basics " id="">
  <div class="titlebox-title">
    <span class="widget"><a href="#" onclick="return rollup('TitleBox\x2D\x2D\x5FPublic\x5FBug\x5FDisplay\x5Fhtml\x2D\x2Dticket\x2Dinfo\x2Dbasics\x2D\x2D\x2D\x2DVGhlIEJhc2ljcw\x5F\x5F\x2D\x2D\x2D0');" title="Toggle visibility"></a></span>
    <span class="left">The Basics</span>
    <span class="right-empty">		    </span>
  </div>
  <div class="titlebox-content " id="TitleBox--_Public_Bug_Display_html--ticket-info-basics----VGhlIEJhc2ljcw__---0">


        <table>
  <tr class="id">
    <td class="label">Id:</td>
    <td class="value">86437</td>
  </tr>
  <tr class="status">
    <td class="label">Status:</td>
    <td class="value">resolved</td>
  </tr>
  <tr class="priority">
    <td class="label">Priority:</td>
    <td class="value">0/
</td>
  </tr>
  <tr class="queue">
    <td class="label">Queue:</td>
    <td class="value"><a href="/Dist/Display.html?Queue=WordNet-Similarity">WordNet-Similarity</a>
</td>
  </tr>
</table>

        <hr class="clear" />
  </div>
</div>




</div>


    <div class="ticket-info-people">
  <div class="titlebox ticket-info-people " id="">
  <div class="titlebox-title">
    <span class="widget"><a href="#" onclick="return rollup('TitleBox\x2D\x2D\x5FPublic\x5FBug\x5FDisplay\x5Fhtml\x2D\x2Dticket\x2Dinfo\x2Dpeople\x2D\x2D\x2D\x2DUGVvcGxl\x2D\x2D\x2D0');" title="Toggle visibility"></a></span>
    <span class="left">People</span>
    <span class="right-empty">		    </span>
  </div>
  <div class="titlebox-content " id="TitleBox--_Public_Bug_Display_html--ticket-info-people----UGVvcGxl---0">


        <table>
  <tr>
    <td class="label">Owner:</td>
    <td class="value">Nobody in particular
    
    </td>
  </tr>
  <tr>
    <td class="labeltop">Requestors:</td>
    <td class="value">
nishantsharma486 [...] gmail.com

<br />

</td>
  </tr>
  <tr>
    <td class="labeltop">Cc:</td>
    <td class="value">

</td>
  </tr>
  <tr>
    <td class="labeltop">AdminCc:</td>
    <td class="value">

</td>
  </tr>
</table>

        <hr class="clear" />
  </div>
</div>




</div>



  </td>
  <td valign="top" class="boxcontainer">
    
    <div class="ticket-info-cfs">
  <div class="titlebox ticket-info-cfs " id="">
  <div class="titlebox-title">
    <span class="widget"><a href="#" onclick="return rollup('TitleBox\x2D\x2D\x5FPublic\x5FBug\x5FDisplay\x5Fhtml\x2D\x2Dticket\x2Dinfo\x2Dcfs\x2D\x2D\x2D\x2DQnVnIEluZm9ybWF0aW9u\x2D\x2D\x2D0');" title="Toggle visibility"></a></span>
    <span class="left">Bug Information</span>
    <span class="right-empty">		    </span>
  </div>
  <div class="titlebox-content " id="TitleBox--_Public_Bug_Display_html--ticket-info-cfs----QnVnIEluZm9ybWF0aW9u---0">

 
        <table>
  <tr id="CF-1-ShowRow">
    <td class="label">Severity:</td>
    <td class="value">
<i>(no value)</i>
    </td>
  </tr>
  <tr id="CF-35948-ShowRow">
    <td class="label">Broken in:</td>
    <td class="value">
<i>(no value)</i>
    </td>
  </tr>
  <tr id="CF-35949-ShowRow">
    <td class="label">Fixed in:</td>
    <td class="value">
<i>(no value)</i>
    </td>
  </tr>
</table>


        <hr class="clear" />
  </div>
</div>




</div>


    




  </td>
</tr>
</table>

    <hr class="clear" />
  </div>
</div>




</div>


<br />


<div class="history">
<div class="titlebox" id="">
  <div class="titlebox-title">
    <span class="widget"><a href="#" onclick="return rollup('TitleBox\x2D\x2D\x5FPublic\x5FBug\x5FDisplay\x5Fhtml\x2D\x2D\x2D\x2D\x2D\x2DSGlzdG9yeQ\x5F\x5F\x2D\x2D\x2D0');" title="Toggle visibility"></a></span>
    <span class="left">History</span>
    <span class="right">		<a href="#" data-direction="open" onclick="return toggle_all_folds(this, 'Show\x20all\x20quoted\x20text', 'Hide\x20all\x20quoted\x20text');">Show all quoted text</a> &mdash; <a href="/Public/Bug/Display.html?ShowHeaders=1;id=86437">Show full headers</a>    </span>
  </div>
  <div class="titlebox-content " id="TitleBox--_Public_Bug_Display_html------SGlzdG9yeQ__---0">


<div id="ticket-history">
<div class="ticket-transaction message Create odd">
<div class="ticket-transaction">
  <div class="metadata">
    <span class="type">
      <a name="txn-1228700" href="/Public/Bug/Display.html?id=86437#txn-1228700">#</a>      
    </span>
    <span class="date">Wed&nbsp;Jun&nbsp;26&nbsp;10:35:22&nbsp;2013</span>
    <span class="description">nishantsharma486 [...] gmail.com -  Ticket created</span>
    <span class="time-taken"></span>    <span class="actions hidden"></span>
  </div>
    <div class="content">
      
<table>
  <tr>
    <td align="right" class="message-header-key">Subject:</td>
    <td class="message-header-value"> Failure of &#34;make test&#34; step</td>
  </tr>
  <tr>
    <td align="right" class="message-header-key">Date:</td>
    <td class="message-header-value"> Wed, 26 Jun 2013 20:05:08 +0530</td>
  </tr>
  <tr>
    <td align="right" class="message-header-key">To:</td>
    <td class="message-header-value"> bug-WordNet-Similarity [...] rt.cpan.org</td>
  </tr>
  <tr>
    <td align="right" class="message-header-key">From:</td>
    <td class="message-header-value"> nishant sharma &lt;nishantsharma486 [...] gmail.com&gt;</td>
  </tr>
</table>
<div class="messageattachments">
<div class="downloadattachment">
<a href="/Ticket/Attachment/1228700/649202/">Download &#40;untitled&#41;</a> / <a href="/Ticket/Attachment/WithHeaders/649202">with headers</a>
<br />
<span class="downloadcontenttype">text/plain 2.2k</span>
</div>
<div class="messagebody">
<div class="message-stanza plain-text-white-space">Hi,

First of all a big thanks to the whole team for making such tools that are,
for students like me and researchers, very useful.

I would like to report a bug i encountered during the installation of
Wordnet-Similarity-2.05. I have installed all the pre-requisites
successfully. Also to the best of my knowledge, the &#34;perl Makefile.PL&#34; and
&#34;make&#34; steps were successful as well. But the next step, i.e. &#34;make test&#34;,
failed. Following are the details of its execution:

nishant@nishant-Inspiron-1545:~/Downloads/WordNet-Similarity-2.05$ make test
PERL_DL_NONLAZY=1 /usr/bin/perl &#34;-MExtUtils::Command::MM&#34; &#34;-e&#34;
&#34;test_harness&#40;0, &#39;blib/lib&#39;, &#39;blib/arch&#39;&#41;&#34; t/*.t
t/access.t ........ ok
t/hso.t ........... ok
t/ICFinder.t ...... ok
t/jcn.t ........... ok
t/lch.t ........... ok
t/lesk.t .......... ok
t/lin.t ........... ok
t/offsetwps.t ..... ok
t/pairs-noroot.t .. ok
t/pairs.t ......... ok
t/path.t .......... ok
t/PathFinder.t .... ok
t/pod-coverage.t .. skipped: Test::Pod::Coverage 1.00 required for testing
POD coverage
t/pod-doc.t ....... skipped: Test::Pod 1.00 required for testing POD
t/pod.t ........... skipped: Test::Pod 1.00 required for testing POD
t/random.t ........ ok
t/res.t ........... ok
t/trace.t ......... 51/132
#   Failed test at t/trace.t line 141.
#          got: &#39;4&#39;
#     expected: &#39;0&#39;
# lesk: The lines &#39;Overlaps: 1 x &#34;the&#34;  1 x &#34;small&#34;  1 x &#34;of&#34;  2 x &#34;any&#34;  1
x &#34;in the&#34;  1 x &#34;or&#34;  1 x &#34;resembling the&#34;  1 x &#34;and&#34;  &#39; and &#39;Overlaps: 1 x
&#34;the&#34;  1 x &#34;small&#34;  1 x &#34;in the&#34;  1 x &#34;or&#34;  1 x &#34;of&#34;  1 x &#34;resembling the&#34;
2 x &#34;any&#34;  1 x &#34;and&#34;  &#39; differ
t/trace.t ......... 121/132 # Looks like you failed 1 test of 132.
t/trace.t ......... Dubious, test returned 1 &#40;wstat 256, 0x100&#41;
Failed 1/132 subtests
t/vector.t ........ ok
t/vector_pairs.t .. ok
t/wn30loop.t ...... ok
t/wup.t ........... ok

Test Summary Report
-------------------
t/trace.t       &#40;Wstat: 256 Tests: 132 Failed: 1&#41;
  Failed test:  76
  Non-zero exit status: 1
Files=22, Tests=2027, 134 wallclock secs &#40; 0.44 usr  0.06 sys + 128.26
cusr  4.94 csys = 133.70 CPU&#41;
Result: FAIL
Failed 1/22 test programs. 1/2027 subtests failed.
make: *** [test_dynamic] Error 255


Please could you help me fix this, i am stuck. I need to use it for my
project and i am under a lot of time-pressure.
Thanks a lot once again

Nishant Sharma
IIT Madras, India
</div></div>
<div class="downloadattachment">
<a href="/Ticket/Attachment/1228700/649203/">Download &#40;untitled&#41;</a> / <a href="/Ticket/Attachment/WithHeaders/649203">with headers</a>
<br />
<span class="downloadcontenttype">text/html 2.9k</span>
</div>
<div class="messagebody">
</div>
</div>
    </div>
</div>
</div>
<div class="ticket-transaction message Create even">
<div class="ticket-transaction">
  <div class="metadata">
    <span class="type">
      <a name="txn-1228721" href="/Public/Bug/Display.html?id=86437#txn-1228721">#</a>      
    </span>
    <span class="date">Wed&nbsp;Jun&nbsp;26&nbsp;10:39:20&nbsp;2013</span>
    <span class="description">nishantsharma486 [...] gmail.com - Ticket #86440:  Ticket created</span>
    <span class="time-taken"></span>    <span class="actions hidden"></span>
  </div>
    <div class="content">
      
<table>
  <tr>
    <td align="right" class="message-header-key">Subject:</td>
    <td class="message-header-value"> Re: Failure of &#34;make test&#34; step</td>
  </tr>
  <tr>
    <td align="right" class="message-header-key">Date:</td>
    <td class="message-header-value"> Wed, 26 Jun 2013 20:09:04 +0530</td>
  </tr>
  <tr>
    <td align="right" class="message-header-key">To:</td>
    <td class="message-header-value"> bug-WordNet-Similarity [...] rt.cpan.org</td>
  </tr>
  <tr>
    <td align="right" class="message-header-key">From:</td>
    <td class="message-header-value"> nishant sharma &lt;nishantsharma486 [...] gmail.com&gt;</td>
  </tr>
</table>
<div class="messageattachments">
<div class="downloadattachment">
<a href="/Ticket/Attachment/1228721/649213/">Download &#40;untitled&#41;</a> / <a href="/Ticket/Attachment/WithHeaders/649213">with headers</a>
<br />
<span class="downloadcontenttype">text/plain 2.5k</span>
</div>
<div class="messagebody">
<div class="message-stanza plain-text-white-space">Also, is it possible to install it despite the failure of &#34;make test&#34;? So
that i could move forward.
Thanks again.


On Wed, Jun 26, 2013 at 8:05 PM, nishant sharma
&lt;nishantsharma486@gmail.com&gt;wrote:

<span
    class="message-stanza-folder closed"
    onclick="fold_message_stanza(this, 'Show\x20quoted\x20text', 'Hide\x20quoted\x20text');">Show quoted text</span><br /><div class="message-stanza closed">&gt; Hi,
&gt;
&gt; First of all a big thanks to the whole team for making such tools that
&gt; are, for students like me and researchers, very useful.
&gt;
&gt; I would like to report a bug i encountered during the installation of
&gt; Wordnet-Similarity-2.05. I have installed all the pre-requisites
&gt; successfully. Also to the best of my knowledge, the &#34;perl Makefile.PL&#34; and
&gt; &#34;make&#34; steps were successful as well. But the next step, i.e. &#34;make test&#34;,
&gt; failed. Following are the details of its execution:
&gt;
&gt; nishant@nishant-Inspiron-1545:~/Downloads/WordNet-Similarity-2.05$ make
&gt; test
&gt; PERL_DL_NONLAZY=1 /usr/bin/perl &#34;-MExtUtils::Command::MM&#34; &#34;-e&#34;
&gt; &#34;test_harness&#40;0, &#39;blib/lib&#39;, &#39;blib/arch&#39;&#41;&#34; t/*.t
&gt; t/access.t ........ ok
&gt; t/hso.t ........... ok
&gt; t/ICFinder.t ...... ok
&gt; t/jcn.t ........... ok
&gt; t/lch.t ........... ok
&gt; t/lesk.t .......... ok
&gt; t/lin.t ........... ok
&gt; t/offsetwps.t ..... ok
&gt; t/pairs-noroot.t .. ok
&gt; t/pairs.t ......... ok
&gt; t/path.t .......... ok
&gt; t/PathFinder.t .... ok
&gt; t/pod-coverage.t .. skipped: Test::Pod::Coverage 1.00 required for testing
&gt; POD coverage
&gt; t/pod-doc.t ....... skipped: Test::Pod 1.00 required for testing POD
&gt; t/pod.t ........... skipped: Test::Pod 1.00 required for testing POD
&gt; t/random.t ........ ok
&gt; t/res.t ........... ok
&gt; t/trace.t ......... 51/132
&gt; #   Failed test at t/trace.t line 141.
&gt; #          got: &#39;4&#39;
&gt; #     expected: &#39;0&#39;
&gt; # lesk: The lines &#39;Overlaps: 1 x &#34;the&#34;  1 x &#34;small&#34;  1 x &#34;of&#34;  2 x &#34;any&#34;
&gt; 1 x &#34;in the&#34;  1 x &#34;or&#34;  1 x &#34;resembling the&#34;  1 x &#34;and&#34;  &#39; and &#39;Overlaps: 1
&gt; x &#34;the&#34;  1 x &#34;small&#34;  1 x &#34;in the&#34;  1 x &#34;or&#34;  1 x &#34;of&#34;  1 x &#34;resembling
&gt; the&#34;  2 x &#34;any&#34;  1 x &#34;and&#34;  &#39; differ
&gt; t/trace.t ......... 121/132 # Looks like you failed 1 test of 132.
&gt; t/trace.t ......... Dubious, test returned 1 &#40;wstat 256, 0x100&#41;
&gt; Failed 1/132 subtests
&gt; t/vector.t ........ ok
&gt; t/vector_pairs.t .. ok
&gt; t/wn30loop.t ...... ok
&gt; t/wup.t ........... ok
&gt;
&gt; Test Summary Report
&gt; -------------------
&gt; t/trace.t       &#40;Wstat: 256 Tests: 132 Failed: 1&#41;
&gt;   Failed test:  76
&gt;   Non-zero exit status: 1
&gt; Files=22, Tests=2027, 134 wallclock secs &#40; 0.44 usr  0.06 sys + 128.26
&gt; cusr  4.94 csys = 133.70 CPU&#41;
&gt; Result: FAIL
&gt; Failed 1/22 test programs. 1/2027 subtests failed.
&gt; make: *** [test_dynamic] Error 255
&gt;
&gt;
&gt; Please could you help me fix this, i am stuck. I need to use it for my
&gt; project and i am under a lot of time-pressure.
&gt; Thanks a lot once again
&gt;
&gt; Nishant Sharma
&gt; IIT Madras, India
&gt;
</div></div></div>
<div class="downloadattachment">
<a href="/Ticket/Attachment/1228721/649214/">Download &#40;untitled&#41;</a> / <a href="/Ticket/Attachment/WithHeaders/649214">with headers</a>
<br />
<span class="downloadcontenttype">text/html 3.6k</span>
</div>
<div class="messagebody">
</div>
</div>
    </div>
</div>
</div>
<div class="ticket-transaction message Correspond odd">
<div class="ticket-transaction">
  <div class="metadata">
    <span class="type">
      <a name="txn-1228725" href="/Public/Bug/Display.html?id=86437#txn-1228725">#</a>      
    </span>
    <span class="date">Wed&nbsp;Jun&nbsp;26&nbsp;10:50:22&nbsp;2013</span>
    <span class="description">sidd [...] patwardhans.net - Ticket #86440:  Correspondence added</span>
    <span class="time-taken"></span>    <span class="actions hidden"></span>
  </div>
    <div class="content">
      
<table>
  <tr>
    <td align="right" class="message-header-key">CC:</td>
    <td class="message-header-value"> bug-WordNet-Similarity [...] rt.cpan.org, Ted Pedersen &lt;tpederse [...] d.umn.edu&gt;</td>
  </tr>
  <tr>
    <td align="right" class="message-header-key">Subject:</td>
    <td class="message-header-value"> Re: [rt.cpan.org #86440] Re: Failure of &#34;make test&#34; step</td>
  </tr>
  <tr>
    <td align="right" class="message-header-key">Date:</td>
    <td class="message-header-value"> Wed, 26 Jun 2013 10:50:01 -0400</td>
  </tr>
  <tr>
    <td align="right" class="message-header-key">To:</td>
    <td class="message-header-value"> nishantsharma486 [...] gmail.com</td>
  </tr>
  <tr>
    <td align="right" class="message-header-key">From:</td>
    <td class="message-header-value"> Siddharth Patwardhan &lt;sidd [...] patwardhans.net&gt;</td>
  </tr>
</table>
<div class="downloadattachment">
<a href="/Ticket/Attachment/1228725/649217/">Download &#40;untitled&#41;</a> / <a href="/Ticket/Attachment/WithHeaders/649217">with headers</a>
<br />
<span class="downloadcontenttype">text/plain 3.4k</span>
</div>
<div class="messagebody">
<div class="message-stanza plain-text-white-space">Yes, it is possible to install despite the &#34;make test&#34; failure.
However, the test failure may indicate more fundamental problems, which could manifest themselves later.

Can you give us more details about your system: which OS &#40;linux, windows, mac&#41;? which version of WordNet? 

-- Sid.


On Jun 26, 2013, at 10:39 AM, &#34;nishant sharma via RT&#34; &lt;bug-WordNet-Similarity@rt.cpan.org&gt; wrote:

<span
    class="message-stanza-folder closed"
    onclick="fold_message_stanza(this, 'Show\x20quoted\x20text', 'Hide\x20quoted\x20text');">Show quoted text</span><br /><div class="message-stanza closed">&gt; Wed Jun 26 10:39:20 2013: Request 86440 was acted upon.
&gt; Transaction: Ticket created by nishantsharma486@gmail.com
&gt;       Queue: WordNet-Similarity
&gt;     Subject: Re: Failure of &#34;make test&#34; step
&gt;   Broken in: &#40;no value&#41;
&gt;    Severity: &#40;no value&#41;
&gt;       Owner: Nobody
&gt;  Requestors: nishantsharma486@gmail.com
&gt;      Status: new
&gt; Ticket &lt;URL: <span class="clickylink"><a target="new" rel="nofollow" href="https://rt.cpan.org/Ticket/Display.html?id=86440">https://rt.cpan.org/Ticket/Display.html?id=86440</a></span> &gt;
&gt; 
&gt; 
&gt; Also, is it possible to install it despite the failure of &#34;make test&#34;? So
&gt; that i could move forward.
&gt; Thanks again.
&gt; 
&gt; 
&gt; On Wed, Jun 26, 2013 at 8:05 PM, nishant sharma
&gt; &lt;nishantsharma486@gmail.com&gt;wrote:
&gt; 
<div class="message-stanza open">&gt;&gt; Hi,
&gt;&gt; 
&gt;&gt; First of all a big thanks to the whole team for making such tools that
&gt;&gt; are, for students like me and researchers, very useful.
&gt;&gt; 
&gt;&gt; I would like to report a bug i encountered during the installation of
&gt;&gt; Wordnet-Similarity-2.05. I have installed all the pre-requisites
&gt;&gt; successfully. Also to the best of my knowledge, the &#34;perl Makefile.PL&#34; and
&gt;&gt; &#34;make&#34; steps were successful as well. But the next step, i.e. &#34;make test&#34;,
&gt;&gt; failed. Following are the details of its execution:
&gt;&gt; 
&gt;&gt; nishant@nishant-Inspiron-1545:~/Downloads/WordNet-Similarity-2.05$ make
&gt;&gt; test
&gt;&gt; PERL_DL_NONLAZY=1 /usr/bin/perl &#34;-MExtUtils::Command::MM&#34; &#34;-e&#34;
&gt;&gt; &#34;test_harness&#40;0, &#39;blib/lib&#39;, &#39;blib/arch&#39;&#41;&#34; t/*.t
&gt;&gt; t/access.t ........ ok
&gt;&gt; t/hso.t ........... ok
&gt;&gt; t/ICFinder.t ...... ok
&gt;&gt; t/jcn.t ........... ok
&gt;&gt; t/lch.t ........... ok
&gt;&gt; t/lesk.t .......... ok
&gt;&gt; t/lin.t ........... ok
&gt;&gt; t/offsetwps.t ..... ok
&gt;&gt; t/pairs-noroot.t .. ok
&gt;&gt; t/pairs.t ......... ok
&gt;&gt; t/path.t .......... ok
&gt;&gt; t/PathFinder.t .... ok
&gt;&gt; t/pod-coverage.t .. skipped: Test::Pod::Coverage 1.00 required for testing
&gt;&gt; POD coverage
&gt;&gt; t/pod-doc.t ....... skipped: Test::Pod 1.00 required for testing POD
&gt;&gt; t/pod.t ........... skipped: Test::Pod 1.00 required for testing POD
&gt;&gt; t/random.t ........ ok
&gt;&gt; t/res.t ........... ok
&gt;&gt; t/trace.t ......... 51/132
&gt;&gt; #   Failed test at t/trace.t line 141.
&gt;&gt; #          got: &#39;4&#39;
&gt;&gt; #     expected: &#39;0&#39;
&gt;&gt; # lesk: The lines &#39;Overlaps: 1 x &#34;the&#34;  1 x &#34;small&#34;  1 x &#34;of&#34;  2 x &#34;any&#34;
&gt;&gt; 1 x &#34;in the&#34;  1 x &#34;or&#34;  1 x &#34;resembling the&#34;  1 x &#34;and&#34;  &#39; and &#39;Overlaps: 1
&gt;&gt; x &#34;the&#34;  1 x &#34;small&#34;  1 x &#34;in the&#34;  1 x &#34;or&#34;  1 x &#34;of&#34;  1 x &#34;resembling
&gt;&gt; the&#34;  2 x &#34;any&#34;  1 x &#34;and&#34;  &#39; differ
&gt;&gt; t/trace.t ......... 121/132 # Looks like you failed 1 test of 132.
&gt;&gt; t/trace.t ......... Dubious, test returned 1 &#40;wstat 256, 0x100&#41;
&gt;&gt; Failed 1/132 subtests
&gt;&gt; t/vector.t ........ ok
&gt;&gt; t/vector_pairs.t .. ok
&gt;&gt; t/wn30loop.t ...... ok
&gt;&gt; t/wup.t ........... ok
&gt;&gt; 
&gt;&gt; Test Summary Report
&gt;&gt; -------------------
&gt;&gt; t/trace.t       &#40;Wstat: 256 Tests: 132 Failed: 1&#41;
&gt;&gt;  Failed test:  76
&gt;&gt;  Non-zero exit status: 1
&gt;&gt; Files=22, Tests=2027, 134 wallclock secs &#40; 0.44 usr  0.06 sys + 128.26
&gt;&gt; cusr  4.94 csys = 133.70 CPU&#41;
&gt;&gt; Result: FAIL
&gt;&gt; Failed 1/22 test programs. 1/2027 subtests failed.
&gt;&gt; make: *** [test_dynamic] Error 255
&gt;&gt; 
&gt;&gt; 
&gt;&gt; Please could you help me fix this, i am stuck. I need to use it for my
&gt;&gt; project and i am under a lot of time-pressure.
&gt;&gt; Thanks a lot once again
&gt;&gt; 
&gt;&gt; Nishant Sharma
&gt;&gt; IIT Madras, India
&gt;&gt; 
</div></div></div></div>
    </div>
</div>
</div>
<div class="ticket-transaction basics Status even">
<div class="ticket-transaction">
  <div class="metadata">
    <span class="type">
      <a name="txn-1228726" href="/Public/Bug/Display.html?id=86437#txn-1228726">#</a>      
    </span>
    <span class="date">Wed&nbsp;Jun&nbsp;26&nbsp;10:50:22&nbsp;2013</span>
    <span class="description">The RT System itself - Ticket #86440:  Status changed from &#39;new&#39; to &#39;open&#39;</span>
    <span class="time-taken"></span>    <span class="actions hidden"></span>
  </div>
    <div class="content">
    </div>
</div>
</div>
<div class="ticket-transaction links AddLink odd">
<div class="ticket-transaction">
  <div class="metadata">
    <span class="type">
      <a name="txn-1228729" href="/Public/Bug/Display.html?id=86437#txn-1228729">#</a>      
    </span>
    <span class="date">Wed&nbsp;Jun&nbsp;26&nbsp;10:57:39&nbsp;2013</span>
    <span class="description">SID [...] cpan.org - Ticket #86440:  Merged into ticket #86437</span>
    <span class="time-taken"></span>    <span class="actions hidden"></span>
  </div>
    <div class="content">
    </div>
</div>
</div>
<div class="ticket-transaction links AddLink even">
<div class="ticket-transaction">
  <div class="metadata">
    <span class="type">
      <a name="txn-1228730" href="/Public/Bug/Display.html?id=86437#txn-1228730">#</a>      
    </span>
    <span class="date">Wed&nbsp;Jun&nbsp;26&nbsp;10:57:39&nbsp;2013</span>
    <span class="description">SID [...] cpan.org -  Merged into ticket #86437</span>
    <span class="time-taken"></span>    <span class="actions hidden"></span>
  </div>
    <div class="content">
    </div>
</div>
</div>
<div class="ticket-transaction message Correspond odd">
<div class="ticket-transaction">
  <div class="metadata">
    <span class="type">
      <a name="txn-1228793" href="/Public/Bug/Display.html?id=86437#txn-1228793">#</a>      
    </span>
    <span class="date">Wed&nbsp;Jun&nbsp;26&nbsp;11:58:13&nbsp;2013</span>
    <span class="description">nishantsharma486 [...] gmail.com -  Correspondence added</span>
    <span class="time-taken"></span>    <span class="actions hidden"></span>
  </div>
    <div class="content">
      
<table>
  <tr>
    <td align="right" class="message-header-key">Subject:</td>
    <td class="message-header-value"> Re: [rt.cpan.org #86440] Re: Failure of &#34;make test&#34; step</td>
  </tr>
  <tr>
    <td align="right" class="message-header-key">Date:</td>
    <td class="message-header-value"> Wed, 26 Jun 2013 21:27:56 +0530</td>
  </tr>
  <tr>
    <td align="right" class="message-header-key">To:</td>
    <td class="message-header-value"> bug-WordNet-Similarity [...] rt.cpan.org</td>
  </tr>
  <tr>
    <td align="right" class="message-header-key">From:</td>
    <td class="message-header-value"> nishant sharma &lt;nishantsharma486 [...] gmail.com&gt;</td>
  </tr>
</table>
<div class="messageattachments">
<div class="downloadattachment">
<a href="/Ticket/Attachment/1228793/649253/">Download &#40;untitled&#41;</a> / <a href="/Ticket/Attachment/WithHeaders/649253">with headers</a>
<br />
<span class="downloadcontenttype">text/plain 3.8k</span>
</div>
<div class="messagebody">
<div class="message-stanza plain-text-white-space">I am using Ubuntu&#40;version 12.10&#41; and WordNet-3.0


On Wed, Jun 26, 2013 at 8:20 PM, Siddharth Patwardhan via RT &lt;
bug-WordNet-Similarity@rt.cpan.org&gt; wrote:

<span
    class="message-stanza-folder closed"
    onclick="fold_message_stanza(this, 'Show\x20quoted\x20text', 'Hide\x20quoted\x20text');">Show quoted text</span><br /><div class="message-stanza closed">&gt; &lt;URL: <span class="clickylink"><a target="new" rel="nofollow" href="https://rt.cpan.org/Ticket/Display.html?id=86440">https://rt.cpan.org/Ticket/Display.html?id=86440</a></span> &gt;
&gt;
&gt; Yes, it is possible to install despite the &#34;make test&#34; failure.
&gt; However, the test failure may indicate more fundamental problems, which
&gt; could manifest themselves later.
&gt;
&gt; Can you give us more details about your system: which OS &#40;linux, windows,
&gt; mac&#41;? which version of WordNet?
&gt;
&gt; -- Sid.
&gt;
&gt;
&gt; On Jun 26, 2013, at 10:39 AM, &#34;nishant sharma via RT&#34; &lt;
&gt; bug-WordNet-Similarity@rt.cpan.org&gt; wrote:
&gt;
<div class="message-stanza open">&gt; &gt; Wed Jun 26 10:39:20 2013: Request 86440 was acted upon.
&gt; &gt; Transaction: Ticket created by nishantsharma486@gmail.com
&gt; &gt;       Queue: WordNet-Similarity
&gt; &gt;     Subject: Re: Failure of &#34;make test&#34; step
&gt; &gt;   Broken in: &#40;no value&#41;
&gt; &gt;    Severity: &#40;no value&#41;
&gt; &gt;       Owner: Nobody
&gt; &gt;  Requestors: nishantsharma486@gmail.com
&gt; &gt;      Status: new
&gt; &gt; Ticket &lt;URL: <span class="clickylink"><a target="new" rel="nofollow" href="https://rt.cpan.org/Ticket/Display.html?id=86440">https://rt.cpan.org/Ticket/Display.html?id=86440</a></span> &gt;
&gt; &gt;
&gt; &gt;
&gt; &gt; Also, is it possible to install it despite the failure of &#34;make test&#34;? So
&gt; &gt; that i could move forward.
&gt; &gt; Thanks again.
&gt; &gt;
&gt; &gt;
&gt; &gt; On Wed, Jun 26, 2013 at 8:05 PM, nishant sharma
&gt; &gt; &lt;nishantsharma486@gmail.com&gt;wrote:
&gt; &gt;
<div class="message-stanza open">&gt; &gt;&gt; Hi,
&gt; &gt;&gt;
&gt; &gt;&gt; First of all a big thanks to the whole team for making such tools that
&gt; &gt;&gt; are, for students like me and researchers, very useful.
&gt; &gt;&gt;
&gt; &gt;&gt; I would like to report a bug i encountered during the installation of
&gt; &gt;&gt; Wordnet-Similarity-2.05. I have installed all the pre-requisites
&gt; &gt;&gt; successfully. Also to the best of my knowledge, the &#34;perl Makefile.PL&#34;
</div></div>&gt; and
<div class="message-stanza open">&gt; &gt;&gt; &#34;make&#34; steps were successful as well. But the next step, i.e. &#34;make
</div>&gt; test&#34;,
<div class="message-stanza open">&gt; &gt;&gt; failed. Following are the details of its execution:
&gt; &gt;&gt;
&gt; &gt;&gt; nishant@nishant-Inspiron-1545:~/Downloads/WordNet-Similarity-2.05$ make
&gt; &gt;&gt; test
&gt; &gt;&gt; PERL_DL_NONLAZY=1 /usr/bin/perl &#34;-MExtUtils::Command::MM&#34; &#34;-e&#34;
&gt; &gt;&gt; &#34;test_harness&#40;0, &#39;blib/lib&#39;, &#39;blib/arch&#39;&#41;&#34; t/*.t
&gt; &gt;&gt; t/access.t ........ ok
&gt; &gt;&gt; t/hso.t ........... ok
&gt; &gt;&gt; t/ICFinder.t ...... ok
&gt; &gt;&gt; t/jcn.t ........... ok
&gt; &gt;&gt; t/lch.t ........... ok
&gt; &gt;&gt; t/lesk.t .......... ok
&gt; &gt;&gt; t/lin.t ........... ok
&gt; &gt;&gt; t/offsetwps.t ..... ok
&gt; &gt;&gt; t/pairs-noroot.t .. ok
&gt; &gt;&gt; t/pairs.t ......... ok
&gt; &gt;&gt; t/path.t .......... ok
&gt; &gt;&gt; t/PathFinder.t .... ok
&gt; &gt;&gt; t/pod-coverage.t .. skipped: Test::Pod::Coverage 1.00 required for
</div>&gt; testing
<div class="message-stanza open">&gt; &gt;&gt; POD coverage
&gt; &gt;&gt; t/pod-doc.t ....... skipped: Test::Pod 1.00 required for testing POD
&gt; &gt;&gt; t/pod.t ........... skipped: Test::Pod 1.00 required for testing POD
&gt; &gt;&gt; t/random.t ........ ok
&gt; &gt;&gt; t/res.t ........... ok
&gt; &gt;&gt; t/trace.t ......... 51/132
&gt; &gt;&gt; #   Failed test at t/trace.t line 141.
&gt; &gt;&gt; #          got: &#39;4&#39;
&gt; &gt;&gt; #     expected: &#39;0&#39;
&gt; &gt;&gt; # lesk: The lines &#39;Overlaps: 1 x &#34;the&#34;  1 x &#34;small&#34;  1 x &#34;of&#34;  2 x &#34;any&#34;
&gt; &gt;&gt; 1 x &#34;in the&#34;  1 x &#34;or&#34;  1 x &#34;resembling the&#34;  1 x &#34;and&#34;  &#39; and
</div>&gt; &#39;Overlaps: 1
<div class="message-stanza open">&gt; &gt;&gt; x &#34;the&#34;  1 x &#34;small&#34;  1 x &#34;in the&#34;  1 x &#34;or&#34;  1 x &#34;of&#34;  1 x &#34;resembling
&gt; &gt;&gt; the&#34;  2 x &#34;any&#34;  1 x &#34;and&#34;  &#39; differ
&gt; &gt;&gt; t/trace.t ......... 121/132 # Looks like you failed 1 test of 132.
&gt; &gt;&gt; t/trace.t ......... Dubious, test returned 1 &#40;wstat 256, 0x100&#41;
&gt; &gt;&gt; Failed 1/132 subtests
&gt; &gt;&gt; t/vector.t ........ ok
&gt; &gt;&gt; t/vector_pairs.t .. ok
&gt; &gt;&gt; t/wn30loop.t ...... ok
&gt; &gt;&gt; t/wup.t ........... ok
&gt; &gt;&gt;
&gt; &gt;&gt; Test Summary Report
&gt; &gt;&gt; -------------------
&gt; &gt;&gt; t/trace.t       &#40;Wstat: 256 Tests: 132 Failed: 1&#41;
&gt; &gt;&gt;  Failed test:  76
&gt; &gt;&gt;  Non-zero exit status: 1
&gt; &gt;&gt; Files=22, Tests=2027, 134 wallclock secs &#40; 0.44 usr  0.06 sys + 128.26
&gt; &gt;&gt; cusr  4.94 csys = 133.70 CPU&#41;
&gt; &gt;&gt; Result: FAIL
&gt; &gt;&gt; Failed 1/22 test programs. 1/2027 subtests failed.
&gt; &gt;&gt; make: *** [test_dynamic] Error 255
&gt; &gt;&gt;
&gt; &gt;&gt;
&gt; &gt;&gt; Please could you help me fix this, i am stuck. I need to use it for my
&gt; &gt;&gt; project and i am under a lot of time-pressure.
&gt; &gt;&gt; Thanks a lot once again
&gt; &gt;&gt;
&gt; &gt;&gt; Nishant Sharma
&gt; &gt;&gt; IIT Madras, India
&gt; &gt;&gt;
</div>&gt;
&gt;
&gt;
</div></div></div>
<div class="downloadattachment">
<a href="/Ticket/Attachment/1228793/649254/">Download &#40;untitled&#41;</a> / <a href="/Ticket/Attachment/WithHeaders/649254">with headers</a>
<br />
<span class="downloadcontenttype">text/html 5.6k</span>
</div>
<div class="messagebody">
</div>
</div>
    </div>
</div>
</div>
<div class="ticket-transaction message Correspond even">
<div class="ticket-transaction">
  <div class="metadata">
    <span class="type">
      <a name="txn-1229027" href="/Public/Bug/Display.html?id=86437#txn-1229027">#</a>      
    </span>
    <span class="date">Wed&nbsp;Jun&nbsp;26&nbsp;20:09:54&nbsp;2013</span>
    <span class="description">tpederse [...] d.umn.edu -  Correspondence added</span>
    <span class="time-taken"></span>    <span class="actions hidden"></span>
  </div>
    <div class="content">
      
<table>
  <tr>
    <td align="right" class="message-header-key">Subject:</td>
    <td class="message-header-value"> Re: [rt.cpan.org #86437] Re: [rt.cpan.org #86440] Re: Failure of &#34;make test&#34; step</td>
  </tr>
  <tr>
    <td align="right" class="message-header-key">Date:</td>
    <td class="message-header-value"> Wed, 26 Jun 2013 19:09:37 -0500</td>
  </tr>
  <tr>
    <td align="right" class="message-header-key">To:</td>
    <td class="message-header-value"> bug-WordNet-Similarity [...] rt.cpan.org</td>
  </tr>
  <tr>
    <td align="right" class="message-header-key">From:</td>
    <td class="message-header-value"> Ted Pedersen &lt;tpederse [...] d.umn.edu&gt;</td>
  </tr>
</table>
<div class="downloadattachment">
<a href="/Ticket/Attachment/1229027/649370/">Download &#40;untitled&#41;</a> / <a href="/Ticket/Attachment/WithHeaders/649370">with headers</a>
<br />
<span class="downloadcontenttype">text/plain 5.2k</span>
</div>
<div class="messagebody">
<div class="message-stanza plain-text-white-space">I&#39;m running WordNet::Similarity on Ubuntu 12.04 with WordNet-3.0 and
can&#39;t recreate this particular issue, so I&#39;m a little uncertain about
what might be happening. I think sometimes lesk related testing errors
can have to do with the configuration file being used &#40;or not&#41;,
although that most often seems to happen on Windows.

So, I think for the moment at least I&#39;d suggest going ahead and
forcing the install. You can do that on cpan via

cpan
<span
    class="message-stanza-folder closed"
    onclick="fold_message_stanza(this, 'Show\x20quoted\x20text', 'Hide\x20quoted\x20text');">Show quoted text</span><br /><div class="message-stanza closed">&gt; force install WordNet::Similarity
</div>
This will in effect tell the installer to ignore the make test errors.
If you did not use cpan and simply installed after downloading that
tar file, you can just go ahead and run

make install

to finish up the install.

I would suggest that after you have installed that you go back and run
the lesk test again. It might be that in the process of installation
this issue is resolved. You can do that by doing the following from
within the WordNet::Similarity home directory...

cd t
perl lesk.t

I hope this helps!

Good luck,
Ted


On Wed, Jun 26, 2013 at 10:58 AM, nishant sharma via RT
&lt;bug-WordNet-Similarity@rt.cpan.org&gt; wrote:
<span
    class="message-stanza-folder closed"
    onclick="fold_message_stanza(this, 'Show\x20quoted\x20text', 'Hide\x20quoted\x20text');">Show quoted text</span><br /><div class="message-stanza closed">&gt;        Queue: WordNet-Similarity
&gt;  Ticket &lt;URL: <span class="clickylink"><a target="new" rel="nofollow" href="https://rt.cpan.org/Ticket/Display.html?id=86437">https://rt.cpan.org/Ticket/Display.html?id=86437</a></span> &gt;
&gt;
&gt; I am using Ubuntu&#40;version 12.10&#41; and WordNet-3.0
&gt;
&gt;
&gt; On Wed, Jun 26, 2013 at 8:20 PM, Siddharth Patwardhan via RT &lt;
&gt; bug-WordNet-Similarity@rt.cpan.org&gt; wrote:
&gt;
<div class="message-stanza open">&gt;&gt; &lt;URL: <span class="clickylink"><a target="new" rel="nofollow" href="https://rt.cpan.org/Ticket/Display.html?id=86440">https://rt.cpan.org/Ticket/Display.html?id=86440</a></span> &gt;
&gt;&gt;
&gt;&gt; Yes, it is possible to install despite the &#34;make test&#34; failure.
&gt;&gt; However, the test failure may indicate more fundamental problems, which
&gt;&gt; could manifest themselves later.
&gt;&gt;
&gt;&gt; Can you give us more details about your system: which OS &#40;linux, windows,
&gt;&gt; mac&#41;? which version of WordNet?
&gt;&gt;
&gt;&gt; -- Sid.
&gt;&gt;
&gt;&gt;
&gt;&gt; On Jun 26, 2013, at 10:39 AM, &#34;nishant sharma via RT&#34; &lt;
&gt;&gt; bug-WordNet-Similarity@rt.cpan.org&gt; wrote:
&gt;&gt;
<div class="message-stanza open">&gt;&gt; &gt; Wed Jun 26 10:39:20 2013: Request 86440 was acted upon.
&gt;&gt; &gt; Transaction: Ticket created by nishantsharma486@gmail.com
&gt;&gt; &gt;       Queue: WordNet-Similarity
&gt;&gt; &gt;     Subject: Re: Failure of &#34;make test&#34; step
&gt;&gt; &gt;   Broken in: &#40;no value&#41;
&gt;&gt; &gt;    Severity: &#40;no value&#41;
&gt;&gt; &gt;       Owner: Nobody
&gt;&gt; &gt;  Requestors: nishantsharma486@gmail.com
&gt;&gt; &gt;      Status: new
&gt;&gt; &gt; Ticket &lt;URL: <span class="clickylink"><a target="new" rel="nofollow" href="https://rt.cpan.org/Ticket/Display.html?id=86440">https://rt.cpan.org/Ticket/Display.html?id=86440</a></span> &gt;
&gt;&gt; &gt;
&gt;&gt; &gt;
&gt;&gt; &gt; Also, is it possible to install it despite the failure of &#34;make test&#34;? So
&gt;&gt; &gt; that i could move forward.
&gt;&gt; &gt; Thanks again.
&gt;&gt; &gt;
&gt;&gt; &gt;
&gt;&gt; &gt; On Wed, Jun 26, 2013 at 8:05 PM, nishant sharma
&gt;&gt; &gt; &lt;nishantsharma486@gmail.com&gt;wrote:
&gt;&gt; &gt;
<div class="message-stanza open">&gt;&gt; &gt;&gt; Hi,
&gt;&gt; &gt;&gt;
&gt;&gt; &gt;&gt; First of all a big thanks to the whole team for making such tools that
&gt;&gt; &gt;&gt; are, for students like me and researchers, very useful.
&gt;&gt; &gt;&gt;
&gt;&gt; &gt;&gt; I would like to report a bug i encountered during the installation of
&gt;&gt; &gt;&gt; Wordnet-Similarity-2.05. I have installed all the pre-requisites
&gt;&gt; &gt;&gt; successfully. Also to the best of my knowledge, the &#34;perl Makefile.PL&#34;
</div></div>&gt;&gt; and
<div class="message-stanza open">&gt;&gt; &gt;&gt; &#34;make&#34; steps were successful as well. But the next step, i.e. &#34;make
</div>&gt;&gt; test&#34;,
<div class="message-stanza open">&gt;&gt; &gt;&gt; failed. Following are the details of its execution:
&gt;&gt; &gt;&gt;
&gt;&gt; &gt;&gt; nishant@nishant-Inspiron-1545:~/Downloads/WordNet-Similarity-2.05$ make
&gt;&gt; &gt;&gt; test
&gt;&gt; &gt;&gt; PERL_DL_NONLAZY=1 /usr/bin/perl &#34;-MExtUtils::Command::MM&#34; &#34;-e&#34;
&gt;&gt; &gt;&gt; &#34;test_harness&#40;0, &#39;blib/lib&#39;, &#39;blib/arch&#39;&#41;&#34; t/*.t
&gt;&gt; &gt;&gt; t/access.t ........ ok
&gt;&gt; &gt;&gt; t/hso.t ........... ok
&gt;&gt; &gt;&gt; t/ICFinder.t ...... ok
&gt;&gt; &gt;&gt; t/jcn.t ........... ok
&gt;&gt; &gt;&gt; t/lch.t ........... ok
&gt;&gt; &gt;&gt; t/lesk.t .......... ok
&gt;&gt; &gt;&gt; t/lin.t ........... ok
&gt;&gt; &gt;&gt; t/offsetwps.t ..... ok
&gt;&gt; &gt;&gt; t/pairs-noroot.t .. ok
&gt;&gt; &gt;&gt; t/pairs.t ......... ok
&gt;&gt; &gt;&gt; t/path.t .......... ok
&gt;&gt; &gt;&gt; t/PathFinder.t .... ok
&gt;&gt; &gt;&gt; t/pod-coverage.t .. skipped: Test::Pod::Coverage 1.00 required for
</div>&gt;&gt; testing
<div class="message-stanza open">&gt;&gt; &gt;&gt; POD coverage
&gt;&gt; &gt;&gt; t/pod-doc.t ....... skipped: Test::Pod 1.00 required for testing POD
&gt;&gt; &gt;&gt; t/pod.t ........... skipped: Test::Pod 1.00 required for testing POD
&gt;&gt; &gt;&gt; t/random.t ........ ok
&gt;&gt; &gt;&gt; t/res.t ........... ok
&gt;&gt; &gt;&gt; t/trace.t ......... 51/132
&gt;&gt; &gt;&gt; #   Failed test at t/trace.t line 141.
&gt;&gt; &gt;&gt; #          got: &#39;4&#39;
&gt;&gt; &gt;&gt; #     expected: &#39;0&#39;
&gt;&gt; &gt;&gt; # lesk: The lines &#39;Overlaps: 1 x &#34;the&#34;  1 x &#34;small&#34;  1 x &#34;of&#34;  2 x &#34;any&#34;
&gt;&gt; &gt;&gt; 1 x &#34;in the&#34;  1 x &#34;or&#34;  1 x &#34;resembling the&#34;  1 x &#34;and&#34;  &#39; and
</div>&gt;&gt; &#39;Overlaps: 1
<div class="message-stanza open">&gt;&gt; &gt;&gt; x &#34;the&#34;  1 x &#34;small&#34;  1 x &#34;in the&#34;  1 x &#34;or&#34;  1 x &#34;of&#34;  1 x &#34;resembling
&gt;&gt; &gt;&gt; the&#34;  2 x &#34;any&#34;  1 x &#34;and&#34;  &#39; differ
&gt;&gt; &gt;&gt; t/trace.t ......... 121/132 # Looks like you failed 1 test of 132.
&gt;&gt; &gt;&gt; t/trace.t ......... Dubious, test returned 1 &#40;wstat 256, 0x100&#41;
&gt;&gt; &gt;&gt; Failed 1/132 subtests
&gt;&gt; &gt;&gt; t/vector.t ........ ok
&gt;&gt; &gt;&gt; t/vector_pairs.t .. ok
&gt;&gt; &gt;&gt; t/wn30loop.t ...... ok
&gt;&gt; &gt;&gt; t/wup.t ........... ok
&gt;&gt; &gt;&gt;
&gt;&gt; &gt;&gt; Test Summary Report
&gt;&gt; &gt;&gt; -------------------
&gt;&gt; &gt;&gt; t/trace.t       &#40;Wstat: 256 Tests: 132 Failed: 1&#41;
&gt;&gt; &gt;&gt;  Failed test:  76
&gt;&gt; &gt;&gt;  Non-zero exit status: 1
&gt;&gt; &gt;&gt; Files=22, Tests=2027, 134 wallclock secs &#40; 0.44 usr  0.06 sys + 128.26
&gt;&gt; &gt;&gt; cusr  4.94 csys = 133.70 CPU&#41;
&gt;&gt; &gt;&gt; Result: FAIL
&gt;&gt; &gt;&gt; Failed 1/22 test programs. 1/2027 subtests failed.
&gt;&gt; &gt;&gt; make: *** [test_dynamic] Error 255
&gt;&gt; &gt;&gt;
&gt;&gt; &gt;&gt;
&gt;&gt; &gt;&gt; Please could you help me fix this, i am stuck. I need to use it for my
&gt;&gt; &gt;&gt; project and i am under a lot of time-pressure.
&gt;&gt; &gt;&gt; Thanks a lot once again
&gt;&gt; &gt;&gt;
&gt;&gt; &gt;&gt; Nishant Sharma
&gt;&gt; &gt;&gt; IIT Madras, India
&gt;&gt; &gt;&gt;
</div>&gt;&gt;
&gt;&gt;
&gt;&gt;
</div>&gt;
</div>


-- 
Ted Pedersen
<span class="clickylink"><a target="new" rel="nofollow" href="http://www.d.umn.edu/~tpederse">http://www.d.umn.edu/~tpederse</a></span>
</div></div>
    </div>
</div>
</div>
<div class="ticket-transaction basics Status odd">
<div class="ticket-transaction">
  <div class="metadata">
    <span class="type">
      <a name="txn-1229028" href="/Public/Bug/Display.html?id=86437#txn-1229028">#</a>      
    </span>
    <span class="date">Wed&nbsp;Jun&nbsp;26&nbsp;20:09:54&nbsp;2013</span>
    <span class="description">The RT System itself -  Status changed from &#39;new&#39; to &#39;open&#39;</span>
    <span class="time-taken"></span>    <span class="actions hidden"></span>
  </div>
    <div class="content">
    </div>
</div>
</div>
<div class="ticket-transaction message Correspond even">
<div class="ticket-transaction">
  <div class="metadata">
    <span class="type">
      <a name="txn-1229134" href="/Public/Bug/Display.html?id=86437#txn-1229134">#</a>      
    </span>
    <span class="date">Thu&nbsp;Jun&nbsp;27&nbsp;05:26:19&nbsp;2013</span>
    <span class="description">nishantsharma486 [...] gmail.com -  Correspondence added</span>
    <span class="time-taken"></span>    <span class="actions hidden"></span>
  </div>
    <div class="content">
      
<table>
  <tr>
    <td align="right" class="message-header-key">Subject:</td>
    <td class="message-header-value"> Re: [rt.cpan.org #86437] Re: [rt.cpan.org #86440] Re: Failure of &#34;make test&#34; step</td>
  </tr>
  <tr>
    <td align="right" class="message-header-key">Date:</td>
    <td class="message-header-value"> Thu, 27 Jun 2013 14:55:59 +0530</td>
  </tr>
  <tr>
    <td align="right" class="message-header-key">To:</td>
    <td class="message-header-value"> bug-WordNet-Similarity [...] rt.cpan.org</td>
  </tr>
  <tr>
    <td align="right" class="message-header-key">From:</td>
    <td class="message-header-value"> nishant sharma &lt;nishantsharma486 [...] gmail.com&gt;</td>
  </tr>
</table>
<div class="messageattachments">
<div class="downloadattachment">
<a href="/Ticket/Attachment/1229134/649423/">Download &#40;untitled&#41;</a> / <a href="/Ticket/Attachment/WithHeaders/649423">with headers</a>
<br />
<span class="downloadcontenttype">text/plain 6.6k</span>
</div>
<div class="messagebody">
<div class="message-stanza plain-text-white-space">Sir,

Its a pleasure to  hear from you.
I have installed the application using &#34;make test&#34;. And its working for now.
Also i ran the test for lesk, following your instructions. The lesk test
seemed fine but not so for trace &#40;perl trace.t&#41;. Following are the details
of the test:

.
.
.
ok 10 - use WordNet::Similarity::res;
ok 11 - use WordNet::Similarity::wup;
ok 12 - use File::Spec;
ok 13 - use File::Copy;
ok 14
ok 15
ok 16
ok 17
not ok 18
#   Failed test at trace.t line 99.
readline&#40;&#41; on closed filehandle WNF at trace.t line 100.
not ok 19
#   Failed test at trace.t line 101.
not ok 20
#   Failed test at trace.t line 106.
ok 21 # skip Hash-code of key file&#40;s&#41; does not match installed WordNet
ok 22 # skip Hash-code of key file&#40;s&#41; does not match installed WordNet
.
.
.
ok 132 # skip Hash-code of key file&#40;s&#41; does not match installed WordNet
# Looks like you failed 3 tests of 132.

What surprises me is that at the &#34;make test&#34; step only 1 test of 132
failed, but now 3 have failed.

Thanks


On Thu, Jun 27, 2013 at 5:39 AM, tpederse@d.umn.edu via RT &lt;
bug-WordNet-Similarity@rt.cpan.org&gt; wrote:

<span
    class="message-stanza-folder closed"
    onclick="fold_message_stanza(this, 'Show\x20quoted\x20text', 'Hide\x20quoted\x20text');">Show quoted text</span><br /><div class="message-stanza closed">&gt; &lt;URL: <span class="clickylink"><a target="new" rel="nofollow" href="https://rt.cpan.org/Ticket/Display.html?id=86437">https://rt.cpan.org/Ticket/Display.html?id=86437</a></span> &gt;
&gt;
&gt; I&#39;m running WordNet::Similarity on Ubuntu 12.04 with WordNet-3.0 and
&gt; can&#39;t recreate this particular issue, so I&#39;m a little uncertain about
&gt; what might be happening. I think sometimes lesk related testing errors
&gt; can have to do with the configuration file being used &#40;or not&#41;,
&gt; although that most often seems to happen on Windows.
&gt;
&gt; So, I think for the moment at least I&#39;d suggest going ahead and
&gt; forcing the install. You can do that on cpan via
&gt;
&gt; cpan
<div class="message-stanza open">&gt; &gt; force install WordNet::Similarity
</div>&gt;
&gt; This will in effect tell the installer to ignore the make test errors.
&gt; If you did not use cpan and simply installed after downloading that
&gt; tar file, you can just go ahead and run
&gt;
&gt; make install
&gt;
&gt; to finish up the install.
&gt;
&gt; I would suggest that after you have installed that you go back and run
&gt; the lesk test again. It might be that in the process of installation
&gt; this issue is resolved. You can do that by doing the following from
&gt; within the WordNet::Similarity home directory...
&gt;
&gt; cd t
&gt; perl lesk.t
&gt;
&gt; I hope this helps!
&gt;
&gt; Good luck,
&gt; Ted
&gt;
&gt;
&gt; On Wed, Jun 26, 2013 at 10:58 AM, nishant sharma via RT
&gt; &lt;bug-WordNet-Similarity@rt.cpan.org&gt; wrote:
<div class="message-stanza open">&gt; &gt;        Queue: WordNet-Similarity
&gt; &gt;  Ticket &lt;URL: <span class="clickylink"><a target="new" rel="nofollow" href="https://rt.cpan.org/Ticket/Display.html?id=86437">https://rt.cpan.org/Ticket/Display.html?id=86437</a></span> &gt;
&gt; &gt;
&gt; &gt; I am using Ubuntu&#40;version 12.10&#41; and WordNet-3.0
&gt; &gt;
&gt; &gt;
&gt; &gt; On Wed, Jun 26, 2013 at 8:20 PM, Siddharth Patwardhan via RT &lt;
&gt; &gt; bug-WordNet-Similarity@rt.cpan.org&gt; wrote:
&gt; &gt;
<div class="message-stanza open">&gt; &gt;&gt; &lt;URL: <span class="clickylink"><a target="new" rel="nofollow" href="https://rt.cpan.org/Ticket/Display.html?id=86440">https://rt.cpan.org/Ticket/Display.html?id=86440</a></span> &gt;
&gt; &gt;&gt;
&gt; &gt;&gt; Yes, it is possible to install despite the &#34;make test&#34; failure.
&gt; &gt;&gt; However, the test failure may indicate more fundamental problems, which
&gt; &gt;&gt; could manifest themselves later.
&gt; &gt;&gt;
&gt; &gt;&gt; Can you give us more details about your system: which OS &#40;linux,
</div></div>&gt; windows,
<div class="message-stanza open"><div class="message-stanza open">&gt; &gt;&gt; mac&#41;? which version of WordNet?
&gt; &gt;&gt;
&gt; &gt;&gt; -- Sid.
&gt; &gt;&gt;
&gt; &gt;&gt;
&gt; &gt;&gt; On Jun 26, 2013, at 10:39 AM, &#34;nishant sharma via RT&#34; &lt;
&gt; &gt;&gt; bug-WordNet-Similarity@rt.cpan.org&gt; wrote:
&gt; &gt;&gt;
<div class="message-stanza open">&gt; &gt;&gt; &gt; Wed Jun 26 10:39:20 2013: Request 86440 was acted upon.
&gt; &gt;&gt; &gt; Transaction: Ticket created by nishantsharma486@gmail.com
&gt; &gt;&gt; &gt;       Queue: WordNet-Similarity
&gt; &gt;&gt; &gt;     Subject: Re: Failure of &#34;make test&#34; step
&gt; &gt;&gt; &gt;   Broken in: &#40;no value&#41;
&gt; &gt;&gt; &gt;    Severity: &#40;no value&#41;
&gt; &gt;&gt; &gt;       Owner: Nobody
&gt; &gt;&gt; &gt;  Requestors: nishantsharma486@gmail.com
&gt; &gt;&gt; &gt;      Status: new
&gt; &gt;&gt; &gt; Ticket &lt;URL: <span class="clickylink"><a target="new" rel="nofollow" href="https://rt.cpan.org/Ticket/Display.html?id=86440">https://rt.cpan.org/Ticket/Display.html?id=86440</a></span> &gt;
&gt; &gt;&gt; &gt;
&gt; &gt;&gt; &gt;
&gt; &gt;&gt; &gt; Also, is it possible to install it despite the failure of &#34;make
</div></div></div>&gt; test&#34;? So
<div class="message-stanza open"><div class="message-stanza open">&gt; &gt;&gt; &gt; that i could move forward.
&gt; &gt;&gt; &gt; Thanks again.
&gt; &gt;&gt; &gt;
&gt; &gt;&gt; &gt;
&gt; &gt;&gt; &gt; On Wed, Jun 26, 2013 at 8:05 PM, nishant sharma
&gt; &gt;&gt; &gt; &lt;nishantsharma486@gmail.com&gt;wrote:
&gt; &gt;&gt; &gt;
<div class="message-stanza open">&gt; &gt;&gt; &gt;&gt; Hi,
&gt; &gt;&gt; &gt;&gt;
&gt; &gt;&gt; &gt;&gt; First of all a big thanks to the whole team for making such tools
</div></div></div>&gt; that
<div class="message-stanza open"><div class="message-stanza open">&gt; &gt;&gt; &gt;&gt; are, for students like me and researchers, very useful.
&gt; &gt;&gt; &gt;&gt;
&gt; &gt;&gt; &gt;&gt; I would like to report a bug i encountered during the installation of
&gt; &gt;&gt; &gt;&gt; Wordnet-Similarity-2.05. I have installed all the pre-requisites
&gt; &gt;&gt; &gt;&gt; successfully. Also to the best of my knowledge, the &#34;perl
</div></div>&gt; Makefile.PL&#34;
<div class="message-stanza open"><div class="message-stanza open">&gt; &gt;&gt; and
<div class="message-stanza open">&gt; &gt;&gt; &gt;&gt; &#34;make&#34; steps were successful as well. But the next step, i.e. &#34;make
</div>&gt; &gt;&gt; test&#34;,
<div class="message-stanza open">&gt; &gt;&gt; &gt;&gt; failed. Following are the details of its execution:
&gt; &gt;&gt; &gt;&gt;
&gt; &gt;&gt; &gt;&gt; nishant@nishant-Inspiron-1545:~/Downloads/WordNet-Similarity-2.05$
</div></div></div>&gt; make
<div class="message-stanza open"><div class="message-stanza open"><div class="message-stanza open">&gt; &gt;&gt; &gt;&gt; test
&gt; &gt;&gt; &gt;&gt; PERL_DL_NONLAZY=1 /usr/bin/perl &#34;-MExtUtils::Command::MM&#34; &#34;-e&#34;
&gt; &gt;&gt; &gt;&gt; &#34;test_harness&#40;0, &#39;blib/lib&#39;, &#39;blib/arch&#39;&#41;&#34; t/*.t
&gt; &gt;&gt; &gt;&gt; t/access.t ........ ok
&gt; &gt;&gt; &gt;&gt; t/hso.t ........... ok
&gt; &gt;&gt; &gt;&gt; t/ICFinder.t ...... ok
&gt; &gt;&gt; &gt;&gt; t/jcn.t ........... ok
&gt; &gt;&gt; &gt;&gt; t/lch.t ........... ok
&gt; &gt;&gt; &gt;&gt; t/lesk.t .......... ok
&gt; &gt;&gt; &gt;&gt; t/lin.t ........... ok
&gt; &gt;&gt; &gt;&gt; t/offsetwps.t ..... ok
&gt; &gt;&gt; &gt;&gt; t/pairs-noroot.t .. ok
&gt; &gt;&gt; &gt;&gt; t/pairs.t ......... ok
&gt; &gt;&gt; &gt;&gt; t/path.t .......... ok
&gt; &gt;&gt; &gt;&gt; t/PathFinder.t .... ok
&gt; &gt;&gt; &gt;&gt; t/pod-coverage.t .. skipped: Test::Pod::Coverage 1.00 required for
</div>&gt; &gt;&gt; testing
<div class="message-stanza open">&gt; &gt;&gt; &gt;&gt; POD coverage
&gt; &gt;&gt; &gt;&gt; t/pod-doc.t ....... skipped: Test::Pod 1.00 required for testing POD
&gt; &gt;&gt; &gt;&gt; t/pod.t ........... skipped: Test::Pod 1.00 required for testing POD
&gt; &gt;&gt; &gt;&gt; t/random.t ........ ok
&gt; &gt;&gt; &gt;&gt; t/res.t ........... ok
&gt; &gt;&gt; &gt;&gt; t/trace.t ......... 51/132
&gt; &gt;&gt; &gt;&gt; #   Failed test at t/trace.t line 141.
&gt; &gt;&gt; &gt;&gt; #          got: &#39;4&#39;
&gt; &gt;&gt; &gt;&gt; #     expected: &#39;0&#39;
&gt; &gt;&gt; &gt;&gt; # lesk: The lines &#39;Overlaps: 1 x &#34;the&#34;  1 x &#34;small&#34;  1 x &#34;of&#34;  2 x
</div></div></div>&gt; &#34;any&#34;
<div class="message-stanza open"><div class="message-stanza open"><div class="message-stanza open">&gt; &gt;&gt; &gt;&gt; 1 x &#34;in the&#34;  1 x &#34;or&#34;  1 x &#34;resembling the&#34;  1 x &#34;and&#34;  &#39; and
</div>&gt; &gt;&gt; &#39;Overlaps: 1
<div class="message-stanza open">&gt; &gt;&gt; &gt;&gt; x &#34;the&#34;  1 x &#34;small&#34;  1 x &#34;in the&#34;  1 x &#34;or&#34;  1 x &#34;of&#34;  1 x
</div></div></div>&gt; &#34;resembling
<div class="message-stanza open"><div class="message-stanza open">&gt; &gt;&gt; &gt;&gt; the&#34;  2 x &#34;any&#34;  1 x &#34;and&#34;  &#39; differ
&gt; &gt;&gt; &gt;&gt; t/trace.t ......... 121/132 # Looks like you failed 1 test of 132.
&gt; &gt;&gt; &gt;&gt; t/trace.t ......... Dubious, test returned 1 &#40;wstat 256, 0x100&#41;
&gt; &gt;&gt; &gt;&gt; Failed 1/132 subtests
&gt; &gt;&gt; &gt;&gt; t/vector.t ........ ok
&gt; &gt;&gt; &gt;&gt; t/vector_pairs.t .. ok
&gt; &gt;&gt; &gt;&gt; t/wn30loop.t ...... ok
&gt; &gt;&gt; &gt;&gt; t/wup.t ........... ok
&gt; &gt;&gt; &gt;&gt;
&gt; &gt;&gt; &gt;&gt; Test Summary Report
&gt; &gt;&gt; &gt;&gt; -------------------
&gt; &gt;&gt; &gt;&gt; t/trace.t       &#40;Wstat: 256 Tests: 132 Failed: 1&#41;
&gt; &gt;&gt; &gt;&gt;  Failed test:  76
&gt; &gt;&gt; &gt;&gt;  Non-zero exit status: 1
&gt; &gt;&gt; &gt;&gt; Files=22, Tests=2027, 134 wallclock secs &#40; 0.44 usr  0.06 sys +
</div></div>&gt; 128.26
<div class="message-stanza open"><div class="message-stanza open">&gt; &gt;&gt; &gt;&gt; cusr  4.94 csys = 133.70 CPU&#41;
&gt; &gt;&gt; &gt;&gt; Result: FAIL
&gt; &gt;&gt; &gt;&gt; Failed 1/22 test programs. 1/2027 subtests failed.
&gt; &gt;&gt; &gt;&gt; make: *** [test_dynamic] Error 255
&gt; &gt;&gt; &gt;&gt;
&gt; &gt;&gt; &gt;&gt;
&gt; &gt;&gt; &gt;&gt; Please could you help me fix this, i am stuck. I need to use it for
</div></div>&gt; my
<div class="message-stanza open"><div class="message-stanza open"><div class="message-stanza open">&gt; &gt;&gt; &gt;&gt; project and i am under a lot of time-pressure.
&gt; &gt;&gt; &gt;&gt; Thanks a lot once again
&gt; &gt;&gt; &gt;&gt;
&gt; &gt;&gt; &gt;&gt; Nishant Sharma
&gt; &gt;&gt; &gt;&gt; IIT Madras, India
&gt; &gt;&gt; &gt;&gt;
</div>&gt; &gt;&gt;
&gt; &gt;&gt;
&gt; &gt;&gt;
</div>&gt; &gt;
</div>&gt;
&gt;
&gt;
&gt; --
&gt; Ted Pedersen
&gt; <span class="clickylink"><a target="new" rel="nofollow" href="http://www.d.umn.edu/~tpederse">http://www.d.umn.edu/~tpederse</a></span>
&gt;
&gt;
</div></div></div>
<div class="downloadattachment">
<a href="/Ticket/Attachment/1229134/649424/">Download &#40;untitled&#41;</a> / <a href="/Ticket/Attachment/WithHeaders/649424">with headers</a>
<br />
<span class="downloadcontenttype">text/html 9.8k</span>
</div>
<div class="messagebody">
</div>
</div>
    </div>
</div>
</div>
<div class="ticket-transaction message Correspond odd">
<div class="ticket-transaction">
  <div class="metadata">
    <span class="type">
      <a name="txn-1229136" href="/Public/Bug/Display.html?id=86437#txn-1229136">#</a>      
    </span>
    <span class="date">Thu&nbsp;Jun&nbsp;27&nbsp;05:27:12&nbsp;2013</span>
    <span class="description">nishantsharma486 [...] gmail.com -  Correspondence added</span>
    <span class="time-taken"></span>    <span class="actions hidden"></span>
  </div>
    <div class="content">
      
<table>
  <tr>
    <td align="right" class="message-header-key">Subject:</td>
    <td class="message-header-value"> Re: [rt.cpan.org #86437] Re: [rt.cpan.org #86440] Re: Failure of &#34;make test&#34; step</td>
  </tr>
  <tr>
    <td align="right" class="message-header-key">Date:</td>
    <td class="message-header-value"> Thu, 27 Jun 2013 14:56:57 +0530</td>
  </tr>
  <tr>
    <td align="right" class="message-header-key">To:</td>
    <td class="message-header-value"> bug-WordNet-Similarity [...] rt.cpan.org</td>
  </tr>
  <tr>
    <td align="right" class="message-header-key">From:</td>
    <td class="message-header-value"> nishant sharma &lt;nishantsharma486 [...] gmail.com&gt;</td>
  </tr>
</table>
<div class="messageattachments">
<div class="downloadattachment">
<a href="/Ticket/Attachment/1229136/649427/">Download &#40;untitled&#41;</a> / <a href="/Ticket/Attachment/WithHeaders/649427">with headers</a>
<br />
<span class="downloadcontenttype">text/plain 7k</span>
</div>
<div class="messagebody">
<div class="message-stanza plain-text-white-space">installed using &#34;make install&#34;, correction


On Thu, Jun 27, 2013 at 2:55 PM, nishant sharma
&lt;nishantsharma486@gmail.com&gt;wrote:

<span
    class="message-stanza-folder closed"
    onclick="fold_message_stanza(this, 'Show\x20quoted\x20text', 'Hide\x20quoted\x20text');">Show quoted text</span><br /><div class="message-stanza closed">&gt; Sir,
&gt;
&gt; Its a pleasure to  hear from you.
&gt; I have installed the application using &#34;make test&#34;. And its working for
&gt; now.
&gt; Also i ran the test for lesk, following your instructions. The lesk test
&gt; seemed fine but not so for trace &#40;perl trace.t&#41;. Following are the details
&gt; of the test:
&gt;
&gt; .
&gt; .
&gt; .
&gt; ok 10 - use WordNet::Similarity::res;
&gt; ok 11 - use WordNet::Similarity::wup;
&gt; ok 12 - use File::Spec;
&gt; ok 13 - use File::Copy;
&gt; ok 14
&gt; ok 15
&gt; ok 16
&gt; ok 17
&gt; not ok 18
&gt; #   Failed test at trace.t line 99.
&gt; readline&#40;&#41; on closed filehandle WNF at trace.t line 100.
&gt; not ok 19
&gt; #   Failed test at trace.t line 101.
&gt; not ok 20
&gt; #   Failed test at trace.t line 106.
&gt; ok 21 # skip Hash-code of key file&#40;s&#41; does not match installed WordNet
&gt; ok 22 # skip Hash-code of key file&#40;s&#41; does not match installed WordNet
&gt; .
&gt; .
&gt; .
&gt; ok 132 # skip Hash-code of key file&#40;s&#41; does not match installed WordNet
&gt; # Looks like you failed 3 tests of 132.
&gt;
&gt; What surprises me is that at the &#34;make test&#34; step only 1 test of 132
&gt; failed, but now 3 have failed.
&gt;
&gt; Thanks
&gt;
&gt;
&gt; On Thu, Jun 27, 2013 at 5:39 AM, tpederse@d.umn.edu via RT &lt;
&gt; bug-WordNet-Similarity@rt.cpan.org&gt; wrote:
&gt;
<div class="message-stanza open">&gt;&gt; &lt;URL: <span class="clickylink"><a target="new" rel="nofollow" href="https://rt.cpan.org/Ticket/Display.html?id=86437">https://rt.cpan.org/Ticket/Display.html?id=86437</a></span> &gt;
&gt;&gt;
&gt;&gt; I&#39;m running WordNet::Similarity on Ubuntu 12.04 with WordNet-3.0 and
&gt;&gt; can&#39;t recreate this particular issue, so I&#39;m a little uncertain about
&gt;&gt; what might be happening. I think sometimes lesk related testing errors
&gt;&gt; can have to do with the configuration file being used &#40;or not&#41;,
&gt;&gt; although that most often seems to happen on Windows.
&gt;&gt;
&gt;&gt; So, I think for the moment at least I&#39;d suggest going ahead and
&gt;&gt; forcing the install. You can do that on cpan via
&gt;&gt;
&gt;&gt; cpan
<div class="message-stanza open">&gt;&gt; &gt; force install WordNet::Similarity
</div>&gt;&gt;
&gt;&gt; This will in effect tell the installer to ignore the make test errors.
&gt;&gt; If you did not use cpan and simply installed after downloading that
&gt;&gt; tar file, you can just go ahead and run
&gt;&gt;
&gt;&gt; make install
&gt;&gt;
&gt;&gt; to finish up the install.
&gt;&gt;
&gt;&gt; I would suggest that after you have installed that you go back and run
&gt;&gt; the lesk test again. It might be that in the process of installation
&gt;&gt; this issue is resolved. You can do that by doing the following from
&gt;&gt; within the WordNet::Similarity home directory...
&gt;&gt;
&gt;&gt; cd t
&gt;&gt; perl lesk.t
&gt;&gt;
&gt;&gt; I hope this helps!
&gt;&gt;
&gt;&gt; Good luck,
&gt;&gt; Ted
&gt;&gt;
&gt;&gt;
&gt;&gt; On Wed, Jun 26, 2013 at 10:58 AM, nishant sharma via RT
&gt;&gt; &lt;bug-WordNet-Similarity@rt.cpan.org&gt; wrote:
<div class="message-stanza open">&gt;&gt; &gt;        Queue: WordNet-Similarity
&gt;&gt; &gt;  Ticket &lt;URL: <span class="clickylink"><a target="new" rel="nofollow" href="https://rt.cpan.org/Ticket/Display.html?id=86437">https://rt.cpan.org/Ticket/Display.html?id=86437</a></span> &gt;
&gt;&gt; &gt;
&gt;&gt; &gt; I am using Ubuntu&#40;version 12.10&#41; and WordNet-3.0
&gt;&gt; &gt;
&gt;&gt; &gt;
&gt;&gt; &gt; On Wed, Jun 26, 2013 at 8:20 PM, Siddharth Patwardhan via RT &lt;
&gt;&gt; &gt; bug-WordNet-Similarity@rt.cpan.org&gt; wrote:
&gt;&gt; &gt;
<div class="message-stanza open">&gt;&gt; &gt;&gt; &lt;URL: <span class="clickylink"><a target="new" rel="nofollow" href="https://rt.cpan.org/Ticket/Display.html?id=86440">https://rt.cpan.org/Ticket/Display.html?id=86440</a></span> &gt;
&gt;&gt; &gt;&gt;
&gt;&gt; &gt;&gt; Yes, it is possible to install despite the &#34;make test&#34; failure.
&gt;&gt; &gt;&gt; However, the test failure may indicate more fundamental problems, which
&gt;&gt; &gt;&gt; could manifest themselves later.
&gt;&gt; &gt;&gt;
&gt;&gt; &gt;&gt; Can you give us more details about your system: which OS &#40;linux,
</div></div>&gt;&gt; windows,
<div class="message-stanza open"><div class="message-stanza open">&gt;&gt; &gt;&gt; mac&#41;? which version of WordNet?
&gt;&gt; &gt;&gt;
&gt;&gt; &gt;&gt; -- Sid.
&gt;&gt; &gt;&gt;
&gt;&gt; &gt;&gt;
&gt;&gt; &gt;&gt; On Jun 26, 2013, at 10:39 AM, &#34;nishant sharma via RT&#34; &lt;
&gt;&gt; &gt;&gt; bug-WordNet-Similarity@rt.cpan.org&gt; wrote:
&gt;&gt; &gt;&gt;
<div class="message-stanza open">&gt;&gt; &gt;&gt; &gt; Wed Jun 26 10:39:20 2013: Request 86440 was acted upon.
&gt;&gt; &gt;&gt; &gt; Transaction: Ticket created by nishantsharma486@gmail.com
&gt;&gt; &gt;&gt; &gt;       Queue: WordNet-Similarity
&gt;&gt; &gt;&gt; &gt;     Subject: Re: Failure of &#34;make test&#34; step
&gt;&gt; &gt;&gt; &gt;   Broken in: &#40;no value&#41;
&gt;&gt; &gt;&gt; &gt;    Severity: &#40;no value&#41;
&gt;&gt; &gt;&gt; &gt;       Owner: Nobody
&gt;&gt; &gt;&gt; &gt;  Requestors: nishantsharma486@gmail.com
&gt;&gt; &gt;&gt; &gt;      Status: new
&gt;&gt; &gt;&gt; &gt; Ticket &lt;URL: <span class="clickylink"><a target="new" rel="nofollow" href="https://rt.cpan.org/Ticket/Display.html?id=86440">https://rt.cpan.org/Ticket/Display.html?id=86440</a></span> &gt;
&gt;&gt; &gt;&gt; &gt;
&gt;&gt; &gt;&gt; &gt;
&gt;&gt; &gt;&gt; &gt; Also, is it possible to install it despite the failure of &#34;make
</div></div></div>&gt;&gt; test&#34;? So
<div class="message-stanza open"><div class="message-stanza open">&gt;&gt; &gt;&gt; &gt; that i could move forward.
&gt;&gt; &gt;&gt; &gt; Thanks again.
&gt;&gt; &gt;&gt; &gt;
&gt;&gt; &gt;&gt; &gt;
&gt;&gt; &gt;&gt; &gt; On Wed, Jun 26, 2013 at 8:05 PM, nishant sharma
&gt;&gt; &gt;&gt; &gt; &lt;nishantsharma486@gmail.com&gt;wrote:
&gt;&gt; &gt;&gt; &gt;
<div class="message-stanza open">&gt;&gt; &gt;&gt; &gt;&gt; Hi,
&gt;&gt; &gt;&gt; &gt;&gt;
&gt;&gt; &gt;&gt; &gt;&gt; First of all a big thanks to the whole team for making such tools
</div></div></div>&gt;&gt; that
<div class="message-stanza open"><div class="message-stanza open">&gt;&gt; &gt;&gt; &gt;&gt; are, for students like me and researchers, very useful.
&gt;&gt; &gt;&gt; &gt;&gt;
&gt;&gt; &gt;&gt; &gt;&gt; I would like to report a bug i encountered during the installation
</div></div>&gt;&gt; of
<div class="message-stanza open"><div class="message-stanza open">&gt;&gt; &gt;&gt; &gt;&gt; Wordnet-Similarity-2.05. I have installed all the pre-requisites
&gt;&gt; &gt;&gt; &gt;&gt; successfully. Also to the best of my knowledge, the &#34;perl
</div></div>&gt;&gt; Makefile.PL&#34;
<div class="message-stanza open"><div class="message-stanza open">&gt;&gt; &gt;&gt; and
<div class="message-stanza open">&gt;&gt; &gt;&gt; &gt;&gt; &#34;make&#34; steps were successful as well. But the next step, i.e. &#34;make
</div>&gt;&gt; &gt;&gt; test&#34;,
<div class="message-stanza open">&gt;&gt; &gt;&gt; &gt;&gt; failed. Following are the details of its execution:
&gt;&gt; &gt;&gt; &gt;&gt;
&gt;&gt; &gt;&gt; &gt;&gt; nishant@nishant-Inspiron-1545:~/Downloads/WordNet-Similarity-2.05$
</div></div></div>&gt;&gt; make
<div class="message-stanza open"><div class="message-stanza open"><div class="message-stanza open">&gt;&gt; &gt;&gt; &gt;&gt; test
&gt;&gt; &gt;&gt; &gt;&gt; PERL_DL_NONLAZY=1 /usr/bin/perl &#34;-MExtUtils::Command::MM&#34; &#34;-e&#34;
&gt;&gt; &gt;&gt; &gt;&gt; &#34;test_harness&#40;0, &#39;blib/lib&#39;, &#39;blib/arch&#39;&#41;&#34; t/*.t
&gt;&gt; &gt;&gt; &gt;&gt; t/access.t ........ ok
&gt;&gt; &gt;&gt; &gt;&gt; t/hso.t ........... ok
&gt;&gt; &gt;&gt; &gt;&gt; t/ICFinder.t ...... ok
&gt;&gt; &gt;&gt; &gt;&gt; t/jcn.t ........... ok
&gt;&gt; &gt;&gt; &gt;&gt; t/lch.t ........... ok
&gt;&gt; &gt;&gt; &gt;&gt; t/lesk.t .......... ok
&gt;&gt; &gt;&gt; &gt;&gt; t/lin.t ........... ok
&gt;&gt; &gt;&gt; &gt;&gt; t/offsetwps.t ..... ok
&gt;&gt; &gt;&gt; &gt;&gt; t/pairs-noroot.t .. ok
&gt;&gt; &gt;&gt; &gt;&gt; t/pairs.t ......... ok
&gt;&gt; &gt;&gt; &gt;&gt; t/path.t .......... ok
&gt;&gt; &gt;&gt; &gt;&gt; t/PathFinder.t .... ok
&gt;&gt; &gt;&gt; &gt;&gt; t/pod-coverage.t .. skipped: Test::Pod::Coverage 1.00 required for
</div>&gt;&gt; &gt;&gt; testing
<div class="message-stanza open">&gt;&gt; &gt;&gt; &gt;&gt; POD coverage
&gt;&gt; &gt;&gt; &gt;&gt; t/pod-doc.t ....... skipped: Test::Pod 1.00 required for testing POD
&gt;&gt; &gt;&gt; &gt;&gt; t/pod.t ........... skipped: Test::Pod 1.00 required for testing POD
&gt;&gt; &gt;&gt; &gt;&gt; t/random.t ........ ok
&gt;&gt; &gt;&gt; &gt;&gt; t/res.t ........... ok
&gt;&gt; &gt;&gt; &gt;&gt; t/trace.t ......... 51/132
&gt;&gt; &gt;&gt; &gt;&gt; #   Failed test at t/trace.t line 141.
&gt;&gt; &gt;&gt; &gt;&gt; #          got: &#39;4&#39;
&gt;&gt; &gt;&gt; &gt;&gt; #     expected: &#39;0&#39;
&gt;&gt; &gt;&gt; &gt;&gt; # lesk: The lines &#39;Overlaps: 1 x &#34;the&#34;  1 x &#34;small&#34;  1 x &#34;of&#34;  2 x
</div></div></div>&gt;&gt; &#34;any&#34;
<div class="message-stanza open"><div class="message-stanza open"><div class="message-stanza open">&gt;&gt; &gt;&gt; &gt;&gt; 1 x &#34;in the&#34;  1 x &#34;or&#34;  1 x &#34;resembling the&#34;  1 x &#34;and&#34;  &#39; and
</div>&gt;&gt; &gt;&gt; &#39;Overlaps: 1
<div class="message-stanza open">&gt;&gt; &gt;&gt; &gt;&gt; x &#34;the&#34;  1 x &#34;small&#34;  1 x &#34;in the&#34;  1 x &#34;or&#34;  1 x &#34;of&#34;  1 x
</div></div></div>&gt;&gt; &#34;resembling
<div class="message-stanza open"><div class="message-stanza open">&gt;&gt; &gt;&gt; &gt;&gt; the&#34;  2 x &#34;any&#34;  1 x &#34;and&#34;  &#39; differ
&gt;&gt; &gt;&gt; &gt;&gt; t/trace.t ......... 121/132 # Looks like you failed 1 test of 132.
&gt;&gt; &gt;&gt; &gt;&gt; t/trace.t ......... Dubious, test returned 1 &#40;wstat 256, 0x100&#41;
&gt;&gt; &gt;&gt; &gt;&gt; Failed 1/132 subtests
&gt;&gt; &gt;&gt; &gt;&gt; t/vector.t ........ ok
&gt;&gt; &gt;&gt; &gt;&gt; t/vector_pairs.t .. ok
&gt;&gt; &gt;&gt; &gt;&gt; t/wn30loop.t ...... ok
&gt;&gt; &gt;&gt; &gt;&gt; t/wup.t ........... ok
&gt;&gt; &gt;&gt; &gt;&gt;
&gt;&gt; &gt;&gt; &gt;&gt; Test Summary Report
&gt;&gt; &gt;&gt; &gt;&gt; -------------------
&gt;&gt; &gt;&gt; &gt;&gt; t/trace.t       &#40;Wstat: 256 Tests: 132 Failed: 1&#41;
&gt;&gt; &gt;&gt; &gt;&gt;  Failed test:  76
&gt;&gt; &gt;&gt; &gt;&gt;  Non-zero exit status: 1
&gt;&gt; &gt;&gt; &gt;&gt; Files=22, Tests=2027, 134 wallclock secs &#40; 0.44 usr  0.06 sys +
</div></div>&gt;&gt; 128.26
<div class="message-stanza open"><div class="message-stanza open">&gt;&gt; &gt;&gt; &gt;&gt; cusr  4.94 csys = 133.70 CPU&#41;
&gt;&gt; &gt;&gt; &gt;&gt; Result: FAIL
&gt;&gt; &gt;&gt; &gt;&gt; Failed 1/22 test programs. 1/2027 subtests failed.
&gt;&gt; &gt;&gt; &gt;&gt; make: *** [test_dynamic] Error 255
&gt;&gt; &gt;&gt; &gt;&gt;
&gt;&gt; &gt;&gt; &gt;&gt;
&gt;&gt; &gt;&gt; &gt;&gt; Please could you help me fix this, i am stuck. I need to use it for
</div></div>&gt;&gt; my
<div class="message-stanza open"><div class="message-stanza open"><div class="message-stanza open">&gt;&gt; &gt;&gt; &gt;&gt; project and i am under a lot of time-pressure.
&gt;&gt; &gt;&gt; &gt;&gt; Thanks a lot once again
&gt;&gt; &gt;&gt; &gt;&gt;
&gt;&gt; &gt;&gt; &gt;&gt; Nishant Sharma
&gt;&gt; &gt;&gt; &gt;&gt; IIT Madras, India
&gt;&gt; &gt;&gt; &gt;&gt;
</div>&gt;&gt; &gt;&gt;
&gt;&gt; &gt;&gt;
&gt;&gt; &gt;&gt;
</div>&gt;&gt; &gt;
</div>&gt;&gt;
&gt;&gt;
&gt;&gt;
&gt;&gt; --
&gt;&gt; Ted Pedersen
&gt;&gt; <span class="clickylink"><a target="new" rel="nofollow" href="http://www.d.umn.edu/~tpederse">http://www.d.umn.edu/~tpederse</a></span>
&gt;&gt;
&gt;&gt;
</div>&gt;
</div></div></div>
<div class="downloadattachment">
<a href="/Ticket/Attachment/1229136/649428/">Download &#40;untitled&#41;</a> / <a href="/Ticket/Attachment/WithHeaders/649428">with headers</a>
<br />
<span class="downloadcontenttype">text/html 10.4k</span>
</div>
<div class="messagebody">
</div>
</div>
    </div>
</div>
</div>
<div class="ticket-transaction message Correspond even">
<div class="ticket-transaction">
  <div class="metadata">
    <span class="type">
      <a name="txn-1229189" href="/Public/Bug/Display.html?id=86437#txn-1229189">#</a>      
    </span>
    <span class="date">Thu&nbsp;Jun&nbsp;27&nbsp;07:55:14&nbsp;2013</span>
    <span class="description">tpederse [...] d.umn.edu -  Correspondence added</span>
    <span class="time-taken"></span>    <span class="actions hidden"></span>
  </div>
    <div class="content">
      
<table>
  <tr>
    <td align="right" class="message-header-key">Subject:</td>
    <td class="message-header-value"> Re: [rt.cpan.org #86437] Re: [rt.cpan.org #86440] Re: Failure of &#34;make test&#34; step</td>
  </tr>
  <tr>
    <td align="right" class="message-header-key">Date:</td>
    <td class="message-header-value"> Thu, 27 Jun 2013 06:54:56 -0500</td>
  </tr>
  <tr>
    <td align="right" class="message-header-key">To:</td>
    <td class="message-header-value"> bug-WordNet-Similarity [...] rt.cpan.org</td>
  </tr>
  <tr>
    <td align="right" class="message-header-key">From:</td>
    <td class="message-header-value"> Ted Pedersen &lt;tpederse [...] d.umn.edu&gt;</td>
  </tr>
</table>
<div class="downloadattachment">
<a href="/Ticket/Attachment/1229189/649450/">Download &#40;untitled&#41;</a> / <a href="/Ticket/Attachment/WithHeaders/649450">with headers</a>
<br />
<span class="downloadcontenttype">text/plain 7.6k</span>
</div>
<div class="messagebody">
<div class="message-stanza plain-text-white-space">I know that you are using WordNet version 3.0, but where did you
obtain it from? Is this the version from Princton, or perhaps the
Debian packaged version, or ?

The message about the hash code not matching installed WordNet
suggests you might have a different version of WordNet than we are
expecting. I don&#39;t think this should cause you any difficulty, but it
would be good for us to know about this too.

Thanks!
Ted

On Thu, Jun 27, 2013 at 4:26 AM, nishant sharma via RT
&lt;bug-WordNet-Similarity@rt.cpan.org&gt; wrote:
<span
    class="message-stanza-folder closed"
    onclick="fold_message_stanza(this, 'Show\x20quoted\x20text', 'Hide\x20quoted\x20text');">Show quoted text</span><br /><div class="message-stanza closed">&gt;        Queue: WordNet-Similarity
&gt;  Ticket &lt;URL: <span class="clickylink"><a target="new" rel="nofollow" href="https://rt.cpan.org/Ticket/Display.html?id=86437">https://rt.cpan.org/Ticket/Display.html?id=86437</a></span> &gt;
&gt;
&gt; Sir,
&gt;
&gt; Its a pleasure to  hear from you.
&gt; I have installed the application using &#34;make test&#34;. And its working for now.
&gt; Also i ran the test for lesk, following your instructions. The lesk test
&gt; seemed fine but not so for trace &#40;perl trace.t&#41;. Following are the details
&gt; of the test:
&gt;
&gt; .
&gt; .
&gt; .
&gt; ok 10 - use WordNet::Similarity::res;
&gt; ok 11 - use WordNet::Similarity::wup;
&gt; ok 12 - use File::Spec;
&gt; ok 13 - use File::Copy;
&gt; ok 14
&gt; ok 15
&gt; ok 16
&gt; ok 17
&gt; not ok 18
&gt; #   Failed test at trace.t line 99.
&gt; readline&#40;&#41; on closed filehandle WNF at trace.t line 100.
&gt; not ok 19
&gt; #   Failed test at trace.t line 101.
&gt; not ok 20
&gt; #   Failed test at trace.t line 106.
&gt; ok 21 # skip Hash-code of key file&#40;s&#41; does not match installed WordNet
&gt; ok 22 # skip Hash-code of key file&#40;s&#41; does not match installed WordNet
&gt; .
&gt; .
&gt; .
&gt; ok 132 # skip Hash-code of key file&#40;s&#41; does not match installed WordNet
&gt; # Looks like you failed 3 tests of 132.
&gt;
&gt; What surprises me is that at the &#34;make test&#34; step only 1 test of 132
&gt; failed, but now 3 have failed.
&gt;
&gt; Thanks
&gt;
&gt;
&gt; On Thu, Jun 27, 2013 at 5:39 AM, tpederse@d.umn.edu via RT &lt;
&gt; bug-WordNet-Similarity@rt.cpan.org&gt; wrote:
&gt;
<div class="message-stanza open">&gt;&gt; &lt;URL: <span class="clickylink"><a target="new" rel="nofollow" href="https://rt.cpan.org/Ticket/Display.html?id=86437">https://rt.cpan.org/Ticket/Display.html?id=86437</a></span> &gt;
&gt;&gt;
&gt;&gt; I&#39;m running WordNet::Similarity on Ubuntu 12.04 with WordNet-3.0 and
&gt;&gt; can&#39;t recreate this particular issue, so I&#39;m a little uncertain about
&gt;&gt; what might be happening. I think sometimes lesk related testing errors
&gt;&gt; can have to do with the configuration file being used &#40;or not&#41;,
&gt;&gt; although that most often seems to happen on Windows.
&gt;&gt;
&gt;&gt; So, I think for the moment at least I&#39;d suggest going ahead and
&gt;&gt; forcing the install. You can do that on cpan via
&gt;&gt;
&gt;&gt; cpan
<div class="message-stanza open">&gt;&gt; &gt; force install WordNet::Similarity
</div>&gt;&gt;
&gt;&gt; This will in effect tell the installer to ignore the make test errors.
&gt;&gt; If you did not use cpan and simply installed after downloading that
&gt;&gt; tar file, you can just go ahead and run
&gt;&gt;
&gt;&gt; make install
&gt;&gt;
&gt;&gt; to finish up the install.
&gt;&gt;
&gt;&gt; I would suggest that after you have installed that you go back and run
&gt;&gt; the lesk test again. It might be that in the process of installation
&gt;&gt; this issue is resolved. You can do that by doing the following from
&gt;&gt; within the WordNet::Similarity home directory...
&gt;&gt;
&gt;&gt; cd t
&gt;&gt; perl lesk.t
&gt;&gt;
&gt;&gt; I hope this helps!
&gt;&gt;
&gt;&gt; Good luck,
&gt;&gt; Ted
&gt;&gt;
&gt;&gt;
&gt;&gt; On Wed, Jun 26, 2013 at 10:58 AM, nishant sharma via RT
&gt;&gt; &lt;bug-WordNet-Similarity@rt.cpan.org&gt; wrote:
<div class="message-stanza open">&gt;&gt; &gt;        Queue: WordNet-Similarity
&gt;&gt; &gt;  Ticket &lt;URL: <span class="clickylink"><a target="new" rel="nofollow" href="https://rt.cpan.org/Ticket/Display.html?id=86437">https://rt.cpan.org/Ticket/Display.html?id=86437</a></span> &gt;
&gt;&gt; &gt;
&gt;&gt; &gt; I am using Ubuntu&#40;version 12.10&#41; and WordNet-3.0
&gt;&gt; &gt;
&gt;&gt; &gt;
&gt;&gt; &gt; On Wed, Jun 26, 2013 at 8:20 PM, Siddharth Patwardhan via RT &lt;
&gt;&gt; &gt; bug-WordNet-Similarity@rt.cpan.org&gt; wrote:
&gt;&gt; &gt;
<div class="message-stanza open">&gt;&gt; &gt;&gt; &lt;URL: <span class="clickylink"><a target="new" rel="nofollow" href="https://rt.cpan.org/Ticket/Display.html?id=86440">https://rt.cpan.org/Ticket/Display.html?id=86440</a></span> &gt;
&gt;&gt; &gt;&gt;
&gt;&gt; &gt;&gt; Yes, it is possible to install despite the &#34;make test&#34; failure.
&gt;&gt; &gt;&gt; However, the test failure may indicate more fundamental problems, which
&gt;&gt; &gt;&gt; could manifest themselves later.
&gt;&gt; &gt;&gt;
&gt;&gt; &gt;&gt; Can you give us more details about your system: which OS &#40;linux,
</div></div>&gt;&gt; windows,
<div class="message-stanza open"><div class="message-stanza open">&gt;&gt; &gt;&gt; mac&#41;? which version of WordNet?
&gt;&gt; &gt;&gt;
&gt;&gt; &gt;&gt; -- Sid.
&gt;&gt; &gt;&gt;
&gt;&gt; &gt;&gt;
&gt;&gt; &gt;&gt; On Jun 26, 2013, at 10:39 AM, &#34;nishant sharma via RT&#34; &lt;
&gt;&gt; &gt;&gt; bug-WordNet-Similarity@rt.cpan.org&gt; wrote:
&gt;&gt; &gt;&gt;
<div class="message-stanza open">&gt;&gt; &gt;&gt; &gt; Wed Jun 26 10:39:20 2013: Request 86440 was acted upon.
&gt;&gt; &gt;&gt; &gt; Transaction: Ticket created by nishantsharma486@gmail.com
&gt;&gt; &gt;&gt; &gt;       Queue: WordNet-Similarity
&gt;&gt; &gt;&gt; &gt;     Subject: Re: Failure of &#34;make test&#34; step
&gt;&gt; &gt;&gt; &gt;   Broken in: &#40;no value&#41;
&gt;&gt; &gt;&gt; &gt;    Severity: &#40;no value&#41;
&gt;&gt; &gt;&gt; &gt;       Owner: Nobody
&gt;&gt; &gt;&gt; &gt;  Requestors: nishantsharma486@gmail.com
&gt;&gt; &gt;&gt; &gt;      Status: new
&gt;&gt; &gt;&gt; &gt; Ticket &lt;URL: <span class="clickylink"><a target="new" rel="nofollow" href="https://rt.cpan.org/Ticket/Display.html?id=86440">https://rt.cpan.org/Ticket/Display.html?id=86440</a></span> &gt;
&gt;&gt; &gt;&gt; &gt;
&gt;&gt; &gt;&gt; &gt;
&gt;&gt; &gt;&gt; &gt; Also, is it possible to install it despite the failure of &#34;make
</div></div></div>&gt;&gt; test&#34;? So
<div class="message-stanza open"><div class="message-stanza open">&gt;&gt; &gt;&gt; &gt; that i could move forward.
&gt;&gt; &gt;&gt; &gt; Thanks again.
&gt;&gt; &gt;&gt; &gt;
&gt;&gt; &gt;&gt; &gt;
&gt;&gt; &gt;&gt; &gt; On Wed, Jun 26, 2013 at 8:05 PM, nishant sharma
&gt;&gt; &gt;&gt; &gt; &lt;nishantsharma486@gmail.com&gt;wrote:
&gt;&gt; &gt;&gt; &gt;
<div class="message-stanza open">&gt;&gt; &gt;&gt; &gt;&gt; Hi,
&gt;&gt; &gt;&gt; &gt;&gt;
&gt;&gt; &gt;&gt; &gt;&gt; First of all a big thanks to the whole team for making such tools
</div></div></div>&gt;&gt; that
<div class="message-stanza open"><div class="message-stanza open">&gt;&gt; &gt;&gt; &gt;&gt; are, for students like me and researchers, very useful.
&gt;&gt; &gt;&gt; &gt;&gt;
&gt;&gt; &gt;&gt; &gt;&gt; I would like to report a bug i encountered during the installation of
&gt;&gt; &gt;&gt; &gt;&gt; Wordnet-Similarity-2.05. I have installed all the pre-requisites
&gt;&gt; &gt;&gt; &gt;&gt; successfully. Also to the best of my knowledge, the &#34;perl
</div></div>&gt;&gt; Makefile.PL&#34;
<div class="message-stanza open"><div class="message-stanza open">&gt;&gt; &gt;&gt; and
<div class="message-stanza open">&gt;&gt; &gt;&gt; &gt;&gt; &#34;make&#34; steps were successful as well. But the next step, i.e. &#34;make
</div>&gt;&gt; &gt;&gt; test&#34;,
<div class="message-stanza open">&gt;&gt; &gt;&gt; &gt;&gt; failed. Following are the details of its execution:
&gt;&gt; &gt;&gt; &gt;&gt;
&gt;&gt; &gt;&gt; &gt;&gt; nishant@nishant-Inspiron-1545:~/Downloads/WordNet-Similarity-2.05$
</div></div></div>&gt;&gt; make
<div class="message-stanza open"><div class="message-stanza open"><div class="message-stanza open">&gt;&gt; &gt;&gt; &gt;&gt; test
&gt;&gt; &gt;&gt; &gt;&gt; PERL_DL_NONLAZY=1 /usr/bin/perl &#34;-MExtUtils::Command::MM&#34; &#34;-e&#34;
&gt;&gt; &gt;&gt; &gt;&gt; &#34;test_harness&#40;0, &#39;blib/lib&#39;, &#39;blib/arch&#39;&#41;&#34; t/*.t
&gt;&gt; &gt;&gt; &gt;&gt; t/access.t ........ ok
&gt;&gt; &gt;&gt; &gt;&gt; t/hso.t ........... ok
&gt;&gt; &gt;&gt; &gt;&gt; t/ICFinder.t ...... ok
&gt;&gt; &gt;&gt; &gt;&gt; t/jcn.t ........... ok
&gt;&gt; &gt;&gt; &gt;&gt; t/lch.t ........... ok
&gt;&gt; &gt;&gt; &gt;&gt; t/lesk.t .......... ok
&gt;&gt; &gt;&gt; &gt;&gt; t/lin.t ........... ok
&gt;&gt; &gt;&gt; &gt;&gt; t/offsetwps.t ..... ok
&gt;&gt; &gt;&gt; &gt;&gt; t/pairs-noroot.t .. ok
&gt;&gt; &gt;&gt; &gt;&gt; t/pairs.t ......... ok
&gt;&gt; &gt;&gt; &gt;&gt; t/path.t .......... ok
&gt;&gt; &gt;&gt; &gt;&gt; t/PathFinder.t .... ok
&gt;&gt; &gt;&gt; &gt;&gt; t/pod-coverage.t .. skipped: Test::Pod::Coverage 1.00 required for
</div>&gt;&gt; &gt;&gt; testing
<div class="message-stanza open">&gt;&gt; &gt;&gt; &gt;&gt; POD coverage
&gt;&gt; &gt;&gt; &gt;&gt; t/pod-doc.t ....... skipped: Test::Pod 1.00 required for testing POD
&gt;&gt; &gt;&gt; &gt;&gt; t/pod.t ........... skipped: Test::Pod 1.00 required for testing POD
&gt;&gt; &gt;&gt; &gt;&gt; t/random.t ........ ok
&gt;&gt; &gt;&gt; &gt;&gt; t/res.t ........... ok
&gt;&gt; &gt;&gt; &gt;&gt; t/trace.t ......... 51/132
&gt;&gt; &gt;&gt; &gt;&gt; #   Failed test at t/trace.t line 141.
&gt;&gt; &gt;&gt; &gt;&gt; #          got: &#39;4&#39;
&gt;&gt; &gt;&gt; &gt;&gt; #     expected: &#39;0&#39;
&gt;&gt; &gt;&gt; &gt;&gt; # lesk: The lines &#39;Overlaps: 1 x &#34;the&#34;  1 x &#34;small&#34;  1 x &#34;of&#34;  2 x
</div></div></div>&gt;&gt; &#34;any&#34;
<div class="message-stanza open"><div class="message-stanza open"><div class="message-stanza open">&gt;&gt; &gt;&gt; &gt;&gt; 1 x &#34;in the&#34;  1 x &#34;or&#34;  1 x &#34;resembling the&#34;  1 x &#34;and&#34;  &#39; and
</div>&gt;&gt; &gt;&gt; &#39;Overlaps: 1
<div class="message-stanza open">&gt;&gt; &gt;&gt; &gt;&gt; x &#34;the&#34;  1 x &#34;small&#34;  1 x &#34;in the&#34;  1 x &#34;or&#34;  1 x &#34;of&#34;  1 x
</div></div></div>&gt;&gt; &#34;resembling
<div class="message-stanza open"><div class="message-stanza open">&gt;&gt; &gt;&gt; &gt;&gt; the&#34;  2 x &#34;any&#34;  1 x &#34;and&#34;  &#39; differ
&gt;&gt; &gt;&gt; &gt;&gt; t/trace.t ......... 121/132 # Looks like you failed 1 test of 132.
&gt;&gt; &gt;&gt; &gt;&gt; t/trace.t ......... Dubious, test returned 1 &#40;wstat 256, 0x100&#41;
&gt;&gt; &gt;&gt; &gt;&gt; Failed 1/132 subtests
&gt;&gt; &gt;&gt; &gt;&gt; t/vector.t ........ ok
&gt;&gt; &gt;&gt; &gt;&gt; t/vector_pairs.t .. ok
&gt;&gt; &gt;&gt; &gt;&gt; t/wn30loop.t ...... ok
&gt;&gt; &gt;&gt; &gt;&gt; t/wup.t ........... ok
&gt;&gt; &gt;&gt; &gt;&gt;
&gt;&gt; &gt;&gt; &gt;&gt; Test Summary Report
&gt;&gt; &gt;&gt; &gt;&gt; -------------------
&gt;&gt; &gt;&gt; &gt;&gt; t/trace.t       &#40;Wstat: 256 Tests: 132 Failed: 1&#41;
&gt;&gt; &gt;&gt; &gt;&gt;  Failed test:  76
&gt;&gt; &gt;&gt; &gt;&gt;  Non-zero exit status: 1
&gt;&gt; &gt;&gt; &gt;&gt; Files=22, Tests=2027, 134 wallclock secs &#40; 0.44 usr  0.06 sys +
</div></div>&gt;&gt; 128.26
<div class="message-stanza open"><div class="message-stanza open">&gt;&gt; &gt;&gt; &gt;&gt; cusr  4.94 csys = 133.70 CPU&#41;
&gt;&gt; &gt;&gt; &gt;&gt; Result: FAIL
&gt;&gt; &gt;&gt; &gt;&gt; Failed 1/22 test programs. 1/2027 subtests failed.
&gt;&gt; &gt;&gt; &gt;&gt; make: *** [test_dynamic] Error 255
&gt;&gt; &gt;&gt; &gt;&gt;
&gt;&gt; &gt;&gt; &gt;&gt;
&gt;&gt; &gt;&gt; &gt;&gt; Please could you help me fix this, i am stuck. I need to use it for
</div></div>&gt;&gt; my
<div class="message-stanza open"><div class="message-stanza open"><div class="message-stanza open">&gt;&gt; &gt;&gt; &gt;&gt; project and i am under a lot of time-pressure.
&gt;&gt; &gt;&gt; &gt;&gt; Thanks a lot once again
&gt;&gt; &gt;&gt; &gt;&gt;
&gt;&gt; &gt;&gt; &gt;&gt; Nishant Sharma
&gt;&gt; &gt;&gt; &gt;&gt; IIT Madras, India
&gt;&gt; &gt;&gt; &gt;&gt;
</div>&gt;&gt; &gt;&gt;
&gt;&gt; &gt;&gt;
&gt;&gt; &gt;&gt;
</div>&gt;&gt; &gt;
</div>&gt;&gt;
&gt;&gt;
&gt;&gt;
&gt;&gt; --
&gt;&gt; Ted Pedersen
&gt;&gt; <span class="clickylink"><a target="new" rel="nofollow" href="http://www.d.umn.edu/~tpederse">http://www.d.umn.edu/~tpederse</a></span>
&gt;&gt;
&gt;&gt;
</div>&gt;
</div>


-- 
Ted Pedersen
<span class="clickylink"><a target="new" rel="nofollow" href="http://www.d.umn.edu/~tpederse">http://www.d.umn.edu/~tpederse</a></span>
</div></div>
    </div>
</div>
</div>
<div class="ticket-transaction message Correspond odd">
<div class="ticket-transaction">
  <div class="metadata">
    <span class="type">
      <a name="txn-1229193" href="/Public/Bug/Display.html?id=86437#txn-1229193">#</a>      
    </span>
    <span class="date">Thu&nbsp;Jun&nbsp;27&nbsp;08:17:21&nbsp;2013</span>
    <span class="description">nishantsharma486 [...] gmail.com -  Correspondence added</span>
    <span class="time-taken"></span>    <span class="actions hidden"></span>
  </div>
    <div class="content">
      
<table>
  <tr>
    <td align="right" class="message-header-key">Subject:</td>
    <td class="message-header-value"> Re: [rt.cpan.org #86437] Re: [rt.cpan.org #86440] Re: Failure of &#34;make test&#34; step</td>
  </tr>
  <tr>
    <td align="right" class="message-header-key">Date:</td>
    <td class="message-header-value"> Thu, 27 Jun 2013 17:47:04 +0530</td>
  </tr>
  <tr>
    <td align="right" class="message-header-key">To:</td>
    <td class="message-header-value"> bug-WordNet-Similarity [...] rt.cpan.org</td>
  </tr>
  <tr>
    <td align="right" class="message-header-key">From:</td>
    <td class="message-header-value"> nishant sharma &lt;nishantsharma486 [...] gmail.com&gt;</td>
  </tr>
</table>
<div class="messageattachments">
<div class="downloadattachment">
<a href="/Ticket/Attachment/1229193/649454/">Download &#40;untitled&#41;</a> / <a href="/Ticket/Attachment/WithHeaders/649454">with headers</a>
<br />
<span class="downloadcontenttype">text/plain 8.3k</span>
</div>
<div class="messagebody">
<div class="message-stanza plain-text-white-space">I got it from the following link:

<span class="clickylink"><a target="new" rel="nofollow" href="http://wordnetcode.princeton.edu/3.0/WordNet-3.0.tar.gz">http://wordnetcode.princeton.edu/3.0/WordNet-3.0.tar.gz</a></span>


On Thu, Jun 27, 2013 at 5:25 PM, tpederse@d.umn.edu via RT &lt;
bug-WordNet-Similarity@rt.cpan.org&gt; wrote:

<span
    class="message-stanza-folder closed"
    onclick="fold_message_stanza(this, 'Show\x20quoted\x20text', 'Hide\x20quoted\x20text');">Show quoted text</span><br /><div class="message-stanza closed">&gt; &lt;URL: <span class="clickylink"><a target="new" rel="nofollow" href="https://rt.cpan.org/Ticket/Display.html?id=86437">https://rt.cpan.org/Ticket/Display.html?id=86437</a></span> &gt;
&gt;
&gt; I know that you are using WordNet version 3.0, but where did you
&gt; obtain it from? Is this the version from Princton, or perhaps the
&gt; Debian packaged version, or ?
&gt;
&gt; The message about the hash code not matching installed WordNet
&gt; suggests you might have a different version of WordNet than we are
&gt; expecting. I don&#39;t think this should cause you any difficulty, but it
&gt; would be good for us to know about this too.
&gt;
&gt; Thanks!
&gt; Ted
&gt;
&gt; On Thu, Jun 27, 2013 at 4:26 AM, nishant sharma via RT
&gt; &lt;bug-WordNet-Similarity@rt.cpan.org&gt; wrote:
<div class="message-stanza open">&gt; &gt;        Queue: WordNet-Similarity
&gt; &gt;  Ticket &lt;URL: <span class="clickylink"><a target="new" rel="nofollow" href="https://rt.cpan.org/Ticket/Display.html?id=86437">https://rt.cpan.org/Ticket/Display.html?id=86437</a></span> &gt;
&gt; &gt;
&gt; &gt; Sir,
&gt; &gt;
&gt; &gt; Its a pleasure to  hear from you.
&gt; &gt; I have installed the application using &#34;make test&#34;. And its working for
</div>&gt; now.
<div class="message-stanza open">&gt; &gt; Also i ran the test for lesk, following your instructions. The lesk test
&gt; &gt; seemed fine but not so for trace &#40;perl trace.t&#41;. Following are the
</div>&gt; details
<div class="message-stanza open">&gt; &gt; of the test:
&gt; &gt;
&gt; &gt; .
&gt; &gt; .
&gt; &gt; .
&gt; &gt; ok 10 - use WordNet::Similarity::res;
&gt; &gt; ok 11 - use WordNet::Similarity::wup;
&gt; &gt; ok 12 - use File::Spec;
&gt; &gt; ok 13 - use File::Copy;
&gt; &gt; ok 14
&gt; &gt; ok 15
&gt; &gt; ok 16
&gt; &gt; ok 17
&gt; &gt; not ok 18
&gt; &gt; #   Failed test at trace.t line 99.
&gt; &gt; readline&#40;&#41; on closed filehandle WNF at trace.t line 100.
&gt; &gt; not ok 19
&gt; &gt; #   Failed test at trace.t line 101.
&gt; &gt; not ok 20
&gt; &gt; #   Failed test at trace.t line 106.
&gt; &gt; ok 21 # skip Hash-code of key file&#40;s&#41; does not match installed WordNet
&gt; &gt; ok 22 # skip Hash-code of key file&#40;s&#41; does not match installed WordNet
&gt; &gt; .
&gt; &gt; .
&gt; &gt; .
&gt; &gt; ok 132 # skip Hash-code of key file&#40;s&#41; does not match installed WordNet
&gt; &gt; # Looks like you failed 3 tests of 132.
&gt; &gt;
&gt; &gt; What surprises me is that at the &#34;make test&#34; step only 1 test of 132
&gt; &gt; failed, but now 3 have failed.
&gt; &gt;
&gt; &gt; Thanks
&gt; &gt;
&gt; &gt;
&gt; &gt; On Thu, Jun 27, 2013 at 5:39 AM, tpederse@d.umn.edu via RT &lt;
&gt; &gt; bug-WordNet-Similarity@rt.cpan.org&gt; wrote:
&gt; &gt;
<div class="message-stanza open">&gt; &gt;&gt; &lt;URL: <span class="clickylink"><a target="new" rel="nofollow" href="https://rt.cpan.org/Ticket/Display.html?id=86437">https://rt.cpan.org/Ticket/Display.html?id=86437</a></span> &gt;
&gt; &gt;&gt;
&gt; &gt;&gt; I&#39;m running WordNet::Similarity on Ubuntu 12.04 with WordNet-3.0 and
&gt; &gt;&gt; can&#39;t recreate this particular issue, so I&#39;m a little uncertain about
&gt; &gt;&gt; what might be happening. I think sometimes lesk related testing errors
&gt; &gt;&gt; can have to do with the configuration file being used &#40;or not&#41;,
&gt; &gt;&gt; although that most often seems to happen on Windows.
&gt; &gt;&gt;
&gt; &gt;&gt; So, I think for the moment at least I&#39;d suggest going ahead and
&gt; &gt;&gt; forcing the install. You can do that on cpan via
&gt; &gt;&gt;
&gt; &gt;&gt; cpan
<div class="message-stanza open">&gt; &gt;&gt; &gt; force install WordNet::Similarity
</div>&gt; &gt;&gt;
&gt; &gt;&gt; This will in effect tell the installer to ignore the make test errors.
&gt; &gt;&gt; If you did not use cpan and simply installed after downloading that
&gt; &gt;&gt; tar file, you can just go ahead and run
&gt; &gt;&gt;
&gt; &gt;&gt; make install
&gt; &gt;&gt;
&gt; &gt;&gt; to finish up the install.
&gt; &gt;&gt;
&gt; &gt;&gt; I would suggest that after you have installed that you go back and run
&gt; &gt;&gt; the lesk test again. It might be that in the process of installation
&gt; &gt;&gt; this issue is resolved. You can do that by doing the following from
&gt; &gt;&gt; within the WordNet::Similarity home directory...
&gt; &gt;&gt;
&gt; &gt;&gt; cd t
&gt; &gt;&gt; perl lesk.t
&gt; &gt;&gt;
&gt; &gt;&gt; I hope this helps!
&gt; &gt;&gt;
&gt; &gt;&gt; Good luck,
&gt; &gt;&gt; Ted
&gt; &gt;&gt;
&gt; &gt;&gt;
&gt; &gt;&gt; On Wed, Jun 26, 2013 at 10:58 AM, nishant sharma via RT
&gt; &gt;&gt; &lt;bug-WordNet-Similarity@rt.cpan.org&gt; wrote:
<div class="message-stanza open">&gt; &gt;&gt; &gt;        Queue: WordNet-Similarity
&gt; &gt;&gt; &gt;  Ticket &lt;URL: <span class="clickylink"><a target="new" rel="nofollow" href="https://rt.cpan.org/Ticket/Display.html?id=86437">https://rt.cpan.org/Ticket/Display.html?id=86437</a></span> &gt;
&gt; &gt;&gt; &gt;
&gt; &gt;&gt; &gt; I am using Ubuntu&#40;version 12.10&#41; and WordNet-3.0
&gt; &gt;&gt; &gt;
&gt; &gt;&gt; &gt;
&gt; &gt;&gt; &gt; On Wed, Jun 26, 2013 at 8:20 PM, Siddharth Patwardhan via RT &lt;
&gt; &gt;&gt; &gt; bug-WordNet-Similarity@rt.cpan.org&gt; wrote:
&gt; &gt;&gt; &gt;
<div class="message-stanza open">&gt; &gt;&gt; &gt;&gt; &lt;URL: <span class="clickylink"><a target="new" rel="nofollow" href="https://rt.cpan.org/Ticket/Display.html?id=86440">https://rt.cpan.org/Ticket/Display.html?id=86440</a></span> &gt;
&gt; &gt;&gt; &gt;&gt;
&gt; &gt;&gt; &gt;&gt; Yes, it is possible to install despite the &#34;make test&#34; failure.
&gt; &gt;&gt; &gt;&gt; However, the test failure may indicate more fundamental problems,
</div></div></div></div>&gt; which
<div class="message-stanza open"><div class="message-stanza open"><div class="message-stanza open">&gt; &gt;&gt; &gt;&gt; could manifest themselves later.
&gt; &gt;&gt; &gt;&gt;
&gt; &gt;&gt; &gt;&gt; Can you give us more details about your system: which OS &#40;linux,
</div>&gt; &gt;&gt; windows,
<div class="message-stanza open">&gt; &gt;&gt; &gt;&gt; mac&#41;? which version of WordNet?
&gt; &gt;&gt; &gt;&gt;
&gt; &gt;&gt; &gt;&gt; -- Sid.
&gt; &gt;&gt; &gt;&gt;
&gt; &gt;&gt; &gt;&gt;
&gt; &gt;&gt; &gt;&gt; On Jun 26, 2013, at 10:39 AM, &#34;nishant sharma via RT&#34; &lt;
&gt; &gt;&gt; &gt;&gt; bug-WordNet-Similarity@rt.cpan.org&gt; wrote:
&gt; &gt;&gt; &gt;&gt;
<div class="message-stanza open">&gt; &gt;&gt; &gt;&gt; &gt; Wed Jun 26 10:39:20 2013: Request 86440 was acted upon.
&gt; &gt;&gt; &gt;&gt; &gt; Transaction: Ticket created by nishantsharma486@gmail.com
&gt; &gt;&gt; &gt;&gt; &gt;       Queue: WordNet-Similarity
&gt; &gt;&gt; &gt;&gt; &gt;     Subject: Re: Failure of &#34;make test&#34; step
&gt; &gt;&gt; &gt;&gt; &gt;   Broken in: &#40;no value&#41;
&gt; &gt;&gt; &gt;&gt; &gt;    Severity: &#40;no value&#41;
&gt; &gt;&gt; &gt;&gt; &gt;       Owner: Nobody
&gt; &gt;&gt; &gt;&gt; &gt;  Requestors: nishantsharma486@gmail.com
&gt; &gt;&gt; &gt;&gt; &gt;      Status: new
&gt; &gt;&gt; &gt;&gt; &gt; Ticket &lt;URL: <span class="clickylink"><a target="new" rel="nofollow" href="https://rt.cpan.org/Ticket/Display.html?id=86440">https://rt.cpan.org/Ticket/Display.html?id=86440</a></span> &gt;
&gt; &gt;&gt; &gt;&gt; &gt;
&gt; &gt;&gt; &gt;&gt; &gt;
&gt; &gt;&gt; &gt;&gt; &gt; Also, is it possible to install it despite the failure of &#34;make
</div></div>&gt; &gt;&gt; test&#34;? So
<div class="message-stanza open">&gt; &gt;&gt; &gt;&gt; &gt; that i could move forward.
&gt; &gt;&gt; &gt;&gt; &gt; Thanks again.
&gt; &gt;&gt; &gt;&gt; &gt;
&gt; &gt;&gt; &gt;&gt; &gt;
&gt; &gt;&gt; &gt;&gt; &gt; On Wed, Jun 26, 2013 at 8:05 PM, nishant sharma
&gt; &gt;&gt; &gt;&gt; &gt; &lt;nishantsharma486@gmail.com&gt;wrote:
&gt; &gt;&gt; &gt;&gt; &gt;
<div class="message-stanza open">&gt; &gt;&gt; &gt;&gt; &gt;&gt; Hi,
&gt; &gt;&gt; &gt;&gt; &gt;&gt;
&gt; &gt;&gt; &gt;&gt; &gt;&gt; First of all a big thanks to the whole team for making such tools
</div></div>&gt; &gt;&gt; that
<div class="message-stanza open">&gt; &gt;&gt; &gt;&gt; &gt;&gt; are, for students like me and researchers, very useful.
&gt; &gt;&gt; &gt;&gt; &gt;&gt;
&gt; &gt;&gt; &gt;&gt; &gt;&gt; I would like to report a bug i encountered during the
</div></div></div>&gt; installation of
<div class="message-stanza open"><div class="message-stanza open"><div class="message-stanza open"><div class="message-stanza open">&gt; &gt;&gt; &gt;&gt; &gt;&gt; Wordnet-Similarity-2.05. I have installed all the pre-requisites
&gt; &gt;&gt; &gt;&gt; &gt;&gt; successfully. Also to the best of my knowledge, the &#34;perl
</div></div>&gt; &gt;&gt; Makefile.PL&#34;
<div class="message-stanza open">&gt; &gt;&gt; &gt;&gt; and
<div class="message-stanza open">&gt; &gt;&gt; &gt;&gt; &gt;&gt; &#34;make&#34; steps were successful as well. But the next step, i.e.
</div></div></div></div>&gt; &#34;make
<div class="message-stanza open"><div class="message-stanza open">&gt; &gt;&gt; &gt;&gt; test&#34;,
<div class="message-stanza open">&gt; &gt;&gt; &gt;&gt; &gt;&gt; failed. Following are the details of its execution:
&gt; &gt;&gt; &gt;&gt; &gt;&gt;
&gt; &gt;&gt; &gt;&gt; &gt;&gt; nishant@nishant-Inspiron-1545
</div></div></div>&gt; :~/Downloads/WordNet-Similarity-2.05$
<div class="message-stanza open"><div class="message-stanza open">&gt; &gt;&gt; make
<div class="message-stanza open"><div class="message-stanza open">&gt; &gt;&gt; &gt;&gt; &gt;&gt; test
&gt; &gt;&gt; &gt;&gt; &gt;&gt; PERL_DL_NONLAZY=1 /usr/bin/perl &#34;-MExtUtils::Command::MM&#34; &#34;-e&#34;
&gt; &gt;&gt; &gt;&gt; &gt;&gt; &#34;test_harness&#40;0, &#39;blib/lib&#39;, &#39;blib/arch&#39;&#41;&#34; t/*.t
&gt; &gt;&gt; &gt;&gt; &gt;&gt; t/access.t ........ ok
&gt; &gt;&gt; &gt;&gt; &gt;&gt; t/hso.t ........... ok
&gt; &gt;&gt; &gt;&gt; &gt;&gt; t/ICFinder.t ...... ok
&gt; &gt;&gt; &gt;&gt; &gt;&gt; t/jcn.t ........... ok
&gt; &gt;&gt; &gt;&gt; &gt;&gt; t/lch.t ........... ok
&gt; &gt;&gt; &gt;&gt; &gt;&gt; t/lesk.t .......... ok
&gt; &gt;&gt; &gt;&gt; &gt;&gt; t/lin.t ........... ok
&gt; &gt;&gt; &gt;&gt; &gt;&gt; t/offsetwps.t ..... ok
&gt; &gt;&gt; &gt;&gt; &gt;&gt; t/pairs-noroot.t .. ok
&gt; &gt;&gt; &gt;&gt; &gt;&gt; t/pairs.t ......... ok
&gt; &gt;&gt; &gt;&gt; &gt;&gt; t/path.t .......... ok
&gt; &gt;&gt; &gt;&gt; &gt;&gt; t/PathFinder.t .... ok
&gt; &gt;&gt; &gt;&gt; &gt;&gt; t/pod-coverage.t .. skipped: Test::Pod::Coverage 1.00 required for
</div>&gt; &gt;&gt; &gt;&gt; testing
<div class="message-stanza open">&gt; &gt;&gt; &gt;&gt; &gt;&gt; POD coverage
&gt; &gt;&gt; &gt;&gt; &gt;&gt; t/pod-doc.t ....... skipped: Test::Pod 1.00 required for testing
</div></div></div></div>&gt; POD
<div class="message-stanza open"><div class="message-stanza open">&gt; &gt;&gt; &gt;&gt; &gt;&gt; t/pod.t ........... skipped: Test::Pod 1.00 required for testing
</div></div>&gt; POD
<div class="message-stanza open"><div class="message-stanza open"><div class="message-stanza open"><div class="message-stanza open">&gt; &gt;&gt; &gt;&gt; &gt;&gt; t/random.t ........ ok
&gt; &gt;&gt; &gt;&gt; &gt;&gt; t/res.t ........... ok
&gt; &gt;&gt; &gt;&gt; &gt;&gt; t/trace.t ......... 51/132
&gt; &gt;&gt; &gt;&gt; &gt;&gt; #   Failed test at t/trace.t line 141.
&gt; &gt;&gt; &gt;&gt; &gt;&gt; #          got: &#39;4&#39;
&gt; &gt;&gt; &gt;&gt; &gt;&gt; #     expected: &#39;0&#39;
&gt; &gt;&gt; &gt;&gt; &gt;&gt; # lesk: The lines &#39;Overlaps: 1 x &#34;the&#34;  1 x &#34;small&#34;  1 x &#34;of&#34;  2 x
</div></div>&gt; &gt;&gt; &#34;any&#34;
<div class="message-stanza open"><div class="message-stanza open">&gt; &gt;&gt; &gt;&gt; &gt;&gt; 1 x &#34;in the&#34;  1 x &#34;or&#34;  1 x &#34;resembling the&#34;  1 x &#34;and&#34;  &#39; and
</div>&gt; &gt;&gt; &gt;&gt; &#39;Overlaps: 1
<div class="message-stanza open">&gt; &gt;&gt; &gt;&gt; &gt;&gt; x &#34;the&#34;  1 x &#34;small&#34;  1 x &#34;in the&#34;  1 x &#34;or&#34;  1 x &#34;of&#34;  1 x
</div></div>&gt; &gt;&gt; &#34;resembling
<div class="message-stanza open">&gt; &gt;&gt; &gt;&gt; &gt;&gt; the&#34;  2 x &#34;any&#34;  1 x &#34;and&#34;  &#39; differ
&gt; &gt;&gt; &gt;&gt; &gt;&gt; t/trace.t ......... 121/132 # Looks like you failed 1 test of 132.
&gt; &gt;&gt; &gt;&gt; &gt;&gt; t/trace.t ......... Dubious, test returned 1 &#40;wstat 256, 0x100&#41;
&gt; &gt;&gt; &gt;&gt; &gt;&gt; Failed 1/132 subtests
&gt; &gt;&gt; &gt;&gt; &gt;&gt; t/vector.t ........ ok
&gt; &gt;&gt; &gt;&gt; &gt;&gt; t/vector_pairs.t .. ok
&gt; &gt;&gt; &gt;&gt; &gt;&gt; t/wn30loop.t ...... ok
&gt; &gt;&gt; &gt;&gt; &gt;&gt; t/wup.t ........... ok
&gt; &gt;&gt; &gt;&gt; &gt;&gt;
&gt; &gt;&gt; &gt;&gt; &gt;&gt; Test Summary Report
&gt; &gt;&gt; &gt;&gt; &gt;&gt; -------------------
&gt; &gt;&gt; &gt;&gt; &gt;&gt; t/trace.t       &#40;Wstat: 256 Tests: 132 Failed: 1&#41;
&gt; &gt;&gt; &gt;&gt; &gt;&gt;  Failed test:  76
&gt; &gt;&gt; &gt;&gt; &gt;&gt;  Non-zero exit status: 1
&gt; &gt;&gt; &gt;&gt; &gt;&gt; Files=22, Tests=2027, 134 wallclock secs &#40; 0.44 usr  0.06 sys +
</div>&gt; &gt;&gt; 128.26
<div class="message-stanza open">&gt; &gt;&gt; &gt;&gt; &gt;&gt; cusr  4.94 csys = 133.70 CPU&#41;
&gt; &gt;&gt; &gt;&gt; &gt;&gt; Result: FAIL
&gt; &gt;&gt; &gt;&gt; &gt;&gt; Failed 1/22 test programs. 1/2027 subtests failed.
&gt; &gt;&gt; &gt;&gt; &gt;&gt; make: *** [test_dynamic] Error 255
&gt; &gt;&gt; &gt;&gt; &gt;&gt;
&gt; &gt;&gt; &gt;&gt; &gt;&gt;
&gt; &gt;&gt; &gt;&gt; &gt;&gt; Please could you help me fix this, i am stuck. I need to use it
</div></div></div>&gt; for
<div class="message-stanza open"><div class="message-stanza open">&gt; &gt;&gt; my
<div class="message-stanza open"><div class="message-stanza open"><div class="message-stanza open">&gt; &gt;&gt; &gt;&gt; &gt;&gt; project and i am under a lot of time-pressure.
&gt; &gt;&gt; &gt;&gt; &gt;&gt; Thanks a lot once again
&gt; &gt;&gt; &gt;&gt; &gt;&gt;
&gt; &gt;&gt; &gt;&gt; &gt;&gt; Nishant Sharma
&gt; &gt;&gt; &gt;&gt; &gt;&gt; IIT Madras, India
&gt; &gt;&gt; &gt;&gt; &gt;&gt;
</div>&gt; &gt;&gt; &gt;&gt;
&gt; &gt;&gt; &gt;&gt;
&gt; &gt;&gt; &gt;&gt;
</div>&gt; &gt;&gt; &gt;
</div>&gt; &gt;&gt;
&gt; &gt;&gt;
&gt; &gt;&gt;
&gt; &gt;&gt; --
&gt; &gt;&gt; Ted Pedersen
&gt; &gt;&gt; <span class="clickylink"><a target="new" rel="nofollow" href="http://www.d.umn.edu/~tpederse">http://www.d.umn.edu/~tpederse</a></span>
&gt; &gt;&gt;
&gt; &gt;&gt;
</div>&gt; &gt;
</div>&gt;
&gt;
&gt;
&gt; --
&gt; Ted Pedersen
&gt; <span class="clickylink"><a target="new" rel="nofollow" href="http://www.d.umn.edu/~tpederse">http://www.d.umn.edu/~tpederse</a></span>
&gt;
&gt;
</div></div></div>
<div class="downloadattachment">
<a href="/Ticket/Attachment/1229193/649455/">Download &#40;untitled&#41;</a> / <a href="/Ticket/Attachment/WithHeaders/649455">with headers</a>
<br />
<span class="downloadcontenttype">text/html 13k</span>
</div>
<div class="messagebody">
<p>Message body is not shown because it is too large.</p></div>
</div>
    </div>
</div>
</div>
<div class="ticket-transaction message Correspond even">
<div class="ticket-transaction">
  <div class="metadata">
    <span class="type">
      <a name="txn-1229195" href="/Public/Bug/Display.html?id=86437#txn-1229195">#</a>      
    </span>
    <span class="date">Thu&nbsp;Jun&nbsp;27&nbsp;08:18:32&nbsp;2013</span>
    <span class="description">tpederse [...] d.umn.edu -  Correspondence added</span>
    <span class="time-taken"></span>    <span class="actions hidden"></span>
  </div>
    <div class="content">
      
<table>
  <tr>
    <td align="right" class="message-header-key">Subject:</td>
    <td class="message-header-value"> Re: [rt.cpan.org #86437] Re: [rt.cpan.org #86440] Re: Failure of &#34;make test&#34; step</td>
  </tr>
  <tr>
    <td align="right" class="message-header-key">Date:</td>
    <td class="message-header-value"> Thu, 27 Jun 2013 07:18:18 -0500</td>
  </tr>
  <tr>
    <td align="right" class="message-header-key">To:</td>
    <td class="message-header-value"> bug-WordNet-Similarity [...] rt.cpan.org</td>
  </tr>
  <tr>
    <td align="right" class="message-header-key">From:</td>
    <td class="message-header-value"> Ted Pedersen &lt;tpederse [...] d.umn.edu&gt;</td>
  </tr>
</table>
<div class="downloadattachment">
<a href="/Ticket/Attachment/1229195/649457/">Download &#40;untitled&#41;</a> / <a href="/Ticket/Attachment/WithHeaders/649457">with headers</a>
<br />
<span class="downloadcontenttype">text/plain 9k</span>
</div>
<div class="messagebody">
<div class="message-stanza plain-text-white-space">Well that&#39;s very interesting - that&#39;s where we get our version from
too. I will check into this hash code issue, although as I say I don&#39;t
think this is anything that should affect you negatively. Thanks for
the quick update!

Cordially,
Ted

On Thu, Jun 27, 2013 at 7:17 AM, nishant sharma via RT
&lt;bug-WordNet-Similarity@rt.cpan.org&gt; wrote:
<span
    class="message-stanza-folder closed"
    onclick="fold_message_stanza(this, 'Show\x20quoted\x20text', 'Hide\x20quoted\x20text');">Show quoted text</span><br /><div class="message-stanza closed">&gt;        Queue: WordNet-Similarity
&gt;  Ticket &lt;URL: <span class="clickylink"><a target="new" rel="nofollow" href="https://rt.cpan.org/Ticket/Display.html?id=86437">https://rt.cpan.org/Ticket/Display.html?id=86437</a></span> &gt;
&gt;
&gt; I got it from the following link:
&gt;
&gt; <span class="clickylink"><a target="new" rel="nofollow" href="http://wordnetcode.princeton.edu/3.0/WordNet-3.0.tar.gz">http://wordnetcode.princeton.edu/3.0/WordNet-3.0.tar.gz</a></span>
&gt;
&gt;
&gt; On Thu, Jun 27, 2013 at 5:25 PM, tpederse@d.umn.edu via RT &lt;
&gt; bug-WordNet-Similarity@rt.cpan.org&gt; wrote:
&gt;
<div class="message-stanza open">&gt;&gt; &lt;URL: <span class="clickylink"><a target="new" rel="nofollow" href="https://rt.cpan.org/Ticket/Display.html?id=86437">https://rt.cpan.org/Ticket/Display.html?id=86437</a></span> &gt;
&gt;&gt;
&gt;&gt; I know that you are using WordNet version 3.0, but where did you
&gt;&gt; obtain it from? Is this the version from Princton, or perhaps the
&gt;&gt; Debian packaged version, or ?
&gt;&gt;
&gt;&gt; The message about the hash code not matching installed WordNet
&gt;&gt; suggests you might have a different version of WordNet than we are
&gt;&gt; expecting. I don&#39;t think this should cause you any difficulty, but it
&gt;&gt; would be good for us to know about this too.
&gt;&gt;
&gt;&gt; Thanks!
&gt;&gt; Ted
&gt;&gt;
&gt;&gt; On Thu, Jun 27, 2013 at 4:26 AM, nishant sharma via RT
&gt;&gt; &lt;bug-WordNet-Similarity@rt.cpan.org&gt; wrote:
<div class="message-stanza open">&gt;&gt; &gt;        Queue: WordNet-Similarity
&gt;&gt; &gt;  Ticket &lt;URL: <span class="clickylink"><a target="new" rel="nofollow" href="https://rt.cpan.org/Ticket/Display.html?id=86437">https://rt.cpan.org/Ticket/Display.html?id=86437</a></span> &gt;
&gt;&gt; &gt;
&gt;&gt; &gt; Sir,
&gt;&gt; &gt;
&gt;&gt; &gt; Its a pleasure to  hear from you.
&gt;&gt; &gt; I have installed the application using &#34;make test&#34;. And its working for
</div>&gt;&gt; now.
<div class="message-stanza open">&gt;&gt; &gt; Also i ran the test for lesk, following your instructions. The lesk test
&gt;&gt; &gt; seemed fine but not so for trace &#40;perl trace.t&#41;. Following are the
</div>&gt;&gt; details
<div class="message-stanza open">&gt;&gt; &gt; of the test:
&gt;&gt; &gt;
&gt;&gt; &gt; .
&gt;&gt; &gt; .
&gt;&gt; &gt; .
&gt;&gt; &gt; ok 10 - use WordNet::Similarity::res;
&gt;&gt; &gt; ok 11 - use WordNet::Similarity::wup;
&gt;&gt; &gt; ok 12 - use File::Spec;
&gt;&gt; &gt; ok 13 - use File::Copy;
&gt;&gt; &gt; ok 14
&gt;&gt; &gt; ok 15
&gt;&gt; &gt; ok 16
&gt;&gt; &gt; ok 17
&gt;&gt; &gt; not ok 18
&gt;&gt; &gt; #   Failed test at trace.t line 99.
&gt;&gt; &gt; readline&#40;&#41; on closed filehandle WNF at trace.t line 100.
&gt;&gt; &gt; not ok 19
&gt;&gt; &gt; #   Failed test at trace.t line 101.
&gt;&gt; &gt; not ok 20
&gt;&gt; &gt; #   Failed test at trace.t line 106.
&gt;&gt; &gt; ok 21 # skip Hash-code of key file&#40;s&#41; does not match installed WordNet
&gt;&gt; &gt; ok 22 # skip Hash-code of key file&#40;s&#41; does not match installed WordNet
&gt;&gt; &gt; .
&gt;&gt; &gt; .
&gt;&gt; &gt; .
&gt;&gt; &gt; ok 132 # skip Hash-code of key file&#40;s&#41; does not match installed WordNet
&gt;&gt; &gt; # Looks like you failed 3 tests of 132.
&gt;&gt; &gt;
&gt;&gt; &gt; What surprises me is that at the &#34;make test&#34; step only 1 test of 132
&gt;&gt; &gt; failed, but now 3 have failed.
&gt;&gt; &gt;
&gt;&gt; &gt; Thanks
&gt;&gt; &gt;
&gt;&gt; &gt;
&gt;&gt; &gt; On Thu, Jun 27, 2013 at 5:39 AM, tpederse@d.umn.edu via RT &lt;
&gt;&gt; &gt; bug-WordNet-Similarity@rt.cpan.org&gt; wrote:
&gt;&gt; &gt;
<div class="message-stanza open">&gt;&gt; &gt;&gt; &lt;URL: <span class="clickylink"><a target="new" rel="nofollow" href="https://rt.cpan.org/Ticket/Display.html?id=86437">https://rt.cpan.org/Ticket/Display.html?id=86437</a></span> &gt;
&gt;&gt; &gt;&gt;
&gt;&gt; &gt;&gt; I&#39;m running WordNet::Similarity on Ubuntu 12.04 with WordNet-3.0 and
&gt;&gt; &gt;&gt; can&#39;t recreate this particular issue, so I&#39;m a little uncertain about
&gt;&gt; &gt;&gt; what might be happening. I think sometimes lesk related testing errors
&gt;&gt; &gt;&gt; can have to do with the configuration file being used &#40;or not&#41;,
&gt;&gt; &gt;&gt; although that most often seems to happen on Windows.
&gt;&gt; &gt;&gt;
&gt;&gt; &gt;&gt; So, I think for the moment at least I&#39;d suggest going ahead and
&gt;&gt; &gt;&gt; forcing the install. You can do that on cpan via
&gt;&gt; &gt;&gt;
&gt;&gt; &gt;&gt; cpan
<div class="message-stanza open">&gt;&gt; &gt;&gt; &gt; force install WordNet::Similarity
</div>&gt;&gt; &gt;&gt;
&gt;&gt; &gt;&gt; This will in effect tell the installer to ignore the make test errors.
&gt;&gt; &gt;&gt; If you did not use cpan and simply installed after downloading that
&gt;&gt; &gt;&gt; tar file, you can just go ahead and run
&gt;&gt; &gt;&gt;
&gt;&gt; &gt;&gt; make install
&gt;&gt; &gt;&gt;
&gt;&gt; &gt;&gt; to finish up the install.
&gt;&gt; &gt;&gt;
&gt;&gt; &gt;&gt; I would suggest that after you have installed that you go back and run
&gt;&gt; &gt;&gt; the lesk test again. It might be that in the process of installation
&gt;&gt; &gt;&gt; this issue is resolved. You can do that by doing the following from
&gt;&gt; &gt;&gt; within the WordNet::Similarity home directory...
&gt;&gt; &gt;&gt;
&gt;&gt; &gt;&gt; cd t
&gt;&gt; &gt;&gt; perl lesk.t
&gt;&gt; &gt;&gt;
&gt;&gt; &gt;&gt; I hope this helps!
&gt;&gt; &gt;&gt;
&gt;&gt; &gt;&gt; Good luck,
&gt;&gt; &gt;&gt; Ted
&gt;&gt; &gt;&gt;
&gt;&gt; &gt;&gt;
&gt;&gt; &gt;&gt; On Wed, Jun 26, 2013 at 10:58 AM, nishant sharma via RT
&gt;&gt; &gt;&gt; &lt;bug-WordNet-Similarity@rt.cpan.org&gt; wrote:
<div class="message-stanza open">&gt;&gt; &gt;&gt; &gt;        Queue: WordNet-Similarity
&gt;&gt; &gt;&gt; &gt;  Ticket &lt;URL: <span class="clickylink"><a target="new" rel="nofollow" href="https://rt.cpan.org/Ticket/Display.html?id=86437">https://rt.cpan.org/Ticket/Display.html?id=86437</a></span> &gt;
&gt;&gt; &gt;&gt; &gt;
&gt;&gt; &gt;&gt; &gt; I am using Ubuntu&#40;version 12.10&#41; and WordNet-3.0
&gt;&gt; &gt;&gt; &gt;
&gt;&gt; &gt;&gt; &gt;
&gt;&gt; &gt;&gt; &gt; On Wed, Jun 26, 2013 at 8:20 PM, Siddharth Patwardhan via RT &lt;
&gt;&gt; &gt;&gt; &gt; bug-WordNet-Similarity@rt.cpan.org&gt; wrote:
&gt;&gt; &gt;&gt; &gt;
<div class="message-stanza open">&gt;&gt; &gt;&gt; &gt;&gt; &lt;URL: <span class="clickylink"><a target="new" rel="nofollow" href="https://rt.cpan.org/Ticket/Display.html?id=86440">https://rt.cpan.org/Ticket/Display.html?id=86440</a></span> &gt;
&gt;&gt; &gt;&gt; &gt;&gt;
&gt;&gt; &gt;&gt; &gt;&gt; Yes, it is possible to install despite the &#34;make test&#34; failure.
&gt;&gt; &gt;&gt; &gt;&gt; However, the test failure may indicate more fundamental problems,
</div></div></div></div>&gt;&gt; which
<div class="message-stanza open"><div class="message-stanza open"><div class="message-stanza open">&gt;&gt; &gt;&gt; &gt;&gt; could manifest themselves later.
&gt;&gt; &gt;&gt; &gt;&gt;
&gt;&gt; &gt;&gt; &gt;&gt; Can you give us more details about your system: which OS &#40;linux,
</div>&gt;&gt; &gt;&gt; windows,
<div class="message-stanza open">&gt;&gt; &gt;&gt; &gt;&gt; mac&#41;? which version of WordNet?
&gt;&gt; &gt;&gt; &gt;&gt;
&gt;&gt; &gt;&gt; &gt;&gt; -- Sid.
&gt;&gt; &gt;&gt; &gt;&gt;
&gt;&gt; &gt;&gt; &gt;&gt;
&gt;&gt; &gt;&gt; &gt;&gt; On Jun 26, 2013, at 10:39 AM, &#34;nishant sharma via RT&#34; &lt;
&gt;&gt; &gt;&gt; &gt;&gt; bug-WordNet-Similarity@rt.cpan.org&gt; wrote:
&gt;&gt; &gt;&gt; &gt;&gt;
<div class="message-stanza open">&gt;&gt; &gt;&gt; &gt;&gt; &gt; Wed Jun 26 10:39:20 2013: Request 86440 was acted upon.
&gt;&gt; &gt;&gt; &gt;&gt; &gt; Transaction: Ticket created by nishantsharma486@gmail.com
&gt;&gt; &gt;&gt; &gt;&gt; &gt;       Queue: WordNet-Similarity
&gt;&gt; &gt;&gt; &gt;&gt; &gt;     Subject: Re: Failure of &#34;make test&#34; step
&gt;&gt; &gt;&gt; &gt;&gt; &gt;   Broken in: &#40;no value&#41;
&gt;&gt; &gt;&gt; &gt;&gt; &gt;    Severity: &#40;no value&#41;
&gt;&gt; &gt;&gt; &gt;&gt; &gt;       Owner: Nobody
&gt;&gt; &gt;&gt; &gt;&gt; &gt;  Requestors: nishantsharma486@gmail.com
&gt;&gt; &gt;&gt; &gt;&gt; &gt;      Status: new
&gt;&gt; &gt;&gt; &gt;&gt; &gt; Ticket &lt;URL: <span class="clickylink"><a target="new" rel="nofollow" href="https://rt.cpan.org/Ticket/Display.html?id=86440">https://rt.cpan.org/Ticket/Display.html?id=86440</a></span> &gt;
&gt;&gt; &gt;&gt; &gt;&gt; &gt;
&gt;&gt; &gt;&gt; &gt;&gt; &gt;
&gt;&gt; &gt;&gt; &gt;&gt; &gt; Also, is it possible to install it despite the failure of &#34;make
</div></div>&gt;&gt; &gt;&gt; test&#34;? So
<div class="message-stanza open">&gt;&gt; &gt;&gt; &gt;&gt; &gt; that i could move forward.
&gt;&gt; &gt;&gt; &gt;&gt; &gt; Thanks again.
&gt;&gt; &gt;&gt; &gt;&gt; &gt;
&gt;&gt; &gt;&gt; &gt;&gt; &gt;
&gt;&gt; &gt;&gt; &gt;&gt; &gt; On Wed, Jun 26, 2013 at 8:05 PM, nishant sharma
&gt;&gt; &gt;&gt; &gt;&gt; &gt; &lt;nishantsharma486@gmail.com&gt;wrote:
&gt;&gt; &gt;&gt; &gt;&gt; &gt;
<div class="message-stanza open">&gt;&gt; &gt;&gt; &gt;&gt; &gt;&gt; Hi,
&gt;&gt; &gt;&gt; &gt;&gt; &gt;&gt;
&gt;&gt; &gt;&gt; &gt;&gt; &gt;&gt; First of all a big thanks to the whole team for making such tools
</div></div>&gt;&gt; &gt;&gt; that
<div class="message-stanza open">&gt;&gt; &gt;&gt; &gt;&gt; &gt;&gt; are, for students like me and researchers, very useful.
&gt;&gt; &gt;&gt; &gt;&gt; &gt;&gt;
&gt;&gt; &gt;&gt; &gt;&gt; &gt;&gt; I would like to report a bug i encountered during the
</div></div></div>&gt;&gt; installation of
<div class="message-stanza open"><div class="message-stanza open"><div class="message-stanza open"><div class="message-stanza open">&gt;&gt; &gt;&gt; &gt;&gt; &gt;&gt; Wordnet-Similarity-2.05. I have installed all the pre-requisites
&gt;&gt; &gt;&gt; &gt;&gt; &gt;&gt; successfully. Also to the best of my knowledge, the &#34;perl
</div></div>&gt;&gt; &gt;&gt; Makefile.PL&#34;
<div class="message-stanza open">&gt;&gt; &gt;&gt; &gt;&gt; and
<div class="message-stanza open">&gt;&gt; &gt;&gt; &gt;&gt; &gt;&gt; &#34;make&#34; steps were successful as well. But the next step, i.e.
</div></div></div></div>&gt;&gt; &#34;make
<div class="message-stanza open"><div class="message-stanza open">&gt;&gt; &gt;&gt; &gt;&gt; test&#34;,
<div class="message-stanza open">&gt;&gt; &gt;&gt; &gt;&gt; &gt;&gt; failed. Following are the details of its execution:
&gt;&gt; &gt;&gt; &gt;&gt; &gt;&gt;
&gt;&gt; &gt;&gt; &gt;&gt; &gt;&gt; nishant@nishant-Inspiron-1545
</div></div></div>&gt;&gt; :~/Downloads/WordNet-Similarity-2.05$
<div class="message-stanza open"><div class="message-stanza open">&gt;&gt; &gt;&gt; make
<div class="message-stanza open"><div class="message-stanza open">&gt;&gt; &gt;&gt; &gt;&gt; &gt;&gt; test
&gt;&gt; &gt;&gt; &gt;&gt; &gt;&gt; PERL_DL_NONLAZY=1 /usr/bin/perl &#34;-MExtUtils::Command::MM&#34; &#34;-e&#34;
&gt;&gt; &gt;&gt; &gt;&gt; &gt;&gt; &#34;test_harness&#40;0, &#39;blib/lib&#39;, &#39;blib/arch&#39;&#41;&#34; t/*.t
&gt;&gt; &gt;&gt; &gt;&gt; &gt;&gt; t/access.t ........ ok
&gt;&gt; &gt;&gt; &gt;&gt; &gt;&gt; t/hso.t ........... ok
&gt;&gt; &gt;&gt; &gt;&gt; &gt;&gt; t/ICFinder.t ...... ok
&gt;&gt; &gt;&gt; &gt;&gt; &gt;&gt; t/jcn.t ........... ok
&gt;&gt; &gt;&gt; &gt;&gt; &gt;&gt; t/lch.t ........... ok
&gt;&gt; &gt;&gt; &gt;&gt; &gt;&gt; t/lesk.t .......... ok
&gt;&gt; &gt;&gt; &gt;&gt; &gt;&gt; t/lin.t ........... ok
&gt;&gt; &gt;&gt; &gt;&gt; &gt;&gt; t/offsetwps.t ..... ok
&gt;&gt; &gt;&gt; &gt;&gt; &gt;&gt; t/pairs-noroot.t .. ok
&gt;&gt; &gt;&gt; &gt;&gt; &gt;&gt; t/pairs.t ......... ok
&gt;&gt; &gt;&gt; &gt;&gt; &gt;&gt; t/path.t .......... ok
&gt;&gt; &gt;&gt; &gt;&gt; &gt;&gt; t/PathFinder.t .... ok
&gt;&gt; &gt;&gt; &gt;&gt; &gt;&gt; t/pod-coverage.t .. skipped: Test::Pod::Coverage 1.00 required for
</div>&gt;&gt; &gt;&gt; &gt;&gt; testing
<div class="message-stanza open">&gt;&gt; &gt;&gt; &gt;&gt; &gt;&gt; POD coverage
&gt;&gt; &gt;&gt; &gt;&gt; &gt;&gt; t/pod-doc.t ....... skipped: Test::Pod 1.00 required for testing
</div></div></div></div>&gt;&gt; POD
<div class="message-stanza open"><div class="message-stanza open">&gt;&gt; &gt;&gt; &gt;&gt; &gt;&gt; t/pod.t ........... skipped: Test::Pod 1.00 required for testing
</div></div>&gt;&gt; POD
<div class="message-stanza open"><div class="message-stanza open"><div class="message-stanza open"><div class="message-stanza open">&gt;&gt; &gt;&gt; &gt;&gt; &gt;&gt; t/random.t ........ ok
&gt;&gt; &gt;&gt; &gt;&gt; &gt;&gt; t/res.t ........... ok
&gt;&gt; &gt;&gt; &gt;&gt; &gt;&gt; t/trace.t ......... 51/132
&gt;&gt; &gt;&gt; &gt;&gt; &gt;&gt; #   Failed test at t/trace.t line 141.
&gt;&gt; &gt;&gt; &gt;&gt; &gt;&gt; #          got: &#39;4&#39;
&gt;&gt; &gt;&gt; &gt;&gt; &gt;&gt; #     expected: &#39;0&#39;
&gt;&gt; &gt;&gt; &gt;&gt; &gt;&gt; # lesk: The lines &#39;Overlaps: 1 x &#34;the&#34;  1 x &#34;small&#34;  1 x &#34;of&#34;  2 x
</div></div>&gt;&gt; &gt;&gt; &#34;any&#34;
<div class="message-stanza open"><div class="message-stanza open">&gt;&gt; &gt;&gt; &gt;&gt; &gt;&gt; 1 x &#34;in the&#34;  1 x &#34;or&#34;  1 x &#34;resembling the&#34;  1 x &#34;and&#34;  &#39; and
</div>&gt;&gt; &gt;&gt; &gt;&gt; &#39;Overlaps: 1
<div class="message-stanza open">&gt;&gt; &gt;&gt; &gt;&gt; &gt;&gt; x &#34;the&#34;  1 x &#34;small&#34;  1 x &#34;in the&#34;  1 x &#34;or&#34;  1 x &#34;of&#34;  1 x
</div></div>&gt;&gt; &gt;&gt; &#34;resembling
<div class="message-stanza open">&gt;&gt; &gt;&gt; &gt;&gt; &gt;&gt; the&#34;  2 x &#34;any&#34;  1 x &#34;and&#34;  &#39; differ
&gt;&gt; &gt;&gt; &gt;&gt; &gt;&gt; t/trace.t ......... 121/132 # Looks like you failed 1 test of 132.
&gt;&gt; &gt;&gt; &gt;&gt; &gt;&gt; t/trace.t ......... Dubious, test returned 1 &#40;wstat 256, 0x100&#41;
&gt;&gt; &gt;&gt; &gt;&gt; &gt;&gt; Failed 1/132 subtests
&gt;&gt; &gt;&gt; &gt;&gt; &gt;&gt; t/vector.t ........ ok
&gt;&gt; &gt;&gt; &gt;&gt; &gt;&gt; t/vector_pairs.t .. ok
&gt;&gt; &gt;&gt; &gt;&gt; &gt;&gt; t/wn30loop.t ...... ok
&gt;&gt; &gt;&gt; &gt;&gt; &gt;&gt; t/wup.t ........... ok
&gt;&gt; &gt;&gt; &gt;&gt; &gt;&gt;
&gt;&gt; &gt;&gt; &gt;&gt; &gt;&gt; Test Summary Report
&gt;&gt; &gt;&gt; &gt;&gt; &gt;&gt; -------------------
&gt;&gt; &gt;&gt; &gt;&gt; &gt;&gt; t/trace.t       &#40;Wstat: 256 Tests: 132 Failed: 1&#41;
&gt;&gt; &gt;&gt; &gt;&gt; &gt;&gt;  Failed test:  76
&gt;&gt; &gt;&gt; &gt;&gt; &gt;&gt;  Non-zero exit status: 1
&gt;&gt; &gt;&gt; &gt;&gt; &gt;&gt; Files=22, Tests=2027, 134 wallclock secs &#40; 0.44 usr  0.06 sys +
</div>&gt;&gt; &gt;&gt; 128.26
<div class="message-stanza open">&gt;&gt; &gt;&gt; &gt;&gt; &gt;&gt; cusr  4.94 csys = 133.70 CPU&#41;
&gt;&gt; &gt;&gt; &gt;&gt; &gt;&gt; Result: FAIL
&gt;&gt; &gt;&gt; &gt;&gt; &gt;&gt; Failed 1/22 test programs. 1/2027 subtests failed.
&gt;&gt; &gt;&gt; &gt;&gt; &gt;&gt; make: *** [test_dynamic] Error 255
&gt;&gt; &gt;&gt; &gt;&gt; &gt;&gt;
&gt;&gt; &gt;&gt; &gt;&gt; &gt;&gt;
&gt;&gt; &gt;&gt; &gt;&gt; &gt;&gt; Please could you help me fix this, i am stuck. I need to use it
</div></div></div>&gt;&gt; for
<div class="message-stanza open"><div class="message-stanza open">&gt;&gt; &gt;&gt; my
<div class="message-stanza open"><div class="message-stanza open"><div class="message-stanza open">&gt;&gt; &gt;&gt; &gt;&gt; &gt;&gt; project and i am under a lot of time-pressure.
&gt;&gt; &gt;&gt; &gt;&gt; &gt;&gt; Thanks a lot once again
&gt;&gt; &gt;&gt; &gt;&gt; &gt;&gt;
&gt;&gt; &gt;&gt; &gt;&gt; &gt;&gt; Nishant Sharma
&gt;&gt; &gt;&gt; &gt;&gt; &gt;&gt; IIT Madras, India
&gt;&gt; &gt;&gt; &gt;&gt; &gt;&gt;
</div>&gt;&gt; &gt;&gt; &gt;&gt;
&gt;&gt; &gt;&gt; &gt;&gt;
&gt;&gt; &gt;&gt; &gt;&gt;
</div>&gt;&gt; &gt;&gt; &gt;
</div>&gt;&gt; &gt;&gt;
&gt;&gt; &gt;&gt;
&gt;&gt; &gt;&gt;
&gt;&gt; &gt;&gt; --
&gt;&gt; &gt;&gt; Ted Pedersen
&gt;&gt; &gt;&gt; <span class="clickylink"><a target="new" rel="nofollow" href="http://www.d.umn.edu/~tpederse">http://www.d.umn.edu/~tpederse</a></span>
&gt;&gt; &gt;&gt;
&gt;&gt; &gt;&gt;
</div>&gt;&gt; &gt;
</div>&gt;&gt;
&gt;&gt;
&gt;&gt;
&gt;&gt; --
&gt;&gt; Ted Pedersen
&gt;&gt; <span class="clickylink"><a target="new" rel="nofollow" href="http://www.d.umn.edu/~tpederse">http://www.d.umn.edu/~tpederse</a></span>
&gt;&gt;
&gt;&gt;
</div>&gt;
</div>


-- 
Ted Pedersen
<span class="clickylink"><a target="new" rel="nofollow" href="http://www.d.umn.edu/~tpederse">http://www.d.umn.edu/~tpederse</a></span>
</div></div>
    </div>
</div>
</div>
<div class="ticket-transaction message Correspond odd">
<div class="ticket-transaction">
  <div class="metadata">
    <span class="type">
      <a name="txn-1229298" href="/Public/Bug/Display.html?id=86437#txn-1229298">#</a>      
    </span>
    <span class="date">Thu&nbsp;Jun&nbsp;27&nbsp;10:59:21&nbsp;2013</span>
    <span class="description">sidd [...] patwardhans.net -  Correspondence added</span>
    <span class="time-taken"></span>    <span class="actions hidden"></span>
  </div>
    <div class="content">
      
<table>
  <tr>
    <td align="right" class="message-header-key">Subject:</td>
    <td class="message-header-value"> Re: [rt.cpan.org #86437] Re: [rt.cpan.org #86440] Re: Failure of &#34;make test&#34; step</td>
  </tr>
  <tr>
    <td align="right" class="message-header-key">Date:</td>
    <td class="message-header-value"> Thu, 27 Jun 2013 10:58:58 -0400</td>
  </tr>
  <tr>
    <td align="right" class="message-header-key">To:</td>
    <td class="message-header-value"> bug-WordNet-Similarity [...] rt.cpan.org</td>
  </tr>
  <tr>
    <td align="right" class="message-header-key">From:</td>
    <td class="message-header-value"> Siddharth Patwardhan &lt;sidd [...] patwardhans.net&gt;</td>
  </tr>
</table>
<div class="downloadattachment">
<a href="/Ticket/Attachment/1229298/649522/">Download &#40;untitled&#41;</a> / <a href="/Ticket/Attachment/WithHeaders/649522">with headers</a>
<br />
<span class="downloadcontenttype">text/plain 9.5k</span>
</div>
<div class="messagebody">
<div class="message-stanza plain-text-white-space">I was just looked at trace.t to get to the bottom of this issue. I discovered that one of the tests in trace.t assumes that the tests will be run from the base directory of the extracted WordNet-Similarity package, and not from inside t. Try re-runiing your tests by
&#40;1&#41; cd to the WordNet-Similarity base directory
&#40;2&#41; then run perl t/trace.t

-- Sid.

On Jun 27, 2013, at 8:18 AM, &#34;tpederse@d.umn.edu via RT&#34; &lt;bug-WordNet-Similarity@rt.cpan.org&gt; wrote:

<span
    class="message-stanza-folder closed"
    onclick="fold_message_stanza(this, 'Show\x20quoted\x20text', 'Hide\x20quoted\x20text');">Show quoted text</span><br /><div class="message-stanza closed">&gt;       Queue: WordNet-Similarity
&gt; Ticket &lt;URL: <span class="clickylink"><a target="new" rel="nofollow" href="https://rt.cpan.org/Ticket/Display.html?id=86437">https://rt.cpan.org/Ticket/Display.html?id=86437</a></span> &gt;
&gt; 
&gt; Well that&#39;s very interesting - that&#39;s where we get our version from
&gt; too. I will check into this hash code issue, although as I say I don&#39;t
&gt; think this is anything that should affect you negatively. Thanks for
&gt; the quick update!
&gt; 
&gt; Cordially,
&gt; Ted
&gt; 
&gt; On Thu, Jun 27, 2013 at 7:17 AM, nishant sharma via RT
&gt; &lt;bug-WordNet-Similarity@rt.cpan.org&gt; wrote:
<div class="message-stanza open">&gt;&gt;       Queue: WordNet-Similarity
&gt;&gt; Ticket &lt;URL: <span class="clickylink"><a target="new" rel="nofollow" href="https://rt.cpan.org/Ticket/Display.html?id=86437">https://rt.cpan.org/Ticket/Display.html?id=86437</a></span> &gt;
&gt;&gt; 
&gt;&gt; I got it from the following link:
&gt;&gt; 
&gt;&gt; <span class="clickylink"><a target="new" rel="nofollow" href="http://wordnetcode.princeton.edu/3.0/WordNet-3.0.tar.gz">http://wordnetcode.princeton.edu/3.0/WordNet-3.0.tar.gz</a></span>
&gt;&gt; 
&gt;&gt; 
&gt;&gt; On Thu, Jun 27, 2013 at 5:25 PM, tpederse@d.umn.edu via RT &lt;
&gt;&gt; bug-WordNet-Similarity@rt.cpan.org&gt; wrote:
&gt;&gt; 
<div class="message-stanza open">&gt;&gt;&gt; &lt;URL: <span class="clickylink"><a target="new" rel="nofollow" href="https://rt.cpan.org/Ticket/Display.html?id=86437">https://rt.cpan.org/Ticket/Display.html?id=86437</a></span> &gt;
&gt;&gt;&gt; 
&gt;&gt;&gt; I know that you are using WordNet version 3.0, but where did you
&gt;&gt;&gt; obtain it from? Is this the version from Princton, or perhaps the
&gt;&gt;&gt; Debian packaged version, or ?
&gt;&gt;&gt; 
&gt;&gt;&gt; The message about the hash code not matching installed WordNet
&gt;&gt;&gt; suggests you might have a different version of WordNet than we are
&gt;&gt;&gt; expecting. I don&#39;t think this should cause you any difficulty, but it
&gt;&gt;&gt; would be good for us to know about this too.
&gt;&gt;&gt; 
&gt;&gt;&gt; Thanks!
&gt;&gt;&gt; Ted
&gt;&gt;&gt; 
&gt;&gt;&gt; On Thu, Jun 27, 2013 at 4:26 AM, nishant sharma via RT
&gt;&gt;&gt; &lt;bug-WordNet-Similarity@rt.cpan.org&gt; wrote:
<div class="message-stanza open">&gt;&gt;&gt;&gt;       Queue: WordNet-Similarity
&gt;&gt;&gt;&gt; Ticket &lt;URL: <span class="clickylink"><a target="new" rel="nofollow" href="https://rt.cpan.org/Ticket/Display.html?id=86437">https://rt.cpan.org/Ticket/Display.html?id=86437</a></span> &gt;
&gt;&gt;&gt;&gt; 
&gt;&gt;&gt;&gt; Sir,
&gt;&gt;&gt;&gt; 
&gt;&gt;&gt;&gt; Its a pleasure to  hear from you.
&gt;&gt;&gt;&gt; I have installed the application using &#34;make test&#34;. And its working for
</div>&gt;&gt;&gt; now.
<div class="message-stanza open">&gt;&gt;&gt;&gt; Also i ran the test for lesk, following your instructions. The lesk test
&gt;&gt;&gt;&gt; seemed fine but not so for trace &#40;perl trace.t&#41;. Following are the
</div>&gt;&gt;&gt; details
<div class="message-stanza open">&gt;&gt;&gt;&gt; of the test:
&gt;&gt;&gt;&gt; 
&gt;&gt;&gt;&gt; .
&gt;&gt;&gt;&gt; .
&gt;&gt;&gt;&gt; .
&gt;&gt;&gt;&gt; ok 10 - use WordNet::Similarity::res;
&gt;&gt;&gt;&gt; ok 11 - use WordNet::Similarity::wup;
&gt;&gt;&gt;&gt; ok 12 - use File::Spec;
&gt;&gt;&gt;&gt; ok 13 - use File::Copy;
&gt;&gt;&gt;&gt; ok 14
&gt;&gt;&gt;&gt; ok 15
&gt;&gt;&gt;&gt; ok 16
&gt;&gt;&gt;&gt; ok 17
&gt;&gt;&gt;&gt; not ok 18
&gt;&gt;&gt;&gt; #   Failed test at trace.t line 99.
&gt;&gt;&gt;&gt; readline&#40;&#41; on closed filehandle WNF at trace.t line 100.
&gt;&gt;&gt;&gt; not ok 19
&gt;&gt;&gt;&gt; #   Failed test at trace.t line 101.
&gt;&gt;&gt;&gt; not ok 20
&gt;&gt;&gt;&gt; #   Failed test at trace.t line 106.
&gt;&gt;&gt;&gt; ok 21 # skip Hash-code of key file&#40;s&#41; does not match installed WordNet
&gt;&gt;&gt;&gt; ok 22 # skip Hash-code of key file&#40;s&#41; does not match installed WordNet
&gt;&gt;&gt;&gt; .
&gt;&gt;&gt;&gt; .
&gt;&gt;&gt;&gt; .
&gt;&gt;&gt;&gt; ok 132 # skip Hash-code of key file&#40;s&#41; does not match installed WordNet
&gt;&gt;&gt;&gt; # Looks like you failed 3 tests of 132.
&gt;&gt;&gt;&gt; 
&gt;&gt;&gt;&gt; What surprises me is that at the &#34;make test&#34; step only 1 test of 132
&gt;&gt;&gt;&gt; failed, but now 3 have failed.
&gt;&gt;&gt;&gt; 
&gt;&gt;&gt;&gt; Thanks
&gt;&gt;&gt;&gt; 
&gt;&gt;&gt;&gt; 
&gt;&gt;&gt;&gt; On Thu, Jun 27, 2013 at 5:39 AM, tpederse@d.umn.edu via RT &lt;
&gt;&gt;&gt;&gt; bug-WordNet-Similarity@rt.cpan.org&gt; wrote:
&gt;&gt;&gt;&gt; 
<div class="message-stanza open">&gt;&gt;&gt;&gt;&gt; &lt;URL: <span class="clickylink"><a target="new" rel="nofollow" href="https://rt.cpan.org/Ticket/Display.html?id=86437">https://rt.cpan.org/Ticket/Display.html?id=86437</a></span> &gt;
&gt;&gt;&gt;&gt;&gt; 
&gt;&gt;&gt;&gt;&gt; I&#39;m running WordNet::Similarity on Ubuntu 12.04 with WordNet-3.0 and
&gt;&gt;&gt;&gt;&gt; can&#39;t recreate this particular issue, so I&#39;m a little uncertain about
&gt;&gt;&gt;&gt;&gt; what might be happening. I think sometimes lesk related testing errors
&gt;&gt;&gt;&gt;&gt; can have to do with the configuration file being used &#40;or not&#41;,
&gt;&gt;&gt;&gt;&gt; although that most often seems to happen on Windows.
&gt;&gt;&gt;&gt;&gt; 
&gt;&gt;&gt;&gt;&gt; So, I think for the moment at least I&#39;d suggest going ahead and
&gt;&gt;&gt;&gt;&gt; forcing the install. You can do that on cpan via
&gt;&gt;&gt;&gt;&gt; 
&gt;&gt;&gt;&gt;&gt; cpan
<div class="message-stanza open">&gt;&gt;&gt;&gt;&gt;&gt; force install WordNet::Similarity
</div>&gt;&gt;&gt;&gt;&gt; 
&gt;&gt;&gt;&gt;&gt; This will in effect tell the installer to ignore the make test errors.
&gt;&gt;&gt;&gt;&gt; If you did not use cpan and simply installed after downloading that
&gt;&gt;&gt;&gt;&gt; tar file, you can just go ahead and run
&gt;&gt;&gt;&gt;&gt; 
&gt;&gt;&gt;&gt;&gt; make install
&gt;&gt;&gt;&gt;&gt; 
&gt;&gt;&gt;&gt;&gt; to finish up the install.
&gt;&gt;&gt;&gt;&gt; 
&gt;&gt;&gt;&gt;&gt; I would suggest that after you have installed that you go back and run
&gt;&gt;&gt;&gt;&gt; the lesk test again. It might be that in the process of installation
&gt;&gt;&gt;&gt;&gt; this issue is resolved. You can do that by doing the following from
&gt;&gt;&gt;&gt;&gt; within the WordNet::Similarity home directory...
&gt;&gt;&gt;&gt;&gt; 
&gt;&gt;&gt;&gt;&gt; cd t
&gt;&gt;&gt;&gt;&gt; perl lesk.t
&gt;&gt;&gt;&gt;&gt; 
&gt;&gt;&gt;&gt;&gt; I hope this helps!
&gt;&gt;&gt;&gt;&gt; 
&gt;&gt;&gt;&gt;&gt; Good luck,
&gt;&gt;&gt;&gt;&gt; Ted
&gt;&gt;&gt;&gt;&gt; 
&gt;&gt;&gt;&gt;&gt; 
&gt;&gt;&gt;&gt;&gt; On Wed, Jun 26, 2013 at 10:58 AM, nishant sharma via RT
&gt;&gt;&gt;&gt;&gt; &lt;bug-WordNet-Similarity@rt.cpan.org&gt; wrote:
<div class="message-stanza open">&gt;&gt;&gt;&gt;&gt;&gt;       Queue: WordNet-Similarity
&gt;&gt;&gt;&gt;&gt;&gt; Ticket &lt;URL: <span class="clickylink"><a target="new" rel="nofollow" href="https://rt.cpan.org/Ticket/Display.html?id=86437">https://rt.cpan.org/Ticket/Display.html?id=86437</a></span> &gt;
&gt;&gt;&gt;&gt;&gt;&gt; 
&gt;&gt;&gt;&gt;&gt;&gt; I am using Ubuntu&#40;version 12.10&#41; and WordNet-3.0
&gt;&gt;&gt;&gt;&gt;&gt; 
&gt;&gt;&gt;&gt;&gt;&gt; 
&gt;&gt;&gt;&gt;&gt;&gt; On Wed, Jun 26, 2013 at 8:20 PM, Siddharth Patwardhan via RT &lt;
&gt;&gt;&gt;&gt;&gt;&gt; bug-WordNet-Similarity@rt.cpan.org&gt; wrote:
&gt;&gt;&gt;&gt;&gt;&gt; 
<div class="message-stanza open">&gt;&gt;&gt;&gt;&gt;&gt;&gt; &lt;URL: <span class="clickylink"><a target="new" rel="nofollow" href="https://rt.cpan.org/Ticket/Display.html?id=86440">https://rt.cpan.org/Ticket/Display.html?id=86440</a></span> &gt;
&gt;&gt;&gt;&gt;&gt;&gt;&gt; 
&gt;&gt;&gt;&gt;&gt;&gt;&gt; Yes, it is possible to install despite the &#34;make test&#34; failure.
&gt;&gt;&gt;&gt;&gt;&gt;&gt; However, the test failure may indicate more fundamental problems,
</div></div></div></div>&gt;&gt;&gt; which
<div class="message-stanza open"><div class="message-stanza open"><div class="message-stanza open">&gt;&gt;&gt;&gt;&gt;&gt;&gt; could manifest themselves later.
&gt;&gt;&gt;&gt;&gt;&gt;&gt; 
&gt;&gt;&gt;&gt;&gt;&gt;&gt; Can you give us more details about your system: which OS &#40;linux,
</div>&gt;&gt;&gt;&gt;&gt; windows,
<div class="message-stanza open">&gt;&gt;&gt;&gt;&gt;&gt;&gt; mac&#41;? which version of WordNet?
&gt;&gt;&gt;&gt;&gt;&gt;&gt; 
&gt;&gt;&gt;&gt;&gt;&gt;&gt; -- Sid.
&gt;&gt;&gt;&gt;&gt;&gt;&gt; 
&gt;&gt;&gt;&gt;&gt;&gt;&gt; 
&gt;&gt;&gt;&gt;&gt;&gt;&gt; On Jun 26, 2013, at 10:39 AM, &#34;nishant sharma via RT&#34; &lt;
&gt;&gt;&gt;&gt;&gt;&gt;&gt; bug-WordNet-Similarity@rt.cpan.org&gt; wrote:
&gt;&gt;&gt;&gt;&gt;&gt;&gt; 
<div class="message-stanza open">&gt;&gt;&gt;&gt;&gt;&gt;&gt;&gt; Wed Jun 26 10:39:20 2013: Request 86440 was acted upon.
&gt;&gt;&gt;&gt;&gt;&gt;&gt;&gt; Transaction: Ticket created by nishantsharma486@gmail.com
&gt;&gt;&gt;&gt;&gt;&gt;&gt;&gt;      Queue: WordNet-Similarity
&gt;&gt;&gt;&gt;&gt;&gt;&gt;&gt;    Subject: Re: Failure of &#34;make test&#34; step
&gt;&gt;&gt;&gt;&gt;&gt;&gt;&gt;  Broken in: &#40;no value&#41;
&gt;&gt;&gt;&gt;&gt;&gt;&gt;&gt;   Severity: &#40;no value&#41;
&gt;&gt;&gt;&gt;&gt;&gt;&gt;&gt;      Owner: Nobody
&gt;&gt;&gt;&gt;&gt;&gt;&gt;&gt; Requestors: nishantsharma486@gmail.com
&gt;&gt;&gt;&gt;&gt;&gt;&gt;&gt;     Status: new
&gt;&gt;&gt;&gt;&gt;&gt;&gt;&gt; Ticket &lt;URL: <span class="clickylink"><a target="new" rel="nofollow" href="https://rt.cpan.org/Ticket/Display.html?id=86440">https://rt.cpan.org/Ticket/Display.html?id=86440</a></span> &gt;
&gt;&gt;&gt;&gt;&gt;&gt;&gt;&gt; 
&gt;&gt;&gt;&gt;&gt;&gt;&gt;&gt; 
&gt;&gt;&gt;&gt;&gt;&gt;&gt;&gt; Also, is it possible to install it despite the failure of &#34;make
</div></div>&gt;&gt;&gt;&gt;&gt; test&#34;? So
<div class="message-stanza open">&gt;&gt;&gt;&gt;&gt;&gt;&gt;&gt; that i could move forward.
&gt;&gt;&gt;&gt;&gt;&gt;&gt;&gt; Thanks again.
&gt;&gt;&gt;&gt;&gt;&gt;&gt;&gt; 
&gt;&gt;&gt;&gt;&gt;&gt;&gt;&gt; 
&gt;&gt;&gt;&gt;&gt;&gt;&gt;&gt; On Wed, Jun 26, 2013 at 8:05 PM, nishant sharma
&gt;&gt;&gt;&gt;&gt;&gt;&gt;&gt; &lt;nishantsharma486@gmail.com&gt;wrote:
&gt;&gt;&gt;&gt;&gt;&gt;&gt;&gt; 
<div class="message-stanza open">&gt;&gt;&gt;&gt;&gt;&gt;&gt;&gt;&gt; Hi,
&gt;&gt;&gt;&gt;&gt;&gt;&gt;&gt;&gt; 
&gt;&gt;&gt;&gt;&gt;&gt;&gt;&gt;&gt; First of all a big thanks to the whole team for making such tools
</div></div>&gt;&gt;&gt;&gt;&gt; that
<div class="message-stanza open">&gt;&gt;&gt;&gt;&gt;&gt;&gt;&gt;&gt; are, for students like me and researchers, very useful.
&gt;&gt;&gt;&gt;&gt;&gt;&gt;&gt;&gt; 
&gt;&gt;&gt;&gt;&gt;&gt;&gt;&gt;&gt; I would like to report a bug i encountered during the
</div></div></div>&gt;&gt;&gt; installation of
<div class="message-stanza open"><div class="message-stanza open"><div class="message-stanza open"><div class="message-stanza open">&gt;&gt;&gt;&gt;&gt;&gt;&gt;&gt;&gt; Wordnet-Similarity-2.05. I have installed all the pre-requisites
&gt;&gt;&gt;&gt;&gt;&gt;&gt;&gt;&gt; successfully. Also to the best of my knowledge, the &#34;perl
</div></div>&gt;&gt;&gt;&gt;&gt; Makefile.PL&#34;
<div class="message-stanza open">&gt;&gt;&gt;&gt;&gt;&gt;&gt; and
<div class="message-stanza open">&gt;&gt;&gt;&gt;&gt;&gt;&gt;&gt;&gt; &#34;make&#34; steps were successful as well. But the next step, i.e.
</div></div></div></div>&gt;&gt;&gt; &#34;make
<div class="message-stanza open"><div class="message-stanza open">&gt;&gt;&gt;&gt;&gt;&gt;&gt; test&#34;,
<div class="message-stanza open">&gt;&gt;&gt;&gt;&gt;&gt;&gt;&gt;&gt; failed. Following are the details of its execution:
&gt;&gt;&gt;&gt;&gt;&gt;&gt;&gt;&gt; 
&gt;&gt;&gt;&gt;&gt;&gt;&gt;&gt;&gt; nishant@nishant-Inspiron-1545
</div></div></div>&gt;&gt;&gt; :~/Downloads/WordNet-Similarity-2.05$
<div class="message-stanza open"><div class="message-stanza open">&gt;&gt;&gt;&gt;&gt; make
<div class="message-stanza open"><div class="message-stanza open">&gt;&gt;&gt;&gt;&gt;&gt;&gt;&gt;&gt; test
&gt;&gt;&gt;&gt;&gt;&gt;&gt;&gt;&gt; PERL_DL_NONLAZY=1 /usr/bin/perl &#34;-MExtUtils::Command::MM&#34; &#34;-e&#34;
&gt;&gt;&gt;&gt;&gt;&gt;&gt;&gt;&gt; &#34;test_harness&#40;0, &#39;blib/lib&#39;, &#39;blib/arch&#39;&#41;&#34; t/*.t
&gt;&gt;&gt;&gt;&gt;&gt;&gt;&gt;&gt; t/access.t ........ ok
&gt;&gt;&gt;&gt;&gt;&gt;&gt;&gt;&gt; t/hso.t ........... ok
&gt;&gt;&gt;&gt;&gt;&gt;&gt;&gt;&gt; t/ICFinder.t ...... ok
&gt;&gt;&gt;&gt;&gt;&gt;&gt;&gt;&gt; t/jcn.t ........... ok
&gt;&gt;&gt;&gt;&gt;&gt;&gt;&gt;&gt; t/lch.t ........... ok
&gt;&gt;&gt;&gt;&gt;&gt;&gt;&gt;&gt; t/lesk.t .......... ok
&gt;&gt;&gt;&gt;&gt;&gt;&gt;&gt;&gt; t/lin.t ........... ok
&gt;&gt;&gt;&gt;&gt;&gt;&gt;&gt;&gt; t/offsetwps.t ..... ok
&gt;&gt;&gt;&gt;&gt;&gt;&gt;&gt;&gt; t/pairs-noroot.t .. ok
&gt;&gt;&gt;&gt;&gt;&gt;&gt;&gt;&gt; t/pairs.t ......... ok
&gt;&gt;&gt;&gt;&gt;&gt;&gt;&gt;&gt; t/path.t .......... ok
&gt;&gt;&gt;&gt;&gt;&gt;&gt;&gt;&gt; t/PathFinder.t .... ok
&gt;&gt;&gt;&gt;&gt;&gt;&gt;&gt;&gt; t/pod-coverage.t .. skipped: Test::Pod::Coverage 1.00 required for
</div>&gt;&gt;&gt;&gt;&gt;&gt;&gt; testing
<div class="message-stanza open">&gt;&gt;&gt;&gt;&gt;&gt;&gt;&gt;&gt; POD coverage
&gt;&gt;&gt;&gt;&gt;&gt;&gt;&gt;&gt; t/pod-doc.t ....... skipped: Test::Pod 1.00 required for testing
</div></div></div></div>&gt;&gt;&gt; POD
<div class="message-stanza open"><div class="message-stanza open">&gt;&gt;&gt;&gt;&gt;&gt;&gt;&gt;&gt; t/pod.t ........... skipped: Test::Pod 1.00 required for testing
</div></div>&gt;&gt;&gt; POD
<div class="message-stanza open"><div class="message-stanza open"><div class="message-stanza open"><div class="message-stanza open">&gt;&gt;&gt;&gt;&gt;&gt;&gt;&gt;&gt; t/random.t ........ ok
&gt;&gt;&gt;&gt;&gt;&gt;&gt;&gt;&gt; t/res.t ........... ok
&gt;&gt;&gt;&gt;&gt;&gt;&gt;&gt;&gt; t/trace.t ......... 51/132
&gt;&gt;&gt;&gt;&gt;&gt;&gt;&gt;&gt; #   Failed test at t/trace.t line 141.
&gt;&gt;&gt;&gt;&gt;&gt;&gt;&gt;&gt; #          got: &#39;4&#39;
&gt;&gt;&gt;&gt;&gt;&gt;&gt;&gt;&gt; #     expected: &#39;0&#39;
&gt;&gt;&gt;&gt;&gt;&gt;&gt;&gt;&gt; # lesk: The lines &#39;Overlaps: 1 x &#34;the&#34;  1 x &#34;small&#34;  1 x &#34;of&#34;  2 x
</div></div>&gt;&gt;&gt;&gt;&gt; &#34;any&#34;
<div class="message-stanza open"><div class="message-stanza open">&gt;&gt;&gt;&gt;&gt;&gt;&gt;&gt;&gt; 1 x &#34;in the&#34;  1 x &#34;or&#34;  1 x &#34;resembling the&#34;  1 x &#34;and&#34;  &#39; and
</div>&gt;&gt;&gt;&gt;&gt;&gt;&gt; &#39;Overlaps: 1
<div class="message-stanza open">&gt;&gt;&gt;&gt;&gt;&gt;&gt;&gt;&gt; x &#34;the&#34;  1 x &#34;small&#34;  1 x &#34;in the&#34;  1 x &#34;or&#34;  1 x &#34;of&#34;  1 x
</div></div>&gt;&gt;&gt;&gt;&gt; &#34;resembling
<div class="message-stanza open">&gt;&gt;&gt;&gt;&gt;&gt;&gt;&gt;&gt; the&#34;  2 x &#34;any&#34;  1 x &#34;and&#34;  &#39; differ
&gt;&gt;&gt;&gt;&gt;&gt;&gt;&gt;&gt; t/trace.t ......... 121/132 # Looks like you failed 1 test of 132.
&gt;&gt;&gt;&gt;&gt;&gt;&gt;&gt;&gt; t/trace.t ......... Dubious, test returned 1 &#40;wstat 256, 0x100&#41;
&gt;&gt;&gt;&gt;&gt;&gt;&gt;&gt;&gt; Failed 1/132 subtests
&gt;&gt;&gt;&gt;&gt;&gt;&gt;&gt;&gt; t/vector.t ........ ok
&gt;&gt;&gt;&gt;&gt;&gt;&gt;&gt;&gt; t/vector_pairs.t .. ok
&gt;&gt;&gt;&gt;&gt;&gt;&gt;&gt;&gt; t/wn30loop.t ...... ok
&gt;&gt;&gt;&gt;&gt;&gt;&gt;&gt;&gt; t/wup.t ........... ok
&gt;&gt;&gt;&gt;&gt;&gt;&gt;&gt;&gt; 
&gt;&gt;&gt;&gt;&gt;&gt;&gt;&gt;&gt; Test Summary Report
&gt;&gt;&gt;&gt;&gt;&gt;&gt;&gt;&gt; -------------------
&gt;&gt;&gt;&gt;&gt;&gt;&gt;&gt;&gt; t/trace.t       &#40;Wstat: 256 Tests: 132 Failed: 1&#41;
&gt;&gt;&gt;&gt;&gt;&gt;&gt;&gt;&gt; Failed test:  76
&gt;&gt;&gt;&gt;&gt;&gt;&gt;&gt;&gt; Non-zero exit status: 1
&gt;&gt;&gt;&gt;&gt;&gt;&gt;&gt;&gt; Files=22, Tests=2027, 134 wallclock secs &#40; 0.44 usr  0.06 sys +
</div>&gt;&gt;&gt;&gt;&gt; 128.26
<div class="message-stanza open">&gt;&gt;&gt;&gt;&gt;&gt;&gt;&gt;&gt; cusr  4.94 csys = 133.70 CPU&#41;
&gt;&gt;&gt;&gt;&gt;&gt;&gt;&gt;&gt; Result: FAIL
&gt;&gt;&gt;&gt;&gt;&gt;&gt;&gt;&gt; Failed 1/22 test programs. 1/2027 subtests failed.
&gt;&gt;&gt;&gt;&gt;&gt;&gt;&gt;&gt; make: *** [test_dynamic] Error 255
&gt;&gt;&gt;&gt;&gt;&gt;&gt;&gt;&gt; 
&gt;&gt;&gt;&gt;&gt;&gt;&gt;&gt;&gt; 
&gt;&gt;&gt;&gt;&gt;&gt;&gt;&gt;&gt; Please could you help me fix this, i am stuck. I need to use it
</div></div></div>&gt;&gt;&gt; for
<div class="message-stanza open"><div class="message-stanza open">&gt;&gt;&gt;&gt;&gt; my
<div class="message-stanza open"><div class="message-stanza open"><div class="message-stanza open">&gt;&gt;&gt;&gt;&gt;&gt;&gt;&gt;&gt; project and i am under a lot of time-pressure.
&gt;&gt;&gt;&gt;&gt;&gt;&gt;&gt;&gt; Thanks a lot once again
&gt;&gt;&gt;&gt;&gt;&gt;&gt;&gt;&gt; 
&gt;&gt;&gt;&gt;&gt;&gt;&gt;&gt;&gt; Nishant Sharma
&gt;&gt;&gt;&gt;&gt;&gt;&gt;&gt;&gt; IIT Madras, India
&gt;&gt;&gt;&gt;&gt;&gt;&gt;&gt;&gt; 
</div>&gt;&gt;&gt;&gt;&gt;&gt;&gt; 
&gt;&gt;&gt;&gt;&gt;&gt;&gt; 
&gt;&gt;&gt;&gt;&gt;&gt;&gt; 
</div>&gt;&gt;&gt;&gt;&gt;&gt; 
</div>&gt;&gt;&gt;&gt;&gt; 
&gt;&gt;&gt;&gt;&gt; 
&gt;&gt;&gt;&gt;&gt; 
&gt;&gt;&gt;&gt;&gt; --
&gt;&gt;&gt;&gt;&gt; Ted Pedersen
&gt;&gt;&gt;&gt;&gt; <span class="clickylink"><a target="new" rel="nofollow" href="http://www.d.umn.edu/~tpederse">http://www.d.umn.edu/~tpederse</a></span>
&gt;&gt;&gt;&gt;&gt; 
&gt;&gt;&gt;&gt;&gt; 
</div>&gt;&gt;&gt;&gt; 
</div>&gt;&gt;&gt; 
&gt;&gt;&gt; 
&gt;&gt;&gt; 
&gt;&gt;&gt; --
&gt;&gt;&gt; Ted Pedersen
&gt;&gt;&gt; <span class="clickylink"><a target="new" rel="nofollow" href="http://www.d.umn.edu/~tpederse">http://www.d.umn.edu/~tpederse</a></span>
&gt;&gt;&gt; 
&gt;&gt;&gt; 
</div>&gt;&gt; 
</div>&gt; 
&gt; 
&gt; 
&gt; -- 
&gt; Ted Pedersen
&gt; <span class="clickylink"><a target="new" rel="nofollow" href="http://www.d.umn.edu/~tpederse">http://www.d.umn.edu/~tpederse</a></span>
</div></div></div>
    </div>
</div>
</div>
<div class="ticket-transaction message Correspond even">
<div class="ticket-transaction">
  <div class="metadata">
    <span class="type">
      <a name="txn-1229505" href="/Public/Bug/Display.html?id=86437#txn-1229505">#</a>      
    </span>
    <span class="date">Fri&nbsp;Jun&nbsp;28&nbsp;00:13:55&nbsp;2013</span>
    <span class="description">nishantsharma486 [...] gmail.com -  Correspondence added</span>
    <span class="time-taken"></span>    <span class="actions hidden"></span>
  </div>
    <div class="content">
      
<table>
  <tr>
    <td align="right" class="message-header-key">Subject:</td>
    <td class="message-header-value"> Re: [rt.cpan.org #86437] Re: [rt.cpan.org #86440] Re: Failure of &#34;make test&#34; step</td>
  </tr>
  <tr>
    <td align="right" class="message-header-key">Date:</td>
    <td class="message-header-value"> Fri, 28 Jun 2013 09:43:38 +0530</td>
  </tr>
  <tr>
    <td align="right" class="message-header-key">To:</td>
    <td class="message-header-value"> bug-WordNet-Similarity [...] rt.cpan.org</td>
  </tr>
  <tr>
    <td align="right" class="message-header-key">From:</td>
    <td class="message-header-value"> nishant sharma &lt;nishantsharma486 [...] gmail.com&gt;</td>
  </tr>
</table>
<div class="messageattachments">
<div class="downloadattachment">
<a href="/Ticket/Attachment/1229505/649630/">Download &#40;untitled&#41;</a> / <a href="/Ticket/Attachment/WithHeaders/649630">with headers</a>
<br />
<span class="downloadcontenttype">text/plain 11.1k</span>
</div>
<div class="messagebody">
<div class="message-stanza plain-text-white-space">Sid,

Thanks. This helps. I am back to 1 failed test from 3.:&#41;

Follwing are the results:

.
.
.
ok 74
ok 75
not ok 76
#   Failed test at t/trace.t line 141.
#          got: &#39;4&#39;
#     expected: &#39;0&#39;
# lesk: The lines &#39;Overlaps: 1 x &#34;the&#34;  1 x &#34;small&#34;  1 x &#34;of&#34;  2 x &#34;any&#34;  1
x &#34;in the&#34;  1 x &#34;or&#34;  1 x &#34;resembling the&#34;  1 x &#34;and&#34;  &#39; and &#39;Overlaps: 1 x
&#34;the&#34;  1 x &#34;small&#34;  1 x &#34;in the&#34;  1 x &#34;or&#34;  1 x &#34;of&#34;  1 x &#34;resembling the&#34;
2 x &#34;any&#34;  1 x &#34;and&#34;  &#39; differ
ok 77
ok 78
.
.
.ok 132
# Looks like you failed 1 test of 132.

Also, i&#39;m getting unexpected results. Lesk score between dog#n#1 and
dog#n#1 was 5646.
and that between car#n#1 and bus#n#2 was 30. I followed the exact code as
in
<span class="clickylink"><a target="new" rel="nofollow" href="http://search.cpan.org/~tpederse/WordNet-Similarity/lib/WordNet/Similarity/lesk.pm">http://search.cpan.org/~tpederse/WordNet-Similarity/lib/WordNet/Similarity/lesk.pm</a></span>.
I cross checked the results with
<span class="clickylink"><a target="new" rel="nofollow" href="http://marimba.d.umn.edu/">http://marimba.d.umn.edu/</a></span> . Obviously, there is a lot of deviation.

Thanks.



On Thu, Jun 27, 2013 at 8:29 PM, Siddharth Patwardhan via RT &lt;
bug-WordNet-Similarity@rt.cpan.org&gt; wrote:

<span
    class="message-stanza-folder closed"
    onclick="fold_message_stanza(this, 'Show\x20quoted\x20text', 'Hide\x20quoted\x20text');">Show quoted text</span><br /><div class="message-stanza closed">&gt; &lt;URL: <span class="clickylink"><a target="new" rel="nofollow" href="https://rt.cpan.org/Ticket/Display.html?id=86437">https://rt.cpan.org/Ticket/Display.html?id=86437</a></span> &gt;
&gt;
&gt; I was just looked at trace.t to get to the bottom of this issue. I
&gt; discovered that one of the tests in trace.t assumes that the tests will be
&gt; run from the base directory of the extracted WordNet-Similarity package,
&gt; and not from inside t. Try re-runiing your tests by
&gt; &#40;1&#41; cd to the WordNet-Similarity base directory
&gt; &#40;2&#41; then run perl t/trace.t
&gt;
&gt; -- Sid.
&gt;
&gt; On Jun 27, 2013, at 8:18 AM, &#34;tpederse@d.umn.edu via RT&#34; &lt;
&gt; bug-WordNet-Similarity@rt.cpan.org&gt; wrote:
&gt;
<div class="message-stanza open">&gt; &gt;       Queue: WordNet-Similarity
&gt; &gt; Ticket &lt;URL: <span class="clickylink"><a target="new" rel="nofollow" href="https://rt.cpan.org/Ticket/Display.html?id=86437">https://rt.cpan.org/Ticket/Display.html?id=86437</a></span> &gt;
&gt; &gt;
&gt; &gt; Well that&#39;s very interesting - that&#39;s where we get our version from
&gt; &gt; too. I will check into this hash code issue, although as I say I don&#39;t
&gt; &gt; think this is anything that should affect you negatively. Thanks for
&gt; &gt; the quick update!
&gt; &gt;
&gt; &gt; Cordially,
&gt; &gt; Ted
&gt; &gt;
&gt; &gt; On Thu, Jun 27, 2013 at 7:17 AM, nishant sharma via RT
&gt; &gt; &lt;bug-WordNet-Similarity@rt.cpan.org&gt; wrote:
<div class="message-stanza open">&gt; &gt;&gt;       Queue: WordNet-Similarity
&gt; &gt;&gt; Ticket &lt;URL: <span class="clickylink"><a target="new" rel="nofollow" href="https://rt.cpan.org/Ticket/Display.html?id=86437">https://rt.cpan.org/Ticket/Display.html?id=86437</a></span> &gt;
&gt; &gt;&gt;
&gt; &gt;&gt; I got it from the following link:
&gt; &gt;&gt;
&gt; &gt;&gt; <span class="clickylink"><a target="new" rel="nofollow" href="http://wordnetcode.princeton.edu/3.0/WordNet-3.0.tar.gz">http://wordnetcode.princeton.edu/3.0/WordNet-3.0.tar.gz</a></span>
&gt; &gt;&gt;
&gt; &gt;&gt;
&gt; &gt;&gt; On Thu, Jun 27, 2013 at 5:25 PM, tpederse@d.umn.edu via RT &lt;
&gt; &gt;&gt; bug-WordNet-Similarity@rt.cpan.org&gt; wrote:
&gt; &gt;&gt;
<div class="message-stanza open">&gt; &gt;&gt;&gt; &lt;URL: <span class="clickylink"><a target="new" rel="nofollow" href="https://rt.cpan.org/Ticket/Display.html?id=86437">https://rt.cpan.org/Ticket/Display.html?id=86437</a></span> &gt;
&gt; &gt;&gt;&gt;
&gt; &gt;&gt;&gt; I know that you are using WordNet version 3.0, but where did you
&gt; &gt;&gt;&gt; obtain it from? Is this the version from Princton, or perhaps the
&gt; &gt;&gt;&gt; Debian packaged version, or ?
&gt; &gt;&gt;&gt;
&gt; &gt;&gt;&gt; The message about the hash code not matching installed WordNet
&gt; &gt;&gt;&gt; suggests you might have a different version of WordNet than we are
&gt; &gt;&gt;&gt; expecting. I don&#39;t think this should cause you any difficulty, but it
&gt; &gt;&gt;&gt; would be good for us to know about this too.
&gt; &gt;&gt;&gt;
&gt; &gt;&gt;&gt; Thanks!
&gt; &gt;&gt;&gt; Ted
&gt; &gt;&gt;&gt;
&gt; &gt;&gt;&gt; On Thu, Jun 27, 2013 at 4:26 AM, nishant sharma via RT
&gt; &gt;&gt;&gt; &lt;bug-WordNet-Similarity@rt.cpan.org&gt; wrote:
<div class="message-stanza open">&gt; &gt;&gt;&gt;&gt;       Queue: WordNet-Similarity
&gt; &gt;&gt;&gt;&gt; Ticket &lt;URL: <span class="clickylink"><a target="new" rel="nofollow" href="https://rt.cpan.org/Ticket/Display.html?id=86437">https://rt.cpan.org/Ticket/Display.html?id=86437</a></span> &gt;
&gt; &gt;&gt;&gt;&gt;
&gt; &gt;&gt;&gt;&gt; Sir,
&gt; &gt;&gt;&gt;&gt;
&gt; &gt;&gt;&gt;&gt; Its a pleasure to  hear from you.
&gt; &gt;&gt;&gt;&gt; I have installed the application using &#34;make test&#34;. And its working
</div></div></div></div>&gt; for
<div class="message-stanza open"><div class="message-stanza open">&gt; &gt;&gt;&gt; now.
<div class="message-stanza open">&gt; &gt;&gt;&gt;&gt; Also i ran the test for lesk, following your instructions. The lesk
</div></div></div>&gt; test
<div class="message-stanza open"><div class="message-stanza open"><div class="message-stanza open">&gt; &gt;&gt;&gt;&gt; seemed fine but not so for trace &#40;perl trace.t&#41;. Following are the
</div>&gt; &gt;&gt;&gt; details
<div class="message-stanza open">&gt; &gt;&gt;&gt;&gt; of the test:
&gt; &gt;&gt;&gt;&gt;
&gt; &gt;&gt;&gt;&gt; .
&gt; &gt;&gt;&gt;&gt; .
&gt; &gt;&gt;&gt;&gt; .
&gt; &gt;&gt;&gt;&gt; ok 10 - use WordNet::Similarity::res;
&gt; &gt;&gt;&gt;&gt; ok 11 - use WordNet::Similarity::wup;
&gt; &gt;&gt;&gt;&gt; ok 12 - use File::Spec;
&gt; &gt;&gt;&gt;&gt; ok 13 - use File::Copy;
&gt; &gt;&gt;&gt;&gt; ok 14
&gt; &gt;&gt;&gt;&gt; ok 15
&gt; &gt;&gt;&gt;&gt; ok 16
&gt; &gt;&gt;&gt;&gt; ok 17
&gt; &gt;&gt;&gt;&gt; not ok 18
&gt; &gt;&gt;&gt;&gt; #   Failed test at trace.t line 99.
&gt; &gt;&gt;&gt;&gt; readline&#40;&#41; on closed filehandle WNF at trace.t line 100.
&gt; &gt;&gt;&gt;&gt; not ok 19
&gt; &gt;&gt;&gt;&gt; #   Failed test at trace.t line 101.
&gt; &gt;&gt;&gt;&gt; not ok 20
&gt; &gt;&gt;&gt;&gt; #   Failed test at trace.t line 106.
&gt; &gt;&gt;&gt;&gt; ok 21 # skip Hash-code of key file&#40;s&#41; does not match installed WordNet
&gt; &gt;&gt;&gt;&gt; ok 22 # skip Hash-code of key file&#40;s&#41; does not match installed WordNet
&gt; &gt;&gt;&gt;&gt; .
&gt; &gt;&gt;&gt;&gt; .
&gt; &gt;&gt;&gt;&gt; .
&gt; &gt;&gt;&gt;&gt; ok 132 # skip Hash-code of key file&#40;s&#41; does not match installed
</div></div></div>&gt; WordNet
<div class="message-stanza open"><div class="message-stanza open">&gt; &gt;&gt;&gt;&gt; # Looks like you failed 3 tests of 132.
&gt; &gt;&gt;&gt;&gt;
&gt; &gt;&gt;&gt;&gt; What surprises me is that at the &#34;make test&#34; step only 1 test of 132
&gt; &gt;&gt;&gt;&gt; failed, but now 3 have failed.
&gt; &gt;&gt;&gt;&gt;
&gt; &gt;&gt;&gt;&gt; Thanks
&gt; &gt;&gt;&gt;&gt;
&gt; &gt;&gt;&gt;&gt;
&gt; &gt;&gt;&gt;&gt; On Thu, Jun 27, 2013 at 5:39 AM, tpederse@d.umn.edu via RT &lt;
&gt; &gt;&gt;&gt;&gt; bug-WordNet-Similarity@rt.cpan.org&gt; wrote:
&gt; &gt;&gt;&gt;&gt;
<div class="message-stanza open">&gt; &gt;&gt;&gt;&gt;&gt; &lt;URL: <span class="clickylink"><a target="new" rel="nofollow" href="https://rt.cpan.org/Ticket/Display.html?id=86437">https://rt.cpan.org/Ticket/Display.html?id=86437</a></span> &gt;
&gt; &gt;&gt;&gt;&gt;&gt;
&gt; &gt;&gt;&gt;&gt;&gt; I&#39;m running WordNet::Similarity on Ubuntu 12.04 with WordNet-3.0 and
&gt; &gt;&gt;&gt;&gt;&gt; can&#39;t recreate this particular issue, so I&#39;m a little uncertain about
&gt; &gt;&gt;&gt;&gt;&gt; what might be happening. I think sometimes lesk related testing
</div></div></div>&gt; errors
<div class="message-stanza open"><div class="message-stanza open">&gt; &gt;&gt;&gt;&gt;&gt; can have to do with the configuration file being used &#40;or not&#41;,
&gt; &gt;&gt;&gt;&gt;&gt; although that most often seems to happen on Windows.
&gt; &gt;&gt;&gt;&gt;&gt;
&gt; &gt;&gt;&gt;&gt;&gt; So, I think for the moment at least I&#39;d suggest going ahead and
&gt; &gt;&gt;&gt;&gt;&gt; forcing the install. You can do that on cpan via
&gt; &gt;&gt;&gt;&gt;&gt;
&gt; &gt;&gt;&gt;&gt;&gt; cpan
<div class="message-stanza open">&gt; &gt;&gt;&gt;&gt;&gt;&gt; force install WordNet::Similarity
</div>&gt; &gt;&gt;&gt;&gt;&gt;
&gt; &gt;&gt;&gt;&gt;&gt; This will in effect tell the installer to ignore the make test
</div></div>&gt; errors.
<div class="message-stanza open"><div class="message-stanza open">&gt; &gt;&gt;&gt;&gt;&gt; If you did not use cpan and simply installed after downloading that
&gt; &gt;&gt;&gt;&gt;&gt; tar file, you can just go ahead and run
&gt; &gt;&gt;&gt;&gt;&gt;
&gt; &gt;&gt;&gt;&gt;&gt; make install
&gt; &gt;&gt;&gt;&gt;&gt;
&gt; &gt;&gt;&gt;&gt;&gt; to finish up the install.
&gt; &gt;&gt;&gt;&gt;&gt;
&gt; &gt;&gt;&gt;&gt;&gt; I would suggest that after you have installed that you go back and
</div></div>&gt; run
<div class="message-stanza open"><div class="message-stanza open"><div class="message-stanza open">&gt; &gt;&gt;&gt;&gt;&gt; the lesk test again. It might be that in the process of installation
&gt; &gt;&gt;&gt;&gt;&gt; this issue is resolved. You can do that by doing the following from
&gt; &gt;&gt;&gt;&gt;&gt; within the WordNet::Similarity home directory...
&gt; &gt;&gt;&gt;&gt;&gt;
&gt; &gt;&gt;&gt;&gt;&gt; cd t
&gt; &gt;&gt;&gt;&gt;&gt; perl lesk.t
&gt; &gt;&gt;&gt;&gt;&gt;
&gt; &gt;&gt;&gt;&gt;&gt; I hope this helps!
&gt; &gt;&gt;&gt;&gt;&gt;
&gt; &gt;&gt;&gt;&gt;&gt; Good luck,
&gt; &gt;&gt;&gt;&gt;&gt; Ted
&gt; &gt;&gt;&gt;&gt;&gt;
&gt; &gt;&gt;&gt;&gt;&gt;
&gt; &gt;&gt;&gt;&gt;&gt; On Wed, Jun 26, 2013 at 10:58 AM, nishant sharma via RT
&gt; &gt;&gt;&gt;&gt;&gt; &lt;bug-WordNet-Similarity@rt.cpan.org&gt; wrote:
<div class="message-stanza open">&gt; &gt;&gt;&gt;&gt;&gt;&gt;       Queue: WordNet-Similarity
&gt; &gt;&gt;&gt;&gt;&gt;&gt; Ticket &lt;URL: <span class="clickylink"><a target="new" rel="nofollow" href="https://rt.cpan.org/Ticket/Display.html?id=86437">https://rt.cpan.org/Ticket/Display.html?id=86437</a></span> &gt;
&gt; &gt;&gt;&gt;&gt;&gt;&gt;
&gt; &gt;&gt;&gt;&gt;&gt;&gt; I am using Ubuntu&#40;version 12.10&#41; and WordNet-3.0
&gt; &gt;&gt;&gt;&gt;&gt;&gt;
&gt; &gt;&gt;&gt;&gt;&gt;&gt;
&gt; &gt;&gt;&gt;&gt;&gt;&gt; On Wed, Jun 26, 2013 at 8:20 PM, Siddharth Patwardhan via RT &lt;
&gt; &gt;&gt;&gt;&gt;&gt;&gt; bug-WordNet-Similarity@rt.cpan.org&gt; wrote:
&gt; &gt;&gt;&gt;&gt;&gt;&gt;
<div class="message-stanza open">&gt; &gt;&gt;&gt;&gt;&gt;&gt;&gt; &lt;URL: <span class="clickylink"><a target="new" rel="nofollow" href="https://rt.cpan.org/Ticket/Display.html?id=86440">https://rt.cpan.org/Ticket/Display.html?id=86440</a></span> &gt;
&gt; &gt;&gt;&gt;&gt;&gt;&gt;&gt;
&gt; &gt;&gt;&gt;&gt;&gt;&gt;&gt; Yes, it is possible to install despite the &#34;make test&#34; failure.
&gt; &gt;&gt;&gt;&gt;&gt;&gt;&gt; However, the test failure may indicate more fundamental problems,
</div></div></div>&gt; &gt;&gt;&gt; which
<div class="message-stanza open"><div class="message-stanza open">&gt; &gt;&gt;&gt;&gt;&gt;&gt;&gt; could manifest themselves later.
&gt; &gt;&gt;&gt;&gt;&gt;&gt;&gt;
&gt; &gt;&gt;&gt;&gt;&gt;&gt;&gt; Can you give us more details about your system: which OS &#40;linux,
</div>&gt; &gt;&gt;&gt;&gt;&gt; windows,
<div class="message-stanza open">&gt; &gt;&gt;&gt;&gt;&gt;&gt;&gt; mac&#41;? which version of WordNet?
&gt; &gt;&gt;&gt;&gt;&gt;&gt;&gt;
&gt; &gt;&gt;&gt;&gt;&gt;&gt;&gt; -- Sid.
&gt; &gt;&gt;&gt;&gt;&gt;&gt;&gt;
&gt; &gt;&gt;&gt;&gt;&gt;&gt;&gt;
&gt; &gt;&gt;&gt;&gt;&gt;&gt;&gt; On Jun 26, 2013, at 10:39 AM, &#34;nishant sharma via RT&#34; &lt;
&gt; &gt;&gt;&gt;&gt;&gt;&gt;&gt; bug-WordNet-Similarity@rt.cpan.org&gt; wrote:
&gt; &gt;&gt;&gt;&gt;&gt;&gt;&gt;
<div class="message-stanza open">&gt; &gt;&gt;&gt;&gt;&gt;&gt;&gt;&gt; Wed Jun 26 10:39:20 2013: Request 86440 was acted upon.
&gt; &gt;&gt;&gt;&gt;&gt;&gt;&gt;&gt; Transaction: Ticket created by nishantsharma486@gmail.com
&gt; &gt;&gt;&gt;&gt;&gt;&gt;&gt;&gt;      Queue: WordNet-Similarity
&gt; &gt;&gt;&gt;&gt;&gt;&gt;&gt;&gt;    Subject: Re: Failure of &#34;make test&#34; step
&gt; &gt;&gt;&gt;&gt;&gt;&gt;&gt;&gt;  Broken in: &#40;no value&#41;
&gt; &gt;&gt;&gt;&gt;&gt;&gt;&gt;&gt;   Severity: &#40;no value&#41;
&gt; &gt;&gt;&gt;&gt;&gt;&gt;&gt;&gt;      Owner: Nobody
&gt; &gt;&gt;&gt;&gt;&gt;&gt;&gt;&gt; Requestors: nishantsharma486@gmail.com
&gt; &gt;&gt;&gt;&gt;&gt;&gt;&gt;&gt;     Status: new
&gt; &gt;&gt;&gt;&gt;&gt;&gt;&gt;&gt; Ticket &lt;URL: <span class="clickylink"><a target="new" rel="nofollow" href="https://rt.cpan.org/Ticket/Display.html?id=86440">https://rt.cpan.org/Ticket/Display.html?id=86440</a></span> &gt;
&gt; &gt;&gt;&gt;&gt;&gt;&gt;&gt;&gt;
&gt; &gt;&gt;&gt;&gt;&gt;&gt;&gt;&gt;
&gt; &gt;&gt;&gt;&gt;&gt;&gt;&gt;&gt; Also, is it possible to install it despite the failure of &#34;make
</div></div>&gt; &gt;&gt;&gt;&gt;&gt; test&#34;? So
<div class="message-stanza open">&gt; &gt;&gt;&gt;&gt;&gt;&gt;&gt;&gt; that i could move forward.
&gt; &gt;&gt;&gt;&gt;&gt;&gt;&gt;&gt; Thanks again.
&gt; &gt;&gt;&gt;&gt;&gt;&gt;&gt;&gt;
&gt; &gt;&gt;&gt;&gt;&gt;&gt;&gt;&gt;
&gt; &gt;&gt;&gt;&gt;&gt;&gt;&gt;&gt; On Wed, Jun 26, 2013 at 8:05 PM, nishant sharma
&gt; &gt;&gt;&gt;&gt;&gt;&gt;&gt;&gt; &lt;nishantsharma486@gmail.com&gt;wrote:
&gt; &gt;&gt;&gt;&gt;&gt;&gt;&gt;&gt;
<div class="message-stanza open">&gt; &gt;&gt;&gt;&gt;&gt;&gt;&gt;&gt;&gt; Hi,
&gt; &gt;&gt;&gt;&gt;&gt;&gt;&gt;&gt;&gt;
&gt; &gt;&gt;&gt;&gt;&gt;&gt;&gt;&gt;&gt; First of all a big thanks to the whole team for making such tools
</div></div>&gt; &gt;&gt;&gt;&gt;&gt; that
<div class="message-stanza open">&gt; &gt;&gt;&gt;&gt;&gt;&gt;&gt;&gt;&gt; are, for students like me and researchers, very useful.
&gt; &gt;&gt;&gt;&gt;&gt;&gt;&gt;&gt;&gt;
&gt; &gt;&gt;&gt;&gt;&gt;&gt;&gt;&gt;&gt; I would like to report a bug i encountered during the
</div></div>&gt; &gt;&gt;&gt; installation of
<div class="message-stanza open"><div class="message-stanza open"><div class="message-stanza open">&gt; &gt;&gt;&gt;&gt;&gt;&gt;&gt;&gt;&gt; Wordnet-Similarity-2.05. I have installed all the pre-requisites
&gt; &gt;&gt;&gt;&gt;&gt;&gt;&gt;&gt;&gt; successfully. Also to the best of my knowledge, the &#34;perl
</div></div>&gt; &gt;&gt;&gt;&gt;&gt; Makefile.PL&#34;
<div class="message-stanza open">&gt; &gt;&gt;&gt;&gt;&gt;&gt;&gt; and
<div class="message-stanza open">&gt; &gt;&gt;&gt;&gt;&gt;&gt;&gt;&gt;&gt; &#34;make&#34; steps were successful as well. But the next step, i.e.
</div></div></div>&gt; &gt;&gt;&gt; &#34;make
<div class="message-stanza open"><div class="message-stanza open">&gt; &gt;&gt;&gt;&gt;&gt;&gt;&gt; test&#34;,
<div class="message-stanza open">&gt; &gt;&gt;&gt;&gt;&gt;&gt;&gt;&gt;&gt; failed. Following are the details of its execution:
&gt; &gt;&gt;&gt;&gt;&gt;&gt;&gt;&gt;&gt;
&gt; &gt;&gt;&gt;&gt;&gt;&gt;&gt;&gt;&gt; nishant@nishant-Inspiron-1545
</div></div></div>&gt; &gt;&gt;&gt; :~/Downloads/WordNet-Similarity-2.05$
<div class="message-stanza open">&gt; &gt;&gt;&gt;&gt;&gt; make
<div class="message-stanza open">&gt; &gt;&gt;&gt;&gt;&gt;&gt;&gt;&gt;&gt; test
&gt; &gt;&gt;&gt;&gt;&gt;&gt;&gt;&gt;&gt; PERL_DL_NONLAZY=1 /usr/bin/perl &#34;-MExtUtils::Command::MM&#34; &#34;-e&#34;
&gt; &gt;&gt;&gt;&gt;&gt;&gt;&gt;&gt;&gt; &#34;test_harness&#40;0, &#39;blib/lib&#39;, &#39;blib/arch&#39;&#41;&#34; t/*.t
&gt; &gt;&gt;&gt;&gt;&gt;&gt;&gt;&gt;&gt; t/access.t ........ ok
&gt; &gt;&gt;&gt;&gt;&gt;&gt;&gt;&gt;&gt; t/hso.t ........... ok
&gt; &gt;&gt;&gt;&gt;&gt;&gt;&gt;&gt;&gt; t/ICFinder.t ...... ok
&gt; &gt;&gt;&gt;&gt;&gt;&gt;&gt;&gt;&gt; t/jcn.t ........... ok
&gt; &gt;&gt;&gt;&gt;&gt;&gt;&gt;&gt;&gt; t/lch.t ........... ok
&gt; &gt;&gt;&gt;&gt;&gt;&gt;&gt;&gt;&gt; t/lesk.t .......... ok
&gt; &gt;&gt;&gt;&gt;&gt;&gt;&gt;&gt;&gt; t/lin.t ........... ok
&gt; &gt;&gt;&gt;&gt;&gt;&gt;&gt;&gt;&gt; t/offsetwps.t ..... ok
&gt; &gt;&gt;&gt;&gt;&gt;&gt;&gt;&gt;&gt; t/pairs-noroot.t .. ok
&gt; &gt;&gt;&gt;&gt;&gt;&gt;&gt;&gt;&gt; t/pairs.t ......... ok
&gt; &gt;&gt;&gt;&gt;&gt;&gt;&gt;&gt;&gt; t/path.t .......... ok
&gt; &gt;&gt;&gt;&gt;&gt;&gt;&gt;&gt;&gt; t/PathFinder.t .... ok
&gt; &gt;&gt;&gt;&gt;&gt;&gt;&gt;&gt;&gt; t/pod-coverage.t .. skipped: Test::Pod::Coverage 1.00 required
</div></div></div></div>&gt; for
<div class="message-stanza open"><div class="message-stanza open"><div class="message-stanza open">&gt; &gt;&gt;&gt;&gt;&gt;&gt;&gt; testing
<div class="message-stanza open">&gt; &gt;&gt;&gt;&gt;&gt;&gt;&gt;&gt;&gt; POD coverage
&gt; &gt;&gt;&gt;&gt;&gt;&gt;&gt;&gt;&gt; t/pod-doc.t ....... skipped: Test::Pod 1.00 required for testing
</div></div>&gt; &gt;&gt;&gt; POD
<div class="message-stanza open">&gt; &gt;&gt;&gt;&gt;&gt;&gt;&gt;&gt;&gt; t/pod.t ........... skipped: Test::Pod 1.00 required for testing
</div>&gt; &gt;&gt;&gt; POD
<div class="message-stanza open">&gt; &gt;&gt;&gt;&gt;&gt;&gt;&gt;&gt;&gt; t/random.t ........ ok
&gt; &gt;&gt;&gt;&gt;&gt;&gt;&gt;&gt;&gt; t/res.t ........... ok
&gt; &gt;&gt;&gt;&gt;&gt;&gt;&gt;&gt;&gt; t/trace.t ......... 51/132
&gt; &gt;&gt;&gt;&gt;&gt;&gt;&gt;&gt;&gt; #   Failed test at t/trace.t line 141.
&gt; &gt;&gt;&gt;&gt;&gt;&gt;&gt;&gt;&gt; #          got: &#39;4&#39;
&gt; &gt;&gt;&gt;&gt;&gt;&gt;&gt;&gt;&gt; #     expected: &#39;0&#39;
&gt; &gt;&gt;&gt;&gt;&gt;&gt;&gt;&gt;&gt; # lesk: The lines &#39;Overlaps: 1 x &#34;the&#34;  1 x &#34;small&#34;  1 x &#34;of&#34;  2
</div></div></div>&gt; x
<div class="message-stanza open"><div class="message-stanza open">&gt; &gt;&gt;&gt;&gt;&gt; &#34;any&#34;
<div class="message-stanza open"><div class="message-stanza open">&gt; &gt;&gt;&gt;&gt;&gt;&gt;&gt;&gt;&gt; 1 x &#34;in the&#34;  1 x &#34;or&#34;  1 x &#34;resembling the&#34;  1 x &#34;and&#34;  &#39; and
</div>&gt; &gt;&gt;&gt;&gt;&gt;&gt;&gt; &#39;Overlaps: 1
<div class="message-stanza open">&gt; &gt;&gt;&gt;&gt;&gt;&gt;&gt;&gt;&gt; x &#34;the&#34;  1 x &#34;small&#34;  1 x &#34;in the&#34;  1 x &#34;or&#34;  1 x &#34;of&#34;  1 x
</div></div>&gt; &gt;&gt;&gt;&gt;&gt; &#34;resembling
<div class="message-stanza open">&gt; &gt;&gt;&gt;&gt;&gt;&gt;&gt;&gt;&gt; the&#34;  2 x &#34;any&#34;  1 x &#34;and&#34;  &#39; differ
&gt; &gt;&gt;&gt;&gt;&gt;&gt;&gt;&gt;&gt; t/trace.t ......... 121/132 # Looks like you failed 1 test of
</div></div></div>&gt; 132.
<div class="message-stanza open"><div class="message-stanza open"><div class="message-stanza open"><div class="message-stanza open"><div class="message-stanza open"><div class="message-stanza open">&gt; &gt;&gt;&gt;&gt;&gt;&gt;&gt;&gt;&gt; t/trace.t ......... Dubious, test returned 1 &#40;wstat 256, 0x100&#41;
&gt; &gt;&gt;&gt;&gt;&gt;&gt;&gt;&gt;&gt; Failed 1/132 subtests
&gt; &gt;&gt;&gt;&gt;&gt;&gt;&gt;&gt;&gt; t/vector.t ........ ok
&gt; &gt;&gt;&gt;&gt;&gt;&gt;&gt;&gt;&gt; t/vector_pairs.t .. ok
&gt; &gt;&gt;&gt;&gt;&gt;&gt;&gt;&gt;&gt; t/wn30loop.t ...... ok
&gt; &gt;&gt;&gt;&gt;&gt;&gt;&gt;&gt;&gt; t/wup.t ........... ok
&gt; &gt;&gt;&gt;&gt;&gt;&gt;&gt;&gt;&gt;
&gt; &gt;&gt;&gt;&gt;&gt;&gt;&gt;&gt;&gt; Test Summary Report
&gt; &gt;&gt;&gt;&gt;&gt;&gt;&gt;&gt;&gt; -------------------
&gt; &gt;&gt;&gt;&gt;&gt;&gt;&gt;&gt;&gt; t/trace.t       &#40;Wstat: 256 Tests: 132 Failed: 1&#41;
&gt; &gt;&gt;&gt;&gt;&gt;&gt;&gt;&gt;&gt; Failed test:  76
&gt; &gt;&gt;&gt;&gt;&gt;&gt;&gt;&gt;&gt; Non-zero exit status: 1
&gt; &gt;&gt;&gt;&gt;&gt;&gt;&gt;&gt;&gt; Files=22, Tests=2027, 134 wallclock secs &#40; 0.44 usr  0.06 sys +
</div>&gt; &gt;&gt;&gt;&gt;&gt; 128.26
<div class="message-stanza open">&gt; &gt;&gt;&gt;&gt;&gt;&gt;&gt;&gt;&gt; cusr  4.94 csys = 133.70 CPU&#41;
&gt; &gt;&gt;&gt;&gt;&gt;&gt;&gt;&gt;&gt; Result: FAIL
&gt; &gt;&gt;&gt;&gt;&gt;&gt;&gt;&gt;&gt; Failed 1/22 test programs. 1/2027 subtests failed.
&gt; &gt;&gt;&gt;&gt;&gt;&gt;&gt;&gt;&gt; make: *** [test_dynamic] Error 255
&gt; &gt;&gt;&gt;&gt;&gt;&gt;&gt;&gt;&gt;
&gt; &gt;&gt;&gt;&gt;&gt;&gt;&gt;&gt;&gt;
&gt; &gt;&gt;&gt;&gt;&gt;&gt;&gt;&gt;&gt; Please could you help me fix this, i am stuck. I need to use it
</div></div></div>&gt; &gt;&gt;&gt; for
<div class="message-stanza open"><div class="message-stanza open">&gt; &gt;&gt;&gt;&gt;&gt; my
<div class="message-stanza open"><div class="message-stanza open"><div class="message-stanza open">&gt; &gt;&gt;&gt;&gt;&gt;&gt;&gt;&gt;&gt; project and i am under a lot of time-pressure.
&gt; &gt;&gt;&gt;&gt;&gt;&gt;&gt;&gt;&gt; Thanks a lot once again
&gt; &gt;&gt;&gt;&gt;&gt;&gt;&gt;&gt;&gt;
&gt; &gt;&gt;&gt;&gt;&gt;&gt;&gt;&gt;&gt; Nishant Sharma
&gt; &gt;&gt;&gt;&gt;&gt;&gt;&gt;&gt;&gt; IIT Madras, India
&gt; &gt;&gt;&gt;&gt;&gt;&gt;&gt;&gt;&gt;
</div>&gt; &gt;&gt;&gt;&gt;&gt;&gt;&gt;
&gt; &gt;&gt;&gt;&gt;&gt;&gt;&gt;
&gt; &gt;&gt;&gt;&gt;&gt;&gt;&gt;
</div>&gt; &gt;&gt;&gt;&gt;&gt;&gt;
</div>&gt; &gt;&gt;&gt;&gt;&gt;
&gt; &gt;&gt;&gt;&gt;&gt;
&gt; &gt;&gt;&gt;&gt;&gt;
&gt; &gt;&gt;&gt;&gt;&gt; --
&gt; &gt;&gt;&gt;&gt;&gt; Ted Pedersen
&gt; &gt;&gt;&gt;&gt;&gt; <span class="clickylink"><a target="new" rel="nofollow" href="http://www.d.umn.edu/~tpederse">http://www.d.umn.edu/~tpederse</a></span>
&gt; &gt;&gt;&gt;&gt;&gt;
&gt; &gt;&gt;&gt;&gt;&gt;
</div>&gt; &gt;&gt;&gt;&gt;
</div>&gt; &gt;&gt;&gt;
&gt; &gt;&gt;&gt;
&gt; &gt;&gt;&gt;
&gt; &gt;&gt;&gt; --
&gt; &gt;&gt;&gt; Ted Pedersen
&gt; &gt;&gt;&gt; <span class="clickylink"><a target="new" rel="nofollow" href="http://www.d.umn.edu/~tpederse">http://www.d.umn.edu/~tpederse</a></span>
&gt; &gt;&gt;&gt;
&gt; &gt;&gt;&gt;
</div>&gt; &gt;&gt;
</div>&gt; &gt;
&gt; &gt;
&gt; &gt;
&gt; &gt; --
&gt; &gt; Ted Pedersen
&gt; &gt; <span class="clickylink"><a target="new" rel="nofollow" href="http://www.d.umn.edu/~tpederse">http://www.d.umn.edu/~tpederse</a></span>
</div>&gt;
&gt;
&gt;
</div></div></div>
<div class="downloadattachment">
<a href="/Ticket/Attachment/1229505/649631/">Download &#40;untitled&#41;</a> / <a href="/Ticket/Attachment/WithHeaders/649631">with headers</a>
<br />
<span class="downloadcontenttype">text/html 19.4k</span>
</div>
<div class="messagebody">
<p>Message body is not shown because it is too large.</p></div>
</div>
    </div>
</div>
</div>
<div class="ticket-transaction message Correspond odd">
<div class="ticket-transaction">
  <div class="metadata">
    <span class="type">
      <a name="txn-1541686" href="/Public/Bug/Display.html?id=86437#txn-1541686">#</a>      
    </span>
    <span class="date">Sun&nbsp;Oct&nbsp;04&nbsp;09:58:00&nbsp;2015</span>
    <span class="description">TPEDERSE [...] cpan.org -  Correspondence added</span>
    <span class="time-taken"></span>    <span class="actions hidden"></span>
  </div>
    <div class="content">
      
<div class="downloadattachment">
<a href="/Ticket/Attachment/1541686/823073/">Download &#40;untitled&#41;</a> / <a href="/Ticket/Attachment/WithHeaders/823073">with headers</a>
<br />
<span class="downloadcontenttype">text/plain 1k</span>
</div>
<div class="messagebody">
<div class="message-stanza plain-text-white-space">User suggested solution : 

I tried to install WordNet::Similarity today using CPAN and got this error:

#   Failed test at t/trace.t line 141.
#          got: &#39;4&#39;
#     expected: &#39;0&#39;
# lesk: The lines &#39;Overlaps: 1 x &#34;the&#34;  1 x &#34;small&#34;  1 x &#34;of&#34;  2 x
&#34;any&#34;  1 x &#34;in the&#34;  1 x &#34;or&#34;  1 x &#34;resembling the&#34;  1 x &#34;and&#34;  &#39; and
&#39;Overlaps: 1 x &#34;the&#34;  1 x &#34;small&#34;  1 x &#34;in the&#34;  1 x &#34;or&#34;  1 x &#34;of&#34;  1
x &#34;resembling the&#34;  2 x &#34;any&#34;  1 x &#34;and&#34;  &#39; differ
t/trace.t ......... 121/132 # Looks like you failed 1 test of 132.

If you look at the lines, it&#39;s most likely that they were constructed
by retrieving keys and values from a hash without sorting by key, and
then appended into a string. The 2 strings have the same data, but in
different orders.

You should be able to fix this in the file
lib/WordNet/Similarity/lesk.pm, sub getRelatedness, by changing the
line

   foreach $key &#40;keys %{$overlaps}&#41;

to

   foreach $key &#40;sort keys %{$overlaps}&#41;

and then regenerating all the lesktrace.key files. I don&#39;t know how to
regenerate the lesktrace.key files.

- Phil Goetz, philgoetz@gmail.com
</div></div>
    </div>
</div>
</div>
<div class="ticket-transaction message Correspond even">
<div class="ticket-transaction">
  <div class="metadata">
    <span class="type">
      <a name="txn-1541705" href="/Public/Bug/Display.html?id=86437#txn-1541705">#</a>      
    </span>
    <span class="date">Sun&nbsp;Oct&nbsp;04&nbsp;12:09:57&nbsp;2015</span>
    <span class="description">TPEDERSE [...] cpan.org -  Correspondence added</span>
    <span class="time-taken"></span>    <span class="actions hidden"></span>
  </div>
    <div class="content">
      
<div class="downloadattachment">
<a href="/Ticket/Attachment/1541705/823090/">Download &#40;untitled&#41;</a> / <a href="/Ticket/Attachment/WithHeaders/823090">with headers</a>
<br />
<span class="downloadcontenttype">text/plain 61b</span>
</div>
<div class="messagebody">
<div class="message-stanza plain-text-white-space">Fixed in version 2.07 of WordNet::Similarity, released today.
</div></div>
    </div>
</div>
</div>
<div class="ticket-transaction basics Status odd">
<div class="ticket-transaction">
  <div class="metadata">
    <span class="type">
      <a name="txn-1541708" href="/Public/Bug/Display.html?id=86437#txn-1541708">#</a>      
    </span>
    <span class="date">Sun&nbsp;Oct&nbsp;04&nbsp;12:09:58&nbsp;2015</span>
    <span class="description">TPEDERSE [...] cpan.org -  Status changed from &#39;open&#39; to &#39;resolved&#39;</span>
    <span class="time-taken"></span>    <span class="actions hidden"></span>
  </div>
    <div class="content">
    </div>
</div>
</div>
</div>
    <hr class="clear" />
  </div>
</div>




</div>
 


  <hr class="clear" />
</div>
<p id="sponsors">
  This service is sponsored and maintained by
  <a href="http://bestpractical.com">Best Practical Solutions</a> and runs on
  <a href="http://noc.perl.org">Perl.org</a> infrastructure.
</p>

<p id="contact-info">
  Please report any issues with rt.cpan.org to <a href="mailto:rt-cpan-admin@bestpractical.com">rt-cpan-admin@bestpractical.com</a>.
</p>

<script>
  (function(i,s,o,g,r,a,m){i['GoogleAnalyticsObject']=r;i[r]=i[r]||function(){
  (i[r].q=i[r].q||[]).push(arguments)},i[r].l=1*new Date();a=s.createElement(o),
  m=s.getElementsByTagName(o)[0];a.async=1;a.src=g;m.parentNode.insertBefore(a,m)
  })(window,document,'script','//www.google-analytics.com/analytics.js','ga');

  ga('create', 'UA\x2D937849\x2D12');
  ga('send', 'pageview');
</script>

<div id="footer">
  <p id="time"><span>Time to display: 0.970967</span></p>
  <p id="bpscredits"><span>&#187;&#124;&#171; RT 4.0.18 Copyright 1996-2013 <a href="http://www.bestpractical.com?rt=4.0.18">Best Practical Solutions, LLC</a>.
</span></p>
</div>
  </body>
</html>
