cpan> install Apache::Gallery
CPAN: Storable loaded ok
Going to read /root/.cpan/Metadata
  Database was generated on Tue, 14 Oct 2003 23:46:11 GMT
Running install for module Apache::Gallery
Running make for L/LE/LEGART/Apache-Gallery-0.7.tar.gz
CPAN: Digest::MD5 loaded ok
CPAN: Compress::Zlib loaded ok
Checksum for /root/.cpan/sources/authors/id/L/LE/LEGART/Apache-Gallery-0.7.tar.gz ok
Scanning cache /root/.cpan/build for sizes
Deleting from cache: /root/.cpan/build/CGI-Application-ValidateRM-1.06 (12.6>10.0 MB)
Deleting from cache: /root/.cpan/build/Text-CSV_XS-0.23 (12.5>10.0 MB)
Deleting from cache: /root/.cpan/build/SQL-Statement-1.005 (12.1>10.0 MB)
Deleting from cache: /root/.cpan/build/DBD-CSV-0.2002 (11.5>10.0 MB)
Deleting from cache: /root/.cpan/build/DBI-1.38 (11.2>10.0 MB)
Apache-Gallery-0.7/
Apache-Gallery-0.7/templates/
Apache-Gallery-0.7/templates/default/
Apache-Gallery-0.7/templates/default/pictureinfo.tpl
Apache-Gallery-0.7/templates/default/nopictureinfo.tpl
Apache-Gallery-0.7/templates/default/dircomment.tpl
Apache-Gallery-0.7/templates/default/showpicture.tpl
Apache-Gallery-0.7/templates/default/error.tpl
Apache-Gallery-0.7/templates/default/picture.tpl
Apache-Gallery-0.7/templates/default/directory.tpl
Apache-Gallery-0.7/templates/default/refresh.tpl
Apache-Gallery-0.7/templates/default/scaleactive.tpl
Apache-Gallery-0.7/templates/default/interval.tpl
Apache-Gallery-0.7/templates/default/slideshowoff.tpl
Apache-Gallery-0.7/templates/default/index.tpl
Apache-Gallery-0.7/templates/default/slideshowisoff.tpl
Apache-Gallery-0.7/templates/default/info.tpl
Apache-Gallery-0.7/templates/default/orig.tpl
Apache-Gallery-0.7/templates/default/scale.tpl
Apache-Gallery-0.7/templates/default/navpicture.tpl
Apache-Gallery-0.7/templates/default/nodircomment.tpl
Apache-Gallery-0.7/templates/default/intervalactive.tpl
Apache-Gallery-0.7/templates/default/gallery.css
Apache-Gallery-0.7/templates/default/file.tpl
Apache-Gallery-0.7/templates/default/layout.tpl
Apache-Gallery-0.7/templates/new/
Apache-Gallery-0.7/templates/new/scale.tpl
Apache-Gallery-0.7/templates/new/pictureinfo.tpl
Apache-Gallery-0.7/templates/new/file.tpl
Apache-Gallery-0.7/templates/new/refresh.tpl
Apache-Gallery-0.7/templates/new/scaleactive.tpl
Apache-Gallery-0.7/templates/new/layout.tpl
Apache-Gallery-0.7/templates/new/error.tpl
Apache-Gallery-0.7/templates/new/intervalactive.tpl
Apache-Gallery-0.7/templates/new/navpicture.tpl
Apache-Gallery-0.7/templates/new/picture.tpl
Apache-Gallery-0.7/templates/new/dircomment.tpl
Apache-Gallery-0.7/templates/new/slideshowisoff.tpl
Apache-Gallery-0.7/templates/new/nodircomment.tpl
Apache-Gallery-0.7/templates/new/gallery.css
Apache-Gallery-0.7/templates/new/orig.tpl
Apache-Gallery-0.7/templates/new/showpicture.tpl
Apache-Gallery-0.7/templates/new/nopictureinfo.tpl
Apache-Gallery-0.7/templates/new/slideshowoff.tpl
Apache-Gallery-0.7/templates/new/index.tpl
Apache-Gallery-0.7/templates/new/info.tpl
Apache-Gallery-0.7/templates/new/interval.tpl
Apache-Gallery-0.7/templates/new/directory.tpl
Apache-Gallery-0.7/t/
Apache-Gallery-0.7/t/003_commenttest
Apache-Gallery-0.7/t/005_jpg.jpg
Apache-Gallery-0.7/t/007_pod.t
Apache-Gallery-0.7/t/002_injpg.jpg
Apache-Gallery-0.7/t/001_use.t
Apache-Gallery-0.7/t/002_inpng.png
Apache-Gallery-0.7/t/002_graphlibs.t
Apache-Gallery-0.7/t/005_imageinfo.t
Apache-Gallery-0.7/t/006_thumbnails.t
Apache-Gallery-0.7/t/004_cache_dir.t
Apache-Gallery-0.7/t/003_comment.t
Apache-Gallery-0.7/UPGRADE
Apache-Gallery-0.7/htdocs/
Apache-Gallery-0.7/htdocs/agfolder.png
Apache-Gallery-0.7/htdocs/application-ogg.png
Apache-Gallery-0.7/htdocs/application-wav.png
Apache-Gallery-0.7/htdocs/video-asf.png
Apache-Gallery-0.7/htdocs/application-mp3.png
Apache-Gallery-0.7/htdocs/application-pdf.png
Apache-Gallery-0.7/htdocs/video-mov.png
Apache-Gallery-0.7/htdocs/video-avi.png
Apache-Gallery-0.7/htdocs/application-doc.png
Apache-Gallery-0.7/htdocs/video-wmv.png
Apache-Gallery-0.7/htdocs/video-mpeg.png
Apache-Gallery-0.7/htdocs/application-rtf.png
Apache-Gallery-0.7/htdocs/video-mpg.png
Apache-Gallery-0.7/htdocs/c.png
Apache-Gallery-0.7/INSTALL
Apache-Gallery-0.7/TODO
Apache-Gallery-0.7/lib/
Apache-Gallery-0.7/lib/Apache/
Apache-Gallery-0.7/lib/Apache/Gallery.pm
Apache-Gallery-0.7/LICENSE
Apache-Gallery-0.7/README
Apache-Gallery-0.7/Makefile.PL
Apache-Gallery-0.7/MANIFEST
Apache-Gallery-0.7/Changes
Apache-Gallery-0.7/META.yml
Removing previously used /root/.cpan/build/Apache-Gallery-0.7
 
  CPAN.pm: Going to build L/LE/LEGART/Apache-Gallery-0.7.tar.gz
 
Checking if your kit is complete...
Looks good
Warning: prerequisite Image::Imlib2 0.12 not found.
Writing Makefile for Apache::Gallery
---- Unsatisfied dependencies detected during [L/LE/LEGART/Apache-Gallery-0.7.tar.gz] -----
    Image::Imlib2
Running make test
  Delayed until after prerequisites
Running make install
  Delayed until after prerequisites
Running install for module Image::Imlib2
Running make for L/LB/LBROCARD/Image-Imlib2-1.00.tar.gz
Checksum for /root/.cpan/sources/authors/id/L/LB/LBROCARD/Image-Imlib2-1.00.tar.gz ok
Image-Imlib2-1.00/
Image-Imlib2-1.00/examples/
Image-Imlib2-1.00/examples/maeda.pl
Image-Imlib2-1.00/examples/benchmark.txt
Image-Imlib2-1.00/examples/benchmark.pl
Image-Imlib2-1.00/lib/
Image-Imlib2-1.00/lib/Image/
Image-Imlib2-1.00/lib/Image/Imlib2.xs
Image-Imlib2-1.00/lib/Image/ppport.h
Image-Imlib2-1.00/lib/Image/Imlib2.pm
Image-Imlib2-1.00/Changes
Image-Imlib2-1.00/t/
Image-Imlib2-1.00/t/simple.t
Image-Imlib2-1.00/t/signature.t
Image-Imlib2-1.00/MANIFEST
Image-Imlib2-1.00/typemap
Image-Imlib2-1.00/MANIFEST.SKIP
Image-Imlib2-1.00/META.yml
Image-Imlib2-1.00/SIGNATURE
Image-Imlib2-1.00/README
Image-Imlib2-1.00/Makefile.PL
Image-Imlib2-1.00/Build.PL
Removing previously used /root/.cpan/build/Image-Imlib2-1.00
 
  CPAN.pm: Going to build L/LB/LBROCARD/Image-Imlib2-1.00.tar.gz
 
/usr/bin/perl Build.PL
You must install the imlib2 library before you can install
Image::Imlib2. You can obtain imlib2 from
http://sourceforge.net/projects/enlightenment/
 
Alternatively, if you have downloaded and installed imlib2 and this
still will not work, modify the $CONFIG variable inside Makefile.PL to
point to the imlib2-config program that provides.
Can't read _build/prereqs: No such file or directory at /usr/lib/perl5/site_perl/5.8.0/Module/Build/Compat.pm line 151.
Running make test
  Make had some problems, maybe interrupted? Won't test
Running make install
  Make had some problems, maybe interrupted? Won't install
Running make for L/LE/LEGART/Apache-Gallery-0.7.tar.gz
  Is already unwrapped into directory /root/.cpan/build/Apache-Gallery-0.7
 
  CPAN.pm: Going to build L/LE/LEGART/Apache-Gallery-0.7.tar.gz
 
cp lib/Apache/Gallery.pm blib/lib/Apache/Gallery.pm
Manifying blib/man3/Apache::Gallery.3pm
  /usr/bin/make  -- OK
Running make test
PERL_DL_NONLAZY=1 /usr/bin/perl "-MExtUtils::Command::MM" "-e" "test_harness(0,
'blib/lib', 'blib/arch')" t/*.t
t/001_use...........#     Failed test (t/001_use.t at line 3)
#     Tried to use 'Apache::Gallery'.
#     Error:  Can't locate Image/Imlib2.pm in @INC (@INC contains: /usr/lib/perl5/vendor_perl/5.8.0/i386-linux-thread-multi/Apache2 /usr/lib/perl5/vendor_perl/5.8.0/i386-linux-thread-multi/Apache2 /usr/lib/perl5/vendor_perl/5.8.0/i386-linux-thread-multi/Apache2 /usr/lib/perl5/vendor_perl/5.8.0/i386-linux-thread-multi/Apache2 /root/.cpan/build/Apache-Gallery-0.7/blib/lib /root/.cpan/build/Apache-Gallery-0.7/blib/arch /usr/lib/perl5/5.8.0/i386-linux-thread-multi /usr/lib/perl5/5.8.0/i386-linux-thread-multi /usr/lib/perl5/5.8.0 /usr/lib/perl5/site_perl/5.8.0/i386-linux-thread-multi /usr/lib/perl5/site_perl/5.8.0/i386-linux-thread-multi /usr/lib/perl5/site_perl/5.8.0 /usr/lib/perl5/site_perl/5.8.0/i386-linux-thread-multi /usr/lib/perl5/site_perl/5.8.0 /usr/lib/perl5/site_perl /usr/lib/perl5/vendor_perl/5.8.0/i386-linux-thread-multi /usr/lib/perl5/vendor_perl/5.8.0/i386-linux-thread-multi /usr/lib/perl5/vendor_perl/5.8.0 /usr/lib/perl5/vendor_perl/5.8.0/i386-linux-thread-multi /usr/lib/perl5/vendor_perl/5.8.0 /usr/lib/perl5/vendor_perl /usr/lib/perl5/5.8.0/i386-linux-thread-multi /usr/lib/perl5/5.8.0/i386-linux-thread-multi /usr/lib/perl5/5.8.0 . /usr/lib/perl5/5.8.0/i386-linux-thread-multi /usr/lib/perl5/5.8.0 /usr/lib/perl5/site_perl/5.8.0/i386-linux-thread-multi /usr/lib/perl5/site_perl/5.8.0 /usr/lib/perl5/site_perl /usr/lib/perl5/vendor_perl/5.8.0/i386-linux-thread-multi /usr/lib/perl5/vendor_perl/5.8.0 /usr/lib/perl5/vendor_perl /usr/lib/perl5/5.8.0/i386-linux-thread-multi /usr/lib/perl5/5.8.0
.) at /root/.cpan/build/Apache-Gallery-0.7/blib/lib/Apache/Gallery.pm line 43.
# BEGIN failed--compilation aborted at /root/.cpan/build/Apache-Gallery-0.7/blib/lib/Apache/Gallery.pm line 43.
# Compilation failed in require at (eval 1) line 2.
# Looks like you failed 1 tests of 1.
t/001_use...........dubious
        Test returned status 1 (wstat 256, 0x100)
DIED. FAILED test 1
        Failed 1/1 tests, 0.00% okay
t/002_graphlibs.....Can't locate Image/Imlib2.pm in @INC (@INC contains: /usr/lib/perl5/vendor_perl/5.8.0/i386-linux-thread-multi/Apache2 /usr/lib/perl5/vendor_perl/5.8.0/i386-linux-thread-multi/Apache2 /usr/lib/perl5/vendor_perl/5.8.0/i386-linux-thread-multi/Apache2 /usr/lib/perl5/vendor_perl/5.8.0/i386-linux-thread-multi/Apache2 /root/.cpan/build/Apache-Gallery-0.7/blib/lib /root/.cpan/build/Apache-Gallery-0.7/blib/arch /usr/lib/perl5/5.8.0/i386-linux-thread-multi /usr/lib/perl5/5.8.0/i386-linux-thread-multi /usr/lib/perl5/5.8.0 /usr/lib/perl5/site_perl/5.8.0/i386-linux-thread-multi /usr/lib/perl5/site_perl/5.8.0/i386-linux-thread-multi /usr/lib/perl5/site_perl/5.8.0 /usr/lib/perl5/site_perl/5.8.0/i386-linux-thread-multi /usr/lib/perl5/site_perl/5.8.0 /usr/lib/perl5/site_perl /usr/lib/perl5/vendor_perl/5.8.0/i386-linux-thread-multi /usr/lib/perl5/vendor_perl/5.8.0/i386-linux-thread-multi /usr/lib/perl5/vendor_perl/5.8.0 /usr/lib/perl5/vendor_perl/5.8.0/i386-linux-thread-multi /usr/lib/perl5/vendor_perl/5.8.0 /usr/lib/perl5/vendor_perl /usr/lib/perl5/5.8.0/i386-linux-thread-multi /usr/lib/perl5/5.8.0/i386-linux-thread-multi /usr/lib/perl5/5.8.0 . /usr/lib/perl5/5.8.0/i386-linux-thread-multi /usr/lib/perl5/5.8.0 /usr/lib/perl5/site_perl/5.8.0/i386-linux-thread-multi /usr/lib/perl5/site_perl/5.8.0 /usr/lib/perl5/site_perl /usr/lib/perl5/vendor_perl/5.8.0/i386-linux-thread-multi /usr/lib/perl5/vendor_perl/5.8.0 /usr/lib/perl5/vendor_perl /usr/lib/perl5/5.8.0/i386-linux-thread-multi /usr/lib/perl5/5.8.0 .) at /root/.cpan/build/Apache-Gallery-0.7/blib/lib/Apache/Gallery.pm line 43.
BEGIN failed--compilation aborted at /root/.cpan/build/Apache-Gallery-0.7/blib/lib/Apache/Gallery.pm line 43.
Compilation failed in require at t/002_graphlibs.t line 2.
BEGIN failed--compilation aborted at t/002_graphlibs.t line 2.
# Looks like your test died before it could output anything.
t/002_graphlibs.....dubious
        Test returned status 2 (wstat 512, 0x200)
DIED. FAILED tests 1-4
        Failed 4/4 tests, 0.00% okay
t/003_comment.......Can't locate Image/Imlib2.pm in @INC (@INC contains: /usr/lib/perl5/vendor_perl/5.8.0/i386-linux-thread-multi/Apache2 /usr/lib/perl5/vendor_perl/5.8.0/i386-linux-thread-multi/Apache2 /usr/lib/perl5/vendor_perl/5.8.0/i386-linux-thread-multi/Apache2 /usr/lib/perl5/vendor_perl/5.8.0/i386-linux-thread-multi/Apache2 /root/.cpan/build/Apache-Gallery-0.7/blib/lib /root/.cpan/build/Apache-Gallery-0.7/blib/arch /usr/lib/perl5/5.8.0/i386-linux-thread-multi /usr/lib/perl5/5.8.0/i386-linux-thread-multi /usr/lib/perl5/5.8.0 /usr/lib/perl5/site_perl/5.8.0/i386-linux-thread-multi /usr/lib/perl5/site_perl/5.8.0/i386-linux-thread-multi /usr/lib/perl5/site_perl/5.8.0 /usr/lib/perl5/site_perl/5.8.0/i386-linux-thread-multi /usr/lib/perl5/site_perl/5.8.0 /usr/lib/perl5/site_perl /usr/lib/perl5/vendor_perl/5.8.0/i386-linux-thread-multi /usr/lib/perl5/vendor_perl/5.8.0/i386-linux-thread-multi /usr/lib/perl5/vendor_perl/5.8.0 /usr/lib/perl5/vendor_perl/5.8.0/i386-linux-thread-multi /usr/lib/perl5/vendor_perl/5.8.0 /usr/lib/perl5/vendor_perl /usr/lib/perl5/5.8.0/i386-linux-thread-multi /usr/lib/perl5/5.8.0/i386-linux-thread-multi /usr/lib/perl5/5.8.0 . /usr/lib/perl5/5.8.0/i386-linux-thread-multi /usr/lib/perl5/5.8.0 /usr/lib/perl5/site_perl/5.8.0/i386-linux-thread-multi /usr/lib/perl5/site_perl/5.8.0 /usr/lib/perl5/site_perl /usr/lib/perl5/vendor_perl/5.8.0/i386-linux-thread-multi /usr/lib/perl5/vendor_perl/5.8.0 /usr/lib/perl5/vendor_perl /usr/lib/perl5/5.8.0/i386-linux-thread-multi /usr/lib/perl5/5.8.0 .) at /root/.cpan/build/Apache-Gallery-0.7/blib/lib/Apache/Gallery.pm line 43.
BEGIN failed--compilation aborted at /root/.cpan/build/Apache-Gallery-0.7/blib/lib/Apache/Gallery.pm line 43.
Compilation failed in require at t/003_comment.t line 3.
BEGIN failed--compilation aborted at t/003_comment.t line 3.
# Looks like your test died before it could output anything.
t/003_comment.......dubious
        Test returned status 2 (wstat 512, 0x200)
DIED. FAILED tests 1-2
        Failed 2/2 tests, 0.00% okay
t/004_cache_dir.....Can't locate Image/Imlib2.pm in @INC (@INC contains: /usr/lib/perl5/vendor_perl/5.8.0/i386-linux-thread-multi/Apache2 /usr/lib/perl5/vendor_perl/5.8.0/i386-linux-thread-multi/Apache2 /usr/lib/perl5/vendor_perl/5.8.0/i386-linux-thread-multi/Apache2 /usr/lib/perl5/vendor_perl/5.8.0/i386-linux-thread-multi/Apache2 /root/.cpan/build/Apache-Gallery-0.7/blib/lib /root/.cpan/build/Apache-Gallery-0.7/blib/arch /usr/lib/perl5/5.8.0/i386-linux-thread-multi /usr/lib/perl5/5.8.0/i386-linux-thread-multi /usr/lib/perl5/5.8.0 /usr/lib/perl5/site_perl/5.8.0/i386-linux-thread-multi /usr/lib/perl5/site_perl/5.8.0/i386-linux-thread-multi /usr/lib/perl5/site_perl/5.8.0 /usr/lib/perl5/site_perl/5.8.0/i386-linux-thread-multi /usr/lib/perl5/site_perl/5.8.0 /usr/lib/perl5/site_perl /usr/lib/perl5/vendor_perl/5.8.0/i386-linux-thread-multi /usr/lib/perl5/vendor_perl/5.8.0/i386-linux-thread-multi /usr/lib/perl5/vendor_perl/5.8.0 /usr/lib/perl5/vendor_perl/5.8.0/i386-linux-thread-multi /usr/lib/perl5/vendor_perl/5.8.0 /usr/lib/perl5/vendor_perl /usr/lib/perl5/5.8.0/i386-linux-thread-multi /usr/lib/perl5/5.8.0/i386-linux-thread-multi /usr/lib/perl5/5.8.0 . /usr/lib/perl5/5.8.0/i386-linux-thread-multi /usr/lib/perl5/5.8.0 /usr/lib/perl5/site_perl/5.8.0/i386-linux-thread-multi /usr/lib/perl5/site_perl/5.8.0 /usr/lib/perl5/site_perl /usr/lib/perl5/vendor_perl/5.8.0/i386-linux-thread-multi /usr/lib/perl5/vendor_perl/5.8.0 /usr/lib/perl5/vendor_perl /usr/lib/perl5/5.8.0/i386-linux-thread-multi /usr/lib/perl5/5.8.0 .) at /root/.cpan/build/Apache-Gallery-0.7/blib/lib/Apache/Gallery.pm line 43.
BEGIN failed--compilation aborted at /root/.cpan/build/Apache-Gallery-0.7/blib/lib/Apache/Gallery.pm line 43.
Compilation failed in require at t/004_cache_dir.t line 1.
BEGIN failed--compilation aborted at t/004_cache_dir.t line 1.
t/004_cache_dir.....dubious
        Test returned status 2 (wstat 512, 0x200)
t/005_imageinfo.....Can't locate Image/Imlib2.pm in @INC (@INC contains: /usr/lib/perl5/vendor_perl/5.8.0/i386-linux-thread-multi/Apache2 /usr/lib/perl5/vendor_perl/5.8.0/i386-linux-thread-multi/Apache2 /usr/lib/perl5/vendor_perl/5.8.0/i386-linux-thread-multi/Apache2 /usr/lib/perl5/vendor_perl/5.8.0/i386-linux-thread-multi/Apache2 /root/.cpan/build/Apache-Gallery-0.7/blib/lib /root/.cpan/build/Apache-Gallery-0.7/blib/arch /usr/lib/perl5/5.8.0/i386-linux-thread-multi /usr/lib/perl5/5.8.0/i386-linux-thread-multi /usr/lib/perl5/5.8.0 /usr/lib/perl5/site_perl/5.8.0/i386-linux-thread-multi /usr/lib/perl5/site_perl/5.8.0/i386-linux-thread-multi /usr/lib/perl5/site_perl/5.8.0 /usr/lib/perl5/site_perl/5.8.0/i386-linux-thread-multi /usr/lib/perl5/site_perl/5.8.0 /usr/lib/perl5/site_perl /usr/lib/perl5/vendor_perl/5.8.0/i386-linux-thread-multi /usr/lib/perl5/vendor_perl/5.8.0/i386-linux-thread-multi /usr/lib/perl5/vendor_perl/5.8.0 /usr/lib/perl5/vendor_perl/5.8.0/i386-linux-thread-multi /usr/lib/perl5/vendor_perl/5.8.0 /usr/lib/perl5/vendor_perl /usr/lib/perl5/5.8.0/i386-linux-thread-multi /usr/lib/perl5/5.8.0/i386-linux-thread-multi /usr/lib/perl5/5.8.0 . /usr/lib/perl5/5.8.0/i386-linux-thread-multi /usr/lib/perl5/5.8.0 /usr/lib/perl5/site_perl/5.8.0/i386-linux-thread-multi /usr/lib/perl5/site_perl/5.8.0 /usr/lib/perl5/site_perl /usr/lib/perl5/vendor_perl/5.8.0/i386-linux-thread-multi /usr/lib/perl5/vendor_perl/5.8.0 /usr/lib/perl5/vendor_perl /usr/lib/perl5/5.8.0/i386-linux-thread-multi /usr/lib/perl5/5.8.0 .) at /root/.cpan/build/Apache-Gallery-0.7/blib/lib/Apache/Gallery.pm line 43.
BEGIN failed--compilation aborted at /root/.cpan/build/Apache-Gallery-0.7/blib/lib/Apache/Gallery.pm line 43.
Compilation failed in require at t/005_imageinfo.t line 1.
BEGIN failed--compilation aborted at t/005_imageinfo.t line 1.
t/005_imageinfo.....dubious
        Test returned status 2 (wstat 512, 0x200)
t/006_thumbnails....Can't locate Image/Imlib2.pm in @INC (@INC contains: /usr/lib/perl5/vendor_perl/5.8.0/i386-linux-thread-multi/Apache2 /usr/lib/perl5/vendor_perl/5.8.0/i386-linux-thread-multi/Apache2 /usr/lib/perl5/vendor_perl/5.8.0/i386-linux-thread-multi/Apache2 /usr/lib/perl5/vendor_perl/5.8.0/i386-linux-thread-multi/Apache2 /root/.cpan/build/Apache-Gallery-0.7/blib/lib /root/.cpan/build/Apache-Gallery-0.7/blib/arch /usr/lib/perl5/5.8.0/i386-linux-thread-multi /usr/lib/perl5/5.8.0/i386-linux-thread-multi /usr/lib/perl5/5.8.0 /usr/lib/perl5/site_perl/5.8.0/i386-linux-thread-multi /usr/lib/perl5/site_perl/5.8.0/i386-linux-thread-multi /usr/lib/perl5/site_perl/5.8.0 /usr/lib/perl5/site_perl/5.8.0/i386-linux-thread-multi /usr/lib/perl5/site_perl/5.8.0 /usr/lib/perl5/site_perl /usr/lib/perl5/vendor_perl/5.8.0/i386-linux-thread-multi /usr/lib/perl5/vendor_perl/5.8.0/i386-linux-thread-multi /usr/lib/perl5/vendor_perl/5.8.0 /usr/lib/perl5/vendor_perl/5.8.0/i386-linux-thread-multi /usr/lib/perl5/vendor_perl/5.8.0 /usr/lib/perl5/vendor_perl /usr/lib/perl5/5.8.0/i386-linux-thread-multi /usr/lib/perl5/5.8.0/i386-linux-thread-multi /usr/lib/perl5/5.8.0 . /usr/lib/perl5/5.8.0/i386-linux-thread-multi /usr/lib/perl5/5.8.0 /usr/lib/perl5/site_perl/5.8.0/i386-linux-thread-multi /usr/lib/perl5/site_perl/5.8.0 /usr/lib/perl5/site_perl /usr/lib/perl5/vendor_perl/5.8.0/i386-linux-thread-multi /usr/lib/perl5/vendor_perl/5.8.0 /usr/lib/perl5/vendor_perl /usr/lib/perl5/5.8.0/i386-linux-thread-multi /usr/lib/perl5/5.8.0 .) at /root/.cpan/build/Apache-Gallery-0.7/blib/lib/Apache/Gallery.pm line 43.
BEGIN failed--compilation aborted at /root/.cpan/build/Apache-Gallery-0.7/blib/lib/Apache/Gallery.pm line 43.
Compilation failed in require at t/006_thumbnails.t line 1.
BEGIN failed--compilation aborted at t/006_thumbnails.t line 1.
t/006_thumbnails....dubious
        Test returned status 2 (wstat 512, 0x200)
t/007_pod...........skipped
        all skipped: Test::Pod v0.95 required for testing POD
Failed Test        Stat Wstat Total Fail  Failed  List of Failed
-------------------------------------------------------------------------------
t/001_use.t           1   256     1    1 100.00%  1
t/002_graphlibs.t     2   512     4    4 100.00%  1-4
t/003_comment.t       2   512     2    2 100.00%  1-2
t/004_cache_dir.t     2   512    ??   ??       %  ??
t/005_imageinfo.t     2   512    ??   ??       %  ??
t/006_thumbnails.t    2   512    ??   ??       %  ??
1 test skipped.
Failed 6/7 test scripts, 14.29% okay. 7/7 subtests failed, 0.00% okay.
make: *** [test_dynamic] Error 29
  /usr/bin/make test -- NOT OK
Running make install
  make test had returned bad status, won't install without force
 
cpan>
