<!DOCTYPE html>

<html lang="en">
  <head>
    <title>Bug #111541 for Archive-Zip: trouble installing PHRED/Archive-Zip-1.56.tar.gz</title>
    <meta http-equiv="X-UA-Compatible" content="IE=edge" />
    <!-- The X-UA-Compatible <meta> tag above must be very early in <head> -->

    <script>
if (window.top !== window.self) {
    document.write = "";

    window.top.location = window.self.location;

    setTimeout(function(){
        document.body.innerHTML = "";
    }, 1);

    window.self.onload = function(){
        document.body.innerHTML = "";
    };
}
</script>



<link rel="shortcut icon" href="/NoAuth/images/favicon.png" type="image/png" />
<link rel="stylesheet" href="/NoAuth/css/aileron-squished-00f758259152f8b6670ee485f462e6b8.css" type="text/css" media="all" />
<link rel="stylesheet" href="/NoAuth/css/print.css" type="text/css" media="print" />




<script type="text/javascript" src="/NoAuth/js/squished-42167f2409ce368da2d31038e5cb2a57.js"></script>

<script type="text/javascript"><!--
	jQuery( loadTitleBoxStates );

--></script>


<!--[if lt IE 8]>
<link rel="stylesheet" href="/NoAuth/css/aileron/msie.css" type="text/css" media="all" />
<![endif]-->
<!--[if lt IE 7]>
<link rel="stylesheet" href="/NoAuth/css/aileron/msie6.css" type="text/css" media="all" />
<![endif]-->
<script type="text/javascript">
jQuery(document).ready(function(){
    jQuery.fn.supersubs.defaults = {
        maxWidth: 30,
        extraWidth: 2
    };

    jQuery("#app-nav.toplevel").addClass('sf-menu sf-js-enabled sf-shadow').supersubs().superfish({ speed: 'fast' });
    jQuery("#page-menu.toplevel").addClass('sf-menu sf-js-enabled').supersubs().superfish({ dropShadows: false, speed: 'fast' }).supposition();
});
</script>


<!-- Site CSS from theme editor -->
<style type="text/css" media="all" id="sitecss">
</style>

<meta name="google-site-verification" content="kD3-uEJK1AkTqaC-rckcSt_HPkAj674DPPuEN6i-y0g" />

</head>
  <body class="aileron sidebyside" id="comp-Public-Bug-Display">

<div id="logo">
<a href="/"><img
    src="/NoAuth/images/cpan.png"
    alt="CPAN"
    width="181"
    height="38" /></a>
    <span class="rtname">RT for rt.cpan.org</span>
</div>


<div id="quickbar">
  <div id="quick-personal">
    <span class="hide"><a href="#skipnav">Skip Menu</a> | </span>
</div>

</div>
<div id="header"><h1>Bug #111541 for Archive-Zip: trouble installing PHRED/Archive-Zip-1.56.tar.gz</h1></div>



<div id="page-navigation"><ul id="page-menu" class="toplevel">
 <li id="li-page-active_bugs"><a id="page-active_bugs" class="menu-item " href="/Public/Dist/Archive-Zip/Active/">Active bugs</a></li>
 <li id="li-page-resolved_bugs"><a id="page-resolved_bugs" class="menu-item " href="/Public/Dist/Archive-Zip/Resolved/">Resolved bugs</a></li>
 <li id="li-page-rejected_bugs"><a id="page-rejected_bugs" class="menu-item " href="/Public/Dist/Archive-Zip/Rejected/">Rejected bugs</a></li>
 <li id="li-page-report"><a id="page-report" class="menu-item " href="/Public/Dist/Archive-Zip/Active/"></a></li>
</ul></div>
<div id="topactions">



</div>
<div id="body">


<a name="skipnav" id="skipnav" accesskey="8"></a>





<p>This queue is for tickets about the <a href="https://metacpan.org/release/Archive-Zip">Archive-Zip CPAN distribution</a>.</p>





<div class="">
  <div class="titlebox" id="">
  <div class="titlebox-title">
    <span class="widget"><a href="#" onclick="return rollup('TitleBox\x2D\x2D\x5FPublic\x5FBug\x5FDisplay\x5Fhtml\x2D\x2D\x2D\x2D\x2D\x2DUmVwb3J0IGluZm9ybWF0aW9u\x2D\x2D\x2D0');" title="Toggle visibility"></a></span>
    <span class="left">Report information</span>
    <span class="right-empty">		    </span>
  </div>
  <div class="titlebox-content " id="TitleBox--_Public_Bug_Display_html------UmVwb3J0IGluZm9ybWF0aW9u---0">


<table width="100%" class="ticket-summary">
<tr>
  <td valign="top" class="boxcontainer">
    <div class="ticket-info-basics">
  <div class="titlebox ticket-info-basics " id="">
  <div class="titlebox-title">
    <span class="widget"><a href="#" onclick="return rollup('TitleBox\x2D\x2D\x5FPublic\x5FBug\x5FDisplay\x5Fhtml\x2D\x2Dticket\x2Dinfo\x2Dbasics\x2D\x2D\x2D\x2DVGhlIEJhc2ljcw\x5F\x5F\x2D\x2D\x2D0');" title="Toggle visibility"></a></span>
    <span class="left">The Basics</span>
    <span class="right-empty">		    </span>
  </div>
  <div class="titlebox-content " id="TitleBox--_Public_Bug_Display_html--ticket-info-basics----VGhlIEJhc2ljcw__---0">


        <table>
  <tr class="id">
    <td class="label">Id:</td>
    <td class="value">111541</td>
  </tr>
  <tr class="status">
    <td class="label">Status:</td>
    <td class="value">open</td>
  </tr>
  <tr class="priority">
    <td class="label">Priority:</td>
    <td class="value">0/
</td>
  </tr>
  <tr class="queue">
    <td class="label">Queue:</td>
    <td class="value"><a href="/Public/Dist/Archive-Zip/Active/">Archive-Zip</a>
</td>
  </tr>
</table>

        <hr class="clear" />
  </div>
</div>




</div>


    <div class="ticket-info-people">
  <div class="titlebox ticket-info-people " id="">
  <div class="titlebox-title">
    <span class="widget"><a href="#" onclick="return rollup('TitleBox\x2D\x2D\x5FPublic\x5FBug\x5FDisplay\x5Fhtml\x2D\x2Dticket\x2Dinfo\x2Dpeople\x2D\x2D\x2D\x2DUGVvcGxl\x2D\x2D\x2D0');" title="Toggle visibility"></a></span>
    <span class="left">People</span>
    <span class="right-empty">		    </span>
  </div>
  <div class="titlebox-content " id="TitleBox--_Public_Bug_Display_html--ticket-info-people----UGVvcGxl---0">


        <table>
  <tr>
    <td class="label">Owner:</td>
    <td class="value">Nobody in particular
    
    </td>
  </tr>
  <tr>
    <td class="labeltop">Requestors:</td>
    <td class="value">
bernd.lentes [...] helmholtz-muenchen.de

<br />

</td>
  </tr>
  <tr>
    <td class="labeltop">Cc:</td>
    <td class="value">

</td>
  </tr>
  <tr>
    <td class="labeltop">AdminCc:</td>
    <td class="value">

</td>
  </tr>
</table>

        <hr class="clear" />
  </div>
</div>




</div>



  </td>
  <td valign="top" class="boxcontainer">
    
    <div class="ticket-info-cfs">
  <div class="titlebox ticket-info-cfs " id="">
  <div class="titlebox-title">
    <span class="widget"><a href="#" onclick="return rollup('TitleBox\x2D\x2D\x5FPublic\x5FBug\x5FDisplay\x5Fhtml\x2D\x2Dticket\x2Dinfo\x2Dcfs\x2D\x2D\x2D\x2DQnVnIEluZm9ybWF0aW9u\x2D\x2D\x2D0');" title="Toggle visibility"></a></span>
    <span class="left">Bug Information</span>
    <span class="right-empty">		    </span>
  </div>
  <div class="titlebox-content " id="TitleBox--_Public_Bug_Display_html--ticket-info-cfs----QnVnIEluZm9ybWF0aW9u---0">

 
        <table>
  <tr id="CF-1-ShowRow">
    <td class="label">Severity:</td>
    <td class="value">
<i>(no value)</i>
    </td>
  </tr>
  <tr id="CF-2540-ShowRow">
    <td class="label">Broken in:</td>
    <td class="value">
<i>(no value)</i>
    </td>
  </tr>
  <tr id="CF-2541-ShowRow">
    <td class="label">Fixed in:</td>
    <td class="value">
<i>(no value)</i>
    </td>
  </tr>
</table>


        <hr class="clear" />
  </div>
</div>




</div>


    




  </td>
</tr>
</table>

    <hr class="clear" />
  </div>
</div>




</div>


<br />


<div class="history">
<div class="titlebox" id="">
  <div class="titlebox-title">
    <span class="widget"><a href="#" onclick="return rollup('TitleBox\x2D\x2D\x5FPublic\x5FBug\x5FDisplay\x5Fhtml\x2D\x2D\x2D\x2D\x2D\x2DSGlzdG9yeQ\x5F\x5F\x2D\x2D\x2D0');" title="Toggle visibility"></a></span>
    <span class="left">History</span>
    <span class="right">		<a href="#" data-direction="open" onclick="return toggle_all_folds(this, 'Show\x20all\x20quoted\x20text', 'Hide\x20all\x20quoted\x20text');">Show all quoted text</a>    </span>
  </div>
  <div class="titlebox-content " id="TitleBox--_Public_Bug_Display_html------SGlzdG9yeQ__---0">


<div id="ticket-history">
<div class="ticket-transaction message Create odd">
<div class="ticket-transaction">
  <div class="metadata">
    <span class="type">
      &nbsp;      
    </span>
    <span class="date">Fri&nbsp;Jan&nbsp;29&nbsp;08:30:31&nbsp;2016</span>
    <span class="description">bernd.lentes [...] helmholtz-muenchen.de -  Ticket created</span>
    <span class="time-taken"></span>    <span class="actions hidden"></span>
  </div>
    <div class="content">
      
<table>
  <tr>
    <td align="right" class="message-header-key">Subject:</td>
    <td class="message-header-value"> trouble installing PHRED/Archive-Zip-1.56.tar.gz</td>
  </tr>
  <tr>
    <td align="right" class="message-header-key">Date:</td>
    <td class="message-header-value"> Fri, 29 Jan 2016 14:30:06 +0100 &#40;CET&#41;</td>
  </tr>
  <tr>
    <td align="right" class="message-header-key">To:</td>
    <td class="message-header-value"> bug-Archive-Zip [...] rt.cpan.org</td>
  </tr>
  <tr>
    <td align="right" class="message-header-key">From:</td>
    <td class="message-header-value"> &#34;Lentes, Bernd&#34; &lt;bernd.lentes [...] helmholtz-muenchen.de&gt;</td>
  </tr>
</table>

<div class="messagebody">
<div class="message-stanza plain-text-white-space">Hi, 

i have trouble installing PHRED/Archive-Zip-1.56.tar.gz. This is the first time i report a bug so please excuse if not everything is done correctly. Please inform me about it. 
I have perl 5.10.0, my host is a SLES 11 SP4 64bit, kernel 3.0.101-63-default. 
I try to install the module via CPAN. 
This is the error i get: 

t/20_bug_github11.t ........... ok 
t/21_zip64.t .................. ok 
t/22_deflated_dir.t ........... 1/4 
# Failed test &#39;output zip isn&#39;t corrupted&#39; 
# at t/22_deflated_dir.t line 24. 
# got: &#39;512&#39; 
# expected: &#39;0&#39; 
# Looks like you failed 1 test of 4. 
t/22_deflated_dir.t ........... Dubious, test returned 1 &#40;wstat 256, 0x100&#41; 
Failed 1/4 subtests 
t/23_closed_handle.t .......... ok 

Test Summary Report 
------------------- 
t/22_deflated_dir.t &#40;Wstat: 256 Tests: 4 Failed: 1&#41; 
Failed test: 4 
Non-zero exit status: 1 
Files=23, Tests=293, 5 wallclock secs &#40; 0.16 usr 0.05 sys + 4.24 cusr 0.70 csys = 5.15 CPU&#41; 
Result: FAIL 
Failed 1/23 test programs. 1/293 subtests failed. 
make: *** [test_dynamic] Error 255 
PHRED/Archive-Zip-1.56.tar.gz 
/usr/bin/make test -- NOT OK 
//hint// to see the cpan-testers results for installing this module, try: 
reports PHRED/Archive-Zip-1.56.tar.gz 
Failed during this command: 
PHRED/Archive-Zip-1.56.tar.gz : make_test NO

I had a look at 22_deflated_dir.t:

my &#40;$status, $zipout&#41; = testZip&#40;&#41;;
STDERR-&gt;print&#40;&#34;status= $status, out=$zipout\n&#34;&#41;;
SKIP: {
    skip&#40; &#34;test zip doesn&#39;t work&#34;, 1 &#41; if $testZipDoesntWork;
    is&#40; $status, 0, &#34;output zip isn&#39;t corrupted&#34; &#41;;   &lt;===== line 24

As you see i commented the line STDERR-&gt;print&#40;&#34;status= $status, out=$zipout\n&#34;&#41;; out and tried it again:

t/20_bug_github11.t ........... ok
t/21_zip64.t .................. ok
t/22_deflated_dir.t ........... 1/4 status= 512, out=Archive:  /tmp/testout-4IJbD.zip
    testing: META-INF/               bad extra-field entry:
      EF block length &#40;0 bytes&#41; invalid &#40;&lt; 4&#41;
    testing: META-INF/MANIFEST.MF     OK
    testing: file                     OK
At least one error was detected in /tmp/testout-4IJbD.zip.


#   Failed test &#39;output zip isn&#39;t corrupted&#39;
#   at t/22_deflated_dir.t line 24.
#          got: &#39;512&#39;
#     expected: &#39;0&#39;
# Looks like you failed 1 test of 4.
t/22_deflated_dir.t ........... Dubious, test returned 1 &#40;wstat 256, 0x100&#41;
Failed 1/4 subtests
t/23_closed_handle.t .......... ok


Maybe this is more helpful.

I tried to inspect /tmp/testout-4IJbD.zip but i didn&#39;t find it.

Bernd



-- 
Bernd Lentes 

Systemadministration 
institute of developmental genetics 
Gebäude 35.34 - Raum 208 
HelmholtzZentrum München 
bernd.lentes@helmholtz-muenchen.de 
phone: +49 &#40;0&#41;89 3187 1241 
fax: +49 &#40;0&#41;89 3187 2294 

Wer Visionen hat soll zum Hausarzt gehen 
Helmut Schmidt


Helmholtz Zentrum Muenchen
Deutsches Forschungszentrum fuer Gesundheit und Umwelt &#40;GmbH&#41;
Ingolstaedter Landstr. 1
85764 Neuherberg
www.helmholtz-muenchen.de
Aufsichtsratsvorsitzende: MinDir&#39;in Baerbel Brumme-Bothe
Geschaeftsfuehrer: Prof. Dr. Guenther Wess, Dr. Alfons Enhsen, Renate Schlusen &#40;komm.&#41;
Registergericht: Amtsgericht Muenchen HRB 6466
USt-IdNr: DE 129521671
</div></div>
    </div>
</div>
</div>
<div class="ticket-transaction message Correspond even">
<div class="ticket-transaction">
  <div class="metadata">
    <span class="type">
      &nbsp;      
    </span>
    <span class="date">Fri&nbsp;Jan&nbsp;29&nbsp;14:46:48&nbsp;2016</span>
    <span class="description">SREZIC [...] cpan.org -  Correspondence added</span>
    <span class="time-taken"></span>    <span class="actions hidden"></span>
  </div>
    <div class="content">
      

<div class="messagebody">
<div class="message-stanza plain-text-white-space">On 2016-01-29 08:30:31, bernd.lentes@helmholtz-muenchen.de wrote:
<span
    class="message-stanza-folder closed"
    onclick="fold_message_stanza(this, 'Show\x20quoted\x20text', 'Hide\x20quoted\x20text');">Show quoted text</span><br /><div class="message-stanza closed">&gt; Hi,
&gt; 
&gt; i have trouble installing PHRED/Archive-Zip-1.56.tar.gz. This is the
&gt; first time i report a bug so please excuse if not everything is done
&gt; correctly. Please inform me about it.
&gt; I have perl 5.10.0, my host is a SLES 11 SP4 64bit, kernel 3.0.101-63-
&gt; default.
&gt; I try to install the module via CPAN.
&gt; This is the error i get:
&gt; 
&gt; t/20_bug_github11.t ........... ok
&gt; t/21_zip64.t .................. ok
&gt; t/22_deflated_dir.t ........... 1/4
&gt; # Failed test &#39;output zip isn&#39;t corrupted&#39;
&gt; # at t/22_deflated_dir.t line 24.
&gt; # got: &#39;512&#39;
&gt; # expected: &#39;0&#39;
&gt; # Looks like you failed 1 test of 4.
&gt; t/22_deflated_dir.t ........... Dubious, test returned 1 &#40;wstat 256,
&gt; 0x100&#41;
&gt; Failed 1/4 subtests
&gt; t/23_closed_handle.t .......... ok
&gt; 
&gt; Test Summary Report
&gt; -------------------
&gt; t/22_deflated_dir.t &#40;Wstat: 256 Tests: 4 Failed: 1&#41;
&gt; Failed test: 4
&gt; Non-zero exit status: 1
&gt; Files=23, Tests=293, 5 wallclock secs &#40; 0.16 usr 0.05 sys + 4.24 cusr
&gt; 0.70 csys = 5.15 CPU&#41;
&gt; Result: FAIL
&gt; Failed 1/23 test programs. 1/293 subtests failed.
&gt; make: *** [test_dynamic] Error 255
&gt; PHRED/Archive-Zip-1.56.tar.gz
&gt; /usr/bin/make test -- NOT OK
&gt; //hint// to see the cpan-testers results for installing this module,
&gt; try:
&gt; reports PHRED/Archive-Zip-1.56.tar.gz
&gt; Failed during this command:
&gt; PHRED/Archive-Zip-1.56.tar.gz : make_test NO
&gt; 
&gt; I had a look at 22_deflated_dir.t:
&gt; 
&gt; my &#40;$status, $zipout&#41; = testZip&#40;&#41;;
&gt; STDERR-&gt;print&#40;&#34;status= $status, out=$zipout\n&#34;&#41;;
&gt; SKIP: {
&gt;     skip&#40; &#34;test zip doesn&#39;t work&#34;, 1 &#41; if $testZipDoesntWork;
&gt;     is&#40; $status, 0, &#34;output zip isn&#39;t corrupted&#34; &#41;;   &lt;===== line 24
&gt; 
&gt; As you see i commented the line STDERR-&gt;print&#40;&#34;status= $status,
&gt; out=$zipout\n&#34;&#41;; out and tried it again:
&gt; 
&gt; t/20_bug_github11.t ........... ok
&gt; t/21_zip64.t .................. ok
&gt; t/22_deflated_dir.t ........... 1/4 status= 512, out=Archive:
&gt; /tmp/testout-4IJbD.zip
&gt;     testing: META-INF/               bad extra-field entry:
&gt;       EF block length &#40;0 bytes&#41; invalid &#40;&lt; 4&#41;
&gt;     testing: META-INF/MANIFEST.MF     OK
&gt;     testing: file                     OK
&gt; At least one error was detected in /tmp/testout-4IJbD.zip.
&gt; 
&gt; 
&gt; #   Failed test &#39;output zip isn&#39;t corrupted&#39;
&gt; #   at t/22_deflated_dir.t line 24.
&gt; #          got: &#39;512&#39;
&gt; #     expected: &#39;0&#39;
&gt; # Looks like you failed 1 test of 4.
&gt; t/22_deflated_dir.t ........... Dubious, test returned 1 &#40;wstat 256,
&gt; 0x100&#41;
&gt; Failed 1/4 subtests
&gt; t/23_closed_handle.t .......... ok
&gt; 
&gt; 
&gt; Maybe this is more helpful.
&gt; 
&gt; I tried to inspect /tmp/testout-4IJbD.zip but i didn&#39;t find it.
&gt; 
&gt; Bernd
</div>
This looks like the same problem as reported in 
<span class="clickylink"><a target="new" rel="nofollow" href="https://rt.cpan.org/Ticket/Display.html?id=106089">https://rt.cpan.org/Ticket/Display.html?id=106089</a></span> and
<span class="clickylink"><a target="new" rel="nofollow" href="https://rt.cpan.org/Ticket/Display.html?id=106548">https://rt.cpan.org/Ticket/Display.html?id=106548</a></span>
</div></div>
    </div>
</div>
</div>
<div class="ticket-transaction basics Status odd">
<div class="ticket-transaction">
  <div class="metadata">
    <span class="type">
      &nbsp;      
    </span>
    <span class="date">Fri&nbsp;Jan&nbsp;29&nbsp;14:46:49&nbsp;2016</span>
    <span class="description">The RT System itself -  Status changed from &#39;new&#39; to &#39;open&#39;</span>
    <span class="time-taken"></span>    <span class="actions hidden"></span>
  </div>
    <div class="content">
    </div>
</div>
</div>
<div class="ticket-transaction message Correspond even">
<div class="ticket-transaction">
  <div class="metadata">
    <span class="type">
      &nbsp;      
    </span>
    <span class="date">Wed&nbsp;Feb&nbsp;17&nbsp;01:28:38&nbsp;2016</span>
    <span class="description">ozcoder [...] gmail.com -  Correspondence added</span>
    <span class="time-taken"></span>    <span class="actions hidden"></span>
  </div>
    <div class="content">
      
<table>
  <tr>
    <td align="right" class="message-header-key">From:</td>
    <td class="message-header-value"> ozcoder [...] gmail.com</td>
  </tr>
</table>

<div class="messagebody">
<div class="message-stanza plain-text-white-space">On Fri Jan 29 14:46:48 2016, SREZIC wrote:
<span
    class="message-stanza-folder closed"
    onclick="fold_message_stanza(this, 'Show\x20quoted\x20text', 'Hide\x20quoted\x20text');">Show quoted text</span><br /><div class="message-stanza closed">&gt; On 2016-01-29 08:30:31, bernd.lentes@helmholtz-muenchen.de wrote:
<div class="message-stanza open">&gt; &gt; Hi,
&gt; &gt; 
&gt; &gt; i have trouble installing PHRED/Archive-Zip-1.56.tar.gz. This is the
&gt; &gt; first time i report a bug so please excuse if not everything is done
&gt; &gt; correctly. Please inform me about it.
&gt; &gt; I have perl 5.10.0, my host is a SLES 11 SP4 64bit, kernel 3.0.101-63-
&gt; &gt; default.
&gt; &gt; I try to install the module via CPAN.
&gt; &gt; This is the error i get:
&gt; &gt; 
&gt; &gt; t/20_bug_github11.t ........... ok
&gt; &gt; t/21_zip64.t .................. ok
&gt; &gt; t/22_deflated_dir.t ........... 1/4
&gt; &gt; # Failed test &#39;output zip isn&#39;t corrupted&#39;
&gt; &gt; # at t/22_deflated_dir.t line 24.
&gt; &gt; # got: &#39;512&#39;
&gt; &gt; # expected: &#39;0&#39;
&gt; &gt; # Looks like you failed 1 test of 4.
&gt; &gt; t/22_deflated_dir.t ........... Dubious, test returned 1 &#40;wstat 256,
&gt; &gt; 0x100&#41;
&gt; &gt; Failed 1/4 subtests
&gt; &gt; t/23_closed_handle.t .......... ok
&gt; &gt; 
&gt; &gt; Test Summary Report
&gt; &gt; -------------------
&gt; &gt; t/22_deflated_dir.t &#40;Wstat: 256 Tests: 4 Failed: 1&#41;
&gt; &gt; Failed test: 4
&gt; &gt; Non-zero exit status: 1
&gt; &gt; Files=23, Tests=293, 5 wallclock secs &#40; 0.16 usr 0.05 sys + 4.24 cusr
&gt; &gt; 0.70 csys = 5.15 CPU&#41;
&gt; &gt; Result: FAIL
&gt; &gt; Failed 1/23 test programs. 1/293 subtests failed.
&gt; &gt; make: *** [test_dynamic] Error 255
&gt; &gt; PHRED/Archive-Zip-1.56.tar.gz
&gt; &gt; /usr/bin/make test -- NOT OK
&gt; &gt; //hint// to see the cpan-testers results for installing this module,
&gt; &gt; try:
&gt; &gt; reports PHRED/Archive-Zip-1.56.tar.gz
&gt; &gt; Failed during this command:
&gt; &gt; PHRED/Archive-Zip-1.56.tar.gz : make_test NO
&gt; &gt; 
&gt; &gt; I had a look at 22_deflated_dir.t:
&gt; &gt; 
&gt; &gt; my &#40;$status, $zipout&#41; = testZip&#40;&#41;;
&gt; &gt; STDERR-&gt;print&#40;&#34;status= $status, out=$zipout\n&#34;&#41;;
&gt; &gt; SKIP: {
&gt; &gt;     skip&#40; &#34;test zip doesn&#39;t work&#34;, 1 &#41; if $testZipDoesntWork;
&gt; &gt;     is&#40; $status, 0, &#34;output zip isn&#39;t corrupted&#34; &#41;;   &lt;===== line 24
&gt; &gt; 
&gt; &gt; As you see i commented the line STDERR-&gt;print&#40;&#34;status= $status,
&gt; &gt; out=$zipout\n&#34;&#41;; out and tried it again:
&gt; &gt; 
&gt; &gt; t/20_bug_github11.t ........... ok
&gt; &gt; t/21_zip64.t .................. ok
&gt; &gt; t/22_deflated_dir.t ........... 1/4 status= 512, out=Archive:
&gt; &gt; /tmp/testout-4IJbD.zip
&gt; &gt;     testing: META-INF/               bad extra-field entry:
&gt; &gt;       EF block length &#40;0 bytes&#41; invalid &#40;&lt; 4&#41;
&gt; &gt;     testing: META-INF/MANIFEST.MF     OK
&gt; &gt;     testing: file                     OK
&gt; &gt; At least one error was detected in /tmp/testout-4IJbD.zip.
&gt; &gt; 
&gt; &gt; 
&gt; &gt; #   Failed test &#39;output zip isn&#39;t corrupted&#39;
&gt; &gt; #   at t/22_deflated_dir.t line 24.
&gt; &gt; #          got: &#39;512&#39;
&gt; &gt; #     expected: &#39;0&#39;
&gt; &gt; # Looks like you failed 1 test of 4.
&gt; &gt; t/22_deflated_dir.t ........... Dubious, test returned 1 &#40;wstat 256,
&gt; &gt; 0x100&#41;
&gt; &gt; Failed 1/4 subtests
&gt; &gt; t/23_closed_handle.t .......... ok
&gt; &gt; 
&gt; &gt; 
&gt; &gt; Maybe this is more helpful.
&gt; &gt; 
&gt; &gt; I tried to inspect /tmp/testout-4IJbD.zip but i didn&#39;t find it.
&gt; &gt; 
&gt; &gt; Bernd
</div>&gt; 
&gt; This looks like the same problem as reported in 
&gt; <span class="clickylink"><a target="new" rel="nofollow" href="https://rt.cpan.org/Ticket/Display.html?id=106089">https://rt.cpan.org/Ticket/Display.html?id=106089</a></span> and
&gt; <span class="clickylink"><a target="new" rel="nofollow" href="https://rt.cpan.org/Ticket/Display.html?id=106548">https://rt.cpan.org/Ticket/Display.html?id=106548</a></span>
</div>
Yes.
Ok, I have finally worked out what is going on. It&#39;s actually a bug in that particular version of unzip. There was security bug <span class="clickylink"><a target="new" rel="nofollow" href="https://bugzilla.redhat.com/show_bug.cgi?id=CVE-2014-8139">https://bugzilla.redhat.com/show_bug.cgi?id=CVE-2014-8139</a></span> that was sort of fixed in this version, but not quite right. It doesn&#39;t allow 0 length field, but the check was wrong. A later version has it fixed correctly.

See my non-container Travis run <span class="clickylink"><a target="new" rel="nofollow" href="https://travis-ci.org/ozcoder/perl-Archive-Zip/builds/109792014">https://travis-ci.org/ozcoder/perl-Archive-Zip/builds/109792014</a></span>

Gordon
</div></div>
    </div>
</div>
</div>
</div>
    <hr class="clear" />
  </div>
</div>




</div>
 


  <hr class="clear" />
</div>
</body>
</html>
