/usr/bin/perl.exe "-MExtUtils::Command::MM" "-e" "test_harness(0, 'blib/lib', 'blib/arch')" t/*.t
t/00-load......# Testing Sys::Syslog 0.17, Perl 5.008008, /usr/bin/perl.exe
ok
t/constants....ok
        6/88 skipped: irrelevant test in this case
t/distchk......skipped
        all skipped: Test::Distribution required for checking distribution
t/pod..........skipped
        all skipped: Test::Pod 1.14 required for testing POD
t/podcover.....skipped
        all skipped: Test::Pod::Coverage 1.06 required for testing POD coverage
t/podspell.....skipped
        all skipped: Pod spelling: for developer interest only :)
t/portfs.......skipped
        all skipped: Test::Portability::Files required for testing filenames portability
t/syslog.......Use of uninitialized value in -w at /admin/cpan/build/Sys-Syslog-0.17/blib/lib/Sys/Syslog.pm line 168.
Use of uninitialized value in concatenation (.) or string at /admin/cpan/build/Sys-Syslog-0.17/blib/lib/Sys/Syslog.pm line 169.
Use of uninitialized value in -w at /admin/cpan/build/Sys-Syslog-0.17/blib/lib/Sys/Syslog.pm line 168.
Use of uninitialized value in concatenation (.) or string at /admin/cpan/build/Sys-Syslog-0.17/blib/lib/Sys/Syslog.pm line 169.

#   Failed test 'setlogsock() should return true: '''
#   in t/syslog.t at line 184.
# Looks like you failed 1 test of 179.
dubious
	Test returned status 1 (wstat 256, 0x100)
DIED. FAILED test 156
	Failed 1/179 tests, 99.44% okay (less 60 skipped tests: 118 okay, 65.92%)
Failed Test Stat Wstat Total Fail  List of Failed
-------------------------------------------------------------------------------
t/syslog.t     1   256   179    1  156
5 tests and 66 subtests skipped.
Failed 1/8 test scripts. 1/268 subtests failed.
Files=8, Tests=268,  2 wallclock secs ( 1.29 cusr +  0.49 csys =  1.78 CPU)
Failed 1/8 test programs. 1/268 subtests failed.
make: *** [test_dynamic] Error 1
