$ sudo cpan

/test/perl/lib/5.8.8/CPAN/Config.pm initialized.


CPAN is the world-wide archive of perl resources. It consists of about
100 sites that all replicate the same contents all around the globe.
Many countries have at least one CPAN site already. The resources
found on CPAN are easily accessible with the CPAN.pm module. If you
want to use CPAN.pm, you have to configure it properly.

If you do not want to enter a dialog now, you can answer 'no' to this
question and I'll try to autoconfigure. (Note: you can revisit this
dialog anytime later by typing 'o conf init' at the cpan prompt.)

Are you ready for manual configuration? [yes] 


The following questions are intended to help you with the
configuration. The CPAN module needs a directory of its own to cache
important index files and maybe keep a temporary mirror of CPAN files.
This may be a site-wide directory or a personal directory.



First of all, I'd like to create this directory. Where?

CPAN build and cache directory? [/Users/challing/.cpan] 


If you want, I can keep the source files after a build in the cpan
home directory. If you choose so then future builds will take the
files from there. If you don't want to keep them, answer 0 to the
next question.



How big should the disk cache be for keeping the build directories
with all the intermediate files?

Cache size for build directory (in MB)? [10] 


By default, each time the CPAN module is started, cache scanning
is performed to keep the cache size in sync. To prevent from this,
disable the cache scanning with 'never'.

Perform cache scanning (atstart or never)? [atstart] 


To considerably speed up the initial CPAN shell startup, it is
possible to use Storable to create a cache of metadata. If Storable
is not available, the normal index mechanism will be used.

Cache metadata (yes/no)? [yes] 


The next option deals with the charset your terminal supports. In
general CPAN is English speaking territory, thus the charset does not
matter much, but some of the aliens out there who upload their
software to CPAN bear names that are outside the ASCII range. If your
terminal supports UTF-8, you say no to the next question, if it
supports ISO-8859-1 (also known as LATIN1) then you say yes, and if it
supports neither nor, your answer does not matter, you will not be
able to read the names of some authors anyway. If you answer no, names
will be output in UTF-8.

Your terminal expects ISO-8859-1 (yes/no)? [yes] no


If you have one of the readline packages (Term::ReadLine::Perl,
Term::ReadLine::Gnu, possibly others) installed, the interactive CPAN
shell will have history support. The next two questions deal with the
filename of the history file and with its size. If you do not want to
set this variable, please hit SPACE RETURN to the following question.

File to save your history? [/Users/challing/.cpan/histfile] 
Number of lines to save? [100] 


The CPAN module can detect when a module that which you are trying to
build depends on prerequisites. If this happens, it can build the
prerequisites for you automatically ('follow'), ask you for
confirmation ('ask'), or just ignore them ('ignore'). Please set your
policy to one of the three values.

Policy on building prerequisites (follow, ask or ignore)? [ask] follow


The CPAN module will need a few external programs to work properly.
Please correct me, if I guess the wrong path for a program. Don't
panic if you do not have some of them, just press ENTER for those. To
disable the use of a download program, you can type a space followed
by ENTER.

Where is your gzip program? [/usr/bin/gzip] 
Where is your tar program? [/usr/bin/tar] 
Where is your unzip program? [/usr/bin/unzip] 
Where is your make program? [/usr/bin/make] 
Warning: lynx not found in PATH
Where is your lynx program? [] 
Where is your wget program? [/usr/local/bin/wget] 
Warning: ncftpget not found in PATH
Where is your ncftpget program? [] 
Warning: ncftp not found in PATH
Where is your ncftp program? [] 
Where is your ftp program? [/usr/bin/ftp] 
Warning: gpg not found in PATH
Where is your gpg program? [] 
What is your favorite pager program? [/usr/bin/less] 
What is your favorite shell? [/bin/bash] 


Every Makefile.PL is run by perl in a separate process. Likewise we
run 'make' and 'make install' in processes. If you have any
parameters (e.g. PREFIX, LIB, UNINST or the like) you want to pass
to the calls, please specify them here.

If you don't understand this question, just press ENTER.

Parameters for the 'perl Makefile.PL' command?
Typical frequently used settings:

    PREFIX=~/perl       non-root users (please see manual for more hints)

Your choice:  [] 
Parameters for the 'make' command?
Typical frequently used setting:

    -j3              dual processor system

Your choice:  [] 
Parameters for the 'make install' command?
Typical frequently used setting:

    UNINST=1         to always uninstall potentially conflicting files

Your choice:  [] 


Sometimes you may wish to leave the processes run by CPAN alone
without caring about them. As sometimes the Makefile.PL contains
question you're expected to answer, you can set a timer that will
kill a 'perl Makefile.PL' process after the specified time in seconds.

If you set this value to 0, these processes will wait forever. This is
the default and recommended setting.

Timeout for inactivity during Makefile.PL? [0] 


If you're accessing the net via proxies, you can specify them in the
CPAN configuration or via environment variables. The variable in
the $CPAN::Config takes precedence.

Your ftp_proxy?  
Your http_proxy?  
Your no_proxy?  
You have no /Users/challing/.cpan/sources/MIRRORED.BY
  I'm trying to fetch one
LWP not available
CPAN: Net::FTP loaded ok
Fetching with Net::FTP:
  ftp://ftp.perl.org/pub/CPAN/MIRRORED.BY
Couldn't fetch MIRRORED.BY from ftp.perl.org
Fetching with Net::FTP
  ftp://ftp.perl.org/pub/CPAN/MIRRORED.BY.gz
Couldn't fetch MIRRORED.BY.gz from ftp.perl.org

Trying with "/usr/local/bin/wget -O -" to get
    ftp://ftp.perl.org/pub/CPAN/MIRRORED.BY
--11:10:41--  ftp://ftp.perl.org/pub/CPAN/MIRRORED.BY
           => `-'
Resolving ftp.perl.org... 204.152.191.7, 128.46.156.117
Connecting to ftp.perl.org|204.152.191.7|:21... connected.
Logging in as anonymous ... Logged in!
==> SYST ... done.    ==> PWD ... done.
==> TYPE I ... done.  ==> CWD /pub/CPAN ... done.
==> PASV ... done.    ==> RETR MIRRORED.BY ... done.
Length: 158,770 (155K) (unauthoritative)

100%[==========================================================>] 158,770       47.78K/s    ETA 00:00

11:10:46 (47.69 KB/s) - `-' saved [158770]



Now we need to know where your favorite CPAN sites are located. Push
a few sites onto the array (just in case the first on the array won't
work). If you are mirroring CPAN to your local workstation, specify a
file: URL.

First, pick a nearby continent and country (you can pick several of
each, separated by spaces, or none if you just want to keep your
existing selections). Then, you will be presented with a list of URLs
of CPAN mirrors in the countries you selected, along with previously
selected URLs. Select some of those URLs, or just keep the old list.
Finally, you will be prompted for any extra URLs -- file:, ftp:, or
http: -- that host a CPAN mirror.

(1) Africa
(2) Asia
(3) Central America
(4) Europe
(5) North America
(6) Oceania
(7) South America
Select your continent (or several nearby continents) [] 5
Sorry! since you don't have any existing picks, you must make a
geographic selection.

(1) Bahamas
(2) Canada
(3) Mexico
(4) United States
Select your country (or several nearby countries) [] 4
Sorry! since you don't have any existing picks, you must make a
geographic selection.

(1) ftp://archive.progeny.com/CPAN/
(2) ftp://carroll.cac.psu.edu/pub/CPAN/
(3) ftp://cpan-du.viaverio.com/pub/CPAN/
(4) ftp://cpan-sj.viaverio.com/pub/CPAN/
(5) ftp://cpan.calvin.edu/pub/CPAN
(6) ftp://cpan.cs.utah.edu/pub/CPAN/
(7) ftp://cpan.cse.msu.edu/
(8) ftp://cpan.erlbaum.net/CPAN/
(9) ftp://cpan.glines.org/pub/CPAN/
(10) ftp://cpan.hostrack.net/pub/CPAN
(11) ftp://cpan.llarian.net/pub/CPAN/
(12) ftp://cpan.mirrors.redwire.net/pub/CPAN/
(13) ftp://cpan.mirrors.tds.net/pub/CPAN
(14) ftp://cpan.netnitco.net/pub/mirrors/CPAN/
(15) ftp://cpan.pair.com/pub/CPAN/
(16) ftp://cpan.teleglobe.net/pub/CPAN
46 more items, hit SPACE RETURN to show them
Select as many URLs as you like (by number),
put them on one line, separated by blanks, e.g. '1 4 5' []  

(17) ftp://cpan.uchicago.edu/pub/CPAN/
(18) ftp://csociety-ftp.ecn.purdue.edu/pub/CPAN
(19) ftp://ftp-mirror.internap.com/pub/CPAN/
(20) ftp://ftp.ccs.neu.edu/net/mirrors/ftp.funet.fi/pub/languages/perl/CPAN/
(21) ftp://ftp.cise.ufl.edu/pub/mirrors/CPAN/
(22) ftp://ftp.dc.aleron.net/pub/CPAN/
(23) ftp://ftp.duke.edu/pub/perl/
(24) ftp://ftp.epix.net/pub/languages/perl/
(25) ftp://ftp.mednor.net/pub/mirrors/CPAN/
(26) ftp://ftp.ncsu.edu/pub/mirror/CPAN/
(27) ftp://ftp.ndlug.nd.edu/pub/perl/
(28) ftp://ftp.osuosl.org/pub/CPAN/
(29) ftp://ftp.saintjoe.edu/pub/CPAN
(30) ftp://ftp.sunsite.utk.edu/pub/CPAN/
(31) ftp://ftp.uwsg.iu.edu/pub/perl/CPAN/
(32) ftp://ftp.wayne.edu/cpan/
30 more items, hit SPACE RETURN to show them
Select as many URLs as you like (by number),
put them on one line, separated by blanks, e.g. '1 4 5' []  

(33) ftp://mirror.candidhosting.com/pub/CPAN
(34) ftp://mirror.datapipe.net/pub/CPAN/
(35) ftp://mirror.hiwaay.net/CPAN/
(36) ftp://mirror.sg.depaul.edu/pub/CPAN/
(37) ftp://mirror.sit.wisc.edu/pub/CPAN/
(38) ftp://mirror.xmission.com/CPAN/
(39) ftp://mirrors.24-7-solutions.net/pub/CPAN/
(40) ftp://mirrors.ibiblio.org/pub/mirrors/CPAN
(41) ftp://mirrors.jtlnet.com/CPAN/
(42) ftp://mirrors.kernel.org/pub/CPAN
(43) ftp://mirrors.phenominet.com/pub/CPAN/
(44) ftp://perl.secsup.org/pub/perl/
(45) ftp://www.stathy.com/CPAN/
(46) http://cpan-2.mirrors.nks.net/
(47) http://cpan.belfry.net/
(48) http://cpan.binarycompass.org
14 more items, hit SPACE RETURN to show them
Select as many URLs as you like (by number),
put them on one line, separated by blanks, e.g. '1 4 5' []  

(49) http://cpan.groovis.net
(50) http://cpan.hexten.net/
(51) http://cpan.hoxt.com/
(52) http://cpan.mirror.qualispace.com
(53) http://cpan.mirrorgeek.com
(54) http://cpan.mirrors.hoobly.com/
(55) http://cpan.mirrors.nks.net/
(56) http://httpupdate.cpanel.net/pub/CPAN/
(57) http://linux.cs.lewisu.edu/pub/CPAN
(58) http://mirror.hyperian.net/CPAN
(59) http://mirror.uta.edu/CPAN
(60) http://mirrors.gossamer-threads.com/CPAN
(61) http://www.perl.com/CPAN/
(62) http://www.uberlan.net/CPAN
Select as many URLs as you like (by number),
put them on one line, separated by blanks, e.g. '1 4 5' [] 61

Enter another URL or RETURN to quit: [] 
New set of picks:
  http://www.perl.com/CPAN/


commit: wrote /test/perl/lib/5.8.8/CPAN/Config.pm
Terminal does not support AddHistory.

cpan shell -- CPAN exploration and modules installation (v1.7602)
ReadLine support available (try 'install Bundle::CPAN')

cpan> install Test::Pod
CPAN: Storable loaded ok

Trying with "/usr/local/bin/wget -O -" to get
    http://www.perl.com/CPAN/authors/01mailrc.txt.gz
--11:12:56--  http://www.perl.com/CPAN/authors/01mailrc.txt.gz
           => `-'
Resolving www.perl.com... 208.201.239.36, 208.201.239.37
Connecting to www.perl.com|208.201.239.36|:80... connected.
HTTP request sent, awaiting response... 200 OK
Length: 124,048 (121K) [text/plain]

100%[==========================================================>] 124,048      109.09K/s             

11:13:07 (108.83 KB/s) - `-' saved [124048/124048]

Going to read /Users/challing/.cpan/sources/authors/01mailrc.txt.gz

Trying with "/usr/local/bin/wget -O -" to get
    http://www.perl.com/CPAN/modules/02packages.details.txt.gz
--11:13:08--  http://www.perl.com/CPAN/modules/02packages.details.txt.gz
           => `-'
Resolving www.perl.com... 208.201.239.36, 208.201.239.37
Connecting to www.perl.com|208.201.239.36|:80... connected.
HTTP request sent, awaiting response... 200 OK
Length: 502,339 (491K) [text/plain]

100%[==========================================================>] 502,339      123.53K/s    ETA 00:00

11:13:14 (93.89 KB/s) - `-' saved [502339/502339]

Going to read /Users/challing/.cpan/sources/modules/02packages.details.txt.gz
  Database was generated on Sat, 25 Nov 2006 14:24:40 GMT
  HTTP::Date not available

  There's a new CPAN.pm version (v1.8802) available!
  [Current version is v1.7602]
  You might want to try
    install Bundle::CPAN
    reload cpan
  without quitting the current session. It should be a seamless upgrade
  while we are running...


Trying with "/usr/local/bin/wget -O -" to get
    http://www.perl.com/CPAN/modules/03modlist.data.gz
--11:13:24--  http://www.perl.com/CPAN/modules/03modlist.data.gz
           => `-'
Resolving www.perl.com... 208.201.239.36, 208.201.239.37
Connecting to www.perl.com|208.201.239.36|:80... connected.
HTTP request sent, awaiting response... 200 OK
Length: 127,052 (124K) [text/plain]

100%[==========================================================>] 127,052       76.78K/s             

11:13:25 (76.64 KB/s) - `-' saved [127052/127052]

Going to read /Users/challing/.cpan/sources/modules/03modlist.data.gz
Going to write /Users/challing/.cpan/Metadata
Running install for module Test::Pod
Running make for P/PE/PETDANCE/Test-Pod-1.26.tar.gz

Trying with "/usr/local/bin/wget -O -" to get
    http://www.perl.com/CPAN/authors/id/P/PE/PETDANCE/Test-Pod-1.26.tar.gz
--11:13:30--  http://www.perl.com/CPAN/authors/id/P/PE/PETDANCE/Test-Pod-1.26.tar.gz
           => `-'
Resolving www.perl.com... 208.201.239.36, 208.201.239.37
Connecting to www.perl.com|208.201.239.36|:80... connected.
HTTP request sent, awaiting response... 200 OK
Length: 6,807 (6.6K) [application/x-tar]

100%[==========================================================>] 6,807         --.--K/s             

11:13:31 (50.28 KB/s) - `-' saved [6807/6807]

CPAN: Digest::MD5 loaded ok

Trying with "/usr/local/bin/wget -O -" to get
    http://www.perl.com/CPAN/authors/id/P/PE/PETDANCE/CHECKSUMS
--11:13:31--  http://www.perl.com/CPAN/authors/id/P/PE/PETDANCE/CHECKSUMS
           => `-'
Resolving www.perl.com... 208.201.239.36, 208.201.239.37
Connecting to www.perl.com|208.201.239.36|:80... connected.
HTTP request sent, awaiting response... 200 OK
Length: 92,176 (90K) [text/plain]

100%[==========================================================>] 92,176       114.66K/s             

11:13:32 (114.25 KB/s) - `-' saved [92176/92176]

Checksum for /Users/challing/.cpan/sources/authors/id/P/PE/PETDANCE/Test-Pod-1.26.tar.gz ok
Scanning cache /Users/challing/.cpan/build for sizes
Test-Pod-1.26/
Test-Pod-1.26/t/
Test-Pod-1.26/t/spaced-directives.pod
Test-Pod-1.26/t/unknown-directive.t
Test-Pod-1.26/t/spaced-directives.t
Test-Pod-1.26/t/pod/
Test-Pod-1.26/t/pod/good-pod-script
Test-Pod-1.26/t/pod/no_pod.pod
Test-Pod-1.26/t/pod/good.pod
Test-Pod-1.26/t/empty-file.pod
Test-Pod-1.26/t/cut-outside-block.pod
Test-Pod-1.26/t/good.t
Test-Pod-1.26/t/item-ordering.pod
Test-Pod-1.26/t/all_pod_files.t
Test-Pod-1.26/t/selftest.t
Test-Pod-1.26/t/unknown-directive.pod
Test-Pod-1.26/t/item-ordering.t
Test-Pod-1.26/t/00-load.t
Test-Pod-1.26/t/load.t
Test-Pod-1.26/t/missing-file.t
Test-Pod-1.26/t/pod.t
Test-Pod-1.26/t/cut-outside-block.t
Test-Pod-1.26/Changes
Test-Pod-1.26/MANIFEST
Test-Pod-1.26/Pod.pm
Test-Pod-1.26/Makefile.PL
Test-Pod-1.26/META.yml

  CPAN.pm: Going to build P/PE/PETDANCE/Test-Pod-1.26.tar.gz

Checking if your kit is complete...
Looks good
Warning: prerequisite Pod::Simple 2.04 not found.
Writing Makefile for Test::Pod
---- Unsatisfied dependencies detected during [P/PE/PETDANCE/Test-Pod-1.26.tar.gz] -----
    Pod::Simple
Running make test
  Delayed until after prerequisites
Running make install
  Delayed until after prerequisites
Running install for module Pod::Simple
Running make for A/AR/ARANDAL/Pod-Simple-3.04.tar.gz

Trying with "/usr/local/bin/wget -O -" to get
    http://www.perl.com/CPAN/authors/id/A/AR/ARANDAL/Pod-Simple-3.04.tar.gz
--11:13:33--  http://www.perl.com/CPAN/authors/id/A/AR/ARANDAL/Pod-Simple-3.04.tar.gz
           => `-'
Resolving www.perl.com... 208.201.239.36, 208.201.239.37
Connecting to www.perl.com|208.201.239.36|:80... connected.
HTTP request sent, awaiting response... 200 OK
Length: 261,943 (256K) [application/x-tar]

100%[==========================================================>] 261,943      154.87K/s             

11:13:35 (154.45 KB/s) - `-' saved [261943/261943]


Trying with "/usr/local/bin/wget -O -" to get
    http://www.perl.com/CPAN/authors/id/A/AR/ARANDAL/CHECKSUMS
--11:13:35--  http://www.perl.com/CPAN/authors/id/A/AR/ARANDAL/CHECKSUMS
           => `-'
Resolving www.perl.com... 208.201.239.36, 208.201.239.37
Connecting to www.perl.com|208.201.239.36|:80... connected.
HTTP request sent, awaiting response... 200 OK
Length: 5,056 (4.9K) [text/plain]

100%[==========================================================>] 5,056         --.--K/s             

11:13:35 (42.49 KB/s) - `-' saved [5056/5056]

Checksum for /Users/challing/.cpan/sources/authors/id/A/AR/ARANDAL/Pod-Simple-3.04.tar.gz ok
Pod-Simple-3.04/
Pod-Simple-3.04/t/
Pod-Simple-3.04/t/items.t
Pod-Simple-3.04/t/test_lib/
Pod-Simple-3.04/t/test_lib/squaa.pm
Pod-Simple-3.04/t/test_lib/Zonk/
Pod-Simple-3.04/t/test_lib/Zonk/Veng.pm
Pod-Simple-3.04/t/test_lib/Zonk/Pronk.pm
Pod-Simple-3.04/t/test_lib/Zonk/Fiddle.txt
Pod-Simple-3.04/t/test_lib/Blorm.pm
Pod-Simple-3.04/t/test_lib/pod/
Pod-Simple-3.04/t/test_lib/pod/perlthang.pod
Pod-Simple-3.04/t/test_lib/pod/perlfliff.pod
Pod-Simple-3.04/t/test_lib/hink_honk/
Pod-Simple-3.04/t/test_lib/hink_honk/Glunk.pod
Pod-Simple-3.04/t/test_lib/hink_honk/Vliff.pm
Pod-Simple-3.04/t/test_lib/hink_honk/readme.txt
Pod-Simple-3.04/t/test_lib/squaa/
Pod-Simple-3.04/t/test_lib/squaa/Vliff.pm
Pod-Simple-3.04/t/test_lib/squaa/Glunk.pod
Pod-Simple-3.04/t/test_lib/zikzik.pod
Pod-Simple-3.04/t/verbatims.t
Pod-Simple-3.04/t/corpus_not_yet_impl/
Pod-Simple-3.04/t/corpus_not_yet_impl/polish_utf8_bom.xml
Pod-Simple-3.04/t/corpus_not_yet_impl/fiqhakbar_iso6.xml
Pod-Simple-3.04/t/corpus_not_yet_impl/polish_utf16le_bom.txt
Pod-Simple-3.04/t/corpus_not_yet_impl/polish_utf8_bom2.xml
Pod-Simple-3.04/t/corpus_not_yet_impl/polish_utf16be_bom.txt
Pod-Simple-3.04/t/corpus_not_yet_impl/polish_implicit_utf8.txt
Pod-Simple-3.04/t/corpus_not_yet_impl/polish_utf8_bom.txt
Pod-Simple-3.04/t/corpus_not_yet_impl/polish_utf8_bom2.txt
Pod-Simple-3.04/t/corpus_not_yet_impl/fiqhakbar_iso6.txt
Pod-Simple-3.04/t/corpus/
Pod-Simple-3.04/t/corpus/fet_duplication.txt
Pod-Simple-3.04/t/corpus/plain_utf8.xml
Pod-Simple-3.04/t/corpus/haiku-iso2202jpz.xml
Pod-Simple-3.04/t/corpus/haiku-iso2202jp.txt
Pod-Simple-3.04/t/corpus/haiku-iso2202jpx.xml
Pod-Simple-3.04/t/corpus/french_implicit_latin1.xml
Pod-Simple-3.04/t/corpus/nonesuch.xml
Pod-Simple-3.04/t/corpus/buniya_iso6.xml
Pod-Simple-3.04/t/corpus/plain_explicit.xml
Pod-Simple-3.04/t/corpus/plain_latin1.xml
Pod-Simple-3.04/t/corpus/french_latin1.txt
Pod-Simple-3.04/t/corpus/s2763_sjis.xml
Pod-Simple-3.04/t/corpus/nonesuch.txt
Pod-Simple-3.04/t/corpus/french_latin1.xml
Pod-Simple-3.04/t/corpus/polish_utf8.txt
Pod-Simple-3.04/t/corpus/plain_latin1.txt
Pod-Simple-3.04/t/corpus/fet_contradiction.xml
Pod-Simple-3.04/t/corpus/fet_contradiction.txt
Pod-Simple-3.04/t/corpus/plain_utf8.txt
Pod-Simple-3.04/t/corpus/laozi38b.txt
Pod-Simple-3.04/t/corpus/fet_when_koi8r.xml
Pod-Simple-3.04/t/corpus/buniya_iso6.txt
Pod-Simple-3.04/t/corpus/greek_iso_8859_7.pod
Pod-Simple-3.04/t/corpus/haiku-iso2202jpz.txt
Pod-Simple-3.04/t/corpus/greek_iso_8859_7.xml
Pod-Simple-3.04/t/corpus/thai_iso11.txt
Pod-Simple-3.04/t/corpus/plain.txt
Pod-Simple-3.04/t/corpus/plain_explicit.txt
Pod-Simple-3.04/t/corpus/buniya_cp1256.txt
Pod-Simple-3.04/t/corpus/haiku-iso2202jpy.txt
Pod-Simple-3.04/t/corpus/pasternak_cp1251.txt
Pod-Simple-3.04/t/corpus/plain.xml
Pod-Simple-3.04/t/corpus/fet_when_koi8r.txt
Pod-Simple-3.04/t/corpus/haiku-iso2202jpy.xml
Pod-Simple-3.04/t/corpus/buniya_cp1256.xml
Pod-Simple-3.04/t/corpus/polish_utf8.xml
Pod-Simple-3.04/t/corpus/laozi38p.xml
Pod-Simple-3.04/t/corpus/haiku-iso2202jp.xml
Pod-Simple-3.04/t/corpus/pasternak_cp1251.xml
Pod-Simple-3.04/t/corpus/laozi38.xml
Pod-Simple-3.04/t/corpus/thai_iso11.xml
Pod-Simple-3.04/t/corpus/s2763_sjis.txt
Pod-Simple-3.04/t/corpus/laozi38p.pod
Pod-Simple-3.04/t/corpus/haiku-iso2202jpx.txt
Pod-Simple-3.04/t/corpus/laozi38b.xml
Pod-Simple-3.04/t/corpus/fet_duplication.xml
Pod-Simple-3.04/t/corpus/laozi38.txt
Pod-Simple-3.04/t/corpus/french_implicit_latin1.txt
Pod-Simple-3.04/t/search_29_glob_z_qmark_k.t
Pod-Simple-3.04/t/encoding_nonesuch.t
Pod-Simple-3.04/t/search_12survey_cwd.t
Pod-Simple-3.04/t/html-para.t
Pod-Simple-3.04/t/render.t
Pod-Simple-3.04/t/other_test_lib/
Pod-Simple-3.04/t/other_test_lib/squaa/
Pod-Simple-3.04/t/other_test_lib/squaa/Vliff.pm
Pod-Simple-3.04/t/other_test_lib/squaa/Wowo.pod
Pod-Simple-3.04/t/other_test_lib/hink_honk/
Pod-Simple-3.04/t/other_test_lib/hink_honk/Glunk.pod
Pod-Simple-3.04/t/other_test_lib/hink_honk/readme.txt
Pod-Simple-3.04/t/other_test_lib/hink_honk/Vliff.pm
Pod-Simple-3.04/t/other_test_lib/pod/
Pod-Simple-3.04/t/other_test_lib/pod/perlthang.pod
Pod-Simple-3.04/t/other_test_lib/pod/perlzuk.pod
Pod-Simple-3.04/t/other_test_lib/Sizzlesuzzle.pm
Pod-Simple-3.04/t/perlcyg.pod
Pod-Simple-3.04/t/fcodes_ess.t
Pod-Simple-3.04/t/junk1.pod
Pod-Simple-3.04/t/junk1_out.txt
Pod-Simple-3.04/t/perlfaq3_out.txt
Pod-Simple-3.04/t/linkclass.t
Pod-Simple-3.04/t/search_28_glob_z_kleene_k.t
Pod-Simple-3.04/t/20_skip_before_58.t
Pod-Simple-3.04/t/fcodes_ee.t
Pod-Simple-3.04/t/fullstop_spaces.t
Pod-Simple-3.04/t/itemstar.t
Pod-Simple-3.04/t/basic.t
Pod-Simple-3.04/t/pulltitle.t
Pod-Simple-3.04/t/closeys.t
Pod-Simple-3.04/t/chunking.t
Pod-Simple-3.04/t/encoding_not_error0.t
Pod-Simple-3.04/t/junk2.pod
Pod-Simple-3.04/t/search_25_glob_squaa_coloncolon_kleene.t
Pod-Simple-3.04/t/verbatim_formatted.t
Pod-Simple-3.04/t/fcodes_ell.t
Pod-Simple-3.04/t/search_10survey_specific.t
Pod-Simple-3.04/t/junk2_out.txt
Pod-Simple-3.04/t/stree.t
Pod-Simple-3.04/t/perlvar.pod
Pod-Simple-3.04/t/fcodes.t
Pod-Simple-3.04/t/search_20survey_two.t
Pod-Simple-3.04/t/beginend.t
Pod-Simple-3.04/t/perlcyg_out.txt
Pod-Simple-3.04/t/sanity_tfh.t
Pod-Simple-3.04/t/heads.t
Pod-Simple-3.04/t/yet_another_test_lib/
Pod-Simple-3.04/t/yet_another_test_lib/squaa/
Pod-Simple-3.04/t/yet_another_test_lib/squaa/Vliff.pm
Pod-Simple-3.04/t/html-styles.t
Pod-Simple-3.04/t/ac_d.t
Pod-Simple-3.04/t/search_27_glob_squaa_kleene.t
Pod-Simple-3.04/t/ac_c_extend.t
Pod-Simple-3.04/t/corpustest.t
Pod-Simple-3.04/t/x_nixer.t
Pod-Simple-3.04/t/encoding_not_error.t
Pod-Simple-3.04/t/search_05sane.t
Pod-Simple-3.04/t/itemadapt.t
Pod-Simple-3.04/t/perlvar_out.txt
Pod-Simple-3.04/t/search_22survey_two_shadowing.t
Pod-Simple-3.04/t/for.t
Pod-Simple-3.04/t/cbacks.t
Pod-Simple-3.04/t/search_50survey_inc.t
Pod-Simple-3.04/t/search_26_glob_kleene_k.t
Pod-Simple-3.04/t/html-title.t
Pod-Simple-3.04/t/reinit.t
Pod-Simple-3.04/t/head_ends_over.t
Pod-Simple-3.04/t/00about.t
Pod-Simple-3.04/t/fornot.t
Pod-Simple-3.04/t/puller.t
Pod-Simple-3.04/t/htmlbatch_01.t
Pod-Simple-3.04/t/perlfaq3.pod
Pod-Simple-3.04/t/ac_c_simple.t
Pod-Simple-3.04/lib/
Pod-Simple-3.04/lib/Pod/
Pod-Simple-3.04/lib/Pod/Simple/
Pod-Simple-3.04/lib/Pod/Simple/DumpAsXML.pm
Pod-Simple-3.04/lib/Pod/Simple/Progress.pm
Pod-Simple-3.04/lib/Pod/Simple/TranscodeDumb.pm
Pod-Simple-3.04/lib/Pod/Simple/RTF.pm
Pod-Simple-3.04/lib/Pod/Simple/DumpAsText.pm
Pod-Simple-3.04/lib/Pod/Simple/Search.pm
Pod-Simple-3.04/lib/Pod/Simple/PullParserEndToken.pm
Pod-Simple-3.04/lib/Pod/Simple/HTMLLegacy.pm
Pod-Simple-3.04/lib/Pod/Simple/XMLOutStream.pm
Pod-Simple-3.04/lib/Pod/Simple/PullParserToken.pm
Pod-Simple-3.04/lib/Pod/Simple/TiedOutFH.pm
Pod-Simple-3.04/lib/Pod/Simple/Debug.pm
Pod-Simple-3.04/lib/Pod/Simple/Methody.pm
Pod-Simple-3.04/lib/Pod/Simple/BlackBox.pm
Pod-Simple-3.04/lib/Pod/Simple/LinkSection.pm
Pod-Simple-3.04/lib/Pod/Simple/TextContent.pm
Pod-Simple-3.04/lib/Pod/Simple/TranscodeSmart.pm
Pod-Simple-3.04/lib/Pod/Simple/PullParserStartToken.pm
Pod-Simple-3.04/lib/Pod/Simple/Checker.pm
Pod-Simple-3.04/lib/Pod/Simple/PullParser.pm
Pod-Simple-3.04/lib/Pod/Simple/SimpleTree.pm
Pod-Simple-3.04/lib/Pod/Simple/HTML.pm
Pod-Simple-3.04/lib/Pod/Simple/Subclassing.pod
Pod-Simple-3.04/lib/Pod/Simple/Text.pm
Pod-Simple-3.04/lib/Pod/Simple/PullParserTextToken.pm
Pod-Simple-3.04/lib/Pod/Simple/HTMLBatch.pm
Pod-Simple-3.04/lib/Pod/Simple/Transcode.pm
Pod-Simple-3.04/lib/Pod/Simple.pod
Pod-Simple-3.04/lib/Pod/Simple.pm
Pod-Simple-3.04/lib/perlpodspec.pod
Pod-Simple-3.04/lib/perlpod.pod
Pod-Simple-3.04/README
Pod-Simple-3.04/META.yml
Pod-Simple-3.04/ChangeLog
Pod-Simple-3.04/MANIFEST.SKIP
Pod-Simple-3.04/Makefile.PL
Pod-Simple-3.04/MANIFEST

  CPAN.pm: Going to build A/AR/ARANDAL/Pod-Simple-3.04.tar.gz

Checking if your kit is complete...
Looks good
Warning: prerequisite Pod::Escapes 1.04 not found.
Writing Makefile for Pod::Simple
---- Unsatisfied dependencies detected during [A/AR/ARANDAL/Pod-Simple-3.04.tar.gz] -----
    Pod::Escapes
Running make test
  Delayed until after prerequisites
Running make install
  Delayed until after prerequisites
Running install for module Pod::Escapes
Running make for S/SB/SBURKE/Pod-Escapes-1.04.tar.gz

Trying with "/usr/local/bin/wget -O -" to get
    http://www.perl.com/CPAN/authors/id/S/SB/SBURKE/Pod-Escapes-1.04.tar.gz
--11:13:37--  http://www.perl.com/CPAN/authors/id/S/SB/SBURKE/Pod-Escapes-1.04.tar.gz
           => `-'
Resolving www.perl.com... 208.201.239.36, 208.201.239.37
Connecting to www.perl.com|208.201.239.36|:80... connected.
HTTP request sent, awaiting response... 200 OK
Length: 10,187 (9.9K) [application/x-tar]

100%[==========================================================>] 10,187        49.49K/s             

11:13:37 (49.40 KB/s) - `-' saved [10187/10187]


Trying with "/usr/local/bin/wget -O -" to get
    http://www.perl.com/CPAN/authors/id/S/SB/SBURKE/CHECKSUMS
--11:13:37--  http://www.perl.com/CPAN/authors/id/S/SB/SBURKE/CHECKSUMS
           => `-'
Resolving www.perl.com... 208.201.239.36, 208.201.239.37
Connecting to www.perl.com|208.201.239.36|:80... connected.
HTTP request sent, awaiting response... 200 OK
Length: 34,849 (34K) [text/plain]

100%[==========================================================>] 34,849        70.24K/s             

11:13:38 (70.05 KB/s) - `-' saved [34849/34849]

Checksum for /Users/challing/.cpan/sources/authors/id/S/SB/SBURKE/Pod-Escapes-1.04.tar.gz ok
Pod-Escapes-1.04/
Pod-Escapes-1.04/META.yml
Pod-Escapes-1.04/t/
Pod-Escapes-1.04/t/01_about_verbose.t
Pod-Escapes-1.04/t/15_name2charnum.t
Pod-Escapes-1.04/t/10_main.t
Pod-Escapes-1.04/lib/
Pod-Escapes-1.04/lib/Pod/
Pod-Escapes-1.04/lib/Pod/Escapes.pm
Pod-Escapes-1.04/MANIFEST
Pod-Escapes-1.04/ChangeLog
Pod-Escapes-1.04/MANIFEST.SKIP
Pod-Escapes-1.04/Makefile.PL
Pod-Escapes-1.04/README

  CPAN.pm: Going to build S/SB/SBURKE/Pod-Escapes-1.04.tar.gz

Checking if your kit is complete...
Looks good
Writing Makefile for Pod::Escapes
cp lib/Pod/Escapes.pm blib/lib/Pod/Escapes.pm
Manifying blib/man3/Pod::Escapes.3
  /usr/bin/make  -- OK
Running make test
PERL_DL_NONLAZY=1 /test/perl/bin/perl "-MExtUtils::Command::MM" "-e" "test_harness(0, 'blib/lib', 'blib/arch')" t/*.t
t/01_about_verbose....ok                                                     
t/10_main.............ok                                                     
t/15_name2charnum.....ok                                                     
All tests successful.
Files=3, Tests=106,  0 wallclock secs ( 0.11 cusr +  0.07 csys =  0.18 CPU)
  /usr/bin/make test -- OK
Running make install
Installing /test/perl/lib/site_perl/5.8.8/Pod/Escapes.pm
Installing /test/perl/man/man3/Pod::Escapes.3
Writing /test/perl/lib/site_perl/5.8.8/darwin-2level/auto/Pod/Escapes/.packlist
Appending installation info to /test/perl/lib/5.8.8/darwin-2level/perllocal.pod
  /usr/bin/make install  -- OK
Running make for A/AR/ARANDAL/Pod-Simple-3.04.tar.gz
  Is already unwrapped into directory /Users/challing/.cpan/build/Pod-Simple-3.04

  CPAN.pm: Going to build A/AR/ARANDAL/Pod-Simple-3.04.tar.gz

cp lib/Pod/Simple/DumpAsText.pm blib/lib/Pod/Simple/DumpAsText.pm
cp lib/Pod/Simple/LinkSection.pm blib/lib/Pod/Simple/LinkSection.pm
cp lib/Pod/Simple/Progress.pm blib/lib/Pod/Simple/Progress.pm
cp lib/Pod/Simple/XMLOutStream.pm blib/lib/Pod/Simple/XMLOutStream.pm
cp lib/Pod/Simple/TextContent.pm blib/lib/Pod/Simple/TextContent.pm
cp lib/Pod/Simple/Search.pm blib/lib/Pod/Simple/Search.pm
cp lib/Pod/Simple/Text.pm blib/lib/Pod/Simple/Text.pm
cp lib/Pod/Simple/TranscodeSmart.pm blib/lib/Pod/Simple/TranscodeSmart.pm
cp lib/Pod/Simple/Debug.pm blib/lib/Pod/Simple/Debug.pm
cp lib/Pod/Simple/PullParserStartToken.pm blib/lib/Pod/Simple/PullParserStartToken.pm
cp lib/perlpodspec.pod blib/lib/perlpodspec.pod
cp lib/Pod/Simple/Methody.pm blib/lib/Pod/Simple/Methody.pm
cp lib/Pod/Simple/PullParserEndToken.pm blib/lib/Pod/Simple/PullParserEndToken.pm
cp lib/Pod/Simple/PullParserTextToken.pm blib/lib/Pod/Simple/PullParserTextToken.pm
cp lib/Pod/Simple.pm blib/lib/Pod/Simple.pm
cp lib/Pod/Simple/HTMLBatch.pm blib/lib/Pod/Simple/HTMLBatch.pm
cp lib/Pod/Simple/TranscodeDumb.pm blib/lib/Pod/Simple/TranscodeDumb.pm
cp lib/Pod/Simple/RTF.pm blib/lib/Pod/Simple/RTF.pm
cp lib/Pod/Simple/Checker.pm blib/lib/Pod/Simple/Checker.pm
cp lib/Pod/Simple/PullParser.pm blib/lib/Pod/Simple/PullParser.pm
cp lib/Pod/Simple/PullParserToken.pm blib/lib/Pod/Simple/PullParserToken.pm
cp lib/Pod/Simple/SimpleTree.pm blib/lib/Pod/Simple/SimpleTree.pm
cp lib/perlpod.pod blib/lib/perlpod.pod
cp lib/Pod/Simple/TiedOutFH.pm blib/lib/Pod/Simple/TiedOutFH.pm
cp lib/Pod/Simple/HTML.pm blib/lib/Pod/Simple/HTML.pm
cp lib/Pod/Simple.pod blib/lib/Pod/Simple.pod
cp lib/Pod/Simple/Subclassing.pod blib/lib/Pod/Simple/Subclassing.pod
cp lib/Pod/Simple/HTMLLegacy.pm blib/lib/Pod/Simple/HTMLLegacy.pm
cp lib/Pod/Simple/DumpAsXML.pm blib/lib/Pod/Simple/DumpAsXML.pm
cp lib/Pod/Simple/BlackBox.pm blib/lib/Pod/Simple/BlackBox.pm
cp lib/Pod/Simple/Transcode.pm blib/lib/Pod/Simple/Transcode.pm
Manifying blib/man3/Pod::Simple::LinkSection.3
Manifying blib/man3/Pod::Simple::DumpAsText.3
Manifying blib/man3/Pod::Simple::XMLOutStream.3
Manifying blib/man3/Pod::Simple::TextContent.3
Manifying blib/man3/Pod::Simple::Text.3
Manifying blib/man3/Pod::Simple::Search.3
Manifying blib/man3/Pod::Simple::PullParserStartToken.3
Manifying blib/man3/Pod::Simple::Debug.3
Manifying blib/man3/perlpodspec.3
Manifying blib/man3/Pod::Simple::Methody.3
Manifying blib/man3/Pod::Simple::PullParserTextToken.3
Manifying blib/man3/Pod::Simple::PullParserEndToken.3
Manifying blib/man3/Pod::Simple::HTMLBatch.3
Manifying blib/man3/Pod::Simple::RTF.3
Manifying blib/man3/Pod::Simple::Checker.3
Manifying blib/man3/Pod::Simple::PullParser.3
Manifying blib/man3/Pod::Simple::SimpleTree.3
Manifying blib/man3/Pod::Simple::PullParserToken.3
Manifying blib/man3/perlpod.3
Manifying blib/man3/Pod::Simple::HTML.3
Manifying blib/man3/Pod::Simple::Subclassing.3
Manifying blib/man3/Pod::Simple.3
Manifying blib/man3/Pod::Simple::DumpAsXML.3
  /usr/bin/make  -- OK
Running make test
PERL_DL_NONLAZY=1 /test/perl/bin/perl "-MExtUtils::Command::MM" "-e" "test_harness(0, 'blib/lib', 'blib/arch')" t/*.t
t/00about...................................ok                               
t/20_skip_before_58.........................ok                               
t/ac_c_extend...............................ok                               
t/ac_c_simple...............................ok                               
t/ac_d......................................ok                               
t/basic.....................................ok                               
t/beginend..................................ok                               
t/cbacks....................................ok                               
t/chunking..................................ok                               
t/closeys...................................ok                               
t/corpustest................................ok                               
t/encoding_nonesuch.........................ok                               
t/encoding_not_error........................ok                               
t/encoding_not_error0.......................ok                               
t/fcodes....................................ok                               
t/fcodes_ee.................................ok                               
t/fcodes_ell................................ok                               
t/fcodes_ess................................ok                               
t/for.......................................ok                               
t/fornot....................................ok                               
t/fullstop_spaces...........................ok                               
t/head_ends_over............................ok                               
t/heads.....................................ok                               
t/html-para.................................ok                               
t/html-styles...............................ok                               
t/html-title................................ok                               
t/htmlbatch_01..............................ok                               
t/itemadapt.................................ok                               
t/items.....................................ok                               
t/itemstar..................................ok                               
t/linkclass.................................ok                               
t/puller....................................ok                               
t/pulltitle.................................ok                               
t/reinit....................................ok                               
t/render....................................ok                               
t/sanity_tfh................................ok                               
t/search_05sane.............................ok                               
t/search_10survey_specific..................ok                               
t/search_12survey_cwd.......................ok                               
t/search_20survey_two.......................ok                               
t/search_22survey_two_shadowing.............ok                               
t/search_25_glob_squaa_coloncolon_kleene....ok                               
t/search_26_glob_kleene_k...................ok                               
t/search_27_glob_squaa_kleene...............ok                               
t/search_28_glob_z_kleene_k.................ok                               
t/search_29_glob_z_qmark_k..................ok                               
t/search_50survey_inc.......................ok                               
t/stree.....................................ok                               
t/verbatim_formatted........................ok                               
t/verbatims.................................ok                               
t/x_nixer...................................ok                               
All tests successful.
Files=51, Tests=1054, 14 wallclock secs ( 8.08 cusr +  1.98 csys = 10.06 CPU)
  /usr/bin/make test -- OK
Running make install
Installing /test/perl/lib/site_perl/5.8.8/perlpod.pod
Installing /test/perl/lib/site_perl/5.8.8/perlpodspec.pod
Installing /test/perl/lib/site_perl/5.8.8/Pod/Simple.pm
Installing /test/perl/lib/site_perl/5.8.8/Pod/Simple.pod
Installing /test/perl/lib/site_perl/5.8.8/Pod/Simple/BlackBox.pm
Installing /test/perl/lib/site_perl/5.8.8/Pod/Simple/Checker.pm
Installing /test/perl/lib/site_perl/5.8.8/Pod/Simple/Debug.pm
Installing /test/perl/lib/site_perl/5.8.8/Pod/Simple/DumpAsText.pm
Installing /test/perl/lib/site_perl/5.8.8/Pod/Simple/DumpAsXML.pm
Installing /test/perl/lib/site_perl/5.8.8/Pod/Simple/HTML.pm
Installing /test/perl/lib/site_perl/5.8.8/Pod/Simple/HTMLBatch.pm
Installing /test/perl/lib/site_perl/5.8.8/Pod/Simple/HTMLLegacy.pm
Installing /test/perl/lib/site_perl/5.8.8/Pod/Simple/LinkSection.pm
Installing /test/perl/lib/site_perl/5.8.8/Pod/Simple/Methody.pm
Installing /test/perl/lib/site_perl/5.8.8/Pod/Simple/Progress.pm
Installing /test/perl/lib/site_perl/5.8.8/Pod/Simple/PullParser.pm
Installing /test/perl/lib/site_perl/5.8.8/Pod/Simple/PullParserEndToken.pm
Installing /test/perl/lib/site_perl/5.8.8/Pod/Simple/PullParserStartToken.pm
Installing /test/perl/lib/site_perl/5.8.8/Pod/Simple/PullParserTextToken.pm
Installing /test/perl/lib/site_perl/5.8.8/Pod/Simple/PullParserToken.pm
Installing /test/perl/lib/site_perl/5.8.8/Pod/Simple/RTF.pm
Installing /test/perl/lib/site_perl/5.8.8/Pod/Simple/Search.pm
Installing /test/perl/lib/site_perl/5.8.8/Pod/Simple/SimpleTree.pm
Installing /test/perl/lib/site_perl/5.8.8/Pod/Simple/Subclassing.pod
Installing /test/perl/lib/site_perl/5.8.8/Pod/Simple/Text.pm
Installing /test/perl/lib/site_perl/5.8.8/Pod/Simple/TextContent.pm
Installing /test/perl/lib/site_perl/5.8.8/Pod/Simple/TiedOutFH.pm
Installing /test/perl/lib/site_perl/5.8.8/Pod/Simple/Transcode.pm
Installing /test/perl/lib/site_perl/5.8.8/Pod/Simple/TranscodeDumb.pm
Installing /test/perl/lib/site_perl/5.8.8/Pod/Simple/TranscodeSmart.pm
Installing /test/perl/lib/site_perl/5.8.8/Pod/Simple/XMLOutStream.pm
Installing /test/perl/man/man3/perlpod.3
Installing /test/perl/man/man3/perlpodspec.3
Installing /test/perl/man/man3/Pod::Simple.3
Installing /test/perl/man/man3/Pod::Simple::Checker.3
Installing /test/perl/man/man3/Pod::Simple::Debug.3
Installing /test/perl/man/man3/Pod::Simple::DumpAsText.3
Installing /test/perl/man/man3/Pod::Simple::DumpAsXML.3
Installing /test/perl/man/man3/Pod::Simple::HTML.3
Installing /test/perl/man/man3/Pod::Simple::HTMLBatch.3
Installing /test/perl/man/man3/Pod::Simple::LinkSection.3
Installing /test/perl/man/man3/Pod::Simple::Methody.3
Installing /test/perl/man/man3/Pod::Simple::PullParser.3
Installing /test/perl/man/man3/Pod::Simple::PullParserEndToken.3
Installing /test/perl/man/man3/Pod::Simple::PullParserStartToken.3
Installing /test/perl/man/man3/Pod::Simple::PullParserTextToken.3
Installing /test/perl/man/man3/Pod::Simple::PullParserToken.3
Installing /test/perl/man/man3/Pod::Simple::RTF.3
Installing /test/perl/man/man3/Pod::Simple::Search.3
Installing /test/perl/man/man3/Pod::Simple::SimpleTree.3
Installing /test/perl/man/man3/Pod::Simple::Subclassing.3
Installing /test/perl/man/man3/Pod::Simple::Text.3
Installing /test/perl/man/man3/Pod::Simple::TextContent.3
Installing /test/perl/man/man3/Pod::Simple::XMLOutStream.3
Writing /test/perl/lib/site_perl/5.8.8/darwin-2level/auto/Pod/Simple/.packlist
Appending installation info to /test/perl/lib/5.8.8/darwin-2level/perllocal.pod
  /usr/bin/make install  -- OK
Running make for P/PE/PETDANCE/Test-Pod-1.26.tar.gz
  Is already unwrapped into directory /Users/challing/.cpan/build/Test-Pod-1.26

  CPAN.pm: Going to build P/PE/PETDANCE/Test-Pod-1.26.tar.gz

cp Pod.pm blib/lib/Test/Pod.pm
Manifying blib/man3/Test::Pod.3
  /usr/bin/make  -- OK
Running make test
PERL_DL_NONLAZY=1 /test/perl/bin/perl "-MExtUtils::Command::MM" "-e" "test_harness(0, 'blib/lib', 'blib/arch')" t/*.t
t/00-load..............ok 1/1# Testing Test::Pod 1.26, Perl 5.008008, /test/perl/bin/perl
t/00-load..............ok                                                    
t/all_pod_files........ok                                                    
t/cut-outside-block....ok                                                    
t/good.................ok                                                    
t/item-ordering........ok                                                    
t/load.................ok                                                    
t/missing-file.........ok                                                    
t/pod..................ok                                                    
t/selftest.............ok                                                    
t/spaced-directives....skipped
        all skipped: Not written yet
t/unknown-directive....ok                                                    
All tests successful, 1 test skipped.
Files=11, Tests=19,  2 wallclock secs ( 1.18 cusr +  0.42 csys =  1.60 CPU)
  /usr/bin/make test -- OK
Running make install
Installing /test/perl/lib/site_perl/5.8.8/Test/Pod.pm
Installing /test/perl/man/man3/Test::Pod.3
Writing /test/perl/lib/site_perl/5.8.8/darwin-2level/auto/Test/Pod/.packlist
Appending installation info to /test/perl/lib/5.8.8/darwin-2level/perllocal.pod
  /usr/bin/make install  -- OK

cpan> install Test::Pod::Coverage
Running install for module Test::Pod::Coverage
Running make for P/PE/PETDANCE/Test-Pod-Coverage-1.08.tar.gz

Trying with "/usr/local/bin/wget -O -" to get
    http://www.perl.com/CPAN/authors/id/P/PE/PETDANCE/Test-Pod-Coverage-1.08.tar.gz
--11:19:07--  http://www.perl.com/CPAN/authors/id/P/PE/PETDANCE/Test-Pod-Coverage-1.08.tar.gz
           => `-'
Resolving www.perl.com... 208.201.239.36, 208.201.239.37
Connecting to www.perl.com|208.201.239.36|:80... connected.
HTTP request sent, awaiting response... 200 OK
Length: 6,418 (6.3K) [application/x-tar]

100%[==========================================================>] 6,418         --.--K/s             

11:19:08 (47.59 KB/s) - `-' saved [6418/6418]

Checksum for /Users/challing/.cpan/sources/authors/id/P/PE/PETDANCE/Test-Pod-Coverage-1.08.tar.gz ok
Test-Pod-Coverage-1.08/
Test-Pod-Coverage-1.08/t/
Test-Pod-Coverage-1.08/t/privates.t
Test-Pod-Coverage-1.08/t/parms.t
Test-Pod-Coverage-1.08/t/nopod.t
Test-Pod-Coverage-1.08/t/all_modules.t
Test-Pod-Coverage-1.08/t/Simple.pm
Test-Pod-Coverage-1.08/t/simple.t
Test-Pod-Coverage-1.08/t/self.t
Test-Pod-Coverage-1.08/t/PC_Inherits.pm
Test-Pod-Coverage-1.08/t/00.load.t
Test-Pod-Coverage-1.08/t/nosymbols.t
Test-Pod-Coverage-1.08/t/Privates.pm
Test-Pod-Coverage-1.08/t/PC_Inherited.pm
Test-Pod-Coverage-1.08/t/Nosymbols.pm
Test-Pod-Coverage-1.08/t/pod.t
Test-Pod-Coverage-1.08/t/all_pod_coverage_ok.t
Test-Pod-Coverage-1.08/t/Nopod.pm
Test-Pod-Coverage-1.08/t/alt_class.t
Test-Pod-Coverage-1.08/Changes
Test-Pod-Coverage-1.08/MANIFEST
Test-Pod-Coverage-1.08/Coverage.pm
Test-Pod-Coverage-1.08/META.yml
Test-Pod-Coverage-1.08/Makefile.PL

  CPAN.pm: Going to build P/PE/PETDANCE/Test-Pod-Coverage-1.08.tar.gz

Checking if your kit is complete...
Looks good
Warning: prerequisite Pod::Coverage 0 not found.
Writing Makefile for Test::Pod::Coverage
---- Unsatisfied dependencies detected during [P/PE/PETDANCE/Test-Pod-Coverage-1.08.tar.gz] -----
    Pod::Coverage
Running make test
  Delayed until after prerequisites
Running make install
  Delayed until after prerequisites
Running install for module Pod::Coverage
Running make for R/RC/RCLAMP/Pod-Coverage-0.18.tar.gz

Trying with "/usr/local/bin/wget -O -" to get
    http://www.perl.com/CPAN/authors/id/R/RC/RCLAMP/Pod-Coverage-0.18.tar.gz
--11:19:09--  http://www.perl.com/CPAN/authors/id/R/RC/RCLAMP/Pod-Coverage-0.18.tar.gz
           => `-'
Resolving www.perl.com... 208.201.239.36, 208.201.239.37
Connecting to www.perl.com|208.201.239.36|:80... connected.
HTTP request sent, awaiting response... 200 OK
Length: 13,292 (13K) [application/x-tar]

100%[==========================================================>] 13,292        43.11K/s             

11:19:09 (42.96 KB/s) - `-' saved [13292/13292]


Trying with "/usr/local/bin/wget -O -" to get
    http://www.perl.com/CPAN/authors/id/R/RC/RCLAMP/CHECKSUMS
--11:19:09--  http://www.perl.com/CPAN/authors/id/R/RC/RCLAMP/CHECKSUMS
           => `-'
Resolving www.perl.com... 208.201.239.36, 208.201.239.37
Connecting to www.perl.com|208.201.239.36|:80... connected.
HTTP request sent, awaiting response... 200 OK
Length: 74,972 (73K) [text/plain]

100%[==========================================================>] 74,972       100.64K/s             

11:19:10 (100.27 KB/s) - `-' saved [74972/74972]

Checksum for /Users/challing/.cpan/sources/authors/id/R/RC/RCLAMP/Pod-Coverage-0.18.tar.gz ok
Pod-Coverage-0.18/
Pod-Coverage-0.18/t/
Pod-Coverage-0.18/t/03import.t
Pod-Coverage-0.18/t/04cvgv.t
Pod-Coverage-0.18/t/lib/
Pod-Coverage-0.18/t/lib/Trustme.pm
Pod-Coverage-0.18/t/lib/Earle.pm
Pod-Coverage-0.18/t/lib/Args.pm
Pod-Coverage-0.18/t/lib/Tie.pm
Pod-Coverage-0.18/t/lib/Simple1.pm
Pod-Coverage-0.18/t/lib/XS4ALL.pm
Pod-Coverage-0.18/t/lib/GrandParent.pm
Pod-Coverage-0.18/t/lib/Child.pm
Pod-Coverage-0.18/t/lib/Simple2.pm
Pod-Coverage-0.18/t/lib/Simple8.pm
Pod-Coverage-0.18/t/lib/Parent.pm
Pod-Coverage-0.18/t/lib/Simple7.pm
Pod-Coverage-0.18/t/lib/Fully/
Pod-Coverage-0.18/t/lib/Fully/Qualified.pm
Pod-Coverage-0.18/t/lib/Simple4.pod
Pod-Coverage-0.18/t/lib/Simple4.pm
Pod-Coverage-0.18/t/lib/Simple3.pm
Pod-Coverage-0.18/t/lib/Simple6.pm
Pod-Coverage-0.18/t/lib/Sibling.pm
Pod-Coverage-0.18/t/lib/Simple5.pm
Pod-Coverage-0.18/t/08tie.t
Pod-Coverage-0.18/t/05parentage.t
Pod-Coverage-0.18/t/06trustme.t
Pod-Coverage-0.18/t/01compile.t
Pod-Coverage-0.18/t/02simple.t
Pod-Coverage-0.18/t/07pod.t
Pod-Coverage-0.18/Changes
Pod-Coverage-0.18/MANIFEST
Pod-Coverage-0.18/lib/
Pod-Coverage-0.18/lib/Pod/
Pod-Coverage-0.18/lib/Pod/Coverage.pm
Pod-Coverage-0.18/lib/Pod/Coverage/
Pod-Coverage-0.18/lib/Pod/Coverage/CountParents.pm
Pod-Coverage-0.18/lib/Pod/Coverage/ExportOnly.pm
Pod-Coverage-0.18/lib/Pod/Coverage/Overloader.pm
Pod-Coverage-0.18/examples/
Pod-Coverage-0.18/examples/script-covered
Pod-Coverage-0.18/examples/check_installed
Pod-Coverage-0.18/META.yml
Pod-Coverage-0.18/bin/
Pod-Coverage-0.18/bin/pod_cover
Pod-Coverage-0.18/README
Pod-Coverage-0.18/Makefile.PL
Pod-Coverage-0.18/Build.PL

  CPAN.pm: Going to build R/RC/RCLAMP/Pod-Coverage-0.18.tar.gz

Checking if your kit is complete...
Looks good
Warning: prerequisite Devel::Symdump 2.01 not found.
Writing Makefile for Pod::Coverage
---- Unsatisfied dependencies detected during [R/RC/RCLAMP/Pod-Coverage-0.18.tar.gz] -----
    Devel::Symdump
Running make test
  Delayed until after prerequisites
Running make install
  Delayed until after prerequisites
Running install for module Devel::Symdump
Running make for A/AN/ANDK/Devel-Symdump-2.0604.tar.gz

Trying with "/usr/local/bin/wget -O -" to get
    http://www.perl.com/CPAN/authors/id/A/AN/ANDK/Devel-Symdump-2.0604.tar.gz
--11:19:12--  http://www.perl.com/CPAN/authors/id/A/AN/ANDK/Devel-Symdump-2.0604.tar.gz
           => `-'
Resolving www.perl.com... 208.201.239.36, 208.201.239.37
Connecting to www.perl.com|208.201.239.36|:80... connected.
HTTP request sent, awaiting response... 200 OK
Length: 14,900 (15K) [application/x-tar]

100%[==========================================================>] 14,900        61.02K/s             

11:19:12 (61.00 KB/s) - `-' saved [14900/14900]


Trying with "/usr/local/bin/wget -O -" to get
    http://www.perl.com/CPAN/authors/id/A/AN/ANDK/CHECKSUMS
--11:19:12--  http://www.perl.com/CPAN/authors/id/A/AN/ANDK/CHECKSUMS
           => `-'
Resolving www.perl.com... 208.201.239.36, 208.201.239.37
Connecting to www.perl.com|208.201.239.36|:80... connected.
HTTP request sent, awaiting response... 200 OK
Length: 21,341 (21K) [text/plain]

100%[==========================================================>] 21,341        56.23K/s             

11:19:13 (56.16 KB/s) - `-' saved [21341/21341]

Checksum for /Users/challing/.cpan/sources/authors/id/A/AN/ANDK/Devel-Symdump-2.0604.tar.gz ok
Devel-Symdump-2.0604/
Devel-Symdump-2.0604/t/
Devel-Symdump-2.0604/t/recur.t
Devel-Symdump-2.0604/t/export.t
Devel-Symdump-2.0604/t/tree.t
Devel-Symdump-2.0604/t/symdump.t
Devel-Symdump-2.0604/t/pod.t
Devel-Symdump-2.0604/t/autogen.t
Devel-Symdump-2.0604/t/diff.t
Devel-Symdump-2.0604/t/podcover.t
Devel-Symdump-2.0604/ChangeLog.svn
Devel-Symdump-2.0604/MANIFEST
Devel-Symdump-2.0604/ChangeLog
Devel-Symdump-2.0604/lib/
Devel-Symdump-2.0604/lib/Devel/
Devel-Symdump-2.0604/lib/Devel/Symdump.pm
Devel-Symdump-2.0604/lib/Devel/Symdump/
Devel-Symdump-2.0604/lib/Devel/Symdump/Export.pm
Devel-Symdump-2.0604/Makefile.PL
Devel-Symdump-2.0604/README
Devel-Symdump-2.0604/META.yml
Devel-Symdump-2.0604/SIGNATURE

  CPAN.pm: Going to build A/AN/ANDK/Devel-Symdump-2.0604.tar.gz

Checking if your kit is complete...
Looks good
Writing Makefile for Devel::Symdump
cp lib/Devel/Symdump.pm blib/lib/Devel/Symdump.pm
cp lib/Devel/Symdump/Export.pm blib/lib/Devel/Symdump/Export.pm
Manifying blib/man3/Devel::Symdump.3
  /usr/bin/make  -- OK
Running make test
PERL_DL_NONLAZY=1 /test/perl/bin/perl "-MExtUtils::Command::MM" "-e" "test_harness(0, 'blib/lib', 'blib/arch')" t/*.t
t/autogen.....ok                                                             
t/diff........ok                                                             
t/export......ok                                                             
t/pod.........ok                                                             
t/podcover....skipped
        all skipped: Test::Pod::Coverage required for testing pod coverage
t/recur.......ok                                                             
t/symdump.....ok                                                             
t/tree........ok                                                             
All tests successful, 1 test skipped.
Files=8, Tests=31,  1 wallclock secs ( 0.45 cusr +  0.17 csys =  0.62 CPU)
  /usr/bin/make test -- OK
Running make install
Installing /test/perl/lib/site_perl/5.8.8/Devel/Symdump.pm
Installing /test/perl/lib/site_perl/5.8.8/Devel/Symdump/Export.pm
Installing /test/perl/man/man3/Devel::Symdump.3
Writing /test/perl/lib/site_perl/5.8.8/darwin-2level/auto/Devel/Symdump/.packlist
Appending installation info to /test/perl/lib/5.8.8/darwin-2level/perllocal.pod
  /usr/bin/make install  -- OK
Running make for R/RC/RCLAMP/Pod-Coverage-0.18.tar.gz
  Is already unwrapped into directory /Users/challing/.cpan/build/Pod-Coverage-0.18

  CPAN.pm: Going to build R/RC/RCLAMP/Pod-Coverage-0.18.tar.gz

cp lib/Pod/Coverage.pm blib/lib/Pod/Coverage.pm
cp lib/Pod/Coverage/CountParents.pm blib/lib/Pod/Coverage/CountParents.pm
cp lib/Pod/Coverage/ExportOnly.pm blib/lib/Pod/Coverage/ExportOnly.pm
cp lib/Pod/Coverage/Overloader.pm blib/lib/Pod/Coverage/Overloader.pm
cp bin/pod_cover blib/script/pod_cover
/test/perl/bin/perl "-MExtUtils::MY" -e "MY->fixin(shift)" blib/script/pod_cover
Manifying blib/man3/Pod::Coverage::CountParents.3
Manifying blib/man3/Pod::Coverage.3
Manifying blib/man3/Pod::Coverage::ExportOnly.3
Manifying blib/man3/Pod::Coverage::Overloader.3
  /usr/bin/make  -- OK
Running make test
PERL_DL_NONLAZY=1 /test/perl/bin/perl "-MExtUtils::Command::MM" "-e" "test_harness(0, 'blib/lib', 'blib/arch')" t/*.t
t/01compile......ok                                                          
t/02simple.......ok                                                          
t/03import.......ok                                                          
t/04cvgv.........ok                                                          
t/05parentage....ok                                                          
t/06trustme......ok                                                          
t/07pod..........ok                                                          
t/08tie..........ok                                                          
All tests successful.
Files=8, Tests=68,  2 wallclock secs ( 1.18 cusr +  0.34 csys =  1.52 CPU)
  /usr/bin/make test -- OK
Running make install
Installing /test/perl/lib/site_perl/5.8.8/Pod/Coverage.pm
Installing /test/perl/lib/site_perl/5.8.8/Pod/Coverage/CountParents.pm
Installing /test/perl/lib/site_perl/5.8.8/Pod/Coverage/ExportOnly.pm
Installing /test/perl/lib/site_perl/5.8.8/Pod/Coverage/Overloader.pm
Installing /test/perl/man/man3/Pod::Coverage.3
Installing /test/perl/man/man3/Pod::Coverage::CountParents.3
Installing /test/perl/man/man3/Pod::Coverage::ExportOnly.3
Installing /test/perl/man/man3/Pod::Coverage::Overloader.3
Installing /test/perl/bin/pod_cover
Writing /test/perl/lib/site_perl/5.8.8/darwin-2level/auto/Pod/Coverage/.packlist
Appending installation info to /test/perl/lib/5.8.8/darwin-2level/perllocal.pod
  /usr/bin/make install  -- OK
Running make for P/PE/PETDANCE/Test-Pod-Coverage-1.08.tar.gz
  Is already unwrapped into directory /Users/challing/.cpan/build/Test-Pod-Coverage-1.08

  CPAN.pm: Going to build P/PE/PETDANCE/Test-Pod-Coverage-1.08.tar.gz

cp Coverage.pm blib/lib/Test/Pod/Coverage.pm
Manifying blib/man3/Test::Pod::Coverage.3
  /usr/bin/make  -- OK
Running make test
PERL_DL_NONLAZY=1 /test/perl/bin/perl "-MExtUtils::Command::MM" "-e" "test_harness(0, 'blib/lib', 'blib/arch')" t/*.t
t/00.load................ok 1/1# Testing Test::Pod::Coverage 1.08            
t/00.load................ok                                                  
t/all_modules............ok                                                  
t/all_pod_coverage_ok....ok                                                  
t/alt_class..............ok                                                  
t/nopod..................ok                                                  
t/nosymbols..............ok                                                  
t/parms..................ok                                                  
t/pod....................ok                                                  
t/privates...............ok                                                  
t/self...................ok                                                  
t/simple.................ok                                                  
All tests successful.
Files=11, Tests=23,  2 wallclock secs ( 1.54 cusr +  0.53 csys =  2.07 CPU)
  /usr/bin/make test -- OK
Running make install
Installing /test/perl/lib/site_perl/5.8.8/Test/Pod/Coverage.pm
Installing /test/perl/man/man3/Test::Pod::Coverage.3
Writing /test/perl/lib/site_perl/5.8.8/darwin-2level/auto/Test/Pod/Coverage/.packlist
Appending installation info to /test/perl/lib/5.8.8/darwin-2level/perllocal.pod
  /usr/bin/make install  -- OK

cpan> install Bundle::CPAN

Trying with "/usr/local/bin/wget -O -" to get
    http://www.perl.com/CPAN/authors/id/A/AN/ANDK/Bundle-CPAN-1.854.tar.gz
--11:23:16--  http://www.perl.com/CPAN/authors/id/A/AN/ANDK/Bundle-CPAN-1.854.tar.gz
           => `-'
Resolving www.perl.com... 208.201.239.36, 208.201.239.37
Connecting to www.perl.com|208.201.239.36|:80... connected.
HTTP request sent, awaiting response... 200 OK
Length: 4,544 (4.4K) [application/x-tar]

100%[==========================================================>] 4,544         --.--K/s             

11:23:16 (38.76 KB/s) - `-' saved [4544/4544]

Checksum for /Users/challing/.cpan/sources/authors/id/A/AN/ANDK/Bundle-CPAN-1.854.tar.gz ok
Bundle-CPAN-1.854/
Bundle-CPAN-1.854/MANIFEST
Bundle-CPAN-1.854/META.yml
Bundle-CPAN-1.854/MANIFEST.SKIP
Bundle-CPAN-1.854/CPANxxl.pm
Bundle-CPAN-1.854/CPAN.pm
Bundle-CPAN-1.854/t/
Bundle-CPAN-1.854/t/00signature.t
Bundle-CPAN-1.854/SIGNATURE
Bundle-CPAN-1.854/Makefile.PL
Running install for module ExtUtils::CBuilder
Running make for K/KW/KWILLIAMS/ExtUtils-CBuilder-0.18.tar.gz

Trying with "/usr/local/bin/wget -O -" to get
    http://www.perl.com/CPAN/authors/id/K/KW/KWILLIAMS/ExtUtils-CBuilder-0.18.tar.gz
--11:23:17--  http://www.perl.com/CPAN/authors/id/K/KW/KWILLIAMS/ExtUtils-CBuilder-0.18.tar.gz
           => `-'
Resolving www.perl.com... 208.201.239.36, 208.201.239.37
Connecting to www.perl.com|208.201.239.36|:80... connected.
HTTP request sent, awaiting response... 200 OK
Length: 17,532 (17K) [application/x-tar]

100%[==========================================================>] 17,532        35.60K/s             

11:23:17 (35.55 KB/s) - `-' saved [17532/17532]


Trying with "/usr/local/bin/wget -O -" to get
    http://www.perl.com/CPAN/authors/id/K/KW/KWILLIAMS/CHECKSUMS
--11:23:18--  http://www.perl.com/CPAN/authors/id/K/KW/KWILLIAMS/CHECKSUMS
           => `-'
Resolving www.perl.com... 208.201.239.36, 208.201.239.37
Connecting to www.perl.com|208.201.239.36|:80... connected.
HTTP request sent, awaiting response... 200 OK
Length: 49,425 (48K) [text/plain]

100%[==========================================================>] 49,425        85.51K/s             

11:23:18 (85.20 KB/s) - `-' saved [49425/49425]

Checksum for /Users/challing/.cpan/sources/authors/id/K/KW/KWILLIAMS/ExtUtils-CBuilder-0.18.tar.gz ok
ExtUtils-CBuilder-0.18/
ExtUtils-CBuilder-0.18/Build.PL
ExtUtils-CBuilder-0.18/Changes
ExtUtils-CBuilder-0.18/INSTALL
ExtUtils-CBuilder-0.18/lib/
ExtUtils-CBuilder-0.18/lib/ExtUtils/
ExtUtils-CBuilder-0.18/lib/ExtUtils/CBuilder/
ExtUtils-CBuilder-0.18/lib/ExtUtils/CBuilder/Base.pm
ExtUtils-CBuilder-0.18/lib/ExtUtils/CBuilder/Platform/
ExtUtils-CBuilder-0.18/lib/ExtUtils/CBuilder/Platform/aix.pm
ExtUtils-CBuilder-0.18/lib/ExtUtils/CBuilder/Platform/cygwin.pm
ExtUtils-CBuilder-0.18/lib/ExtUtils/CBuilder/Platform/darwin.pm
ExtUtils-CBuilder-0.18/lib/ExtUtils/CBuilder/Platform/os2.pm
ExtUtils-CBuilder-0.18/lib/ExtUtils/CBuilder/Platform/Unix.pm
ExtUtils-CBuilder-0.18/lib/ExtUtils/CBuilder/Platform/VMS.pm
ExtUtils-CBuilder-0.18/lib/ExtUtils/CBuilder/Platform/Windows.pm
ExtUtils-CBuilder-0.18/lib/ExtUtils/CBuilder.pm
ExtUtils-CBuilder-0.18/Makefile.PL
ExtUtils-CBuilder-0.18/MANIFEST
ExtUtils-CBuilder-0.18/META.yml
ExtUtils-CBuilder-0.18/SIGNATURE
ExtUtils-CBuilder-0.18/t/
ExtUtils-CBuilder-0.18/t/01-basic.t
ExtUtils-CBuilder-0.18/t/02-link.t

  CPAN.pm: Going to build K/KW/KWILLIAMS/ExtUtils-CBuilder-0.18.tar.gz

Checking if your kit is complete...
Looks good
Writing Makefile for ExtUtils::CBuilder
cp lib/ExtUtils/CBuilder.pm blib/lib/ExtUtils/CBuilder.pm
cp lib/ExtUtils/CBuilder/Platform/Windows.pm blib/lib/ExtUtils/CBuilder/Platform/Windows.pm
cp lib/ExtUtils/CBuilder/Platform/aix.pm blib/lib/ExtUtils/CBuilder/Platform/aix.pm
cp lib/ExtUtils/CBuilder/Platform/cygwin.pm blib/lib/ExtUtils/CBuilder/Platform/cygwin.pm
cp lib/ExtUtils/CBuilder/Platform/VMS.pm blib/lib/ExtUtils/CBuilder/Platform/VMS.pm
cp lib/ExtUtils/CBuilder/Platform/Unix.pm blib/lib/ExtUtils/CBuilder/Platform/Unix.pm
cp lib/ExtUtils/CBuilder/Platform/darwin.pm blib/lib/ExtUtils/CBuilder/Platform/darwin.pm
cp lib/ExtUtils/CBuilder/Platform/os2.pm blib/lib/ExtUtils/CBuilder/Platform/os2.pm
cp lib/ExtUtils/CBuilder/Base.pm blib/lib/ExtUtils/CBuilder/Base.pm
Manifying blib/man3/ExtUtils::CBuilder::Platform::Windows.3
Manifying blib/man3/ExtUtils::CBuilder.3
  /usr/bin/make  -- OK
Running make test
PERL_DL_NONLAZY=1 /test/perl/bin/perl "-MExtUtils::Command::MM" "-e" "test_harness(0, 'blib/lib', 'blib/arch')" t/*.t
t/01-basic....ok                                                             
t/02-link.....ok                                                             
All tests successful.
Files=2, Tests=16,  0 wallclock secs ( 0.42 cusr +  0.41 csys =  0.83 CPU)
  /usr/bin/make test -- OK
Running make install
Installing /test/perl/lib/site_perl/5.8.8/ExtUtils/CBuilder.pm
Installing /test/perl/lib/site_perl/5.8.8/ExtUtils/CBuilder/Base.pm
Installing /test/perl/lib/site_perl/5.8.8/ExtUtils/CBuilder/Platform/aix.pm
Installing /test/perl/lib/site_perl/5.8.8/ExtUtils/CBuilder/Platform/cygwin.pm
Installing /test/perl/lib/site_perl/5.8.8/ExtUtils/CBuilder/Platform/darwin.pm
Installing /test/perl/lib/site_perl/5.8.8/ExtUtils/CBuilder/Platform/os2.pm
Installing /test/perl/lib/site_perl/5.8.8/ExtUtils/CBuilder/Platform/Unix.pm
Installing /test/perl/lib/site_perl/5.8.8/ExtUtils/CBuilder/Platform/VMS.pm
Installing /test/perl/lib/site_perl/5.8.8/ExtUtils/CBuilder/Platform/Windows.pm
Installing /test/perl/man/man3/ExtUtils::CBuilder.3
Installing /test/perl/man/man3/ExtUtils::CBuilder::Platform::Windows.3
Writing /test/perl/lib/site_perl/5.8.8/darwin-2level/auto/ExtUtils/CBuilder/.packlist
Appending installation info to /test/perl/lib/5.8.8/darwin-2level/perllocal.pod
  /usr/bin/make install  -- OK
Running install for module Module::Build
Running make for K/KW/KWILLIAMS/Module-Build-0.2805.tar.gz

Trying with "/usr/local/bin/wget -O -" to get
    http://www.perl.com/CPAN/authors/id/K/KW/KWILLIAMS/Module-Build-0.2805.tar.gz
--11:23:23--  http://www.perl.com/CPAN/authors/id/K/KW/KWILLIAMS/Module-Build-0.2805.tar.gz
           => `-'
Resolving www.perl.com... 208.201.239.36, 208.201.239.37
Connecting to www.perl.com|208.201.239.36|:80... connected.
HTTP request sent, awaiting response... 200 OK
Length: 185,749 (181K) [application/x-tar]

100%[==========================================================>] 185,749      135.96K/s             

11:23:25 (135.61 KB/s) - `-' saved [185749/185749]

Checksum for /Users/challing/.cpan/sources/authors/id/K/KW/KWILLIAMS/Module-Build-0.2805.tar.gz ok
Module-Build-0.2805/
Module-Build-0.2805/Build.PL
Module-Build-0.2805/Changes
Module-Build-0.2805/INSTALL
Module-Build-0.2805/lib/
Module-Build-0.2805/lib/Module/
Module-Build-0.2805/lib/Module/Build/
Module-Build-0.2805/lib/Module/Build/API.pod
Module-Build-0.2805/lib/Module/Build/Authoring.pod
Module-Build-0.2805/lib/Module/Build/Base.pm
Module-Build-0.2805/lib/Module/Build/Compat.pm
Module-Build-0.2805/lib/Module/Build/Cookbook.pm
Module-Build-0.2805/lib/Module/Build/ModuleInfo.pm
Module-Build-0.2805/lib/Module/Build/Notes.pm
Module-Build-0.2805/lib/Module/Build/Platform/
Module-Build-0.2805/lib/Module/Build/Platform/aix.pm
Module-Build-0.2805/lib/Module/Build/Platform/Amiga.pm
Module-Build-0.2805/lib/Module/Build/Platform/cygwin.pm
Module-Build-0.2805/lib/Module/Build/Platform/darwin.pm
Module-Build-0.2805/lib/Module/Build/Platform/Default.pm
Module-Build-0.2805/lib/Module/Build/Platform/EBCDIC.pm
Module-Build-0.2805/lib/Module/Build/Platform/MacOS.pm
Module-Build-0.2805/lib/Module/Build/Platform/MPEiX.pm
Module-Build-0.2805/lib/Module/Build/Platform/os2.pm
Module-Build-0.2805/lib/Module/Build/Platform/RiscOS.pm
Module-Build-0.2805/lib/Module/Build/Platform/Unix.pm
Module-Build-0.2805/lib/Module/Build/Platform/VMS.pm
Module-Build-0.2805/lib/Module/Build/Platform/VOS.pm
Module-Build-0.2805/lib/Module/Build/Platform/Windows.pm
Module-Build-0.2805/lib/Module/Build/PodParser.pm
Module-Build-0.2805/lib/Module/Build/PPMMaker.pm
Module-Build-0.2805/lib/Module/Build/Version.pm
Module-Build-0.2805/lib/Module/Build/YAML.pm
Module-Build-0.2805/lib/Module/Build.pm
Module-Build-0.2805/Makefile.PL
Module-Build-0.2805/MANIFEST
Module-Build-0.2805/META.yml
Module-Build-0.2805/README
Module-Build-0.2805/scripts/
Module-Build-0.2805/scripts/config_data
Module-Build-0.2805/SIGNATURE
Module-Build-0.2805/t/
Module-Build-0.2805/t/basic.t
Module-Build-0.2805/t/bundled/
Module-Build-0.2805/t/bundled/Test/
Module-Build-0.2805/t/bundled/Test/Builder.pm
Module-Build-0.2805/t/bundled/Test/More.pm
Module-Build-0.2805/t/bundled/Test/Simple.pm
Module-Build-0.2805/t/bundled/Tie/
Module-Build-0.2805/t/bundled/Tie/CPHash.pm
Module-Build-0.2805/t/compat.t
Module-Build-0.2805/t/destinations.t
Module-Build-0.2805/t/ext.t
Module-Build-0.2805/t/extend.t
Module-Build-0.2805/t/files.t
Module-Build-0.2805/t/install.t
Module-Build-0.2805/t/lib/
Module-Build-0.2805/t/lib/DistGen.pm
Module-Build-0.2805/t/lib/MBTest.pm
Module-Build-0.2805/t/manifypods.t
Module-Build-0.2805/t/mbyaml.t
Module-Build-0.2805/t/metadata.t
Module-Build-0.2805/t/metadata2.t
Module-Build-0.2805/t/moduleinfo.t
Module-Build-0.2805/t/notes.t
Module-Build-0.2805/t/parents.t
Module-Build-0.2805/t/pod_parser.t
Module-Build-0.2805/t/ppm.t
Module-Build-0.2805/t/runthrough.t
Module-Build-0.2805/t/signature.t
Module-Build-0.2805/t/tilde.t
Module-Build-0.2805/t/versions.t
Module-Build-0.2805/t/xs.t

  CPAN.pm: Going to build K/KW/KWILLIAMS/Module-Build-0.2805.tar.gz

# running Build.PL 
/test/perl/bin/perl Build.PL
Checking whether your kit is complete...
Looks good

Checking prerequisites...
 * Optional prerequisite Module::Signature is not installed
 * Optional prerequisite ExtUtils::ParseXS is not installed
 * Optional prerequisite version is not installed
 * Optional prerequisite Archive::Tar is not installed
 * Optional prerequisite Pod::Readme is not installed

ERRORS/WARNINGS FOUND IN PREREQUISITES.  You may wish to install the versions
of the modules indicated above before proceeding with this installation

Checking features:
  manpage_support....enabled
  YAML_support.......disabled
    - YAML is not installed
  C_support..........enabled
    * Optional prerequisite ExtUtils::ParseXS is not installed
  HTML_support.......enabled

Creating new 'Build' script for 'Module-Build' version '0.2805'
/test/perl/bin/perl Build --makefile_env_macros 1
lib/Module/Build/Version.pm -> blib/lib/Module/Build/Version.pm
lib/Module/Build/Platform/darwin.pm -> blib/lib/Module/Build/Platform/darwin.pm
lib/Module/Build/Platform/MacOS.pm -> blib/lib/Module/Build/Platform/MacOS.pm
lib/Module/Build/Notes.pm -> blib/lib/Module/Build/Notes.pm
lib/Module/Build/Compat.pm -> blib/lib/Module/Build/Compat.pm
lib/Module/Build/Platform/RiscOS.pm -> blib/lib/Module/Build/Platform/RiscOS.pm
lib/Module/Build/PodParser.pm -> blib/lib/Module/Build/PodParser.pm
lib/Module/Build/Platform/VOS.pm -> blib/lib/Module/Build/Platform/VOS.pm
lib/Module/Build/Platform/Windows.pm -> blib/lib/Module/Build/Platform/Windows.pm
lib/Module/Build/Platform/Unix.pm -> blib/lib/Module/Build/Platform/Unix.pm
lib/Module/Build/ModuleInfo.pm -> blib/lib/Module/Build/ModuleInfo.pm
lib/Module/Build/Platform/Amiga.pm -> blib/lib/Module/Build/Platform/Amiga.pm
lib/Module/Build/Platform/os2.pm -> blib/lib/Module/Build/Platform/os2.pm
lib/Module/Build/Base.pm -> blib/lib/Module/Build/Base.pm
lib/Module/Build/Platform/VMS.pm -> blib/lib/Module/Build/Platform/VMS.pm
lib/Module/Build/Platform/MPEiX.pm -> blib/lib/Module/Build/Platform/MPEiX.pm
lib/Module/Build/Platform/cygwin.pm -> blib/lib/Module/Build/Platform/cygwin.pm
lib/Module/Build/Platform/EBCDIC.pm -> blib/lib/Module/Build/Platform/EBCDIC.pm
lib/Module/Build.pm -> blib/lib/Module/Build.pm
lib/Module/Build/PPMMaker.pm -> blib/lib/Module/Build/PPMMaker.pm
lib/Module/Build/Platform/aix.pm -> blib/lib/Module/Build/Platform/aix.pm
lib/Module/Build/Cookbook.pm -> blib/lib/Module/Build/Cookbook.pm
lib/Module/Build/Platform/Default.pm -> blib/lib/Module/Build/Platform/Default.pm
lib/Module/Build/YAML.pm -> blib/lib/Module/Build/YAML.pm
lib/Module/Build/Authoring.pod -> blib/lib/Module/Build/Authoring.pod
lib/Module/Build/API.pod -> blib/lib/Module/Build/API.pod
scripts/config_data -> blib/script/config_data
Writing config notes to blib/lib/Module/Build/ConfigData.pm
Manifying blib/script/config_data -> blib/bindoc/config_data.1
Manifying blib/lib/Module/Build/Platform/Unix.pm -> blib/libdoc/Module::Build::Platform::Unix.3
Manifying blib/lib/Module/Build/Platform/EBCDIC.pm -> blib/libdoc/Module::Build::Platform::EBCDIC.3
Manifying blib/lib/Module/Build/Platform/MacOS.pm -> blib/libdoc/Module::Build::Platform::MacOS.3
Manifying blib/lib/Module/Build.pm -> blib/libdoc/Module::Build.3
Manifying blib/lib/Module/Build/Platform/Amiga.pm -> blib/libdoc/Module::Build::Platform::Amiga.3
Manifying blib/lib/Module/Build/ConfigData.pm -> blib/libdoc/Module::Build::ConfigData.3
Manifying blib/lib/Module/Build/Notes.pm -> blib/libdoc/Module::Build::Notes.3
Manifying blib/lib/Module/Build/Platform/cygwin.pm -> blib/libdoc/Module::Build::Platform::cygwin.3
Manifying blib/lib/Module/Build/ModuleInfo.pm -> blib/libdoc/Module::Build::ModuleInfo.3
Manifying blib/lib/Module/Build/YAML.pm -> blib/libdoc/Module::Build::YAML.3
Manifying blib/lib/Module/Build/Platform/Windows.pm -> blib/libdoc/Module::Build::Platform::Windows.3
Manifying blib/lib/Module/Build/Platform/MPEiX.pm -> blib/libdoc/Module::Build::Platform::MPEiX.3
Manifying blib/lib/Module/Build/PPMMaker.pm -> blib/libdoc/Module::Build::PPMMaker.3
Manifying blib/lib/Module/Build/Platform/VOS.pm -> blib/libdoc/Module::Build::Platform::VOS.3
Manifying blib/lib/Module/Build/Platform/RiscOS.pm -> blib/libdoc/Module::Build::Platform::RiscOS.3
Manifying blib/lib/Module/Build/API.pod -> blib/libdoc/Module::Build::API.3
Manifying blib/lib/Module/Build/Platform/Default.pm -> blib/libdoc/Module::Build::Platform::Default.3
Manifying blib/lib/Module/Build/Cookbook.pm -> blib/libdoc/Module::Build::Cookbook.3
Manifying blib/lib/Module/Build/Platform/aix.pm -> blib/libdoc/Module::Build::Platform::aix.3
Manifying blib/lib/Module/Build/Platform/darwin.pm -> blib/libdoc/Module::Build::Platform::darwin.3
Manifying blib/lib/Module/Build/Platform/os2.pm -> blib/libdoc/Module::Build::Platform::os2.3
Manifying blib/lib/Module/Build/Platform/VMS.pm -> blib/libdoc/Module::Build::Platform::VMS.3
Manifying blib/lib/Module/Build/Base.pm -> blib/libdoc/Module::Build::Base.3
Manifying blib/lib/Module/Build/Authoring.pod -> blib/libdoc/Module::Build::Authoring.3
Manifying blib/lib/Module/Build/Compat.pm -> blib/libdoc/Module::Build::Compat.3
  /usr/bin/make  -- OK
Running make test
/test/perl/bin/perl Build --makefile_env_macros 1 test
t/basic...........ok                                                         
t/compat..........ok                                                         
t/destinations....ok                                                         
        8/113 skipped: various reasons
t/ext.............ok                                                         
t/extend..........ok                                                         
t/files...........ok                                                         
t/install.........ok                                                         
t/manifypods......ok                                                         
t/mbyaml..........ok                                                         
t/metadata........ok                                                         
        8/43 skipped: YAML_support feature is not enabled
t/metadata2.......ok                                                         
        4/18 skipped: YAML_support feature is not enabled
t/moduleinfo......ok                                                         
t/notes...........ok                                                         
t/parents.........ok                                                         
t/pod_parser......ok                                                         
t/ppm.............skipped
        all skipped: Archive::Tar not installed to read archives.
t/runthrough......ok                                                         
        11/32 skipped: various reasons
t/signature.......skipped
        all skipped: $ENV{TEST_SIGNATURE} is not set
t/tilde...........ok                                                         
t/versions........ok                                                         
t/xs..............ok                                                         
All tests successful, 2 tests and 31 subtests skipped.
Files=21, Tests=701, 65 wallclock secs (35.53 cusr + 21.21 csys = 56.74 CPU)
  /usr/bin/make test -- OK
Running make install
/test/perl/bin/perl Build --makefile_env_macros 1 install
Installing /test/perl/man/man1/config_data.1
Installing /test/perl/lib/site_perl/5.8.8/Module/Build.pm
Installing /test/perl/lib/site_perl/5.8.8/Module/Build/API.pod
Installing /test/perl/lib/site_perl/5.8.8/Module/Build/Authoring.pod
Installing /test/perl/lib/site_perl/5.8.8/Module/Build/Base.pm
Installing /test/perl/lib/site_perl/5.8.8/Module/Build/Compat.pm
Installing /test/perl/lib/site_perl/5.8.8/Module/Build/ConfigData.pm
Installing /test/perl/lib/site_perl/5.8.8/Module/Build/Cookbook.pm
Installing /test/perl/lib/site_perl/5.8.8/Module/Build/ModuleInfo.pm
Installing /test/perl/lib/site_perl/5.8.8/Module/Build/Notes.pm
Installing /test/perl/lib/site_perl/5.8.8/Module/Build/PodParser.pm
Installing /test/perl/lib/site_perl/5.8.8/Module/Build/PPMMaker.pm
Installing /test/perl/lib/site_perl/5.8.8/Module/Build/Version.pm
Installing /test/perl/lib/site_perl/5.8.8/Module/Build/YAML.pm
Installing /test/perl/lib/site_perl/5.8.8/Module/Build/Platform/aix.pm
Installing /test/perl/lib/site_perl/5.8.8/Module/Build/Platform/Amiga.pm
Installing /test/perl/lib/site_perl/5.8.8/Module/Build/Platform/cygwin.pm
Installing /test/perl/lib/site_perl/5.8.8/Module/Build/Platform/darwin.pm
Installing /test/perl/lib/site_perl/5.8.8/Module/Build/Platform/Default.pm
Installing /test/perl/lib/site_perl/5.8.8/Module/Build/Platform/EBCDIC.pm
Installing /test/perl/lib/site_perl/5.8.8/Module/Build/Platform/MacOS.pm
Installing /test/perl/lib/site_perl/5.8.8/Module/Build/Platform/MPEiX.pm
Installing /test/perl/lib/site_perl/5.8.8/Module/Build/Platform/os2.pm
Installing /test/perl/lib/site_perl/5.8.8/Module/Build/Platform/RiscOS.pm
Installing /test/perl/lib/site_perl/5.8.8/Module/Build/Platform/Unix.pm
Installing /test/perl/lib/site_perl/5.8.8/Module/Build/Platform/VMS.pm
Installing /test/perl/lib/site_perl/5.8.8/Module/Build/Platform/VOS.pm
Installing /test/perl/lib/site_perl/5.8.8/Module/Build/Platform/Windows.pm
Installing /test/perl/man/man3/Module::Build.3
Installing /test/perl/man/man3/Module::Build::API.3
Installing /test/perl/man/man3/Module::Build::Authoring.3
Installing /test/perl/man/man3/Module::Build::Base.3
Installing /test/perl/man/man3/Module::Build::Compat.3
Installing /test/perl/man/man3/Module::Build::ConfigData.3
Installing /test/perl/man/man3/Module::Build::Cookbook.3
Installing /test/perl/man/man3/Module::Build::ModuleInfo.3
Installing /test/perl/man/man3/Module::Build::Notes.3
Installing /test/perl/man/man3/Module::Build::Platform::aix.3
Installing /test/perl/man/man3/Module::Build::Platform::Amiga.3
Installing /test/perl/man/man3/Module::Build::Platform::cygwin.3
Installing /test/perl/man/man3/Module::Build::Platform::darwin.3
Installing /test/perl/man/man3/Module::Build::Platform::Default.3
Installing /test/perl/man/man3/Module::Build::Platform::EBCDIC.3
Installing /test/perl/man/man3/Module::Build::Platform::MacOS.3
Installing /test/perl/man/man3/Module::Build::Platform::MPEiX.3
Installing /test/perl/man/man3/Module::Build::Platform::os2.3
Installing /test/perl/man/man3/Module::Build::Platform::RiscOS.3
Installing /test/perl/man/man3/Module::Build::Platform::Unix.3
Installing /test/perl/man/man3/Module::Build::Platform::VMS.3
Installing /test/perl/man/man3/Module::Build::Platform::VOS.3
Installing /test/perl/man/man3/Module::Build::Platform::Windows.3
Installing /test/perl/man/man3/Module::Build::PPMMaker.3
Installing /test/perl/man/man3/Module::Build::YAML.3
Installing /test/perl/bin/config_data
Writing /test/perl/lib/site_perl/5.8.8/darwin-2level/auto/Module/Build/.packlist
  /usr/bin/make install  -- OK
Running install for module File::Spec
Running make for K/KW/KWILLIAMS/PathTools-3.24.tar.gz

Trying with "/usr/local/bin/wget -O -" to get
    http://www.perl.com/CPAN/authors/id/K/KW/KWILLIAMS/PathTools-3.24.tar.gz
--11:24:40--  http://www.perl.com/CPAN/authors/id/K/KW/KWILLIAMS/PathTools-3.24.tar.gz
           => `-'
Resolving www.perl.com... 208.201.239.36, 208.201.239.37
Connecting to www.perl.com|208.201.239.36|:80... connected.
HTTP request sent, awaiting response... 200 OK
Length: 116,496 (114K) [application/x-tar]

100%[==========================================================>] 116,496      113.16K/s             

11:24:41 (112.89 KB/s) - `-' saved [116496/116496]

Checksum for /Users/challing/.cpan/sources/authors/id/K/KW/KWILLIAMS/PathTools-3.24.tar.gz ok
PathTools-3.24/
PathTools-3.24/Build.PL
PathTools-3.24/Changes
PathTools-3.24/Cwd.pm
PathTools-3.24/Cwd.xs
PathTools-3.24/INSTALL
PathTools-3.24/lib/
PathTools-3.24/lib/File/
PathTools-3.24/lib/File/Spec/
PathTools-3.24/lib/File/Spec/Cygwin.pm
PathTools-3.24/lib/File/Spec/Epoc.pm
PathTools-3.24/lib/File/Spec/Functions.pm
PathTools-3.24/lib/File/Spec/Mac.pm
PathTools-3.24/lib/File/Spec/OS2.pm
PathTools-3.24/lib/File/Spec/Unix.pm
PathTools-3.24/lib/File/Spec/VMS.pm
PathTools-3.24/lib/File/Spec/Win32.pm
PathTools-3.24/lib/File/Spec.pm
PathTools-3.24/Makefile.PL
PathTools-3.24/MANIFEST
PathTools-3.24/META.yml
PathTools-3.24/ppport.h
PathTools-3.24/SIGNATURE
PathTools-3.24/t/
PathTools-3.24/t/crossplatform.t
PathTools-3.24/t/cwd.t
PathTools-3.24/t/Functions.t
PathTools-3.24/t/lib/
PathTools-3.24/t/lib/Test/
PathTools-3.24/t/lib/Test/Builder.pm
PathTools-3.24/t/lib/Test/More.pm
PathTools-3.24/t/lib/Test/Simple.pm
PathTools-3.24/t/lib/Test/Tutorial.pod
PathTools-3.24/t/rel2abs2rel.t
PathTools-3.24/t/Spec.t
PathTools-3.24/t/taint.t
PathTools-3.24/t/tmpdir.t
PathTools-3.24/t/win32.t

  CPAN.pm: Going to build K/KW/KWILLIAMS/PathTools-3.24.tar.gz

Checking if your kit is complete...
Looks good
Writing Makefile for Cwd
cp lib/File/Spec/Mac.pm blib/lib/File/Spec/Mac.pm
cp lib/File/Spec/OS2.pm blib/lib/File/Spec/OS2.pm
cp lib/File/Spec/VMS.pm blib/lib/File/Spec/VMS.pm
cp lib/File/Spec/Cygwin.pm blib/lib/File/Spec/Cygwin.pm
cp lib/File/Spec/Epoc.pm blib/lib/File/Spec/Epoc.pm
cp lib/File/Spec/Functions.pm blib/lib/File/Spec/Functions.pm
cp lib/File/Spec.pm blib/lib/File/Spec.pm
cp Cwd.pm blib/lib/Cwd.pm
cp lib/File/Spec/Unix.pm blib/lib/File/Spec/Unix.pm
cp lib/File/Spec/Win32.pm blib/lib/File/Spec/Win32.pm
/test/perl/bin/perl /test/perl/lib/5.8.8/ExtUtils/xsubpp  -typemap /test/perl/lib/5.8.8/ExtUtils/typemap  Cwd.xs > Cwd.xsc && mv Cwd.xsc Cwd.c
gcc -c   -fno-common -DPERL_DARWIN -no-cpp-precomp -fno-strict-aliasing -pipe -Wdeclaration-after-statement -I/usr/local/include -I/opt/local/include -O3   -DVERSION=\"3.24\" -DXS_VERSION=\"3.24\"  "-I/test/perl/lib/5.8.8/darwin-2level/CORE"   Cwd.c
In file included from Cwd.xs:5:
ppport.h:3042:1: warning: "PERL_UNUSED_DECL" redefined
In file included from Cwd.xs:2:
/test/perl/lib/5.8.8/darwin-2level/CORE/perl.h:163:1: warning: this is the location of the previous definition
Running Mkbootstrap for Cwd ()
chmod 644 Cwd.bs
rm -f blib/arch/auto/Cwd/Cwd.bundle
env MACOSX_DEPLOYMENT_TARGET=10.3 cc  -bundle -undefined dynamic_lookup -L/usr/local/lib -L/opt/local/lib Cwd.o  -o blib/arch/auto/Cwd/Cwd.bundle     \
        \
  
chmod 755 blib/arch/auto/Cwd/Cwd.bundle
cp Cwd.bs blib/arch/auto/Cwd/Cwd.bs
chmod 644 blib/arch/auto/Cwd/Cwd.bs
Manifying blib/man3/File::Spec::OS2.3
Manifying blib/man3/File::Spec::Mac.3
Manifying blib/man3/File::Spec::VMS.3
Manifying blib/man3/File::Spec::Functions.3
Manifying blib/man3/File::Spec::Epoc.3
Manifying blib/man3/File::Spec::Cygwin.3
Manifying blib/man3/File::Spec.3
Manifying blib/man3/Cwd.3
Manifying blib/man3/File::Spec::Unix.3
Manifying blib/man3/File::Spec::Win32.3
  /usr/bin/make  -- OK
Running make test
PERL_DL_NONLAZY=1 /test/perl/bin/perl "-MExtUtils::Command::MM" "-e" "test_harness(0, 'blib/lib', 'blib/arch')" t/*.t
t/crossplatform....ok                                                        
        7/50 skipped: Can't load File::Spec::VMS
t/cwd..............ok                                                        
t/Functions........ok                                                        
t/rel2abs2rel......ok                                                        
t/Spec.............ok                                                        
        90/491 skipped: various reasons
t/taint............ok                                                        
t/tmpdir...........ok                                                        
t/win32............skipped
        all skipped: this is not win32
All tests successful, 1 test and 97 subtests skipped.
Files=8, Tests=602,  1 wallclock secs ( 0.68 cusr +  0.39 csys =  1.07 CPU)
  /usr/bin/make test -- OK
Running make install
Installing /test/perl/lib/5.8.8/darwin-2level/auto/Cwd/Cwd.bundle
Files found in blib/arch: installing files in blib/lib into architecture dependent library tree
Installing /test/perl/lib/5.8.8/darwin-2level/Cwd.pm
Installing /test/perl/lib/5.8.8/darwin-2level/File/Spec.pm
Installing /test/perl/lib/5.8.8/darwin-2level/File/Spec/Cygwin.pm
Installing /test/perl/lib/5.8.8/darwin-2level/File/Spec/Epoc.pm
Installing /test/perl/lib/5.8.8/darwin-2level/File/Spec/Functions.pm
Installing /test/perl/lib/5.8.8/darwin-2level/File/Spec/Mac.pm
Installing /test/perl/lib/5.8.8/darwin-2level/File/Spec/OS2.pm
Installing /test/perl/lib/5.8.8/darwin-2level/File/Spec/Unix.pm
Installing /test/perl/lib/5.8.8/darwin-2level/File/Spec/VMS.pm
Installing /test/perl/lib/5.8.8/darwin-2level/File/Spec/Win32.pm
Installing /test/perl/man/man3/Cwd.3
Installing /test/perl/man/man3/File::Spec.3
Installing /test/perl/man/man3/File::Spec::Cygwin.3
Installing /test/perl/man/man3/File::Spec::Epoc.3
Installing /test/perl/man/man3/File::Spec::Functions.3
Installing /test/perl/man/man3/File::Spec::Mac.3
Installing /test/perl/man/man3/File::Spec::OS2.3
Installing /test/perl/man/man3/File::Spec::Unix.3
Installing /test/perl/man/man3/File::Spec::VMS.3
Installing /test/perl/man/man3/File::Spec::Win32.3
Writing /test/perl/lib/5.8.8/darwin-2level/auto/Cwd/.packlist
Appending installation info to /test/perl/lib/5.8.8/darwin-2level/perllocal.pod
  /usr/bin/make install  -- OK
Running install for module File::Temp
Running make for T/TJ/TJENNESS/File-Temp-0.17.tar.gz

Trying with "/usr/local/bin/wget -O -" to get
    http://www.perl.com/CPAN/authors/id/T/TJ/TJENNESS/File-Temp-0.17.tar.gz
--11:24:47--  http://www.perl.com/CPAN/authors/id/T/TJ/TJENNESS/File-Temp-0.17.tar.gz
           => `-'
Resolving www.perl.com... 208.201.239.36, 208.201.239.37
Connecting to www.perl.com|208.201.239.36|:80... connected.
HTTP request sent, awaiting response... 200 OK
Length: 33,174 (32K) [application/x-tar]

100%[==========================================================>] 33,174        66.85K/s             

11:24:48 (66.70 KB/s) - `-' saved [33174/33174]


Trying with "/usr/local/bin/wget -O -" to get
    http://www.perl.com/CPAN/authors/id/T/TJ/TJENNESS/CHECKSUMS
--11:24:48--  http://www.perl.com/CPAN/authors/id/T/TJ/TJENNESS/CHECKSUMS
           => `-'
Resolving www.perl.com... 208.201.239.36, 208.201.239.37
Connecting to www.perl.com|208.201.239.36|:80... connected.
HTTP request sent, awaiting response... 200 OK
Length: 10,288 (10K) [text/plain]

100%[==========================================================>] 10,288        64.40K/s             

11:24:49 (64.05 KB/s) - `-' saved [10288/10288]

Checksum for /Users/challing/.cpan/sources/authors/id/T/TJ/TJENNESS/File-Temp-0.17.tar.gz ok
File-Temp-0.17/
File-Temp-0.17/ChangeLog
File-Temp-0.17/Makefile.PL
File-Temp-0.17/MANIFEST
File-Temp-0.17/META.yml
File-Temp-0.17/misc/
File-Temp-0.17/misc/benchmark.pl
File-Temp-0.17/misc/results.txt
File-Temp-0.17/README
File-Temp-0.17/t/
File-Temp-0.17/t/mktemp.t
File-Temp-0.17/t/object.t
File-Temp-0.17/t/posix.t
File-Temp-0.17/t/security.t
File-Temp-0.17/t/seekable.t
File-Temp-0.17/t/tempfile.t
File-Temp-0.17/Temp.pm

  CPAN.pm: Going to build T/TJ/TJENNESS/File-Temp-0.17.tar.gz

Checking if your kit is complete...
Looks good
Writing Makefile for File::Temp
cp Temp.pm blib/lib/File/Temp.pm
Manifying blib/man3/File::Temp.3
  /usr/bin/make  -- OK
Running make test
PERL_DL_NONLAZY=1 /test/perl/bin/perl "-MExtUtils::Command::MM" "-e" "test_harness(0, 'blib/lib', 'blib/arch')" t/*.t
t/mktemp......ok                                                             
t/object......ok                                                             
t/posix.......ok                                                             
t/security....ok                                                             
        3/13 skipped: Test inappropriate for root
t/seekable....ok                                                             
t/tempfile....ok                                                             
All tests successful, 3 subtests skipped.
Files=6, Tests=84,  1 wallclock secs ( 0.59 cusr +  0.21 csys =  0.80 CPU)
  /usr/bin/make test -- OK
Running make install
Installing /test/perl/lib/5.8.8/File/Temp.pm
Installing /test/perl/man/man3/File::Temp.3
Writing /test/perl/lib/5.8.8/darwin-2level/auto/File/Temp/.packlist
Appending installation info to /test/perl/lib/5.8.8/darwin-2level/perllocal.pod
  /usr/bin/make install  -- OK
Scalar::Util is up to date.
Running install for module Test::Harness
Running make for P/PE/PETDANCE/Test-Harness-2.64.tar.gz

Trying with "/usr/local/bin/wget -O -" to get
    http://www.perl.com/CPAN/authors/id/P/PE/PETDANCE/Test-Harness-2.64.tar.gz
--11:24:52--  http://www.perl.com/CPAN/authors/id/P/PE/PETDANCE/Test-Harness-2.64.tar.gz
           => `-'
Resolving www.perl.com... 208.201.239.36, 208.201.239.37
Connecting to www.perl.com|208.201.239.36|:80... connected.
HTTP request sent, awaiting response... 200 OK
Length: 71,157 (69K) [application/x-tar]

100%[==========================================================>] 71,157        99.04K/s             

11:24:53 (98.71 KB/s) - `-' saved [71157/71157]

Checksum for /Users/challing/.cpan/sources/authors/id/P/PE/PETDANCE/Test-Harness-2.64.tar.gz ok
Test-Harness-2.64/
Test-Harness-2.64/t/
Test-Harness-2.64/t/strap-analyze.t
Test-Harness-2.64/t/sample-tests/
Test-Harness-2.64/t/sample-tests/no_nums
Test-Harness-2.64/t/sample-tests/taint
Test-Harness-2.64/t/sample-tests/bignum
Test-Harness-2.64/t/sample-tests/todo_inline
Test-Harness-2.64/t/sample-tests/head_fail
Test-Harness-2.64/t/sample-tests/simple
Test-Harness-2.64/t/sample-tests/segfault
Test-Harness-2.64/t/sample-tests/bailout
Test-Harness-2.64/t/sample-tests/bignum_many
Test-Harness-2.64/t/sample-tests/inc_taint
Test-Harness-2.64/t/sample-tests/taint_warn
Test-Harness-2.64/t/sample-tests/die_head_end
Test-Harness-2.64/t/sample-tests/todo
Test-Harness-2.64/t/sample-tests/skip_nomsg
Test-Harness-2.64/t/sample-tests/head_end
Test-Harness-2.64/t/sample-tests/out_of_order
Test-Harness-2.64/t/sample-tests/duplicates
Test-Harness-2.64/t/sample-tests/shbang_misparse
Test-Harness-2.64/t/sample-tests/skipall_nomsg
Test-Harness-2.64/t/sample-tests/skip
Test-Harness-2.64/t/sample-tests/switches
Test-Harness-2.64/t/sample-tests/die
Test-Harness-2.64/t/sample-tests/too_many
Test-Harness-2.64/t/sample-tests/no_output
Test-Harness-2.64/t/sample-tests/descriptive
Test-Harness-2.64/t/sample-tests/vms_nit
Test-Harness-2.64/t/sample-tests/skipall
Test-Harness-2.64/t/sample-tests/die_last_minute
Test-Harness-2.64/t/sample-tests/lone_not_bug
Test-Harness-2.64/t/sample-tests/with_comments
Test-Harness-2.64/t/sample-tests/simple_fail
Test-Harness-2.64/t/sample-tests/combined
Test-Harness-2.64/t/inc_taint.t
Test-Harness-2.64/t/prove-switches.t
Test-Harness-2.64/t/lib/
Test-Harness-2.64/t/lib/Test/
Test-Harness-2.64/t/lib/Test/Simple.pm
Test-Harness-2.64/t/lib/Test/Builder.pm
Test-Harness-2.64/t/lib/Test/More.pm
Test-Harness-2.64/t/lib/if.pm
Test-Harness-2.64/t/lib/Dev/
Test-Harness-2.64/t/lib/Dev/Null.pm
Test-Harness-2.64/t/from_line.t
Test-Harness-2.64/t/callback.t
Test-Harness-2.64/t/pod.t
Test-Harness-2.64/t/assert.t
Test-Harness-2.64/t/strap.t
Test-Harness-2.64/t/test-harness.t
Test-Harness-2.64/t/point-parse.t
Test-Harness-2.64/t/prove-globbing.t
Test-Harness-2.64/t/point.t
Test-Harness-2.64/t/00compile.t
Test-Harness-2.64/t/ok.t
Test-Harness-2.64/t/failure.t
Test-Harness-2.64/t/nonumbers.t
Test-Harness-2.64/t/harness.t
Test-Harness-2.64/t/version.t
Test-Harness-2.64/t/base.t
Test-Harness-2.64/Changes
Test-Harness-2.64/MANIFEST
Test-Harness-2.64/lib/
Test-Harness-2.64/lib/Test/
Test-Harness-2.64/lib/Test/Harness/
Test-Harness-2.64/lib/Test/Harness/Point.pm
Test-Harness-2.64/lib/Test/Harness/Straps.pm
Test-Harness-2.64/lib/Test/Harness/Iterator.pm
Test-Harness-2.64/lib/Test/Harness/TAP.pod
Test-Harness-2.64/lib/Test/Harness/Util.pm
Test-Harness-2.64/lib/Test/Harness/Results.pm
Test-Harness-2.64/lib/Test/Harness/Assert.pm
Test-Harness-2.64/lib/Test/Harness.pm
Test-Harness-2.64/NOTES
Test-Harness-2.64/META.yml
Test-Harness-2.64/examples/
Test-Harness-2.64/examples/mini_harness.plx
Test-Harness-2.64/bin/
Test-Harness-2.64/bin/prove
Test-Harness-2.64/Makefile.PL

  CPAN.pm: Going to build P/PE/PETDANCE/Test-Harness-2.64.tar.gz

Checking if your kit is complete...
Looks good
Writing Makefile for Test::Harness
cp lib/Test/Harness/Results.pm blib/lib/Test/Harness/Results.pm
cp lib/Test/Harness/TAP.pod blib/lib/Test/Harness/TAP.pod
cp lib/Test/Harness/Point.pm blib/lib/Test/Harness/Point.pm
cp lib/Test/Harness/Util.pm blib/lib/Test/Harness/Util.pm
cp lib/Test/Harness/Iterator.pm blib/lib/Test/Harness/Iterator.pm
cp lib/Test/Harness/Assert.pm blib/lib/Test/Harness/Assert.pm
cp lib/Test/Harness.pm blib/lib/Test/Harness.pm
cp lib/Test/Harness/Straps.pm blib/lib/Test/Harness/Straps.pm
cp bin/prove blib/script/prove
/test/perl/bin/perl "-MExtUtils::MY" -e "MY->fixin(shift)" blib/script/prove
Manifying blib/man1/prove.1
Manifying blib/man3/Test::Harness::TAP.3
Manifying blib/man3/Test::Harness::Point.3
Manifying blib/man3/Test::Harness::Straps.3
Manifying blib/man3/Test::Harness.3
Manifying blib/man3/Test::Harness::Results.3
Manifying blib/man3/Test::Harness::Util.3
Manifying blib/man3/Test::Harness::Iterator.3
Manifying blib/man3/Test::Harness::Assert.3
  /usr/bin/make  -- OK
Running make test
PERL_DL_NONLAZY=1 /test/perl/bin/perl "-MExtUtils::Command::MM" "-e" "test_harness(0, 'blib/lib', 'blib/arch')" t/*.t
t/00compile.........# Testing Test::Harness 2.64 under Perl 5.008008 and Test::More 0.42
t/00compile.........ok                                                       
t/assert............ok                                                       
t/base..............ok                                                       
t/callback..........ok                                                       
t/failure...........ok                                                       
t/from_line.........ok                                                       
t/harness...........ok                                                       
t/inc_taint.........ok                                                       
t/nonumbers.........ok                                                       
t/ok................ok                                                       
t/pod...............ok                                                       
t/point-parse.......ok                                                       
t/point.............ok                                                       
t/prove-globbing....ok                                                       
t/prove-switches....ok                                                       
t/strap-analyze.....ok                                                       
t/strap.............ok                                                       
t/test-harness......ok                                                       
        37/216 skipped: various reasons
t/version...........ok                                                       
All tests successful, 37 subtests skipped.
Files=19, Tests=715,  8 wallclock secs ( 5.41 cusr +  2.15 csys =  7.56 CPU)
  /usr/bin/make test -- OK
Running make install
Installing /test/perl/lib/5.8.8/Test/Harness.pm
Installing /test/perl/lib/5.8.8/Test/Harness/Assert.pm
Installing /test/perl/lib/5.8.8/Test/Harness/Point.pm
Installing /test/perl/lib/5.8.8/Test/Harness/Results.pm
Installing /test/perl/lib/5.8.8/Test/Harness/Straps.pm
Installing /test/perl/lib/5.8.8/Test/Harness/TAP.pod
Installing /test/perl/lib/5.8.8/Test/Harness/Util.pm
Installing /test/perl/man/man1/prove.1
Installing /test/perl/man/man3/Test::Harness.3
Installing /test/perl/man/man3/Test::Harness::Assert.3
Installing /test/perl/man/man3/Test::Harness::Iterator.3
Installing /test/perl/man/man3/Test::Harness::Point.3
Installing /test/perl/man/man3/Test::Harness::Results.3
Installing /test/perl/man/man3/Test::Harness::Straps.3
Installing /test/perl/man/man3/Test::Harness::TAP.3
Installing /test/perl/man/man3/Test::Harness::Util.3
Installing /test/perl/bin/prove
Writing /test/perl/lib/5.8.8/darwin-2level/auto/Test/Harness/.packlist
Appending installation info to /test/perl/lib/5.8.8/darwin-2level/perllocal.pod
  /usr/bin/make install  -- OK
Running install for module Test::More
Running make for M/MS/MSCHWERN/Test-Simple-0.65.tar.gz

Trying with "/usr/local/bin/wget -O -" to get
    http://www.perl.com/CPAN/authors/id/M/MS/MSCHWERN/Test-Simple-0.65.tar.gz
--11:25:07--  http://www.perl.com/CPAN/authors/id/M/MS/MSCHWERN/Test-Simple-0.65.tar.gz
           => `-'
Resolving www.perl.com... 208.201.239.36, 208.201.239.37
Connecting to www.perl.com|208.201.239.36|:80... connected.
HTTP request sent, awaiting response... 200 OK
Length: 76,157 (74K) [application/x-tar]

100%[==========================================================>] 76,157       101.22K/s             

11:25:08 (100.95 KB/s) - `-' saved [76157/76157]


Trying with "/usr/local/bin/wget -O -" to get
    http://www.perl.com/CPAN/authors/id/M/MS/MSCHWERN/CHECKSUMS
--11:25:08--  http://www.perl.com/CPAN/authors/id/M/MS/MSCHWERN/CHECKSUMS
           => `-'
Resolving www.perl.com... 208.201.239.36, 208.201.239.37
Connecting to www.perl.com|208.201.239.36|:80... connected.
HTTP request sent, awaiting response... 200 OK
Length: 43,654 (43K) [text/plain]

100%[==========================================================>] 43,654        85.58K/s             

11:25:09 (85.33 KB/s) - `-' saved [43654/43654]

Checksum for /Users/challing/.cpan/sources/authors/id/M/MS/MSCHWERN/Test-Simple-0.65.tar.gz ok
Test-Simple-0.65/
Test-Simple-0.65/Changes
Test-Simple-0.65/lib/
Test-Simple-0.65/lib/Test/
Test-Simple-0.65/lib/Test/Builder/
Test-Simple-0.65/lib/Test/Builder/Module.pm
Test-Simple-0.65/lib/Test/Builder/Tester/
Test-Simple-0.65/lib/Test/Builder/Tester/Color.pm
Test-Simple-0.65/lib/Test/Builder/Tester.pm
Test-Simple-0.65/lib/Test/Builder.pm
Test-Simple-0.65/lib/Test/More.pm
Test-Simple-0.65/lib/Test/Simple.pm
Test-Simple-0.65/lib/Test/Tutorial.pod
Test-Simple-0.65/Makefile.PL
Test-Simple-0.65/MANIFEST
Test-Simple-0.65/META.yml
Test-Simple-0.65/README
Test-Simple-0.65/SIGNATURE
Test-Simple-0.65/t/
Test-Simple-0.65/t/00signature.t
Test-Simple-0.65/t/00test_harness_check.t
Test-Simple-0.65/t/bad_plan.t
Test-Simple-0.65/t/bail_out.t
Test-Simple-0.65/t/buffer.t
Test-Simple-0.65/t/Builder.t
Test-Simple-0.65/t/carp.t
Test-Simple-0.65/t/circular_data.t
Test-Simple-0.65/t/create.t
Test-Simple-0.65/t/curr_test.t
Test-Simple-0.65/t/details.t
Test-Simple-0.65/t/diag.t
Test-Simple-0.65/t/eq_set.t
Test-Simple-0.65/t/exit.t
Test-Simple-0.65/t/extra.t
Test-Simple-0.65/t/extra_one.t
Test-Simple-0.65/t/fail-like.t
Test-Simple-0.65/t/fail-more.t
Test-Simple-0.65/t/fail.t
Test-Simple-0.65/t/fail_one.t
Test-Simple-0.65/t/filehandles.t
Test-Simple-0.65/t/fork.t
Test-Simple-0.65/t/harness_active.t
Test-Simple-0.65/t/has_plan.t
Test-Simple-0.65/t/has_plan2.t
Test-Simple-0.65/t/import.t
Test-Simple-0.65/t/is_deeply_fail.t
Test-Simple-0.65/t/is_fh.t
Test-Simple-0.65/t/lib/
Test-Simple-0.65/t/lib/NoExporter.pm
Test-Simple-0.65/t/lib/Test/
Test-Simple-0.65/t/lib/Test/Simple/
Test-Simple-0.65/t/lib/Test/Simple/Catch.pm
Test-Simple-0.65/t/lib/Test/Simple/sample_tests/
Test-Simple-0.65/t/lib/Test/Simple/sample_tests/death.plx
Test-Simple-0.65/t/lib/Test/Simple/sample_tests/death_in_eval.plx
Test-Simple-0.65/t/lib/Test/Simple/sample_tests/exit.plx
Test-Simple-0.65/t/lib/Test/Simple/sample_tests/extras.plx
Test-Simple-0.65/t/lib/Test/Simple/sample_tests/five_fail.plx
Test-Simple-0.65/t/lib/Test/Simple/sample_tests/last_minute_death.plx
Test-Simple-0.65/t/lib/Test/Simple/sample_tests/one_fail.plx
Test-Simple-0.65/t/lib/Test/Simple/sample_tests/pre_plan_death.plx
Test-Simple-0.65/t/lib/Test/Simple/sample_tests/require.plx
Test-Simple-0.65/t/lib/Test/Simple/sample_tests/success.plx
Test-Simple-0.65/t/lib/Test/Simple/sample_tests/too_few.plx
Test-Simple-0.65/t/lib/Test/Simple/sample_tests/too_few_fail.plx
Test-Simple-0.65/t/lib/Test/Simple/sample_tests/two_fail.plx
Test-Simple-0.65/t/lib/TieOut.pm
Test-Simple-0.65/t/maybe_regex.t
Test-Simple-0.65/t/missing.t
Test-Simple-0.65/t/More.t
Test-Simple-0.65/t/no_diag.t
Test-Simple-0.65/t/no_ending.t
Test-Simple-0.65/t/no_header.t
Test-Simple-0.65/t/no_plan.t
Test-Simple-0.65/t/ok_obj.t
Test-Simple-0.65/t/output.t
Test-Simple-0.65/t/overload.t
Test-Simple-0.65/t/overload_threads.t
Test-Simple-0.65/t/plan.t
Test-Simple-0.65/t/plan_bad.t
Test-Simple-0.65/t/plan_is_noplan.t
Test-Simple-0.65/t/plan_no_plan.t
Test-Simple-0.65/t/plan_shouldnt_import.t
Test-Simple-0.65/t/plan_skip_all.t
Test-Simple-0.65/t/pod-coverage.t
Test-Simple-0.65/t/pod.t
Test-Simple-0.65/t/require_ok.t
Test-Simple-0.65/t/reset.t
Test-Simple-0.65/t/simple.t
Test-Simple-0.65/t/skip.t
Test-Simple-0.65/t/skipall.t
Test-Simple-0.65/t/sort_bug.t
Test-Simple-0.65/t/tbt_01basic.t
Test-Simple-0.65/t/tbt_02fhrestore.t
Test-Simple-0.65/t/tbt_03die.t
Test-Simple-0.65/t/tbt_04line_num.t
Test-Simple-0.65/t/tbt_05faildiag.t
Test-Simple-0.65/t/tbt_06errormess.t
Test-Simple-0.65/t/tbt_07args.t
Test-Simple-0.65/t/thread_taint.t
Test-Simple-0.65/t/threads.t
Test-Simple-0.65/t/todo.t
Test-Simple-0.65/t/undef.t
Test-Simple-0.65/t/use_ok.t
Test-Simple-0.65/t/useing.t
Test-Simple-0.65/TODO

  CPAN.pm: Going to build M/MS/MSCHWERN/Test-Simple-0.65.tar.gz

WARNING: LICENSE is not a known parameter.
Checking if your kit is complete...
Looks good
'LICENSE' is not a known MakeMaker parameter name.
Writing Makefile for Test::Simple
cp lib/Test/Builder/Tester/Color.pm blib/lib/Test/Builder/Tester/Color.pm
cp lib/Test/Builder.pm blib/lib/Test/Builder.pm
cp lib/Test/Simple.pm blib/lib/Test/Simple.pm
cp lib/Test/More.pm blib/lib/Test/More.pm
cp lib/Test/Builder/Module.pm blib/lib/Test/Builder/Module.pm
cp lib/Test/Builder/Tester.pm blib/lib/Test/Builder/Tester.pm
cp lib/Test/Tutorial.pod blib/lib/Test/Tutorial.pod
Manifying blib/man3/Test::Builder::Tester::Color.3
Manifying blib/man3/Test::Simple.3
Manifying blib/man3/Test::Builder.3
Manifying blib/man3/Test::More.3
Manifying blib/man3/Test::Builder::Tester.3
Manifying blib/man3/Test::Builder::Module.3
Manifying blib/man3/Test::Tutorial.3
  /usr/bin/make  -- OK
Running make test
PERL_DL_NONLAZY=1 /test/perl/bin/perl "-MExtUtils::Command::MM" "-e" "test_harness(0, 'blib/lib', 'blib/arch')" t/*.t
t/00signature.............skipped
        all skipped: Next time around, consider installing Module::Signature, so you can verify the integrity of this distribution.
t/00test_harness_check....ok                                                 
t/bad_plan................ok                                                 
t/bail_out................ok                                                 
t/buffer..................ok                                                 
t/Builder.................ok                                                 
t/carp....................ok                                                 
t/circular_data...........ok                                                 
t/create..................ok                                                 
t/curr_test...............ok                                                 
t/details.................ok                                                 
t/diag....................ok                                                 
t/eq_set..................ok                                                 
t/exit....................ok                                                 
t/extra...................ok                                                 
t/extra_one...............ok                                                 
t/fail-like...............ok                                                 
t/fail-more...............ok                                                 
t/fail....................ok                                                 
t/fail_one................ok                                                 
t/filehandles.............ok                                                 
t/fork....................ok                                                 
t/harness_active..........ok                                                 
t/has_plan................ok                                                 
t/has_plan2...............ok                                                 
t/import..................ok                                                 
t/is_deeply_fail..........ok                                                 
t/is_fh...................ok                                                 
t/maybe_regex.............ok                                                 
t/missing.................ok                                                 
t/More....................ok                                                 
t/no_diag.................ok                                                 
t/no_ending...............ok                                                 
t/no_header...............ok                                                 
t/no_plan.................ok                                                 
t/ok_obj..................ok                                                 
t/output..................ok                                                 
t/overload................ok                                                 
t/overload_threads........ok                                                 
        1/5 skipped: various reasons
t/plan....................ok                                                 
t/plan_bad................ok                                                 
t/plan_is_noplan..........ok                                                 
t/plan_no_plan............ok                                                 
        1/6 skipped: various reasons
t/plan_shouldnt_import....ok                                                 
t/plan_skip_all...........skipped
        all skipped: Just testing plan & skip_all
t/pod-coverage............ok                                                 
t/pod.....................ok                                                 
t/require_ok..............ok                                                 
t/reset...................ok                                                 
t/simple..................ok                                                 
t/skip....................ok                                                 
        8/17 skipped: various reasons
t/skipall.................ok                                                 
t/sort_bug................skipped
        all skipped: no working threads
t/tbt_01basic.............ok                                                 
t/tbt_02fhrestore.........ok                                                 
t/tbt_03die...............ok                                                 
t/tbt_04line_num..........ok                                                 
t/tbt_05faildiag..........ok                                                 
t/tbt_06errormess.........ok                                                 
t/tbt_07args..............ok                                                 
t/thread_taint............ok                                                 
t/threads.................skipped
        all skipped: no working threads
t/todo....................ok                                                 
t/undef...................ok                                                 
t/use_ok..................ok                                                 
t/useing..................ok                                                 
All tests successful, 4 tests and 10 subtests skipped.
Files=66, Tests=494,  7 wallclock secs ( 4.21 cusr +  1.23 csys =  5.44 CPU)
  /usr/bin/make test -- OK
Running make install
Installing /test/perl/lib/5.8.8/Test/Builder.pm
Installing /test/perl/lib/5.8.8/Test/More.pm
Installing /test/perl/lib/5.8.8/Test/Simple.pm
Installing /test/perl/lib/5.8.8/Test/Builder/Module.pm
Installing /test/perl/lib/5.8.8/Test/Builder/Tester.pm
Installing /test/perl/man/man3/Test::Builder.3
Installing /test/perl/man/man3/Test::Builder::Module.3
Installing /test/perl/man/man3/Test::Builder::Tester.3
Installing /test/perl/man/man3/Test::Builder::Tester::Color.3
Installing /test/perl/man/man3/Test::More.3
Installing /test/perl/man/man3/Test::Simple.3
Installing /test/perl/man/man3/Test::Tutorial.3
Writing /test/perl/lib/5.8.8/darwin-2level/auto/Test/Simple/.packlist
Appending installation info to /test/perl/lib/5.8.8/darwin-2level/perllocal.pod
  /usr/bin/make install  -- OK
Data::Dumper is up to date.
Running install for module Digest::SHA
Running make for M/MS/MSHELOR/Digest-SHA-5.44.tar.gz

Trying with "/usr/local/bin/wget -O -" to get
    http://www.perl.com/CPAN/authors/id/M/MS/MSHELOR/Digest-SHA-5.44.tar.gz
--11:25:19--  http://www.perl.com/CPAN/authors/id/M/MS/MSHELOR/Digest-SHA-5.44.tar.gz
           => `-'
Resolving www.perl.com... 208.201.239.36, 208.201.239.37
Connecting to www.perl.com|208.201.239.36|:80... connected.
HTTP request sent, awaiting response... 200 OK
Length: 41,946 (41K) [application/x-tar]

100%[==========================================================>] 41,946        42.89K/s             

11:25:21 (42.79 KB/s) - `-' saved [41946/41946]


Trying with "/usr/local/bin/wget -O -" to get
    http://www.perl.com/CPAN/authors/id/M/MS/MSHELOR/CHECKSUMS
--11:25:21--  http://www.perl.com/CPAN/authors/id/M/MS/MSHELOR/CHECKSUMS
           => `-'
Resolving www.perl.com... 208.201.239.36, 208.201.239.37
Connecting to www.perl.com|208.201.239.36|:80... connected.
HTTP request sent, awaiting response... 200 OK
Length: 15,632 (15K) [text/plain]

100%[==========================================================>] 15,632        48.63K/s             

11:25:22 (48.53 KB/s) - `-' saved [15632/15632]

Checksum for /Users/challing/.cpan/sources/authors/id/M/MS/MSHELOR/Digest-SHA-5.44.tar.gz ok
Digest-SHA-5.44/
Digest-SHA-5.44/t/
Digest-SHA-5.44/t/state/
Digest-SHA-5.44/t/state/state.1
Digest-SHA-5.44/t/state/state.256
Digest-SHA-5.44/t/state/state.512
Digest-SHA-5.44/t/state/state.384
Digest-SHA-5.44/t/4-bitstr-large.t
Digest-SHA-5.44/t/2-nist-vectors-byte.t
Digest-SHA-5.44/t/nist/
Digest-SHA-5.44/t/nist/Readme.txt
Digest-SHA-5.44/t/nist/bit-messages.sha1
Digest-SHA-5.44/t/nist/byte-hashes.sha1
Digest-SHA-5.44/t/nist/byte-messages.sha1
Digest-SHA-5.44/t/nist/COPYRIGHT
Digest-SHA-5.44/t/nist/bit-hashes.sha1
Digest-SHA-5.44/t/1-exist.t
Digest-SHA-5.44/t/5-hmac-rfc2202.t
Digest-SHA-5.44/t/2-nist-sha-base64.t
Digest-SHA-5.44/t/2-nist-sha-1.t
Digest-SHA-5.44/t/4-bitstr-increasing.t
Digest-SHA-5.44/t/2-nist-sha-256.t
Digest-SHA-5.44/t/0-pod.t
Digest-SHA-5.44/t/0-pod-coverage.t
Digest-SHA-5.44/t/7-ireland.t
Digest-SHA-5.44/t/2-nist-sha-224.t
Digest-SHA-5.44/t/2-nist-sha-384.t
Digest-SHA-5.44/t/3-gillogly-easy.t
Digest-SHA-5.44/t/6-dump-load.t
Digest-SHA-5.44/t/2-nist-sha-512.t
Digest-SHA-5.44/t/5-hmac-fips198.t
Digest-SHA-5.44/t/gillogly/
Digest-SHA-5.44/t/gillogly/state.110
Digest-SHA-5.44/t/gillogly/state.011
Digest-SHA-5.44/t/5-hmac-woodbury.t
Digest-SHA-5.44/t/3-gillogly-hard.t
Digest-SHA-5.44/t/5-hmac-sha-256.t
Digest-SHA-5.44/t/2-nist-sha-oo.t
Digest-SHA-5.44/t/2-nist-vectors-bit.t
Digest-SHA-5.44/t/1-hello-world.t
Digest-SHA-5.44/t/4-bitstr-random.t
Digest-SHA-5.44/examples/
Digest-SHA-5.44/examples/dups
Digest-SHA-5.44/Changes
Digest-SHA-5.44/MANIFEST
Digest-SHA-5.44/typemap
Digest-SHA-5.44/src/
Digest-SHA-5.44/src/sha.c
Digest-SHA-5.44/src/sha64bit.c
Digest-SHA-5.44/src/hmacxtra.c
Digest-SHA-5.44/src/sha.h
Digest-SHA-5.44/src/hmac.h
Digest-SHA-5.44/src/shaxtra.c
Digest-SHA-5.44/src/hmac.c
Digest-SHA-5.44/src/sha64bit.h
Digest-SHA-5.44/META.yml
Digest-SHA-5.44/SHA.pm
Digest-SHA-5.44/SHA.xs
Digest-SHA-5.44/shasum
Digest-SHA-5.44/Makefile.PL
Digest-SHA-5.44/README

  CPAN.pm: Going to build M/MS/MSHELOR/Digest-SHA-5.44.tar.gz

Checking if your kit is complete...
Looks good
Writing Makefile for Digest::SHA
cp SHA.pm blib/lib/Digest/SHA.pm
/test/perl/bin/perl /test/perl/lib/5.8.8/ExtUtils/xsubpp  -typemap /test/perl/lib/5.8.8/ExtUtils/typemap -typemap typemap  SHA.xs > SHA.xsc && mv SHA.xsc SHA.c
gcc -c  -I. -fno-common -DPERL_DARWIN -no-cpp-precomp -fno-strict-aliasing -pipe -Wdeclaration-after-statement -I/usr/local/include -I/opt/local/include -O3   -DVERSION=\"5.44\" -DXS_VERSION=\"5.44\"  "-I/test/perl/lib/5.8.8/darwin-2level/CORE"  -DSHA_PERL_MODULE SHA.c
Running Mkbootstrap for Digest::SHA ()
chmod 644 SHA.bs
rm -f blib/arch/auto/Digest/SHA/SHA.bundle
env MACOSX_DEPLOYMENT_TARGET=10.3 cc  -bundle -undefined dynamic_lookup -L/usr/local/lib -L/opt/local/lib SHA.o  -o blib/arch/auto/Digest/SHA/SHA.bundle      \
        \
  
chmod 755 blib/arch/auto/Digest/SHA/SHA.bundle
cp SHA.bs blib/arch/auto/Digest/SHA/SHA.bs
chmod 644 blib/arch/auto/Digest/SHA/SHA.bs
cp shasum blib/script/shasum
/test/perl/bin/perl "-MExtUtils::MY" -e "MY->fixin(shift)" blib/script/shasum
Manifying blib/man1/shasum.1
Manifying blib/man3/Digest::SHA.3
  /usr/bin/make  -- OK
Running make test
PERL_DL_NONLAZY=1 /test/perl/bin/perl "-MExtUtils::Command::MM" "-e" "test_harness(0, 'blib/lib', 'blib/arch')" t/*.t
t/0-pod-coverage.........ok                                                  
t/0-pod..................ok                                                  
t/1-exist................ok                                                  
t/1-hello-world..........ok                                                  
t/2-nist-sha-1...........ok                                                  
t/2-nist-sha-224.........ok                                                  
t/2-nist-sha-256.........ok                                                  
t/2-nist-sha-384.........ok                                                  
t/2-nist-sha-512.........ok                                                  
t/2-nist-sha-base64......ok                                                  
t/2-nist-sha-oo..........ok                                                  
t/2-nist-vectors-bit.....ok                                                  
t/2-nist-vectors-byte....ok                                                  
t/3-gillogly-easy........ok                                                  
t/3-gillogly-hard........ok                                                  
t/4-bitstr-increasing....ok                                                  
t/4-bitstr-large.........ok                                                  
t/4-bitstr-random........ok                                                  
t/5-hmac-fips198.........ok                                                  
t/5-hmac-rfc2202.........ok                                                  
t/5-hmac-sha-256.........ok                                                  
t/5-hmac-woodbury........ok                                                  
t/6-dump-load............ok                                                  
t/7-ireland..............ok                                                  
All tests successful.
Files=24, Tests=123,  2 wallclock secs ( 1.59 cusr +  0.48 csys =  2.07 CPU)
  /usr/bin/make test -- OK
Running make install
Installing /test/perl/lib/site_perl/5.8.8/darwin-2level/auto/Digest/SHA/SHA.bs
Installing /test/perl/lib/site_perl/5.8.8/darwin-2level/auto/Digest/SHA/SHA.bundle
Files found in blib/arch: installing files in blib/lib into architecture dependent library tree
Installing /test/perl/lib/site_perl/5.8.8/darwin-2level/Digest/SHA.pm
Installing /test/perl/man/man1/shasum.1
Installing /test/perl/man/man3/Digest::SHA.3
Installing /test/perl/bin/shasum
Writing /test/perl/lib/site_perl/5.8.8/darwin-2level/auto/Digest/SHA/.packlist
Appending installation info to /test/perl/lib/5.8.8/darwin-2level/perllocal.pod
  /usr/bin/make install  -- OK
Running install for module File::HomeDir
Running make for A/AD/ADAMK/File-HomeDir-0.58.tar.gz

Trying with "/usr/local/bin/wget -O -" to get
    http://www.perl.com/CPAN/authors/id/A/AD/ADAMK/File-HomeDir-0.58.tar.gz
--11:25:33--  http://www.perl.com/CPAN/authors/id/A/AD/ADAMK/File-HomeDir-0.58.tar.gz
           => `-'
Resolving www.perl.com... 208.201.239.36, 208.201.239.37
Connecting to www.perl.com|208.201.239.36|:80... connected.
HTTP request sent, awaiting response... 200 OK
Length: 25,694 (25K) [application/x-tar]

100%[==========================================================>] 25,694        64.12K/s             

11:25:34 (63.99 KB/s) - `-' saved [25694/25694]


Trying with "/usr/local/bin/wget -O -" to get
    http://www.perl.com/CPAN/authors/id/A/AD/ADAMK/CHECKSUMS
--11:25:34--  http://www.perl.com/CPAN/authors/id/A/AD/ADAMK/CHECKSUMS
           => `-'
Resolving www.perl.com... 208.201.239.36, 208.201.239.37
Connecting to www.perl.com|208.201.239.36|:80... connected.
HTTP request sent, awaiting response... 200 OK
Length: 162,244 (158K) [text/plain]

100%[==========================================================>] 162,244      135.75K/s             

11:25:35 (135.34 KB/s) - `-' saved [162244/162244]

Checksum for /Users/challing/.cpan/sources/authors/id/A/AD/ADAMK/File-HomeDir-0.58.tar.gz ok
File-HomeDir-0.58/
File-HomeDir-0.58/inc/
File-HomeDir-0.58/inc/Module/
File-HomeDir-0.58/inc/Module/Install.pm
File-HomeDir-0.58/inc/Module/Install/
File-HomeDir-0.58/inc/Module/Install/Fetch.pm
File-HomeDir-0.58/inc/Module/Install/Makefile.pm
File-HomeDir-0.58/inc/Module/Install/Base.pm
File-HomeDir-0.58/inc/Module/Install/Metadata.pm
File-HomeDir-0.58/inc/Module/Install/Can.pm
File-HomeDir-0.58/inc/Module/Install/WriteAll.pm
File-HomeDir-0.58/inc/Module/Install/Win32.pm
File-HomeDir-0.58/lib/
File-HomeDir-0.58/lib/File/
File-HomeDir-0.58/lib/File/HomeDir/
File-HomeDir-0.58/lib/File/HomeDir/MacOS9.pm
File-HomeDir-0.58/lib/File/HomeDir/Windows.pm
File-HomeDir-0.58/lib/File/HomeDir/Unix.pm
File-HomeDir-0.58/lib/File/HomeDir/Darwin.pm
File-HomeDir-0.58/lib/File/HomeDir.pm
File-HomeDir-0.58/Changes
File-HomeDir-0.58/MANIFEST
File-HomeDir-0.58/t/
File-HomeDir-0.58/t/99_pod.t
File-HomeDir-0.58/t/02_main.t
File-HomeDir-0.58/t/01_compile.t
File-HomeDir-0.58/META.yml
File-HomeDir-0.58/README
File-HomeDir-0.58/LICENSE
File-HomeDir-0.58/Makefile.PL

  CPAN.pm: Going to build A/AD/ADAMK/File-HomeDir-0.58.tar.gz

Checking if your kit is complete...
Looks good
Writing Makefile for File::HomeDir
cp lib/File/HomeDir/Darwin.pm blib/lib/File/HomeDir/Darwin.pm
cp lib/File/HomeDir.pm blib/lib/File/HomeDir.pm
cp lib/File/HomeDir/Unix.pm blib/lib/File/HomeDir/Unix.pm
cp lib/File/HomeDir/MacOS9.pm blib/lib/File/HomeDir/MacOS9.pm
cp lib/File/HomeDir/Windows.pm blib/lib/File/HomeDir/Windows.pm
Manifying blib/man3/File::HomeDir.3
  /usr/bin/make  -- OK
Running make test
PERL_DL_NONLAZY=1 /test/perl/bin/perl "-MExtUtils::Command::MM" "-e" "test_harness(0, 'inc', 'blib/lib', 'blib/arch')" t/*.t
t/01_compile....ok                                                           
t/02_main.......ok                                                           
t/99_pod........ok                                                           
All tests successful.
Files=3, Tests=35,  0 wallclock secs ( 0.26 cusr +  0.07 csys =  0.33 CPU)
  /usr/bin/make test -- OK
Running make install
Installing /test/perl/lib/site_perl/5.8.8/File/HomeDir.pm
Installing /test/perl/lib/site_perl/5.8.8/File/HomeDir/Darwin.pm
Installing /test/perl/lib/site_perl/5.8.8/File/HomeDir/MacOS9.pm
Installing /test/perl/lib/site_perl/5.8.8/File/HomeDir/Unix.pm
Installing /test/perl/lib/site_perl/5.8.8/File/HomeDir/Windows.pm
Installing /test/perl/man/man3/File::HomeDir.3
Writing /test/perl/lib/site_perl/5.8.8/darwin-2level/auto/File/HomeDir/.packlist
Appending installation info to /test/perl/lib/5.8.8/darwin-2level/perllocal.pod
  /usr/bin/make install  -- OK
Running install for module Compress::Zlib
Running make for P/PM/PMQS/Compress-Zlib-2.001.tar.gz

Trying with "/usr/local/bin/wget -O -" to get
    http://www.perl.com/CPAN/authors/id/P/PM/PMQS/Compress-Zlib-2.001.tar.gz
--11:25:39--  http://www.perl.com/CPAN/authors/id/P/PM/PMQS/Compress-Zlib-2.001.tar.gz
           => `-'
Resolving www.perl.com... 208.201.239.36, 208.201.239.37
Connecting to www.perl.com|208.201.239.36|:80... connected.
HTTP request sent, awaiting response... 200 OK
Length: 61,831 (60K) [application/x-tar]

100%[==========================================================>] 61,831        96.05K/s             

11:25:40 (95.99 KB/s) - `-' saved [61831/61831]


Trying with "/usr/local/bin/wget -O -" to get
    http://www.perl.com/CPAN/authors/id/P/PM/PMQS/CHECKSUMS
--11:25:40--  http://www.perl.com/CPAN/authors/id/P/PM/PMQS/CHECKSUMS
           => `-'
Resolving www.perl.com... 208.201.239.36, 208.201.239.37
Connecting to www.perl.com|208.201.239.36|:80... connected.
HTTP request sent, awaiting response... 200 OK
Length: 69,367 (68K) [text/plain]

100%[==========================================================>] 69,367       107.36K/s             

11:25:41 (107.04 KB/s) - `-' saved [69367/69367]

Checksum for /Users/challing/.cpan/sources/authors/id/P/PM/PMQS/Compress-Zlib-2.001.tar.gz ok
Compress-Zlib-2.001/
Compress-Zlib-2.001/examples/
Compress-Zlib-2.001/examples/gzgrep
Compress-Zlib-2.001/examples/filtdef
Compress-Zlib-2.001/examples/gzcat
Compress-Zlib-2.001/examples/gzstream
Compress-Zlib-2.001/examples/filtinf
Compress-Zlib-2.001/lib/
Compress-Zlib-2.001/lib/Compress/
Compress-Zlib-2.001/lib/Compress/Zlib.pm
Compress-Zlib-2.001/t/
Compress-Zlib-2.001/t/03zlib-v1.t
Compress-Zlib-2.001/t/Test/
Compress-Zlib-2.001/t/Test/More.pm
Compress-Zlib-2.001/t/Test/Simple.pm
Compress-Zlib-2.001/t/Test/Builder.pm
Compress-Zlib-2.001/t/06gzsetp.t
Compress-Zlib-2.001/t/08encoding.t
Compress-Zlib-2.001/t/99pod.t
Compress-Zlib-2.001/t/01version.t
Compress-Zlib-2.001/t/14gzopen.t
Compress-Zlib-2.001/t/compress/
Compress-Zlib-2.001/t/compress/CompTestUtils.pm
Compress-Zlib-2.001/t/05examples.t
Compress-Zlib-2.001/Changes
Compress-Zlib-2.001/MANIFEST
Compress-Zlib-2.001/private/
Compress-Zlib-2.001/private/MakeUtil.pm
Compress-Zlib-2.001/META.yml
Compress-Zlib-2.001/pod/
Compress-Zlib-2.001/pod/FAQ.pod
Compress-Zlib-2.001/README
Compress-Zlib-2.001/Makefile.PL

  CPAN.pm: Going to build P/PM/PMQS/Compress-Zlib-2.001.tar.gz

Up/Downgrade not needed.
Checking if your kit is complete...
Looks good
Warning: prerequisite Compress::Raw::Zlib 0 not found.
Warning: prerequisite IO::Compress::Base 0 not found.
Warning: prerequisite IO::Compress::Base::Common 0 not found.
Warning: prerequisite IO::Compress::Gzip 0 not found.
Warning: prerequisite IO::Compress::Gzip::Constants 0 not found.
Warning: prerequisite IO::Uncompress::Base 0 not found.
Warning: prerequisite IO::Uncompress::Gunzip 0 not found.
Writing Makefile for Compress::Zlib
---- Unsatisfied dependencies detected during [P/PM/PMQS/Compress-Zlib-2.001.tar.gz] -----
    IO::Uncompress::Gunzip
    IO::Compress::Gzip
    Compress::Raw::Zlib
    IO::Uncompress::Base
    IO::Compress::Gzip::Constants
    IO::Compress::Base
    IO::Compress::Base::Common
Running make test
  Delayed until after prerequisites
Running make install
  Delayed until after prerequisites
Running install for module Archive::Tar
Running make for K/KA/KANE/Archive-Tar-1.30.tar.gz

Trying with "/usr/local/bin/wget -O -" to get
    http://www.perl.com/CPAN/authors/id/K/KA/KANE/Archive-Tar-1.30.tar.gz
--11:25:42--  http://www.perl.com/CPAN/authors/id/K/KA/KANE/Archive-Tar-1.30.tar.gz
           => `-'
Resolving www.perl.com... 208.201.239.36, 208.201.239.37
Connecting to www.perl.com|208.201.239.36|:80... connected.
HTTP request sent, awaiting response... 200 OK
Length: 39,749 (39K) [application/x-tar]

100%[==========================================================>] 39,749        78.20K/s             

11:25:43 (78.04 KB/s) - `-' saved [39749/39749]


Trying with "/usr/local/bin/wget -O -" to get
    http://www.perl.com/CPAN/authors/id/K/KA/KANE/CHECKSUMS
--11:25:43--  http://www.perl.com/CPAN/authors/id/K/KA/KANE/CHECKSUMS
           => `-'
Resolving www.perl.com... 208.201.239.36, 208.201.239.37
Connecting to www.perl.com|208.201.239.36|:80... connected.
HTTP request sent, awaiting response... 200 OK
Length: 82,307 (80K) [text/plain]

100%[==========================================================>] 82,307       104.31K/s             

11:25:44 (104.16 KB/s) - `-' saved [82307/82307]

Checksum for /Users/challing/.cpan/sources/authors/id/K/KA/KANE/Archive-Tar-1.30.tar.gz ok
Archive-Tar-1.30/
Archive-Tar-1.30/bin/
Archive-Tar-1.30/bin/ptar
Archive-Tar-1.30/bin/ptardiff
Archive-Tar-1.30/CHANGES
Archive-Tar-1.30/lib/
Archive-Tar-1.30/lib/Archive/
Archive-Tar-1.30/lib/Archive/Tar/
Archive-Tar-1.30/lib/Archive/Tar/Constant.pm
Archive-Tar-1.30/lib/Archive/Tar/File.pm
Archive-Tar-1.30/lib/Archive/Tar.pm
Archive-Tar-1.30/Makefile.PL
Archive-Tar-1.30/MANIFEST
Archive-Tar-1.30/META.yml
Archive-Tar-1.30/README
Archive-Tar-1.30/t/
Archive-Tar-1.30/t/00_setup.t
Archive-Tar-1.30/t/01_use.t
Archive-Tar-1.30/t/02_methods.t
Archive-Tar-1.30/t/03_file.t
Archive-Tar-1.30/t/04_resolved_issues.t
Archive-Tar-1.30/t/99_clean.t
Archive-Tar-1.30/t/99_pod.t

  CPAN.pm: Going to build K/KA/KANE/Archive-Tar-1.30.tar.gz

You do not have IO::Zlib installed. This means you can not read or write compressed archive!
Note: you can disable this warning (and the prerequisite) by invoking Makefile.PL with '-n'

Archive::Tar comes with a utility called 'ptardiff' which lets you run diffs against tar archives.

However, this utility requires you to have Text::Diff installed.

To add Text::Diff as a prerequisite, please supply the '-d' option when invoking this Makefile.PL.

Checking if your kit is complete...
Looks good
Warning: prerequisite IO::Zlib 1.01 not found.
Writing Makefile for Archive::Tar
---- Unsatisfied dependencies detected during [K/KA/KANE/Archive-Tar-1.30.tar.gz] -----
    IO::Zlib
Running make test
  Delayed until after prerequisites
Running make install
  Delayed until after prerequisites
Running install for module Archive::Zip
Running make for A/AD/ADAMK/Archive-Zip-1.18.tar.gz

Trying with "/usr/local/bin/wget -O -" to get
    http://www.perl.com/CPAN/authors/id/A/AD/ADAMK/Archive-Zip-1.18.tar.gz
--11:25:45--  http://www.perl.com/CPAN/authors/id/A/AD/ADAMK/Archive-Zip-1.18.tar.gz
           => `-'
Resolving www.perl.com... 208.201.239.36, 208.201.239.37
Connecting to www.perl.com|208.201.239.36|:80... connected.
HTTP request sent, awaiting response... 200 OK
Length: 224,031 (219K) [application/x-tar]

100%[==========================================================>] 224,031      149.33K/s             

11:25:47 (149.07 KB/s) - `-' saved [224031/224031]

Checksum for /Users/challing/.cpan/sources/authors/id/A/AD/ADAMK/Archive-Zip-1.18.tar.gz ok
Archive-Zip-1.18/
Archive-Zip-1.18/t/
Archive-Zip-1.18/t/04_readmember.t
Archive-Zip-1.18/t/03_ex.t
Archive-Zip-1.18/t/badjpeg/
Archive-Zip-1.18/t/badjpeg/expected.jpg
Archive-Zip-1.18/t/badjpeg/source.zip
Archive-Zip-1.18/t/05_tree.t
Archive-Zip-1.18/t/01_compile.t
Archive-Zip-1.18/t/99_author.t
Archive-Zip-1.18/t/02_main.t
Archive-Zip-1.18/t/06_update.t
Archive-Zip-1.18/t/common.pl
Archive-Zip-1.18/lib/
Archive-Zip-1.18/lib/Archive/
Archive-Zip-1.18/lib/Archive/Zip/
Archive-Zip-1.18/lib/Archive/Zip/FileMember.pm
Archive-Zip-1.18/lib/Archive/Zip/StringMember.pm
Archive-Zip-1.18/lib/Archive/Zip/Member.pm
Archive-Zip-1.18/lib/Archive/Zip/Archive.pm
Archive-Zip-1.18/lib/Archive/Zip/ZipFileMember.pm
Archive-Zip-1.18/lib/Archive/Zip/BufferedFileHandle.pm
Archive-Zip-1.18/lib/Archive/Zip/NewFileMember.pm
Archive-Zip-1.18/lib/Archive/Zip/DirectoryMember.pm
Archive-Zip-1.18/lib/Archive/Zip/MockFileHandle.pm
Archive-Zip-1.18/lib/Archive/Zip/MemberRead.pm
Archive-Zip-1.18/lib/Archive/Zip/Tree.pm
Archive-Zip-1.18/lib/Archive/Zip/FAQ.pod
Archive-Zip-1.18/lib/Archive/Zip.pm
Archive-Zip-1.18/Changes
Archive-Zip-1.18/examples/
Archive-Zip-1.18/examples/mfh.pl
Archive-Zip-1.18/examples/updateZip.pl
Archive-Zip-1.18/examples/unzipAll.pl
Archive-Zip-1.18/examples/extract.pl
Archive-Zip-1.18/examples/readScalar.pl
Archive-Zip-1.18/examples/copy.pl
Archive-Zip-1.18/examples/zip.pl
Archive-Zip-1.18/examples/zipGrep.pl
Archive-Zip-1.18/examples/calcSizes.pl
Archive-Zip-1.18/examples/ziprecent.pl
Archive-Zip-1.18/examples/zipcheck.pl
Archive-Zip-1.18/examples/updateTree.pl
Archive-Zip-1.18/examples/writeScalar.pl
Archive-Zip-1.18/examples/selfex.pl
Archive-Zip-1.18/examples/zipinfo.pl
Archive-Zip-1.18/examples/ziptest.pl
Archive-Zip-1.18/examples/mailZip.pl
Archive-Zip-1.18/examples/writeScalar2.pl
Archive-Zip-1.18/docs/
Archive-Zip-1.18/docs/Archive-Zip.pdf
Archive-Zip-1.18/docs/appnote.iz
Archive-Zip-1.18/docs/Appnote.txt
Archive-Zip-1.18/docs/ideas.txt
Archive-Zip-1.18/MANIFEST
Archive-Zip-1.18/bin/
Archive-Zip-1.18/bin/crc32
Archive-Zip-1.18/INSTALL
Archive-Zip-1.18/README
Archive-Zip-1.18/Makefile.PL
Archive-Zip-1.18/LICENSE
Archive-Zip-1.18/META.yml

  CPAN.pm: Going to build A/AD/ADAMK/Archive-Zip-1.18.tar.gz

Checking if your kit is complete...
Looks good
Warning: prerequisite Compress::Zlib 1.14 not found.
Warning: prerequisite File::Which 0.05 not found.
Writing Makefile for Archive::Zip
---- Unsatisfied dependencies detected during [A/AD/ADAMK/Archive-Zip-1.18.tar.gz] -----
    Compress::Zlib
    File::Which
Running make test
  Delayed until after prerequisites
Running make install
  Delayed until after prerequisites
Net::Cmd is up to date.
Net::FTP is up to date.
Running install for module Term::ReadKey
Running make for J/JS/JSTOWE/TermReadKey-2.30.tar.gz

Trying with "/usr/local/bin/wget -O -" to get
    http://www.perl.com/CPAN/authors/id/J/JS/JSTOWE/TermReadKey-2.30.tar.gz
--11:25:49--  http://www.perl.com/CPAN/authors/id/J/JS/JSTOWE/TermReadKey-2.30.tar.gz
           => `-'
Resolving www.perl.com... 208.201.239.36, 208.201.239.37
Connecting to www.perl.com|208.201.239.36|:80... connected.
HTTP request sent, awaiting response... 200 OK
Length: 37,006 (36K) [application/x-tar]

100%[==========================================================>] 37,006        79.80K/s             

11:25:49 (79.57 KB/s) - `-' saved [37006/37006]


Trying with "/usr/local/bin/wget -O -" to get
    http://www.perl.com/CPAN/authors/id/J/JS/JSTOWE/CHECKSUMS
--11:25:49--  http://www.perl.com/CPAN/authors/id/J/JS/JSTOWE/CHECKSUMS
           => `-'
Resolving www.perl.com... 208.201.239.36, 208.201.239.37
Connecting to www.perl.com|208.201.239.36|:80... connected.
HTTP request sent, awaiting response... 200 OK
Length: 9,271 (9.1K) [text/plain]

100%[==========================================================>] 9,271         38.20K/s             

11:25:50 (38.13 KB/s) - `-' saved [9271/9271]

Checksum for /Users/challing/.cpan/sources/authors/id/J/JS/JSTOWE/TermReadKey-2.30.tar.gz ok
TermReadKey-2.30/
TermReadKey-2.30/genchars.pl
TermReadKey-2.30/Makefile.PL
TermReadKey-2.30/Configure.pm
TermReadKey-2.30/test.pl
TermReadKey-2.30/ReadKey.pm
TermReadKey-2.30/META.yml
TermReadKey-2.30/ReadKey.xs
TermReadKey-2.30/ppport.h
TermReadKey-2.30/MANIFEST
TermReadKey-2.30/README

  CPAN.pm: Going to build J/JS/JSTOWE/TermReadKey-2.30.tar.gz

Checking if your kit is complete...
Looks good
Writing Makefile for Term::ReadKey
cp ReadKey.pm blib/lib/Term/ReadKey.pm
AutoSplitting blib/lib/Term/ReadKey.pm (blib/lib/auto/Term/ReadKey)
/test/perl/bin/perl -I/test/perl/lib/5.8.8 genchars.pl

Writing termio/termios section of cchars.h... Done.
Checking for sgtty...
        Sgtty found.
Checking sgtty...
        tchars structure found.
        ltchars structure found.
Checking symbols
        t_startc (START) found in tchars
        t_quitc (QUIT) found in tchars
        t_brkc (EOL) found in tchars
        t_eofc (EOF) found in tchars
        t_werasc (ERASEWORD) found in ltchars
        t_rprntc (REPRINT) found in ltchars
        t_dsuspc (DSUSPEND) found in ltchars
        t_flushc (DISCARD) found in ltchars
        t_suspc (SUSPEND) found in ltchars
        t_stopc (STOP) found in tchars
        t_lnextc (QUOTENEXT) found in ltchars
        t_intrc (INTERRUPT) found in tchars
Writing sgtty section of cchars.h... Done.
/test/perl/bin/perl /test/perl/lib/5.8.8/ExtUtils/xsubpp -noprototypes -typemap /test/perl/lib/5.8.8/ExtUtils/typemap  ReadKey.xs > ReadKey.xsc && mv ReadKey.xsc ReadKey.c
gcc -c   -fno-common -DPERL_DARWIN -no-cpp-precomp -fno-strict-aliasing -pipe -Wdeclaration-after-statement -I/usr/local/include -I/opt/local/include -O3   -DVERSION=\"2.30\" -DXS_VERSION=\"2.30\"  "-I/test/perl/lib/5.8.8/darwin-2level/CORE"   ReadKey.c
In file included from ReadKey.xs:6:
ppport.h:230:1: warning: "PERL_UNUSED_DECL" redefined
In file included from ReadKey.xs:4:
/test/perl/lib/5.8.8/darwin-2level/CORE/perl.h:163:1: warning: this is the location of the previous definition
Running Mkbootstrap for Term::ReadKey ()
chmod 644 ReadKey.bs
rm -f blib/arch/auto/Term/ReadKey/ReadKey.bundle
env MACOSX_DEPLOYMENT_TARGET=10.3 cc  -bundle -undefined dynamic_lookup -L/usr/local/lib -L/opt/local/lib ReadKey.o  -o blib/arch/auto/Term/ReadKey/ReadKey.bundle    \
        \
  
chmod 755 blib/arch/auto/Term/ReadKey/ReadKey.bundle
cp ReadKey.bs blib/arch/auto/Term/ReadKey/ReadKey.bs
chmod 644 blib/arch/auto/Term/ReadKey/ReadKey.bs
Manifying blib/man3/Term::ReadKey.3
  /usr/bin/make  -- OK
Running make test
PERL_DL_NONLAZY=1 /test/perl/bin/perl "-Iblib/lib" "-Iblib/arch" -w test.pl
1 .. 8
ok 1
ok 2
ok 3
ok 4
ok 5
ok 6
ok 7
ok 8
  /usr/bin/make test -- OK
Running make install
Installing /test/perl/lib/site_perl/5.8.8/darwin-2level/auto/Term/ReadKey/ReadKey.bs
Installing /test/perl/lib/site_perl/5.8.8/darwin-2level/auto/Term/ReadKey/ReadKey.bundle
Files found in blib/arch: installing files in blib/lib into architecture dependent library tree
Installing /test/perl/lib/site_perl/5.8.8/darwin-2level/auto/Term/ReadKey/autosplit.ix
Installing /test/perl/lib/site_perl/5.8.8/darwin-2level/Term/ReadKey.pm
Installing /test/perl/man/man3/Term::ReadKey.3
Writing /test/perl/lib/site_perl/5.8.8/darwin-2level/auto/Term/ReadKey/.packlist
Appending installation info to /test/perl/lib/5.8.8/darwin-2level/perllocal.pod
  /usr/bin/make install  -- OK
Running install for module Term::ReadLine::Perl
Running make for I/IL/ILYAZ/modules/Term-ReadLine-Perl-1.0302.tar.gz

Trying with "/usr/local/bin/wget -O -" to get
    http://www.perl.com/CPAN/authors/id/I/IL/ILYAZ/modules/Term-ReadLine-Perl-1.0302.tar.gz
--11:25:56--  http://www.perl.com/CPAN/authors/id/I/IL/ILYAZ/modules/Term-ReadLine-Perl-1.0302.tar.gz
           => `-'
Resolving www.perl.com... 208.201.239.36, 208.201.239.37
Connecting to www.perl.com|208.201.239.36|:80... connected.
HTTP request sent, awaiting response... 200 OK
Length: 47,856 (47K) [application/x-tar]

100%[==========================================================>] 47,856        88.82K/s             

11:25:57 (88.58 KB/s) - `-' saved [47856/47856]


Trying with "/usr/local/bin/wget -O -" to get
    http://www.perl.com/CPAN/authors/id/I/IL/ILYAZ/modules/CHECKSUMS
--11:25:57--  http://www.perl.com/CPAN/authors/id/I/IL/ILYAZ/modules/CHECKSUMS
           => `-'
Resolving www.perl.com... 208.201.239.36, 208.201.239.37
Connecting to www.perl.com|208.201.239.36|:80... connected.
HTTP request sent, awaiting response... 200 OK
Length: 52,064 (51K) [text/plain]

100%[==========================================================>] 52,064        83.30K/s             

11:25:58 (83.05 KB/s) - `-' saved [52064/52064]

Checksum for /Users/challing/.cpan/sources/authors/id/I/IL/ILYAZ/modules/Term-ReadLine-Perl-1.0302.tar.gz ok
Term-ReadLine-Perl-1.0302/
Term-ReadLine-Perl-1.0302/CHANGES
Term-ReadLine-Perl-1.0302/Makefile.PL
Term-ReadLine-Perl-1.0302/MANIFEST
Term-ReadLine-Perl-1.0302/ReadLine/
Term-ReadLine-Perl-1.0302/ReadLine/Perl.pm
Term-ReadLine-Perl-1.0302/ReadLine/readline.pm
Term-ReadLine-Perl-1.0302/README
Term-ReadLine-Perl-1.0302/test.pl

  CPAN.pm: Going to build I/IL/ILYAZ/modules/Term-ReadLine-Perl-1.0302.tar.gz

Checking if your kit is complete...
Looks good
Writing Makefile for Term::ReadLine
cp ReadLine/Perl.pm blib/lib/Term/ReadLine/Perl.pm
cp ReadLine/readline.pm blib/lib/Term/ReadLine/readline.pm
  /usr/bin/make  -- OK
Running make test
PERL_DL_NONLAZY=1 /test/perl/bin/perl "-Iblib/lib" "-Iblib/arch" test.pl
Features present: preput 1 getHistory 1 addHistory 1 attribs 1 ornaments 1 appname 1 minline 1 autohistory 1 newTTY 1 tkRunning 1 setHistory 1
Flipping rl_default_selected each line.
                                                                                                      Enter arithmetic or Perl expression: exit
  /usr/bin/make test -- OK
Running make install
Installing /test/perl/lib/site_perl/5.8.8/Term/ReadLine/Perl.pm
Installing /test/perl/lib/site_perl/5.8.8/Term/ReadLine/readline.pm
Writing /test/perl/lib/site_perl/5.8.8/darwin-2level/auto/Term/ReadLine/.packlist
Appending installation info to /test/perl/lib/5.8.8/darwin-2level/perllocal.pod
  /usr/bin/make install  -- OK
Running install for module YAML
Running make for I/IN/INGY/YAML-0.62.tar.gz

Trying with "/usr/local/bin/wget -O -" to get
    http://www.perl.com/CPAN/authors/id/I/IN/INGY/YAML-0.62.tar.gz
--11:33:15--  http://www.perl.com/CPAN/authors/id/I/IN/INGY/YAML-0.62.tar.gz
           => `-'
Resolving www.perl.com... 208.201.239.36, 208.201.239.37
Connecting to www.perl.com|208.201.239.36|:80... connected.
HTTP request sent, awaiting response... 200 OK
Length: 97,878 (96K) [application/x-tar]

100%[==========================================================>] 97,878        34.58K/s             

11:33:18 (34.52 KB/s) - `-' saved [97878/97878]


Trying with "/usr/local/bin/wget -O -" to get
    http://www.perl.com/CPAN/authors/id/I/IN/INGY/CHECKSUMS
--11:33:18--  http://www.perl.com/CPAN/authors/id/I/IN/INGY/CHECKSUMS
           => `-'
Resolving www.perl.com... 208.201.239.36, 208.201.239.37
Connecting to www.perl.com|208.201.239.36|:80... connected.
HTTP request sent, awaiting response... 200 OK
Length: 56,932 (56K) [text/plain]

100%[==========================================================>] 56,932        73.30K/s             

11:33:19 (73.18 KB/s) - `-' saved [56932/56932]

Checksum for /Users/challing/.cpan/sources/authors/id/I/IN/INGY/YAML-0.62.tar.gz ok
YAML-0.62/
YAML-0.62/lib/
YAML-0.62/lib/Test/
YAML-0.62/lib/Test/YAML.pm
YAML-0.62/lib/YAML/
YAML-0.62/lib/YAML/Loader.pm
YAML-0.62/lib/YAML/Types.pm
YAML-0.62/lib/YAML/Marshall.pm
YAML-0.62/lib/YAML/Error.pm
YAML-0.62/lib/YAML/Loader/
YAML-0.62/lib/YAML/Loader/Base.pm
YAML-0.62/lib/YAML/Tag.pm
YAML-0.62/lib/YAML/Node.pm
YAML-0.62/lib/YAML/Dumper/
YAML-0.62/lib/YAML/Dumper/Base.pm
YAML-0.62/lib/YAML/Base.pm
YAML-0.62/lib/YAML/Dumper.pm
YAML-0.62/lib/YAML.pm
YAML-0.62/t/
YAML-0.62/t/load-slides.t
YAML-0.62/t/dump-opts.t
YAML-0.62/t/pugs-objects.t
YAML-0.62/t/load-passes.t
YAML-0.62/t/load-fails.t
YAML-0.62/t/dump-nested.t
YAML-0.62/t/dump-stringify.t
YAML-0.62/t/svk.t
YAML-0.62/t/dump-works.t
YAML-0.62/t/Base.pm
YAML-0.62/t/2-scalars.t
YAML-0.62/t/meta-yml.t
YAML-0.62/t/dump-basics.t
YAML-0.62/t/errors.t
YAML-0.62/t/bugs-rt.t
YAML-0.62/t/svk-config.yaml
YAML-0.62/t/test.t
YAML-0.62/t/global-api.t
YAML-0.62/t/dump-file.t
YAML-0.62/t/changes.t
YAML-0.62/t/load-tests.t
YAML-0.62/t/inbox.t
YAML-0.62/t/references.t
YAML-0.62/t/basic-tests.t
YAML-0.62/t/load-works.t
YAML-0.62/t/bugs-emailed.t
YAML-0.62/t/freeze-thaw.t
YAML-0.62/t/TestYAML.pm
YAML-0.62/t/dump-blessed.t
YAML-0.62/t/dump-tests.t
YAML-0.62/t/marshall.t
YAML-0.62/t/dump-perl-types.t
YAML-0.62/t/node-info.t
YAML-0.62/t/load-spec.t
YAML-0.62/t/dump-code.t
YAML-0.62/t/export.t
YAML-0.62/Changes
YAML-0.62/MANIFEST
YAML-0.62/inc/
YAML-0.62/inc/Spiffy.pm
YAML-0.62/inc/Module/
YAML-0.62/inc/Module/Install/
YAML-0.62/inc/Module/Install/Include.pm
YAML-0.62/inc/Module/Install/Makefile.pm
YAML-0.62/inc/Module/Install/TestBase.pm
YAML-0.62/inc/Module/Install/Base.pm
YAML-0.62/inc/Module/Install/Scripts.pm
YAML-0.62/inc/Module/Install/Metadata.pm
YAML-0.62/inc/Module/Install/WriteAll.pm
YAML-0.62/inc/Module/Install/Win32.pm
YAML-0.62/inc/Module/Install/Fetch.pm
YAML-0.62/inc/Module/Install/Can.pm
YAML-0.62/inc/Module/Install.pm
YAML-0.62/inc/Test/
YAML-0.62/inc/Test/Base.pm
YAML-0.62/inc/Test/Builder.pm
YAML-0.62/inc/Test/Builder/
YAML-0.62/inc/Test/Builder/Module.pm
YAML-0.62/inc/Test/More.pm
YAML-0.62/inc/Test/Base/
YAML-0.62/inc/Test/Base/Filter.pm
YAML-0.62/ysh
YAML-0.62/README
YAML-0.62/META.yml
YAML-0.62/COMPATIBILITY
YAML-0.62/Makefile.PL

  CPAN.pm: Going to build I/IN/INGY/YAML-0.62.tar.gz


*** WARNING ***

This release breaks compatibility with versions earlier than version 0.60 of
YAML::Syck and YAML.pm when serializing blessed references.

See the COMPATIBILITY file for more information.

Continue installing YAML.pm? [y] 
Checking if your kit is complete...
Looks good
Writing Makefile for YAML
cp lib/Test/YAML.pm blib/lib/Test/YAML.pm
cp lib/YAML/Types.pm blib/lib/YAML/Types.pm
cp lib/YAML/Loader.pm blib/lib/YAML/Loader.pm
cp lib/YAML/Node.pm blib/lib/YAML/Node.pm
cp lib/YAML/Error.pm blib/lib/YAML/Error.pm
cp lib/YAML/Loader/Base.pm blib/lib/YAML/Loader/Base.pm
cp lib/YAML.pm blib/lib/YAML.pm
cp lib/YAML/Dumper/Base.pm blib/lib/YAML/Dumper/Base.pm
cp lib/YAML/Marshall.pm blib/lib/YAML/Marshall.pm
cp lib/YAML/Tag.pm blib/lib/YAML/Tag.pm
cp lib/YAML/Base.pm blib/lib/YAML/Base.pm
cp lib/YAML/Dumper.pm blib/lib/YAML/Dumper.pm
cp ysh blib/script/ysh
/test/perl/bin/perl "-Iinc" "-MExtUtils::MY" -e "MY->fixin(shift)" blib/script/ysh
Manifying blib/man1/ysh.1
Manifying blib/man3/Test::YAML.3
Manifying blib/man3/YAML::Types.3
Manifying blib/man3/YAML::Node.3
Manifying blib/man3/YAML::Loader.3
Manifying blib/man3/YAML::Error.3
Manifying blib/man3/YAML::Loader::Base.3
Manifying blib/man3/YAML.3
Manifying blib/man3/YAML::Dumper::Base.3
Manifying blib/man3/YAML::Base.3
Manifying blib/man3/YAML::Marshall.3
Manifying blib/man3/YAML::Tag.3
Manifying blib/man3/YAML::Dumper.3
  /usr/bin/make  -- OK
Running make test
PERL_DL_NONLAZY=1 /test/perl/bin/perl "-MExtUtils::Command::MM" "-e" "test_harness(0, 'inc', 'blib/lib', 'blib/arch')" t/*.t
t/2-scalars..........ok                                                      
t/basic-tests........ok                                                      
t/bugs-emailed.......ok                                                      
        3/25 skipped: various reasons
t/bugs-rt............ok                                                      
        13/41 skipped: various reasons
t/changes............ok                                                      
        1/1 skipped: various reasons
t/dump-basics........ok                                                      
t/dump-blessed.......ok                                                      
t/dump-code..........ok                                                      
t/dump-file..........ok                                                      
t/dump-nested........ok                                                      
t/dump-opts..........ok                                                      
t/dump-perl-types....ok                                                      
t/dump-stringify.....ok                                                      
t/dump-tests.........ok                                                      
t/dump-works.........ok                                                      
t/errors.............ok                                                      
t/export.............ok                                                      
t/freeze-thaw........ok                                                      
t/global-api.........ok                                                      
t/inbox..............ok                                                      
        3/3 skipped: various reasons
t/load-fails.........ok                                                      
t/load-passes........ok                                                      
t/load-slides........ok                                                      
t/load-spec..........ok                                                      
t/load-tests.........ok                                                      
t/load-works.........ok                                                      
t/marshall...........ok                                                      
t/meta-yml...........ok                                                      
t/node-info..........ok                                                      
t/pugs-objects.......ok                                                      
t/references.........ok                                                      
t/svk................ok                                                      
t/test...............ok                                                      
All tests successful, 20 subtests skipped.
Files=33, Tests=425, 13 wallclock secs ( 9.45 cusr +  1.41 csys = 10.86 CPU)
  /usr/bin/make test -- OK
Running make install
Installing /test/perl/lib/site_perl/5.8.8/YAML.pm
Installing /test/perl/lib/site_perl/5.8.8/Test/YAML.pm
Installing /test/perl/lib/site_perl/5.8.8/YAML/Base.pm
Installing /test/perl/lib/site_perl/5.8.8/YAML/Dumper.pm
Installing /test/perl/lib/site_perl/5.8.8/YAML/Error.pm
Installing /test/perl/lib/site_perl/5.8.8/YAML/Loader.pm
Installing /test/perl/lib/site_perl/5.8.8/YAML/Marshall.pm
Installing /test/perl/lib/site_perl/5.8.8/YAML/Node.pm
Installing /test/perl/lib/site_perl/5.8.8/YAML/Tag.pm
Installing /test/perl/lib/site_perl/5.8.8/YAML/Types.pm
Installing /test/perl/lib/site_perl/5.8.8/YAML/Dumper/Base.pm
Installing /test/perl/lib/site_perl/5.8.8/YAML/Loader/Base.pm
Installing /test/perl/man/man1/ysh.1
Installing /test/perl/man/man3/Test::YAML.3
Installing /test/perl/man/man3/YAML.3
Installing /test/perl/man/man3/YAML::Base.3
Installing /test/perl/man/man3/YAML::Dumper.3
Installing /test/perl/man/man3/YAML::Dumper::Base.3
Installing /test/perl/man/man3/YAML::Error.3
Installing /test/perl/man/man3/YAML::Loader.3
Installing /test/perl/man/man3/YAML::Loader::Base.3
Installing /test/perl/man/man3/YAML::Marshall.3
Installing /test/perl/man/man3/YAML::Node.3
Installing /test/perl/man/man3/YAML::Tag.3
Installing /test/perl/man/man3/YAML::Types.3
Installing /test/perl/bin/ysh
Writing /test/perl/lib/site_perl/5.8.8/darwin-2level/auto/YAML/.packlist
Appending installation info to /test/perl/lib/5.8.8/darwin-2level/perllocal.pod
  /usr/bin/make install  -- OK
Running install for module Text::Glob
Running make for R/RC/RCLAMP/Text-Glob-0.07.tar.gz

Trying with "/usr/local/bin/wget -O -" to get
    http://www.perl.com/CPAN/authors/id/R/RC/RCLAMP/Text-Glob-0.07.tar.gz
--11:33:48--  http://www.perl.com/CPAN/authors/id/R/RC/RCLAMP/Text-Glob-0.07.tar.gz
           => `-'
Resolving www.perl.com... 208.201.239.36, 208.201.239.37
Connecting to www.perl.com|208.201.239.36|:80... connected.
HTTP request sent, awaiting response... 200 OK
Length: 3,691 (3.6K) [application/x-tar]

100%[==========================================================>] 3,691         --.--K/s             

11:33:48 (39.11 MB/s) - `-' saved [3691/3691]

Checksum for /Users/challing/.cpan/sources/authors/id/R/RC/RCLAMP/Text-Glob-0.07.tar.gz ok
Text-Glob-0.07/
Text-Glob-0.07/META.yml
Text-Glob-0.07/Changes
Text-Glob-0.07/MANIFEST
Text-Glob-0.07/t/
Text-Glob-0.07/t/Text-Glob.t
Text-Glob-0.07/lib/
Text-Glob-0.07/lib/Text/
Text-Glob-0.07/lib/Text/Glob.pm
Text-Glob-0.07/README
Text-Glob-0.07/Makefile.PL
Text-Glob-0.07/Build.PL

  CPAN.pm: Going to build R/RC/RCLAMP/Text-Glob-0.07.tar.gz

Checking if your kit is complete...
Looks good
Writing Makefile for Text::Glob
cp lib/Text/Glob.pm blib/lib/Text/Glob.pm
Manifying blib/man3/Text::Glob.3
  /usr/bin/make  -- OK
Running make test
PERL_DL_NONLAZY=1 /test/perl/bin/perl "-MExtUtils::Command::MM" "-e" "test_harness(0, 'blib/lib', 'blib/arch')" t/*.t
t/Text-Glob....ok                                                            
All tests successful.
Files=1, Tests=44,  0 wallclock secs ( 0.06 cusr +  0.03 csys =  0.09 CPU)
  /usr/bin/make test -- OK
Running make install
Installing /test/perl/lib/site_perl/5.8.8/Text/Glob.pm
Installing /test/perl/man/man3/Text::Glob.3
Writing /test/perl/lib/site_perl/5.8.8/darwin-2level/auto/Text/Glob/.packlist
Appending installation info to /test/perl/lib/5.8.8/darwin-2level/perllocal.pod
  /usr/bin/make install  -- OK
Running install for module CPAN
Running make for A/AN/ANDK/CPAN-1.8802.tar.gz

Trying with "/usr/local/bin/wget -O -" to get
    http://www.perl.com/CPAN/authors/id/A/AN/ANDK/CPAN-1.8802.tar.gz
--11:33:52--  http://www.perl.com/CPAN/authors/id/A/AN/ANDK/CPAN-1.8802.tar.gz
           => `-'
Resolving www.perl.com... 208.201.239.36, 208.201.239.37
Connecting to www.perl.com|208.201.239.36|:80... connected.
HTTP request sent, awaiting response... 200 OK
Length: 311,234 (304K) [application/x-tar]

100%[==========================================================>] 311,234      147.14K/s             

11:33:54 (146.80 KB/s) - `-' saved [311234/311234]

Checksum for /Users/challing/.cpan/sources/authors/id/A/AN/ANDK/CPAN-1.8802.tar.gz ok
CPAN-1.8802/
CPAN-1.8802/t/
CPAN-1.8802/t/30shell.t
CPAN-1.8802/t/50pod.t
CPAN-1.8802/t/CPAN/
CPAN-1.8802/t/CPAN/TestMirroredBy
CPAN-1.8802/t/CPAN/modules/
CPAN-1.8802/t/CPAN/modules/02packages.details.txt
CPAN-1.8802/t/CPAN/modules/03modlist.data
CPAN-1.8802/t/CPAN/CpanTestDummies-1.55.pm
CPAN-1.8802/t/CPAN/authors/
CPAN-1.8802/t/CPAN/authors/id/
CPAN-1.8802/t/CPAN/authors/id/A/
CPAN-1.8802/t/CPAN/authors/id/A/AN/
CPAN-1.8802/t/CPAN/authors/id/A/AN/ANDK/
CPAN-1.8802/t/CPAN/authors/id/A/AN/ANDK/CHECKSUMS@588
CPAN-1.8802/t/CPAN/authors/id/A/AN/ANDK/CPAN-Test-Dummy-Perl5-Build-Fails-1.01.tar.gz
CPAN-1.8802/t/CPAN/authors/id/A/AN/ANDK/CPAN-Test-Dummy-Perl5-Make-Zip-1.01.zip
CPAN-1.8802/t/CPAN/authors/id/A/AN/ANDK/CPAN-Test-Dummy-Perl5-BuildOrMake-1.01.tar.gz
CPAN-1.8802/t/CPAN/authors/id/A/AN/ANDK/CPAN-Test-Dummy-Perl5-Make-Failearly-1.01.tar.gz
CPAN-1.8802/t/CPAN/authors/id/A/AN/ANDK/CPAN-Test-Dummy-Perl5-Make-1.02.tar.gz
CPAN-1.8802/t/CPAN/authors/id/A/AN/ANDK/CPAN-Test-Dummy-Perl5-Build-1.01.tar.gz
CPAN-1.8802/t/CPAN/authors/id/A/AN/ANDK/CHECKSUMS
CPAN-1.8802/t/CPAN/authors/id/A/AN/ANDK/NotInChecksums-0.000.tar.gz
CPAN-1.8802/t/CPAN/authors/id/A/AN/CHECKSUMS
CPAN-1.8802/t/CPAN/authors/id/A/CHECKSUMS
CPAN-1.8802/t/CPAN/authors/id/CHECKSUMS
CPAN-1.8802/t/CPAN/authors/01mailrc.txt
CPAN-1.8802/t/CPAN/TestConfig.pm
CPAN-1.8802/t/12cpan.t
CPAN-1.8802/t/02nox.t
CPAN-1.8802/t/01loadme.t
CPAN-1.8802/t/10version.t
CPAN-1.8802/t/03pkgs.t
CPAN-1.8802/t/60credentials.t
CPAN-1.8802/t/52podcover.t
CPAN-1.8802/t/51pod.t
CPAN-1.8802/t/30shell.pod
CPAN-1.8802/t/00signature.t
CPAN-1.8802/t/README.shell.txt
CPAN-1.8802/t/11mirroredby.t
CPAN-1.8802/lib/
CPAN-1.8802/lib/CPAN.pm
CPAN-1.8802/lib/CPAN/
CPAN-1.8802/lib/CPAN/Debug.pm
CPAN-1.8802/lib/CPAN/FirstTime.pm
CPAN-1.8802/lib/CPAN/Admin.pm
CPAN-1.8802/lib/CPAN/Tarzip.pm
CPAN-1.8802/lib/CPAN/Version.pm
CPAN-1.8802/lib/CPAN/Nox.pm
CPAN-1.8802/lib/CPAN/HandleConfig.pm
CPAN-1.8802/inc/
CPAN-1.8802/inc/Test/
CPAN-1.8802/inc/Test/Builder.pm
CPAN-1.8802/inc/Test/More.pm
CPAN-1.8802/PAUSE2003.pub
CPAN-1.8802/Changes
CPAN-1.8802/MANIFEST
CPAN-1.8802/scripts/
CPAN-1.8802/scripts/cpan
CPAN-1.8802/META.yml
CPAN-1.8802/ChangeLog
CPAN-1.8802/Changes.old
CPAN-1.8802/ChangeLog.old
CPAN-1.8802/MANIFEST.SKIP
CPAN-1.8802/PAUSE2005.pub
CPAN-1.8802/Todo
CPAN-1.8802/SIGNATURE
CPAN-1.8802/README
CPAN-1.8802/Makefile.PL

  CPAN.pm: Going to build A/AN/ANDK/CPAN-1.8802.tar.gz

Checking if your kit is complete...
Looks good
Writing Makefile for CPAN
cp lib/CPAN/Version.pm blib/lib/CPAN/Version.pm
cp lib/CPAN.pm blib/lib/CPAN.pm
cp lib/CPAN/Admin.pm blib/lib/CPAN/Admin.pm
cp lib/CPAN/Tarzip.pm blib/lib/CPAN/Tarzip.pm
cp lib/CPAN/Debug.pm blib/lib/CPAN/Debug.pm
cp lib/CPAN/HandleConfig.pm blib/lib/CPAN/HandleConfig.pm
cp lib/CPAN/Nox.pm blib/lib/CPAN/Nox.pm
cp lib/CPAN/FirstTime.pm blib/lib/CPAN/FirstTime.pm
cp scripts/cpan blib/script/cpan
/test/perl/bin/perl "-MExtUtils::MY" -e "MY->fixin(shift)" blib/script/cpan
Manifying blib/man1/cpan.1
Manifying blib/man3/CPAN.3
Manifying blib/man3/CPAN::Version.3
Manifying blib/man3/CPAN::Tarzip.3
Manifying blib/man3/CPAN::Admin.3
Manifying blib/man3/CPAN::Debug.3
Manifying blib/man3/CPAN::HandleConfig.3
Manifying blib/man3/CPAN::Nox.3
Manifying blib/man3/CPAN::FirstTime.3
  /usr/bin/make  -- OK
Running make test
PERL_DL_NONLAZY=1 /test/perl/bin/perl "-MExtUtils::Command::MM" "-e" "test_harness(0, 'blib/lib', 'blib/arch')" t/*.t
t/00signature......ok                                                        
        1/1 skipped: various reasons
t/01loadme.........ok                                                        
t/02nox............ok                                                        
t/03pkgs...........ok                                                        
t/10version........ok                                                        
t/11mirroredby.....ok                                                        
t/12cpan...........ok 1/4                                                    
gzip: /Users/challing/.cpan/build/CPAN-1.8802/t/CPAN/authors/01mailrc.txt: not in gzip format

gzip: /Users/challing/.cpan/build/CPAN-1.8802/t/CPAN/modules/02packages.details.txt: not in gzip format

gzip: /Users/challing/.cpan/build/CPAN-1.8802/t/CPAN/modules/03modlist.data: not in gzip format
t/12cpan...........ok                                                        
t/30shell..........skipped
        all skipped: only validated on linux; maybe try env CPAN_RUN_SHELL_TEST=1
t/50pod............ok                                                        
t/51pod............ok                                                        
t/52podcover.......ok                                                        
t/60credentials....ok                                                        
All tests successful, 1 test and 1 subtest skipped.
Files=12, Tests=145,  5 wallclock secs ( 3.54 cusr +  0.78 csys =  4.32 CPU)
  /usr/bin/make test -- OK
Running make install
Installing /test/perl/lib/5.8.8/CPAN.pm
Installing /test/perl/lib/5.8.8/CPAN/Admin.pm
Installing /test/perl/lib/5.8.8/CPAN/Debug.pm
Installing /test/perl/lib/5.8.8/CPAN/FirstTime.pm
Installing /test/perl/lib/5.8.8/CPAN/HandleConfig.pm
Installing /test/perl/lib/5.8.8/CPAN/Nox.pm
Installing /test/perl/lib/5.8.8/CPAN/Tarzip.pm
Installing /test/perl/lib/5.8.8/CPAN/Version.pm
Installing /test/perl/man/man1/cpan.1
Installing /test/perl/man/man3/CPAN.3
Installing /test/perl/man/man3/CPAN::Admin.3
Installing /test/perl/man/man3/CPAN::Debug.3
Installing /test/perl/man/man3/CPAN::FirstTime.3
Installing /test/perl/man/man3/CPAN::HandleConfig.3
Installing /test/perl/man/man3/CPAN::Nox.3
Installing /test/perl/man/man3/CPAN::Tarzip.3
Installing /test/perl/man/man3/CPAN::Version.3
Installing /test/perl/bin/cpan
Writing /test/perl/lib/5.8.8/darwin-2level/auto/CPAN/.packlist
Appending installation info to /test/perl/lib/5.8.8/darwin-2level/perllocal.pod
  /usr/bin/make install  -- OK
Running install for module File::Which
Running make for P/PE/PEREINAR/File-Which-0.05.tar.gz

Trying with "/usr/local/bin/wget -O -" to get
    http://www.perl.com/CPAN/authors/id/P/PE/PEREINAR/File-Which-0.05.tar.gz
--11:34:04--  http://www.perl.com/CPAN/authors/id/P/PE/PEREINAR/File-Which-0.05.tar.gz
           => `-'
Resolving www.perl.com... 208.201.239.36, 208.201.239.37
Connecting to www.perl.com|208.201.239.36|:80... connected.
HTTP request sent, awaiting response... 200 OK
Length: 7,264 (7.1K) [application/x-tar]

100%[==========================================================>] 7,264         --.--K/s             

11:34:05 (54.45 KB/s) - `-' saved [7264/7264]


Trying with "/usr/local/bin/wget -O -" to get
    http://www.perl.com/CPAN/authors/id/P/PE/PEREINAR/CHECKSUMS
--11:34:05--  http://www.perl.com/CPAN/authors/id/P/PE/PEREINAR/CHECKSUMS
           => `-'
Resolving www.perl.com... 208.201.239.36, 208.201.239.37
Connecting to www.perl.com|208.201.239.36|:80... connected.
HTTP request sent, awaiting response... 200 OK
Length: 2,201 (2.1K) [text/plain]

100%[==========================================================>] 2,201         --.--K/s             

11:34:05 (19.80 MB/s) - `-' saved [2201/2201]

Checksum for /Users/challing/.cpan/sources/authors/id/P/PE/PEREINAR/File-Which-0.05.tar.gz ok
File-Which-0.05/
File-Which-0.05/README
File-Which-0.05/t/
File-Which-0.05/t/all.t
File-Which-0.05/t/test-bin/
File-Which-0.05/t/test-bin/test4/
File-Which-0.05/t/test-bin/test4/foo.txt
File-Which-0.05/t/test-bin/README.txt
File-Which-0.05/t/test-bin/test3
File-Which-0.05/t/test-bin/all
File-Which-0.05/t/test-bin/test2.bat
File-Which-0.05/t/test-bin/all.bat
File-Which-0.05/t/test-bin/test1.exe
File-Which-0.05/t/test-bin/all.exe
File-Which-0.05/t/simple.t
File-Which-0.05/t/load.t
File-Which-0.05/Which.pm
File-Which-0.05/MANIFEST
File-Which-0.05/Changes
File-Which-0.05/Makefile.PL
File-Which-0.05/bin/
File-Which-0.05/bin/pwhich

  CPAN.pm: Going to build P/PE/PEREINAR/File-Which-0.05.tar.gz

Checking if your kit is complete...
Looks good
Writing Makefile for File::Which
cp Which.pm blib/lib/File/Which.pm
cp bin/pwhich blib/script/pwhich
/test/perl/bin/perl "-MExtUtils::MY" -e "MY->fixin(shift)" blib/script/pwhich
Manifying blib/man1/pwhich.1
Manifying blib/man3/File::Which.3
  /usr/bin/make  -- OK
Running make test
PERL_DL_NONLAZY=1 /test/perl/bin/perl "-MExtUtils::Command::MM" "-e" "test_harness(0, 'blib/lib', 'blib/arch')" t/*.t
t/all.......ok                                                               
t/load......ok                                                               
t/simple....ok                                                               
        5/9 skipped: various reasons
All tests successful, 5 subtests skipped.
Files=3, Tests=13,  0 wallclock secs ( 0.09 cusr +  0.05 csys =  0.14 CPU)
  /usr/bin/make test -- OK
Running make install
Installing /test/perl/lib/site_perl/5.8.8/File/Which.pm
Installing /test/perl/man/man1/pwhich.1
Installing /test/perl/man/man3/File::Which.3
Installing /test/perl/bin/pwhich
Writing /test/perl/lib/site_perl/5.8.8/darwin-2level/auto/File/Which/.packlist
Appending installation info to /test/perl/lib/5.8.8/darwin-2level/perllocal.pod
  /usr/bin/make install  -- OK
Bundle summary: The following items in bundle Bundle::CPAN had installation
problems:
  Compress::Zlib Archive::Tar Archive::Zip 
Running install for module Compress::Zlib
Running make for P/PM/PMQS/Compress-Zlib-2.001.tar.gz
  Is already unwrapped into directory /Users/challing/.cpan/build/Compress-Zlib-2.001

  CPAN.pm: Going to build P/PM/PMQS/Compress-Zlib-2.001.tar.gz

cp lib/Compress/Zlib.pm blib/lib/Compress/Zlib.pm
AutoSplitting blib/lib/Compress/Zlib.pm (blib/lib/auto/Compress/Zlib)
Manifying blib/man3/Compress::Zlib.3
  /usr/bin/make  -- OK
Running make test
PERL_DL_NONLAZY=1 /test/perl/bin/perl "-MExtUtils::Command::MM" "-e" "test_harness(0, 'blib/lib', 'blib/arch')" t/*.t
t/01version.....NOK 1/2                                                      
#     Failed test (t/01version.t at line 23)
#     Tried to use 'Compress::Zlib'.
#     Error:  Can't locate IO/Compress/Base/Common.pm in @INC (@INC contains: t t/compress /Users/challing/.cpan/build/Compress-Zlib-2.001/blib/lib /Users/challing/.cpan/build/Compress-Zlib-2.001/blib/arch /test/perl/lib/5.8.8/darwin-2level /test/perl/lib/5.8.8 /test/perl/lib/site_perl/5.8.8/darwin-2level /test/perl/lib/site_perl/5.8.8 /test/perl/lib/site_perl .) at /Users/challing/.cpan/build/Compress-Zlib-2.001/blib/lib/Compress/Zlib.pm line 11.
# BEGIN failed--compilation aborted at t/01version.t line 23.
# Compilation failed in require at (eval 3) line 2.
# BEGIN failed--compilation aborted at (eval 3) line 2.
Bareword "ZLIB_VERSION" not allowed while "strict subs" in use at t/01version.t line 28.
Bareword "Compress::Zlib::zlib_version" not allowed while "strict subs" in use at t/01version.t line 29.
Execution of t/01version.t aborted due to compilation errors.
# Looks like you planned 2 tests but only ran 1.
# Looks like your test died just after 1.
t/01version.....dubious                                                      
        Test returned status 255 (wstat 65280, 0xff00)
DIED. FAILED tests 1-2
        Failed 2/2 tests, 0.00% okay
t/03zlib-v1.....NOK 1/364                                                    
#     Failed test (t/03zlib-v1.t at line 35)
#     Tried to use 'Compress::Zlib'.
#     Error:  Can't locate IO/Compress/Base/Common.pm in @INC (@INC contains: t t/compress /Users/challing/.cpan/build/Compress-Zlib-2.001/blib/lib /Users/challing/.cpan/build/Compress-Zlib-2.001/blib/arch /test/perl/lib/5.8.8/darwin-2level /test/perl/lib/5.8.8 /test/perl/lib/site_perl/5.8.8/darwin-2level /test/perl/lib/site_perl/5.8.8 /test/perl/lib/site_perl .) at /Users/challing/.cpan/build/Compress-Zlib-2.001/blib/lib/Compress/Zlib.pm line 11.
# BEGIN failed--compilation aborted at t/03zlib-v1.t line 35.
# Compilation failed in require at (eval 4) line 2.
# BEGIN failed--compilation aborted at (eval 4) line 2.
t/03zlib-v1.....NOK 2/364                                                    
#     Failed test (t/03zlib-v1.t at line 36)
#     Tried to use 'IO::Compress::Gzip::Constants'.
#     Error:  Can't locate IO/Compress/Gzip/Constants.pm in @INC (@INC contains: t t/compress /Users/challing/.cpan/build/Compress-Zlib-2.001/blib/lib /Users/challing/.cpan/build/Compress-Zlib-2.001/blib/arch /test/perl/lib/5.8.8/darwin-2level /test/perl/lib/5.8.8 /test/perl/lib/site_perl/5.8.8/darwin-2level /test/perl/lib/site_perl/5.8.8 /test/perl/lib/site_perl .) at (eval 8) line 2.
# BEGIN failed--compilation aborted at t/03zlib-v1.t line 36.
t/03zlib-v1.....NOK 3/364                                                    
#     Failed test (t/03zlib-v1.t at line 38)
#     Tried to use 'IO::Compress::Gzip'.
#     Error:  Can't locate IO/Compress/Gzip.pm in @INC (@INC contains: t t/compress /Users/challing/.cpan/build/Compress-Zlib-2.001/blib/lib /Users/challing/.cpan/build/Compress-Zlib-2.001/blib/arch /test/perl/lib/5.8.8/darwin-2level /test/perl/lib/5.8.8 /test/perl/lib/site_perl/5.8.8/darwin-2level /test/perl/lib/site_perl/5.8.8 /test/perl/lib/site_perl .) at (eval 9) line 2.
# BEGIN failed--compilation aborted at t/03zlib-v1.t line 38.
Global symbol "$gzerrno" requires explicit package name at t/03zlib-v1.t line 1043.
Bareword "Compress::Zlib::zlib_version" not allowed while "strict subs" in use at t/03zlib-v1.t line 50.
Bareword "ZLIB_VERSION" not allowed while "strict subs" in use at t/03zlib-v1.t line 50.
Bareword "Z_BEST_COMPRESSION" not allowed while "strict subs" in use at t/03zlib-v1.t line 126.
Bareword "Z_OK" not allowed while "strict subs" in use at t/03zlib-v1.t line 147.
Bareword "Z_OK" not allowed while "strict subs" in use at t/03zlib-v1.t line 153.
Bareword "Z_OK" not allowed while "strict subs" in use at t/03zlib-v1.t line 158.
Bareword "Z_OK" not allowed while "strict subs" in use at t/03zlib-v1.t line 160.
Bareword "Z_OK" not allowed while "strict subs" in use at t/03zlib-v1.t line 169.
Bareword "Z_STREAM_END" not allowed while "strict subs" in use at t/03zlib-v1.t line 177.
Bareword "Z_OK" not allowed while "strict subs" in use at t/03zlib-v1.t line 177.
Bareword "Z_STREAM_END" not allowed while "strict subs" in use at t/03zlib-v1.t line 181.
Bareword "Z_OK" not allowed while "strict subs" in use at t/03zlib-v1.t line 192.
Bareword "Z_OK" not allowed while "strict subs" in use at t/03zlib-v1.t line 204.
Bareword "Z_OK" not allowed while "strict subs" in use at t/03zlib-v1.t line 206.
Bareword "Z_OK" not allowed while "strict subs" in use at t/03zlib-v1.t line 218.
Bareword "Z_STREAM_END" not allowed while "strict subs" in use at t/03zlib-v1.t line 229.
Bareword "Z_OK" not allowed while "strict subs" in use at t/03zlib-v1.t line 229.
Bareword "Z_STREAM_END" not allowed while "strict subs" in use at t/03zlib-v1.t line 233.
Bareword "Z_OK" not allowed while "strict subs" in use at t/03zlib-v1.t line 248.
Bareword "Z_OK" not allowed while "strict subs" in use at t/03zlib-v1.t line 253.
Bareword "Z_STREAM_END" not allowed while "strict subs" in use at t/03zlib-v1.t line 262.
Bareword "Z_BEST_COMPRESSION" not allowed while "strict subs" in use at t/03zlib-v1.t line 269.
Bareword "Z_OK" not allowed while "strict subs" in use at t/03zlib-v1.t line 275.
Bareword "Z_OK" not allowed while "strict subs" in use at t/03zlib-v1.t line 277.
Bareword "Z_STREAM_END" not allowed while "strict subs" in use at t/03zlib-v1.t line 284.
Bareword "Z_BEST_COMPRESSION" not allowed while "strict subs" in use at t/03zlib-v1.t line 307.
Bareword "Z_OK" not allowed while "strict subs" in use at t/03zlib-v1.t line 310.
Bareword "Z_OK" not allowed while "strict subs" in use at t/03zlib-v1.t line 312.
Bareword "Z_OK" not allowed while "strict subs" in use at t/03zlib-v1.t line 321.
Bareword "Z_STREAM_END" not allowed while "strict subs" in use at t/03zlib-v1.t line 327.
Bareword "Z_OK" not allowed while "strict subs" in use at t/03zlib-v1.t line 554.
Bareword "Z_OK" not allowed while "strict subs" in use at t/03zlib-v1.t line 560.
Bareword "Z_OK" not allowed while "strict subs" in use at t/03zlib-v1.t line 565.
Bareword "Z_OK" not allowed while "strict subs" in use at t/03zlib-v1.t line 567.
Bareword "Z_OK" not allowed while "strict subs" in use at t/03zlib-v1.t line 578.
Bareword "Z_STREAM_END" not allowed while "strict subs" in use at t/03zlib-v1.t line 585.
Bareword "Z_OK" not allowed while "strict subs" in use at t/03zlib-v1.t line 585.
Bareword "Z_STREAM_END" not allowed while "strict subs" in use at t/03zlib-v1.t line 589.
Bareword "Z_OK" not allowed while "strict subs" in use at t/03zlib-v1.t line 605.
Bareword "Z_OK" not allowed while "strict subs" in use at t/03zlib-v1.t line 608.
Bareword "Z_FULL_FLUSH" not allowed while "strict subs" in use at t/03zlib-v1.t line 611.
Bareword "Z_OK" not allowed while "strict subs" in use at t/03zlib-v1.t line 611.
Bareword "Z_OK" not allowed while "strict subs" in use at t/03zlib-v1.t line 615.
Bareword "Z_OK" not allowed while "strict subs" in use at t/03zlib-v1.t line 618.
Bareword "Z_OK" not allowed while "strict subs" in use at t/03zlib-v1.t line 626.
Bareword "Z_OK" not allowed while "strict subs" in use at t/03zlib-v1.t line 629.
Bareword "Z_DATA_ERROR" not allowed while "strict subs" in use at t/03zlib-v1.t line 636.
Bareword "Z_OK" not allowed while "strict subs" in use at t/03zlib-v1.t line 640.
Bareword "Z_STREAM_END" not allowed while "strict subs" in use at t/03zlib-v1.t line 650.
Bareword "Z_OK" not allowed while "strict subs" in use at t/03zlib-v1.t line 650.
Bareword "Z_DATA_ERROR" not allowed while "strict subs" in use at t/03zlib-v1.t line 655.
Bareword "Z_STREAM_END" not allowed while "strict subs" in use at t/03zlib-v1.t line 655.
Bareword "Z_OK" not allowed while "strict subs" in use at t/03zlib-v1.t line 666.
Bareword "Z_OK" not allowed while "strict subs" in use at t/03zlib-v1.t line 669.
Bareword "Z_OK" not allowed while "strict subs" in use at t/03zlib-v1.t line 672.
Bareword "Z_DATA_ERROR" not allowed while "strict subs" in use at t/03zlib-v1.t line 676.
Bareword "Z_BEST_COMPRESSION" not allowed while "strict subs" in use at t/03zlib-v1.t line 687.
Bareword "Z_DEFAULT_STRATEGY" not allowed while "strict subs" in use at t/03zlib-v1.t line 687.
Bareword "Z_OK" not allowed while "strict subs" in use at t/03zlib-v1.t line 690.
Bareword "Z_BEST_COMPRESSION" not allowed while "strict subs" in use at t/03zlib-v1.t line 692.
Bareword "Z_DEFAULT_STRATEGY" not allowed while "strict subs" in use at t/03zlib-v1.t line 693.
Bareword "Z_OK" not allowed while "strict subs" in use at t/03zlib-v1.t line 696.
Bareword "Z_BEST_COMPRESSION" not allowed while "strict subs" in use at t/03zlib-v1.t line 710.
Bareword "Z_DEFAULT_STRATEGY" not allowed while "strict subs" in use at t/03zlib-v1.t line 711.
Bareword "Z_BEST_SPEED" not allowed while "strict subs" in use at t/03zlib-v1.t line 714.
Bareword "Z_HUFFMAN_ONLY" not allowed while "strict subs" in use at t/03zlib-v1.t line 714.
Bareword "Z_OK" not allowed while "strict subs" in use at t/03zlib-v1.t line 715.
Bareword "Z_BEST_SPEED" not allowed while "strict subs" in use at t/03zlib-v1.t line 717.
Bareword "Z_HUFFMAN_ONLY" not allowed while "strict subs" in use at t/03zlib-v1.t line 718.
Bareword "Z_OK" not allowed while "strict subs" in use at t/03zlib-v1.t line 721.
Bareword "Z_NO_COMPRESSION" not allowed while "strict subs" in use at t/03zlib-v1.t line 726.
Bareword "Z_OK" not allowed while "strict subs" in use at t/03zlib-v1.t line 727.
Bareword "Z_NO_COMPRESSION" not allowed while "strict subs" in use at t/03zlib-v1.t line 729.
Bareword "Z_HUFFMAN_ONLY" not allowed while "strict subs" in use at t/03zlib-v1.t line 730.
Bareword "Z_OK" not allowed while "strict subs" in use at t/03zlib-v1.t line 733.
Bareword "Z_FILTERED" not allowed while "strict subs" in use at t/03zlib-v1.t line 738.
Bareword "Z_OK" not allowed while "strict subs" in use at t/03zlib-v1.t line 739.
Bareword "Z_NO_COMPRESSION" not allowed while "strict subs" in use at t/03zlib-v1.t line 741.
Bareword "Z_FILTERED" not allowed while "strict subs" in use at t/03zlib-v1.t line 742.
Bareword "Z_OK" not allowed while "strict subs" in use at t/03zlib-v1.t line 745.
Bareword "Z_OK" not allowed while "strict subs" in use at t/03zlib-v1.t line 749.
Bareword "Z_OK" not allowed while "strict subs" in use at t/03zlib-v1.t line 757.
Bareword "Z_STREAM_END" not allowed while "strict subs" in use at t/03zlib-v1.t line 761.
Bareword "Z_OK" not allowed while "strict subs" in use at t/03zlib-v1.t line 817.
Bareword "Z_OK" not allowed while "strict subs" in use at t/03zlib-v1.t line 823.
Bareword "Z_STREAM_END" not allowed while "strict subs" in use at t/03zlib-v1.t line 834.
Bareword "GZIP_MIN_HEADER_SIZE" not allowed while "strict subs" in use at t/03zlib-v1.t line 951.
Bareword "GZIP_MIN_HEADER_SIZE" not allowed while "strict subs" in use at t/03zlib-v1.t line 951.
Bareword "GZIP_FEXTRA_HEADER_SIZE" not allowed while "strict subs" in use at t/03zlib-v1.t line 951.
Bareword "GZIP_MIN_HEADER_SIZE" not allowed while "strict subs" in use at t/03zlib-v1.t line 972.
Bareword "GZIP_MIN_HEADER_SIZE" not allowed while "strict subs" in use at t/03zlib-v1.t line 972.
Bareword "GZIP_MIN_HEADER_SIZE" not allowed while "strict subs" in use at t/03zlib-v1.t line 990.
Bareword "GZIP_MIN_HEADER_SIZE" not allowed while "strict subs" in use at t/03zlib-v1.t line 990.
Bareword "GZIP_MIN_HEADER_SIZE" not allowed while "strict subs" in use at t/03zlib-v1.t line 1006.
Bareword "GZIP_MIN_HEADER_SIZE" not allowed while "strict subs" in use at t/03zlib-v1.t line 1006.
Bareword "GZIP_FHCRC_SIZE" not allowed while "strict subs" in use at t/03zlib-v1.t line 1006.
Execution of t/03zlib-v1.t aborted due to compilation errors.
# Looks like you planned 364 tests but only ran 3.
# Looks like your test died just after 3.
t/03zlib-v1.....dubious                                                      
        Test returned status 255 (wstat 65280, 0xff00)
DIED. FAILED tests 1-364
        Failed 364/364 tests, 0.00% okay
t/05examples....Can't locate IO/Compress/Base/Common.pm in @INC (@INC contains: t t/compress /Users/challing/.cpan/build/Compress-Zlib-2.001/blib/lib /Users/challing/.cpan/build/Compress-Zlib-2.001/blib/arch /test/perl/lib/5.8.8/darwin-2level /test/perl/lib/5.8.8 /test/perl/lib/site_perl/5.8.8/darwin-2level /test/perl/lib/site_perl/5.8.8 /test/perl/lib/site_perl .) at /Users/challing/.cpan/build/Compress-Zlib-2.001/blib/lib/Compress/Zlib.pm line 11.
BEGIN failed--compilation aborted at /Users/challing/.cpan/build/Compress-Zlib-2.001/blib/lib/Compress/Zlib.pm line 11.
Compilation failed in require at t/05examples.t line 16.
BEGIN failed--compilation aborted at t/05examples.t line 16.
# Looks like your test died before it could output anything.
t/05examples....dubious                                                      
        Test returned status 255 (wstat 65280, 0xff00)
t/06gzsetp......Can't locate IO/Compress/Base/Common.pm in @INC (@INC contains: t t/compress /Users/challing/.cpan/build/Compress-Zlib-2.001/blib/lib /Users/challing/.cpan/build/Compress-Zlib-2.001/blib/arch /test/perl/lib/5.8.8/darwin-2level /test/perl/lib/5.8.8 /test/perl/lib/site_perl/5.8.8/darwin-2level /test/perl/lib/site_perl/5.8.8 /test/perl/lib/site_perl .) at /Users/challing/.cpan/build/Compress-Zlib-2.001/blib/lib/Compress/Zlib.pm line 11.
BEGIN failed--compilation aborted at /Users/challing/.cpan/build/Compress-Zlib-2.001/blib/lib/Compress/Zlib.pm line 11.
Compilation failed in require at t/06gzsetp.t line 16.
BEGIN failed--compilation aborted at t/06gzsetp.t line 16.
# Looks like your test died before it could output anything.
t/06gzsetp......dubious                                                      
        Test returned status 255 (wstat 65280, 0xff00)
t/08encoding....NOK 1/16                                                     
#     Failed test (t/08encoding.t at line 33)
#     Tried to use 'Compress::Zlib'.
#     Error:  Can't locate IO/Compress/Base/Common.pm in @INC (@INC contains: t t/compress /Users/challing/.cpan/build/Compress-Zlib-2.001/blib/lib /Users/challing/.cpan/build/Compress-Zlib-2.001/blib/arch /test/perl/lib/5.8.8/darwin-2level /test/perl/lib/5.8.8 /test/perl/lib/site_perl/5.8.8/darwin-2level /test/perl/lib/site_perl/5.8.8 /test/perl/lib/site_perl .) at /Users/challing/.cpan/build/Compress-Zlib-2.001/blib/lib/Compress/Zlib.pm line 11.
# BEGIN failed--compilation aborted at t/08encoding.t line 33.
# Compilation failed in require at (eval 4) line 2.
# BEGIN failed--compilation aborted at (eval 4) line 2.
Bareword "Compress::Zlib::zlib_version" not allowed while "strict subs" in use at t/08encoding.t line 40.
Bareword "ZLIB_VERSION" not allowed while "strict subs" in use at t/08encoding.t line 40.
Execution of t/08encoding.t aborted due to compilation errors.
# Looks like you planned 16 tests but only ran 1.
# Looks like your test died just after 1.
t/08encoding....dubious                                                      
        Test returned status 255 (wstat 65280, 0xff00)
DIED. FAILED tests 1-16
        Failed 16/16 tests, 0.00% okay
t/14gzopen......NOK 1/217                                                    
#     Failed test (t/14gzopen.t at line 25)
#     Tried to use 'Compress::Zlib'.
#     Error:  Can't locate IO/Compress/Base/Common.pm in @INC (@INC contains: t t/compress /Users/challing/.cpan/build/Compress-Zlib-2.001/blib/lib /Users/challing/.cpan/build/Compress-Zlib-2.001/blib/arch /test/perl/lib/5.8.8/darwin-2level /test/perl/lib/5.8.8 /test/perl/lib/site_perl/5.8.8/darwin-2level /test/perl/lib/site_perl/5.8.8 /test/perl/lib/site_perl .) at /Users/challing/.cpan/build/Compress-Zlib-2.001/blib/lib/Compress/Zlib.pm line 11.
# BEGIN failed--compilation aborted at t/14gzopen.t line 25.
# Compilation failed in require at (eval 7) line 2.
# BEGIN failed--compilation aborted at (eval 7) line 2.
t/14gzopen......NOK 2/217                                                    
#     Failed test (t/14gzopen.t at line 26)
#     Tried to use 'IO::Compress::Gzip::Constants'.
#     Error:  Can't locate IO/Compress/Gzip/Constants.pm in @INC (@INC contains: t t/compress /Users/challing/.cpan/build/Compress-Zlib-2.001/blib/lib /Users/challing/.cpan/build/Compress-Zlib-2.001/blib/arch /test/perl/lib/5.8.8/darwin-2level /test/perl/lib/5.8.8 /test/perl/lib/site_perl/5.8.8/darwin-2level /test/perl/lib/site_perl/5.8.8 /test/perl/lib/site_perl .) at (eval 10) line 2.
# BEGIN failed--compilation aborted at t/14gzopen.t line 26.
Global symbol "$gzerrno" requires explicit package name at t/14gzopen.t line 49.
Global symbol "$gzerrno" requires explicit package name at t/14gzopen.t line 53.
Global symbol "$gzerrno" requires explicit package name at t/14gzopen.t line 56.
Global symbol "$gzerrno" requires explicit package name at t/14gzopen.t line 59.
Global symbol "$gzerrno" requires explicit package name at t/14gzopen.t line 66.
Global symbol "$gzerrno" requires explicit package name at t/14gzopen.t line 94.
Global symbol "$gzerrno" requires explicit package name at t/14gzopen.t line 97.
Global symbol "$gzerrno" requires explicit package name at t/14gzopen.t line 100.
Global symbol "$gzerrno" requires explicit package name at t/14gzopen.t line 104.
Global symbol "$gzerrno" requires explicit package name at t/14gzopen.t line 111.
Global symbol "$gzerrno" requires explicit package name at t/14gzopen.t line 111.
Global symbol "$gzerrno" requires explicit package name at t/14gzopen.t line 117.
Global symbol "$gzerrno" requires explicit package name at t/14gzopen.t line 118.
Global symbol "$gzerrno" requires explicit package name at t/14gzopen.t line 480.
Global symbol "$gzerrno" requires explicit package name at t/14gzopen.t line 481.
Global symbol "$gzerrno" requires explicit package name at t/14gzopen.t line 496.
Global symbol "$gzerrno" requires explicit package name at t/14gzopen.t line 499.
Bareword "Compress::Zlib::zlib_version" not allowed while "strict subs" in use at t/14gzopen.t line 38.
Bareword "ZLIB_VERSION" not allowed while "strict subs" in use at t/14gzopen.t line 38.
Bareword "Z_FINISH" not allowed while "strict subs" in use at t/14gzopen.t line 98.
Bareword "Z_STREAM_END" not allowed while "strict subs" in use at t/14gzopen.t line 110.
Bareword "Z_STREAM_END" not allowed while "strict subs" in use at t/14gzopen.t line 111.
Bareword "Z_STREAM_ERROR" not allowed while "strict subs" in use at t/14gzopen.t line 446.
Bareword "Z_STREAM_ERROR" not allowed while "strict subs" in use at t/14gzopen.t line 461.
Execution of t/14gzopen.t aborted due to compilation errors.
# Looks like you planned 217 tests but only ran 2.
# Looks like your test died just after 2.
t/14gzopen......dubious                                                      
        Test returned status 255 (wstat 65280, 0xff00)
DIED. FAILED tests 1-217
        Failed 217/217 tests, 0.00% okay
t/99pod.........ok                                                           
Failed Test    Stat Wstat Total Fail  List of Failed
-------------------------------------------------------------------------------
t/01version.t   255 65280     2    3  1-2
t/03zlib-v1.t   255 65280   364  725  1-364
t/05examples.t  255 65280    ??   ??  ??
t/06gzsetp.t    255 65280    ??   ??  ??
t/08encoding.t  255 65280    16   31  1-16
t/14gzopen.t    255 65280   217  432  1-217
Failed 6/7 test scripts. 599/600 subtests failed.
Files=7, Tests=600,  1 wallclock secs ( 0.73 cusr +  0.20 csys =  0.93 CPU)
Failed 6/7 test programs. 599/600 subtests failed.
make: *** [test_dynamic] Error 255
  /usr/bin/make test -- NOT OK
Running make install
  make test had returned bad status, won't install without force
File::Which is up to date.
Running make for A/AD/ADAMK/Archive-Zip-1.18.tar.gz
  Is already unwrapped into directory /Users/challing/.cpan/build/Archive-Zip-1.18

  CPAN.pm: Going to build A/AD/ADAMK/Archive-Zip-1.18.tar.gz

cp lib/Archive/Zip/FileMember.pm blib/lib/Archive/Zip/FileMember.pm
cp lib/Archive/Zip/MemberRead.pm blib/lib/Archive/Zip/MemberRead.pm
cp lib/Archive/Zip/MockFileHandle.pm blib/lib/Archive/Zip/MockFileHandle.pm
cp lib/Archive/Zip/BufferedFileHandle.pm blib/lib/Archive/Zip/BufferedFileHandle.pm
cp lib/Archive/Zip/StringMember.pm blib/lib/Archive/Zip/StringMember.pm
cp lib/Archive/Zip/Tree.pm blib/lib/Archive/Zip/Tree.pm
cp lib/Archive/Zip/FAQ.pod blib/lib/Archive/Zip/FAQ.pod
cp lib/Archive/Zip/Member.pm blib/lib/Archive/Zip/Member.pm
cp lib/Archive/Zip/Archive.pm blib/lib/Archive/Zip/Archive.pm
cp lib/Archive/Zip.pm blib/lib/Archive/Zip.pm
cp lib/Archive/Zip/DirectoryMember.pm blib/lib/Archive/Zip/DirectoryMember.pm
cp lib/Archive/Zip/NewFileMember.pm blib/lib/Archive/Zip/NewFileMember.pm
cp lib/Archive/Zip/ZipFileMember.pm blib/lib/Archive/Zip/ZipFileMember.pm
cp bin/crc32 blib/script/crc32
/test/perl/bin/perl "-MExtUtils::MY" -e "MY->fixin(shift)" blib/script/crc32
Manifying blib/man3/Archive::Zip::Tree.3
Manifying blib/man3/Archive::Zip::FAQ.3
Manifying blib/man3/Archive::Zip.3
Manifying blib/man3/Archive::Zip::MemberRead.3
  /usr/bin/make  -- OK
Running make test
PERL_DL_NONLAZY=1 /test/perl/bin/perl "-MExtUtils::Command::MM" "-e" "test_harness(0, 'blib/lib', 'blib/arch')" t/*.t
t/01_compile.......
#   Failed test 'use Archive::Zip;'
#   at t/01_compile.t line 5.
#     Tried to use 'Archive::Zip'.
#     Error:  Can't locate Compress/Zlib.pm in @INC (@INC contains: /Users/challing/.cpan/build/Archive-Zip-1.18/blib/lib /Users/challing/.cpan/build/Archive-Zip-1.18/blib/arch /test/perl/lib/5.8.8/darwin-2level /test/perl/lib/5.8.8/darwin-2level /test/perl/lib/5.8.8 /test/perl/lib/site_perl/5.8.8/darwin-2level /test/perl/lib/site_perl/5.8.8/darwin-2level /test/perl/lib/site_perl/5.8.8 /test/perl/lib/site_perl/5.8.8/darwin-2level /test/perl/lib/site_perl/5.8.8 /test/perl/lib/site_perl . /test/perl/lib/5.8.8/darwin-2level /test/perl/lib/5.8.8 /test/perl/lib/site_perl/5.8.8/darwin-2level /test/perl/lib/site_perl/5.8.8 /test/perl/lib/site_perl .) at /Users/challing/.cpan/build/Archive-Zip-1.18/blib/lib/Archive/Zip.pm line 24.
# BEGIN failed--compilation aborted at t/01_compile.t line 5.
# Compilation failed in require at (eval 3) line 2.
# BEGIN failed--compilation aborted at (eval 3) line 2.
"ERROR_CODES" is not defined in %Archive::Zip::EXPORT_TAGS at /Users/challing/.cpan/build/Archive-Zip-1.18/blib/lib/Archive/Zip/MemberRead.pm line 39
"CONSTANTS" is not defined in %Archive::Zip::EXPORT_TAGS at /Users/challing/.cpan/build/Archive-Zip-1.18/blib/lib/Archive/Zip/MemberRead.pm line 39
t/01_compile.......NOK 2/2                                                   
#   Failed test 'use Archive::Zip::MemberRead;'
#   at t/01_compile.t line 6.
#     Tried to use 'Archive::Zip::MemberRead'.
#     Error:  Can't continue after import errors at /Users/challing/.cpan/build/Archive-Zip-1.18/blib/lib/Archive/Zip/MemberRead.pm line 39
# BEGIN failed--compilation aborted at t/01_compile.t line 6.
# Compilation failed in require at (eval 7) line 2.
# BEGIN failed--compilation aborted at (eval 7) line 2.
# Looks like you failed 2 tests of 2.
t/01_compile.......dubious                                                   
        Test returned status 2 (wstat 512, 0x200)
DIED. FAILED tests 1-2
        Failed 2/2 tests, 0.00% okay
t/02_main..........Can't locate Compress/Zlib.pm in @INC (@INC contains: /Users/challing/.cpan/build/Archive-Zip-1.18/blib/lib /Users/challing/.cpan/build/Archive-Zip-1.18/blib/arch /test/perl/lib/5.8.8/darwin-2level /test/perl/lib/5.8.8/darwin-2level /test/perl/lib/5.8.8 /test/perl/lib/site_perl/5.8.8/darwin-2level /test/perl/lib/site_perl/5.8.8/darwin-2level /test/perl/lib/site_perl/5.8.8 /test/perl/lib/site_perl/5.8.8/darwin-2level /test/perl/lib/site_perl/5.8.8 /test/perl/lib/site_perl . /test/perl/lib/5.8.8/darwin-2level /test/perl/lib/5.8.8 /test/perl/lib/site_perl/5.8.8/darwin-2level /test/perl/lib/site_perl/5.8.8 /test/perl/lib/site_perl .) at /Users/challing/.cpan/build/Archive-Zip-1.18/blib/lib/Archive/Zip.pm line 24.
BEGIN failed--compilation aborted at /Users/challing/.cpan/build/Archive-Zip-1.18/blib/lib/Archive/Zip.pm line 24.
Compilation failed in require at t/02_main.t line 6.
BEGIN failed--compilation aborted at t/02_main.t line 6.
t/02_main..........dubious                                                   
        Test returned status 2 (wstat 512, 0x200)
t/03_ex............Can't locate Compress/Zlib.pm in @INC (@INC contains: /Users/challing/.cpan/build/Archive-Zip-1.18/blib/lib /Users/challing/.cpan/build/Archive-Zip-1.18/blib/arch /test/perl/lib/5.8.8/darwin-2level /test/perl/lib/5.8.8/darwin-2level /test/perl/lib/5.8.8 /test/perl/lib/site_perl/5.8.8/darwin-2level /test/perl/lib/site_perl/5.8.8/darwin-2level /test/perl/lib/site_perl/5.8.8 /test/perl/lib/site_perl/5.8.8/darwin-2level /test/perl/lib/site_perl/5.8.8 /test/perl/lib/site_perl . /test/perl/lib/5.8.8/darwin-2level /test/perl/lib/5.8.8 /test/perl/lib/site_perl/5.8.8/darwin-2level /test/perl/lib/site_perl/5.8.8 /test/perl/lib/site_perl .) at /Users/challing/.cpan/build/Archive-Zip-1.18/blib/lib/Archive/Zip.pm line 24.
BEGIN failed--compilation aborted at /Users/challing/.cpan/build/Archive-Zip-1.18/blib/lib/Archive/Zip.pm line 24.
Compilation failed in require at t/03_ex.t line 4.
BEGIN failed--compilation aborted at t/03_ex.t line 4.
t/03_ex............dubious                                                   
        Test returned status 2 (wstat 512, 0x200)
t/04_readmember....Can't locate Compress/Zlib.pm in @INC (@INC contains: /Users/challing/.cpan/build/Archive-Zip-1.18/blib/lib /Users/challing/.cpan/build/Archive-Zip-1.18/blib/arch /test/perl/lib/5.8.8/darwin-2level /test/perl/lib/5.8.8/darwin-2level /test/perl/lib/5.8.8 /test/perl/lib/site_perl/5.8.8/darwin-2level /test/perl/lib/site_perl/5.8.8/darwin-2level /test/perl/lib/site_perl/5.8.8 /test/perl/lib/site_perl/5.8.8/darwin-2level /test/perl/lib/site_perl/5.8.8 /test/perl/lib/site_perl . /test/perl/lib/5.8.8/darwin-2level /test/perl/lib/5.8.8 /test/perl/lib/site_perl/5.8.8/darwin-2level /test/perl/lib/site_perl/5.8.8 /test/perl/lib/site_perl .) at /Users/challing/.cpan/build/Archive-Zip-1.18/blib/lib/Archive/Zip.pm line 24.
BEGIN failed--compilation aborted at /Users/challing/.cpan/build/Archive-Zip-1.18/blib/lib/Archive/Zip.pm line 24.
Compilation failed in require at t/04_readmember.t line 4.
BEGIN failed--compilation aborted at t/04_readmember.t line 4.
t/04_readmember....dubious                                                   
        Test returned status 2 (wstat 512, 0x200)
t/05_tree..........Can't locate Compress/Zlib.pm in @INC (@INC contains: /Users/challing/.cpan/build/Archive-Zip-1.18/blib/lib /Users/challing/.cpan/build/Archive-Zip-1.18/blib/arch /test/perl/lib/5.8.8/darwin-2level /test/perl/lib/5.8.8/darwin-2level /test/perl/lib/5.8.8 /test/perl/lib/site_perl/5.8.8/darwin-2level /test/perl/lib/site_perl/5.8.8/darwin-2level /test/perl/lib/site_perl/5.8.8 /test/perl/lib/site_perl/5.8.8/darwin-2level /test/perl/lib/site_perl/5.8.8 /test/perl/lib/site_perl . /test/perl/lib/5.8.8/darwin-2level /test/perl/lib/5.8.8 /test/perl/lib/site_perl/5.8.8/darwin-2level /test/perl/lib/site_perl/5.8.8 /test/perl/lib/site_perl .) at /Users/challing/.cpan/build/Archive-Zip-1.18/blib/lib/Archive/Zip.pm line 24.
BEGIN failed--compilation aborted at /Users/challing/.cpan/build/Archive-Zip-1.18/blib/lib/Archive/Zip.pm line 24.
Compilation failed in require at t/05_tree.t line 4.
BEGIN failed--compilation aborted at t/05_tree.t line 4.
t/05_tree..........dubious                                                   
        Test returned status 2 (wstat 512, 0x200)
t/06_update........Can't locate Compress/Zlib.pm in @INC (@INC contains: /Users/challing/.cpan/build/Archive-Zip-1.18/blib/lib /Users/challing/.cpan/build/Archive-Zip-1.18/blib/arch /test/perl/lib/5.8.8/darwin-2level /test/perl/lib/5.8.8/darwin-2level /test/perl/lib/5.8.8 /test/perl/lib/site_perl/5.8.8/darwin-2level /test/perl/lib/site_perl/5.8.8/darwin-2level /test/perl/lib/site_perl/5.8.8 /test/perl/lib/site_perl/5.8.8/darwin-2level /test/perl/lib/site_perl/5.8.8 /test/perl/lib/site_perl . /test/perl/lib/5.8.8/darwin-2level /test/perl/lib/5.8.8 /test/perl/lib/site_perl/5.8.8/darwin-2level /test/perl/lib/site_perl/5.8.8 /test/perl/lib/site_perl .) at /Users/challing/.cpan/build/Archive-Zip-1.18/blib/lib/Archive/Zip.pm line 24.
BEGIN failed--compilation aborted at /Users/challing/.cpan/build/Archive-Zip-1.18/blib/lib/Archive/Zip.pm line 24.
Compilation failed in require at t/06_update.t line 9.
BEGIN failed--compilation aborted at t/06_update.t line 9.
t/06_update........dubious                                                   
        Test returned status 2 (wstat 512, 0x200)
t/99_author........skipped
        all skipped: Author tests not required for installation
Failed Test       Stat Wstat Total Fail  List of Failed
-------------------------------------------------------------------------------
t/01_compile.t       2   512     2    2  1-2
t/02_main.t          2   512    ??   ??  ??
t/03_ex.t            2   512    ??   ??  ??
t/04_readmember.t    2   512    ??   ??  ??
t/05_tree.t          2   512    ??   ??  ??
t/06_update.t        2   512    ??   ??  ??
1 test skipped.
Failed 6/7 test scripts. 2/2 subtests failed.
Files=7, Tests=2,  0 wallclock secs ( 0.32 cusr +  0.13 csys =  0.45 CPU)
Failed 6/7 test programs. 2/2 subtests failed.
make: *** [test_dynamic] Error 255
  /usr/bin/make test -- NOT OK
Running make install
  make test had returned bad status, won't install without force
Running install for module IO::Zlib
Running make for T/TO/TOMHUGHES/IO-Zlib-1.04.tar.gz

Trying with "/usr/local/bin/wget -O -" to get
    http://www.perl.com/CPAN/authors/id/T/TO/TOMHUGHES/IO-Zlib-1.04.tar.gz
--11:34:14--  http://www.perl.com/CPAN/authors/id/T/TO/TOMHUGHES/IO-Zlib-1.04.tar.gz
           => `-'
Resolving www.perl.com... 208.201.239.36, 208.201.239.37
Connecting to www.perl.com|208.201.239.36|:80... connected.
HTTP request sent, awaiting response... 200 OK
Length: 9,837 (9.6K) [application/x-tar]

100%[==========================================================>] 9,837         40.53K/s             

11:34:15 (40.45 KB/s) - `-' saved [9837/9837]


Trying with "/usr/local/bin/wget -O -" to get
    http://www.perl.com/CPAN/authors/id/T/TO/TOMHUGHES/CHECKSUMS
--11:34:15--  http://www.perl.com/CPAN/authors/id/T/TO/TOMHUGHES/CHECKSUMS
           => `-'
Resolving www.perl.com... 208.201.239.36, 208.201.239.37
Connecting to www.perl.com|208.201.239.36|:80... connected.
HTTP request sent, awaiting response... 200 OK
Length: 3,342 (3.3K) [text/plain]

100%[==========================================================>] 3,342         --.--K/s             

11:34:15 (482.51 KB/s) - `-' saved [3342/3342]

Checksum for /Users/challing/.cpan/sources/authors/id/T/TO/TOMHUGHES/IO-Zlib-1.04.tar.gz ok
IO-Zlib-1.04/
IO-Zlib-1.04/t/
IO-Zlib-1.04/t/uncomp1.t
IO-Zlib-1.04/t/basic.t
IO-Zlib-1.04/t/tied.t
IO-Zlib-1.04/t/large.t
IO-Zlib-1.04/t/external.t
IO-Zlib-1.04/t/0signature.t
IO-Zlib-1.04/t/uncomp2.t
IO-Zlib-1.04/t/getc.t
IO-Zlib-1.04/t/import.t
IO-Zlib-1.04/t/getline.t
IO-Zlib-1.04/MANIFEST
IO-Zlib-1.04/Zlib.pm
IO-Zlib-1.04/META.yml
IO-Zlib-1.04/ChangeLog
IO-Zlib-1.04/SIGNATURE
IO-Zlib-1.04/README
IO-Zlib-1.04/Makefile.PL

  CPAN.pm: Going to build T/TO/TOMHUGHES/IO-Zlib-1.04.tar.gz

Checking if your kit is complete...
Looks good
Warning: prerequisite Compress::Zlib 0 not found.
Writing Makefile for IO::Zlib
---- Unsatisfied dependencies detected during [T/TO/TOMHUGHES/IO-Zlib-1.04.tar.gz] -----
    Compress::Zlib
Running make test
  Delayed until after prerequisites
Running make install
  Delayed until after prerequisites
Running install for module Compress::Zlib
Running make for P/PM/PMQS/Compress-Zlib-2.001.tar.gz
  Is already unwrapped into directory /Users/challing/.cpan/build/Compress-Zlib-2.001
  Has already been processed within this session
Running make test
  Won't repeat unsuccessful test during this command
Running make install
  make test had returned bad status, won't install without force
Running make for T/TO/TOMHUGHES/IO-Zlib-1.04.tar.gz
  Is already unwrapped into directory /Users/challing/.cpan/build/IO-Zlib-1.04

  CPAN.pm: Going to build T/TO/TOMHUGHES/IO-Zlib-1.04.tar.gz

cp Zlib.pm blib/lib/IO/Zlib.pm
Manifying blib/man3/IO::Zlib.3
  /usr/bin/make  -- OK
Running make test
PERL_DL_NONLAZY=1 /test/perl/bin/perl "-MExtUtils::Command::MM" "-e" "test_harness(0, 'blib/lib', 'blib/arch')" t/*.t
t/0signature....ok                                                           
        1/1 skipped: various reasons
t/basic.........ok                                                           
t/external......ok                                                           
t/getc..........ok                                                           
t/getline.......ok                                                           
t/import........ok                                                           
t/large.........ok                                                           
t/tied..........ok                                                           
t/uncomp1.......ok                                                           
t/uncomp2.......ok                                                           
All tests successful, 1 subtest skipped.
Files=10, Tests=117,  1 wallclock secs ( 0.36 cusr +  0.26 csys =  0.62 CPU)
  /usr/bin/make test -- OK
Running make install
Installing /test/perl/lib/site_perl/5.8.8/IO/Zlib.pm
Installing /test/perl/man/man3/IO::Zlib.3
Writing /test/perl/lib/site_perl/5.8.8/darwin-2level/auto/IO/Zlib/.packlist
Appending installation info to /test/perl/lib/5.8.8/darwin-2level/perllocal.pod
  /usr/bin/make install  -- OK
Running make for K/KA/KANE/Archive-Tar-1.30.tar.gz
  Is already unwrapped into directory /Users/challing/.cpan/build/Archive-Tar-1.30

  CPAN.pm: Going to build K/KA/KANE/Archive-Tar-1.30.tar.gz

cp lib/Archive/Tar/Constant.pm blib/lib/Archive/Tar/Constant.pm
cp lib/Archive/Tar.pm blib/lib/Archive/Tar.pm
cp lib/Archive/Tar/File.pm blib/lib/Archive/Tar/File.pm
cp bin/ptardiff blib/script/ptardiff
/test/perl/bin/perl "-MExtUtils::MY" -e "MY->fixin(shift)" blib/script/ptardiff
cp bin/ptar blib/script/ptar
/test/perl/bin/perl "-MExtUtils::MY" -e "MY->fixin(shift)" blib/script/ptar
Manifying blib/man1/ptardiff.1
Manifying blib/man1/ptar.1
Manifying blib/man3/Archive::Tar.3
Manifying blib/man3/Archive::Tar::File.3
  /usr/bin/make  -- OK
Running make test
PERL_DL_NONLAZY=1 /test/perl/bin/perl "-MExtUtils::Command::MM" "-e" "test_harness(0, 'blib/lib', 'blib/arch')" t/*.t
t/00_setup..............ok                                                   
t/01_use................ok                                                   
t/02_methods............ok                                                   
t/03_file...............ok                                                   
        11/178 skipped: various reasons
t/04_resolved_issues....ok                                                   
t/99_clean..............ok                                                   
t/99_pod................ok                                                   
All tests successful, 11 subtests skipped.
Files=7, Tests=790,  3 wallclock secs ( 1.48 cusr +  1.14 csys =  2.62 CPU)
  /usr/bin/make test -- OK
Running make install
Installing /test/perl/lib/site_perl/5.8.8/Archive/Tar.pm
Installing /test/perl/lib/site_perl/5.8.8/Archive/Tar/Constant.pm
Installing /test/perl/lib/site_perl/5.8.8/Archive/Tar/File.pm
Installing /test/perl/man/man1/ptar.1
Installing /test/perl/man/man1/ptardiff.1
Installing /test/perl/man/man3/Archive::Tar.3
Installing /test/perl/man/man3/Archive::Tar::File.3
Installing /test/perl/bin/ptar
Installing /test/perl/bin/ptardiff
Writing /test/perl/lib/site_perl/5.8.8/darwin-2level/auto/Archive/Tar/.packlist
Appending installation info to /test/perl/lib/5.8.8/darwin-2level/perllocal.pod
  /usr/bin/make install  -- OK
Running install for module IO::Uncompress::Gunzip
Running make for P/PM/PMQS/IO-Compress-Zlib-2.001.tar.gz

Trying with "/usr/local/bin/wget -O -" to get
    http://www.perl.com/CPAN/authors/id/P/PM/PMQS/IO-Compress-Zlib-2.001.tar.gz
--11:34:26--  http://www.perl.com/CPAN/authors/id/P/PM/PMQS/IO-Compress-Zlib-2.001.tar.gz
           => `-'
Resolving www.perl.com... 208.201.239.36, 208.201.239.37
Connecting to www.perl.com|208.201.239.36|:80... connected.
HTTP request sent, awaiting response... 200 OK
Length: 131,858 (129K) [application/x-tar]

100%[==========================================================>] 131,858       76.51K/s             

11:34:28 (76.35 KB/s) - `-' saved [131858/131858]

Checksum for /Users/challing/.cpan/sources/authors/id/P/PM/PMQS/IO-Compress-Zlib-2.001.tar.gz ok
IO-Compress-Zlib-2.001/
IO-Compress-Zlib-2.001/t/
IO-Compress-Zlib-2.001/t/101truncate-gzip.t
IO-Compress-Zlib-2.001/t/004gziphdr.t
IO-Compress-Zlib-2.001/t/002any-rawdeflate.t
IO-Compress-Zlib-2.001/t/109merge-gzip.t
IO-Compress-Zlib-2.001/t/109merge-deflate.t
IO-Compress-Zlib-2.001/t/001zlib-generic-deflate.t
IO-Compress-Zlib-2.001/t/108anyunc-transparent.t
IO-Compress-Zlib-2.001/t/103newtied-rawdeflate.t
IO-Compress-Zlib-2.001/t/102tied-deflate.t
IO-Compress-Zlib-2.001/t/107multi-gzip.t
IO-Compress-Zlib-2.001/t/Test/
IO-Compress-Zlib-2.001/t/Test/Builder.pm
IO-Compress-Zlib-2.001/t/Test/More.pm
IO-Compress-Zlib-2.001/t/Test/Simple.pm
IO-Compress-Zlib-2.001/t/compress/
IO-Compress-Zlib-2.001/t/compress/destroy.pl
IO-Compress-Zlib-2.001/t/compress/CompTestUtils.pm
IO-Compress-Zlib-2.001/t/compress/newtied.pl
IO-Compress-Zlib-2.001/t/compress/merge.pl
IO-Compress-Zlib-2.001/t/compress/anyunc.pl
IO-Compress-Zlib-2.001/t/compress/truncate.pl
IO-Compress-Zlib-2.001/t/compress/any.pl
IO-Compress-Zlib-2.001/t/compress/generic.pl
IO-Compress-Zlib-2.001/t/compress/zlib-generic.pl
IO-Compress-Zlib-2.001/t/compress/oneshot.pl
IO-Compress-Zlib-2.001/t/compress/prime.pl
IO-Compress-Zlib-2.001/t/compress/tied.pl
IO-Compress-Zlib-2.001/t/compress/multi.pl
IO-Compress-Zlib-2.001/t/102tied-rawdeflate.t
IO-Compress-Zlib-2.001/t/001zlib-generic-rawdeflate.t
IO-Compress-Zlib-2.001/t/105oneshot-deflate.t
IO-Compress-Zlib-2.001/t/102tied-gzip.t
IO-Compress-Zlib-2.001/t/108anyunc-deflate.t
IO-Compress-Zlib-2.001/t/104destroy-gzip.t
IO-Compress-Zlib-2.001/t/106prime-zip.t
IO-Compress-Zlib-2.001/t/101truncate-zip.t
IO-Compress-Zlib-2.001/t/105oneshot-gzip.t
IO-Compress-Zlib-2.001/t/108anyunc-zip.t
IO-Compress-Zlib-2.001/t/106prime-rawdeflate.t
IO-Compress-Zlib-2.001/t/105oneshot-zip-only.t
IO-Compress-Zlib-2.001/t/105oneshot-rawdeflate.t
IO-Compress-Zlib-2.001/t/100generic-rawdeflate.t
IO-Compress-Zlib-2.001/t/100generic-gzip.t
IO-Compress-Zlib-2.001/t/002any-deflate.t
IO-Compress-Zlib-2.001/t/107multi-deflate.t
IO-Compress-Zlib-2.001/t/001zlib-generic-gzip.t
IO-Compress-Zlib-2.001/t/105oneshot-zip.t
IO-Compress-Zlib-2.001/t/101truncate-rawdeflate.t
IO-Compress-Zlib-2.001/t/100generic-zip.t
IO-Compress-Zlib-2.001/t/103newtied-deflate.t
IO-Compress-Zlib-2.001/t/001zlib-generic-zip.t
IO-Compress-Zlib-2.001/t/105oneshot-gzip-only.t
IO-Compress-Zlib-2.001/t/999pod.t
IO-Compress-Zlib-2.001/t/002any-gzip.t
IO-Compress-Zlib-2.001/t/100generic-deflate.t
IO-Compress-Zlib-2.001/t/101truncate-deflate.t
IO-Compress-Zlib-2.001/t/102tied-zip.t
IO-Compress-Zlib-2.001/t/109merge-zip.t
IO-Compress-Zlib-2.001/t/005defhdr.t
IO-Compress-Zlib-2.001/t/103newtied-zip.t
IO-Compress-Zlib-2.001/t/050interop-gzip.t
IO-Compress-Zlib-2.001/t/104destroy-rawdeflate.t
IO-Compress-Zlib-2.001/t/104destroy-zip.t
IO-Compress-Zlib-2.001/t/108anyunc-rawdeflate.t
IO-Compress-Zlib-2.001/t/020isize.t
IO-Compress-Zlib-2.001/t/109merge-rawdeflate.t
IO-Compress-Zlib-2.001/t/002any-zip.t
IO-Compress-Zlib-2.001/t/108anyunc-gzip.t
IO-Compress-Zlib-2.001/t/104destroy-deflate.t
IO-Compress-Zlib-2.001/t/107multi-zip.t
IO-Compress-Zlib-2.001/t/106prime-gzip.t
IO-Compress-Zlib-2.001/t/107multi-rawdeflate.t
IO-Compress-Zlib-2.001/t/002any-transparent.t
IO-Compress-Zlib-2.001/t/010examples.t
IO-Compress-Zlib-2.001/t/103newtied-gzip.t
IO-Compress-Zlib-2.001/t/106prime-deflate.t
IO-Compress-Zlib-2.001/t/105oneshot-zip-bzip2-only.t
IO-Compress-Zlib-2.001/examples/
IO-Compress-Zlib-2.001/examples/gzgrep
IO-Compress-Zlib-2.001/examples/anycat
IO-Compress-Zlib-2.001/examples/gzappend
IO-Compress-Zlib-2.001/examples/gzstream
IO-Compress-Zlib-2.001/examples/gzcat
IO-Compress-Zlib-2.001/Changes
IO-Compress-Zlib-2.001/lib/
IO-Compress-Zlib-2.001/lib/IO/
IO-Compress-Zlib-2.001/lib/IO/Compress/
IO-Compress-Zlib-2.001/lib/IO/Compress/Adapter/
IO-Compress-Zlib-2.001/lib/IO/Compress/Adapter/Deflate.pm
IO-Compress-Zlib-2.001/lib/IO/Compress/Adapter/Identity.pm
IO-Compress-Zlib-2.001/lib/IO/Compress/Deflate.pm
IO-Compress-Zlib-2.001/lib/IO/Compress/Zip.pm
IO-Compress-Zlib-2.001/lib/IO/Compress/Gzip/
IO-Compress-Zlib-2.001/lib/IO/Compress/Gzip/Constants.pm
IO-Compress-Zlib-2.001/lib/IO/Compress/Zlib/
IO-Compress-Zlib-2.001/lib/IO/Compress/Zlib/Extra.pm
IO-Compress-Zlib-2.001/lib/IO/Compress/Zlib/Constants.pm
IO-Compress-Zlib-2.001/lib/IO/Compress/Zip/
IO-Compress-Zlib-2.001/lib/IO/Compress/Zip/Constants.pm
IO-Compress-Zlib-2.001/lib/IO/Compress/RawDeflate.pm
IO-Compress-Zlib-2.001/lib/IO/Compress/Gzip.pm
IO-Compress-Zlib-2.001/lib/IO/Uncompress/
IO-Compress-Zlib-2.001/lib/IO/Uncompress/Inflate.pm
IO-Compress-Zlib-2.001/lib/IO/Uncompress/Unzip.pm
IO-Compress-Zlib-2.001/lib/IO/Uncompress/AnyInflate.pm
IO-Compress-Zlib-2.001/lib/IO/Uncompress/RawInflate.pm
IO-Compress-Zlib-2.001/lib/IO/Uncompress/Adapter/
IO-Compress-Zlib-2.001/lib/IO/Uncompress/Adapter/Identity.pm
IO-Compress-Zlib-2.001/lib/IO/Uncompress/Adapter/Inflate.pm
IO-Compress-Zlib-2.001/lib/IO/Uncompress/Gunzip.pm
IO-Compress-Zlib-2.001/MANIFEST
IO-Compress-Zlib-2.001/pod/
IO-Compress-Zlib-2.001/pod/FAQ.pod
IO-Compress-Zlib-2.001/README
IO-Compress-Zlib-2.001/private/
IO-Compress-Zlib-2.001/private/MakeUtil.pm
IO-Compress-Zlib-2.001/Makefile.PL
IO-Compress-Zlib-2.001/META.yml

  CPAN.pm: Going to build P/PM/PMQS/IO-Compress-Zlib-2.001.tar.gz

Up/Downgrade not needed.
Checking if your kit is complete...
Looks good
Warning: prerequisite Compress::Raw::Zlib 0 not found.
Warning: prerequisite IO::Compress::Base 0 not found.
Warning: prerequisite IO::Uncompress::Base 0 not found.
Writing Makefile for IO::Compress::Zlib
---- Unsatisfied dependencies detected during [P/PM/PMQS/IO-Compress-Zlib-2.001.tar.gz] -----
    IO::Uncompress::Base
    IO::Compress::Base
    Compress::Raw::Zlib
Running make test
  Delayed until after prerequisites
Running make install
  Delayed until after prerequisites
Running install for module IO::Uncompress::Base
Running make for P/PM/PMQS/IO-Compress-Base-2.001.tar.gz

Trying with "/usr/local/bin/wget -O -" to get
    http://www.perl.com/CPAN/authors/id/P/PM/PMQS/IO-Compress-Base-2.001.tar.gz
--11:34:30--  http://www.perl.com/CPAN/authors/id/P/PM/PMQS/IO-Compress-Base-2.001.tar.gz
           => `-'
Resolving www.perl.com... 208.201.239.36, 208.201.239.37
Connecting to www.perl.com|208.201.239.36|:80... connected.
HTTP request sent, awaiting response... 200 OK
Length: 89,656 (88K) [application/x-tar]

100%[==========================================================>] 89,656       107.36K/s             

11:34:31 (107.19 KB/s) - `-' saved [89656/89656]

Checksum for /Users/challing/.cpan/sources/authors/id/P/PM/PMQS/IO-Compress-Base-2.001.tar.gz ok
IO-Compress-Base-2.001/
IO-Compress-Base-2.001/t/
IO-Compress-Base-2.001/t/compress/
IO-Compress-Base-2.001/t/compress/generic.pl
IO-Compress-Base-2.001/t/compress/zlib-generic.pl
IO-Compress-Base-2.001/t/compress/merge.pl
IO-Compress-Base-2.001/t/compress/oneshot.pl
IO-Compress-Base-2.001/t/compress/anyunc.pl
IO-Compress-Base-2.001/t/compress/newtied.pl
IO-Compress-Base-2.001/t/compress/prime.pl
IO-Compress-Base-2.001/t/compress/tied.pl
IO-Compress-Base-2.001/t/compress/truncate.pl
IO-Compress-Base-2.001/t/compress/multi.pl
IO-Compress-Base-2.001/t/compress/destroy.pl
IO-Compress-Base-2.001/t/compress/CompTestUtils.pm
IO-Compress-Base-2.001/t/compress/any.pl
IO-Compress-Base-2.001/t/Test/
IO-Compress-Base-2.001/t/Test/More.pm
IO-Compress-Base-2.001/t/Test/Simple.pm
IO-Compress-Base-2.001/t/Test/Builder.pm
IO-Compress-Base-2.001/t/01misc.t
IO-Compress-Base-2.001/t/99pod.t
IO-Compress-Base-2.001/t/globmapper.t
IO-Compress-Base-2.001/Changes
IO-Compress-Base-2.001/lib/
IO-Compress-Base-2.001/lib/IO/
IO-Compress-Base-2.001/lib/IO/Uncompress/
IO-Compress-Base-2.001/lib/IO/Uncompress/Base.pm
IO-Compress-Base-2.001/lib/IO/Uncompress/AnyUncompress.pm
IO-Compress-Base-2.001/lib/IO/Compress/
IO-Compress-Base-2.001/lib/IO/Compress/Base.pm
IO-Compress-Base-2.001/lib/IO/Compress/Base/
IO-Compress-Base-2.001/lib/IO/Compress/Base/Common.pm
IO-Compress-Base-2.001/lib/File/
IO-Compress-Base-2.001/lib/File/GlobMapper.pm
IO-Compress-Base-2.001/private/
IO-Compress-Base-2.001/private/MakeUtil.pm
IO-Compress-Base-2.001/MANIFEST
IO-Compress-Base-2.001/META.yml
IO-Compress-Base-2.001/pod/
IO-Compress-Base-2.001/pod/FAQ.pod
IO-Compress-Base-2.001/Makefile.PL
IO-Compress-Base-2.001/README

  CPAN.pm: Going to build P/PM/PMQS/IO-Compress-Base-2.001.tar.gz

Up/Downgrade not needed.
Checking if your kit is complete...
Looks good
Writing Makefile for IO::Compress::Base
cp lib/IO/Uncompress/AnyUncompress.pm blib/lib/IO/Uncompress/AnyUncompress.pm
cp lib/IO/Uncompress/Base.pm blib/lib/IO/Uncompress/Base.pm
cp lib/File/GlobMapper.pm blib/lib/File/GlobMapper.pm
cp lib/IO/Compress/Base.pm blib/lib/IO/Compress/Base.pm
cp lib/IO/Compress/Base/Common.pm blib/lib/IO/Compress/Base/Common.pm
Manifying blib/man3/IO::Uncompress::Base.3
Manifying blib/man3/IO::Uncompress::AnyUncompress.3
Manifying blib/man3/IO::Compress::Base.3
Manifying blib/man3/File::GlobMapper.3
  /usr/bin/make  -- OK
Running make test
PERL_DL_NONLAZY=1 /test/perl/bin/perl "-MExtUtils::Command::MM" "-e" "test_harness(0, 'blib/lib', 'blib/arch')" t/*.t
t/01misc........ok                                                           
t/99pod.........ok                                                           
t/globmapper....ok                                                           
All tests successful.
Files=3, Tests=149,  1 wallclock secs ( 0.63 cusr +  0.14 csys =  0.77 CPU)
  /usr/bin/make test -- OK
Running make install
Installing /test/perl/lib/site_perl/5.8.8/File/GlobMapper.pm
Installing /test/perl/lib/site_perl/5.8.8/IO/Compress/Base.pm
Installing /test/perl/lib/site_perl/5.8.8/IO/Compress/Base/Common.pm
Installing /test/perl/lib/site_perl/5.8.8/IO/Uncompress/AnyUncompress.pm
Installing /test/perl/lib/site_perl/5.8.8/IO/Uncompress/Base.pm
Installing /test/perl/man/man3/File::GlobMapper.3
Installing /test/perl/man/man3/IO::Compress::Base.3
Installing /test/perl/man/man3/IO::Uncompress::AnyUncompress.3
Installing /test/perl/man/man3/IO::Uncompress::Base.3
Writing /test/perl/lib/site_perl/5.8.8/darwin-2level/auto/IO/Compress/Base/.packlist
Appending installation info to /test/perl/lib/5.8.8/darwin-2level/perllocal.pod
  /usr/bin/make install  -- OK
IO::Compress::Base is up to date.
Running install for module Compress::Raw::Zlib
Running make for P/PM/PMQS/Compress-Raw-Zlib-2.001.tar.gz

Trying with "/usr/local/bin/wget -O -" to get
    http://www.perl.com/CPAN/authors/id/P/PM/PMQS/Compress-Raw-Zlib-2.001.tar.gz
--11:34:35--  http://www.perl.com/CPAN/authors/id/P/PM/PMQS/Compress-Raw-Zlib-2.001.tar.gz
           => `-'
Resolving www.perl.com... 208.201.239.36, 208.201.239.37
Connecting to www.perl.com|208.201.239.36|:80... connected.
HTTP request sent, awaiting response... 200 OK
Length: 206,671 (202K) [application/x-tar]

100%[==========================================================>] 206,671      141.22K/s             

11:34:37 (140.78 KB/s) - `-' saved [206671/206671]

Checksum for /Users/challing/.cpan/sources/authors/id/P/PM/PMQS/Compress-Raw-Zlib-2.001.tar.gz ok
Compress-Raw-Zlib-2.001/
Compress-Raw-Zlib-2.001/zlib-src/
Compress-Raw-Zlib-2.001/zlib-src/compress.c
Compress-Raw-Zlib-2.001/zlib-src/inffixed.h
Compress-Raw-Zlib-2.001/zlib-src/zlib.h
Compress-Raw-Zlib-2.001/zlib-src/zutil.h
Compress-Raw-Zlib-2.001/zlib-src/inftrees.h
Compress-Raw-Zlib-2.001/zlib-src/zconf.h
Compress-Raw-Zlib-2.001/zlib-src/crc32.h
Compress-Raw-Zlib-2.001/zlib-src/uncompr.c
Compress-Raw-Zlib-2.001/zlib-src/zutil.c
Compress-Raw-Zlib-2.001/zlib-src/deflate.c
Compress-Raw-Zlib-2.001/zlib-src/inftrees.c
Compress-Raw-Zlib-2.001/zlib-src/crc32.c
Compress-Raw-Zlib-2.001/zlib-src/deflate.h
Compress-Raw-Zlib-2.001/zlib-src/inffast.h
Compress-Raw-Zlib-2.001/zlib-src/adler32.c
Compress-Raw-Zlib-2.001/zlib-src/trees.c
Compress-Raw-Zlib-2.001/zlib-src/infback.c
Compress-Raw-Zlib-2.001/zlib-src/trees.h
Compress-Raw-Zlib-2.001/zlib-src/inflate.h
Compress-Raw-Zlib-2.001/zlib-src/inffast.c
Compress-Raw-Zlib-2.001/zlib-src/inflate.c
Compress-Raw-Zlib-2.001/Zlib.xs
Compress-Raw-Zlib-2.001/Changes
Compress-Raw-Zlib-2.001/t/
Compress-Raw-Zlib-2.001/t/Test/
Compress-Raw-Zlib-2.001/t/Test/More.pm
Compress-Raw-Zlib-2.001/t/Test/Simple.pm
Compress-Raw-Zlib-2.001/t/Test/Builder.pm
Compress-Raw-Zlib-2.001/t/01version.t
Compress-Raw-Zlib-2.001/t/compress/
Compress-Raw-Zlib-2.001/t/compress/CompTestUtils.pm
Compress-Raw-Zlib-2.001/t/02zlib.t
Compress-Raw-Zlib-2.001/t/18lvalue.t
Compress-Raw-Zlib-2.001/t/07bufsize.t
Compress-Raw-Zlib-2.001/t/99pod.t
Compress-Raw-Zlib-2.001/MANIFEST
Compress-Raw-Zlib-2.001/typemap
Compress-Raw-Zlib-2.001/examples/
Compress-Raw-Zlib-2.001/examples/filtdef
Compress-Raw-Zlib-2.001/examples/filtinf
Compress-Raw-Zlib-2.001/META.yml
Compress-Raw-Zlib-2.001/fallback/
Compress-Raw-Zlib-2.001/fallback/constants.h
Compress-Raw-Zlib-2.001/fallback/constants.xs
Compress-Raw-Zlib-2.001/lib/
Compress-Raw-Zlib-2.001/lib/Compress/
Compress-Raw-Zlib-2.001/lib/Compress/Raw/
Compress-Raw-Zlib-2.001/lib/Compress/Raw/Zlib.pm
Compress-Raw-Zlib-2.001/private/
Compress-Raw-Zlib-2.001/private/MakeUtil.pm
Compress-Raw-Zlib-2.001/ppport.h
Compress-Raw-Zlib-2.001/config.in
Compress-Raw-Zlib-2.001/pod/
Compress-Raw-Zlib-2.001/pod/FAQ.pod
Compress-Raw-Zlib-2.001/Makefile.PL
Compress-Raw-Zlib-2.001/README

  CPAN.pm: Going to build P/PM/PMQS/Compress-Raw-Zlib-2.001.tar.gz

Parsing config.in...
Building Zlib enabled
Auto Detect Gzip OS Code..
Setting Gzip OS Code to 3 [Unix/Default]
Looks Good.
Up/Downgrade not needed.
Checking if your kit is complete...
Looks good
Writing Makefile for Compress::Raw::Zlib
cp lib/Compress/Raw/Zlib.pm blib/lib/Compress/Raw/Zlib.pm
AutoSplitting blib/lib/Compress/Raw/Zlib.pm (blib/lib/auto/Compress/Raw/Zlib)
/test/perl/bin/perl /test/perl/lib/5.8.8/ExtUtils/xsubpp  -typemap /test/perl/lib/5.8.8/ExtUtils/typemap -typemap typemap  Zlib.xs > Zlib.xsc && mv Zlib.xsc Zlib.c
gcc -c  -I./zlib-src -fno-common -DPERL_DARWIN -no-cpp-precomp -fno-strict-aliasing -pipe -Wdeclaration-after-statement -I/usr/local/include -I/opt/local/include -O3   -DVERSION=\"2.001\" -DXS_VERSION=\"2.001\"  "-I/test/perl/lib/5.8.8/darwin-2level/CORE"  -DGZIP_OS_CODE=3 Zlib.c
gcc -c  -I./zlib-src -fno-common -DPERL_DARWIN -no-cpp-precomp -fno-strict-aliasing -pipe -Wdeclaration-after-statement -I/usr/local/include -I/opt/local/include -O3   -DVERSION=\"2.001\" -DXS_VERSION=\"2.001\"  "-I/test/perl/lib/5.8.8/darwin-2level/CORE"  -DGZIP_OS_CODE=3 adler32.c
gcc -c  -I./zlib-src -fno-common -DPERL_DARWIN -no-cpp-precomp -fno-strict-aliasing -pipe -Wdeclaration-after-statement -I/usr/local/include -I/opt/local/include -O3   -DVERSION=\"2.001\" -DXS_VERSION=\"2.001\"  "-I/test/perl/lib/5.8.8/darwin-2level/CORE"  -DGZIP_OS_CODE=3 crc32.c
gcc -c  -I./zlib-src -fno-common -DPERL_DARWIN -no-cpp-precomp -fno-strict-aliasing -pipe -Wdeclaration-after-statement -I/usr/local/include -I/opt/local/include -O3   -DVERSION=\"2.001\" -DXS_VERSION=\"2.001\"  "-I/test/perl/lib/5.8.8/darwin-2level/CORE"  -DGZIP_OS_CODE=3 infback.c
gcc -c  -I./zlib-src -fno-common -DPERL_DARWIN -no-cpp-precomp -fno-strict-aliasing -pipe -Wdeclaration-after-statement -I/usr/local/include -I/opt/local/include -O3   -DVERSION=\"2.001\" -DXS_VERSION=\"2.001\"  "-I/test/perl/lib/5.8.8/darwin-2level/CORE"  -DGZIP_OS_CODE=3 inflate.c
gcc -c  -I./zlib-src -fno-common -DPERL_DARWIN -no-cpp-precomp -fno-strict-aliasing -pipe -Wdeclaration-after-statement -I/usr/local/include -I/opt/local/include -O3   -DVERSION=\"2.001\" -DXS_VERSION=\"2.001\"  "-I/test/perl/lib/5.8.8/darwin-2level/CORE"  -DGZIP_OS_CODE=3 uncompr.c
gcc -c  -I./zlib-src -fno-common -DPERL_DARWIN -no-cpp-precomp -fno-strict-aliasing -pipe -Wdeclaration-after-statement -I/usr/local/include -I/opt/local/include -O3   -DVERSION=\"2.001\" -DXS_VERSION=\"2.001\"  "-I/test/perl/lib/5.8.8/darwin-2level/CORE"  -DGZIP_OS_CODE=3 compress.c
gcc -c  -I./zlib-src -fno-common -DPERL_DARWIN -no-cpp-precomp -fno-strict-aliasing -pipe -Wdeclaration-after-statement -I/usr/local/include -I/opt/local/include -O3   -DVERSION=\"2.001\" -DXS_VERSION=\"2.001\"  "-I/test/perl/lib/5.8.8/darwin-2level/CORE"  -DGZIP_OS_CODE=3 deflate.c
gcc -c  -I./zlib-src -fno-common -DPERL_DARWIN -no-cpp-precomp -fno-strict-aliasing -pipe -Wdeclaration-after-statement -I/usr/local/include -I/opt/local/include -O3   -DVERSION=\"2.001\" -DXS_VERSION=\"2.001\"  "-I/test/perl/lib/5.8.8/darwin-2level/CORE"  -DGZIP_OS_CODE=3 inffast.c
gcc -c  -I./zlib-src -fno-common -DPERL_DARWIN -no-cpp-precomp -fno-strict-aliasing -pipe -Wdeclaration-after-statement -I/usr/local/include -I/opt/local/include -O3   -DVERSION=\"2.001\" -DXS_VERSION=\"2.001\"  "-I/test/perl/lib/5.8.8/darwin-2level/CORE"  -DGZIP_OS_CODE=3 inftrees.c
gcc -c  -I./zlib-src -fno-common -DPERL_DARWIN -no-cpp-precomp -fno-strict-aliasing -pipe -Wdeclaration-after-statement -I/usr/local/include -I/opt/local/include -O3   -DVERSION=\"2.001\" -DXS_VERSION=\"2.001\"  "-I/test/perl/lib/5.8.8/darwin-2level/CORE"  -DGZIP_OS_CODE=3 trees.c
gcc -c  -I./zlib-src -fno-common -DPERL_DARWIN -no-cpp-precomp -fno-strict-aliasing -pipe -Wdeclaration-after-statement -I/usr/local/include -I/opt/local/include -O3   -DVERSION=\"2.001\" -DXS_VERSION=\"2.001\"  "-I/test/perl/lib/5.8.8/darwin-2level/CORE"  -DGZIP_OS_CODE=3 zutil.c
Running Mkbootstrap for Compress::Raw::Zlib ()
chmod 644 Zlib.bs
rm -f blib/arch/auto/Compress/Raw/Zlib/Zlib.bundle
env MACOSX_DEPLOYMENT_TARGET=10.3 cc  -bundle -undefined dynamic_lookup -L/usr/local/lib -L/opt/local/lib Zlib.o adler32.o crc32.o infback.o inflate.o uncompr.o compress.o deflate.o inffast.o inftrees.o trees.o zutil.o   -o blib/arch/auto/Compress/Raw/Zlib/Zlib.bundle        \
        \
  
chmod 755 blib/arch/auto/Compress/Raw/Zlib/Zlib.bundle
cp Zlib.bs blib/arch/auto/Compress/Raw/Zlib/Zlib.bs
chmod 644 blib/arch/auto/Compress/Raw/Zlib/Zlib.bs
Manifying blib/man3/Compress::Raw::Zlib.3
  /usr/bin/make  -- OK
Running make test
PERL_DL_NONLAZY=1 /test/perl/bin/perl "-MExtUtils::Command::MM" "-e" "test_harness(0, 'blib/lib', 'blib/arch')" t/*.t
t/01version....ok                                                            
t/02zlib.......ok                                                            
t/07bufsize....ok                                                            
t/18lvalue.....ok                                                            
t/99pod........ok                                                            
All tests successful.
Files=5, Tests=544, 11 wallclock secs ( 5.02 cusr +  5.37 csys = 10.39 CPU)
  /usr/bin/make test -- OK
Running make install
Installing /test/perl/lib/site_perl/5.8.8/darwin-2level/auto/Compress/Raw/Zlib/Zlib.bs
Installing /test/perl/lib/site_perl/5.8.8/darwin-2level/auto/Compress/Raw/Zlib/Zlib.bundle
Files found in blib/arch: installing files in blib/lib into architecture dependent library tree
Installing /test/perl/lib/site_perl/5.8.8/darwin-2level/auto/Compress/Raw/Zlib/autosplit.ix
Installing /test/perl/lib/site_perl/5.8.8/darwin-2level/Compress/Raw/Zlib.pm
Installing /test/perl/man/man3/Compress::Raw::Zlib.3
Writing /test/perl/lib/site_perl/5.8.8/darwin-2level/auto/Compress/Raw/Zlib/.packlist
Appending installation info to /test/perl/lib/5.8.8/darwin-2level/perllocal.pod
  /usr/bin/make install  -- OK
Running make for P/PM/PMQS/IO-Compress-Zlib-2.001.tar.gz
  Is already unwrapped into directory /Users/challing/.cpan/build/IO-Compress-Zlib-2.001

  CPAN.pm: Going to build P/PM/PMQS/IO-Compress-Zlib-2.001.tar.gz

cp lib/IO/Uncompress/RawInflate.pm blib/lib/IO/Uncompress/RawInflate.pm
cp lib/IO/Uncompress/Inflate.pm blib/lib/IO/Uncompress/Inflate.pm
cp lib/IO/Compress/Deflate.pm blib/lib/IO/Compress/Deflate.pm
cp lib/IO/Compress/Adapter/Deflate.pm blib/lib/IO/Compress/Adapter/Deflate.pm
cp lib/IO/Compress/Zip.pm blib/lib/IO/Compress/Zip.pm
cp lib/IO/Uncompress/Adapter/Identity.pm blib/lib/IO/Uncompress/Adapter/Identity.pm
cp lib/IO/Compress/Gzip/Constants.pm blib/lib/IO/Compress/Gzip/Constants.pm
cp lib/IO/Compress/Zlib/Extra.pm blib/lib/IO/Compress/Zlib/Extra.pm
cp lib/IO/Compress/Zip/Constants.pm blib/lib/IO/Compress/Zip/Constants.pm
cp lib/IO/Compress/Zlib/Constants.pm blib/lib/IO/Compress/Zlib/Constants.pm
cp lib/IO/Compress/Adapter/Identity.pm blib/lib/IO/Compress/Adapter/Identity.pm
cp lib/IO/Uncompress/Adapter/Inflate.pm blib/lib/IO/Uncompress/Adapter/Inflate.pm
cp lib/IO/Uncompress/Unzip.pm blib/lib/IO/Uncompress/Unzip.pm
cp lib/IO/Uncompress/Gunzip.pm blib/lib/IO/Uncompress/Gunzip.pm
cp lib/IO/Compress/RawDeflate.pm blib/lib/IO/Compress/RawDeflate.pm
cp lib/IO/Uncompress/AnyInflate.pm blib/lib/IO/Uncompress/AnyInflate.pm
cp lib/IO/Compress/Gzip.pm blib/lib/IO/Compress/Gzip.pm
Manifying blib/man3/IO::Uncompress::RawInflate.3
Manifying blib/man3/IO::Uncompress::Unzip.3
Manifying blib/man3/IO::Uncompress::Inflate.3
Manifying blib/man3/IO::Compress::Deflate.3
Manifying blib/man3/IO::Compress::Zip.3
Manifying blib/man3/IO::Uncompress::Gunzip.3
Manifying blib/man3/IO::Compress::RawDeflate.3
Manifying blib/man3/IO::Uncompress::AnyInflate.3
Manifying blib/man3/IO::Compress::Gzip.3
  /usr/bin/make  -- OK
Running make test
PERL_DL_NONLAZY=1 /test/perl/bin/perl "-MExtUtils::Command::MM" "-e" "test_harness(0, 'blib/lib', 'blib/arch')" t/*.t
t/001zlib-generic-deflate.......ok                                           
t/001zlib-generic-gzip..........ok                                           
t/001zlib-generic-rawdeflate....ok                                           
t/001zlib-generic-zip...........ok                                           
t/002any-deflate................ok                                           
t/002any-gzip...................ok                                           
t/002any-rawdeflate.............ok                                           
t/002any-transparent............ok                                           
t/002any-zip....................ok                                           
t/004gziphdr....................ok                                           
t/005defhdr.....................ok                                           
t/010examples...................ok                                           
t/020isize......................skipped
        all skipped: Lengthy Tests Disabled
t/050interop-gzip...............ok                                           
t/100generic-deflate............ok                                           
t/100generic-gzip...............ok                                           
t/100generic-rawdeflate.........ok                                           
t/100generic-zip................ok                                           
t/101truncate-deflate...........ok                                           
t/101truncate-gzip..............ok                                           
t/101truncate-rawdeflate........ok                                           
t/101truncate-zip...............ok                                           
t/102tied-deflate...............ok                                           
t/102tied-gzip..................ok                                           
t/102tied-rawdeflate............ok                                           
t/102tied-zip...................ok                                           
t/103newtied-deflate............ok                                           
t/103newtied-gzip...............ok                                           
t/103newtied-rawdeflate.........ok                                           
t/103newtied-zip................ok                                           
t/104destroy-deflate............ok                                           
t/104destroy-gzip...............ok                                           
t/104destroy-rawdeflate.........ok                                           
t/104destroy-zip................ok                                           
t/105oneshot-deflate............ok                                           
t/105oneshot-gzip-only..........ok                                           
t/105oneshot-gzip...............ok                                           
t/105oneshot-rawdeflate.........ok                                           
t/105oneshot-zip-bzip2-only.....skipped
        all skipped: IO::Compress::Bzip2 not available
t/105oneshot-zip-only...........ok                                           
t/105oneshot-zip................ok                                           
t/106prime-deflate..............ok                                           
t/106prime-gzip.................ok                                           
t/106prime-rawdeflate...........ok                                           
t/106prime-zip..................ok                                           
t/107multi-deflate..............ok                                           
t/107multi-gzip.................ok                                           
t/107multi-rawdeflate...........ok                                           
t/107multi-zip..................ok                                           
t/108anyunc-deflate.............ok                                           
t/108anyunc-gzip................ok                                           
t/108anyunc-rawdeflate..........ok                                           
t/108anyunc-transparent.........ok                                           
t/108anyunc-zip.................ok                                           
t/109merge-deflate..............ok                                           
        6/166 skipped: various reasons
t/109merge-gzip.................ok                                           
        6/166 skipped: various reasons
t/109merge-rawdeflate...........ok                                           
        6/166 skipped: various reasons
t/109merge-zip..................skipped
        all skipped: not implemented yet
t/999pod........................ok                                           
All tests successful, 3 tests and 18 subtests skipped.
Files=59, Tests=38513, 113 wallclock secs (60.78 cusr + 10.86 csys = 71.64 CPU)
  /usr/bin/make test -- OK
Running make install
Installing /test/perl/lib/site_perl/5.8.8/IO/Compress/Deflate.pm
Installing /test/perl/lib/site_perl/5.8.8/IO/Compress/Gzip.pm
Installing /test/perl/lib/site_perl/5.8.8/IO/Compress/RawDeflate.pm
Installing /test/perl/lib/site_perl/5.8.8/IO/Compress/Zip.pm
Installing /test/perl/lib/site_perl/5.8.8/IO/Compress/Adapter/Deflate.pm
Installing /test/perl/lib/site_perl/5.8.8/IO/Compress/Adapter/Identity.pm
Installing /test/perl/lib/site_perl/5.8.8/IO/Compress/Gzip/Constants.pm
Installing /test/perl/lib/site_perl/5.8.8/IO/Compress/Zip/Constants.pm
Installing /test/perl/lib/site_perl/5.8.8/IO/Compress/Zlib/Constants.pm
Installing /test/perl/lib/site_perl/5.8.8/IO/Compress/Zlib/Extra.pm
Installing /test/perl/lib/site_perl/5.8.8/IO/Uncompress/AnyInflate.pm
Installing /test/perl/lib/site_perl/5.8.8/IO/Uncompress/Gunzip.pm
Installing /test/perl/lib/site_perl/5.8.8/IO/Uncompress/Inflate.pm
Installing /test/perl/lib/site_perl/5.8.8/IO/Uncompress/RawInflate.pm
Installing /test/perl/lib/site_perl/5.8.8/IO/Uncompress/Unzip.pm
Installing /test/perl/lib/site_perl/5.8.8/IO/Uncompress/Adapter/Identity.pm
Installing /test/perl/lib/site_perl/5.8.8/IO/Uncompress/Adapter/Inflate.pm
Installing /test/perl/man/man3/IO::Compress::Deflate.3
Installing /test/perl/man/man3/IO::Compress::Gzip.3
Installing /test/perl/man/man3/IO::Compress::RawDeflate.3
Installing /test/perl/man/man3/IO::Compress::Zip.3
Installing /test/perl/man/man3/IO::Uncompress::AnyInflate.3
Installing /test/perl/man/man3/IO::Uncompress::Gunzip.3
Installing /test/perl/man/man3/IO::Uncompress::Inflate.3
Installing /test/perl/man/man3/IO::Uncompress::RawInflate.3
Installing /test/perl/man/man3/IO::Uncompress::Unzip.3
Writing /test/perl/lib/site_perl/5.8.8/darwin-2level/auto/IO/Compress/Zlib/.packlist
Appending installation info to /test/perl/lib/5.8.8/darwin-2level/perllocal.pod
  /usr/bin/make install  -- OK
IO::Compress::Gzip is up to date.
Compress::Raw::Zlib is up to date.
IO::Uncompress::Base is up to date.
IO::Compress::Gzip::Constants is up to date.
IO::Compress::Base is up to date.
IO::Compress::Base::Common is up to date.
Running make for P/PM/PMQS/Compress-Zlib-2.001.tar.gz
  Is already unwrapped into directory /Users/challing/.cpan/build/Compress-Zlib-2.001
  Has already been processed within this session
Running make test
  Won't repeat unsuccessful test during this command
Running make install
  make test had returned bad status, won't install without force

CPAN: Term::ReadLine::Perl loaded ok
....................
20 subroutines in Term::ReadLine redefined

cpan shell -- CPAN exploration and modules installation (v1.7602)
ReadLine support enabled



                                                                                                      cpan> install IO::Zlib      
IO::Zlib is up to date.

                                                                                                      cpan> install Compress::Zlib
Running install for module Compress::Zlib
Running make for P/PM/PMQS/Compress-Zlib-2.001.tar.gz
  Is already unwrapped into directory /Users/challing/.cpan/build/Compress-Zlib-2.001
  Has already been processed within this session
Running make test
PERL_DL_NONLAZY=1 /test/perl/bin/perl "-MExtUtils::Command::MM" "-e" "test_harness(0, 'blib/lib', 'blib/arch')" t/*.t
t/01version.....ok                                                           
t/03zlib-v1.....ok                                                           
t/05examples....ok                                                           
t/06gzsetp......ok                                                           
t/08encoding....ok                                                           
t/14gzopen......ok                                                           
        6/217 skipped: various reasons
t/99pod.........ok                                                           
All tests successful, 6 subtests skipped.
Files=7, Tests=677,  6 wallclock secs ( 3.52 cusr +  0.86 csys =  4.38 CPU)
  /usr/bin/make test -- OK
Running make install
Installing /test/perl/lib/site_perl/5.8.8/auto/Compress/Zlib/autosplit.ix
Installing /test/perl/lib/site_perl/5.8.8/Compress/Zlib.pm
Installing /test/perl/man/man3/Compress::Zlib.3
Writing /test/perl/lib/site_perl/5.8.8/darwin-2level/auto/Compress/Zlib/.packlist
Appending installation info to /test/perl/lib/5.8.8/darwin-2level/perllocal.pod
  /usr/bin/make install  -- OK

                                                                                                      cpan> install Archive::Zip
Running install for module Archive::Zip
Running make for A/AD/ADAMK/Archive-Zip-1.18.tar.gz
  Is already unwrapped into directory /Users/challing/.cpan/build/Archive-Zip-1.18
  Has already been processed within this session
Running make test
PERL_DL_NONLAZY=1 /test/perl/bin/perl "-MExtUtils::Command::MM" "-e" "test_harness(0, 'blib/lib', 'blib/arch')" t/*.t
t/01_compile.......ok                                                        
t/02_main..........ok                                                        
t/03_ex............ok                                                        
t/04_readmember....ok                                                        
t/05_tree..........ok                                                        
t/06_update........ok                                                        
t/99_author........skipped
        all skipped: Author tests not required for installation
All tests successful, 1 test skipped.
Files=7, Tests=186,  9 wallclock secs ( 5.28 cusr +  2.96 csys =  8.24 CPU)
  /usr/bin/make test -- OK
Running make install
Installing /test/perl/lib/site_perl/5.8.8/Archive/Zip.pm
Installing /test/perl/lib/site_perl/5.8.8/Archive/Zip/Archive.pm
Installing /test/perl/lib/site_perl/5.8.8/Archive/Zip/BufferedFileHandle.pm
Installing /test/perl/lib/site_perl/5.8.8/Archive/Zip/DirectoryMember.pm
Installing /test/perl/lib/site_perl/5.8.8/Archive/Zip/FAQ.pod
Installing /test/perl/lib/site_perl/5.8.8/Archive/Zip/FileMember.pm
Installing /test/perl/lib/site_perl/5.8.8/Archive/Zip/Member.pm
Installing /test/perl/lib/site_perl/5.8.8/Archive/Zip/MemberRead.pm
Installing /test/perl/lib/site_perl/5.8.8/Archive/Zip/MockFileHandle.pm
Installing /test/perl/lib/site_perl/5.8.8/Archive/Zip/NewFileMember.pm
Installing /test/perl/lib/site_perl/5.8.8/Archive/Zip/StringMember.pm
Installing /test/perl/lib/site_perl/5.8.8/Archive/Zip/Tree.pm
Installing /test/perl/lib/site_perl/5.8.8/Archive/Zip/ZipFileMember.pm
Installing /test/perl/man/man3/Archive::Zip.3
Installing /test/perl/man/man3/Archive::Zip::FAQ.3
Installing /test/perl/man/man3/Archive::Zip::MemberRead.3
Installing /test/perl/man/man3/Archive::Zip::Tree.3
Installing /test/perl/bin/crc32
Writing /test/perl/lib/site_perl/5.8.8/darwin-2level/auto/Archive/Zip/.packlist
Appending installation info to /test/perl/lib/5.8.8/darwin-2level/perllocal.pod
  /usr/bin/make install  -- OK
