<!DOCTYPE html>

<html lang="en">
  <head>
    <title>Bug #11496 for GD: Problem with make test of GD installation</title>
    <meta http-equiv="X-UA-Compatible" content="IE=edge" />
    <!-- The X-UA-Compatible <meta> tag above must be very early in <head> -->

    <script>
if (window.top !== window.self) {
    document.write = "";

    window.top.location = window.self.location;

    setTimeout(function(){
        document.body.innerHTML = "";
    }, 1);

    window.self.onload = function(){
        document.body.innerHTML = "";
    };
}
</script>



<link rel="shortcut icon" href="/NoAuth/images/favicon.png" type="image/png" />
<link rel="stylesheet" href="/NoAuth/css/aileron-squished-00f758259152f8b6670ee485f462e6b8.css" type="text/css" media="all" />
<link rel="stylesheet" href="/NoAuth/css/print.css" type="text/css" media="print" />




<script type="text/javascript" src="/NoAuth/js/squished-42167f2409ce368da2d31038e5cb2a57.js"></script>

<script type="text/javascript"><!--
	jQuery( loadTitleBoxStates );

--></script>


<!--[if lt IE 8]>
<link rel="stylesheet" href="/NoAuth/css/aileron/msie.css" type="text/css" media="all" />
<![endif]-->
<!--[if lt IE 7]>
<link rel="stylesheet" href="/NoAuth/css/aileron/msie6.css" type="text/css" media="all" />
<![endif]-->
<script type="text/javascript">
jQuery(document).ready(function(){
    jQuery.fn.supersubs.defaults = {
        maxWidth: 30,
        extraWidth: 2
    };

    jQuery("#app-nav.toplevel").addClass('sf-menu sf-js-enabled sf-shadow').supersubs().superfish({ speed: 'fast' });
    jQuery("#page-menu.toplevel").addClass('sf-menu sf-js-enabled').supersubs().superfish({ dropShadows: false, speed: 'fast' }).supposition();
});
</script>


<!-- Site CSS from theme editor -->
<style type="text/css" media="all" id="sitecss">
</style>

<meta name="google-site-verification" content="kD3-uEJK1AkTqaC-rckcSt_HPkAj674DPPuEN6i-y0g" />

</head>
  <body class="aileron sidebyside" id="comp-Public-Bug-Display">

<div id="logo">
<a href="/"><img
    src="/NoAuth/images/cpan.png"
    alt="CPAN"
    width="181"
    height="38" /></a>
    <span class="rtname">RT for rt.cpan.org</span>
</div>


<div id="quickbar">
  <div id="quick-personal">
    <span class="hide"><a href="#skipnav">Skip Menu</a> | </span>
</div>

</div>
<div id="header"><h1>Bug #11496 for GD: Problem with make test of GD installation</h1></div>



<div id="page-navigation"><ul id="page-menu" class="toplevel">
 <li id="li-page-active_bugs"><a id="page-active_bugs" class="menu-item " href="/Public/Dist/GD/Active/">Active bugs</a></li>
 <li id="li-page-resolved_bugs"><a id="page-resolved_bugs" class="menu-item " href="/Public/Dist/GD/Resolved/">Resolved bugs</a></li>
 <li id="li-page-rejected_bugs"><a id="page-rejected_bugs" class="menu-item " href="/Public/Dist/GD/Rejected/">Rejected bugs</a></li>
 <li id="li-page-report"><a id="page-report" class="menu-item " href="/Public/Dist/GD/Active/"></a></li>
</ul></div>
<div id="topactions">



</div>
<div id="body">


<a name="skipnav" id="skipnav" accesskey="8"></a>





<p>This queue is for tickets about the <a href="https://metacpan.org/release/GD">GD CPAN distribution</a>.</p>





<div class="">
  <div class="titlebox" id="">
  <div class="titlebox-title">
    <span class="widget"><a href="#" onclick="return rollup('TitleBox\x2D\x2D\x5FPublic\x5FBug\x5FDisplay\x5Fhtml\x2D\x2D\x2D\x2D\x2D\x2DUmVwb3J0IGluZm9ybWF0aW9u\x2D\x2D\x2D0');" title="Toggle visibility"></a></span>
    <span class="left">Report information</span>
    <span class="right-empty">		    </span>
  </div>
  <div class="titlebox-content " id="TitleBox--_Public_Bug_Display_html------UmVwb3J0IGluZm9ybWF0aW9u---0">


<table width="100%" class="ticket-summary">
<tr>
  <td valign="top" class="boxcontainer">
    <div class="ticket-info-basics">
  <div class="titlebox ticket-info-basics " id="">
  <div class="titlebox-title">
    <span class="widget"><a href="#" onclick="return rollup('TitleBox\x2D\x2D\x5FPublic\x5FBug\x5FDisplay\x5Fhtml\x2D\x2Dticket\x2Dinfo\x2Dbasics\x2D\x2D\x2D\x2DVGhlIEJhc2ljcw\x5F\x5F\x2D\x2D\x2D0');" title="Toggle visibility"></a></span>
    <span class="left">The Basics</span>
    <span class="right-empty">		    </span>
  </div>
  <div class="titlebox-content " id="TitleBox--_Public_Bug_Display_html--ticket-info-basics----VGhlIEJhc2ljcw__---0">


        <table>
  <tr class="id">
    <td class="label">Id:</td>
    <td class="value">11496</td>
  </tr>
  <tr class="status">
    <td class="label">Status:</td>
    <td class="value">stalled</td>
  </tr>
  <tr class="time worked">
    <td class="label">Worked:</td>
    <td class="value">1 min

</td>
  </tr>
  <tr class="priority">
    <td class="label">Priority:</td>
    <td class="value">0/
</td>
  </tr>
  <tr class="queue">
    <td class="label">Queue:</td>
    <td class="value"><a href="/Public/Dist/GD/Active/">GD</a>
</td>
  </tr>
</table>

        <hr class="clear" />
  </div>
</div>




</div>


    <div class="ticket-info-people">
  <div class="titlebox ticket-info-people " id="">
  <div class="titlebox-title">
    <span class="widget"><a href="#" onclick="return rollup('TitleBox\x2D\x2D\x5FPublic\x5FBug\x5FDisplay\x5Fhtml\x2D\x2Dticket\x2Dinfo\x2Dpeople\x2D\x2D\x2D\x2DUGVvcGxl\x2D\x2D\x2D0');" title="Toggle visibility"></a></span>
    <span class="left">People</span>
    <span class="right-empty">		    </span>
  </div>
  <div class="titlebox-content " id="TitleBox--_Public_Bug_Display_html--ticket-info-people----UGVvcGxl---0">


        <table>
  <tr>
    <td class="label">Owner:</td>
    <td class="value">LDS [...] cpan.org
    
    </td>
  </tr>
  <tr>
    <td class="labeltop">Requestors:</td>
    <td class="value">
alessandro.avino [...] telecomitalia.it

<br />

</td>
  </tr>
  <tr>
    <td class="labeltop">Cc:</td>
    <td class="value">

</td>
  </tr>
  <tr>
    <td class="labeltop">AdminCc:</td>
    <td class="value">

</td>
  </tr>
</table>

        <hr class="clear" />
  </div>
</div>




</div>



  </td>
  <td valign="top" class="boxcontainer">
    
    <div class="ticket-info-cfs">
  <div class="titlebox ticket-info-cfs " id="">
  <div class="titlebox-title">
    <span class="widget"><a href="#" onclick="return rollup('TitleBox\x2D\x2D\x5FPublic\x5FBug\x5FDisplay\x5Fhtml\x2D\x2Dticket\x2Dinfo\x2Dcfs\x2D\x2D\x2D\x2DQnVnIEluZm9ybWF0aW9u\x2D\x2D\x2D0');" title="Toggle visibility"></a></span>
    <span class="left">Bug Information</span>
    <span class="right-empty">		    </span>
  </div>
  <div class="titlebox-content " id="TitleBox--_Public_Bug_Display_html--ticket-info-cfs----QnVnIEluZm9ybWF0aW9u---0">

 
        <table>
  <tr id="CF-1-ShowRow">
    <td class="label">Severity:</td>
    <td class="value">
<i>(no value)</i>
    </td>
  </tr>
  <tr id="CF-14260-ShowRow">
    <td class="label">Broken in:</td>
    <td class="value">
<i>(no value)</i>
    </td>
  </tr>
  <tr id="CF-14261-ShowRow">
    <td class="label">Fixed in:</td>
    <td class="value">
<i>(no value)</i>
    </td>
  </tr>
</table>


        <hr class="clear" />
  </div>
</div>




</div>


    




  </td>
</tr>
</table>

    <hr class="clear" />
  </div>
</div>




</div>


<br />


<div class="history">
<div class="titlebox" id="">
  <div class="titlebox-title">
    <span class="widget"><a href="#" onclick="return rollup('TitleBox\x2D\x2D\x5FPublic\x5FBug\x5FDisplay\x5Fhtml\x2D\x2D\x2D\x2D\x2D\x2DSGlzdG9yeQ\x5F\x5F\x2D\x2D\x2D0');" title="Toggle visibility"></a></span>
    <span class="left">History</span>
    <span class="right">		<a href="#" data-direction="open" onclick="return toggle_all_folds(this, 'Show\x20all\x20quoted\x20text', 'Hide\x20all\x20quoted\x20text');">Show all quoted text</a>    </span>
  </div>
  <div class="titlebox-content " id="TitleBox--_Public_Bug_Display_html------SGlzdG9yeQ__---0">


<div id="ticket-history">
<div class="ticket-transaction message Create odd">
<div class="ticket-transaction">
  <div class="metadata">
    <span class="type">
      &nbsp;      
    </span>
    <span class="date">Mon&nbsp;Feb&nbsp;14&nbsp;02:49:56&nbsp;2005</span>
    <span class="description">alessandro.avino [...] telecomitalia.it -  Ticket created</span>
    <span class="time-taken"></span>    <span class="actions hidden"></span>
  </div>
    <div class="content">
      
<table>
  <tr>
    <td align="right" class="message-header-key">Subject:</td>
    <td class="message-header-value"> Problem with make test of GD installation</td>
  </tr>
  <tr>
    <td align="right" class="message-header-key">Date:</td>
    <td class="message-header-value"> Mon, 14 Feb 2005 08:43:10 +0100</td>
  </tr>
  <tr>
    <td align="right" class="message-header-key">From:</td>
    <td class="message-header-value"> &#34;Avino Alessandro&#34; &lt;alessandro.avino [...] telecomitalia.it&gt;</td>
  </tr>
  <tr>
    <td align="right" class="message-header-key">To:</td>
    <td class="message-header-value"> &lt;bug-gd [...] rt.cpan.org&gt;</td>
  </tr>
</table>
<div class="messageattachments">

<div class="messagebody">
<div class="message-stanza plain-text-white-space">Hi,
my name is Alessandro
I installed Perl 5.003_05 on my Sun Solaris &#40;SUNW,Ultra-5_10, sun4u&#41;,
with Solaris 5.7 Operating System.
I used a gcc compiler &#40;version 2.95&#41; to compile all my components.
Then, I successfully installed some perl Modules:
 
- DBI-1.14
- DBD-Oracle-1.06
- GDTextUtil-0.80
- GDGraph-1.33
- CGI-FastTemplate-1.09
- Parse-RecDescent-1.80
- Spreadsheet-WriteExcel-0.36 
 
The next module I would install was GD_1.30. but, first, 
zlib-1.1.4
libpng-1.2.5
gd-1.8.4
 
I had problem with the &#34;make test&#34; command. Here the log
 
# make test
/usr/bin/perl -I/usr/local/bin/nsPerl5.005_03/lib/sun4-solaris
-I/usr/local/bin/nsPerl5.005_03/lib
/usr/local/bin/nsPerl5.005_03/lib/ExtUtils/xsubpp -object_capi  -typemap
/usr/local/bin/nsPerl5.005_03/lib/ExtUtils/typemap -typemap typemap
GD.xs &gt;xstmp.c &#38;&#38; mv xstmp.c GD.c
cc -c -I/usr/local/include -I/usr/local/include/gd -I/usr/local/include
-O     -DVERSION=\&#34;1.30\&#34;  -DXS_VERSION=\&#34;1.30\&#34; -KPIC
-I/usr/local/bin/nsPerl5.005_03/lib/sun4-solaris/CORE -DHAVE_JPEG
-DHAVE_TTF GD.c
cc: unrecognized option `-KPIC&#39;
GD.xs: In function `XS_GD__Image_newFromXpm&#39;:
GD.xs:539: warning: assignment makes pointer from integer without a cast
LD_RUN_PATH=&#34;/usr/local/lib:/lib&#34; cc -o blib/arch/auto/GD/GD.so
-R/usr/local/lib -R/lib -G -L/usr/local/lib GD.o    -L/usr/lib/X11
-L/usr/local/lib -lgd -lpng -lz -lm
chmod 755 blib/arch/auto/GD/GD.so
PERL_DL_NONLAZY=1 /usr/bin/perl -Iblib/arch -Iblib/lib
-I/usr/local/bin/nsPerl5.005_03/lib/sun4-solaris
-I/usr/local/bin/nsPerl5.005_03/lib -e &#39;use Test::Harness qw&#40;&#38;runtests
$verbose&#41;; $verbose=0; runtests @ARGV;&#39; t/*.t
t/GD................Can&#39;t load &#39;./blib/arch/auto/GD/GD.so&#39; for module
GD: ld.so.
1: /usr/bin/perl: fatal: relocation error: file
./blib/arch/auto/GD/GD.so: symbol gdImageCreateFromJpegCtx: referenced
symbol not found at
/usr/local/bin/nsPerl5.005_03/lib/sun4-solaris/DynaLoader.pm line 169.
at t/GD.t line 11
BEGIN failed--compilation aborted at t/GD.t line 11.
dubious
        Test returned status 2 &#40;wstat 512, 0x200&#41;
DIED. FAILED tests 1-10
        Failed 10/10 tests, 0.00% okay
Failed Test  Status Wstat Total Fail  Failed  List of failed
------------------------------------------------------------------------
-------
t/GD.t            2   512    10   10 100.00%  1-10
Failed 1/1 test scripts, 0.00% okay. 10/10 subtests failed, 0.00% okay.
*** Error code 2
make: Fatal error: Command failed for target `test_dynamic&#39;
 
But the &#34;make install&#34; was OK.
 
So, I tried to install newer version of my components and so my new list
of software is 

*       ActivePerl-5.6.1.638-sun4-solaris 
*       libpng-1.2.7-config 
*       ljpegsrc.v6b 
*       freetype-1.3.1 
*       gd-2.0.32 
*       GD-2.16

 
The problem remain and now I don&#39;t know what can I do. Here the new
error log
 
# make test
PERL_DL_NONLAZY=1 /usr/local/ActivePerl-5.6/bin/perl -Iblib/arch
-Iblib/lib
-I/usr/local/ActivePerl-5.6/lib/5.6.1/sun4-solaris-thread-multi
-I/usr/local/ActivePerl-5.6/lib/5.6.1 -e &#39;use Test::Harness qw&#40;&#38;runtests
$verbose&#41;; $verbose=0; runtests @ARGV;&#39; t/*.t
t/GD..........Can&#39;t load &#39;./blib/arch/auto/GD/GD.so&#39; for module GD:
ld.so.1: /usr/local/ActivePerl-5.6/bin/perl: fatal: relocation error:
file ./blib/arch/auto/GD/GD.so: symbol gdImageCreateFromJpeg: referenced
symbol not found at
/usr/local/ActivePerl-5.6/lib/5.6.1/sun4-solaris-thread-multi/DynaLoader
.pm line 206.
Compilation failed in require at t/GD.t line 13.
BEGIN failed--compilation aborted at t/GD.t line 13.
t/GD..........dubious

        Test returned status 255 &#40;wstat 65280, 0xff00&#41;
DIED. FAILED tests 1-10
        Failed 10/10 tests, 0.00% okay
t/Polyline....Can&#39;t load &#39;blib/arch/auto/GD/GD.so&#39; for module GD:
ld.so.1: /usr/local/ActivePerl-5.6/bin/perl: fatal: relocation error:
file blib/arch/auto/GD/GD.so: symbol gdImageCreateFromJpeg: referenced
symbol not found at
/usr/local/ActivePerl-5.6/lib/5.6.1/sun4-solaris-thread-multi/DynaLoader
.pm line 206.
Compilation failed in require at blib/lib/GD/Polyline.pm line 49.
BEGIN failed--compilation aborted at blib/lib/GD/Polyline.pm line 49.
Compilation failed in require at t/Polyline.t line 10.
BEGIN failed--compilation aborted at t/Polyline.t line 10.
t/Polyline....dubious

        Test returned status 255 &#40;wstat 65280, 0xff00&#41;
DIED. FAILED test 1
        Failed 1/1 tests, 0.00% okay
Failed Test  Stat Wstat Total Fail  Failed  List of Failed
------------------------------------------------------------------------
-------
t/GD.t        255 65280    10   20 200.00%  1-10
t/Polyline.t  255 65280     1    2 200.00%  1
Failed 2/2 test scripts, 0.00% okay. 11/11 subtests failed, 0.00% okay.
*** Error code 2
make: Fatal error: Command failed for target `test_dynamic&#39;
 
Can you help me??
How can I resolve this situation??
 
 
Thanks so much
 
Alessandro
--------------------------------------------------------------------

CONFIDENTIALITY NOTICE

This message and its attachments are addressed solely to the persons above and may contain confidential information. If you have received the message in error, be informed that any use of the content hereof is prohibited. Please return it immediately to the sender and delete the message. Should you have any questions, please contact us by replying to webmaster@telecomitalia.it.

        Thank you

                                        www.telecomitalia.it

--------------------------------------------------------------------
</div></div>

<div class="messagebody">
</div>
</div>
    </div>
</div>
</div>
<div class="ticket-transaction basics Status even">
<div class="ticket-transaction">
  <div class="metadata">
    <span class="type">
      &nbsp;      
    </span>
    <span class="date">Mon&nbsp;Mar&nbsp;07&nbsp;13:17:58&nbsp;2005</span>
    <span class="description">LDS [...] cpan.org -  Status changed from &#39;new&#39; to &#39;resolved&#39;</span>
    <span class="time-taken"></span>    <span class="actions hidden"></span>
  </div>
    <div class="content">
    </div>
</div>
</div>
<div class="ticket-transaction message Correspond odd">
<div class="ticket-transaction">
  <div class="metadata">
    <span class="type">
      &nbsp;      
    </span>
    <span class="date">Mon&nbsp;Mar&nbsp;07&nbsp;13:17:58&nbsp;2005</span>
    <span class="description">LDS [...] cpan.org -  Correspondence added</span>
    <span class="time-taken">1 min</span>    <span class="actions hidden"></span>
  </div>
    <div class="content">
      

<div class="messagebody">
<div class="message-stanza plain-text-white-space">Current versions of the GD Perl module require you to install libgd 
&#40;the C library&#41; version 2.0.28 or higher.  I am surprised that when you 
compiled the GD module, it didn&#39;t warn you about this requirement.  Did 
you see a message like this one? 
 
NOTICE: This module requires libgd 2.0.25 or higher. 
        it will NOT work with earlier versions. If you are getting 
        compile or link errors, then please get and install a new 
        version of libgd from www.boutell.com. Do NOT ask Lincoln 
        for help until you try this. 
 
Lincoln 
[alessandro.avino@telecomitalia.it - Mon Feb 14 02:49:56 2005]: 
 
<span
    class="message-stanza-folder closed"
    onclick="fold_message_stanza(this, 'Show\x20quoted\x20text', 'Hide\x20quoted\x20text');">Show quoted text</span><br /><div class="message-stanza closed">&gt; Hi, 
&gt; my name is Alessandro 
&gt; I installed Perl 5.003_05 on my Sun Solaris &#40;SUNW,Ultra-5_10, sun4u&#41;, 
&gt; with Solaris 5.7 Operating System. 
&gt; I used a gcc compiler &#40;version 2.95&#41; to compile all my components. 
&gt; Then, I successfully installed some perl Modules: 
&gt;  
&gt; - DBI-1.14 
&gt; - DBD-Oracle-1.06 
&gt; - GDTextUtil-0.80 
&gt; - GDGraph-1.33 
&gt; - CGI-FastTemplate-1.09 
&gt; - Parse-RecDescent-1.80 
&gt; - Spreadsheet-WriteExcel-0.36 
&gt;  
&gt; The next module I would install was GD_1.30. but, first, 
&gt; zlib-1.1.4 
&gt; libpng-1.2.5 
&gt; gd-1.8.4 
&gt;  
&gt; I had problem with the &#34;make test&#34; command. Here the log 
&gt;  
&gt; # make test 
&gt; /usr/bin/perl -I/usr/local/bin/nsPerl5.005_03/lib/sun4-solaris 
&gt; -I/usr/local/bin/nsPerl5.005_03/lib 
&gt; /usr/local/bin/nsPerl5.005_03/lib/ExtUtils/xsubpp -object_capi 
&gt;    -typemap 
&gt; /usr/local/bin/nsPerl5.005_03/lib/ExtUtils/typemap -typemap typemap 
&gt; GD.xs &gt;xstmp.c &#38;&#38; mv xstmp.c GD.c 
&gt; cc -c -I/usr/local/include -I/usr/local/include/gd 
&gt;    -I/usr/local/include 
&gt; -O     -DVERSION=\&#34;1.30\&#34;  -DXS_VERSION=\&#34;1.30\&#34; -KPIC 
&gt; -I/usr/local/bin/nsPerl5.005_03/lib/sun4-solaris/CORE -DHAVE_JPEG 
&gt; -DHAVE_TTF GD.c 
&gt; cc: unrecognized option `-KPIC&#39; 
&gt; GD.xs: In function `XS_GD__Image_newFromXpm&#39;: 
&gt; GD.xs:539: warning: assignment makes pointer from integer without a 
&gt;    cast 
&gt; LD_RUN_PATH=&#34;/usr/local/lib:/lib&#34; cc -o blib/arch/auto/GD/GD.so 
&gt; -R/usr/local/lib -R/lib -G -L/usr/local/lib GD.o    -L/usr/lib/X11 
&gt; -L/usr/local/lib -lgd -lpng -lz -lm 
&gt; chmod 755 blib/arch/auto/GD/GD.so 
&gt; PERL_DL_NONLAZY=1 /usr/bin/perl -Iblib/arch -Iblib/lib 
&gt; -I/usr/local/bin/nsPerl5.005_03/lib/sun4-solaris 
&gt; -I/usr/local/bin/nsPerl5.005_03/lib -e &#39;use Test::Harness 
</div>qw&#40;&#38;runtests 
<span
    class="message-stanza-folder closed"
    onclick="fold_message_stanza(this, 'Show\x20quoted\x20text', 'Hide\x20quoted\x20text');">Show quoted text</span><br /><div class="message-stanza closed">&gt; $verbose&#41;; $verbose=0; runtests @ARGV;&#39; t/*.t 
&gt; t/GD................Can&#39;t load &#39;./blib/arch/auto/GD/GD.so&#39; for module 
&gt; GD: ld.so. 
&gt; 1: /usr/bin/perl: fatal: relocation error: file 
&gt; ./blib/arch/auto/GD/GD.so: symbol gdImageCreateFromJpegCtx: 
</div>referenced 
<span
    class="message-stanza-folder closed"
    onclick="fold_message_stanza(this, 'Show\x20quoted\x20text', 'Hide\x20quoted\x20text');">Show quoted text</span><br /><div class="message-stanza closed">&gt; symbol not found at 
&gt; /usr/local/bin/nsPerl5.005_03/lib/sun4-solaris/DynaLoader.pm line 
</div>169. 
<span
    class="message-stanza-folder closed"
    onclick="fold_message_stanza(this, 'Show\x20quoted\x20text', 'Hide\x20quoted\x20text');">Show quoted text</span><br /><div class="message-stanza closed">&gt; at t/GD.t line 11 
&gt; BEGIN failed--compilation aborted at t/GD.t line 11. 
&gt; dubious 
&gt;         Test returned status 2 &#40;wstat 512, 0x200&#41; 
&gt; DIED. FAILED tests 1-10 
&gt;         Failed 10/10 tests, 0.00% okay 
&gt; Failed Test  Status Wstat Total Fail  Failed  List of failed 
&gt; 
</div>------------------------------------------------------------------------ 
<span
    class="message-stanza-folder closed"
    onclick="fold_message_stanza(this, 'Show\x20quoted\x20text', 'Hide\x20quoted\x20text');">Show quoted text</span><br /><div class="message-stanza closed">&gt; ------- 
&gt; t/GD.t            2   512    10   10 100.00%  1-10 
&gt; Failed 1/1 test scripts, 0.00% okay. 10/10 subtests failed, 0.00% 
&gt;    okay. 
&gt; *** Error code 2 
&gt; make: Fatal error: Command failed for target `test_dynamic&#39; 
&gt;  
&gt; But the &#34;make install&#34; was OK. 
&gt;  
&gt; So, I tried to install newer version of my components and so my new 
&gt;    list 
&gt; of software is 
&gt;  
&gt; *     ActivePerl-5.6.1.638-sun4-solaris 
&gt; *     libpng-1.2.7-config 
&gt; *     ljpegsrc.v6b 
&gt; *     freetype-1.3.1 
&gt; *     gd-2.0.32 
&gt; *     GD-2.16 
&gt;  
&gt;  
&gt; The problem remain and now I don&#39;t know what can I do. Here the new 
&gt; error log 
&gt;  
&gt; # make test 
&gt; PERL_DL_NONLAZY=1 /usr/local/ActivePerl-5.6/bin/perl -Iblib/arch 
&gt; -Iblib/lib 
&gt; -I/usr/local/ActivePerl-5.6/lib/5.6.1/sun4-solaris-thread-multi 
&gt; -I/usr/local/ActivePerl-5.6/lib/5.6.1 -e &#39;use Test::Harness 
&gt;    qw&#40;&#38;runtests 
&gt; $verbose&#41;; $verbose=0; runtests @ARGV;&#39; t/*.t 
&gt; t/GD..........Can&#39;t load &#39;./blib/arch/auto/GD/GD.so&#39; for module GD: 
&gt; ld.so.1: /usr/local/ActivePerl-5.6/bin/perl: fatal: relocation error: 
&gt; file ./blib/arch/auto/GD/GD.so: symbol gdImageCreateFromJpeg: 
&gt;    referenced 
&gt; symbol not found at 
&gt; /usr/local/ActivePerl-5.6/lib/5.6.1/sun4-solaris-thread- 
&gt;    multi/DynaLoader 
&gt; .pm line 206. 
&gt; Compilation failed in require at t/GD.t line 13. 
&gt; BEGIN failed--compilation aborted at t/GD.t line 13. 
&gt; t/GD..........dubious 
&gt;  
&gt;         Test returned status 255 &#40;wstat 65280, 0xff00&#41; 
&gt; DIED. FAILED tests 1-10 
&gt;         Failed 10/10 tests, 0.00% okay 
&gt; t/Polyline....Can&#39;t load &#39;blib/arch/auto/GD/GD.so&#39; for module GD: 
&gt; ld.so.1: /usr/local/ActivePerl-5.6/bin/perl: fatal: relocation error: 
&gt; file blib/arch/auto/GD/GD.so: symbol gdImageCreateFromJpeg: 
</div>referenced 
<span
    class="message-stanza-folder closed"
    onclick="fold_message_stanza(this, 'Show\x20quoted\x20text', 'Hide\x20quoted\x20text');">Show quoted text</span><br /><div class="message-stanza closed">&gt; symbol not found at 
&gt; /usr/local/ActivePerl-5.6/lib/5.6.1/sun4-solaris-thread- 
&gt;    multi/DynaLoader 
&gt; .pm line 206. 
&gt; Compilation failed in require at blib/lib/GD/Polyline.pm line 49. 
&gt; BEGIN failed--compilation aborted at blib/lib/GD/Polyline.pm line 49. 
&gt; Compilation failed in require at t/Polyline.t line 10. 
&gt; BEGIN failed--compilation aborted at t/Polyline.t line 10. 
&gt; t/Polyline....dubious 
&gt;  
&gt;         Test returned status 255 &#40;wstat 65280, 0xff00&#41; 
&gt; DIED. FAILED test 1 
&gt;         Failed 1/1 tests, 0.00% okay 
&gt; Failed Test  Stat Wstat Total Fail  Failed  List of Failed 
&gt; 
</div>------------------------------------------------------------------------ 
<span
    class="message-stanza-folder closed"
    onclick="fold_message_stanza(this, 'Show\x20quoted\x20text', 'Hide\x20quoted\x20text');">Show quoted text</span><br /><div class="message-stanza closed">&gt; ------- 
&gt; t/GD.t        255 65280    10   20 200.00%  1-10 
&gt; t/Polyline.t  255 65280     1    2 200.00%  1 
&gt; Failed 2/2 test scripts, 0.00% okay. 11/11 subtests failed, 0.00% 
&gt;    okay. 
&gt; *** Error code 2 
&gt; make: Fatal error: Command failed for target `test_dynamic&#39; 
&gt;  
&gt; Can you help me?? 
&gt; How can I resolve this situation?? 
&gt;  
&gt;  
&gt; Thanks so much 
&gt;  
&gt; Alessandro 
&gt; -------------------------------------------------------------------- 
&gt;  
&gt; CONFIDENTIALITY NOTICE 
&gt;  
&gt; This message and its attachments are addressed solely to the persons 
&gt;    above and may contain confidential information. If you have 
&gt;    received the message in error, be informed that any use of the 
&gt;    content hereof is prohibited. Please return it immediately to the 
&gt;    sender and delete the message. Should you have any questions, 
&gt;    please contact us by replying to webmaster@telecomitalia.it. 
&gt;  
&gt;         Thank you 
&gt;  
&gt;                                         www.telecomitalia.it 
&gt;  
&gt; -------------------------------------------------------------------- 
</div> 
 
 
</div></div>
    </div>
</div>
</div>
<div class="ticket-transaction people Give even">
<div class="ticket-transaction">
  <div class="metadata">
    <span class="type">
      &nbsp;      
    </span>
    <span class="date">Mon&nbsp;Mar&nbsp;07&nbsp;13:17:59&nbsp;2005</span>
    <span class="description">LDS [...] cpan.org -  Given to LDS</span>
    <span class="time-taken"></span>    <span class="actions hidden"></span>
  </div>
    <div class="content">
    </div>
</div>
</div>
<div class="ticket-transaction message Correspond odd">
<div class="ticket-transaction">
  <div class="metadata">
    <span class="type">
      &nbsp;      
    </span>
    <span class="date">Wed&nbsp;Mar&nbsp;09&nbsp;04:24:14&nbsp;2005</span>
    <span class="description">Guest -  Correspondence added</span>
    <span class="time-taken"></span>    <span class="actions hidden"></span>
  </div>
    <div class="content">
      

<div class="messagebody">
<div class="message-stanza plain-text-white-space">Hi Lincoln,
Sorry, but pherhaps I forgot something.

I tired to install first the gd 1.8.4 and then the new version gd-
2.0.32.

Is this new version newer than the &#34;2.0.28&#34;?
Or is libgd &#40;C library, as you say&#41; different from gd.2.0.32???

Thanks 





[LDS - Mon Mar  7 13:17:58 2005]:

<span
    class="message-stanza-folder closed"
    onclick="fold_message_stanza(this, 'Show\x20quoted\x20text', 'Hide\x20quoted\x20text');">Show quoted text</span><br /><div class="message-stanza closed">&gt; Current versions of the GD Perl module require you to install libgd 
&gt; &#40;the C library&#41; version 2.0.28 or higher.  I am surprised that when 
</div>you 
<span
    class="message-stanza-folder closed"
    onclick="fold_message_stanza(this, 'Show\x20quoted\x20text', 'Hide\x20quoted\x20text');">Show quoted text</span><br /><div class="message-stanza closed">&gt; compiled the GD module, it didn&#39;t warn you about this requirement.  
</div>Did 
<span
    class="message-stanza-folder closed"
    onclick="fold_message_stanza(this, 'Show\x20quoted\x20text', 'Hide\x20quoted\x20text');">Show quoted text</span><br /><div class="message-stanza closed">&gt; you see a message like this one? 
&gt;  
&gt; NOTICE: This module requires libgd 2.0.25 or higher. 
&gt;         it will NOT work with earlier versions. If you are getting 
&gt;         compile or link errors, then please get and install a new 
&gt;         version of libgd from www.boutell.com. Do NOT ask Lincoln 
&gt;         for help until you try this. 
&gt;  
&gt; Lincoln 
&gt; [alessandro.avino@telecomitalia.it - Mon Feb 14 02:49:56 2005]: 
&gt;  
<div class="message-stanza open">&gt; &gt; Hi, 
&gt; &gt; my name is Alessandro 
&gt; &gt; I installed Perl 5.003_05 on my Sun Solaris &#40;SUNW,Ultra-5_10, 
</div></div>sun4u&#41;, 
<span
    class="message-stanza-folder closed"
    onclick="fold_message_stanza(this, 'Show\x20quoted\x20text', 'Hide\x20quoted\x20text');">Show quoted text</span><br /><div class="message-stanza closed"><div class="message-stanza open">&gt; &gt; with Solaris 5.7 Operating System. 
&gt; &gt; I used a gcc compiler &#40;version 2.95&#41; to compile all my components. 
&gt; &gt; Then, I successfully installed some perl Modules: 
&gt; &gt;  
&gt; &gt; - DBI-1.14 
&gt; &gt; - DBD-Oracle-1.06 
&gt; &gt; - GDTextUtil-0.80 
&gt; &gt; - GDGraph-1.33 
&gt; &gt; - CGI-FastTemplate-1.09 
&gt; &gt; - Parse-RecDescent-1.80 
&gt; &gt; - Spreadsheet-WriteExcel-0.36 
&gt; &gt;  
&gt; &gt; The next module I would install was GD_1.30. but, first, 
&gt; &gt; zlib-1.1.4 
&gt; &gt; libpng-1.2.5 
&gt; &gt; gd-1.8.4 
&gt; &gt;  
&gt; &gt; I had problem with the &#34;make test&#34; command. Here the log 
&gt; &gt;  
&gt; &gt; # make test 
&gt; &gt; /usr/bin/perl -I/usr/local/bin/nsPerl5.005_03/lib/sun4-solaris 
&gt; &gt; -I/usr/local/bin/nsPerl5.005_03/lib 
&gt; &gt; /usr/local/bin/nsPerl5.005_03/lib/ExtUtils/xsubpp -object_capi 
&gt; &gt;    -typemap 
&gt; &gt; /usr/local/bin/nsPerl5.005_03/lib/ExtUtils/typemap -typemap typemap 
&gt; &gt; GD.xs &gt;xstmp.c &#38;&#38; mv xstmp.c GD.c 
&gt; &gt; cc -c -I/usr/local/include -I/usr/local/include/gd 
&gt; &gt;    -I/usr/local/include 
&gt; &gt; -O     -DVERSION=\&#34;1.30\&#34;  -DXS_VERSION=\&#34;1.30\&#34; -KPIC 
&gt; &gt; -I/usr/local/bin/nsPerl5.005_03/lib/sun4-solaris/CORE -DHAVE_JPEG 
&gt; &gt; -DHAVE_TTF GD.c 
&gt; &gt; cc: unrecognized option `-KPIC&#39; 
&gt; &gt; GD.xs: In function `XS_GD__Image_newFromXpm&#39;: 
&gt; &gt; GD.xs:539: warning: assignment makes pointer from integer without a 
&gt; &gt;    cast 
&gt; &gt; LD_RUN_PATH=&#34;/usr/local/lib:/lib&#34; cc -o blib/arch/auto/GD/GD.so 
&gt; &gt; -R/usr/local/lib -R/lib -G -L/usr/local/lib GD.o    -L/usr/lib/X11 
&gt; &gt; -L/usr/local/lib -lgd -lpng -lz -lm 
&gt; &gt; chmod 755 blib/arch/auto/GD/GD.so 
&gt; &gt; PERL_DL_NONLAZY=1 /usr/bin/perl -Iblib/arch -Iblib/lib 
&gt; &gt; -I/usr/local/bin/nsPerl5.005_03/lib/sun4-solaris 
&gt; &gt; -I/usr/local/bin/nsPerl5.005_03/lib -e &#39;use Test::Harness 
</div>&gt; qw&#40;&#38;runtests 
<div class="message-stanza open">&gt; &gt; $verbose&#41;; $verbose=0; runtests @ARGV;&#39; t/*.t 
&gt; &gt; t/GD................Can&#39;t load &#39;./blib/arch/auto/GD/GD.so&#39; for 
</div></div>module 
<span
    class="message-stanza-folder closed"
    onclick="fold_message_stanza(this, 'Show\x20quoted\x20text', 'Hide\x20quoted\x20text');">Show quoted text</span><br /><div class="message-stanza closed"><div class="message-stanza open">&gt; &gt; GD: ld.so. 
&gt; &gt; 1: /usr/bin/perl: fatal: relocation error: file 
&gt; &gt; ./blib/arch/auto/GD/GD.so: symbol gdImageCreateFromJpegCtx: 
</div>&gt; referenced 
<div class="message-stanza open">&gt; &gt; symbol not found at 
&gt; &gt; /usr/local/bin/nsPerl5.005_03/lib/sun4-solaris/DynaLoader.pm line 
</div>&gt; 169. 
<div class="message-stanza open">&gt; &gt; at t/GD.t line 11 
&gt; &gt; BEGIN failed--compilation aborted at t/GD.t line 11. 
&gt; &gt; dubious 
&gt; &gt;         Test returned status 2 &#40;wstat 512, 0x200&#41; 
&gt; &gt; DIED. FAILED tests 1-10 
&gt; &gt;         Failed 10/10 tests, 0.00% okay 
&gt; &gt; Failed Test  Status Wstat Total Fail  Failed  List of failed 
&gt; &gt; 
</div>&gt; ----------------------------------------------------------------------
</div>-- 
<span
    class="message-stanza-folder closed"
    onclick="fold_message_stanza(this, 'Show\x20quoted\x20text', 'Hide\x20quoted\x20text');">Show quoted text</span><br /><div class="message-stanza closed"><div class="message-stanza open">&gt; &gt; ------- 
&gt; &gt; t/GD.t            2   512    10   10 100.00%  1-10 
&gt; &gt; Failed 1/1 test scripts, 0.00% okay. 10/10 subtests failed, 0.00% 
&gt; &gt;    okay. 
&gt; &gt; *** Error code 2 
&gt; &gt; make: Fatal error: Command failed for target `test_dynamic&#39; 
&gt; &gt;  
&gt; &gt; But the &#34;make install&#34; was OK. 
&gt; &gt;  
&gt; &gt; So, I tried to install newer version of my components and so my new 
&gt; &gt;    list 
&gt; &gt; of software is 
&gt; &gt;  
&gt; &gt; *   ActivePerl-5.6.1.638-sun4-solaris 
&gt; &gt; *   libpng-1.2.7-config 
&gt; &gt; *   ljpegsrc.v6b 
&gt; &gt; *   freetype-1.3.1 
&gt; &gt; *   gd-2.0.32 
&gt; &gt; *   GD-2.16 
&gt; &gt;  
&gt; &gt;  
&gt; &gt; The problem remain and now I don&#39;t know what can I do. Here the new 
&gt; &gt; error log 
&gt; &gt;  
&gt; &gt; # make test 
&gt; &gt; PERL_DL_NONLAZY=1 /usr/local/ActivePerl-5.6/bin/perl -Iblib/arch 
&gt; &gt; -Iblib/lib 
&gt; &gt; -I/usr/local/ActivePerl-5.6/lib/5.6.1/sun4-solaris-thread-multi 
&gt; &gt; -I/usr/local/ActivePerl-5.6/lib/5.6.1 -e &#39;use Test::Harness 
&gt; &gt;    qw&#40;&#38;runtests 
&gt; &gt; $verbose&#41;; $verbose=0; runtests @ARGV;&#39; t/*.t 
&gt; &gt; t/GD..........Can&#39;t load &#39;./blib/arch/auto/GD/GD.so&#39; for module GD: 
&gt; &gt; ld.so.1: /usr/local/ActivePerl-5.6/bin/perl: fatal: relocation 
</div></div>error: 
<span
    class="message-stanza-folder closed"
    onclick="fold_message_stanza(this, 'Show\x20quoted\x20text', 'Hide\x20quoted\x20text');">Show quoted text</span><br /><div class="message-stanza closed"><div class="message-stanza open">&gt; &gt; file ./blib/arch/auto/GD/GD.so: symbol gdImageCreateFromJpeg: 
&gt; &gt;    referenced 
&gt; &gt; symbol not found at 
&gt; &gt; /usr/local/ActivePerl-5.6/lib/5.6.1/sun4-solaris-thread- 
&gt; &gt;    multi/DynaLoader 
&gt; &gt; .pm line 206. 
&gt; &gt; Compilation failed in require at t/GD.t line 13. 
&gt; &gt; BEGIN failed--compilation aborted at t/GD.t line 13. 
&gt; &gt; t/GD..........dubious 
&gt; &gt;  
&gt; &gt;         Test returned status 255 &#40;wstat 65280, 0xff00&#41; 
&gt; &gt; DIED. FAILED tests 1-10 
&gt; &gt;         Failed 10/10 tests, 0.00% okay 
&gt; &gt; t/Polyline....Can&#39;t load &#39;blib/arch/auto/GD/GD.so&#39; for module GD: 
&gt; &gt; ld.so.1: /usr/local/ActivePerl-5.6/bin/perl: fatal: relocation 
</div></div>error: 
<span
    class="message-stanza-folder closed"
    onclick="fold_message_stanza(this, 'Show\x20quoted\x20text', 'Hide\x20quoted\x20text');">Show quoted text</span><br /><div class="message-stanza closed"><div class="message-stanza open">&gt; &gt; file blib/arch/auto/GD/GD.so: symbol gdImageCreateFromJpeg: 
</div>&gt; referenced 
<div class="message-stanza open">&gt; &gt; symbol not found at 
&gt; &gt; /usr/local/ActivePerl-5.6/lib/5.6.1/sun4-solaris-thread- 
&gt; &gt;    multi/DynaLoader 
&gt; &gt; .pm line 206. 
&gt; &gt; Compilation failed in require at blib/lib/GD/Polyline.pm line 49. 
&gt; &gt; BEGIN failed--compilation aborted at blib/lib/GD/Polyline.pm line 
</div></div>49. 
<span
    class="message-stanza-folder closed"
    onclick="fold_message_stanza(this, 'Show\x20quoted\x20text', 'Hide\x20quoted\x20text');">Show quoted text</span><br /><div class="message-stanza closed"><div class="message-stanza open">&gt; &gt; Compilation failed in require at t/Polyline.t line 10. 
&gt; &gt; BEGIN failed--compilation aborted at t/Polyline.t line 10. 
&gt; &gt; t/Polyline....dubious 
&gt; &gt;  
&gt; &gt;         Test returned status 255 &#40;wstat 65280, 0xff00&#41; 
&gt; &gt; DIED. FAILED test 1 
&gt; &gt;         Failed 1/1 tests, 0.00% okay 
&gt; &gt; Failed Test  Stat Wstat Total Fail  Failed  List of Failed 
&gt; &gt; 
</div>&gt; ----------------------------------------------------------------------
</div>-- 
<span
    class="message-stanza-folder closed"
    onclick="fold_message_stanza(this, 'Show\x20quoted\x20text', 'Hide\x20quoted\x20text');">Show quoted text</span><br /><div class="message-stanza closed"><div class="message-stanza open">&gt; &gt; ------- 
&gt; &gt; t/GD.t        255 65280    10   20 200.00%  1-10 
&gt; &gt; t/Polyline.t  255 65280     1    2 200.00%  1 
&gt; &gt; Failed 2/2 test scripts, 0.00% okay. 11/11 subtests failed, 0.00% 
&gt; &gt;    okay. 
&gt; &gt; *** Error code 2 
&gt; &gt; make: Fatal error: Command failed for target `test_dynamic&#39; 
&gt; &gt;  
&gt; &gt; Can you help me?? 
&gt; &gt; How can I resolve this situation?? 
&gt; &gt;  
&gt; &gt;  
&gt; &gt; Thanks so much 
&gt; &gt;  
&gt; &gt; Alessandro 
&gt; &gt; --------------------------------------------------------------------
</div></div> 
<span
    class="message-stanza-folder closed"
    onclick="fold_message_stanza(this, 'Show\x20quoted\x20text', 'Hide\x20quoted\x20text');">Show quoted text</span><br /><div class="message-stanza closed"><div class="message-stanza open">&gt; &gt;  
&gt; &gt; CONFIDENTIALITY NOTICE 
&gt; &gt;  
&gt; &gt; This message and its attachments are addressed solely to the 
</div></div>persons 
<span
    class="message-stanza-folder closed"
    onclick="fold_message_stanza(this, 'Show\x20quoted\x20text', 'Hide\x20quoted\x20text');">Show quoted text</span><br /><div class="message-stanza closed"><div class="message-stanza open">&gt; &gt;    above and may contain confidential information. If you have 
&gt; &gt;    received the message in error, be informed that any use of the 
&gt; &gt;    content hereof is prohibited. Please return it immediately to 
</div></div>the 
<span
    class="message-stanza-folder closed"
    onclick="fold_message_stanza(this, 'Show\x20quoted\x20text', 'Hide\x20quoted\x20text');">Show quoted text</span><br /><div class="message-stanza closed"><div class="message-stanza open">&gt; &gt;    sender and delete the message. Should you have any questions, 
&gt; &gt;    please contact us by replying to webmaster@telecomitalia.it. 
&gt; &gt;  
&gt; &gt;         Thank you 
&gt; &gt;  
&gt; &gt;                                         www.telecomitalia.it 
&gt; &gt;  
&gt; &gt; --------------------------------------------------------------------
</div></div> 
<span
    class="message-stanza-folder closed"
    onclick="fold_message_stanza(this, 'Show\x20quoted\x20text', 'Hide\x20quoted\x20text');">Show quoted text</span><br /><div class="message-stanza closed">&gt;  
&gt;  
&gt;  
</div></div></div>
    </div>
</div>
</div>
<div class="ticket-transaction basics Set even">
<div class="ticket-transaction">
  <div class="metadata">
    <span class="type">
      &nbsp;      
    </span>
    <span class="date">Wed&nbsp;Mar&nbsp;09&nbsp;04:24:15&nbsp;2005</span>
    <span class="description">The RT System itself -  Status changed from &#39;resolved&#39; to &#39;open&#39;</span>
    <span class="time-taken"></span>    <span class="actions hidden"></span>
  </div>
    <div class="content">
    </div>
</div>
</div>
<div class="ticket-transaction message Correspond odd">
<div class="ticket-transaction">
  <div class="metadata">
    <span class="type">
      &nbsp;      
    </span>
    <span class="date">Wed&nbsp;Mar&nbsp;09&nbsp;04:29:49&nbsp;2005</span>
    <span class="description">Guest -  Correspondence added</span>
    <span class="time-taken"></span>    <span class="actions hidden"></span>
  </div>
    <div class="content">
      

<div class="messagebody">
<div class="message-stanza plain-text-white-space">[guest - Wed Mar  9 04:24:14 2005]:

<span
    class="message-stanza-folder closed"
    onclick="fold_message_stanza(this, 'Show\x20quoted\x20text', 'Hide\x20quoted\x20text');">Show quoted text</span><br /><div class="message-stanza closed">&gt; Hi Lincoln,
&gt; Sorry, but pherhaps I forgot something.
&gt; 
&gt; I tired to install first the gd 1.8.4 and then the new version gd-
&gt; 2.0.32.
&gt; 
&gt; Is this new version newer than the &#34;2.0.28&#34;?
&gt; Or is libgd &#40;C library, as you say&#41; different from gd.2.0.32???
&gt; 
&gt; Thanks 
&gt; 
&gt; alessandro.avino@telecomitalia.it
</div></div></div>
    </div>
</div>
</div>
<div class="ticket-transaction message Correspond even">
<div class="ticket-transaction">
  <div class="metadata">
    <span class="type">
      &nbsp;      
    </span>
    <span class="date">Wed&nbsp;Mar&nbsp;09&nbsp;05:42:00&nbsp;2005</span>
    <span class="description">Guest -  Correspondence added</span>
    <span class="time-taken"></span>    <span class="actions hidden"></span>
  </div>
    <div class="content">
      

<div class="messagebody">
<div class="message-stanza plain-text-white-space">[guest - Wed Mar  9 04:24:14 2005]:

<span
    class="message-stanza-folder closed"
    onclick="fold_message_stanza(this, 'Show\x20quoted\x20text', 'Hide\x20quoted\x20text');">Show quoted text</span><br /><div class="message-stanza closed">&gt; Hi Lincoln,
&gt; Sorry, but pherhaps I forgot something.
&gt; 
&gt; I tired to install first the gd 1.8.4 and then the new version gd-
&gt; 2.0.32.
&gt; 
&gt; Is this new version newer than the &#34;2.0.28&#34;?
&gt; Or is libgd &#40;C library, as you say&#41; different from gd.2.0.32???
&gt; 
&gt; Thanks 
&gt; 
&gt; alessandro.avino@telecomitalia.it
</div></div></div>
    </div>
</div>
</div>
<div class="ticket-transaction basics Status odd">
<div class="ticket-transaction">
  <div class="metadata">
    <span class="type">
      &nbsp;      <a id="lasttrans" name="lasttrans"></a>
    </span>
    <span class="date">Fri&nbsp;Apr&nbsp;21&nbsp;18:59:44&nbsp;2017</span>
    <span class="description">RURBAN [...] cpan.org -  Status changed from &#39;open&#39; to &#39;stalled&#39;</span>
    <span class="time-taken"></span>    <span class="actions hidden"></span>
  </div>
    <div class="content">
    </div>
</div>
</div>
</div>
    <hr class="clear" />
  </div>
</div>




</div>
 


  <hr class="clear" />
</div>
</body>
</html>
