<!DOCTYPE html>

<html lang="en">
  <head>
    <title>Bug #14883 for Encode-Punycode: make test failure</title>
    <meta http-equiv="X-UA-Compatible" content="IE=edge" />
    <!-- The X-UA-Compatible <meta> tag above must be very early in <head> -->

    <script>
if (window.top !== window.self) {
    document.write = "";

    window.top.location = window.self.location;

    setTimeout(function(){
        document.body.innerHTML = "";
    }, 1);

    window.self.onload = function(){
        document.body.innerHTML = "";
    };
}
</script>



<link rel="shortcut icon" href="/NoAuth/images/favicon.png" type="image/png" />
<link rel="stylesheet" href="/NoAuth/css/aileron-squished-00f758259152f8b6670ee485f462e6b8.css" type="text/css" media="all" />
<link rel="stylesheet" href="/NoAuth/css/print.css" type="text/css" media="print" />




<script type="text/javascript" src="/NoAuth/js/squished-42167f2409ce368da2d31038e5cb2a57.js"></script>

<script type="text/javascript"><!--
	jQuery( loadTitleBoxStates );

--></script>


<!--[if lt IE 8]>
<link rel="stylesheet" href="/NoAuth/css/aileron/msie.css" type="text/css" media="all" />
<![endif]-->
<!--[if lt IE 7]>
<link rel="stylesheet" href="/NoAuth/css/aileron/msie6.css" type="text/css" media="all" />
<![endif]-->
<script type="text/javascript">
jQuery(document).ready(function(){
    jQuery.fn.supersubs.defaults = {
        maxWidth: 30,
        extraWidth: 2
    };

    jQuery("#app-nav.toplevel").addClass('sf-menu sf-js-enabled sf-shadow').supersubs().superfish({ speed: 'fast' });
    jQuery("#page-menu.toplevel").addClass('sf-menu sf-js-enabled').supersubs().superfish({ dropShadows: false, speed: 'fast' }).supposition();
});
</script>


<!-- Site CSS from theme editor -->
<style type="text/css" media="all" id="sitecss">
</style>

<meta name="google-site-verification" content="kD3-uEJK1AkTqaC-rckcSt_HPkAj674DPPuEN6i-y0g" />

</head>
  <body class="aileron sidebyside" id="comp-Public-Bug-Display">

<div id="logo">
<a href="/"><img
    src="/NoAuth/images/cpan.png"
    alt="CPAN"
    width="181"
    height="38" /></a>
    <span class="rtname">RT for rt.cpan.org</span>
</div>


<div id="quickbar">
  <div id="quick-personal">
    <span class="hide"><a href="#skipnav">Skip Menu</a> | </span>
</div>

</div>
<div id="header"><h1>Bug #14883 for Encode-Punycode: make test failure</h1></div>



<div id="page-navigation"><ul id="page-menu" class="toplevel">
 <li id="li-page-active_bugs"><a id="page-active_bugs" class="menu-item " href="/Public/Dist/Encode-Punycode/Active/">Active bugs</a></li>
 <li id="li-page-resolved_bugs"><a id="page-resolved_bugs" class="menu-item " href="/Public/Dist/Encode-Punycode/Resolved/">Resolved bugs</a></li>
 <li id="li-page-rejected_bugs"><a id="page-rejected_bugs" class="menu-item " href="/Public/Dist/Encode-Punycode/Rejected/">Rejected bugs</a></li>
 <li id="li-page-report"><a id="page-report" class="menu-item " href="/Public/Dist/Encode-Punycode/Active/"></a></li>
</ul></div>
<div id="topactions">



</div>
<div id="body">


<a name="skipnav" id="skipnav" accesskey="8"></a>





<p>This queue is for tickets about the <a href="https://metacpan.org/release/Encode-Punycode">Encode-Punycode CPAN distribution</a>.</p>





<div class="">
  <div class="titlebox" id="">
  <div class="titlebox-title">
    <span class="widget"><a href="#" onclick="return rollup('TitleBox\x2D\x2D\x5FPublic\x5FBug\x5FDisplay\x5Fhtml\x2D\x2D\x2D\x2D\x2D\x2DUmVwb3J0IGluZm9ybWF0aW9u\x2D\x2D\x2D0');" title="Toggle visibility"></a></span>
    <span class="left">Report information</span>
    <span class="right-empty">		    </span>
  </div>
  <div class="titlebox-content " id="TitleBox--_Public_Bug_Display_html------UmVwb3J0IGluZm9ybWF0aW9u---0">


<table width="100%" class="ticket-summary">
<tr>
  <td valign="top" class="boxcontainer">
    <div class="ticket-info-basics">
  <div class="titlebox ticket-info-basics " id="">
  <div class="titlebox-title">
    <span class="widget"><a href="#" onclick="return rollup('TitleBox\x2D\x2D\x5FPublic\x5FBug\x5FDisplay\x5Fhtml\x2D\x2Dticket\x2Dinfo\x2Dbasics\x2D\x2D\x2D\x2DVGhlIEJhc2ljcw\x5F\x5F\x2D\x2D\x2D0');" title="Toggle visibility"></a></span>
    <span class="left">The Basics</span>
    <span class="right-empty">		    </span>
  </div>
  <div class="titlebox-content " id="TitleBox--_Public_Bug_Display_html--ticket-info-basics----VGhlIEJhc2ljcw__---0">


        <table>
  <tr class="id">
    <td class="label">Id:</td>
    <td class="value">14883</td>
  </tr>
  <tr class="status">
    <td class="label">Status:</td>
    <td class="value">resolved</td>
  </tr>
  <tr class="priority">
    <td class="label">Priority:</td>
    <td class="value">0/
</td>
  </tr>
  <tr class="queue">
    <td class="label">Queue:</td>
    <td class="value"><a href="/Public/Dist/Encode-Punycode/Active/">Encode-Punycode</a>
</td>
  </tr>
</table>

        <hr class="clear" />
  </div>
</div>




</div>


    <div class="ticket-info-people">
  <div class="titlebox ticket-info-people " id="">
  <div class="titlebox-title">
    <span class="widget"><a href="#" onclick="return rollup('TitleBox\x2D\x2D\x5FPublic\x5FBug\x5FDisplay\x5Fhtml\x2D\x2Dticket\x2Dinfo\x2Dpeople\x2D\x2D\x2D\x2DUGVvcGxl\x2D\x2D\x2D0');" title="Toggle visibility"></a></span>
    <span class="left">People</span>
    <span class="right-empty">		    </span>
  </div>
  <div class="titlebox-content " id="TitleBox--_Public_Bug_Display_html--ticket-info-people----UGVvcGxl---0">


        <table>
  <tr>
    <td class="label">Owner:</td>
    <td class="value">Nobody in particular
    
    </td>
  </tr>
  <tr>
    <td class="labeltop">Requestors:</td>
    <td class="value">
kjetilk [...] cpan.org

<br />

</td>
  </tr>
  <tr>
    <td class="labeltop">Cc:</td>
    <td class="value">

</td>
  </tr>
  <tr>
    <td class="labeltop">AdminCc:</td>
    <td class="value">

</td>
  </tr>
</table>

        <hr class="clear" />
  </div>
</div>




</div>



  </td>
  <td valign="top" class="boxcontainer">
    
    <div class="ticket-info-cfs">
  <div class="titlebox ticket-info-cfs " id="">
  <div class="titlebox-title">
    <span class="widget"><a href="#" onclick="return rollup('TitleBox\x2D\x2D\x5FPublic\x5FBug\x5FDisplay\x5Fhtml\x2D\x2Dticket\x2Dinfo\x2Dcfs\x2D\x2D\x2D\x2DQnVnIEluZm9ybWF0aW9u\x2D\x2D\x2D0');" title="Toggle visibility"></a></span>
    <span class="left">Bug Information</span>
    <span class="right-empty">		    </span>
  </div>
  <div class="titlebox-content " id="TitleBox--_Public_Bug_Display_html--ticket-info-cfs----QnVnIEluZm9ybWF0aW9u---0">

 
        <table>
  <tr id="CF-1-ShowRow">
    <td class="label">Severity:</td>
    <td class="value">
Normal    </td>
  </tr>
  <tr id="CF-12120-ShowRow">
    <td class="label">Broken in:</td>
    <td class="value">
0.02    </td>
  </tr>
  <tr id="CF-12121-ShowRow">
    <td class="label">Fixed in:</td>
    <td class="value">
<ul>
<li>
0.99_20080913</li>
<li>
0.99_20091223</li>
<li>
1.000</li>
</ul>
    </td>
  </tr>
</table>


        <hr class="clear" />
  </div>
</div>




</div>


    




  </td>
</tr>
</table>

    <hr class="clear" />
  </div>
</div>




</div>


<br />


<div class="history">
<div class="titlebox" id="">
  <div class="titlebox-title">
    <span class="widget"><a href="#" onclick="return rollup('TitleBox\x2D\x2D\x5FPublic\x5FBug\x5FDisplay\x5Fhtml\x2D\x2D\x2D\x2D\x2D\x2DSGlzdG9yeQ\x5F\x5F\x2D\x2D\x2D0');" title="Toggle visibility"></a></span>
    <span class="left">History</span>
    <span class="right">		<a href="#" data-direction="open" onclick="return toggle_all_folds(this, 'Show\x20all\x20quoted\x20text', 'Hide\x20all\x20quoted\x20text');">Show all quoted text</a>    </span>
  </div>
  <div class="titlebox-content " id="TitleBox--_Public_Bug_Display_html------SGlzdG9yeQ__---0">


<div id="ticket-history">
<div class="ticket-transaction message Create odd">
<div class="ticket-transaction">
  <div class="metadata">
    <span class="type">
      &nbsp;      
    </span>
    <span class="date">Sun&nbsp;Oct&nbsp;02&nbsp;16:46:29&nbsp;2005</span>
    <span class="description">kjetilk [...] cpan.org -  Ticket created</span>
    <span class="time-taken"></span>    <span class="actions hidden"></span>
  </div>
    <div class="content">
      
<table>
  <tr>
    <td align="right" class="message-header-key">Subject:</td>
    <td class="message-header-value"> make test failure</td>
  </tr>
</table>

<div class="messagebody">
<div class="message-stanza plain-text-white-space">Hi there!

I just tried to install Encode::Punycode using the cpan tools. make test fails for me, and I guess you might want to know about it.

Now, I&#39;m going to try a cutnpaste, and since this is probably an encoding problem, the risks that the encoding, and thus the whole point is lost during the submission of this report is great. However, since I guess it is the best we&#39;ve got, I&#39;m making a shot. 

My system is a straight Debian Sarge. 
$ uname -a
Linux owl 2.6.8-16.2005-11-06.owl.1.oss.mods #1 Sat Jun 11 11:02:56 CEST 2005 i686 GNU/Linux

The perl it has: 
This is perl, v5.8.4 built for i386-linux-thread-multi

The version of the Encode module is 2.9. IDNA::Punycode was installed by using the cpan tools just before I did this and installed fine, and seems to run fine.

Here goes the full cutnpaste of the make test:
Running make for M/MI/MIYAGAWA/Encode-Punycode-0.02.tar.gz
  Is already unwrapped into directory /var/cache/cpan/build/Encode-Punycode-0.02

  CPAN.pm: Going to build M/MI/MIYAGAWA/Encode-Punycode-0.02.tar.gz

cp lib/Encode/Punycode.pm blib/lib/Encode/Punycode.pm
Manifying blib/man3/Encode::Punycode.3pm
  /usr/bin/make  -- OK
Running make test
PERL_DL_NONLAZY=1 /usr/bin/perl &#34;-MExtUtils::Command::MM&#34; &#34;-e&#34; &#34;test_harness&#40;0,&#39;blib/lib&#39;, &#39;blib/arch&#39;&#41;&#34; t/*.t
t/00_compile.....ok
t/01_punycode....NOK 1#     Failed test &#40;t/01_punycode.t at line 10&#41;
#          got: &#39;xn---egbpdaj6bu4bxfgehfvwxn&#39;
#     expected: &#39;egbpdaj6bu4bxfgehfvwxn&#39;
t/01_punycode....NOK 2#     Failed test &#40;t/01_punycode.t at line 11&#41;
Wide character in print at /usr/share/perl5/Test/Builder.pm line 910.
#          got: &#39;egbpdaj6bu4bxfgehfvwxn&#39;
#     expected: &#39;ÙÙÙÙØ§Ø¨ØªÙÙÙÙØ´Ø¹Ø±Ø¨ÙØ&#39;
t/01_punycode....NOK 3#     Failed test &#40;t/01_punycode.t at line 10&#41;
#          got: &#39;xn---ihqwcrb4cv8a8dqg056pqjye&#39;
#     expected: &#39;ihqwcrb4cv8a8dqg056pqjye&#39;
t/01_punycode....NOK 4#     Failed test &#40;t/01_punycode.t at line 11&#41;
Wide character in print at /usr/share/perl5/Test/Builder.pm line 910.
#          got: &#39;ihqwcrb4cv8a8dqg056pqjye&#39;
#     expected: &#39;ä»ä»¬ä¸ºä»ä¹ä¸è¯´ä¸­æ&#39;
t/01_punycode....NOK 5#     Failed test &#40;t/01_punycode.t at line 10&#41;
#          got: &#39;xn--Proprostnemluvesky-uyb24dma41a&#39;
#     expected: &#39;Proprostnemluvesky-uyb24dma41a&#39;
t/01_punycode....NOK 6#     Failed test &#40;t/01_punycode.t at line 11&#41;
Wide character in print at /usr/share/perl5/Test/Builder.pm line 910.
#          got: &#39;Proprostnemluvesky-uyb24dma41a&#39;
#     expected: &#39;ProÄprostÄemluvÃ­Äesky&#39;
t/01_punycode....NOK 7#     Failed test &#40;t/01_punycode.t at line 10&#41;
#          got: &#39;xn---4dbcagdahymbxekheh6e0a7fei0b&#39;
#     expected: &#39;4dbcagdahymbxekheh6e0a7fei0b&#39;
t/01_punycode....NOK 8#     Failed test &#40;t/01_punycode.t at line 11&#41;
Wide character in print at /usr/share/perl5/Test/Builder.pm line 910.
#          got: &#39;4dbcagdahymbxekheh6e0a7fei0b&#39;
#     expected: &#39;××××××¤×©××××××××¨×××¢××¨××ª&#39;
t/01_punycode....NOK 9#     Failed test &#40;t/01_punycode.t at line 10&#41;
#          got: &#39;xn---i1baa7eci9glrd9b2ae1bj0hfcgg6iyaf8o0a1dig0cd&#39;
#     expected: &#39;i1baa7eci9glrd9b2ae1bj0hfcgg6iyaf8o0a1dig0cd&#39;
t/01_punycode....NOK 10#     Failed test &#40;t/01_punycode.t at line 11&#41;
Wide character in print at /usr/share/perl5/Test/Builder.pm line 910.
#          got: &#39;i1baa7eci9glrd9b2ae1bj0hfcgg6iyaf8o0a1dig0cd&#39;
#     expected: &#39;à¤¯à¤¹à¤²à¥à¤à¤¹à¤¿à¤¨à¥à¤¦à¥à¤à¥à¤¯à¥à¤à¤¨à¤¹à¥à¤à¤¬à¥à¤²à¤¸à¤à¤¤à¥à¤¹à¥à¤&#39;
t/01_punycode....NOK 11#     Failed test &#40;t/01_punycode.t at line 10&#41;
#          got: &#39;xn---n8jok5ay5dzabd5bym9f0cm5685rrjetr6pdxa&#39;
#     expected: &#39;n8jok5ay5dzabd5bym9f0cm5685rrjetr6pdxa&#39;
t/01_punycode....NOK 12#     Failed test &#40;t/01_punycode.t at line 11&#41;
Wide character in print at /usr/share/perl5/Test/Builder.pm line 910.
#          got: &#39;n8jok5ay5dzabd5bym9f0cm5685rrjetr6pdxa&#39;
#     expected: &#39;ãªãã¿ããªæ¥æ¬èªãè©±ãã¦ãããªãã®ã&#39;
t/01_punycode....NOK 13#     Failed test &#40;t/01_punycode.t at line 10&#41;
#          got: &#39;xn---989aomsvi5e83db1d2a355cv1e0vak1dwrv93d5xbh15a0dt30a5jpsd879ccm6fea98c&#39;
#     expected: &#39;989aomsvi5e83db1d2a355cv1e0vak1dwrv93d5xbh15a0dt30a5jpsd879ccm6fea98c&#39;
t/01_punycode....NOK 14#     Failed test &#40;t/01_punycode.t at line 11&#41;
Wide character in print at /usr/share/perl5/Test/Builder.pm line 910.
#          got: &#39;989aomsvi5e83db1d2a355cv1e0vak1dwrv93d5xbh15a0dt30a5jpsd879ccm6fea98c&#39;
#     expected: &#39;ì¸ê³ìëª¨ë ì¬ëë¤ì´íêµ­ì´ë¥¼ì´í´íë¤ë©´ì¼ë§ëì¢ìê¹&#39;
t/01_punycode....NOK 15#     Failed test &#40;t/01_punycode.t at line 10&#41;
#          got: &#39;xn---b1abfaaepdrnnbgefbadotcwatmq2g4l&#39;
#     expected: &#39;b1abfaaepdrnnbgefbadotcwatmq2g4l&#39;
t/01_punycode....NOK 16#     Failed test &#40;t/01_punycode.t at line 11&#41;
Wide character in print at /usr/share/perl5/Test/Builder.pm line 910.
#          got: &#39;b1abfaaepdrnnbgefbadotcwatmq2g4l&#39;
#     expected: &#39;Ð¿Ð¾ÑÐµÐ¼ÑÐ¶ÐµÐ¾Ð½Ð¸Ð½ÐµÐ³Ð¾Ð²Ð¾ÑÑÑÐ¿Ð¾ÑÑÑÑÐºÐ¸&#39;
t/01_punycode....NOK 17#     Failed test &#40;t/01_punycode.t at line 10&#41;
#          got: &#39;xn--PorqunopuedensimplementehablarenEspaol-fmd56a&#39;
#     expected: &#39;PorqunopuedensimplementehablarenEspaol-fmd56a&#39;
t/01_punycode....NOK 18#     Failed test &#40;t/01_punycode.t at line 11&#41;
#          got: &#39;PorqunopuedensimplementehablarenEspaol-fmd56a&#39;
#     expected: &#39;PorquénopuedensimplementehablarenEspañol&#39;
t/01_punycode....NOK 19#     Failed test &#40;t/01_punycode.t at line 10&#41;
#          got: &#39;xn---ihqwctvzc91f659drss3x8bo0yb&#39;
#     expected: &#39;ihqwctvzc91f659drss3x8bo0yb&#39;
t/01_punycode....NOK 20#     Failed test &#40;t/01_punycode.t at line 11&#41;
Wide character in print at /usr/share/perl5/Test/Builder.pm line 910.
#          got: &#39;ihqwctvzc91f659drss3x8bo0yb&#39;
#     expected: &#39;ä»åç²ä»éº½ä¸èªªä¸­æ&#39;
t/01_punycode....NOK 21#     Failed test &#40;t/01_punycode.t at line 10&#41;
#          got: &#39;xn--TisaohkhngthchnitingVit-kjcr8268qyxafd2f1b9g&#39;
#     expected: &#39;TisaohkhngthchnitingVit-kjcr8268qyxafd2f1b9g&#39;
t/01_punycode....NOK 22#     Failed test &#40;t/01_punycode.t at line 11&#41;
Wide character in print at /usr/share/perl5/Test/Builder.pm line 910.
#          got: &#39;TisaohkhngthchnitingVit-kjcr8268qyxafd2f1b9g&#39;
#     expected: &#39;Táº¡isaohá»khÃ´ngthá»chá»nÃ³itiáº¿ngViá»t&#39;
t/01_punycode....NOK 23#     Failed test &#40;t/01_punycode.t at line 10&#41;
#          got: &#39;xn--3B-ww4c5e180e575a65lsy2b&#39;
#     expected: &#39;3B-ww4c5e180e575a65lsy2b&#39;
t/01_punycode....NOK 24#     Failed test &#40;t/01_punycode.t at line 11&#41;
Wide character in print at /usr/share/perl5/Test/Builder.pm line 910.
#          got: &#39;3B-ww4c5e180e575a65lsy2b&#39;
#     expected: &#39;3å¹´Bçµéå«åç&#39;
t/01_punycode....NOK 25#     Failed test &#40;t/01_punycode.t at line 10&#41;
#          got: &#39;xn---with-SUPER-MONKEYS-pc58ag80a8qai00g7n9n&#39;
#     expected: &#39;-with-SUPER-MONKEYS-pc58ag80a8qai00g7n9n&#39;
t/01_punycode....NOK 26#     Failed test &#40;t/01_punycode.t at line 11&#41;
Wide character in print at /usr/share/perl5/Test/Builder.pm line 910.
#          got: &#39;-with-SUPER-MONKEYS-pc58ag80a8qai00g7n9n&#39;
#     expected: &#39;å®å®¤å¥ç¾æµ-with-SUPER-MONKEYS&#39;
t/01_punycode....NOK 27#     Failed test &#40;t/01_punycode.t at line 10&#41;
#          got: &#39;xn--Hello-Another-Way--fc4qua05auwb3674vfr0b&#39;
#     expected: &#39;Hello-Another-Way--fc4qua05auwb3674vfr0b&#39;
t/01_punycode....NOK 28#     Failed test &#40;t/01_punycode.t at line 11&#41;
Wide character in print at /usr/share/perl5/Test/Builder.pm line 910.
#          got: &#39;Hello-Another-Way--fc4qua05auwb3674vfr0b&#39;
#     expected: &#39;Hello-Another-Way-ããããã®å ´æ&#39;
t/01_punycode....NOK 29#     Failed test &#40;t/01_punycode.t at line 10&#41;
#          got: &#39;xn--2-u9tlzr9756bt3uc0v&#39;
#     expected: &#39;2-u9tlzr9756bt3uc0v&#39;
t/01_punycode....NOK 30#     Failed test &#40;t/01_punycode.t at line 11&#41;
Wide character in print at /usr/share/perl5/Test/Builder.pm line 910.
#          got: &#39;2-u9tlzr9756bt3uc0v&#39;
#     expected: &#39;ã²ã¨ã¤å±æ ¹ã®ä¸2&#39;
t/01_punycode....NOK 31#     Failed test &#40;t/01_punycode.t at line 10&#41;
#          got: &#39;xn--MajiKoi5-783gue6qz075azm5e&#39;
#     expected: &#39;MajiKoi5-783gue6qz075azm5e&#39;
t/01_punycode....NOK 32#     Failed test &#40;t/01_punycode.t at line 11&#41;
Wide character in print at /usr/share/perl5/Test/Builder.pm line 910.
#          got: &#39;MajiKoi5-783gue6qz075azm5e&#39;
#     expected: &#39;Majiã§Koiãã5ç§å&#39;
t/01_punycode....NOK 33#     Failed test &#40;t/01_punycode.t at line 10&#41;
#          got: &#39;xn--de-jg4avhby1noc0d&#39;
#     expected: &#39;de-jg4avhby1noc0d&#39;
t/01_punycode....NOK 34#     Failed test &#40;t/01_punycode.t at line 11&#41;
Wide character in print at /usr/share/perl5/Test/Builder.pm line 910.
#          got: &#39;de-jg4avhby1noc0d&#39;
#     expected: &#39;ããã£ã¼deã«ã³ã&#39;
t/01_punycode....NOK 35#     Failed test &#40;t/01_punycode.t at line 10&#41;
#          got: &#39;xn---d9juau41awczczp&#39;
#     expected: &#39;d9juau41awczczp&#39;
t/01_punycode....NOK 36#     Failed test &#40;t/01_punycode.t at line 11&#41;
Wide character in print at /usr/share/perl5/Test/Builder.pm line 910.
#          got: &#39;d9juau41awczczp&#39;
#     expected: &#39;ãã®ã¹ãã¼ãã§&#39;
t/01_punycode....NOK 37#     Failed test &#40;t/01_punycode.t at line 10&#41;
#          got: &#39;-&gt; $1.00 &lt;-&#39;
#     expected: &#39;-&gt; $1.00 &lt;--&#39;
t/01_punycode....NOK 38#     Failed test &#40;t/01_punycode.t at line 11&#41;
#          got: &#39;-&gt; $1.00 &lt;--&#39;
#     expected: &#39;-&gt; $1.00 &lt;-&#39;
# Looks like you failed 38 tests of 38.
t/01_punycode....dubious
        Test returned status 38 &#40;wstat 9728, 0x2600&#41;
DIED. FAILED tests 1-38
        Failed 38/38 tests, 0.00% okay
Failed Test     Stat Wstat Total Fail  Failed  List of Failed
-------------------------------------------------------------------------------
t/01_punycode.t   38  9728    38   38 100.00%  1-38
Failed 1/2 test scripts, 50.00% okay. 38/39 subtests failed, 2.56% okay.
make: *** [test_dynamic] Error 2
  /usr/bin/make test -- NOT OK

I hope this was at least somewhat useful. Please ask if there are any further details I can provide.

Cheers,

Kjetil
</div></div>
    </div>
</div>
</div>
<div class="ticket-transaction message Correspond even">
<div class="ticket-transaction">
  <div class="metadata">
    <span class="type">
      &nbsp;      
    </span>
    <span class="date">Wed&nbsp;Oct&nbsp;05&nbsp;22:38:14&nbsp;2005</span>
    <span class="description">MIYAGAWA [...] cpan.org -  Correspondence added</span>
    <span class="time-taken"></span>    <span class="actions hidden"></span>
  </div>
    <div class="content">
      

<div class="messagebody">
<div class="message-stanza plain-text-white-space">Thanks, I think the newer upload of IDNA::Punycode has broken the 
Encode::Punycode module, which I&#39;m sure was broken from the beginning, 
considering the current implementation for I18N domains.

[KJETILK - Sun Oct  2 16:46:29 2005]:

<span
    class="message-stanza-folder closed"
    onclick="fold_message_stanza(this, 'Show\x20quoted\x20text', 'Hide\x20quoted\x20text');">Show quoted text</span><br /><div class="message-stanza closed">&gt; Hi there!
&gt; 
&gt; I just tried to install Encode::Punycode using the cpan tools. make
&gt;    test fails for me, and I guess you might want to know about it.
&gt; 
&gt; Now, I&#39;m going to try a cutnpaste, and since this is probably an
&gt;    encoding problem, the risks that the encoding, and thus the whole
&gt;    point is lost during the submission of this report is great.
&gt;    However, since I guess it is the best we&#39;ve got, I&#39;m making a shot.
&gt; 
&gt; My system is a straight Debian Sarge.
&gt; $ uname -a
&gt; Linux owl 2.6.8-16.2005-11-06.owl.1.oss.mods #1 Sat Jun 11 11:02:56
&gt;    CEST 2005 i686 GNU/Linux
&gt; 
&gt; The perl it has:
&gt; This is perl, v5.8.4 built for i386-linux-thread-multi
&gt; 
&gt; The version of the Encode module is 2.9. IDNA::Punycode was installed
&gt;    by using the cpan tools just before I did this and installed fine,
&gt;    and seems to run fine.
&gt; 
&gt; Here goes the full cutnpaste of the make test:
&gt; Running make for M/MI/MIYAGAWA/Encode-Punycode-0.02.tar.gz
&gt;   Is already unwrapped into directory /var/cache/cpan/build/Encode-
&gt;    Punycode-0.02
&gt; 
&gt;   CPAN.pm: Going to build M/MI/MIYAGAWA/Encode-Punycode-0.02.tar.gz
&gt; 
&gt; cp lib/Encode/Punycode.pm blib/lib/Encode/Punycode.pm
&gt; Manifying blib/man3/Encode::Punycode.3pm
&gt;   /usr/bin/make  -- OK
&gt; Running make test
&gt; PERL_DL_NONLAZY=1 /usr/bin/perl &#34;-MExtUtils::Command::MM&#34; &#34;-e&#34;
&gt;    &#34;test_harness&#40;0,&#39;blib/lib&#39;, &#39;blib/arch&#39;&#41;&#34; t/*.t
&gt; t/00_compile.....ok
&gt; t/01_punycode....NOK 1#     Failed test &#40;t/01_punycode.t at line 10&#41;
&gt; #          got: &#39;xn---egbpdaj6bu4bxfgehfvwxn&#39;
&gt; #     expected: &#39;egbpdaj6bu4bxfgehfvwxn&#39;
&gt; t/01_punycode....NOK 2#     Failed test &#40;t/01_punycode.t at line 11&#41;
&gt; Wide character in print at /usr/share/perl5/Test/Builder.pm line 910.
&gt; #          got: &#39;egbpdaj6bu4bxfgehfvwxn&#39;
&gt; #     expected: &#39;ÙÙÙÙØ§Ø¨ØªÙÙÙÙØ´Ø¹Ø±Ø¨ÙØ&#39;
&gt; t/01_punycode....NOK 3#     Failed test &#40;t/01_punycode.t at line 10&#41;
&gt; #          got: &#39;xn---ihqwcrb4cv8a8dqg056pqjye&#39;
&gt; #     expected: &#39;ihqwcrb4cv8a8dqg056pqjye&#39;
&gt; t/01_punycode....NOK 4#     Failed test &#40;t/01_punycode.t at line 11&#41;
&gt; Wide character in print at /usr/share/perl5/Test/Builder.pm line 910.
&gt; #          got: &#39;ihqwcrb4cv8a8dqg056pqjye&#39;
&gt; #     expected: &#39;ä»ä»¬ä¸ºä»ä¹ä¸è¯´ä¸­æ&#39;
&gt; t/01_punycode....NOK 5#     Failed test &#40;t/01_punycode.t at line 10&#41;
&gt; #          got: &#39;xn--Proprostnemluvesky-uyb24dma41a&#39;
&gt; #     expected: &#39;Proprostnemluvesky-uyb24dma41a&#39;
&gt; t/01_punycode....NOK 6#     Failed test &#40;t/01_punycode.t at line 11&#41;
&gt; Wide character in print at /usr/share/perl5/Test/Builder.pm line 910.
&gt; #          got: &#39;Proprostnemluvesky-uyb24dma41a&#39;
&gt; #     expected: &#39;ProÄprostÄemluvÃ­Äesky&#39;
&gt; t/01_punycode....NOK 7#     Failed test &#40;t/01_punycode.t at line 10&#41;
&gt; #          got: &#39;xn---4dbcagdahymbxekheh6e0a7fei0b&#39;
&gt; #     expected: &#39;4dbcagdahymbxekheh6e0a7fei0b&#39;
&gt; t/01_punycode....NOK 8#     Failed test &#40;t/01_punycode.t at line 11&#41;
&gt; Wide character in print at /usr/share/perl5/Test/Builder.pm line 910.
&gt; #          got: &#39;4dbcagdahymbxekheh6e0a7fei0b&#39;
&gt; #     expected: &#39;××××××¤×©××××××××¨×××¢××¨××ª&#39;
&gt; t/01_punycode....NOK 9#     Failed test &#40;t/01_punycode.t at line 10&#41;
&gt; #          got: &#39;xn---i1baa7eci9glrd9b2ae1bj0hfcgg6iyaf8o0a1dig0cd&#39;
&gt; #     expected: &#39;i1baa7eci9glrd9b2ae1bj0hfcgg6iyaf8o0a1dig0cd&#39;
&gt; t/01_punycode....NOK 10#     Failed test &#40;t/01_punycode.t at line 11&#41;
&gt; Wide character in print at /usr/share/perl5/Test/Builder.pm line 910.
&gt; #          got: &#39;i1baa7eci9glrd9b2ae1bj0hfcgg6iyaf8o0a1dig0cd&#39;
&gt; #     expected:
&gt;    &#39;à¤¯à¤¹à¤²à¥à¤à¤¹à¤¿à¤¨à¥à¤¦à¥à¤à¥à¤¯à¥à¤à¤¨à¤¹à¥à¤à¤¬à¥à¤²à¤¸à¤à¤¤
</div>à¥à¤¹à¥à¤&#39;
<span
    class="message-stanza-folder closed"
    onclick="fold_message_stanza(this, 'Show\x20quoted\x20text', 'Hide\x20quoted\x20text');">Show quoted text</span><br /><div class="message-stanza closed">&gt; t/01_punycode....NOK 11#     Failed test &#40;t/01_punycode.t at line 10&#41;
&gt; #          got: &#39;xn---n8jok5ay5dzabd5bym9f0cm5685rrjetr6pdxa&#39;
&gt; #     expected: &#39;n8jok5ay5dzabd5bym9f0cm5685rrjetr6pdxa&#39;
&gt; t/01_punycode....NOK 12#     Failed test &#40;t/01_punycode.t at line 11&#41;
&gt; Wide character in print at /usr/share/perl5/Test/Builder.pm line 910.
&gt; #          got: &#39;n8jok5ay5dzabd5bym9f0cm5685rrjetr6pdxa&#39;
&gt; #     expected: &#39;ãªãã¿ããªæ¥æ¬èªãè©±ãã¦ãããªãã®ã&#39;
&gt; t/01_punycode....NOK 13#     Failed test &#40;t/01_punycode.t at line 10&#41;
&gt; #          got: &#39;xn---
&gt;    
</div>989aomsvi5e83db1d2a355cv1e0vak1dwrv93d5xbh15a0dt30a5jpsd879ccm6fea98c&#39;
<span
    class="message-stanza-folder closed"
    onclick="fold_message_stanza(this, 'Show\x20quoted\x20text', 'Hide\x20quoted\x20text');">Show quoted text</span><br /><div class="message-stanza closed">&gt; #     expected:
&gt;    &#39;989aomsvi5e83db1d2a355cv1e0vak1dwrv93d5xbh15a0dt30a5jpsd879ccm6fea
</div>98c&#39;
<span
    class="message-stanza-folder closed"
    onclick="fold_message_stanza(this, 'Show\x20quoted\x20text', 'Hide\x20quoted\x20text');">Show quoted text</span><br /><div class="message-stanza closed">&gt; t/01_punycode....NOK 14#     Failed test &#40;t/01_punycode.t at line 11&#41;
&gt; Wide character in print at /usr/share/perl5/Test/Builder.pm line 910.
&gt; #          got:
&gt;    &#39;989aomsvi5e83db1d2a355cv1e0vak1dwrv93d5xbh15a0dt30a5jpsd879ccm6fea
</div>98c&#39;
<span
    class="message-stanza-folder closed"
    onclick="fold_message_stanza(this, 'Show\x20quoted\x20text', 'Hide\x20quoted\x20text');">Show quoted text</span><br /><div class="message-stanza closed">&gt; #     expected: &#39;ì¸ê³ìëª¨ë ì¬ëë¤ì´íêµ­ì´ë¥¼ì´í´íë¤ë©´ì¼ë§ëì¢ìê¹&#39;
&gt; t/01_punycode....NOK 15#     Failed test &#40;t/01_punycode.t at line 10&#41;
&gt; #          got: &#39;xn---b1abfaaepdrnnbgefbadotcwatmq2g4l&#39;
&gt; #     expected: &#39;b1abfaaepdrnnbgefbadotcwatmq2g4l&#39;
&gt; t/01_punycode....NOK 16#     Failed test &#40;t/01_punycode.t at line 11&#41;
&gt; Wide character in print at /usr/share/perl5/Test/Builder.pm line 910.
&gt; #          got: &#39;b1abfaaepdrnnbgefbadotcwatmq2g4l&#39;
&gt; #     expected: &#39;Ð¿Ð¾ÑÐµÐ¼ÑÐ¶ÐµÐ¾Ð½Ð¸Ð½ÐµÐ³Ð¾Ð²Ð¾ÑÑÑÐ¿Ð¾ÑÑÑÑÐºÐ¸&#39;
&gt; t/01_punycode....NOK 17#     Failed test &#40;t/01_punycode.t at line 10&#41;
&gt; #          got: &#39;xn--PorqunopuedensimplementehablarenEspaol-fmd56a&#39;
&gt; #     expected: &#39;PorqunopuedensimplementehablarenEspaol-fmd56a&#39;
&gt; t/01_punycode....NOK 18#     Failed test &#40;t/01_punycode.t at line 11&#41;
&gt; #          got: &#39;PorqunopuedensimplementehablarenEspaol-fmd56a&#39;
&gt; #     expected: &#39;PorquénopuedensimplementehablarenEspañol&#39;
&gt; t/01_punycode....NOK 19#     Failed test &#40;t/01_punycode.t at line 10&#41;
&gt; #          got: &#39;xn---ihqwctvzc91f659drss3x8bo0yb&#39;
&gt; #     expected: &#39;ihqwctvzc91f659drss3x8bo0yb&#39;
&gt; t/01_punycode....NOK 20#     Failed test &#40;t/01_punycode.t at line 11&#41;
&gt; Wide character in print at /usr/share/perl5/Test/Builder.pm line 910.
&gt; #          got: &#39;ihqwctvzc91f659drss3x8bo0yb&#39;
&gt; #     expected: &#39;ä»åç²ä»éº½ä¸èªªä¸­æ&#39;
&gt; t/01_punycode....NOK 21#     Failed test &#40;t/01_punycode.t at line 10&#41;
&gt; #          got: &#39;xn--TisaohkhngthchnitingVit-kjcr8268qyxafd2f1b9g&#39;
&gt; #     expected: &#39;TisaohkhngthchnitingVit-kjcr8268qyxafd2f1b9g&#39;
&gt; t/01_punycode....NOK 22#     Failed test &#40;t/01_punycode.t at line 11&#41;
&gt; Wide character in print at /usr/share/perl5/Test/Builder.pm line 910.
&gt; #          got: &#39;TisaohkhngthchnitingVit-kjcr8268qyxafd2f1b9g&#39;
&gt; #     expected: &#39;Táº¡isaohá»khÃ´ngthá»chá»nÃ³itiáº¿ngViá»t&#39;
&gt; t/01_punycode....NOK 23#     Failed test &#40;t/01_punycode.t at line 10&#41;
&gt; #          got: &#39;xn--3B-ww4c5e180e575a65lsy2b&#39;
&gt; #     expected: &#39;3B-ww4c5e180e575a65lsy2b&#39;
&gt; t/01_punycode....NOK 24#     Failed test &#40;t/01_punycode.t at line 11&#41;
&gt; Wide character in print at /usr/share/perl5/Test/Builder.pm line 910.
&gt; #          got: &#39;3B-ww4c5e180e575a65lsy2b&#39;
&gt; #     expected: &#39;3å¹´Bçµéå«åç&#39;
&gt; t/01_punycode....NOK 25#     Failed test &#40;t/01_punycode.t at line 10&#41;
&gt; #          got: &#39;xn---with-SUPER-MONKEYS-pc58ag80a8qai00g7n9n&#39;
&gt; #     expected: &#39;-with-SUPER-MONKEYS-pc58ag80a8qai00g7n9n&#39;
&gt; t/01_punycode....NOK 26#     Failed test &#40;t/01_punycode.t at line 11&#41;
&gt; Wide character in print at /usr/share/perl5/Test/Builder.pm line 910.
&gt; #          got: &#39;-with-SUPER-MONKEYS-pc58ag80a8qai00g7n9n&#39;
&gt; #     expected: &#39;å®å®¤å¥ç¾æµ-with-SUPER-MONKEYS&#39;
&gt; t/01_punycode....NOK 27#     Failed test &#40;t/01_punycode.t at line 10&#41;
&gt; #          got: &#39;xn--Hello-Another-Way--fc4qua05auwb3674vfr0b&#39;
&gt; #     expected: &#39;Hello-Another-Way--fc4qua05auwb3674vfr0b&#39;
&gt; t/01_punycode....NOK 28#     Failed test &#40;t/01_punycode.t at line 11&#41;
&gt; Wide character in print at /usr/share/perl5/Test/Builder.pm line 910.
&gt; #          got: &#39;Hello-Another-Way--fc4qua05auwb3674vfr0b&#39;
&gt; #     expected: &#39;Hello-Another-Way-ããããã®å ´æ&#39;
&gt; t/01_punycode....NOK 29#     Failed test &#40;t/01_punycode.t at line 10&#41;
&gt; #          got: &#39;xn--2-u9tlzr9756bt3uc0v&#39;
&gt; #     expected: &#39;2-u9tlzr9756bt3uc0v&#39;
&gt; t/01_punycode....NOK 30#     Failed test &#40;t/01_punycode.t at line 11&#41;
&gt; Wide character in print at /usr/share/perl5/Test/Builder.pm line 910.
&gt; #          got: &#39;2-u9tlzr9756bt3uc0v&#39;
&gt; #     expected: &#39;ã²ã¨ã¤å±æ ¹ã®ä¸2&#39;
&gt; t/01_punycode....NOK 31#     Failed test &#40;t/01_punycode.t at line 10&#41;
&gt; #          got: &#39;xn--MajiKoi5-783gue6qz075azm5e&#39;
&gt; #     expected: &#39;MajiKoi5-783gue6qz075azm5e&#39;
&gt; t/01_punycode....NOK 32#     Failed test &#40;t/01_punycode.t at line 11&#41;
&gt; Wide character in print at /usr/share/perl5/Test/Builder.pm line 910.
&gt; #          got: &#39;MajiKoi5-783gue6qz075azm5e&#39;
&gt; #     expected: &#39;Majiã§Koiãã5ç§å&#39;
&gt; t/01_punycode....NOK 33#     Failed test &#40;t/01_punycode.t at line 10&#41;
&gt; #          got: &#39;xn--de-jg4avhby1noc0d&#39;
&gt; #     expected: &#39;de-jg4avhby1noc0d&#39;
&gt; t/01_punycode....NOK 34#     Failed test &#40;t/01_punycode.t at line 11&#41;
&gt; Wide character in print at /usr/share/perl5/Test/Builder.pm line 910.
&gt; #          got: &#39;de-jg4avhby1noc0d&#39;
&gt; #     expected: &#39;ããã£ã¼deã«ã³ã&#39;
&gt; t/01_punycode....NOK 35#     Failed test &#40;t/01_punycode.t at line 10&#41;
&gt; #          got: &#39;xn---d9juau41awczczp&#39;
&gt; #     expected: &#39;d9juau41awczczp&#39;
&gt; t/01_punycode....NOK 36#     Failed test &#40;t/01_punycode.t at line 11&#41;
&gt; Wide character in print at /usr/share/perl5/Test/Builder.pm line 910.
&gt; #          got: &#39;d9juau41awczczp&#39;
&gt; #     expected: &#39;ãã®ã¹ãã¼ãã§&#39;
&gt; t/01_punycode....NOK 37#     Failed test &#40;t/01_punycode.t at line 10&#41;
&gt; #          got: &#39;-&gt; $1.00 &lt;-&#39;
&gt; #     expected: &#39;-&gt; $1.00 &lt;--&#39;
&gt; t/01_punycode....NOK 38#     Failed test &#40;t/01_punycode.t at line 11&#41;
&gt; #          got: &#39;-&gt; $1.00 &lt;--&#39;
&gt; #     expected: &#39;-&gt; $1.00 &lt;-&#39;
&gt; # Looks like you failed 38 tests of 38.
&gt; t/01_punycode....dubious
&gt;         Test returned status 38 &#40;wstat 9728, 0x2600&#41;
&gt; DIED. FAILED tests 1-38
&gt;         Failed 38/38 tests, 0.00% okay
&gt; Failed Test     Stat Wstat Total Fail  Failed  List of Failed
&gt; ----------------------------------------------------------------------
</div>---------
<span
    class="message-stanza-folder closed"
    onclick="fold_message_stanza(this, 'Show\x20quoted\x20text', 'Hide\x20quoted\x20text');">Show quoted text</span><br /><div class="message-stanza closed">&gt; t/01_punycode.t   38  9728    38   38 100.00%  1-38
&gt; Failed 1/2 test scripts, 50.00% okay. 38/39 subtests failed, 2.56%
&gt;    okay.
&gt; make: *** [test_dynamic] Error 2
&gt;   /usr/bin/make test -- NOT OK
&gt; 
&gt; I hope this was at least somewhat useful. Please ask if there are any
&gt;    further details I can provide.
&gt; 
&gt; Cheers,
&gt; 
&gt; Kjetil
</div></div></div>
    </div>
</div>
</div>
<div class="ticket-transaction other CustomField odd">
<div class="ticket-transaction">
  <div class="metadata">
    <span class="type">
      &nbsp;      
    </span>
    <span class="date">Wed&nbsp;Jan&nbsp;20&nbsp;20:11:19&nbsp;2010</span>
    <span class="description">CFAERBER [...] cpan.org -  Broken in 0.02 added</span>
    <span class="time-taken"></span>    <span class="actions hidden"></span>
  </div>
    <div class="content">
    </div>
</div>
</div>
<div class="ticket-transaction other CustomField even">
<div class="ticket-transaction">
  <div class="metadata">
    <span class="type">
      &nbsp;      
    </span>
    <span class="date">Wed&nbsp;Jan&nbsp;20&nbsp;20:11:20&nbsp;2010</span>
    <span class="description">CFAERBER [...] cpan.org -  Fixed in 0.99_20080913 added</span>
    <span class="time-taken"></span>    <span class="actions hidden"></span>
  </div>
    <div class="content">
    </div>
</div>
</div>
<div class="ticket-transaction other CustomField odd">
<div class="ticket-transaction">
  <div class="metadata">
    <span class="type">
      &nbsp;      
    </span>
    <span class="date">Wed&nbsp;Jan&nbsp;20&nbsp;20:11:20&nbsp;2010</span>
    <span class="description">CFAERBER [...] cpan.org -  Fixed in 0.99_20091223 added</span>
    <span class="time-taken"></span>    <span class="actions hidden"></span>
  </div>
    <div class="content">
    </div>
</div>
</div>
<div class="ticket-transaction other CustomField even">
<div class="ticket-transaction">
  <div class="metadata">
    <span class="type">
      &nbsp;      
    </span>
    <span class="date">Wed&nbsp;Jan&nbsp;20&nbsp;20:11:20&nbsp;2010</span>
    <span class="description">CFAERBER [...] cpan.org -  Fixed in 1.000 added</span>
    <span class="time-taken"></span>    <span class="actions hidden"></span>
  </div>
    <div class="content">
    </div>
</div>
</div>
<div class="ticket-transaction basics Status odd">
<div class="ticket-transaction">
  <div class="metadata">
    <span class="type">
      &nbsp;      
    </span>
    <span class="date">Wed&nbsp;Jan&nbsp;20&nbsp;20:11:21&nbsp;2010</span>
    <span class="description">CFAERBER [...] cpan.org -  Status changed from &#39;new&#39; to &#39;resolved&#39;</span>
    <span class="time-taken"></span>    <span class="actions hidden"></span>
  </div>
    <div class="content">
    </div>
</div>
</div>
</div>
    <hr class="clear" />
  </div>
</div>




</div>
 


  <hr class="clear" />
</div>
</body>
</html>
