<!DOCTYPE html>

<html lang="en">
  <head>
    <title>Bug #20621 for Test-Dependencies: Test::Dependencies 0.07 - test 02 fails on Win32</title>
    <meta http-equiv="X-UA-Compatible" content="IE=edge" />
    <!-- The X-UA-Compatible <meta> tag above must be very early in <head> -->

    <script>
if (window.top !== window.self) {
    document.write = "";

    window.top.location = window.self.location;

    setTimeout(function(){
        document.body.innerHTML = "";
    }, 1);

    window.self.onload = function(){
        document.body.innerHTML = "";
    };
}
</script>



<link rel="shortcut icon" href="/NoAuth/images/favicon.png" type="image/png" />
<link rel="stylesheet" href="/NoAuth/css/aileron-squished-00f758259152f8b6670ee485f462e6b8.css" type="text/css" media="all" />
<link rel="stylesheet" href="/NoAuth/css/print.css" type="text/css" media="print" />




<script type="text/javascript" src="/NoAuth/js/squished-42167f2409ce368da2d31038e5cb2a57.js"></script>

<script type="text/javascript"><!--
	jQuery( loadTitleBoxStates );

--></script>


<!--[if lt IE 8]>
<link rel="stylesheet" href="/NoAuth/css/aileron/msie.css" type="text/css" media="all" />
<![endif]-->
<!--[if lt IE 7]>
<link rel="stylesheet" href="/NoAuth/css/aileron/msie6.css" type="text/css" media="all" />
<![endif]-->
<script type="text/javascript">
jQuery(document).ready(function(){
    jQuery.fn.supersubs.defaults = {
        maxWidth: 30,
        extraWidth: 2
    };

    jQuery("#app-nav.toplevel").addClass('sf-menu sf-js-enabled sf-shadow').supersubs().superfish({ speed: 'fast' });
    jQuery("#page-menu.toplevel").addClass('sf-menu sf-js-enabled').supersubs().superfish({ dropShadows: false, speed: 'fast' }).supposition();
});
</script>


<!-- Site CSS from theme editor -->
<style type="text/css" media="all" id="sitecss">
</style>

<meta name="google-site-verification" content="kD3-uEJK1AkTqaC-rckcSt_HPkAj674DPPuEN6i-y0g" />

</head>
  <body class="aileron sidebyside" id="comp-Public-Bug-Display">

<div id="logo">
<a href="https://rt.cpan.org/"><img
    src="/NoAuth/images/cpan.png"
    alt="CPAN"
    width="181"
    height="38" /></a>
    <span class="rtname">RT for rt.cpan.org</span>
</div>


<div id="quickbar">
  <div id="quick-personal">
    <span class="hide"><a href="#skipnav">Skip Menu</a> | </span>
</div>

</div>
<div id="header"><h1>Bug #20621 for Test-Dependencies: Test::Dependencies 0.07 - test 02 fails on Win32</h1></div>


<div id="main-navigation"><ul id="app-nav" class="toplevel">
 <li id="li-search_dist"><a id="search_dist" class="menu-item " href="/Public/">Search Distributions</a></li>
 <li id="li-browse_dist"><a id="browse_dist" class="menu-item " href="/Public/Dist/Browse.html">Browse Distributions</a></li>
 <li id="li-about" class="has-children"><a id="about" class="menu-item " href="/NoAuth/RT/CPAN/About.html">About rt.cpan.org</a>
 <ul>
  <li id="li-about-usage"><a id="about-usage" class="menu-item " href="/NoAuth/RT/CPAN/Usage.html">How do I…?</a></li>
  <li id="li-about-about"><a id="about-about" class="menu-item " href="/NoAuth/RT/CPAN/About.html">About</a></li>
 </ul>
 </li>
 <li id="li-preferences"><a id="preferences" class="menu-item ">Welcome <span class="current-user">anonymous guest</span>.</a></li>
 <li id="li-login"><a id="login" class="menu-item " href="/NoAuth/Logout.html">Login as another user</a></li>
</ul></div>
<div id="page-navigation"><ul id="page-menu" class="toplevel">
 <li id="li-page-active_bugs"><a id="page-active_bugs" class="menu-item " href="/Public/Dist/Display.html?Status=Active;Name=Test-Dependencies">Active bugs</a></li>
 <li id="li-page-resolved_bugs"><a id="page-resolved_bugs" class="menu-item " href="/Public/Dist/Display.html?Status=Resolved;Name=Test-Dependencies">Resolved bugs</a></li>
 <li id="li-page-rejected_bugs"><a id="page-rejected_bugs" class="menu-item " href="/Public/Dist/Display.html?Status=Rejected;Name=Test-Dependencies">Rejected bugs</a></li>
 <li id="li-page-report"><a id="page-report" class="menu-item " href="/Public/Bug/Report.html?Queue=Test-Dependencies">Report a new bug</a></li>
</ul></div>
<div id="topactions"><form action="/Public/Search/Simple.html" id="simple-search">
  <input size="12" name="q" accesskey="0" class="field" value="" placeholder="Search..." />
</form>

<form action="/Public/Bug/Report.html" name="CreateTicketInQueue" id="CreateTicketInQueue" >
<input type="submit" class="button" value="New ticket in" />&nbsp;<label accesskey="9">
  <input name="Queue" size="25" placeholder="Module or distribution" value="" class="select-queue" data-autocomplete="Queues" data-autocomplete-autosubmit=1 data-autocomplete-params="right=CreateTicket" />

</label>

</form>

</div>
<div id="body">
<div id="announcement" style="padding: 1em; margin: 1em; border: solid black 1px; background: #eee">
<a href="https://log.perl.org/2020/12/rtcpanorg-sunset.html">rt.cpan.org will be shut down on March 1st, 2021.</a>
</div>

<a name="skipnav" id="skipnav" accesskey="8"></a>




<div id="external_bugtracker">
<h3>Preferred bug tracker</h3>
<p>
<div>Please visit the <a href="https://github.com/ehuelsmann/perl-Test-Dependencies/issues">preferred bug tracker</a> to report your issue.</div>
</p>
</div>

<p>This queue is for tickets about the <a href="https://metacpan.org/release/Test-Dependencies">Test-Dependencies CPAN distribution</a>.</p>





<div class="">
  <div class="titlebox" id="">
  <div class="titlebox-title">
    <span class="widget"><a href="#" onclick="return rollup('TitleBox\x2D\x2D\x5FPublic\x5FBug\x5FDisplay\x5Fhtml\x2D\x2D\x2D\x2D\x2D\x2DUmVwb3J0IGluZm9ybWF0aW9u\x2D\x2D\x2D0');" title="Toggle visibility"></a></span>
    <span class="left">Report information</span>
    <span class="right-empty">		    </span>
  </div>
  <div class="titlebox-content " id="TitleBox--_Public_Bug_Display_html------UmVwb3J0IGluZm9ybWF0aW9u---0">


<table width="100%" class="ticket-summary">
<tr>
  <td valign="top" class="boxcontainer">
    <div class="ticket-info-basics">
  <div class="titlebox ticket-info-basics " id="">
  <div class="titlebox-title">
    <span class="widget"><a href="#" onclick="return rollup('TitleBox\x2D\x2D\x5FPublic\x5FBug\x5FDisplay\x5Fhtml\x2D\x2Dticket\x2Dinfo\x2Dbasics\x2D\x2D\x2D\x2DVGhlIEJhc2ljcw\x5F\x5F\x2D\x2D\x2D0');" title="Toggle visibility"></a></span>
    <span class="left">The Basics</span>
    <span class="right-empty">		    </span>
  </div>
  <div class="titlebox-content " id="TitleBox--_Public_Bug_Display_html--ticket-info-basics----VGhlIEJhc2ljcw__---0">


        <table>
  <tr class="id">
    <td class="label">Id:</td>
    <td class="value">20621</td>
  </tr>
  <tr class="status">
    <td class="label">Status:</td>
    <td class="value">resolved</td>
  </tr>
  <tr class="priority">
    <td class="label">Priority:</td>
    <td class="value">0/
</td>
  </tr>
  <tr class="queue">
    <td class="label">Queue:</td>
    <td class="value"><a href="/Dist/Display.html?Queue=Test-Dependencies">Test-Dependencies</a>
</td>
  </tr>
</table>

        <hr class="clear" />
  </div>
</div>




</div>


    <div class="ticket-info-people">
  <div class="titlebox ticket-info-people " id="">
  <div class="titlebox-title">
    <span class="widget"><a href="#" onclick="return rollup('TitleBox\x2D\x2D\x5FPublic\x5FBug\x5FDisplay\x5Fhtml\x2D\x2Dticket\x2Dinfo\x2Dpeople\x2D\x2D\x2D\x2DUGVvcGxl\x2D\x2D\x2D0');" title="Toggle visibility"></a></span>
    <span class="left">People</span>
    <span class="right-empty">		    </span>
  </div>
  <div class="titlebox-content " id="TitleBox--_Public_Bug_Display_html--ticket-info-people----UGVvcGxl---0">


        <table>
  <tr>
    <td class="label">Owner:</td>
    <td class="value">Nobody in particular
    
    </td>
  </tr>
  <tr>
    <td class="labeltop">Requestors:</td>
    <td class="value">
kai.carver [...] gmail.com

<br />

</td>
  </tr>
  <tr>
    <td class="labeltop">Cc:</td>
    <td class="value">

</td>
  </tr>
  <tr>
    <td class="labeltop">AdminCc:</td>
    <td class="value">

</td>
  </tr>
</table>

        <hr class="clear" />
  </div>
</div>




</div>



  </td>
  <td valign="top" class="boxcontainer">
    
    <div class="ticket-info-cfs">
  <div class="titlebox ticket-info-cfs " id="">
  <div class="titlebox-title">
    <span class="widget"><a href="#" onclick="return rollup('TitleBox\x2D\x2D\x5FPublic\x5FBug\x5FDisplay\x5Fhtml\x2D\x2Dticket\x2Dinfo\x2Dcfs\x2D\x2D\x2D\x2DQnVnIEluZm9ybWF0aW9u\x2D\x2D\x2D0');" title="Toggle visibility"></a></span>
    <span class="left">Bug Information</span>
    <span class="right-empty">		    </span>
  </div>
  <div class="titlebox-content " id="TitleBox--_Public_Bug_Display_html--ticket-info-cfs----QnVnIEluZm9ybWF0aW9u---0">

 
        <table>
  <tr id="CF-1-ShowRow">
    <td class="label">Severity:</td>
    <td class="value">
Critical    </td>
  </tr>
  <tr id="CF-40004-ShowRow">
    <td class="label">Broken in:</td>
    <td class="value">
0.07    </td>
  </tr>
  <tr id="CF-40005-ShowRow">
    <td class="label">Fixed in:</td>
    <td class="value">
<i>(no value)</i>
    </td>
  </tr>
</table>


        <hr class="clear" />
  </div>
</div>




</div>


    




  </td>
</tr>
</table>

    <hr class="clear" />
  </div>
</div>




</div>


<br />


<div class="history">
<div class="titlebox" id="">
  <div class="titlebox-title">
    <span class="widget"><a href="#" onclick="return rollup('TitleBox\x2D\x2D\x5FPublic\x5FBug\x5FDisplay\x5Fhtml\x2D\x2D\x2D\x2D\x2D\x2DSGlzdG9yeQ\x5F\x5F\x2D\x2D\x2D0');" title="Toggle visibility"></a></span>
    <span class="left">History</span>
    <span class="right">		<a href="#" data-direction="open" onclick="return toggle_all_folds(this, 'Show\x20all\x20quoted\x20text', 'Hide\x20all\x20quoted\x20text');">Show all quoted text</a> &mdash; <a href="/Public/Bug/Display.html?ShowHeaders=1;id=20621">Show full headers</a>    </span>
  </div>
  <div class="titlebox-content " id="TitleBox--_Public_Bug_Display_html------SGlzdG9yeQ__---0">


<div id="ticket-history">
<div class="ticket-transaction message Create odd">
<div class="ticket-transaction">
  <div class="metadata">
    <span class="type">
      <a name="txn-226172" href="/Public/Bug/Display.html?id=20621#txn-226172">#</a>      
    </span>
    <span class="date">Fri&nbsp;Jul&nbsp;21&nbsp;22:29:44&nbsp;2006</span>
    <span class="description">kai.carver [...] gmail.com -  Ticket created</span>
    <span class="time-taken"></span>    <span class="actions hidden"></span>
  </div>
    <div class="content">
      
<table>
  <tr>
    <td align="right" class="message-header-key">Subject:</td>
    <td class="message-header-value"> Test::Dependencies 0.07 - test 02 fails on Win32</td>
  </tr>
</table>
<div class="downloadattachment">
<a href="/Ticket/Attachment/226172/93902/">Download &#40;untitled&#41;</a> / <a href="/Ticket/Attachment/WithHeaders/93902">with headers</a>
<br />
<span class="downloadcontenttype">text/plain 6.7k</span>
</div>
<div class="messagebody">
<div class="message-stanza plain-text-white-space">Hi,

I&#39;m &#40;foolishly?&#41; trying to get Jifty running under Windows. I found that
Test::Dependencies has some Unix-specific assumptions.

See below for description and proposed fix.

Cheers,

k a i

1. THE PROBLEM:

This line in _get_modules_used_in:

  my $output = `$perl $taint -MO=PerlReq &#39;$file&#39; 2&gt; /dev/null`;

fails on a Win32 platform.

2. THE PROPOSED PATCH:

This works under Windows, but is not tested on a Unix platform. Using
File::Spec is probably fine, but I&#39;m not sure how to portably invoke
perl in a shell command. Under the Windows command shell, a command-line
parameter has to be between double quotes, not single quotes.

&lt; use File::Spec;
22c21
&lt; Version 0.07_1
---
<span
    class="message-stanza-folder closed"
    onclick="fold_message_stanza(this, 'Show\x20quoted\x20text', 'Hide\x20quoted\x20text');">Show quoted text</span><br /><div class="message-stanza closed">&gt; Version 0.07
</div>26c25
&lt; our $VERSION = &#39;0.07_1&#39;;
---
<span
    class="message-stanza-folder closed"
    onclick="fold_message_stanza(this, 'Show\x20quoted\x20text', 'Hide\x20quoted\x20text');">Show quoted text</span><br /><div class="message-stanza closed">&gt; our $VERSION = &#39;0.07&#39;;
</div>117,119c116
&lt;     my $fs_file = File::Spec-&gt;canonpath&#40;$file&#41;;
&lt;     my $fs_devnull = File::Spec-&gt;devnull&#40;&#41;;
&lt;     my $output = `$perl $taint -MO=PerlReq &#34;$fs_file&#34; 2&gt; $fs_devnull`;
---
<span
    class="message-stanza-folder closed"
    onclick="fold_message_stanza(this, 'Show\x20quoted\x20text', 'Hide\x20quoted\x20text');">Show quoted text</span><br /><div class="message-stanza closed">&gt;     my $output = `$perl $taint -MO=PerlReq &#39;$file&#39; 2&gt; /dev/null`;
</div>
3. THE GORY &#40;AND UNINTERESTING&#41; DETAILS:

This is how it failed under Windows XP &#40;French&#41;:

<span
    class="message-stanza-folder closed"
    onclick="fold_message_stanza(this, 'Show\x20quoted\x20text', 'Hide\x20quoted\x20text');">Show quoted text</span><br /><div class="message-stanza closed">cpan&gt; install Test::Dependencies
</div>Running install for module Test::Dependencies
Running make for Z/ZE/ZEV/Test-Dependencies-0.07.tar.gz
Fetching with LWP:
 
ftp://cpan.cict.fr/pub/CPAN/authors/id/Z/ZE/ZEV/Test-Dependencies-0.07.tar.gz
WARNING: This key is not certified with a trusted signature!
Primary key fingerprint: 2E66 557A B97C 19C7 91AF  8E20 328D A867 450F 89EC
Signature for C:\Perl\cpan\sources\authors\id\Z\ZE\ZEV\CHECKSUMS ok
Fetching with LWP:
  ftp://cpan.cict.fr/pub/CPAN/authors/id/Z/ZE/ZEV/CHECKSUMS
WARNING: This key is not certified with a trusted signature!
Primary key fingerprint: 2E66 557A B97C 19C7 91AF  8E20 328D A867 450F 89EC
Signature for C:\Perl\cpan\sources\authors\id\Z\ZE\ZEV\CHECKSUMS ok
Checksum for
C:\Perl\cpan\sources\authors\id\Z\ZE\ZEV\Test-Dependencies-0.07.tar.gz ok
Test-Dependencies-0.07/
Test-Dependencies-0.07/t/
Test-Dependencies-0.07/t/00-load-basic.t
Test-Dependencies-0.07/t/03-empty.t
Test-Dependencies-0.07/t/02-dependencies.t
Test-Dependencies-0.07/t/boilerplate.t
Test-Dependencies-0.07/t/01-load-with-exclude.t
Test-Dependencies-0.07/t/pod-coverage.t
Test-Dependencies-0.07/t/pod.t
Test-Dependencies-0.07/inc/
Test-Dependencies-0.07/inc/Module/
Test-Dependencies-0.07/inc/Module/Install.pm
Test-Dependencies-0.07/inc/Module/Install/
Test-Dependencies-0.07/inc/Module/Install/AutoInstall.pm
Test-Dependencies-0.07/inc/Module/Install/Fetch.pm
Test-Dependencies-0.07/inc/Module/Install/Makefile.pm
Test-Dependencies-0.07/inc/Module/Install/Include.pm
Test-Dependencies-0.07/inc/Module/Install/Base.pm
Test-Dependencies-0.07/inc/Module/Install/Metadata.pm
Test-Dependencies-0.07/inc/Module/Install/Can.pm
Test-Dependencies-0.07/inc/Module/Install/WriteAll.pm
Test-Dependencies-0.07/inc/Module/Install/Win32.pm
Test-Dependencies-0.07/inc/Module/AutoInstall.pm
Test-Dependencies-0.07/Changes
Test-Dependencies-0.07/MANIFEST
Test-Dependencies-0.07/t-data/
Test-Dependencies-0.07/t-data/empty/
Test-Dependencies-0.07/t-data/empty/dummy
Test-Dependencies-0.07/t-data/mostly-empty/
Test-Dependencies-0.07/t-data/mostly-empty/lib/
Test-Dependencies-0.07/t-data/mostly-empty/lib/empty
Test-Dependencies-0.07/t-data/mostly-empty/META.yml
Test-Dependencies-0.07/META.yml
Test-Dependencies-0.07/lib/
Test-Dependencies-0.07/lib/Test/
Test-Dependencies-0.07/lib/Test/Dependencies.pm
Test-Dependencies-0.07/README
Test-Dependencies-0.07/Makefile.PL
Package came without SIGNATURE


  CPAN.pm: Going to build Z/ZE/ZEV/Test-Dependencies-0.07.tar.gz

Set up gcc environment - 3.4.2 &#40;mingw-special&#41;
*** Module::AutoInstall version 1.02
*** Checking for Perl dependencies...
[Core Features]
- Test::Builder::Tester ...loaded. &#40;1.02 &gt;= 0.64&#41;
- B::PerlReq            ...loaded. &#40;0.5.2&#41;
- File::Find::Rule      ...loaded. &#40;0.280&#41;
- Module::CoreList      ...loaded. &#40;2.040&#41;
- PerlReq::Utils        ...loaded. &#40;0&#41;
- Test::Builder::Module ...loaded. &#40;0.020&#41;
- YAML                  ...loaded. &#40;0.620&#41;
*** Module::AutoInstall configuration finished.
Checking if your kit is complete...
Looks good
Writing Makefile for Test::Dependencies

Microsoft &#40;R&#41; Program Maintenance Utility   Version 1.50
Copyright &#40;c&#41; Microsoft Corp 1988-94. All rights reserved.

cp lib/Test/Dependencies.pm blib\lib\Test\Dependencies.pm
  C:\Perl\bin\nmake.EXE  -- OK
Running make test

Microsoft &#40;R&#41; Program Maintenance Utility   Version 1.50
Copyright &#40;c&#41; Microsoft Corp 1988-94. All rights reserved.

        C:\Perl\bin\perl.exe &#34;-MExtUtils::Command::MM&#34; &#34;-e&#34; &#34;test_harness&#40;0,
&#39;inc&#39;, &#39;blib\lib&#39;, &#39;blib\arch&#39;&#41;&#34; t/00-load-basic.t
t/01-load-with-exclude.t t/02-dependencies.t t/03-empty.t
t/boilerplate.t t/pod-coverage.t t/pod.t
t/00-load-basic...........ok
t/01-load-with-exclude....ok
t/02-dependencies.........Le chemin d&#39;accès spécifié est introuvable.
Le chemin d&#39;accès spécifié est introuvable.
Le chemin d&#39;accès spécifié est introuvable.
Le chemin d&#39;accès spécifié est introuvable.
Le chemin d&#39;accès spécifié est introuvable.
Le chemin d&#39;accès spécifié est introuvable.
Le chemin d&#39;accès spécifié est introuvable.
Le chemin d&#39;accès spécifié est introuvable.

#   Failed test &#39;B::PerlReq is not a run-time dependency&#39;
#   in t/02-dependencies.t at line 6.

#   Failed test &#39;File::Find::Rule is not a run-time dependency&#39;
#   in t/02-dependencies.t at line 6.

#   Failed test &#39;Module::CoreList is not a run-time dependency&#39;
#   in t/02-dependencies.t at line 6.

#   Failed test &#39;PerlReq::Utils is not a run-time dependency&#39;
#   in t/02-dependencies.t at line 6.

#   Failed test &#39;Test::Builder::Module is not a run-time dependency&#39;
#   in t/02-dependencies.t at line 6.

#   Failed test &#39;YAML is not a run-time dependency&#39;
#   in t/02-dependencies.t at line 6.

#   Failed test &#39;Test::Builder::Tester is not a build-time dependency&#39;
#   in t/02-dependencies.t at line 6.
# Looks like you failed 7 tests of 8.
dubious
        Test returned status 7 &#40;wstat 1792, 0x700&#41;
DIED. FAILED tests 2-8
        Failed 7/8 tests, 12.50% okay
t/03-empty................Le chemin d&#39;accès spécifié est introuvable.
ok
t/boilerplate.............ok
t/pod-coverage............ok
t/pod.....................ok
Failed Test         Stat Wstat Total Fail  List of Failed
-------------------------------------------------------------------------------
t/02-dependencies.t    7  1792     8    7  2-8
Failed 1/7 test scripts. 7/17 subtests failed.
Files=7, Tests=17, 14 wallclock secs &#40; 0.00 cusr +  0.00 csys =  0.00 CPU&#41;
Failed 1/7 test programs. 7/17 subtests failed.
NMAKE : fatal error U1077: &#39;C:\WINDOWS\system32\cmd.exe&#39; : return code
&#39;0xff&#39;
Stop.
  C:\Perl\bin\nmake.EXE test -- NOT OK
Running make install
  make test had returned bad status, won&#39;t install without force
Failed during this command:
  ZEV/Test-Dependencies-0.07.tar.gz            : make_test NO

<span
    class="message-stanza-folder closed"
    onclick="fold_message_stanza(this, 'Show\x20quoted\x20text', 'Hide\x20quoted\x20text');">Show quoted text</span><br /><div class="message-stanza closed">cpan&gt; 
</div></div></div>
    </div>
</div>
</div>
<div class="ticket-transaction message Correspond even">
<div class="ticket-transaction">
  <div class="metadata">
    <span class="type">
      <a name="txn-227377" href="/Public/Bug/Display.html?id=20621#txn-227377">#</a>      
    </span>
    <span class="date">Tue&nbsp;Jul&nbsp;25&nbsp;22:46:34&nbsp;2006</span>
    <span class="description">zev [...] strangersgate.com -  Correspondence added</span>
    <span class="time-taken"></span>    <span class="actions hidden"></span>
  </div>
    <div class="content">
      
<table>
  <tr>
    <td align="right" class="message-header-key">Subject:</td>
    <td class="message-header-value"> Re: [rt.cpan.org #20621] Test::Dependencies 0.07 - test 02 fails on Win32</td>
  </tr>
  <tr>
    <td align="right" class="message-header-key">Date:</td>
    <td class="message-header-value"> Tue, 25 Jul 2006 22:45:33 -0400</td>
  </tr>
  <tr>
    <td align="right" class="message-header-key">To:</td>
    <td class="message-header-value"> bug-Test-Dependencies [...] rt.cpan.org</td>
  </tr>
  <tr>
    <td align="right" class="message-header-key">From:</td>
    <td class="message-header-value"> Zev Benjamin &lt;zev [...] strangersgate.com&gt;</td>
  </tr>
</table>
<div class="downloadattachment">
<a href="/Ticket/Attachment/227377/94602/">Download &#40;untitled&#41;</a> / <a href="/Ticket/Attachment/WithHeaders/94602">with headers</a>
<br />
<span class="downloadcontenttype">text/plain 8.2k</span>
</div>
<div class="messagebody">
<div class="message-stanza plain-text-white-space">Hi!

Thanks for the bug report.  Sorry it took me so long to respond.  I just 
uploaded Test::Dependencies version 0.08 to CPAN &#40;it might take a little 
while for your mirror to pick it up&#41;.  I&#39;m now using IPC::Cmd for the 
subprocess communication.  It claims that it should work on Win32, but I 
don&#39;t have a Windows box handy for testing.  I&#39;d love it if you could 
test the code out and make sure it actually works.

As an aside, you might want to check out the -u option &#40;for unified diff 
format&#41; to diff.  It produces much nicer output that even comes through 
cleanly over email &#40;it doesn&#39;t use &gt; and &lt; for additions/deletions&#41;.

Good luck on getting Jifty working!  If you do get it to work &#40;or even 
if you don&#39;t&#41;, we &#40;I work for Best Practical, the makers of Jifty&#41; would 
love to hear about it.


Zev

Kai Carver via RT wrote:
<span
    class="message-stanza-folder closed"
    onclick="fold_message_stanza(this, 'Show\x20quoted\x20text', 'Hide\x20quoted\x20text');">Show quoted text</span><br /><div class="message-stanza closed">&gt; Fri Jul 21 22:29:44 2006: Request 20621 was acted upon.
&gt; Transaction: Ticket created by kaicarver
&gt;        Queue: Test-Dependencies
&gt;      Subject: Test::Dependencies 0.07 - test 02 fails on Win32
&gt;    Broken in: 0.07
&gt;     Severity: Critical
&gt;        Owner: Nobody
&gt;   Requestors: kai.carver@gmail.com
&gt;       Status: new
&gt;  Ticket &lt;URL: <span class="clickylink"><a target="new" rel="nofollow" href="http://rt.cpan.org/Ticket/Display.html?id=20621">http://rt.cpan.org/Ticket/Display.html?id=20621</a></span> &gt;
&gt; 
&gt; 
&gt; Hi,
&gt; 
&gt; I&#39;m &#40;foolishly?&#41; trying to get Jifty running under Windows. I found that
&gt; Test::Dependencies has some Unix-specific assumptions.
&gt; 
&gt; See below for description and proposed fix.
&gt; 
&gt; Cheers,
&gt; 
&gt; k a i
&gt; 
&gt; 1. THE PROBLEM:
&gt; 
&gt; This line in _get_modules_used_in:
&gt; 
&gt;   my $output = `$perl $taint -MO=PerlReq &#39;$file&#39; 2&gt; /dev/null`;
&gt; 
&gt; fails on a Win32 platform.
&gt; 
&gt; 2. THE PROPOSED PATCH:
&gt; 
&gt; This works under Windows, but is not tested on a Unix platform. Using
&gt; File::Spec is probably fine, but I&#39;m not sure how to portably invoke
&gt; perl in a shell command. Under the Windows command shell, a command-line
&gt; parameter has to be between double quotes, not single quotes.
&gt; 
&gt; &lt; use File::Spec;
&gt; 22c21
&gt; &lt; Version 0.07_1
&gt; ---
<div class="message-stanza open">&gt;&gt; Version 0.07
</div>&gt; 26c25
&gt; &lt; our $VERSION = &#39;0.07_1&#39;;
&gt; ---
<div class="message-stanza open">&gt;&gt; our $VERSION = &#39;0.07&#39;;
</div>&gt; 117,119c116
&gt; &lt;     my $fs_file = File::Spec-&gt;canonpath&#40;$file&#41;;
&gt; &lt;     my $fs_devnull = File::Spec-&gt;devnull&#40;&#41;;
&gt; &lt;     my $output = `$perl $taint -MO=PerlReq &#34;$fs_file&#34; 2&gt; $fs_devnull`;
&gt; ---
<div class="message-stanza open">&gt;&gt;     my $output = `$perl $taint -MO=PerlReq &#39;$file&#39; 2&gt; /dev/null`;
</div>&gt; 
&gt; 3. THE GORY &#40;AND UNINTERESTING&#41; DETAILS:
&gt; 
&gt; This is how it failed under Windows XP &#40;French&#41;:
&gt; 
<div class="message-stanza open">&gt; cpan&gt; install Test::Dependencies
</div>&gt; Running install for module Test::Dependencies
&gt; Running make for Z/ZE/ZEV/Test-Dependencies-0.07.tar.gz
&gt; Fetching with LWP:
&gt;  
&gt; ftp://cpan.cict.fr/pub/CPAN/authors/id/Z/ZE/ZEV/Test-Dependencies-0.07.tar.gz
&gt; WARNING: This key is not certified with a trusted signature!
&gt; Primary key fingerprint: 2E66 557A B97C 19C7 91AF  8E20 328D A867 450F 89EC
&gt; Signature for C:\Perl\cpan\sources\authors\id\Z\ZE\ZEV\CHECKSUMS ok
&gt; Fetching with LWP:
&gt;   ftp://cpan.cict.fr/pub/CPAN/authors/id/Z/ZE/ZEV/CHECKSUMS
&gt; WARNING: This key is not certified with a trusted signature!
&gt; Primary key fingerprint: 2E66 557A B97C 19C7 91AF  8E20 328D A867 450F 89EC
&gt; Signature for C:\Perl\cpan\sources\authors\id\Z\ZE\ZEV\CHECKSUMS ok
&gt; Checksum for
&gt; C:\Perl\cpan\sources\authors\id\Z\ZE\ZEV\Test-Dependencies-0.07.tar.gz ok
&gt; Test-Dependencies-0.07/
&gt; Test-Dependencies-0.07/t/
&gt; Test-Dependencies-0.07/t/00-load-basic.t
&gt; Test-Dependencies-0.07/t/03-empty.t
&gt; Test-Dependencies-0.07/t/02-dependencies.t
&gt; Test-Dependencies-0.07/t/boilerplate.t
&gt; Test-Dependencies-0.07/t/01-load-with-exclude.t
&gt; Test-Dependencies-0.07/t/pod-coverage.t
&gt; Test-Dependencies-0.07/t/pod.t
&gt; Test-Dependencies-0.07/inc/
&gt; Test-Dependencies-0.07/inc/Module/
&gt; Test-Dependencies-0.07/inc/Module/Install.pm
&gt; Test-Dependencies-0.07/inc/Module/Install/
&gt; Test-Dependencies-0.07/inc/Module/Install/AutoInstall.pm
&gt; Test-Dependencies-0.07/inc/Module/Install/Fetch.pm
&gt; Test-Dependencies-0.07/inc/Module/Install/Makefile.pm
&gt; Test-Dependencies-0.07/inc/Module/Install/Include.pm
&gt; Test-Dependencies-0.07/inc/Module/Install/Base.pm
&gt; Test-Dependencies-0.07/inc/Module/Install/Metadata.pm
&gt; Test-Dependencies-0.07/inc/Module/Install/Can.pm
&gt; Test-Dependencies-0.07/inc/Module/Install/WriteAll.pm
&gt; Test-Dependencies-0.07/inc/Module/Install/Win32.pm
&gt; Test-Dependencies-0.07/inc/Module/AutoInstall.pm
&gt; Test-Dependencies-0.07/Changes
&gt; Test-Dependencies-0.07/MANIFEST
&gt; Test-Dependencies-0.07/t-data/
&gt; Test-Dependencies-0.07/t-data/empty/
&gt; Test-Dependencies-0.07/t-data/empty/dummy
&gt; Test-Dependencies-0.07/t-data/mostly-empty/
&gt; Test-Dependencies-0.07/t-data/mostly-empty/lib/
&gt; Test-Dependencies-0.07/t-data/mostly-empty/lib/empty
&gt; Test-Dependencies-0.07/t-data/mostly-empty/META.yml
&gt; Test-Dependencies-0.07/META.yml
&gt; Test-Dependencies-0.07/lib/
&gt; Test-Dependencies-0.07/lib/Test/
&gt; Test-Dependencies-0.07/lib/Test/Dependencies.pm
&gt; Test-Dependencies-0.07/README
&gt; Test-Dependencies-0.07/Makefile.PL
&gt; Package came without SIGNATURE
&gt; 
&gt; 
&gt;   CPAN.pm: Going to build Z/ZE/ZEV/Test-Dependencies-0.07.tar.gz
&gt; 
&gt; Set up gcc environment - 3.4.2 &#40;mingw-special&#41;
&gt; *** Module::AutoInstall version 1.02
&gt; *** Checking for Perl dependencies...
&gt; [Core Features]
&gt; - Test::Builder::Tester ...loaded. &#40;1.02 &gt;= 0.64&#41;
&gt; - B::PerlReq            ...loaded. &#40;0.5.2&#41;
&gt; - File::Find::Rule      ...loaded. &#40;0.280&#41;
&gt; - Module::CoreList      ...loaded. &#40;2.040&#41;
&gt; - PerlReq::Utils        ...loaded. &#40;0&#41;
&gt; - Test::Builder::Module ...loaded. &#40;0.020&#41;
&gt; - YAML                  ...loaded. &#40;0.620&#41;
&gt; *** Module::AutoInstall configuration finished.
&gt; Checking if your kit is complete...
&gt; Looks good
&gt; Writing Makefile for Test::Dependencies
&gt; 
&gt; Microsoft &#40;R&#41; Program Maintenance Utility   Version 1.50
&gt; Copyright &#40;c&#41; Microsoft Corp 1988-94. All rights reserved.
&gt; 
&gt; cp lib/Test/Dependencies.pm blib\lib\Test\Dependencies.pm
&gt;   C:\Perl\bin\nmake.EXE  -- OK
&gt; Running make test
&gt; 
&gt; Microsoft &#40;R&#41; Program Maintenance Utility   Version 1.50
&gt; Copyright &#40;c&#41; Microsoft Corp 1988-94. All rights reserved.
&gt; 
&gt;       C:\Perl\bin\perl.exe &#34;-MExtUtils::Command::MM&#34; &#34;-e&#34; &#34;test_harness&#40;0,
&gt; &#39;inc&#39;, &#39;blib\lib&#39;, &#39;blib\arch&#39;&#41;&#34; t/00-load-basic.t
&gt; t/01-load-with-exclude.t t/02-dependencies.t t/03-empty.t
&gt; t/boilerplate.t t/pod-coverage.t t/pod.t
&gt; t/00-load-basic...........ok
&gt; t/01-load-with-exclude....ok
&gt; t/02-dependencies.........Le chemin d&#39;accès spécifié est introuvable.
&gt; Le chemin d&#39;accès spécifié est introuvable.
&gt; Le chemin d&#39;accès spécifié est introuvable.
&gt; Le chemin d&#39;accès spécifié est introuvable.
&gt; Le chemin d&#39;accès spécifié est introuvable.
&gt; Le chemin d&#39;accès spécifié est introuvable.
&gt; Le chemin d&#39;accès spécifié est introuvable.
&gt; Le chemin d&#39;accès spécifié est introuvable.
&gt; 
&gt; #   Failed test &#39;B::PerlReq is not a run-time dependency&#39;
&gt; #   in t/02-dependencies.t at line 6.
&gt; 
&gt; #   Failed test &#39;File::Find::Rule is not a run-time dependency&#39;
&gt; #   in t/02-dependencies.t at line 6.
&gt; 
&gt; #   Failed test &#39;Module::CoreList is not a run-time dependency&#39;
&gt; #   in t/02-dependencies.t at line 6.
&gt; 
&gt; #   Failed test &#39;PerlReq::Utils is not a run-time dependency&#39;
&gt; #   in t/02-dependencies.t at line 6.
&gt; 
&gt; #   Failed test &#39;Test::Builder::Module is not a run-time dependency&#39;
&gt; #   in t/02-dependencies.t at line 6.
&gt; 
&gt; #   Failed test &#39;YAML is not a run-time dependency&#39;
&gt; #   in t/02-dependencies.t at line 6.
&gt; 
&gt; #   Failed test &#39;Test::Builder::Tester is not a build-time dependency&#39;
&gt; #   in t/02-dependencies.t at line 6.
&gt; # Looks like you failed 7 tests of 8.
&gt; dubious
&gt;       Test returned status 7 &#40;wstat 1792, 0x700&#41;
&gt; DIED. FAILED tests 2-8
&gt;       Failed 7/8 tests, 12.50% okay
&gt; t/03-empty................Le chemin d&#39;accès spécifié est introuvable.
&gt; ok
&gt; t/boilerplate.............ok
&gt; t/pod-coverage............ok
&gt; t/pod.....................ok
&gt; Failed Test         Stat Wstat Total Fail  List of Failed
&gt; -------------------------------------------------------------------------------
&gt; t/02-dependencies.t    7  1792     8    7  2-8
&gt; Failed 1/7 test scripts. 7/17 subtests failed.
&gt; Files=7, Tests=17, 14 wallclock secs &#40; 0.00 cusr +  0.00 csys =  0.00 CPU&#41;
&gt; Failed 1/7 test programs. 7/17 subtests failed.
&gt; NMAKE : fatal error U1077: &#39;C:\WINDOWS\system32\cmd.exe&#39; : return code
&gt; &#39;0xff&#39;
&gt; Stop.
&gt;   C:\Perl\bin\nmake.EXE test -- NOT OK
&gt; Running make install
&gt;   make test had returned bad status, won&#39;t install without force
&gt; Failed during this command:
&gt;   ZEV/Test-Dependencies-0.07.tar.gz            : make_test NO
&gt; 
<div class="message-stanza open">&gt; cpan&gt; 
</div>&gt; 
</div></div></div>
    </div>
</div>
</div>
<div class="ticket-transaction basics Status odd">
<div class="ticket-transaction">
  <div class="metadata">
    <span class="type">
      <a name="txn-227378" href="/Public/Bug/Display.html?id=20621#txn-227378">#</a>      
    </span>
    <span class="date">Tue&nbsp;Jul&nbsp;25&nbsp;22:46:35&nbsp;2006</span>
    <span class="description">The RT System itself -  Status changed from &#39;new&#39; to &#39;open&#39;</span>
    <span class="time-taken"></span>    <span class="actions hidden"></span>
  </div>
    <div class="content">
    </div>
</div>
</div>
<div class="ticket-transaction message Correspond even">
<div class="ticket-transaction">
  <div class="metadata">
    <span class="type">
      <a name="txn-227405" href="/Public/Bug/Display.html?id=20621#txn-227405">#</a>      
    </span>
    <span class="date">Wed&nbsp;Jul&nbsp;26&nbsp;03:43:49&nbsp;2006</span>
    <span class="description">kai.carver [...] gmail.com -  Correspondence added</span>
    <span class="time-taken"></span>    <span class="actions hidden"></span>
  </div>
    <div class="content">
      
<table>
  <tr>
    <td align="right" class="message-header-key">From:</td>
    <td class="message-header-value"> kai.carver [...] gmail.com</td>
  </tr>
</table>
<div class="downloadattachment">
<a href="/Ticket/Attachment/227405/94619/">Download &#40;untitled&#41;</a> / <a href="/Ticket/Attachment/WithHeaders/94619">with headers</a>
<br />
<span class="downloadcontenttype">text/plain 11.6k</span>
</div>
<div class="messagebody">
<div class="message-stanza plain-text-white-space">Hi,

Thanks for your response, and for the tip on diff -u. I&#39;m a bit new to
RT and CPAN testing and patching.

I tried 0.08. Tests fail in various ways, which I don&#39;t have time to
track down right now. Below is the output, in case anyone&#39;s interested.
I&#39;ll try to get back to this soon.

k a i

C:\&gt;perl -MCPAN -e &#34;install Test::Dependencies&#34;
Set up gcc environment - 3.4.2 &#40;mingw-special&#41;
CPAN: File::HomeDir loaded ok
CPAN: Storable loaded ok
Going to read C:\Perl\cpan\Metadata
  Database was generated on Mon, 24 Jul 2006 13:33:24 GMT
CPAN: LWP::UserAgent loaded ok
Fetching with LWP:
  ftp://cpan.cict.fr/pub/CPAN/authors/01mailrc.txt.gz
Going to read C:\Perl\cpan\sources\authors\01mailrc.txt.gz
CPAN: Compress::Zlib loaded ok
Fetching with LWP:
  ftp://cpan.cict.fr/pub/CPAN/modules/02packages.details.txt.gz
Going to read C:\Perl\cpan\sources\modules\02packages.details.txt.gz
  Database was generated on Wed, 26 Jul 2006 05:29:49 GMT
Fetching with LWP:
  ftp://cpan.cict.fr/pub/CPAN/modules/03modlist.data.gz
Going to read C:\Perl\cpan\sources\modules\03modlist.data.gz
Going to write C:\Perl\cpan\Metadata
Running install for module Test::Dependencies
Running make for Z/ZE/ZEV/Test-Dependencies-0.08.tar.gz
Fetching with LWP:
 
ftp://cpan.cict.fr/pub/CPAN/authors/id/Z/ZE/ZEV/Test-Dependencies-0.08.tar.gz
CPAN: Digest::SHA loaded ok
CPAN: Module::Signature loaded ok
WARNING: This key is not certified with a trusted signature!
Primary key fingerprint: 2E66 557A B97C 19C7 91AF  8E20 328D A867 450F 89EC
Signature for C:\Perl\cpan\sources\authors\id\Z\ZE\ZEV\CHECKSUMS ok
Fetching with LWP:
  ftp://cpan.cict.fr/pub/CPAN/authors/id/Z/ZE/ZEV/CHECKSUMS
WARNING: This key is not certified with a trusted signature!
Primary key fingerprint: 2E66 557A B97C 19C7 91AF  8E20 328D A867 450F 89EC
Signature for C:\Perl\cpan\sources\authors\id\Z\ZE\ZEV\CHECKSUMS ok
Checksum for
C:\Perl\cpan\sources\authors\id\Z\ZE\ZEV\Test-Dependencies-0.08.tar.gz ok
Scanning cache C:\Perl\cpan\build for sizes
Deleting from cache: C:\Perl\cpan\build\Email-Send-1.99_01 &#40;11.6&gt;10.0 MB&#41;
Deleting from cache: C:\Perl\cpan\build\Class-Accessor-Named-0.002
&#40;11.5&gt;10.0 MB&#41;
Deleting from cache: C:\Perl\cpan\build\Time-Piece-1.09 &#40;11.5&gt;10.0 MB&#41;
Deleting from cache: C:\Perl\cpan\build\Email-Date-1.03 &#40;11.4&gt;10.0 MB&#41;
Deleting from cache: C:\Perl\cpan\build\Email-Simple-Creator-1.41
&#40;11.3&gt;10.0 MB&#41;
Deleting from cache: C:\Perl\cpan\build\Test-Pod-Coverage-1.08
&#40;11.3&gt;10.0 MB&#41;
Deleting from cache: C:\Perl\cpan\build\Class-Accessor-Named-0.001
&#40;11.2&gt;10.0 MB&#41;
Deleting from cache: C:\Perl\cpan\build\Test-Dependencies-0.05
&#40;11.2&gt;10.0 MB&#41;
Deleting from cache: C:\Perl\cpan\build\Pod-Strip-1.02 &#40;11.1&gt;10.0 MB&#41;
Can&#39;t remove directory
C:\Perl\cpan\build\Pod-Strip-1.02/blib/html/site/lib/Pod &#40;Directory not
empty&#41; at C:/Pe
rl/lib/CPAN.pm line 1153
Can&#39;t remove directory
C:\Perl\cpan\build\Pod-Strip-1.02/blib/html/site/lib &#40;Directory not
empty&#41; at C:/Perl/l
ib/CPAN.pm line 1153
Can&#39;t remove directory C:\Perl\cpan\build\Pod-Strip-1.02/blib/html/site
&#40;Directory not empty&#41; at C:/Perl/lib/C
PAN.pm line 1153
Can&#39;t remove directory C:\Perl\cpan\build\Pod-Strip-1.02/blib/html
&#40;Directory not empty&#41; at C:/Perl/lib/CPAN.p
m line 1153
Can&#39;t remove directory C:\Perl\cpan\build\Pod-Strip-1.02/blib &#40;Directory
not empty&#41; at C:/Perl/lib/CPAN.pm lin
e 1153
Can&#39;t remove directory C:\Perl\cpan\build\Pod-Strip-1.02 &#40;Directory not
empty&#41; at C:/Perl/lib/CPAN.pm line 115
3
Deleting from cache: C:\Perl\cpan\build\Test-Dependencies-0.01
&#40;11.1&gt;10.0 MB&#41;
Deleting from cache: C:\Perl\cpan\build\Params-Check-0.25 &#40;11.0&gt;10.0 MB&#41;
Deleting from cache: C:\Perl\cpan\build\Module-Load-0.10 &#40;10.9&gt;10.0 MB&#41;
Deleting from cache: C:\Perl\cpan\build\Module-Load-Conditional-0.08
&#40;10.8&gt;10.0 MB&#41;
Deleting from cache: C:\Perl\cpan\build\Test-Harness-2.62 &#40;10.8&gt;10.0 MB&#41;
Deleting from cache: C:\Perl\cpan\build\Package-Constants-0.01
&#40;10.4&gt;10.0 MB&#41;
Deleting from cache: C:\Perl\cpan\build\Log-Message-0.01 &#40;10.3&gt;10.0 MB&#41;
Deleting from cache: C:\Perl\cpan\build\Log-Message-Simple-0.01
&#40;10.2&gt;10.0 MB&#41;
Deleting from cache: C:\Perl\cpan\build\Term-UI-0.12 &#40;10.2&gt;10.0 MB&#41;
Deleting from cache: C:\Perl\cpan\build\IPC-Cmd-0.24 &#40;10.0&gt;10.0 MB&#41;
Can&#39;t remove directory
C:\Perl\cpan\build\IPC-Cmd-0.24/blib/html/site/lib/IPC &#40;Directory not
empty&#41; at C:/Perl
/lib/CPAN.pm line 1153
Can&#39;t remove directory
C:\Perl\cpan\build\IPC-Cmd-0.24/blib/html/site/lib &#40;Directory not empty&#41;
at C:/Perl/lib
/CPAN.pm line 1153
Can&#39;t remove directory C:\Perl\cpan\build\IPC-Cmd-0.24/blib/html/site
&#40;Directory not empty&#41; at C:/Perl/lib/CPA
N.pm line 1153
Can&#39;t remove directory C:\Perl\cpan\build\IPC-Cmd-0.24/blib/html
&#40;Directory not empty&#41; at C:/Perl/lib/CPAN.pm
line 1153
Can&#39;t remove directory C:\Perl\cpan\build\IPC-Cmd-0.24/blib &#40;Directory
not empty&#41; at C:/Perl/lib/CPAN.pm line
1153
Can&#39;t remove directory C:\Perl\cpan\build\IPC-Cmd-0.24 &#40;Directory not
empty&#41; at C:/Perl/lib/CPAN.pm line 1153
Test-Dependencies-0.08/
Test-Dependencies-0.08/t/
Test-Dependencies-0.08/t/00-load-basic.t
Test-Dependencies-0.08/t/03-empty.t
Test-Dependencies-0.08/t/02-dependencies.t
Test-Dependencies-0.08/t/boilerplate.t
Test-Dependencies-0.08/t/01-load-with-exclude.t
Test-Dependencies-0.08/t/pod-coverage.t
Test-Dependencies-0.08/t/pod.t
Test-Dependencies-0.08/inc/
Test-Dependencies-0.08/inc/Module/
Test-Dependencies-0.08/inc/Module/Install.pm
Test-Dependencies-0.08/inc/Module/Install/
Test-Dependencies-0.08/inc/Module/Install/AutoInstall.pm
Test-Dependencies-0.08/inc/Module/Install/Fetch.pm
Test-Dependencies-0.08/inc/Module/Install/Makefile.pm
Test-Dependencies-0.08/inc/Module/Install/Include.pm
Test-Dependencies-0.08/inc/Module/Install/Base.pm
Test-Dependencies-0.08/inc/Module/Install/Metadata.pm
Test-Dependencies-0.08/inc/Module/Install/Can.pm
Test-Dependencies-0.08/inc/Module/Install/WriteAll.pm
Test-Dependencies-0.08/inc/Module/Install/Win32.pm
Test-Dependencies-0.08/inc/Module/AutoInstall.pm
Test-Dependencies-0.08/Changes
Test-Dependencies-0.08/MANIFEST
Test-Dependencies-0.08/t-data/
Test-Dependencies-0.08/t-data/empty/
Test-Dependencies-0.08/t-data/empty/dummy
Test-Dependencies-0.08/t-data/mostly-empty/
Test-Dependencies-0.08/t-data/mostly-empty/lib/
Test-Dependencies-0.08/t-data/mostly-empty/lib/empty
Test-Dependencies-0.08/t-data/mostly-empty/META.yml
Test-Dependencies-0.08/META.yml
Test-Dependencies-0.08/lib/
Test-Dependencies-0.08/lib/Test/
Test-Dependencies-0.08/lib/Test/Dependencies.pm
Test-Dependencies-0.08/README
Test-Dependencies-0.08/Makefile.PL
Package came without SIGNATURE


  CPAN.pm: Going to build Z/ZE/ZEV/Test-Dependencies-0.08.tar.gz

Set up gcc environment - 3.4.2 &#40;mingw-special&#41;
*** Module::AutoInstall version 1.02
*** Checking for Perl dependencies...
[Core Features]
- Test::Builder::Tester ...loaded. &#40;1.02 &gt;= 0.64&#41;
- B::PerlReq            ...loaded. &#40;0.5.2&#41;
- File::Find::Rule      ...loaded. &#40;0.300&#41;
- IPC::Cmd              ...loaded. &#40;0.240&#41;
- Module::CoreList      ...loaded. &#40;2.040&#41;
- PerlReq::Utils        ...loaded. &#40;0&#41;
- Test::Builder::Module ...loaded. &#40;0.020&#41;
- YAML                  ...loaded. &#40;0.620&#41;
*** Module::AutoInstall configuration finished.
Checking if your kit is complete...
Looks good
Writing Makefile for Test::Dependencies
CPAN: YAML loaded ok

Microsoft &#40;R&#41; Program Maintenance Utility   Version 1.50
Copyright &#40;c&#41; Microsoft Corp 1988-94. All rights reserved.

cp lib/Test/Dependencies.pm blib\lib\Test\Dependencies.pm
  C:\Perl\bin\nmake.EXE  -- OK
Running make test

Microsoft &#40;R&#41; Program Maintenance Utility   Version 1.50
Copyright &#40;c&#41; Microsoft Corp 1988-94. All rights reserved.

        C:\Perl\bin\perl.exe &#34;-MExtUtils::Command::MM&#34; &#34;-e&#34;
&#34;test_harness&#40;0, &#39;inc&#39;, &#39;blib\lib&#39;, &#39;blib\arch&#39;&#41;&#34;
t/00-load-basic.t t/01-load-with-exclude.t t/02-dependencies.t
t/03-empty.t t/boilerplate.t t/pod-coverage.t t
/pod.t
t/00-load-basic...........Set up gcc environment - 3.4.2 &#40;mingw-special&#41;
t/00-load-basic...........ok
t/01-load-with-exclude....Set up gcc environment - 3.4.2 &#40;mingw-special&#41;
t/01-load-with-exclude....ok
t/02-dependencies.........Set up gcc environment - 3.4.2 &#40;mingw-special&#41;
Use of uninitialized value in substitution &#40;s///&#41; at
C:/Perl/site/lib/PerlReq/Utils.pm line 29.
Use of uninitialized value in substitution &#40;s///&#41; at
C:/Perl/site/lib/PerlReq/Utils.pm line 30.
Use of uninitialized value in hash element at
C:\Perl\cpan\build\Test-Dependencies-0.08\blib\lib/Test/Dependen
cies.pm line 124.
Use of uninitialized value in substitution &#40;s///&#41; at
C:/Perl/site/lib/PerlReq/Utils.pm line 29.
Use of uninitialized value in substitution &#40;s///&#41; at
C:/Perl/site/lib/PerlReq/Utils.pm line 30.
Use of uninitialized value in hash element at
C:\Perl\cpan\build\Test-Dependencies-0.08\blib\lib/Test/Dependen
cies.pm line 124.
Use of uninitialized value in substitution &#40;s///&#41; at
C:/Perl/site/lib/PerlReq/Utils.pm line 29.
Use of uninitialized value in substitution &#40;s///&#41; at
C:/Perl/site/lib/PerlReq/Utils.pm line 30.
Use of uninitialized value in hash element at
C:\Perl\cpan\build\Test-Dependencies-0.08\blib\lib/Test/Dependen
cies.pm line 124.
Use of uninitialized value in substitution &#40;s///&#41; at
C:/Perl/site/lib/PerlReq/Utils.pm line 29.
Use of uninitialized value in substitution &#40;s///&#41; at
C:/Perl/site/lib/PerlReq/Utils.pm line 30.
Use of uninitialized value in hash element at
C:\Perl\cpan\build\Test-Dependencies-0.08\blib\lib/Test/Dependen
cies.pm line 124.
Use of uninitialized value in substitution &#40;s///&#41; at
C:/Perl/site/lib/PerlReq/Utils.pm line 29.
Use of uninitialized value in substitution &#40;s///&#41; at
C:/Perl/site/lib/PerlReq/Utils.pm line 30.
Use of uninitialized value in hash element at
C:\Perl\cpan\build\Test-Dependencies-0.08\blib\lib/Test/Dependen
cies.pm line 124.
t/02-dependencies.........ok 1/0
t/02-dependencies.........NOK 2#   Failed test &#39;requires&#40;&#39;&#39;&#41; in Makefile.PL&#39;
#   in t/02-dependencies.t at line 6.

t/02-dependencies.........NOK 3#   Failed test &#39;B::PerlReq is not a
run-time dependency&#39;
#   in t/02-dependencies.t at line 6.

#   Failed test &#39;File::Find::Rule is not a run-time dependency&#39;
#   in t/02-dependencies.t at line 6.
t/02-dependencies.........NOK 4
t/02-dependencies.........NOK 5#   Failed test &#39;IPC::Cmd is not a
run-time dependency&#39;
#   in t/02-dependencies.t at line 6.

t/02-dependencies.........NOK 6#   Failed test &#39;Module::CoreList is not
a run-time dependency&#39;
#   in t/02-dependencies.t at line 6.

t/02-dependencies.........NOK 7#   Failed test &#39;PerlReq::Utils is not a
run-time dependency&#39;
#   in t/02-dependencies.t at line 6.

#   Failed test &#39;Test::Builder::Module is not a run-time dependency&#39;
#   in t/02-dependencies.t at line 6.
t/02-dependencies.........NOK 8
t/02-dependencies.........NOK 9#   Failed test &#39;YAML is not a run-time
dependency&#39;
#   in t/02-dependencies.t at line 6.
t/02-dependencies.........NOK 10
#   Failed test &#39;Test::Builder::Tester is not a build-time dependency&#39;
#   in t/02-dependencies.t at line 6.
# Looks like you failed 9 tests of 10.
t/02-dependencies.........dubious
        Test returned status 9 &#40;wstat 2304, 0x900&#41;
DIED. FAILED tests 2-10
        Failed 9/10 tests, 10.00% okay
t/03-empty................Set up gcc environment - 3.4.2 &#40;mingw-special&#41;
t/03-empty................ok
t/boilerplate.............ok
t/pod-coverage............Set up gcc environment - 3.4.2 &#40;mingw-special&#41;
t/pod-coverage............ok
t/pod.....................ok
Failed Test         Stat Wstat Total Fail  List of Failed
-------------------------------------------------------------------------------
t/02-dependencies.t    9  2304    10    9  2-10
Failed 1/7 test scripts. 9/19 subtests failed.
Files=7, Tests=19, 71 wallclock secs &#40; 0.00 cusr +  0.00 csys =  0.00 CPU&#41;
Failed 1/7 test programs. 9/19 subtests failed.
NMAKE : fatal error U1077: &#39;C:\WINDOWS\system32\cmd.exe&#39; : return code
&#39;0xff&#39;
Stop.
  C:\Perl\bin\nmake.EXE test -- NOT OK
Running make install
  make test had returned bad status, won&#39;t install without force

C:\&gt;
</div></div>
    </div>
</div>
</div>
<div class="ticket-transaction message Correspond odd">
<div class="ticket-transaction">
  <div class="metadata">
    <span class="type">
      <a name="txn-402515" href="/Public/Bug/Display.html?id=20621#txn-402515">#</a>      
    </span>
    <span class="date">Thu&nbsp;Dec&nbsp;27&nbsp;03:50:56&nbsp;2007</span>
    <span class="description">zev-cpan [...] strangersgate.com -  Correspondence added</span>
    <span class="time-taken"></span>    <span class="actions hidden"></span>
  </div>
    <div class="content">
      
<div class="downloadattachment">
<a href="/Ticket/Attachment/402515/188466/">Download &#40;untitled&#41;</a> / <a href="/Ticket/Attachment/WithHeaders/188466">with headers</a>
<br />
<span class="downloadcontenttype">text/plain 13b</span>
</div>
<div class="messagebody">
<div class="message-stanza plain-text-white-space">fixed in 0.09
</div></div>
    </div>
</div>
</div>
<div class="ticket-transaction basics Status even">
<div class="ticket-transaction">
  <div class="metadata">
    <span class="type">
      <a name="txn-402517" href="/Public/Bug/Display.html?id=20621#txn-402517">#</a>      
    </span>
    <span class="date">Thu&nbsp;Dec&nbsp;27&nbsp;03:51:00&nbsp;2007</span>
    <span class="description">zev-cpan [...] strangersgate.com -  Status changed from &#39;open&#39; to &#39;resolved&#39;</span>
    <span class="time-taken"></span>    <span class="actions hidden"></span>
  </div>
    <div class="content">
    </div>
</div>
</div>
</div>
    <hr class="clear" />
  </div>
</div>




</div>
 


  <hr class="clear" />
</div>
<p id="sponsors">
  This service is sponsored and maintained by
  <a href="http://bestpractical.com">Best Practical Solutions</a> and runs on
  <a href="http://noc.perl.org">Perl.org</a> infrastructure.
</p>

<p id="contact-info">
  Please report any issues with rt.cpan.org to <a href="mailto:rt-cpan-admin@bestpractical.com">rt-cpan-admin@bestpractical.com</a>.
</p>

<script>
  (function(i,s,o,g,r,a,m){i['GoogleAnalyticsObject']=r;i[r]=i[r]||function(){
  (i[r].q=i[r].q||[]).push(arguments)},i[r].l=1*new Date();a=s.createElement(o),
  m=s.getElementsByTagName(o)[0];a.async=1;a.src=g;m.parentNode.insertBefore(a,m)
  })(window,document,'script','//www.google-analytics.com/analytics.js','ga');

  ga('create', 'UA\x2D937849\x2D12');
  ga('send', 'pageview');
</script>

<div id="footer">
  <p id="time"><span>Time to display: 0.399131</span></p>
  <p id="bpscredits"><span>&#187;&#124;&#171; RT 4.0.18 Copyright 1996-2013 <a href="http://www.bestpractical.com?rt=4.0.18">Best Practical Solutions, LLC</a>.
</span></p>
</div>
  </body>
</html>
