<!DOCTYPE html>

<html lang="en">
  <head>
    <title>Bug #17390 for DateTime: Problems installing DateTimePackage</title>
    <meta http-equiv="X-UA-Compatible" content="IE=edge" />
    <!-- The X-UA-Compatible <meta> tag above must be very early in <head> -->

    <script>
if (window.top !== window.self) {
    document.write = "";

    window.top.location = window.self.location;

    setTimeout(function(){
        document.body.innerHTML = "";
    }, 1);

    window.self.onload = function(){
        document.body.innerHTML = "";
    };
}
</script>



<link rel="shortcut icon" href="/NoAuth/images/favicon.png" type="image/png" />
<link rel="stylesheet" href="/NoAuth/css/aileron-squished-00f758259152f8b6670ee485f462e6b8.css" type="text/css" media="all" />
<link rel="stylesheet" href="/NoAuth/css/print.css" type="text/css" media="print" />




<script type="text/javascript" src="/NoAuth/js/squished-42167f2409ce368da2d31038e5cb2a57.js"></script>

<script type="text/javascript"><!--
	jQuery( loadTitleBoxStates );

--></script>


<!--[if lt IE 8]>
<link rel="stylesheet" href="/NoAuth/css/aileron/msie.css" type="text/css" media="all" />
<![endif]-->
<!--[if lt IE 7]>
<link rel="stylesheet" href="/NoAuth/css/aileron/msie6.css" type="text/css" media="all" />
<![endif]-->
<script type="text/javascript">
jQuery(document).ready(function(){
    jQuery.fn.supersubs.defaults = {
        maxWidth: 30,
        extraWidth: 2
    };

    jQuery("#app-nav.toplevel").addClass('sf-menu sf-js-enabled sf-shadow').supersubs().superfish({ speed: 'fast' });
    jQuery("#page-menu.toplevel").addClass('sf-menu sf-js-enabled').supersubs().superfish({ dropShadows: false, speed: 'fast' }).supposition();
});
</script>


<!-- Site CSS from theme editor -->
<style type="text/css" media="all" id="sitecss">
</style>

<meta name="google-site-verification" content="kD3-uEJK1AkTqaC-rckcSt_HPkAj674DPPuEN6i-y0g" />

</head>
  <body class="aileron sidebyside" id="comp-Public-Bug-Display">

<div id="logo">
<a href="/"><img
    src="/NoAuth/images/cpan.png"
    alt="CPAN"
    width="181"
    height="38" /></a>
    <span class="rtname">RT for rt.cpan.org</span>
</div>


<div id="quickbar">
  <div id="quick-personal">
    <span class="hide"><a href="#skipnav">Skip Menu</a> | </span>
</div>

</div>
<div id="header"><h1>Bug #17390 for DateTime: Problems installing DateTimePackage</h1></div>



<div id="page-navigation"><ul id="page-menu" class="toplevel">
 <li id="li-page-active_bugs"><a id="page-active_bugs" class="menu-item " href="/Public/Dist/DateTime/Active/">Active bugs</a></li>
 <li id="li-page-resolved_bugs"><a id="page-resolved_bugs" class="menu-item " href="/Public/Dist/DateTime/Resolved/">Resolved bugs</a></li>
 <li id="li-page-rejected_bugs"><a id="page-rejected_bugs" class="menu-item " href="/Public/Dist/DateTime/Rejected/">Rejected bugs</a></li>
 <li id="li-page-report"><a id="page-report" class="menu-item " href="/Public/Dist/DateTime/Active/"></a></li>
</ul></div>
<div id="topactions">



</div>
<div id="body">


<a name="skipnav" id="skipnav" accesskey="8"></a>




<div id="external_bugtracker">
<h3>Preferred bug tracker</h3>
<p>
<div>Please visit the <a href="https://github.com/houseabsolute/DateTime.pm/issues">preferred bug tracker</a> to report your issue.</div>
</p>
</div>

<p>This queue is for tickets about the <a href="https://metacpan.org/release/DateTime">DateTime CPAN distribution</a>.</p>





<div class="">
  <div class="titlebox" id="">
  <div class="titlebox-title">
    <span class="widget"><a href="#" onclick="return rollup('TitleBox\x2D\x2D\x5FPublic\x5FBug\x5FDisplay\x5Fhtml\x2D\x2D\x2D\x2D\x2D\x2DUmVwb3J0IGluZm9ybWF0aW9u\x2D\x2D\x2D0');" title="Toggle visibility"></a></span>
    <span class="left">Report information</span>
    <span class="right-empty">		    </span>
  </div>
  <div class="titlebox-content " id="TitleBox--_Public_Bug_Display_html------UmVwb3J0IGluZm9ybWF0aW9u---0">


<table width="100%" class="ticket-summary">
<tr>
  <td valign="top" class="boxcontainer">
    <div class="ticket-info-basics">
  <div class="titlebox ticket-info-basics " id="">
  <div class="titlebox-title">
    <span class="widget"><a href="#" onclick="return rollup('TitleBox\x2D\x2D\x5FPublic\x5FBug\x5FDisplay\x5Fhtml\x2D\x2Dticket\x2Dinfo\x2Dbasics\x2D\x2D\x2D\x2DVGhlIEJhc2ljcw\x5F\x5F\x2D\x2D\x2D0');" title="Toggle visibility"></a></span>
    <span class="left">The Basics</span>
    <span class="right-empty">		    </span>
  </div>
  <div class="titlebox-content " id="TitleBox--_Public_Bug_Display_html--ticket-info-basics----VGhlIEJhc2ljcw__---0">


        <table>
  <tr class="id">
    <td class="label">Id:</td>
    <td class="value">17390</td>
  </tr>
  <tr class="status">
    <td class="label">Status:</td>
    <td class="value">resolved</td>
  </tr>
  <tr class="priority">
    <td class="label">Priority:</td>
    <td class="value">0/
</td>
  </tr>
  <tr class="queue">
    <td class="label">Queue:</td>
    <td class="value"><a href="/Public/Dist/DateTime/Active/">DateTime</a>
</td>
  </tr>
</table>

        <hr class="clear" />
  </div>
</div>




</div>


    <div class="ticket-info-people">
  <div class="titlebox ticket-info-people " id="">
  <div class="titlebox-title">
    <span class="widget"><a href="#" onclick="return rollup('TitleBox\x2D\x2D\x5FPublic\x5FBug\x5FDisplay\x5Fhtml\x2D\x2Dticket\x2Dinfo\x2Dpeople\x2D\x2D\x2D\x2DUGVvcGxl\x2D\x2D\x2D0');" title="Toggle visibility"></a></span>
    <span class="left">People</span>
    <span class="right-empty">		    </span>
  </div>
  <div class="titlebox-content " id="TitleBox--_Public_Bug_Display_html--ticket-info-people----UGVvcGxl---0">


        <table>
  <tr>
    <td class="label">Owner:</td>
    <td class="value">Nobody in particular
    
    </td>
  </tr>
  <tr>
    <td class="labeltop">Requestors:</td>
    <td class="value">
devender.bejju [...] valuelabs.net

<br />

</td>
  </tr>
  <tr>
    <td class="labeltop">Cc:</td>
    <td class="value">

</td>
  </tr>
  <tr>
    <td class="labeltop">AdminCc:</td>
    <td class="value">

</td>
  </tr>
</table>

        <hr class="clear" />
  </div>
</div>




</div>



  </td>
  <td valign="top" class="boxcontainer">
    
    <div class="ticket-info-cfs">
  <div class="titlebox ticket-info-cfs " id="">
  <div class="titlebox-title">
    <span class="widget"><a href="#" onclick="return rollup('TitleBox\x2D\x2D\x5FPublic\x5FBug\x5FDisplay\x5Fhtml\x2D\x2Dticket\x2Dinfo\x2Dcfs\x2D\x2D\x2D\x2DQnVnIEluZm9ybWF0aW9u\x2D\x2D\x2D0');" title="Toggle visibility"></a></span>
    <span class="left">Bug Information</span>
    <span class="right-empty">		    </span>
  </div>
  <div class="titlebox-content " id="TitleBox--_Public_Bug_Display_html--ticket-info-cfs----QnVnIEluZm9ybWF0aW9u---0">

 
        <table>
  <tr id="CF-1-ShowRow">
    <td class="label">Severity:</td>
    <td class="value">
Critical    </td>
  </tr>
  <tr id="CF-9734-ShowRow">
    <td class="label">Broken in:</td>
    <td class="value">
0.30    </td>
  </tr>
  <tr id="CF-9735-ShowRow">
    <td class="label">Fixed in:</td>
    <td class="value">
<i>(no value)</i>
    </td>
  </tr>
</table>


        <hr class="clear" />
  </div>
</div>




</div>


    
</div>




</div>







  </td>
</tr>
</table>

    <hr class="clear" />
  </div>
</div>




</div>


<br />


<div class="history">
<div class="titlebox" id="">
  <div class="titlebox-title">
    <span class="widget"><a href="#" onclick="return rollup('TitleBox\x2D\x2D\x5FPublic\x5FBug\x5FDisplay\x5Fhtml\x2D\x2D\x2D\x2D\x2D\x2DSGlzdG9yeQ\x5F\x5F\x2D\x2D\x2D0');" title="Toggle visibility"></a></span>
    <span class="left">History</span>
    <span class="right">		<a href="#" data-direction="open" onclick="return toggle_all_folds(this, 'Show\x20all\x20quoted\x20text', 'Hide\x20all\x20quoted\x20text');">Show all quoted text</a>    </span>
  </div>
  <div class="titlebox-content " id="TitleBox--_Public_Bug_Display_html------SGlzdG9yeQ__---0">


<div id="ticket-history">
<div class="ticket-transaction message Create odd">
<div class="ticket-transaction">
  <div class="metadata">
    <span class="type">
      &nbsp;      
    </span>
    <span class="date">Tue&nbsp;Jan&nbsp;31&nbsp;05:53:08&nbsp;2006</span>
    <span class="description">Guest -  Ticket created</span>
    <span class="time-taken"></span>    <span class="actions hidden"></span>
  </div>
    <div class="content">
      
<table>
  <tr>
    <td align="right" class="message-header-key">Subject:</td>
    <td class="message-header-value"> Problems installing DateTimePackage</td>
  </tr>
</table>
<div class="messageattachments">

<div class="messagebody">
<div class="message-stanza plain-text-white-space">Hi,
I am unable to Make DateTime pm, seems like 97%+ tests are ok but at the
end i get a message
NMAKE : fatal error U1077: &#39;C:\Perl\bin\perl.exe&#39; : return code &#39;0xff&#39;

and make stops saying &#34;make test returned bad status, wont install
without force&#34;

What should we do.
Please help

Devender
</div></div>
</div>
<table>
  <tr>
    <td align="right" class="message-header-key">Subject:</td>
    <td class="message-header-value"> datetime make.txt</td>
  </tr>
</table>
<div class="messageattachments">
<div class="messagebody">
<div class="message-stanza plain-text-white-space">
</div></div>

<div class="messagebody">
<div class="message-stanza plain-text-white-space">C:\Documents and Settings\dbejju\Desktop&gt;perl -c date.pl
Can&#39;t locate DateTime.pm in @INC &#40;@INC contains: C:\Program Files\ActiveState Pe
rl Dev Kit 6.0 Deployment\lib\ C:/Perl/lib C:/Perl/site/lib .&#41; at date.pl line 3
.
BEGIN failed--compilation aborted at date.pl line 3.

C:\Documents and Settings\dbejju\Desktop&gt;cpan DateTime
CPAN: Storable loaded ok
Going to read \.cpan\Metadata
  Database was generated on Tue, 31 Jan 2006 06:40:00 GMT
Running install for module DateTime
Running make for D/DR/DROLSKY/DateTime-0.30.tar.gz
CPAN: Digest::MD5 loaded ok
CPAN: Compress::Zlib loaded ok
Checksum for \.cpan\sources\authors\id\D\DR\DROLSKY\DateTime-0.30.tar.gz ok
Scanning cache \.cpan\build for sizes
Deleting from cache: \.cpan\build\Getopt-Long-2.35 &#40;10.7&gt;10.0 MB&#41;
Deleting from cache: \.cpan\build\Log-Log4perl-1.02 &#40;10.4&gt;10.0 MB&#41;
CPAN: Archive::Tar loaded ok
DateTime-0.30/
DateTime-0.30/t/
DateTime-0.30/t/07compare.t
DateTime-0.30/t/20infinite.t
DateTime-0.30/t/16truncate.t
DateTime-0.30/t/05set.t
DateTime-0.30/t/01sanity.t
DateTime-0.30/t/36invalid_local.t
DateTime-0.30/t/25add_subtract.t
DateTime-0.30/t/15jd.t
DateTime-0.30/t/27delta.t
DateTime-0.30/t/24from_object.t
DateTime-0.30/t/35rd_values.t
DateTime-0.30/t/19leap_second.t
DateTime-0.30/t/30future_tz.t
DateTime-0.30/t/33seconds_offset.t
DateTime-0.30/t/02last_day.t
DateTime-0.30/t/18today.t
DateTime-0.30/t/34set_tz.t
DateTime-0.30/t/28dow.t
DateTime-0.30/t/17set_return.t
DateTime-0.30/t/29overload.t
DateTime-0.30/t/10subtract.t
DateTime-0.30/t/21bad_params.t
DateTime-0.30/t/37local-add.t
DateTime-0.30/t/31formatter.t
DateTime-0.30/t/26dt_leapsecond_pm.t
DateTime-0.30/t/12week.t
DateTime-0.30/t/00load.t
DateTime-0.30/t/38local-subtract.t
DateTime-0.30/t/03components.t
DateTime-0.30/t/13strftime.t
DateTime-0.30/t/11duration.t
DateTime-0.30/t/14locale.t
DateTime-0.30/t/04epoch.t
DateTime-0.30/t/09greg.t
DateTime-0.30/t/23storable.t
DateTime-0.30/t/22from_doy.t
DateTime-0.30/t/32leap_second2.t
DateTime-0.30/t/06add.t
DateTime-0.30/t/99-pod.t
DateTime-0.30/lib/
DateTime-0.30/lib/DateTime/
DateTime-0.30/lib/DateTime/Duration.pm
DateTime-0.30/lib/DateTime/Infinite.pm
DateTime-0.30/lib/DateTime/LeapSecond.pm
DateTime-0.30/lib/DateTimePP.pm
DateTime-0.30/lib/DateTimePPExtra.pm
DateTime-0.30/lib/DateTime.pm
DateTime-0.30/Changes
DateTime-0.30/MANIFEST
DateTime-0.30/TODO
DateTime-0.30/META.yml
DateTime-0.30/tools/
DateTime-0.30/tools/leap_seconds_header.pl
DateTime-0.30/MANIFEST.SKIP
DateTime-0.30/leaptab.txt
DateTime-0.30/ppport.h
DateTime-0.30/DateTime.xs
DateTime-0.30/CREDITS
DateTime-0.30/leap_seconds.h
DateTime-0.30/Makefile.PL
DateTime-0.30/LICENSE
DateTime-0.30/README
Removing previously used \.cpan\build\DateTime-0.30

  CPAN.pm: Going to build D/DR/DROLSKY/DateTime-0.30.tar.gz

Testing if you have a C compiler

Microsoft &#40;R&#41; Program Maintenance Utility   Version 6.00.9782.0
Copyright &#40;C&#41; Microsoft Corp 1988-1998. All rights reserved.

        cl  /c test.c
Microsoft &#40;R&#41; 32-bit C/C++ Optimizing Compiler Version 12.00.8804 for 80x86
Copyright &#40;C&#41; Microsoft Corp 1984-1998. All rights reserved.

test.c
Checking if your kit is complete...
Looks good
Writing Makefile for DateTime

Microsoft &#40;R&#41; Program Maintenance Utility   Version 6.00.9782.0
Copyright &#40;C&#41; Microsoft Corp 1988-1998. All rights reserved.

cp lib/DateTime.pm blib\lib\DateTime.pm
cp lib/DateTimePP.pm blib\lib\DateTimePP.pm
cp lib/DateTime/Duration.pm blib\lib\DateTime\Duration.pm
cp lib/DateTimePPExtra.pm blib\lib\DateTimePPExtra.pm
cp lib/DateTime/Infinite.pm blib\lib\DateTime\Infinite.pm
cp lib/DateTime/LeapSecond.pm blib\lib\DateTime\LeapSecond.pm
        C:\Perl\bin\perl.exe C:\Perl\lib\ExtUtils/xsubpp  -typemap C:\Perl\lib\E
xtUtils\typemap  DateTime.xs &gt; DateTime.xsc &#38;&#38; C:\Perl\bin\perl.exe -MExtUtils::
Command -e mv DateTime.xsc DateTime.c
        cl -c    -nologo -Gf -W3 -MD -Zi -DNDEBUG -O1 -DWIN32 -D_CONSOLE -DNO_ST
RICT -DHAVE_DES_FCRYPT -DNO_HASH_SEED -DUSE_SITECUSTOMIZE -DPERL_IMPLICIT_CONTEX
T -DPERL_IMPLICIT_SYS -DUSE_PERLIO -DPERL_MSVCRT_READFIX -MD -Zi -DNDEBUG -O1
 -DVERSION=\&#34;0.30\&#34;  -DXS_VERSION=\&#34;0.30\&#34;  &#34;-IC:\Perl\lib\CORE&#34;   DateTime.c
DateTime.c
DateTime.xs&#40;135&#41; : warning C4244: &#39;=&#39; : conversion from &#39;double &#39; to &#39;long &#39;, po
ssible loss of data
Running Mkbootstrap for DateTime &#40;&#41;
        C:\Perl\bin\perl.exe -MExtUtils::Command -e chmod 644 DateTime.bs
        C:\Perl\bin\perl.exe -MExtUtils::Mksymlists  -e &#34;Mksymlists&#40;&#39;NAME&#39;=&gt;\&#34;Da
teTime\&#34;, &#39;DLBASE&#39; =&gt; &#39;DateTime&#39;, &#39;DL_FUNCS&#39; =&gt; {  }, &#39;FUNCLIST&#39; =&gt; [], &#39;IMPORTS
&#39; =&gt; {  }, &#39;DL_VARS&#39; =&gt; []&#41;;&#34;
        link -out:blib\arch\auto\DateTime\DateTime.dll -dll -nologo -nodefaultli
b -debug -opt:ref,icf  -libpath:&#34;C:\Perl\lib\CORE&#34;  -machine:x86 DateTime.obj
C:\Perl\lib\CORE\perl58.lib oldnames.lib kernel32.lib user32.lib gdi32.lib winsp
ool.lib  comdlg32.lib advapi32.lib shell32.lib ole32.lib oleaut32.lib  netapi32.
lib uuid.lib ws2_32.lib mpr.lib winmm.lib  version.lib odbc32.lib odbccp32.lib m
svcrt.lib -def:DateTime.def
   Creating library blib\arch\auto\DateTime\DateTime.lib and object blib\arch\au
to\DateTime\DateTime.exp
        C:\Perl\bin\perl.exe -MExtUtils::Command -e chmod 755 blib\arch\auto\Dat
eTime\DateTime.dll
No root path&#40;s&#41; specified at C:/Perl/lib/ExtUtils/Command.pm line 95
        C:\Perl\bin\perl.exe -MExtUtils::Command -e cp DateTime.bs blib\arch\aut
o\DateTime\DateTime.bs
        C:\Perl\bin\perl.exe -MExtUtils::Command -e chmod 644 blib\arch\auto\Dat
eTime\DateTime.bs
  nmake  -- OK
Running make test

Microsoft &#40;R&#41; Program Maintenance Utility   Version 6.00.9782.0
Copyright &#40;C&#41; Microsoft Corp 1988-1998. All rights reserved.

        C:\Perl\bin\perl.exe &#34;-MExtUtils::Command::MM&#34; &#34;-e&#34; &#34;test_harness&#40;0, &#39;bl
ib\lib&#39;, &#39;blib\arch&#39;&#41;&#34; t\00load.t t\01sanity.t t\02last_day.t t\03components.t t
\04epoch.t t\05set.t t\06add.t t\07compare.t t\09greg.t t\10subtract.t t\11durat
ion.t t\12week.t t\13strftime.t t\14locale.t t\15jd.t t\16truncate.t t\17set_ret
urn.t t\18today.t t\19leap_second.t t\20infinite.t t\21bad_params.t t\22from_doy
.t t\23storable.t t\24from_object.t t\25add_subtract.t t\26dt_leapsecond_pm.t t\
27delta.t t\28dow.t t\29overload.t t\30future_tz.t t\31formatter.t t\32leap_seco
nd2.t t\33seconds_offset.t t\34set_tz.t t\35rd_values.t t\36invalid_local.t t\37
local-add.t t\38local-subtract.t t\99-pod.t
t\00load................ok
t\01sanity..............ok
t\02last_day............ok
t\03components..........ok
t\04epoch...............ok
        4/32 skipped: Negative epoch times do not work on some operating systems
, including Win32
t\05set.................ok
t\06add.................ok
t\07compare.............ok
t\09greg................ok 1/35# this may take a minute...
t\09greg................ok
t\10subtract............ok
t\11duration............ok
t\12week................ok
t\13strftime............ok 1/134# New locale: de
# New locale: it
t\13strftime............ok
t\14locale..............ok
t\15jd..................ok
t\16truncate............ok
t\17set_return..........ok
t\18today...............ok
t\19leap_second.........ok
t\20infinite............ok 1/42
#     Failed test &#40;t\20infinite.t at line 59&#41;
t\20infinite............ok 37/42# Looks like you failed 1 test of 42.
t\20infinite............dubious
        Test returned status 1 &#40;wstat 256, 0x100&#41;
DIED. FAILED test 12
        Failed 1/42 tests, 97.62% okay
t\21bad_params..........ok
t\22from_doy............ok
t\23storable............ok
        1/16 skipped: This test needs DateTime::Format::ICal
t\24from_object.........ok
t\25add_subtract........ok
t\26dt_leapsecond_pm....ok
t\27delta...............ok
t\28dow.................ok
t\29overload............ok
t\30future_tz...........ok
t\31formatter...........skipped
        all skipped: DateTime::Format::Strptime 1.0400+ not installed
t\32leap_second2........ok
t\33seconds_offset......ok
t\34set_tz..............ok
t\35rd_values...........ok
t\36invalid_local.......ok
t\37local-add...........ok
t\38local-subtract......ok
t\99-pod................ok
        1/1 skipped: File::Find::Rule not installed
Failed Test    Stat Wstat Total Fail  Failed  List of Failed
-------------------------------------------------------------------------------
t\20infinite.t    1   256    42    1   2.38%  12
1 test and 6 subtests skipped.
Failed 1/39 test scripts, 97.44% okay. 1/3104 subtests failed, 99.97% okay.
NMAKE : fatal error U1077: &#39;C:\Perl\bin\perl.exe&#39; : return code &#39;0xff&#39;
Stop.
  nmake test -- NOT OK
Running make install
  make test had returned bad status, won&#39;t install without force

C:\Documents and Settings\dbejju\Desktop&gt;</div></div>
</div>
    </div>
</div>
</div>
<div class="ticket-transaction message Correspond even">
<div class="ticket-transaction">
  <div class="metadata">
    <span class="type">
      &nbsp;      
    </span>
    <span class="date">Mon&nbsp;Feb&nbsp;20&nbsp;23:10:04&nbsp;2006</span>
    <span class="description">DROLSKY [...] cpan.org -  Correspondence added</span>
    <span class="time-taken"></span>    <span class="actions hidden"></span>
  </div>
    <div class="content">
      

<div class="messagebody">
<div class="message-stanza plain-text-white-space">On Tue Jan 31 05:53:08 2006, guest wrote:
<span
    class="message-stanza-folder closed"
    onclick="fold_message_stanza(this, 'Show\x20quoted\x20text', 'Hide\x20quoted\x20text');">Show quoted text</span><br /><div class="message-stanza closed">&gt; Hi,
&gt; I am unable to Make DateTime pm, seems like 97%+ tests are ok but at the
&gt; end i get a message
&gt; NMAKE : fatal error U1077: &#39;C:\Perl\bin\perl.exe&#39; : return code &#39;0xff&#39;
&gt; 
&gt; and make stops saying &#34;make test returned bad status, wont install
&gt; without force&#34;
&gt; 
&gt; What should we do.
</div>
Can you run this:

 make test TEST_VERBOSE=1 TEST_FILES=t/20infinite.t

and send me the output for the failing test?

That might help me figure out what&#39;s going wrong.
</div></div>
    </div>
</div>
</div>
<div class="ticket-transaction basics Status odd">
<div class="ticket-transaction">
  <div class="metadata">
    <span class="type">
      &nbsp;      
    </span>
    <span class="date">Mon&nbsp;Feb&nbsp;20&nbsp;23:10:05&nbsp;2006</span>
    <span class="description">The RT System itself -  Status changed from &#39;new&#39; to &#39;open&#39;</span>
    <span class="time-taken"></span>    <span class="actions hidden"></span>
  </div>
    <div class="content">
    </div>
</div>
</div>
<div class="ticket-transaction message Correspond even">
<div class="ticket-transaction">
  <div class="metadata">
    <span class="type">
      &nbsp;      
    </span>
    <span class="date">Wed&nbsp;May&nbsp;10&nbsp;14:04:56&nbsp;2006</span>
    <span class="description">Guest -  Correspondence added</span>
    <span class="time-taken"></span>    <span class="actions hidden"></span>
  </div>
    <div class="content">
      
<table>
  <tr>
    <td align="right" class="message-header-key">From:</td>
    <td class="message-header-value"> bpphillips [ at ] cpan [ dot ] org</td>
  </tr>
</table>

<div class="messagebody">
<div class="message-stanza plain-text-white-space">Here&#39;s the output you requested above to the 20infinite.t test script

C:\Perl\bin\perl.exe C:\Perl\lib\ExtUtils\xsubpp  -typemap C:\Perl\lib\E
xtUtils\typemap  DateTime.xs &gt; DateTime.xsc &#38;&#38; C:\Perl\bin\perl.exe
-MExtUtils::
Command -e mv DateTime.xsc DateTime.c
        gcc -c    -DNDEBUG -DWIN32 -D_CONSOLE -DNO_STRICT
-DHAVE_DES_FCRYPT -DNO
_HASH_SEED -DUSE_SITECUSTOMIZE -DPERL_IMPLICIT_CONTEXT
-DPERL_IMPLICIT_SYS -DUSE
_PERLIO -DPERL_MSVCRT_READFIX -DHASATTRIBUTE -fno-strict-aliasing -O2  
 -DVERSI
ON=\&#34;0.30\&#34;  -DXS_VERSION=\&#34;0.30\&#34;  &#34;-IC:\Perl\lib\CORE&#34;   DateTime.c
In file included from DateTime.xs:10:
ppport.h:224:1: warning: &#34;PERL_UNUSED_DECL&#34; redefined
In file included from DateTime.xs:8:
C:/Perl/lib/CORE/perl.h:165:1: warning: this is the location of the
previous def
inition
Running Mkbootstrap for DateTime &#40;&#41;
        C:\Perl\bin\perl.exe -MExtUtils::Command -e chmod 644 DateTime.bs
        C:\Perl\bin\perl.exe -MExtUtils::Mksymlists  -e
&#34;Mksymlists&#40;&#39;NAME&#39;=&gt;\&#34;Da
teTime\&#34;, &#39;DLBASE&#39; =&gt; &#39;DateTime&#39;, &#39;DL_FUNCS&#39; =&gt; {  }, &#39;FUNCLIST&#39; =&gt; [],
&#39;IMPORTS
&#39; =&gt; {  }, &#39;DL_VARS&#39; =&gt; []&#41;;&#34;
Set up gcc environment - 3.4.2 &#40;mingw-special&#41;
        dlltool --def DateTime.def --output-exp dll.exp
        gcc -o blib\arch\auto\DateTime\DateTime.dll -Wl,--base-file
-Wl,dll.base
 -mdll DateTime.o -Wl,--image-base,0x10080000 
C:\Perl\lib\CORE\perl58.lib -lker
nel32 -luser32 -lgdi32 -lwinspool -lcomdlg32 -ladvapi32 -lshell32
-lole32 -lolea
ut32 -lnetapi32 -luuid -lws2_32 -lmpr -lwinmm -lversion -lodbc32
-lodbccp32 -lms
vcrt dll.exp
        dlltool --def DateTime.def --base-file dll.base --output-exp dll.exp
        gcc -o blib\arch\auto\DateTime\DateTime.dll -mdll DateTime.o
-Wl,--image
-base,0x10080000  C:\Perl\lib\CORE\perl58.lib -lkernel32 -luser32
-lgdi32 -lwins
pool -lcomdlg32 -ladvapi32 -lshell32 -lole32 -loleaut32 -lnetapi32
-luuid -lws2_
32 -lmpr -lwinmm -lversion -lodbc32 -lodbccp32 -lmsvcrt dll.exp
        C:\Perl\bin\perl.exe -MExtUtils::Command -e chmod 755
blib\arch\auto\Dat
eTime\DateTime.dll
No root path&#40;s&#41; specified at C:/Perl/lib/ExtUtils/Command.pm line 105
        C:\Perl\bin\perl.exe -MExtUtils::Command -e cp DateTime.bs
blib\arch\aut
o\DateTime\DateTime.bs
        C:\Perl\bin\perl.exe -MExtUtils::Command -e chmod 644
blib\arch\auto\Dat
eTime\DateTime.bs
        C:\Perl\bin\perl.exe &#34;-MExtUtils::Command::MM&#34; &#34;-e&#34;
&#34;test_harness&#40;1, &#39;bl
ib\lib&#39;, &#39;blib\arch&#39;&#41;&#34; t/20infinite.t
t/20infinite....1..42
ok 1 - positive infinity should be infinite
ok 2 - negative infinity should be infinite

#   Failed test &#39;infinity - infinity = nan &#40;days&#41;&#39;
#   in t/20infinite.t at line 59.
ok 3 - positive infinity should not be finite
ok 4 - negative infinity should not be finite
ok 5 - negative infinity is really negative
ok 6 - positive infinity is really positive
ok 7 - positive infinity is bigger than negative infinity
ok 8 - infinity - normal = infinity
ok 9 - normal + infinite duration = infinity
ok 10 - normal - infinity = neg infinity
ok 11 - normal + neg infinite duration = neg infinity
not ok 12 - infinity - infinity = nan &#40;days&#41;
ok 13 - infinity - infinity = nan &#40;seconds&#41;
ok 14 - infinity - infinity = nan &#40;nanoseconds&#41;
ok 15 - infinity + normal duration = infinity
ok 16 - infinity - normal duration = infinity
ok 17 - infinity &#40;datetime&#41; == infinity &#40;number&#41;
ok 18 - neg infinity &#40;datetime&#41; == neg infinity &#40;number&#41;
ok 19 - pos year is 1.\#INF
ok 20 - neg year is 1.\#INF
ok 21 - pos month is 1.\#INF
ok 22 - neg month is 1.\#INF
ok 23 - pos day is 1.\#INF
ok 24 - neg day is 1.\#INF
ok 25 - pos hour is 1.\#INF
ok 26 - neg hour is 1.\#INF
ok 27 - pos minute is 1.\#INF
# Looks like you failed 1 test of 42.
ok 28 - neg minute is 1.\#INF
ok 29 - pos second is 1.\#INF
ok 30 - neg second is 1.\#INF
ok 31 - pos microsecond is 1.\#INF
ok 32 - neg microsecond is 1.\#INF
ok 33 - pos millisecond is 1.\#INF
ok 34 - neg millisecond is 1.\#INF
ok 35 - pos nanosecond is 1.\#INF
ok 36 - neg nanosecond is 1.\#INF
ok 37 - positive infinite is greater than now
ok 38 - negative infinite is less than now
ok 39 - infinity &#40;datetime&#41; == infinity &#40;datetime&#41;
ok 40 - -infinity &#40;datetime&#41; == -infinity &#40;datetime&#41;
ok 41 - stringified infinity &#40;datetime&#41; eq infinity &#40;number&#41;
ok 42 - stringified neg infinity &#40;datetime&#41; eq neg infinity &#40;number&#41;
dubious
        Test returned status 1 &#40;wstat 256, 0x100&#41;
DIED. FAILED test 12
        Failed 1/42 tests, 97.62% okay
Failed Test    Stat Wstat Total Fail  Failed  List of Failed
-------------------------------------------------------------------------------
t/20infinite.t    1   256    42    1   2.38%  12
Failed 1/1 test scripts, 0.00% okay. 1/42 subtests failed, 97.62% okay.
NMAKE : fatal error U1077: &#39;C:\WINDOWS\system32\cmd.exe&#39; : return code &#39;0x1&#39;
Stop.
</div></div>
    </div>
</div>
</div>
<div class="ticket-transaction message Correspond odd">
<div class="ticket-transaction">
  <div class="metadata">
    <span class="type">
      &nbsp;      
    </span>
    <span class="date">Sun&nbsp;May&nbsp;21&nbsp;14:01:23&nbsp;2006</span>
    <span class="description">DROLSKY [...] cpan.org -  Correspondence added</span>
    <span class="time-taken"></span>    <span class="actions hidden"></span>
  </div>
    <div class="content">
      

<div class="messagebody">
<div class="message-stanza plain-text-white-space">The next version should provide better failure output, though I don&#39;t
think I&#39;ve fixed the problem yet.
</div></div>
    </div>
</div>
</div>
<div class="ticket-transaction message Correspond even">
<div class="ticket-transaction">
  <div class="metadata">
    <span class="type">
      &nbsp;      
    </span>
    <span class="date">Fri&nbsp;May&nbsp;26&nbsp;13:58:05&nbsp;2006</span>
    <span class="description">Guest -  Correspondence added</span>
    <span class="time-taken"></span>    <span class="actions hidden"></span>
  </div>
    <div class="content">
      
<table>
  <tr>
    <td align="right" class="message-header-key">From:</td>
    <td class="message-header-value"> Amigoboomer</td>
  </tr>
</table>

<div class="messagebody">
<div class="message-stanza plain-text-white-space">I&#39;m getting issues building the library using VC8 cl.exe on Win32 XP 
platform with ActiveState Perl installed. When running nmake test I 
get rampant failures:

t/36invalid_local.......Can&#39;t load &#39;C:\Perl\lib\DateTime-0.31
\blib\arch/auto/DateTime/DateTime.dll&#39; for module DateTime: 
load_file:The specified module could not be found at 
C:/Perl/lib/DynaLoader.pm line 230.
 at C:/Perl/lib/DynaLoader.pm line 48
BEGIN failed--compilation aborted at C:\Perl\lib\DateTime-0.31
\blib\lib/DateTime.pm line 48.
Compilation failed in require at t/36invalid_local.t line 7.
BEGIN failed--compilation aborted at t/36invalid_local.t line 7.
t/36invalid_local.......dubious
        Test returned status 2 &#40;wstat 512, 0x200&#41;
DIED. FAILED tests 1-4
        Failed 4/4 tests, 0.00% okay

For some reason datetime.dll cant load from the build folder even 
though it exists - any suggestions &#40;other than not use Windows...&#41;?
</div></div>
    </div>
</div>
</div>
<div class="ticket-transaction message Correspond odd">
<div class="ticket-transaction">
  <div class="metadata">
    <span class="type">
      &nbsp;      
    </span>
    <span class="date">Tue&nbsp;Jun&nbsp;27&nbsp;10:14:29&nbsp;2006</span>
    <span class="description">Guest -  Correspondence added</span>
    <span class="time-taken"></span>    <span class="actions hidden"></span>
  </div>
    <div class="content">
      

<div class="messagebody">
<div class="message-stanza plain-text-white-space">On Tue Jan 31 05:53:08 2006, guest wrote:
<span
    class="message-stanza-folder closed"
    onclick="fold_message_stanza(this, 'Show\x20quoted\x20text', 'Hide\x20quoted\x20text');">Show quoted text</span><br /><div class="message-stanza closed">&gt; Hi,
&gt; I am unable to Make DateTime pm, seems like 97%+ tests are ok but at the
&gt; end i get a message
&gt; NMAKE : fatal error U1077: &#39;C:\Perl\bin\perl.exe&#39; : return code &#39;0xff&#39;
&gt; 
&gt; and make stops saying &#34;make test returned bad status, wont install
&gt; without force&#34;
&gt; 
&gt; What should we do.
&gt; Please help
&gt; 
&gt; Devender
</div></div></div>
    </div>
</div>
</div>
<div class="ticket-transaction message Correspond even">
<div class="ticket-transaction">
  <div class="metadata">
    <span class="type">
      &nbsp;      
    </span>
    <span class="date">Mon&nbsp;Aug&nbsp;07&nbsp;05:03:26&nbsp;2006</span>
    <span class="description">DROLSKY [...] cpan.org -  Correspondence added</span>
    <span class="time-taken"></span>    <span class="actions hidden"></span>
  </div>
    <div class="content">
      

<div class="messagebody">
<div class="message-stanza plain-text-white-space">On Fri May 26 13:58:05 2006, guest wrote:
<span
    class="message-stanza-folder closed"
    onclick="fold_message_stanza(this, 'Show\x20quoted\x20text', 'Hide\x20quoted\x20text');">Show quoted text</span><br /><div class="message-stanza closed">&gt; I&#39;m getting issues building the library using VC8 cl.exe on Win32 XP 
&gt; platform with ActiveState Perl installed. When running nmake test I 
&gt; get rampant failures:
&gt; 
&gt; t/36invalid_local.......Can&#39;t load &#39;C:\Perl\lib\DateTime-0.31
&gt; \blib\arch/auto/DateTime/DateTime.dll&#39; for module DateTime: 
&gt; load_file:The specified module could not be found at 
&gt; C:/Perl/lib/DynaLoader.pm line 230.
&gt;  at C:/Perl/lib/DynaLoader.pm line 48
&gt; BEGIN failed--compilation aborted at C:\Perl\lib\DateTime-0.31
&gt; \blib\lib/DateTime.pm line 48.
&gt; Compilation failed in require at t/36invalid_local.t line 7.
&gt; BEGIN failed--compilation aborted at t/36invalid_local.t line 7.
&gt; t/36invalid_local.......dubious
&gt;         Test returned status 2 &#40;wstat 512, 0x200&#41;
&gt; DIED. FAILED tests 1-4
&gt;         Failed 4/4 tests, 0.00% okay
&gt; 
&gt; For some reason datetime.dll cant load from the build folder even 
&gt; though it exists - any suggestions &#40;other than not use Windows...&#41;?
</div>
This seems unrelated to the ticket you&#39;re commenting on. Can you file a
new ticket if you&#39;re still having problems compiling on Windows with the
latest release?
</div></div>
    </div>
</div>
</div>
<div class="ticket-transaction message Correspond odd">
<div class="ticket-transaction">
  <div class="metadata">
    <span class="type">
      &nbsp;      
    </span>
    <span class="date">Mon&nbsp;Aug&nbsp;07&nbsp;05:06:27&nbsp;2006</span>
    <span class="description">DROLSKY [...] cpan.org -  Correspondence added</span>
    <span class="time-taken"></span>    <span class="actions hidden"></span>
  </div>
    <div class="content">
      

<div class="messagebody">
<div class="message-stanza plain-text-white-space">On Tue Jun 27 10:14:29 2006, guest wrote:
<span
    class="message-stanza-folder closed"
    onclick="fold_message_stanza(this, 'Show\x20quoted\x20text', 'Hide\x20quoted\x20text');">Show quoted text</span><br /><div class="message-stanza closed">&gt; On Tue Jan 31 05:53:08 2006, guest wrote:
<div class="message-stanza open">&gt; &gt; Hi,
&gt; &gt; I am unable to Make DateTime pm, seems like 97%+ tests are ok but at the
&gt; &gt; end i get a message
&gt; &gt; NMAKE : fatal error U1077: &#39;C:\Perl\bin\perl.exe&#39; : return code &#39;0xff&#39;
&gt; &gt; 
&gt; &gt; and make stops saying &#34;make test returned bad status, wont install
&gt; &gt; without force&#34;
&gt; &gt; 
&gt; &gt; What should we do.
&gt; &gt; Please help
&gt; &gt; 
&gt; &gt; Devender
</div>&gt; 
</div>
Are you still getting the same errors with 0.32? If so, please send me
the verbose output again. I changed the tests so hopefully the reason
it&#39;s failing will be clearer.
</div></div>
    </div>
</div>
</div>
<div class="ticket-transaction message Correspond even">
<div class="ticket-transaction">
  <div class="metadata">
    <span class="type">
      &nbsp;      
    </span>
    <span class="date">Sun&nbsp;Sep&nbsp;17&nbsp;14:01:07&nbsp;2006</span>
    <span class="description">link [...] redbrick.dcu.ie -  Correspondence added</span>
    <span class="time-taken"></span>    <span class="actions hidden"></span>
  </div>
    <div class="content">
      

<div class="messagebody">
<div class="message-stanza plain-text-white-space">On Mon Aug 07 05:06:27 2006, DROLSKY wrote:

<span
    class="message-stanza-folder closed"
    onclick="fold_message_stanza(this, 'Show\x20quoted\x20text', 'Hide\x20quoted\x20text');">Show quoted text</span><br /><div class="message-stanza closed">&gt; 
&gt; Are you still getting the same errors with 0.32? If so, please send me
&gt; the verbose output again. I changed the tests so hopefully the reason
&gt; it&#39;s failing will be clearer.
</div>
I am having the same problem with current cpan version &#40;0.34&#41; on windows
using activeperl 5.8.8 build 819.


C:\Perl\bin\perl.exe &#34;-MExtUtils::Command::MM&#34; &#34;-e&#34; &#34;test_harness&#40;1,
&#39;blib\lib&#39;, &#39;blib\arch&#39;&#41;&#34; t/20infinite.t
t/20infinite....1..42
ok 1 - positive infinity should be infinite
ok 2 - negative infinity should be infinite
ok 3 - positive infinity should not be finite
ok 4 - negative infinity should not be finite
ok 5 - negative infinity is really negative
ok 6 - positive infinity is really positive
ok 7 - positive infinity is bigger than negative infinity
ok 8 - infinity - normal = infinity
ok 9 - normal + infinite duration = infinity
ok 10 - normal - infinity = neg infinity
ok 11 - normal + neg infinite duration = neg infinity
not ok 12 - infinity - infinity = nan &#40;days&#41;
ok 13 - infinity - infinity = nan &#40;seconds&#41;
ok 14 - infinity - infinity = nan &#40;nanoseconds&#41;
ok 15 - infinity + normal duration = infinity
ok 16 - infinity - normal duration = infinity
ok 17 - infinity &#40;datetime&#41; == infinity &#40;number&#41;
ok 18 - neg infinity &#40;datetime&#41; == neg infinity &#40;number&#41;
ok 19 - pos year is 1.\#INF
ok 20 - neg year is 1.\#INF
ok 21 - pos month is 1.\#INF
ok 22 - neg month is 1.\#INF
ok 23 - pos day is 1.\#INF
ok 24 - neg day is 1.\#INF
ok 25 - pos hour is 1.\#INF
ok 26 - neg hour is 1.\#INF
ok 27 - pos minute is 1.\#INF
ok 28 - neg minute is 1.\#INF
ok 29 - pos second is 1.\#INF
ok 30 - neg second is 1.\#INF
ok 31 - pos microsecond is 1.\#INF
ok 32 - neg microsecond is 1.\#INF
ok 33 - pos millisecond is 1.\#INF
ok 34 - neg millisecond is 1.\#INF
ok 35 - pos nanosecond is 1.\#INF
ok 36 - neg nanosecond is 1.\#INF
ok 37 - positive infinite is greater than now
ok 38 - negative infinite is less than now
ok 39 - infinity &#40;datetime&#41; == infinity &#40;datetime&#41;
ok 40 - -infinity &#40;datetime&#41; == -infinity &#40;datetime&#41;
ok 41 - stringified infinity &#40;datetime&#41; eq infinity &#40;number&#41;
ok 42 - stringified neg infinity &#40;datetime&#41; eq neg infinity &#40;number&#41;
dubious


#   Failed test &#39;infinity - infinity = nan &#40;days&#41;&#39;
#   in t/20infinite.t at line 59.
#          got: &#39;-2147483648&#39;
#     expected: &#39;-1.#IND&#39;
# Looks like you failed 1 test of 42.
Failed 1/1 test scripts, 0.00% okay. 1/42 subtests failed, 97.62% okay.
dmake:  Error code 129, while making &#39;test_dynamic&#39;
        Test returned status 1 &#40;wstat 256, 0x100&#41;
DIED. FAILED test 12
        Failed 1/42 tests, 97.62% okay
Failed Test    Stat Wstat Total Fail  Failed  List of Failed
-------------------------------------------------------------------------------
t/20infinite.t    1   256    42    1   2.38%  12
</div></div>
    </div>
</div>
</div>
<div class="ticket-transaction basics Status odd">
<div class="ticket-transaction">
  <div class="metadata">
    <span class="type">
      &nbsp;      
    </span>
    <span class="date">Sun&nbsp;May&nbsp;18&nbsp;11:55:36&nbsp;2014</span>
    <span class="description">DROLSKY [...] cpan.org -  Status changed from &#39;open&#39; to &#39;stalled&#39;</span>
    <span class="time-taken"></span>    <span class="actions hidden"></span>
  </div>
    <div class="content">
    </div>
</div>
</div>
<div class="ticket-transaction message Correspond even">
<div class="ticket-transaction">
  <div class="metadata">
    <span class="type">
      &nbsp;      
    </span>
    <span class="date">Sat&nbsp;Nov&nbsp;12&nbsp;12:53:44&nbsp;2016</span>
    <span class="description">DROLSKY [...] cpan.org -  Correspondence added</span>
    <span class="time-taken"></span>    <span class="actions hidden"></span>
  </div>
    <div class="content">
      

<div class="messagebody">
<div class="message-stanza plain-text-white-space">Ticket migrated to GitHub as <span class="clickylink"><a target="new" rel="nofollow" href="https://github.com/houseabsolute/DateTime.pm/issues/37">https://github.com/houseabsolute/DateTime.pm/issues/37</a></span>
</div></div>
    </div>
</div>
</div>
<div class="ticket-transaction basics Status odd">
<div class="ticket-transaction">
  <div class="metadata">
    <span class="type">
      &nbsp;      
    </span>
    <span class="date">Sat&nbsp;Nov&nbsp;12&nbsp;12:53:44&nbsp;2016</span>
    <span class="description">The RT System itself -  Status changed from &#39;stalled&#39; to &#39;open&#39;</span>
    <span class="time-taken"></span>    <span class="actions hidden"></span>
  </div>
    <div class="content">
    </div>
</div>
</div>
<div class="ticket-transaction basics Status even">
<div class="ticket-transaction">
  <div class="metadata">
    <span class="type">
      &nbsp;      
    </span>
    <span class="date">Sat&nbsp;Nov&nbsp;12&nbsp;12:53:50&nbsp;2016</span>
    <span class="description">DROLSKY [...] cpan.org -  Status changed from &#39;open&#39; to &#39;resolved&#39;</span>
    <span class="time-taken"></span>    <span class="actions hidden"></span>
  </div>
    <div class="content">
    </div>
</div>
</div>
</div>
    <hr class="clear" />
  </div>
</div>




</div>
 


  <hr class="clear" />
</div>
</body>
</html>
