<!DOCTYPE html>

<html lang="en">
  <head>
    <title>Bug #120776 for Test-postgresql: Test failure</title>
    <meta http-equiv="X-UA-Compatible" content="IE=edge" />
    <!-- The X-UA-Compatible <meta> tag above must be very early in <head> -->

    <script>
if (window.top !== window.self) {
    document.write = "";

    window.top.location = window.self.location;

    setTimeout(function(){
        document.body.innerHTML = "";
    }, 1);

    window.self.onload = function(){
        document.body.innerHTML = "";
    };
}
</script>



<link rel="shortcut icon" href="/NoAuth/images/favicon.png" type="image/png" />
<link rel="stylesheet" href="/NoAuth/css/aileron-squished-00f758259152f8b6670ee485f462e6b8.css" type="text/css" media="all" />
<link rel="stylesheet" href="/NoAuth/css/print.css" type="text/css" media="print" />




<script type="text/javascript" src="/NoAuth/js/squished-42167f2409ce368da2d31038e5cb2a57.js"></script>

<script type="text/javascript"><!--
	jQuery( loadTitleBoxStates );

--></script>


<!--[if lt IE 8]>
<link rel="stylesheet" href="/NoAuth/css/aileron/msie.css" type="text/css" media="all" />
<![endif]-->
<!--[if lt IE 7]>
<link rel="stylesheet" href="/NoAuth/css/aileron/msie6.css" type="text/css" media="all" />
<![endif]-->
<script type="text/javascript">
jQuery(document).ready(function(){
    jQuery.fn.supersubs.defaults = {
        maxWidth: 30,
        extraWidth: 2
    };

    jQuery("#app-nav.toplevel").addClass('sf-menu sf-js-enabled sf-shadow').supersubs().superfish({ speed: 'fast' });
    jQuery("#page-menu.toplevel").addClass('sf-menu sf-js-enabled').supersubs().superfish({ dropShadows: false, speed: 'fast' }).supposition();
});
</script>


<!-- Site CSS from theme editor -->
<style type="text/css" media="all" id="sitecss">
</style>

<meta name="google-site-verification" content="kD3-uEJK1AkTqaC-rckcSt_HPkAj674DPPuEN6i-y0g" />

</head>
  <body class="aileron sidebyside" id="comp-Public-Bug-Display">

<div id="logo">
<a href="https://rt.cpan.org/"><img
    src="/NoAuth/images/cpan.png"
    alt="CPAN"
    width="181"
    height="38" /></a>
    <span class="rtname">RT for rt.cpan.org</span>
</div>


<div id="quickbar">
  <div id="quick-personal">
    <span class="hide"><a href="#skipnav">Skip Menu</a> | </span>
</div>

</div>
<div id="header"><h1>Bug #120776 for Test-postgresql: Test failure</h1></div>


<div id="main-navigation"><ul id="app-nav" class="toplevel">
 <li id="li-search_dist"><a id="search_dist" class="menu-item " href="/Public/">Search Distributions</a></li>
 <li id="li-browse_dist"><a id="browse_dist" class="menu-item " href="/Public/Dist/Browse.html">Browse Distributions</a></li>
 <li id="li-about" class="has-children"><a id="about" class="menu-item " href="/NoAuth/RT/CPAN/About.html">About rt.cpan.org</a>
 <ul>
  <li id="li-about-usage"><a id="about-usage" class="menu-item " href="/NoAuth/RT/CPAN/Usage.html">How do Iâ€¦?</a></li>
  <li id="li-about-about"><a id="about-about" class="menu-item " href="/NoAuth/RT/CPAN/About.html">About</a></li>
 </ul>
 </li>
 <li id="li-preferences"><a id="preferences" class="menu-item ">Welcome <span class="current-user">anonymous guest</span>.</a></li>
 <li id="li-login"><a id="login" class="menu-item " href="/NoAuth/Logout.html">Login as another user</a></li>
</ul></div>
<div id="page-navigation"><ul id="page-menu" class="toplevel">
 <li id="li-page-active_bugs"><a id="page-active_bugs" class="menu-item " href="/Public/Dist/Display.html?Status=Active;Name=Test-postgresql">Active bugs</a></li>
 <li id="li-page-resolved_bugs"><a id="page-resolved_bugs" class="menu-item " href="/Public/Dist/Display.html?Status=Resolved;Name=Test-postgresql">Resolved bugs</a></li>
 <li id="li-page-rejected_bugs"><a id="page-rejected_bugs" class="menu-item " href="/Public/Dist/Display.html?Status=Rejected;Name=Test-postgresql">Rejected bugs</a></li>
 <li id="li-page-report"><a id="page-report" class="menu-item " href="/Public/Bug/Report.html?Queue=Test-postgresql">Report a new bug</a></li>
</ul></div>
<div id="topactions"><form action="/Public/Search/Simple.html" id="simple-search">
  <input size="12" name="q" accesskey="0" class="field" value="" placeholder="Search..." />
</form>

<form action="/Public/Bug/Report.html" name="CreateTicketInQueue" id="CreateTicketInQueue" >
<input type="submit" class="button" value="New ticket in" />&nbsp;<label accesskey="9">
  <input name="Queue" size="25" placeholder="Module or distribution" value="" class="select-queue" data-autocomplete="Queues" data-autocomplete-autosubmit=1 data-autocomplete-params="right=CreateTicket" />

</label>

</form>

</div>
<div id="body">
<div id="announcement" style="padding: 1em; margin: 1em; border: solid black 1px; background: #eee">
<a href="https://log.perl.org/2020/12/rtcpanorg-sunset.html">rt.cpan.org will be shut down on March 1st, 2021.</a>
</div>

<a name="skipnav" id="skipnav" accesskey="8"></a>





<p>This queue is for tickets about the <a href="https://metacpan.org/release/Test-postgresql">Test-postgresql CPAN distribution</a>.</p>





<div class="">
  <div class="titlebox" id="">
  <div class="titlebox-title">
    <span class="widget"><a href="#" onclick="return rollup('TitleBox\x2D\x2D\x5FPublic\x5FBug\x5FDisplay\x5Fhtml\x2D\x2D\x2D\x2D\x2D\x2DUmVwb3J0IGluZm9ybWF0aW9u\x2D\x2D\x2D0');" title="Toggle visibility"></a></span>
    <span class="left">Report information</span>
    <span class="right-empty">		    </span>
  </div>
  <div class="titlebox-content " id="TitleBox--_Public_Bug_Display_html------UmVwb3J0IGluZm9ybWF0aW9u---0">


<table width="100%" class="ticket-summary">
<tr>
  <td valign="top" class="boxcontainer">
    <div class="ticket-info-basics">
  <div class="titlebox ticket-info-basics " id="">
  <div class="titlebox-title">
    <span class="widget"><a href="#" onclick="return rollup('TitleBox\x2D\x2D\x5FPublic\x5FBug\x5FDisplay\x5Fhtml\x2D\x2Dticket\x2Dinfo\x2Dbasics\x2D\x2D\x2D\x2DVGhlIEJhc2ljcw\x5F\x5F\x2D\x2D\x2D0');" title="Toggle visibility"></a></span>
    <span class="left">The Basics</span>
    <span class="right-empty">		    </span>
  </div>
  <div class="titlebox-content " id="TitleBox--_Public_Bug_Display_html--ticket-info-basics----VGhlIEJhc2ljcw__---0">


        <table>
  <tr class="id">
    <td class="label">Id:</td>
    <td class="value">120776</td>
  </tr>
  <tr class="status">
    <td class="label">Status:</td>
    <td class="value">resolved</td>
  </tr>
  <tr class="priority">
    <td class="label">Priority:</td>
    <td class="value">0/
</td>
  </tr>
  <tr class="queue">
    <td class="label">Queue:</td>
    <td class="value"><a href="/Dist/Display.html?Queue=Test-postgresql">Test-postgresql</a>
</td>
  </tr>
</table>

        <hr class="clear" />
  </div>
</div>




</div>


    <div class="ticket-info-people">
  <div class="titlebox ticket-info-people " id="">
  <div class="titlebox-title">
    <span class="widget"><a href="#" onclick="return rollup('TitleBox\x2D\x2D\x5FPublic\x5FBug\x5FDisplay\x5Fhtml\x2D\x2Dticket\x2Dinfo\x2Dpeople\x2D\x2D\x2D\x2DUGVvcGxl\x2D\x2D\x2D0');" title="Toggle visibility"></a></span>
    <span class="left">People</span>
    <span class="right-empty">		    </span>
  </div>
  <div class="titlebox-content " id="TitleBox--_Public_Bug_Display_html--ticket-info-people----UGVvcGxl---0">


        <table>
  <tr>
    <td class="label">Owner:</td>
    <td class="value">TJC [...] cpan.org
    
    </td>
  </tr>
  <tr>
    <td class="labeltop">Requestors:</td>
    <td class="value">
sjors [...] sjorsgielen.nl

<br />

</td>
  </tr>
  <tr>
    <td class="labeltop">Cc:</td>
    <td class="value">

</td>
  </tr>
  <tr>
    <td class="labeltop">AdminCc:</td>
    <td class="value">

</td>
  </tr>
</table>

        <hr class="clear" />
  </div>
</div>




</div>



  </td>
  <td valign="top" class="boxcontainer">
    
    <div class="ticket-info-cfs">
  <div class="titlebox ticket-info-cfs " id="">
  <div class="titlebox-title">
    <span class="widget"><a href="#" onclick="return rollup('TitleBox\x2D\x2D\x5FPublic\x5FBug\x5FDisplay\x5Fhtml\x2D\x2Dticket\x2Dinfo\x2Dcfs\x2D\x2D\x2D\x2DQnVnIEluZm9ybWF0aW9u\x2D\x2D\x2D0');" title="Toggle visibility"></a></span>
    <span class="left">Bug Information</span>
    <span class="right-empty">		    </span>
  </div>
  <div class="titlebox-content " id="TitleBox--_Public_Bug_Display_html--ticket-info-cfs----QnVnIEluZm9ybWF0aW9u---0">

 
        <table>
  <tr id="CF-1-ShowRow">
    <td class="label">Severity:</td>
    <td class="value">
<i>(no value)</i>
    </td>
  </tr>
  <tr id="CF-228926-ShowRow">
    <td class="label">Broken in:</td>
    <td class="value">
<i>(no value)</i>
    </td>
  </tr>
  <tr id="CF-228927-ShowRow">
    <td class="label">Fixed in:</td>
    <td class="value">
<i>(no value)</i>
    </td>
  </tr>
</table>


        <hr class="clear" />
  </div>
</div>




</div>


    




  </td>
</tr>
</table>

    <hr class="clear" />
  </div>
</div>




</div>


<br />


<div class="history">
<div class="titlebox" id="">
  <div class="titlebox-title">
    <span class="widget"><a href="#" onclick="return rollup('TitleBox\x2D\x2D\x5FPublic\x5FBug\x5FDisplay\x5Fhtml\x2D\x2D\x2D\x2D\x2D\x2DSGlzdG9yeQ\x5F\x5F\x2D\x2D\x2D0');" title="Toggle visibility"></a></span>
    <span class="left">History</span>
    <span class="right">		<a href="#" data-direction="open" onclick="return toggle_all_folds(this, 'Show\x20all\x20quoted\x20text', 'Hide\x20all\x20quoted\x20text');">Show all quoted text</a> &mdash; <a href="/Public/Bug/Display.html?ShowHeaders=1;id=120776">Show full headers</a>    </span>
  </div>
  <div class="titlebox-content " id="TitleBox--_Public_Bug_Display_html------SGlzdG9yeQ__---0">


<div id="ticket-history">
<div class="ticket-transaction message Create odd">
<div class="ticket-transaction">
  <div class="metadata">
    <span class="type">
      <a name="txn-1712804" href="/Public/Bug/Display.html?id=120776#txn-1712804">#</a>      
    </span>
    <span class="date">Tue&nbsp;Mar&nbsp;28&nbsp;09:00:52&nbsp;2017</span>
    <span class="description">sjors [...] sjorsgielen.nl -  Ticket created</span>
    <span class="time-taken"></span>    <span class="actions hidden"></span>
  </div>
    <div class="content">
      
<table>
  <tr>
    <td align="right" class="message-header-key">Subject:</td>
    <td class="message-header-value"> Test failure</td>
  </tr>
  <tr>
    <td align="right" class="message-header-key">Date:</td>
    <td class="message-header-value"> Tue, 28 Mar 2017 12:59:51 +0000</td>
  </tr>
  <tr>
    <td align="right" class="message-header-key">To:</td>
    <td class="message-header-value"> bug-Test-postgresql [...] rt.cpan.org</td>
  </tr>
  <tr>
    <td align="right" class="message-header-key">From:</td>
    <td class="message-header-value"> Sjors Gielen &lt;sjors [...] sjorsgielen.nl&gt;</td>
  </tr>
</table>
<div class="messageattachments">
<div class="downloadattachment">
<a href="/Ticket/Attachment/1712804/920262/">Download &#40;untitled&#41;</a> / <a href="/Ticket/Attachment/WithHeaders/920262">with headers</a>
<br />
<span class="downloadcontenttype">text/plain 4k</span>
</div>
<div class="messagebody">
<div class="message-stanza plain-text-white-space">I&#39;m trying to install Test::PostgreSQL 1.21 on Ubuntu 16.04 &#40;Perl 5.22.1
with 58 registered patches&#41; using CPAN, and getting the following errors
during the &#39;make test&#39; step:

  TJC/Test-PostgreSQL-1.21.tar.gz
  Has already been unwrapped into directory
/home/sjors/.local/share/.cpan/build/Test-PostgreSQL-1.21-76hWTd
  TJC/Test-PostgreSQL-1.21.tar.gz
  Has already been prepared
Running make for T/TJ/TJC/Test-PostgreSQL-1.21.tar.gz
cp lib/Test/PostgreSQL.pm blib/lib/Test/PostgreSQL.pm
Manifying 1 pod document
  TJC/Test-PostgreSQL-1.21.tar.gz
  /usr/bin/make -- OK
Running make test
PERL_DL_NONLAZY=1 &#34;/usr/bin/perl&#34; &#34;-MExtUtils::Command::MM&#34;
&#34;-MTest::Harness&#34; &#34;-e&#34; &#34;undef *Test::Harness::Switches; test_harness&#40;0,
&#39;inc&#39;, &#39;blib/lib&#39;, &#39;blib/arch&#39;&#41;&#34; t/*.t
t/00-base.t .......... 1/1
#   Failed test &#39;use Test::PostgreSQL;&#39;
#   at t/00-base.t line 6.
#     Tried to use &#39;Test::PostgreSQL&#39;.
#     Error:  In method _build_initdb_args: I was expecting a parameter
list, not &#34;{&#34; at
/home/sjors/.local/share/.cpan/build/Test-PostgreSQL-1.21-76hWTd/blib/lib/Test/PostgreSQL.pm
line 109.
# Compilation failed in require at t/00-base.t line 6.
# BEGIN failed--compilation aborted at t/00-base.t line 6.
# Looks like you failed 1 test of 1.
t/00-base.t .......... Dubious, test returned 1 &#40;wstat 256, 0x100&#41;
Failed 1/1 subtests
t/01-raii.t .......... In method _build_initdb_args: I was expecting a
parameter list, not &#34;{&#34; at
/home/sjors/.local/share/.cpan/build/Test-PostgreSQL-1.21-76hWTd/blib/lib/Test/PostgreSQL.pm
line 109.
Compilation failed in require at t/01-raii.t line 6.
BEGIN failed--compilation aborted at t/01-raii.t line 6.
t/01-raii.t .......... Dubious, test returned 2 &#40;wstat 512, 0x200&#41;
No subtests run
t/02-multi.t ......... In method _build_initdb_args: I was expecting a
parameter list, not &#34;{&#34; at
/home/sjors/.local/share/.cpan/build/Test-PostgreSQL-1.21-76hWTd/blib/lib/Test/PostgreSQL.pm
line 109.
Compilation failed in require at t/02-multi.t line 6.
BEGIN failed--compilation aborted at t/02-multi.t line 6.
t/02-multi.t ......... Dubious, test returned 2 &#40;wstat 512, 0x200&#41;
No subtests run
t/04-multiprocess.t .. In method _build_initdb_args: I was expecting a
parameter list, not &#34;{&#34; at
/home/sjors/.local/share/.cpan/build/Test-PostgreSQL-1.21-76hWTd/blib/lib/Test/PostgreSQL.pm
line 109.
Compilation failed in require at t/04-multiprocess.t line 6.
BEGIN failed--compilation aborted at t/04-multiprocess.t line 6.
t/04-multiprocess.t .. Dubious, test returned 2 &#40;wstat 512, 0x200&#41;
No subtests run
t/deadlock.t ......... In method _build_initdb_args: I was expecting a
parameter list, not &#34;{&#34; at
/home/sjors/.local/share/.cpan/build/Test-PostgreSQL-1.21-76hWTd/blib/lib/Test/PostgreSQL.pm
line 109.
Compilation failed in require at t/deadlock.t line 5.
BEGIN failed--compilation aborted at t/deadlock.t line 5.
t/deadlock.t ......... Dubious, test returned 2 &#40;wstat 512, 0x200&#41;
No subtests run
t/pod.t .............. skipped: Test::Pod 1.14 required

Test Summary Report
-------------------
t/00-base.t        &#40;Wstat: 256 Tests: 1 Failed: 1&#41;
  Failed test:  1
  Non-zero exit status: 1
t/01-raii.t        &#40;Wstat: 512 Tests: 0 Failed: 0&#41;
  Non-zero exit status: 2
  Parse errors: No plan found in TAP output
t/02-multi.t       &#40;Wstat: 512 Tests: 0 Failed: 0&#41;
  Non-zero exit status: 2
  Parse errors: No plan found in TAP output
t/04-multiprocess.t &#40;Wstat: 512 Tests: 0 Failed: 0&#41;
  Non-zero exit status: 2
  Parse errors: No plan found in TAP output
t/deadlock.t       &#40;Wstat: 512 Tests: 0 Failed: 0&#41;
  Non-zero exit status: 2
  Parse errors: No plan found in TAP output
Files=6, Tests=1,  1 wallclock secs &#40; 0.02 usr  0.00 sys +  0.30 cusr  0.02
csys =  0.34 CPU&#41;
Result: FAIL
Failed 5/6 test programs. 1/1 subtests failed.
Makefile:752: recipe for target &#39;test_dynamic&#39; failed
make: *** [test_dynamic] Error 255
  TJC/Test-PostgreSQL-1.21.tar.gz
  /usr/bin/make test -- NOT OK
//hint// to see the cpan-testers results for installing this module, try:
  reports TJC/Test-PostgreSQL-1.21.tar.gz
Failed during this command:
 TJC/Test-PostgreSQL-1.21.tar.gz              : make_test NO
</div></div>
<div class="downloadattachment">
<a href="/Ticket/Attachment/1712804/920263/">Download &#40;untitled&#41;</a> / <a href="/Ticket/Attachment/WithHeaders/920263">with headers</a>
<br />
<span class="downloadcontenttype">text/html 4.4k</span>
</div>
<div class="messagebody">
</div>
</div>
    </div>
</div>
</div>
<div class="ticket-transaction message Correspond even">
<div class="ticket-transaction">
  <div class="metadata">
    <span class="type">
      <a name="txn-1712807" href="/Public/Bug/Display.html?id=120776#txn-1712807">#</a>      
    </span>
    <span class="date">Tue&nbsp;Mar&nbsp;28&nbsp;09:05:30&nbsp;2017</span>
    <span class="description">sjors [...] sjorsgielen.nl -  Correspondence added</span>
    <span class="time-taken"></span>    <span class="actions hidden"></span>
  </div>
    <div class="content">
      
<table>
  <tr>
    <td align="right" class="message-header-key">Subject:</td>
    <td class="message-header-value"> Re: [rt.cpan.org #120776] AutoReply: Test failure</td>
  </tr>
  <tr>
    <td align="right" class="message-header-key">Date:</td>
    <td class="message-header-value"> Tue, 28 Mar 2017 13:04:50 +0000</td>
  </tr>
  <tr>
    <td align="right" class="message-header-key">To:</td>
    <td class="message-header-value"> bug-Test-postgresql [...] rt.cpan.org</td>
  </tr>
  <tr>
    <td align="right" class="message-header-key">From:</td>
    <td class="message-header-value"> Sjors Gielen &lt;sjors [...] sjorsgielen.nl&gt;</td>
  </tr>
</table>
<div class="messageattachments">
<div class="downloadattachment">
<a href="/Ticket/Attachment/1712807/920267/">Download &#40;untitled&#41;</a> / <a href="/Ticket/Attachment/WithHeaders/920267">with headers</a>
<br />
<span class="downloadcontenttype">text/plain 5.6k</span>
</div>
<div class="messagebody">
<div class="message-stanza plain-text-white-space">The following patch fixes the issue:

---
/home/sjors/.local/share/.cpan/build/Test-PostgreSQL-1.21-76hWTd/blib/lib/Test/PostgreSQL.pm
2017-03-28 15:04:25.479221432 +0200
+++
/home/sjors/.local/share/.cpan/build/Test-PostgreSQL-1.21-bj8Nj8/blib/lib/Test/PostgreSQL.pm
2017-03-28 15:03:04.686786352 +0200
@@ -106,7 +106,7 @@
   isa =&gt; Str,
 &#41;;

-method _build_initdb_args {
+method _build_initdb_args &#40;&#41; {
     return &#34;-U postgres -A trust &#34; . $self-&gt;extra_initdb_args;
 }

@@ -175,7 +175,7 @@
   isa =&gt; Str,
 &#41;;

-method _build_postmaster_args {
+method _build_postmaster_args &#40;&#41; {
     return &#34;-h 127.0.0.1 -F &#34; . $self-&gt;extra_postmaster_args;
 }



Op di 28 mrt. 2017 om 15:01 schreef Bugs in Test-postgresql via RT &lt;
bug-Test-postgresql@rt.cpan.org&gt;:

<span
    class="message-stanza-folder closed"
    onclick="fold_message_stanza(this, 'Show\x20quoted\x20text', 'Hide\x20quoted\x20text');">Show quoted text</span><br /><div class="message-stanza closed">&gt;
&gt; Greetings,
&gt;
&gt; This message has been automatically generated in response to the
&gt; creation of a trouble ticket regarding:
&gt;         &#34;Test failure&#34;,
&gt; a summary of which appears below.
&gt;
&gt; There is no need to reply to this message right now.  Your ticket has been
&gt; assigned an ID of [rt.cpan.org #120776].  Your ticket is accessible
&gt; on the web at:
&gt;
&gt;     <span class="clickylink"><a target="new" rel="nofollow" href="https://rt.cpan.org/Ticket/Display.html?id=120776">https://rt.cpan.org/Ticket/Display.html?id=120776</a></span>
&gt;
&gt; Please include the string:
&gt;
&gt;          [rt.cpan.org #120776]
&gt;
&gt; in the subject line of all future correspondence about this issue. To do
&gt; so,
&gt; you may reply to this message.
&gt;
&gt;                         Thank you,
&gt;                         bug-Test-postgresql@rt.cpan.org
&gt;
&gt; -------------------------------------------------------------------------
&gt; I&#39;m trying to install Test::PostgreSQL 1.21 on Ubuntu 16.04 &#40;Perl 5.22.1
&gt; with 58 registered patches&#41; using CPAN, and getting the following errors
&gt; during the &#39;make test&#39; step:
&gt;
&gt;   TJC/Test-PostgreSQL-1.21.tar.gz
&gt;   Has already been unwrapped into directory
&gt; /home/sjors/.local/share/.cpan/build/Test-PostgreSQL-1.21-76hWTd
&gt;   TJC/Test-PostgreSQL-1.21.tar.gz
&gt;   Has already been prepared
&gt; Running make for T/TJ/TJC/Test-PostgreSQL-1.21.tar.gz
&gt; cp lib/Test/PostgreSQL.pm blib/lib/Test/PostgreSQL.pm
&gt; Manifying 1 pod document
&gt;   TJC/Test-PostgreSQL-1.21.tar.gz
&gt;   /usr/bin/make -- OK
&gt; Running make test
&gt; PERL_DL_NONLAZY=1 &#34;/usr/bin/perl&#34; &#34;-MExtUtils::Command::MM&#34;
&gt; &#34;-MTest::Harness&#34; &#34;-e&#34; &#34;undef *Test::Harness::Switches; test_harness&#40;0,
&gt; &#39;inc&#39;, &#39;blib/lib&#39;, &#39;blib/arch&#39;&#41;&#34; t/*.t
&gt; t/00-base.t .......... 1/1
&gt; #   Failed test &#39;use Test::PostgreSQL;&#39;
&gt; #   at t/00-base.t line 6.
&gt; #     Tried to use &#39;Test::PostgreSQL&#39;.
&gt; #     Error:  In method _build_initdb_args: I was expecting a parameter
&gt; list, not &#34;{&#34; at
&gt;
&gt; /home/sjors/.local/share/.cpan/build/Test-PostgreSQL-1.21-76hWTd/blib/lib/Test/PostgreSQL.pm
&gt; line 109.
&gt; # Compilation failed in require at t/00-base.t line 6.
&gt; # BEGIN failed--compilation aborted at t/00-base.t line 6.
&gt; # Looks like you failed 1 test of 1.
&gt; t/00-base.t .......... Dubious, test returned 1 &#40;wstat 256, 0x100&#41;
&gt; Failed 1/1 subtests
&gt; t/01-raii.t .......... In method _build_initdb_args: I was expecting a
&gt; parameter list, not &#34;{&#34; at
&gt;
&gt; /home/sjors/.local/share/.cpan/build/Test-PostgreSQL-1.21-76hWTd/blib/lib/Test/PostgreSQL.pm
&gt; line 109.
&gt; Compilation failed in require at t/01-raii.t line 6.
&gt; BEGIN failed--compilation aborted at t/01-raii.t line 6.
&gt; t/01-raii.t .......... Dubious, test returned 2 &#40;wstat 512, 0x200&#41;
&gt; No subtests run
&gt; t/02-multi.t ......... In method _build_initdb_args: I was expecting a
&gt; parameter list, not &#34;{&#34; at
&gt;
&gt; /home/sjors/.local/share/.cpan/build/Test-PostgreSQL-1.21-76hWTd/blib/lib/Test/PostgreSQL.pm
&gt; line 109.
&gt; Compilation failed in require at t/02-multi.t line 6.
&gt; BEGIN failed--compilation aborted at t/02-multi.t line 6.
&gt; t/02-multi.t ......... Dubious, test returned 2 &#40;wstat 512, 0x200&#41;
&gt; No subtests run
&gt; t/04-multiprocess.t .. In method _build_initdb_args: I was expecting a
&gt; parameter list, not &#34;{&#34; at
&gt;
&gt; /home/sjors/.local/share/.cpan/build/Test-PostgreSQL-1.21-76hWTd/blib/lib/Test/PostgreSQL.pm
&gt; line 109.
&gt; Compilation failed in require at t/04-multiprocess.t line 6.
&gt; BEGIN failed--compilation aborted at t/04-multiprocess.t line 6.
&gt; t/04-multiprocess.t .. Dubious, test returned 2 &#40;wstat 512, 0x200&#41;
&gt; No subtests run
&gt; t/deadlock.t ......... In method _build_initdb_args: I was expecting a
&gt; parameter list, not &#34;{&#34; at
&gt;
&gt; /home/sjors/.local/share/.cpan/build/Test-PostgreSQL-1.21-76hWTd/blib/lib/Test/PostgreSQL.pm
&gt; line 109.
&gt; Compilation failed in require at t/deadlock.t line 5.
&gt; BEGIN failed--compilation aborted at t/deadlock.t line 5.
&gt; t/deadlock.t ......... Dubious, test returned 2 &#40;wstat 512, 0x200&#41;
&gt; No subtests run
&gt; t/pod.t .............. skipped: Test::Pod 1.14 required
&gt;
&gt; Test Summary Report
&gt; -------------------
&gt; t/00-base.t        &#40;Wstat: 256 Tests: 1 Failed: 1&#41;
&gt;   Failed test:  1
&gt;   Non-zero exit status: 1
&gt; t/01-raii.t        &#40;Wstat: 512 Tests: 0 Failed: 0&#41;
&gt;   Non-zero exit status: 2
&gt;   Parse errors: No plan found in TAP output
&gt; t/02-multi.t       &#40;Wstat: 512 Tests: 0 Failed: 0&#41;
&gt;   Non-zero exit status: 2
&gt;   Parse errors: No plan found in TAP output
&gt; t/04-multiprocess.t &#40;Wstat: 512 Tests: 0 Failed: 0&#41;
&gt;   Non-zero exit status: 2
&gt;   Parse errors: No plan found in TAP output
&gt; t/deadlock.t       &#40;Wstat: 512 Tests: 0 Failed: 0&#41;
&gt;   Non-zero exit status: 2
&gt;   Parse errors: No plan found in TAP output
&gt; Files=6, Tests=1,  1 wallclock secs &#40; 0.02 usr  0.00 sys +  0.30 cusr  0.02
&gt; csys =  0.34 CPU&#41;
&gt; Result: FAIL
&gt; Failed 5/6 test programs. 1/1 subtests failed.
&gt; Makefile:752: recipe for target &#39;test_dynamic&#39; failed
&gt; make: *** [test_dynamic] Error 255
&gt;   TJC/Test-PostgreSQL-1.21.tar.gz
&gt;   /usr/bin/make test -- NOT OK
&gt; //hint// to see the cpan-testers results for installing this module, try:
&gt;   reports TJC/Test-PostgreSQL-1.21.tar.gz
&gt; Failed during this command:
&gt;  TJC/Test-PostgreSQL-1.21.tar.gz              : make_test NO
&gt;
</div></div></div>
<div class="downloadattachment">
<a href="/Ticket/Attachment/1712807/920268/">Download &#40;untitled&#41;</a> / <a href="/Ticket/Attachment/WithHeaders/920268">with headers</a>
<br />
<span class="downloadcontenttype">text/html 9k</span>
</div>
<div class="messagebody">
</div>
</div>
    </div>
</div>
</div>
<div class="ticket-transaction people Set odd">
<div class="ticket-transaction">
  <div class="metadata">
    <span class="type">
      <a name="txn-1713169" href="/Public/Bug/Display.html?id=120776#txn-1713169">#</a>      
    </span>
    <span class="date">Wed&nbsp;Mar&nbsp;29&nbsp;19:21:56&nbsp;2017</span>
    <span class="description">TJC [...] cpan.org -  Taken</span>
    <span class="time-taken"></span>    <span class="actions hidden"></span>
  </div>
    <div class="content">
    </div>
</div>
</div>
<div class="ticket-transaction message Correspond even">
<div class="ticket-transaction">
  <div class="metadata">
    <span class="type">
      <a name="txn-1713170" href="/Public/Bug/Display.html?id=120776#txn-1713170">#</a>      
    </span>
    <span class="date">Wed&nbsp;Mar&nbsp;29&nbsp;19:22:13&nbsp;2017</span>
    <span class="description">TJC [...] cpan.org -  Correspondence added</span>
    <span class="time-taken"></span>    <span class="actions hidden"></span>
  </div>
    <div class="content">
      
<div class="downloadattachment">
<a href="/Ticket/Attachment/1713170/920521/">Download &#40;untitled&#41;</a> / <a href="/Ticket/Attachment/WithHeaders/920521">with headers</a>
<br />
<span class="downloadcontenttype">text/plain 62b</span>
</div>
<div class="messagebody">
<div class="message-stanza plain-text-white-space">This is due to an upstream module change, Function::Parameters
</div></div>
    </div>
</div>
</div>
<div class="ticket-transaction basics Status odd">
<div class="ticket-transaction">
  <div class="metadata">
    <span class="type">
      <a name="txn-1713171" href="/Public/Bug/Display.html?id=120776#txn-1713171">#</a>      
    </span>
    <span class="date">Wed&nbsp;Mar&nbsp;29&nbsp;19:22:14&nbsp;2017</span>
    <span class="description">The RT System itself -  Status changed from &#39;new&#39; to &#39;open&#39;</span>
    <span class="time-taken"></span>    <span class="actions hidden"></span>
  </div>
    <div class="content">
    </div>
</div>
</div>
<div class="ticket-transaction message Correspond even">
<div class="ticket-transaction">
  <div class="metadata">
    <span class="type">
      <a name="txn-1713174" href="/Public/Bug/Display.html?id=120776#txn-1713174">#</a>      
    </span>
    <span class="date">Wed&nbsp;Mar&nbsp;29&nbsp;19:27:20&nbsp;2017</span>
    <span class="description">TJC [...] cpan.org -  Correspondence added</span>
    <span class="time-taken"></span>    <span class="actions hidden"></span>
  </div>
    <div class="content">
      
<div class="downloadattachment">
<a href="/Ticket/Attachment/1713174/920524/">Download &#40;untitled&#41;</a> / <a href="/Ticket/Attachment/WithHeaders/920524">with headers</a>
<br />
<span class="downloadcontenttype">text/plain 77b</span>
</div>
<div class="messagebody">
<div class="message-stanza plain-text-white-space">This is fixed in 1.22, which is uploading to CPAN now.

Thanks for the patch!
</div></div>
    </div>
</div>
</div>
<div class="ticket-transaction basics Status odd">
<div class="ticket-transaction">
  <div class="metadata">
    <span class="type">
      <a name="txn-1713177" href="/Public/Bug/Display.html?id=120776#txn-1713177">#</a>      
    </span>
    <span class="date">Wed&nbsp;Mar&nbsp;29&nbsp;19:27:31&nbsp;2017</span>
    <span class="description">TJC [...] cpan.org -  Status changed from &#39;open&#39; to &#39;resolved&#39;</span>
    <span class="time-taken"></span>    <span class="actions hidden"></span>
  </div>
    <div class="content">
    </div>
</div>
</div>
</div>
    <hr class="clear" />
  </div>
</div>




</div>
 


  <hr class="clear" />
</div>
<p id="sponsors">
  This service is sponsored and maintained by
  <a href="http://bestpractical.com">Best Practical Solutions</a> and runs on
  <a href="http://noc.perl.org">Perl.org</a> infrastructure.
</p>

<p id="contact-info">
  Please report any issues with rt.cpan.org to <a href="mailto:rt-cpan-admin@bestpractical.com">rt-cpan-admin@bestpractical.com</a>.
</p>

<script>
  (function(i,s,o,g,r,a,m){i['GoogleAnalyticsObject']=r;i[r]=i[r]||function(){
  (i[r].q=i[r].q||[]).push(arguments)},i[r].l=1*new Date();a=s.createElement(o),
  m=s.getElementsByTagName(o)[0];a.async=1;a.src=g;m.parentNode.insertBefore(a,m)
  })(window,document,'script','//www.google-analytics.com/analytics.js','ga');

  ga('create', 'UA\x2D937849\x2D12');
  ga('send', 'pageview');
</script>

<div id="footer">
  <p id="time"><span>Time to display: 0.382382</span></p>
  <p id="bpscredits"><span>&#187;&#124;&#171; RT 4.0.18 Copyright 1996-2013 <a href="http://www.bestpractical.com?rt=4.0.18">Best Practical Solutions, LLC</a>.
</span></p>
</div>
  </body>
</html>
