t/08cache.......1..4
ok 1 - got output
not ok 2 - output matches

#   Failed test 'output matches'
#   in t/08cache.t at line 18.
# +---+------------------------------------+------------------------------------+
# | Ln|Got                                 |Expected                            |
# +---+------------------------------------+------------------------------------+
# |  1|use Test::More tests=>0;            |use Test::More tests=>0;            |
# |  2|use Test::WWW::Simple;              |use Test::WWW::Simple;              |
# |  3|use strict;                         |use strict;                         |
# |  4|                                    |                                    |
# |  5|my @accent;                         |my @accent;                         |
# |  6|mech->agent_alias('Windows IE 6');  |mech->agent_alias('Windows IE 6');  |
# *  7|mech()->cache();                    |cache();                            *
# |  8|                                    |                                    |
# +---+------------------------------------+------------------------------------+

#   Failed test 'output matches'
#   in t/08cache.t at line 32.
# +---+------------------------------------+------------------------------------+
# | Ln|Got                                 |Expected                            |
# +---+------------------------------------+------------------------------------+
# |  1|use Test::More tests=>0;            |use Test::More tests=>0;            |
# |  2|use Test::WWW::Simple;              |use Test::WWW::Simple;              |
# |  3|use strict;                         |use strict;                         |
# |  4|                                    |                                    |
# |  5|my @accent;                         |my @accent;                         |
# |  6|mech->agent_alias('Windows IE 6');  |mech->agent_alias('Windows IE 6');  |
# *  7|mech()->nocache();                  |no_cache();                         *
# |  8|                                    |                                    |
# +---+------------------------------------+------------------------------------+
# Looks like you failed 2 tests of 4.
ok 3 - got output
not ok 4 - output matches
dubious
	Test returned status 2 (wstat 512, 0x200)
DIED. FAILED tests 2, 4
	Failed 2/4 tests, 50.00% okay
t/30diags.......1..1
sh: bin/simple_report: /home/y/bin/perl: bad interpreter: No such file or directory
not ok 1 - extended output as planned

#   Failed test 'extended output as planned'
#   in t/30diags.t at line 18.
# +---+-----+---+----------------------------------------------------------------------------------------------------------------------------------------------------------------+
# | Ln|Got  | Ln|Expected                                                                                                                                                        |
# +---+-----+---+----------------------------------------------------------------------------------------------------------------------------------------------------------------+
# |   |     *  1|UNNAMED_TEST: tests=9, ok=8, failed=1, skipped=1, todo=2 (1 UNEXPECTEDLY SUCCEEDED)                                                                             *
# |   |     *  2|F 7 Deliberately broken test (asia) [http://asia.search.yahoo.com/search/news?p=bush&ei=UTF-8&fr=sfp&fl=0&x=wrt&debug=qa] [/fnord/ should match]                *
# |   |     *  3|#   Failed test 'Deliberately broken test (asia) [http://asia.search.yahoo.com/search/news?p=bush&ei=UTF-8&fr=sfp&fl=0&x=wrt&debug=qa] [/fnord/ should match]'  *
# |   |     *  4|#   in /home/y/lib/perl5/site_perl/5.6.1/Test/WWW/Simple.pm at line 65.                                                                                         *
# |   |     *  5|#          got: "<!doctype html public "-//W3C//DTD HTML 4.01//EN" "...                                                                                         *
# |   |     *  6|#       length: 37943                                                                                                                                           *
# |   |     *  7|#     doesn't match '(?-xism:fnord)'                                                                                                                            *
# |   |     *  8|T 9 unexpected success (asia) [http://asia.search.yahoo.com/search/news?p=bush&ei=UTF-8&fr=sfp&fl=0&x=wrt&debug=qa] [/yahoo/ should match]                      *
# +---+-----+---+----------------------------------------------------------------------------------------------------------------------------------------------------------------+
# Looks like you failed 1 test of 1.
dubious
	Test returned status 1 (wstat 256, 0x100)
DIED. FAILED test 1
	Failed 1/1 tests, 0.00% okay
t/31snapshot....1..1
sh: bin/simple_report: /home/y/bin/perl: bad interpreter: No such file or directory
not ok 1 - extended output as planned

#   Failed test 'extended output as planned'
#   in t/31snapshot.t at line 20.
# +---+-----+---+----------------------------------------------------------------------------------------------------------------------------------------------------------------+
# | Ln|Got  | Ln|Expected                                                                                                                                                        |
# +---+-----+---+----------------------------------------------------------------------------------------------------------------------------------------------------------------+
# |   |     *  1|UNNAMED_TEST: tests=9, ok=8, failed=1, skipped=1, todo=2 (1 UNEXPECTEDLY SUCCEEDED)                                                                             *
# |   |     *  2|F 7 Deliberately broken test (asia) [http://asia.search.yahoo.com/search/news?p=bush&ei=UTF-8&fr=sfp&fl=0&x=wrt&debug=qa] [/fnord/ should match]                *
# |   |     *  3|#   Failed test 'Deliberately broken test (asia) [http://asia.search.yahoo.com/search/news?p=bush&ei=UTF-8&fr=sfp&fl=0&x=wrt&debug=qa] [/fnord/ should match]'  *
# |   |     *  4|#   in /home/y/lib/perl5/site_perl/5.6.1/Test/WWW/Simple.pm at line 65.                                                                                         *
# |   |     *  5|#          got: "<!doctype html public "-//W3C//DTD HTML 4.01//EN" "...                                                                                         *
# |   |     *  6|#       length: 37943                                                                                                                                           *
# |   |     *  7|#     doesn't match '(?-xism:fnord)'                                                                                                                            *
# |   |     *  8|# See snapshot at /some/location                                                                                                                                *
# |   |     *  9|T 9 unexpected success (asia) [http://asia.search.yahoo.com/search/news?p=bush&ei=UTF-8&fr=sfp&fl=0&x=wrt&debug=qa] [/yahoo/ should match]                      *
# |   |     * 10|# See snapshot at /some/location                                                                                                                                *
# +---+-----+---+----------------------------------------------------------------------------------------------------------------------------------------------------------------+
# Looks like you failed 1 test of 1.
dubious
	Test returned status 1 (wstat 256, 0x100)
DIED. FAILED test 1
	Failed 1/1 tests, 0.00% okay
Failed Test    Stat Wstat Total Fail  Failed  List of Failed
-------------------------------------------------------------------------------
t/08cache.t       2   512     4    2  50.00%  2 4
t/30diags.t       1   256     1    1 100.00%  1
t/31snapshot.t    1   256     1    1 100.00%  1
Failed 3/3 test scripts, 0.00% okay. 4/6 subtests failed, 33.33% okay.
