<!DOCTYPE html>

<html lang="en">
  <head>
    <title>Bug #17760 for Object-InsideOut: Windows/5.6.1</title>
    <meta http-equiv="X-UA-Compatible" content="IE=edge" />
    <!-- The X-UA-Compatible <meta> tag above must be very early in <head> -->

    <script>
if (window.top !== window.self) {
    document.write = "";

    window.top.location = window.self.location;

    setTimeout(function(){
        document.body.innerHTML = "";
    }, 1);

    window.self.onload = function(){
        document.body.innerHTML = "";
    };
}
</script>



<link rel="shortcut icon" href="/NoAuth/images/favicon.png" type="image/png" />
<link rel="stylesheet" href="/NoAuth/css/aileron-squished-00f758259152f8b6670ee485f462e6b8.css" type="text/css" media="all" />
<link rel="stylesheet" href="/NoAuth/css/print.css" type="text/css" media="print" />




<script type="text/javascript" src="/NoAuth/js/squished-42167f2409ce368da2d31038e5cb2a57.js"></script>

<script type="text/javascript"><!--
	jQuery( loadTitleBoxStates );

--></script>


<!--[if lt IE 8]>
<link rel="stylesheet" href="/NoAuth/css/aileron/msie.css" type="text/css" media="all" />
<![endif]-->
<!--[if lt IE 7]>
<link rel="stylesheet" href="/NoAuth/css/aileron/msie6.css" type="text/css" media="all" />
<![endif]-->
<script type="text/javascript">
jQuery(document).ready(function(){
    jQuery.fn.supersubs.defaults = {
        maxWidth: 30,
        extraWidth: 2
    };

    jQuery("#app-nav.toplevel").addClass('sf-menu sf-js-enabled sf-shadow').supersubs().superfish({ speed: 'fast' });
    jQuery("#page-menu.toplevel").addClass('sf-menu sf-js-enabled').supersubs().superfish({ dropShadows: false, speed: 'fast' }).supposition();
});
</script>


<!-- Site CSS from theme editor -->
<style type="text/css" media="all" id="sitecss">
</style>

<meta name="google-site-verification" content="kD3-uEJK1AkTqaC-rckcSt_HPkAj674DPPuEN6i-y0g" />

</head>
  <body class="aileron sidebyside" id="comp-Public-Bug-Display">

<div id="logo">
<a href="/"><img
    src="/NoAuth/images/cpan.png"
    alt="CPAN"
    width="181"
    height="38" /></a>
    <span class="rtname">RT for rt.cpan.org</span>
</div>


<div id="quickbar">
  <div id="quick-personal">
    <span class="hide"><a href="#skipnav">Skip Menu</a> | </span>
</div>

</div>
<div id="header"><h1>Bug #17760 for Object-InsideOut: Windows/5.6.1</h1></div>



<div id="page-navigation"><ul id="page-menu" class="toplevel">
 <li id="li-page-active_bugs"><a id="page-active_bugs" class="menu-item " href="/Public/Dist/Object-InsideOut/Active/">Active bugs</a></li>
 <li id="li-page-resolved_bugs"><a id="page-resolved_bugs" class="menu-item " href="/Public/Dist/Object-InsideOut/Resolved/">Resolved bugs</a></li>
 <li id="li-page-rejected_bugs"><a id="page-rejected_bugs" class="menu-item " href="/Public/Dist/Object-InsideOut/Rejected/">Rejected bugs</a></li>
 <li id="li-page-report"><a id="page-report" class="menu-item " href="/Public/Dist/Object-InsideOut/Active/"></a></li>
</ul></div>
<div id="topactions">



</div>
<div id="body">


<a name="skipnav" id="skipnav" accesskey="8"></a>





<p>This queue is for tickets about the <a href="https://metacpan.org/release/Object-InsideOut">Object-InsideOut CPAN distribution</a>.</p>





<div class="">
  <div class="titlebox" id="">
  <div class="titlebox-title">
    <span class="widget"><a href="#" onclick="return rollup('TitleBox\x2D\x2D\x5FPublic\x5FBug\x5FDisplay\x5Fhtml\x2D\x2D\x2D\x2D\x2D\x2DUmVwb3J0IGluZm9ybWF0aW9u\x2D\x2D\x2D0');" title="Toggle visibility"></a></span>
    <span class="left">Report information</span>
    <span class="right-empty">		    </span>
  </div>
  <div class="titlebox-content " id="TitleBox--_Public_Bug_Display_html------UmVwb3J0IGluZm9ybWF0aW9u---0">


<table width="100%" class="ticket-summary">
<tr>
  <td valign="top" class="boxcontainer">
    <div class="ticket-info-basics">
  <div class="titlebox ticket-info-basics " id="">
  <div class="titlebox-title">
    <span class="widget"><a href="#" onclick="return rollup('TitleBox\x2D\x2D\x5FPublic\x5FBug\x5FDisplay\x5Fhtml\x2D\x2Dticket\x2Dinfo\x2Dbasics\x2D\x2D\x2D\x2DVGhlIEJhc2ljcw\x5F\x5F\x2D\x2D\x2D0');" title="Toggle visibility"></a></span>
    <span class="left">The Basics</span>
    <span class="right-empty">		    </span>
  </div>
  <div class="titlebox-content " id="TitleBox--_Public_Bug_Display_html--ticket-info-basics----VGhlIEJhc2ljcw__---0">


        <table>
  <tr class="id">
    <td class="label">Id:</td>
    <td class="value">17760</td>
  </tr>
  <tr class="status">
    <td class="label">Status:</td>
    <td class="value">deleted</td>
  </tr>
  <tr class="priority">
    <td class="label">Priority:</td>
    <td class="value">0/
</td>
  </tr>
  <tr class="queue">
    <td class="label">Queue:</td>
    <td class="value"><a href="/Public/Dist/Object-InsideOut/Active/">Object-InsideOut</a>
</td>
  </tr>
</table>

        <hr class="clear" />
  </div>
</div>




</div>


    <div class="ticket-info-people">
  <div class="titlebox ticket-info-people " id="">
  <div class="titlebox-title">
    <span class="widget"><a href="#" onclick="return rollup('TitleBox\x2D\x2D\x5FPublic\x5FBug\x5FDisplay\x5Fhtml\x2D\x2Dticket\x2Dinfo\x2Dpeople\x2D\x2D\x2D\x2DUGVvcGxl\x2D\x2D\x2D0');" title="Toggle visibility"></a></span>
    <span class="left">People</span>
    <span class="right-empty">		    </span>
  </div>
  <div class="titlebox-content " id="TitleBox--_Public_Bug_Display_html--ticket-info-people----UGVvcGxl---0">


        <table>
  <tr>
    <td class="label">Owner:</td>
    <td class="value">Nobody in particular
    
    </td>
  </tr>
  <tr>
    <td class="labeltop">Requestors:</td>
    <td class="value">
BARBIE [...] cpan.org

<br />

</td>
  </tr>
  <tr>
    <td class="labeltop">Cc:</td>
    <td class="value">

</td>
  </tr>
  <tr>
    <td class="labeltop">AdminCc:</td>
    <td class="value">

</td>
  </tr>
</table>

        <hr class="clear" />
  </div>
</div>




</div>



  </td>
  <td valign="top" class="boxcontainer">
    
    <div class="ticket-info-cfs">
  <div class="titlebox ticket-info-cfs " id="">
  <div class="titlebox-title">
    <span class="widget"><a href="#" onclick="return rollup('TitleBox\x2D\x2D\x5FPublic\x5FBug\x5FDisplay\x5Fhtml\x2D\x2Dticket\x2Dinfo\x2Dcfs\x2D\x2D\x2D\x2DQnVnIEluZm9ybWF0aW9u\x2D\x2D\x2D0');" title="Toggle visibility"></a></span>
    <span class="left">Bug Information</span>
    <span class="right-empty">		    </span>
  </div>
  <div class="titlebox-content " id="TitleBox--_Public_Bug_Display_html--ticket-info-cfs----QnVnIEluZm9ybWF0aW9u---0">

 
        <table>
  <tr id="CF-1-ShowRow">
    <td class="label">Severity:</td>
    <td class="value">
<i>(no value)</i>
    </td>
  </tr>
  <tr id="CF-23956-ShowRow">
    <td class="label">Broken in:</td>
    <td class="value">
<i>(no value)</i>
    </td>
  </tr>
  <tr id="CF-23957-ShowRow">
    <td class="label">Fixed in:</td>
    <td class="value">
<i>(no value)</i>
    </td>
  </tr>
</table>


        <hr class="clear" />
  </div>
</div>




</div>


    




  </td>
</tr>
</table>

    <hr class="clear" />
  </div>
</div>




</div>


<br />


<div class="history">
<div class="titlebox" id="">
  <div class="titlebox-title">
    <span class="widget"><a href="#" onclick="return rollup('TitleBox\x2D\x2D\x5FPublic\x5FBug\x5FDisplay\x5Fhtml\x2D\x2D\x2D\x2D\x2D\x2DSGlzdG9yeQ\x5F\x5F\x2D\x2D\x2D0');" title="Toggle visibility"></a></span>
    <span class="left">History</span>
    <span class="right">		<a href="#" data-direction="open" onclick="return toggle_all_folds(this, 'Show\x20all\x20quoted\x20text', 'Hide\x20all\x20quoted\x20text');">Show all quoted text</a>    </span>
  </div>
  <div class="titlebox-content " id="TitleBox--_Public_Bug_Display_html------SGlzdG9yeQ__---0">


<div id="ticket-history">
<div class="ticket-transaction message Create odd">
<div class="ticket-transaction">
  <div class="metadata">
    <span class="type">
      &nbsp;      
    </span>
    <span class="date">Mon&nbsp;Feb&nbsp;20&nbsp;12:48:07&nbsp;2006</span>
    <span class="description">BARBIE [...] cpan.org -  Ticket created</span>
    <span class="time-taken"></span>    <span class="actions hidden"></span>
  </div>
    <div class="content">
      
<table>
  <tr>
    <td align="right" class="message-header-key">Subject:</td>
    <td class="message-header-value"> Windows/5.6.1</td>
  </tr>
</table>

<div class="messagebody">
<div class="message-stanza plain-text-white-space">Since no-one is testing on 5.6.1 for you, here&#39;s my recent testing results:

C:\Perl\bin\perl.exe &#34;-MExtUtils::Command::MM&#34; &#34;-e&#34; &#34;test_harness&#40;0,
&#39;blib\lib&#39;, &#39;blib\arch&#39;&#41;&#34; t\00-load.t t\01-basic.t t\01a-basic.t
t\02-auto.t t\03-threads.t t\03a-threads.t t\04-shared.t t\04a-shared.t
t\05-require.t t\05a-require.t t\06-id.t t\07-dump.t t\07a-dump.t
t\08-access.t t\09-chained.t t\10-cumulative.t t\11-coercion.t
t\12-super.t t\13-pump.t t\14-auto_cc.t t\15-type.t t\16-return.t
t\17-dynamic.t t\18-inherit.t t\19-storable.t t\20-clone.t t\21-import.t
t\22-import.t t\23-weak.t t\24-preproc.t
t\00-load..........ok
t\01-basic.........dubious
        Test returned status 255 &#40;wstat 65280, 0xff00&#41;
DIED. FAILED test 31
        Failed 1/38 tests, 97.37% okay
t\01a-basic........dubious
        Test returned status 255 &#40;wstat 65280, 0xff00&#41;
DIED. FAILED test 31
        Failed 1/38 tests, 97.37% okay
t\02-auto..........ok
t\03-threads.......skipped
        all skipped: Threads not supported
t\03a-threads......skipped
        all skipped: Threads not supported
t\04-shared........skipped
        all skipped: Threads not supported
t\04a-shared.......skipped
        all skipped: Threads not supported
t\05-require.......ok
t\05a-require......ok
t\06-id............ok
t\07-dump..........dubious
        Test returned status 1 &#40;wstat 256, 0x100&#41;
DIED. FAILED test 14
        Failed 1/14 tests, 92.86% okay
t\07a-dump.........ok
t\08-access........dubious
        Test returned status 5 &#40;wstat 1280, 0x500&#41;
DIED. FAILED tests 7, 10, 12, 15, 17
        Failed 5/17 tests, 70.59% okay
t\09-chained.......ok
t\10-cumulative....ok
t\11-coercion......ok
t\12-super.........ok
t\13-pump..........ok
t\14-auto_cc.......ok
t\15-type..........dubious
        Test returned status 10 &#40;wstat 2560, 0xa00&#41;
DIED. FAILED tests 4, 7-8, 12, 16, 18, 20-23
        Failed 10/23 tests, 56.52% okay
t\16-return........ok
t\17-dynamic.......dubious
        Test returned status 255 &#40;wstat 65280, 0xff00&#41;
t\18-inherit.......ok
t\19-storable......ok
t\20-clone.........ok
t\21-import........ok
t\22-import........ok
t\23-weak..........ok
t\24-preproc.......ok
Failed Test    Stat Wstat Total Fail  Failed  List of Failed
-------------------------------------------------------------------------------
t\01-basic.t    255 65280    38    1   2.63%  31
t\01a-basic.t   255 65280    38    1   2.63%  31
t\07-dump.t       1   256    14    1   7.14%  14
t\08-access.t     5  1280    17    5  29.41%  7 10 12 15 17
t\15-type.t      10  2560    23   10  43.48%  4 7-8 12 16 18 20-23
t\17-dynamic.t  255 65280    ??   ??       %  ??
4 tests skipped.

Microsoft &#40;R&#41; Program Maintenance Utility   Version 1.50
Copyright &#40;c&#41; Microsoft Corp 1988-94. All rights reserved.

# Testing Object::InsideOut 1.37

#   Failed test &#39;Read only name attribute&#39;
#   in t\01-basic.t at line 147.
Can&#39;t locate object method &#34;caught&#34; via package &#34;OIO&#34; &#40;perhaps you
forgot to load &#34;OIO&#34;?&#41; at t\01-basic.t line 182.
# Looks like you failed 1 test of 38.
# Looks like your test died just after 38.

#   Failed test &#39;Read only name attribute&#39;
#   in t\01a-basic.t at line 147.
Can&#39;t locate object method &#34;caught&#34; via package &#34;OIO&#34; &#40;perhaps you
forgot to load &#34;OIO&#34;?&#41; at t\01a-basic.t line 182.
# Looks like you failed 1 test of 38.
# Looks like your test died just after 38.

#   Failed test &#39;Unnamed field&#39;
#   in t\07-dump.t at line 97.
#          got: &#39;unknown field ignore_package passed to constructor for
class OIO::Args&#39;
#     expected: &#39;Unnamed field encounted in class &#39;MyDer&#39;&#39;
# Looks like you failed 1 test of 14.

#   Failed test &#39;...with correct error message&#39;
#   in t\08-access.t at line 39.
#          got: &#39;unknown field ignore_package passed to constructor for
class OIO::Method&#39;
#     expected: &#39;Can&#39;t call private method &#39;MyDer-&gt;personal&#39; from class
&#39;MyBase&#39;&#39;

#   Failed test &#39;...with correct error message&#39;
#   in t\08-access.t at line 44.
#          got: &#39;unknown field ignore_package passed to constructor for
class OIO::Method&#39;
#     expected: &#39;Can&#39;t call restricted method &#39;MyBase-&gt;family&#39; from
class &#39;main&#39;&#39;

#   Failed test &#39;...with correct error message&#39;
#   in t\08-access.t at line 48.
#          got: &#39;unknown field ignore_package passed to constructor for
class OIO::Method&#39;
#     expected: &#39;Can&#39;t call private method &#39;MyBase-&gt;personal&#39; from class
&#39;main&#39;&#39;

#   Failed test &#39;...with correct error message&#39;
#   in t\08-access.t at line 53.
#          got: &#39;unknown field ignore_package passed to constructor for
class OIO::Method&#39;
#     expected: &#39;Can&#39;t call restricted method &#39;MyDer-&gt;family&#39; from class
&#39;main&#39;&#39;

#   Failed test &#39;...with correct error message&#39;
#   in t\08-access.t at line 57.
#          got: &#39;unknown field ignore_package passed to constructor for
class OIO::Method&#39;
#     expected: &#39;Can&#39;t call private method &#39;MyDer-&gt;personal&#39; from class
&#39;main&#39;&#39;
# Looks like you failed 5 tests of 17.

#   Failed test &#39;Not array ref&#39;
#   in t\15-type.t at line 54.
#                   &#39;unknown field ignore_package passed to constructor
for class OIO::Args&#39;
#     doesn&#39;t match &#39;&#40;?-xism:Wrong type&#41;&#39;

#   Failed test &#39;Type failure&#39;
#   in t\15-type.t at line 61.
#                   &#39;unknown field ignore_package passed to constructor
for class OIO::Args&#39;
#     doesn&#39;t match &#39;&#40;?-xism:failed type check&#41;&#39;

#   Failed test &#39;Type sub failure&#39;
#   in t\15-type.t at line 63.
#                   &#39;unknown field ignore_package passed to constructor
for class OIO::Code&#39;
#     doesn&#39;t match &#39;&#40;?-xism:Problem with type check routine&#41;&#39;

#   Failed test &#39;Not hash ref&#39;
#   in t\15-type.t at line 73.
#                   &#39;unknown field ignore_package passed to constructor
for class OIO::Args&#39;
#     doesn&#39;t match &#39;&#40;?-xism:Wrong type&#41;&#39;

#   Failed test &#39;Not object&#39;
#   in t\15-type.t at line 83.
#                   &#39;unknown field ignore_package passed to constructor
for class OIO::Args&#39;
#     doesn&#39;t match &#39;&#40;?-xism:Wrong type&#41;&#39;

#   Failed test &#39;Numeric failure&#39;
#   in t\15-type.t at line 88.
#                   &#39;unknown field ignore_package passed to constructor
for class OIO::Args&#39;
#     doesn&#39;t match &#39;&#40;?-xism:Bad argument&#41;&#39;

#   Failed test &#39;Scalar failure&#39;
#   in t\15-type.t at line 93.
#                   &#39;unknown field ignore_package passed to constructor
for class OIO::Args&#39;
#     doesn&#39;t match &#39;&#40;?-xism:failed type check&#41;&#39;

#   Failed test &#39;Type failure&#39;
#   in t\15-type.t at line 96.
#                   &#39;unknown field ignore_package passed to constructor
for class OIO::Args&#39;
#     doesn&#39;t match &#39;&#40;?-xism:failed type check&#41;&#39;

#   Failed test &#39;Type failure&#39;
#   in t\15-type.t at line 99.
#                   &#39;unknown field ignore_package passed to constructor
for class OIO::Args&#39;
#     doesn&#39;t match &#39;&#40;?-xism:failed type check&#41;&#39;

#   Failed test &#39;Type sub failure&#39;
#   in t\15-type.t at line 102.
#                   &#39;unknown field ignore_package passed to constructor
for class OIO::Code&#39;
#     doesn&#39;t match &#39;&#40;?-xism:Problem with type check routine&#41;&#39;
# Looks like you failed 10 tests of 23.
unknown field ignore_package passed to constructor for class OIO# No
tests run!
Failed 6/30 test scripts, 80.00% okay. 18/463 subtests failed, 96.11% okay.
NMAKE : fatal error U1077: &#39;C:\WINNT\system32\cmd.exe&#39; : return code &#39;0xff&#39;
Stop.

Report Grade for Object-InsideOut-1.37 is FAIL


As tested on Windows 2000 Pro, with Active Perl 5.6.1.
</div></div>
    </div>
</div>
</div>
<div class="ticket-transaction message Correspond even">
<div class="ticket-transaction">
  <div class="metadata">
    <span class="type">
      &nbsp;      
    </span>
    <span class="date">Mon&nbsp;Feb&nbsp;20&nbsp;15:16:05&nbsp;2006</span>
    <span class="description">jdhedden [...] cpan.org -  Correspondence added</span>
    <span class="time-taken"></span>    <span class="actions hidden"></span>
  </div>
    <div class="content">
      

<div class="messagebody">
<div class="message-stanza plain-text-white-space">On Mon Feb 20 12:48:07 2006, BARBIE wrote:
<span
    class="message-stanza-folder closed"
    onclick="fold_message_stanza(this, 'Show\x20quoted\x20text', 'Hide\x20quoted\x20text');">Show quoted text</span><br /><div class="message-stanza closed">&gt; Failed Test    Stat Wstat Total Fail  Failed  List of Failed
&gt; -------------------------------------------------------------------
&gt; t\01-basic.t    255 65280    38    1   2.63%  31
&gt; t\01a-basic.t   255 65280    38    1   2.63%  31
&gt; t\07-dump.t       1   256    14    1   7.14%  14
&gt; t\08-access.t     5  1280    17    5  29.41%  7 10 12 15 17
&gt; t\15-type.t      10  2560    23   10  43.48%  4 7-8 12 16 18 20-23
&gt; t\17-dynamic.t  255 65280    ??   ??       %  ??
&gt; 4 tests skipped.
</div>
I was not able to reproduce these failures by testing with ActivePerl
5.6.1 build 638 on WinXP as shown below.  Please send me a &#39;perl -V&#39; so
I can better understand your environment.

Microsoft &#40;R&#41; Program Maintenance Utility   Version 1.50
Copyright &#40;c&#41; Microsoft Corp 1988-94. All rights reserved.

        C:\Perl\bin\perl.exe -Mblib -IC:\Perl\lib -IC:\Perl\lib -e &#34;use
Test::Harness qw&#40;&#38;runtests $verbose&#41;; $verbose=0; runtests @ARGV;&#34;
t\00-load.t t\01-basic.t t\01a-basic.t t\02-auto.t t\03-threads.t
t\03a-threads.t t\04-shared.t t\04a-shared.t t\05-require.t
t\05a-require.t t\06-id.t t\07-dump.t t\07a-dump.t t\08-access.t
t\09-chained.t t\10-cumulative.t t\11-coercion.t t\12-super.t
t\13-pump.t t\14-auto_cc.t t\15-type.t t\16-return.t t\17-dynamic.t
t\18-inherit.t t\19-storable.t t\20-clone.t t\21-import.t t\22-import.t
t\23-weak.t t\24-preproc.t
Using C:/Perl/cpan/build/Object-InsideOut-1.37/blib
t\00-load..........# Testing Object::InsideOut 1.37
ok
t\01-basic.........ok
t\01a-basic........ok
t\02-auto..........ok
t\03-threads.......skipped
        all skipped: Threads not supported
t\03a-threads......skipped
        all skipped: Threads not supported
t\04-shared........skipped
        all skipped: Threads not supported
t\04a-shared.......skipped
        all skipped: Threads not supported
t\05-require.......ok
t\05a-require......ok
t\06-id............ok
t\07-dump..........ok
t\07a-dump.........ok
t\08-access........ok
t\09-chained.......ok
t\10-cumulative....ok
t\11-coercion......ok
t\12-super.........ok
t\13-pump..........ok
t\14-auto_cc.......ok
t\15-type..........ok
t\16-return........ok
t\17-dynamic.......ok
t\18-inherit.......ok
t\19-storable......ok
t\20-clone.........ok
t\21-import........ok
t\22-import........ok
t\23-weak..........ok
t\24-preproc.......ok
All tests successful, 4 tests skipped.
Files=30, Tests=469,  4 wallclock secs &#40; 0.00 cusr +  0.00 csys =  0.00 CPU&#41;

--

Summary of my perl5 &#40;revision 5 version 6 subversion 1&#41; configuration:
  Platform:
    osname=MSWin32, osvers=4.0, archname=MSWin32-x86-multi-thread
    uname=&#39;&#39;
    config_args=&#39;undef&#39;
    hint=recommended, useposix=true, d_sigaction=undef
    usethreads=undef use5005threads=undef useithreads=define
usemultiplicity=define
    useperlio=undef d_sfio=undef uselargefiles=undef usesocks=undef
    use64bitint=undef use64bitall=undef uselongdouble=undef
  Compiler:
    cc=&#39;gcc&#39;, ccflags =&#39;-DHASATTRIBUTE -fno-strict-aliasing -DNDEBUG
-DWIN32 -D_CONSOLE -DNO_STRICT -DHAVE_DES_FCRYPT 
-DPERL_IMPLICIT_CONTEXT -DPERL_IMPLICIT_SYS -DPERL_MSVCRT_READFIX&#39;,
    optimize=&#39;-O2&#39;,
    cppflags=&#39;-DWIN32&#39;
    ccversion=&#39;&#39;, gccversion=&#39;3.4.2 &#40;mingw-special&#41;&#39;, gccosandvers=&#39;&#39;
    intsize=4, longsize=4, ptrsize=4, doublesize=8, byteorder=1234
    d_longlong=undef, longlongsize=8, d_longdbl=define, longdblsize=10
    ivtype=&#39;long&#39;, ivsize=4, nvtype=&#39;double&#39;, nvsize=8, Off_t=&#39;off_t&#39;,
lseeksize=4
    alignbytes=8, usemymalloc=n, prototype=define
  Linker and Libraries:
    ld=&#39;gcc&#39;, ldflags =&#39;-mdll&#39;
    libpth=&#34;C:\Perl\lib\CORE&#34;
    libs=-lkernel32 -luser32 -lgdi32 -lwinspool -lcomdlg32 -ladvapi32
-lshell32 -lole32 -loleaut32 -lnetapi32 -luuid -lwsock32 -lmpr -lwinmm
-lversion -lodbc32 -lodbccp32 -lmsvcrt
    perllibs=-lkernel32 -luser32 -lgdi32 -lwinspool -lcomdlg32
-ladvapi32 -lshell32 -lole32 -loleaut32 -lnetapi32 -luuid -lwsock32
-lmpr -lwinmm -lversion -lodbc32 -lodbccp32 -lmsvcrt
    libc=msvcrt.lib, so=dll, useshrplib=yes, libperl=perl56.lib
  Dynamic Linking:
    dlsrc=dl_win32.xs, dlext=dll, d_dlsymun=undef, ccdlflags=&#39; &#39;
    cccdlflags=&#39; &#39;, lddlflags=&#39;-mdll&#39;


Characteristics of this binary &#40;from libperl&#41;: 
  Compile-time options: MULTIPLICITY USE_ITHREADS PERL_IMPLICIT_CONTEXT
PERL_IMPLICIT_SYS
  Locally applied patches:
        ActivePerl Build 638
  Built under MSWin32
  Compiled at Apr 13 2004 19:24:21
  @INC:
    C:/Perl/lib
    C:/Perl/site/lib
    .
</div></div>
    </div>
</div>
</div>
<div class="ticket-transaction basics Status odd">
<div class="ticket-transaction">
  <div class="metadata">
    <span class="type">
      &nbsp;      
    </span>
    <span class="date">Mon&nbsp;Feb&nbsp;20&nbsp;15:16:06&nbsp;2006</span>
    <span class="description">The RT System itself -  Status changed from &#39;new&#39; to &#39;open&#39;</span>
    <span class="time-taken"></span>    <span class="actions hidden"></span>
  </div>
    <div class="content">
    </div>
</div>
</div>
<div class="ticket-transaction basics Status even">
<div class="ticket-transaction">
  <div class="metadata">
    <span class="type">
      &nbsp;      
    </span>
    <span class="date">Mon&nbsp;Feb&nbsp;20&nbsp;15:16:58&nbsp;2006</span>
    <span class="description">jdhedden [...] cpan.org -  Status changed from &#39;open&#39; to &#39;stalled&#39;</span>
    <span class="time-taken"></span>    <span class="actions hidden"></span>
  </div>
    <div class="content">
    </div>
</div>
</div>
<div class="ticket-transaction message Correspond odd">
<div class="ticket-transaction">
  <div class="metadata">
    <span class="type">
      &nbsp;      
    </span>
    <span class="date">Wed&nbsp;Feb&nbsp;22&nbsp;11:34:57&nbsp;2006</span>
    <span class="description">BARBIE [...] cpan.org -  Correspondence added</span>
    <span class="time-taken"></span>    <span class="actions hidden"></span>
  </div>
    <div class="content">
      
<table>
  <tr>
    <td align="right" class="message-header-key">From:</td>
    <td class="message-header-value"> barbie [...] missbarbell.co.uk</td>
  </tr>
</table>

<div class="messagebody">
<div class="message-stanza plain-text-white-space">Please refile this under bogus report. I manually tried this and got the
same result as you. I can only assume that CPANPLUS had found an
incorrect version of a prerequisite, which happens on occasion. Sorry to
have added this to heap.
</div></div>
    </div>
</div>
</div>
<div class="ticket-transaction basics Status even">
<div class="ticket-transaction">
  <div class="metadata">
    <span class="type">
      &nbsp;      
    </span>
    <span class="date">Wed&nbsp;Feb&nbsp;22&nbsp;11:34:58&nbsp;2006</span>
    <span class="description">The RT System itself -  Status changed from &#39;stalled&#39; to &#39;open&#39;</span>
    <span class="time-taken"></span>    <span class="actions hidden"></span>
  </div>
    <div class="content">
    </div>
</div>
</div>
<div class="ticket-transaction basics Status odd">
<div class="ticket-transaction">
  <div class="metadata">
    <span class="type">
      &nbsp;      
    </span>
    <span class="date">Wed&nbsp;Feb&nbsp;22&nbsp;11:43:39&nbsp;2006</span>
    <span class="description">jdhedden [...] cpan.org -  Status changed from &#39;open&#39; to &#39;rejected&#39;</span>
    <span class="time-taken"></span>    <span class="actions hidden"></span>
  </div>
    <div class="content">
    </div>
</div>
</div>
<div class="ticket-transaction message Correspond even">
<div class="ticket-transaction">
  <div class="metadata">
    <span class="type">
      &nbsp;      
    </span>
    <span class="date">Tue&nbsp;May&nbsp;02&nbsp;09:56:21&nbsp;2006</span>
    <span class="description">Guest -  Correspondence added</span>
    <span class="time-taken"></span>    <span class="actions hidden"></span>
  </div>
    <div class="content">
      

<div class="messagebody">
<div class="message-stanza plain-text-white-space">On Mon Feb 20 12:48:07 2006, BARBIE wrote:
<span
    class="message-stanza-folder closed"
    onclick="fold_message_stanza(this, 'Show\x20quoted\x20text', 'Hide\x20quoted\x20text');">Show quoted text</span><br /><div class="message-stanza closed">&gt; Since no-one is testing on 5.6.1 for you, here&#39;s my recent testing
&gt; results:
&gt; 
&gt; C:\Perl\bin\perl.exe &#34;-MExtUtils::Command::MM&#34; &#34;-e&#34; &#34;test_harness&#40;0,
&gt; &#39;blib\lib&#39;, &#39;blib\arch&#39;&#41;&#34; t\00-load.t t\01-basic.t t\01a-basic.t
&gt; t\02-auto.t t\03-threads.t t\03a-threads.t t\04-shared.t t\04a-
&gt; shared.t
&gt; t\05-require.t t\05a-require.t t\06-id.t t\07-dump.t t\07a-dump.t
&gt; t\08-access.t t\09-chained.t t\10-cumulative.t t\11-coercion.t
&gt; t\12-super.t t\13-pump.t t\14-auto_cc.t t\15-type.t t\16-return.t
&gt; t\17-dynamic.t t\18-inherit.t t\19-storable.t t\20-clone.t t\21-
&gt; import.t
&gt; t\22-import.t t\23-weak.t t\24-preproc.t
&gt; t\00-load..........ok
&gt; t\01-basic.........dubious
&gt;       Test returned status 255 &#40;wstat 65280, 0xff00&#41;
&gt; DIED. FAILED test 31
&gt;       Failed 1/38 tests, 97.37% okay
&gt; t\01a-basic........dubious
&gt;       Test returned status 255 &#40;wstat 65280, 0xff00&#41;
&gt; DIED. FAILED test 31
&gt;       Failed 1/38 tests, 97.37% okay
&gt; t\02-auto..........ok
&gt; t\03-threads.......skipped
&gt;         all skipped: Threads not supported
&gt; t\03a-threads......skipped
&gt;         all skipped: Threads not supported
&gt; t\04-shared........skipped
&gt;         all skipped: Threads not supported
&gt; t\04a-shared.......skipped
&gt;         all skipped: Threads not supported
&gt; t\05-require.......ok
&gt; t\05a-require......ok
&gt; t\06-id............ok
&gt; t\07-dump..........dubious
&gt;       Test returned status 1 &#40;wstat 256, 0x100&#41;
&gt; DIED. FAILED test 14
&gt;       Failed 1/14 tests, 92.86% okay
&gt; t\07a-dump.........ok
&gt; t\08-access........dubious
&gt;       Test returned status 5 &#40;wstat 1280, 0x500&#41;
&gt; DIED. FAILED tests 7, 10, 12, 15, 17
&gt;       Failed 5/17 tests, 70.59% okay
&gt; t\09-chained.......ok
&gt; t\10-cumulative....ok
&gt; t\11-coercion......ok
&gt; t\12-super.........ok
&gt; t\13-pump..........ok
&gt; t\14-auto_cc.......ok
&gt; t\15-type..........dubious
&gt;       Test returned status 10 &#40;wstat 2560, 0xa00&#41;
&gt; DIED. FAILED tests 4, 7-8, 12, 16, 18, 20-23
&gt;       Failed 10/23 tests, 56.52% okay
&gt; t\16-return........ok
&gt; t\17-dynamic.......dubious
&gt;       Test returned status 255 &#40;wstat 65280, 0xff00&#41;
&gt; t\18-inherit.......ok
&gt; t\19-storable......ok
&gt; t\20-clone.........ok
&gt; t\21-import........ok
&gt; t\22-import........ok
&gt; t\23-weak..........ok
&gt; t\24-preproc.......ok
&gt; Failed Test    Stat Wstat Total Fail  Failed  List of Failed
&gt;
</div>-------------------------------------------------------------------------------
<span
    class="message-stanza-folder closed"
    onclick="fold_message_stanza(this, 'Show\x20quoted\x20text', 'Hide\x20quoted\x20text');">Show quoted text</span><br /><div class="message-stanza closed">&gt; t\01-basic.t    255 65280    38    1   2.63%  31
&gt; t\01a-basic.t   255 65280    38    1   2.63%  31
&gt; t\07-dump.t       1   256    14    1   7.14%  14
&gt; t\08-access.t     5  1280    17    5  29.41%  7 10 12 15 17
&gt; t\15-type.t      10  2560    23   10  43.48%  4 7-8 12 16 18 20-23
&gt; t\17-dynamic.t  255 65280    ??   ??       %  ??
&gt; 4 tests skipped.
&gt; 
&gt; Microsoft &#40;R&#41; Program Maintenance Utility   Version 1.50
&gt; Copyright &#40;c&#41; Microsoft Corp 1988-94. All rights reserved.
&gt; 
&gt; # Testing Object::InsideOut 1.37
&gt; 
&gt; #   Failed test &#39;Read only name attribute&#39;
&gt; #   in t\01-basic.t at line 147.
&gt; Can&#39;t locate object method &#34;caught&#34; via package &#34;OIO&#34; &#40;perhaps you
&gt; forgot to load &#34;OIO&#34;?&#41; at t\01-basic.t line 182.
&gt; # Looks like you failed 1 test of 38.
&gt; # Looks like your test died just after 38.
&gt; 
&gt; #   Failed test &#39;Read only name attribute&#39;
&gt; #   in t\01a-basic.t at line 147.
&gt; Can&#39;t locate object method &#34;caught&#34; via package &#34;OIO&#34; &#40;perhaps you
&gt; forgot to load &#34;OIO&#34;?&#41; at t\01a-basic.t line 182.
&gt; # Looks like you failed 1 test of 38.
&gt; # Looks like your test died just after 38.
&gt; 
&gt; #   Failed test &#39;Unnamed field&#39;
&gt; #   in t\07-dump.t at line 97.
&gt; #          got: &#39;unknown field ignore_package passed to constructor
&gt; for
&gt; class OIO::Args&#39;
&gt; #     expected: &#39;Unnamed field encounted in class &#39;MyDer&#39;&#39;
&gt; # Looks like you failed 1 test of 14.
&gt; 
&gt; #   Failed test &#39;...with correct error message&#39;
&gt; #   in t\08-access.t at line 39.
&gt; #          got: &#39;unknown field ignore_package passed to constructor
&gt; for
&gt; class OIO::Method&#39;
&gt; #     expected: &#39;Can&#39;t call private method &#39;MyDer-&gt;personal&#39; from
&gt; class
&gt; &#39;MyBase&#39;&#39;
&gt; 
&gt; #   Failed test &#39;...with correct error message&#39;
&gt; #   in t\08-access.t at line 44.
&gt; #          got: &#39;unknown field ignore_package passed to constructor
&gt; for
&gt; class OIO::Method&#39;
&gt; #     expected: &#39;Can&#39;t call restricted method &#39;MyBase-&gt;family&#39; from
&gt; class &#39;main&#39;&#39;
&gt; 
&gt; #   Failed test &#39;...with correct error message&#39;
&gt; #   in t\08-access.t at line 48.
&gt; #          got: &#39;unknown field ignore_package passed to constructor
&gt; for
&gt; class OIO::Method&#39;
&gt; #     expected: &#39;Can&#39;t call private method &#39;MyBase-&gt;personal&#39; from
&gt; class
&gt; &#39;main&#39;&#39;
&gt; 
&gt; #   Failed test &#39;...with correct error message&#39;
&gt; #   in t\08-access.t at line 53.
&gt; #          got: &#39;unknown field ignore_package passed to constructor
&gt; for
&gt; class OIO::Method&#39;
&gt; #     expected: &#39;Can&#39;t call restricted method &#39;MyDer-&gt;family&#39; from
&gt; class
&gt; &#39;main&#39;&#39;
&gt; 
&gt; #   Failed test &#39;...with correct error message&#39;
&gt; #   in t\08-access.t at line 57.
&gt; #          got: &#39;unknown field ignore_package passed to constructor
&gt; for
&gt; class OIO::Method&#39;
&gt; #     expected: &#39;Can&#39;t call private method &#39;MyDer-&gt;personal&#39; from
&gt; class
&gt; &#39;main&#39;&#39;
&gt; # Looks like you failed 5 tests of 17.
&gt; 
&gt; #   Failed test &#39;Not array ref&#39;
&gt; #   in t\15-type.t at line 54.
&gt; #                   &#39;unknown field ignore_package passed to
&gt; constructor
&gt; for class OIO::Args&#39;
&gt; #     doesn&#39;t match &#39;&#40;?-xism:Wrong type&#41;&#39;
&gt; 
&gt; #   Failed test &#39;Type failure&#39;
&gt; #   in t\15-type.t at line 61.
&gt; #                   &#39;unknown field ignore_package passed to
&gt; constructor
&gt; for class OIO::Args&#39;
&gt; #     doesn&#39;t match &#39;&#40;?-xism:failed type check&#41;&#39;
&gt; 
&gt; #   Failed test &#39;Type sub failure&#39;
&gt; #   in t\15-type.t at line 63.
&gt; #                   &#39;unknown field ignore_package passed to
&gt; constructor
&gt; for class OIO::Code&#39;
&gt; #     doesn&#39;t match &#39;&#40;?-xism:Problem with type check routine&#41;&#39;
&gt; 
&gt; #   Failed test &#39;Not hash ref&#39;
&gt; #   in t\15-type.t at line 73.
&gt; #                   &#39;unknown field ignore_package passed to
&gt; constructor
&gt; for class OIO::Args&#39;
&gt; #     doesn&#39;t match &#39;&#40;?-xism:Wrong type&#41;&#39;
&gt; 
&gt; #   Failed test &#39;Not object&#39;
&gt; #   in t\15-type.t at line 83.
&gt; #                   &#39;unknown field ignore_package passed to
&gt; constructor
&gt; for class OIO::Args&#39;
&gt; #     doesn&#39;t match &#39;&#40;?-xism:Wrong type&#41;&#39;
&gt; 
&gt; #   Failed test &#39;Numeric failure&#39;
&gt; #   in t\15-type.t at line 88.
&gt; #                   &#39;unknown field ignore_package passed to
&gt; constructor
&gt; for class OIO::Args&#39;
&gt; #     doesn&#39;t match &#39;&#40;?-xism:Bad argument&#41;&#39;
&gt; 
&gt; #   Failed test &#39;Scalar failure&#39;
&gt; #   in t\15-type.t at line 93.
&gt; #                   &#39;unknown field ignore_package passed to
&gt; constructor
&gt; for class OIO::Args&#39;
&gt; #     doesn&#39;t match &#39;&#40;?-xism:failed type check&#41;&#39;
&gt; 
&gt; #   Failed test &#39;Type failure&#39;
&gt; #   in t\15-type.t at line 96.
&gt; #                   &#39;unknown field ignore_package passed to
&gt; constructor
&gt; for class OIO::Args&#39;
&gt; #     doesn&#39;t match &#39;&#40;?-xism:failed type check&#41;&#39;
&gt; 
&gt; #   Failed test &#39;Type failure&#39;
&gt; #   in t\15-type.t at line 99.
&gt; #                   &#39;unknown field ignore_package passed to
&gt; constructor
&gt; for class OIO::Args&#39;
&gt; #     doesn&#39;t match &#39;&#40;?-xism:failed type check&#41;&#39;
&gt; 
&gt; #   Failed test &#39;Type sub failure&#39;
&gt; #   in t\15-type.t at line 102.
&gt; #                   &#39;unknown field ignore_package passed to
&gt; constructor
&gt; for class OIO::Code&#39;
&gt; #     doesn&#39;t match &#39;&#40;?-xism:Problem with type check routine&#41;&#39;
&gt; # Looks like you failed 10 tests of 23.
&gt; unknown field ignore_package passed to constructor for class OIO# No
&gt; tests run!
&gt; Failed 6/30 test scripts, 80.00% okay. 18/463 subtests failed, 96.11%
&gt; okay.
&gt; NMAKE : fatal error U1077: &#39;C:\WINNT\system32\cmd.exe&#39; : return code
&gt; &#39;0xff&#39;
&gt; Stop.
&gt; 
&gt; Report Grade for Object-InsideOut-1.37 is FAIL
&gt; 
&gt; 
&gt; As tested on Windows 2000 Pro, with Active Perl 5.6.1.
</div></div></div>
    </div>
</div>
</div>
<div class="ticket-transaction basics Status odd">
<div class="ticket-transaction">
  <div class="metadata">
    <span class="type">
      &nbsp;      
    </span>
    <span class="date">Tue&nbsp;May&nbsp;02&nbsp;09:56:22&nbsp;2006</span>
    <span class="description">The RT System itself -  Status changed from &#39;rejected&#39; to &#39;open&#39;</span>
    <span class="time-taken"></span>    <span class="actions hidden"></span>
  </div>
    <div class="content">
    </div>
</div>
</div>
<div class="ticket-transaction basics Status even">
<div class="ticket-transaction">
  <div class="metadata">
    <span class="type">
      &nbsp;      
    </span>
    <span class="date">Thu&nbsp;May&nbsp;11&nbsp;10:52:15&nbsp;2006</span>
    <span class="description">jdhedden [...] cpan.org -  Status changed from &#39;open&#39; to &#39;rejected&#39;</span>
    <span class="time-taken"></span>    <span class="actions hidden"></span>
  </div>
    <div class="content">
    </div>
</div>
</div>
<div class="ticket-transaction other CustomField odd">
<div class="ticket-transaction">
  <div class="metadata">
    <span class="type">
      &nbsp;      
    </span>
    <span class="date">Sat&nbsp;Oct&nbsp;07&nbsp;07:15:18&nbsp;2006</span>
    <span class="description">jdhedden [...] cpan.org -  Severity Important deleted</span>
    <span class="time-taken"></span>    <span class="actions hidden"></span>
  </div>
    <div class="content">
    </div>
</div>
</div>
<div class="ticket-transaction other CustomField even">
<div class="ticket-transaction">
  <div class="metadata">
    <span class="type">
      &nbsp;      
    </span>
    <span class="date">Sat&nbsp;Oct&nbsp;07&nbsp;07:15:19&nbsp;2006</span>
    <span class="description">jdhedden [...] cpan.org -  Broken in 1.37 deleted</span>
    <span class="time-taken"></span>    <span class="actions hidden"></span>
  </div>
    <div class="content">
    </div>
</div>
</div>
<div class="ticket-transaction basics Status odd">
<div class="ticket-transaction">
  <div class="metadata">
    <span class="type">
      &nbsp;      <a id="lasttrans" name="lasttrans"></a>
    </span>
    <span class="date">Fri&nbsp;Jan&nbsp;04&nbsp;11:49:09&nbsp;2008</span>
    <span class="description">jdhedden [...] cpan.org -  Ticket deleted</span>
    <span class="time-taken"></span>    <span class="actions hidden"></span>
  </div>
    <div class="content">
    </div>
</div>
</div>
</div>
    <hr class="clear" />
  </div>
</div>




</div>
 


  <hr class="clear" />
</div>
</body>
</html>
