t/01all.........Use of uninitialized value in scalar assignment at blib\lib/Test/Strict.pm line 167.
Use of uninitialized value in scalar assignment at blib\lib/Test/Strict.pm line 167.
Unrecognized escape \T passed through in regex; marked by <-- HERE in m/C:\cpan\T <-- HERE est-Strict-0.07/Makefile.PL syntax OK/ at blib\lib/Test/Strict.pm line 170.
Use of uninitialized value in pattern match (m//) at blib\lib/Test/Strict.pm line 170.

#   Failed test 'Syntax check C:\cpan\Test-Strict-0.07/Makefile.PL'
#   in blib\lib/Test/Strict.pm at line 283.
# undef
Use of uninitialized value in scalar assignment at blib\lib/Test/Strict.pm line 167.
Use of uninitialized value in scalar assignment at blib\lib/Test/Strict.pm line 167.
Unrecognized escape \T passed through in regex; marked by <-- HERE in m/C:\cpan\T <-- HERE est-Strict-0.07/blib/lib/Test/Strict.pm syntax OK/ at blib\lib/Test/Strict.pm line 170.
Use of uninitialized value in pattern match (m//) at blib\lib/Test/Strict.pm line 170.

#   Failed test 'Syntax check C:\cpan\Test-Strict-0.07/blib/lib/Test/Strict.pm'
#   in blib\lib/Test/Strict.pm at line 283.
# undef
Use of uninitialized value in scalar assignment at blib\lib/Test/Strict.pm line 167.
Use of uninitialized value in scalar assignment at blib\lib/Test/Strict.pm line 167.
not ok 1 - Syntax check C:\cpan\Test-Strict-0.07/Makefile.PL
ok 2 - use strict   C:\cpan\Test-Strict-0.07/Makefile.PL
not ok 3 - Syntax check C:\cpan\Test-Strict-0.07/blib/lib/Test/Strict.pm
ok 4 - use strict   C:\cpan\Test-Strict-0.07/blib/lib/Test/Strict.pm
Unrecognized escape \T passed through in regex; marked by <-- HERE in m/C:\cpan\T <-- HERE est-Strict-0.07/lib/Test/Strict.pm syntax OK/ at blib\lib/Test/Strict.pm line 170.
Use of uninitialized value in pattern match (m//) at blib\lib/Test/Strict.pm line 170.

#   Failed test 'Syntax check C:\cpan\Test-Strict-0.07/lib/Test/Strict.pm'
#   in blib\lib/Test/Strict.pm at line 283.
# undef
not ok 5 - Syntax check C:\cpan\Test-Strict-0.07/lib/Test/Strict.pm
ok 6 - use strict   C:\cpan\Test-Strict-0.07/lib/Test/Strict.pm
Use of uninitialized value in scalar assignment at blib\lib/Test/Strict.pm line 167.
Use of uninitialized value in scalar assignment at blib\lib/Test/Strict.pm line 167.
Unrecognized escape \T passed through in regex; marked by <-- HERE in m/C:\cpan\T <-- HERE est-Strict-0.07/t/01all.t syntax OK/ at blib\lib/Test/Strict.pm line 170.
Use of uninitialized value in pattern match (m//) at blib\lib/Test/Strict.pm line 170.

#   Failed test 'Syntax check C:\cpan\Test-Strict-0.07/t/01all.t'
#   in blib\lib/Test/Strict.pm at line 283.
# undef
not ok 7 - Syntax check C:\cpan\Test-Strict-0.07/t/01all.t
ok 8 - use strict   C:\cpan\Test-Strict-0.07/t/01all.t
Use of uninitialized value in scalar assignment at blib\lib/Test/Strict.pm line 167.
Use of uninitialized value in scalar assignment at blib\lib/Test/Strict.pm line 167.
Unrecognized escape \T passed through in regex; marked by <-- HERE in m/C:\cpan\T <-- HERE est-Strict-0.07/t/02fail.t syntax OK/ at blib\lib/Test/Strict.pm line 170.
Use of uninitialized value in pattern match (m//) at blib\lib/Test/Strict.pm line 170.

#   Failed test 'Syntax check C:\cpan\Test-Strict-0.07/t/02fail.t'
#   in blib\lib/Test/Strict.pm at line 283.
# undef
not ok 9 - Syntax check C:\cpan\Test-Strict-0.07/t/02fail.t
ok 10 - use strict   C:\cpan\Test-Strict-0.07/t/02fail.t
Use of uninitialized value in scalar assignment at blib\lib/Test/Strict.pm line 167.
Use of uninitialized value in scalar assignment at blib\lib/Test/Strict.pm line 167.
Unrecognized escape \T passed through in regex; marked by <-- HERE in m/C:\cpan\T <-- HERE est-Strict-0.07/t/03pod.t syntax OK/ at blib\lib/Test/Strict.pm line 170.
Use of uninitialized value in pattern match (m//) at blib\lib/Test/Strict.pm line 170.

#   Failed test 'Syntax check C:\cpan\Test-Strict-0.07/t/03pod.t'
#   in blib\lib/Test/Strict.pm at line 283.
# undef
not ok 11 - Syntax check C:\cpan\Test-Strict-0.07/t/03pod.t
ok 12 - use strict   C:\cpan\Test-Strict-0.07/t/03pod.t
Use of uninitialized value in scalar assignment at blib\lib/Test/Strict.pm line 167.
Use of uninitialized value in scalar assignment at blib\lib/Test/Strict.pm line 167.
Unrecognized escape \T passed through in regex; marked by <-- HERE in m/C:\cpan\T <-- HERE est-Strict-0.07/t/04cover.t syntax OK/ at blib\lib/Test/Strict.pm line 170.
Use of uninitialized value in pattern match (m//) at blib\lib/Test/Strict.pm line 170.

#   Failed test 'Syntax check C:\cpan\Test-Strict-0.07/t/04cover.t'
#   in blib\lib/Test/Strict.pm at line 283.
# undef
not ok 13 - Syntax check C:\cpan\Test-Strict-0.07/t/04cover.t
ok 14 - use strict   C:\cpan\Test-Strict-0.07/t/04cover.t
Use of uninitialized value in scalar assignment at blib\lib/Test/Strict.pm line 167.
Use of uninitialized value in scalar assignment at blib\lib/Test/Strict.pm line 167.
Unrecognized escape \T passed through in regex; marked by <-- HERE in m/C:\cpan\T <-- HERE est-Strict-0.07/t/05coverpod.t syntax OK/ at blib\lib/Test/Strict.pm line 170.
Use of uninitialized value in pattern match (m//) at blib\lib/Test/Strict.pm line 170.

#   Failed test 'Syntax check C:\cpan\Test-Strict-0.07/t/05coverpod.t'
#   in blib\lib/Test/Strict.pm at line 283.
# undef
not ok 15 - Syntax check C:\cpan\Test-Strict-0.07/t/05coverpod.t
ok 16 - use strict   C:\cpan\Test-Strict-0.07/t/05coverpod.t
ok 17 - got strict
Use of uninitialized value in scalar assignment at blib\lib/Test/Strict.pm line 167.
Use of uninitialized value in scalar assignment at blib\lib/Test/Strict.pm line 167.
Use of uninitialized value in pattern match (m//) at blib\lib/Test/Strict.pm line 170.

#   Failed test 'syntax'
#   in t/01all.t at line 15.
# undef
not ok 18 - syntax
Use of uninitialized value in scalar assignment at blib\lib/Test/Strict.pm line 167.
Use of uninitialized value in scalar assignment at blib\lib/Test/Strict.pm line 167.
Unrecognized escape \l passed through in regex; marked by <-- HERE in m/blib\l <-- HERE ib\Test\Strict.pm syntax OK/ at blib\lib/Test/Strict.pm line 170.
Unrecognized escape \T passed through in regex; marked by <-- HERE in m/blib\lib\T <-- HERE est\Strict.pm syntax OK/ at blib\lib/Test/Strict.pm line 170.
Use of uninitialized value in pattern match (m//) at blib\lib/Test/Strict.pm line 170.

#   Failed test 'Syntax check Test::Strict'
#   in t/01all.t at line 16.
# undef
not ok 19 - Syntax check Test::Strict
ok 20 - use strict   Test::Strict
ok 21 - use warnings t/01all.t
ok 22 - use warnings C:\DOCUME~1\Sasha\LOCALS~1\Temp\tnQ52By4KM\nV91BDcPpB.pL
ok 23 - use warnings C:\DOCUME~1\Sasha\LOCALS~1\Temp\tK5fqcZpRf\oWOyfZOJzU.pL
ok 24 - use warnings C:\DOCUME~1\Sasha\LOCALS~1\Temp\KTSYtDuQ3K\BFhWoKwsQN.pm
1..24
# Looks like you failed 10 tests of 24.
dubious
	Test returned status 10 (wstat 2560, 0xa00)
DIED. FAILED tests 1, 3, 5, 7, 9, 11, 13, 15, 18-19
	Failed 10/24 tests, 58.33% okay
t/02fail........1..8
Процесс не может получить доступ к файлу, так как этот файл занят другим процессом.

#   Failed test in t/02fail.t at line 29.
not ok 1

#   Failed test 'Syntax ok'
#   in t/02fail.t at line 32.
#                   ''
#     doesn't match '(?m-xis:^ok 1 - Syntax check )'

#   Failed test 'Does not have use strict'
#   in t/02fail.t at line 33.
#                   ''
#     doesn't match '(?-xism:not ok 2 - use strict )'
not ok 2 - Syntax ok
not ok 3 - Does not have use strict
Процесс не может получить доступ к файлу, так как этот файл занят другим процессом.

#   Failed test in t/02fail.t at line 39.
not ok 4

#   Failed test 'Syntax error'
#   in t/02fail.t at line 42.
#                   ''
#     doesn't match '(?-xism:not ok 1 - Syntax check )'

#   Failed test 'Does have use strict'
#   in t/02fail.t at line 43.
#                   ''
#     doesn't match '(?m-xis:^ok 2 - use strict )'
not ok 5 - Syntax error
not ok 6 - Does have use strict
Процесс не может получить доступ к файлу, так как этот файл занят другим процессом.

#   Failed test in t/02fail.t at line 49.

#   Failed test 'Does not have use warnings'
#   in t/02fail.t at line 52.
#                   ''
#     doesn't match '(?-xism:not ok 1 - use warnings )'
not ok 7
not ok 8 - Does not have use warnings
# Looks like you failed 8 tests of 8.
dubious
	Test returned status 8 (wstat 2048, 0x800)
DIED. FAILED tests 1-8
	Failed 8/8 tests, 0.00% okay
t/03pod.........1..1
ok 1 - blib/lib/Test/Strict.pm
ok
t/04cover.......1..0 # Skip cover binary required to run test coverage - Set $Test::Strict::COVER to the path to 'cover'
skipped
        all skipped: cover binary required to run test coverage - Set $Test::Strict::COVER to the path to 'cover'
t/05coverpod....1..1
ok 1 - Pod coverage on Test::Strict
ok
Failed Test Stat Wstat Total Fail  List of Failed
-------------------------------------------------------------------------------
t/01all.t     10  2560    24   10  1 3 5 7 9 11 13 15 18-19
t/02fail.t     8  2048     8    8  1-8
1 test skipped.
Failed 2/5 test scripts. 18/34 subtests failed.
Files=5, Tests=34,  5 wallclock secs ( 0.00 cusr +  0.00 csys =  0.00 CPU)
Failed 2/5 test programs. 18/34 subtests failed.
