<!DOCTYPE html>

<html lang="en">
  <head>
    <title>Bug #99006 for Test-Exception: During install:  “Error:  Bareword &#34;Test::Stream::Event::Ok::NAME&#34; not allowed while &#34;strict subs&#34; in use”</title>
    <meta http-equiv="X-UA-Compatible" content="IE=edge" />
    <!-- The X-UA-Compatible <meta> tag above must be very early in <head> -->

    <script>
if (window.top !== window.self) {
    document.write = "";

    window.top.location = window.self.location;

    setTimeout(function(){
        document.body.innerHTML = "";
    }, 1);

    window.self.onload = function(){
        document.body.innerHTML = "";
    };
}
</script>



<link rel="shortcut icon" href="/NoAuth/images/favicon.png" type="image/png" />
<link rel="stylesheet" href="/NoAuth/css/aileron-squished-00f758259152f8b6670ee485f462e6b8.css" type="text/css" media="all" />
<link rel="stylesheet" href="/NoAuth/css/print.css" type="text/css" media="print" />




<script type="text/javascript" src="/NoAuth/js/squished-42167f2409ce368da2d31038e5cb2a57.js"></script>

<script type="text/javascript"><!--
	jQuery( loadTitleBoxStates );

--></script>


<!--[if lt IE 8]>
<link rel="stylesheet" href="/NoAuth/css/aileron/msie.css" type="text/css" media="all" />
<![endif]-->
<!--[if lt IE 7]>
<link rel="stylesheet" href="/NoAuth/css/aileron/msie6.css" type="text/css" media="all" />
<![endif]-->
<script type="text/javascript">
jQuery(document).ready(function(){
    jQuery.fn.supersubs.defaults = {
        maxWidth: 30,
        extraWidth: 2
    };

    jQuery("#app-nav.toplevel").addClass('sf-menu sf-js-enabled sf-shadow').supersubs().superfish({ speed: 'fast' });
    jQuery("#page-menu.toplevel").addClass('sf-menu sf-js-enabled').supersubs().superfish({ dropShadows: false, speed: 'fast' }).supposition();
});
</script>


<!-- Site CSS from theme editor -->
<style type="text/css" media="all" id="sitecss">
</style>

<meta name="google-site-verification" content="kD3-uEJK1AkTqaC-rckcSt_HPkAj674DPPuEN6i-y0g" />

</head>
  <body class="aileron sidebyside" id="comp-Public-Bug-Display">

<div id="logo">
<a href="/"><img
    src="/NoAuth/images/cpan.png"
    alt="CPAN"
    width="181"
    height="38" /></a>
    <span class="rtname">RT for rt.cpan.org</span>
</div>


<div id="quickbar">
  <div id="quick-personal">
    <span class="hide"><a href="#skipnav">Skip Menu</a> | </span>
</div>

</div>
<div id="header"><h1>Bug #99006 for Test-Exception: During install:  “Error:  Bareword &#34;Test::Stream::Event::Ok::NAME&#34; not allowed while &#34;strict subs&#34; in use”</h1></div>



<div id="page-navigation"><ul id="page-menu" class="toplevel">
 <li id="li-page-active_bugs"><a id="page-active_bugs" class="menu-item " href="/Public/Dist/Test-Exception/Active/">Active bugs</a></li>
 <li id="li-page-resolved_bugs"><a id="page-resolved_bugs" class="menu-item " href="/Public/Dist/Test-Exception/Resolved/">Resolved bugs</a></li>
 <li id="li-page-rejected_bugs"><a id="page-rejected_bugs" class="menu-item " href="/Public/Dist/Test-Exception/Rejected/">Rejected bugs</a></li>
 <li id="li-page-report"><a id="page-report" class="menu-item " href="/Public/Dist/Test-Exception/Active/"></a></li>
</ul></div>
<div id="topactions">



</div>
<div id="body">


<a name="skipnav" id="skipnav" accesskey="8"></a>




<div id="external_bugtracker">
<h3>Preferred bug tracker</h3>
<p>
<div>Please visit the <a href="https://github.com/Test-More/test-exception/issues">preferred bug tracker</a> to report your issue.</div>
</p>
</div>

<p>This queue is for tickets about the <a href="https://metacpan.org/release/Test-Exception">Test-Exception CPAN distribution</a>.</p>





<div class="">
  <div class="titlebox" id="">
  <div class="titlebox-title">
    <span class="widget"><a href="#" onclick="return rollup('TitleBox\x2D\x2D\x5FPublic\x5FBug\x5FDisplay\x5Fhtml\x2D\x2D\x2D\x2D\x2D\x2DUmVwb3J0IGluZm9ybWF0aW9u\x2D\x2D\x2D0');" title="Toggle visibility"></a></span>
    <span class="left">Report information</span>
    <span class="right-empty">		    </span>
  </div>
  <div class="titlebox-content " id="TitleBox--_Public_Bug_Display_html------UmVwb3J0IGluZm9ybWF0aW9u---0">


<table width="100%" class="ticket-summary">
<tr>
  <td valign="top" class="boxcontainer">
    <div class="ticket-info-basics">
  <div class="titlebox ticket-info-basics " id="">
  <div class="titlebox-title">
    <span class="widget"><a href="#" onclick="return rollup('TitleBox\x2D\x2D\x5FPublic\x5FBug\x5FDisplay\x5Fhtml\x2D\x2Dticket\x2Dinfo\x2Dbasics\x2D\x2D\x2D\x2DVGhlIEJhc2ljcw\x5F\x5F\x2D\x2D\x2D0');" title="Toggle visibility"></a></span>
    <span class="left">The Basics</span>
    <span class="right-empty">		    </span>
  </div>
  <div class="titlebox-content " id="TitleBox--_Public_Bug_Display_html--ticket-info-basics----VGhlIEJhc2ljcw__---0">


        <table>
  <tr class="id">
    <td class="label">Id:</td>
    <td class="value">99006</td>
  </tr>
  <tr class="status">
    <td class="label">Status:</td>
    <td class="value">resolved</td>
  </tr>
  <tr class="priority">
    <td class="label">Priority:</td>
    <td class="value">0/
</td>
  </tr>
  <tr class="queue">
    <td class="label">Queue:</td>
    <td class="value"><a href="/Public/Dist/Test-Exception/Active/">Test-Exception</a>
</td>
  </tr>
</table>

        <hr class="clear" />
  </div>
</div>




</div>


    <div class="ticket-info-people">
  <div class="titlebox ticket-info-people " id="">
  <div class="titlebox-title">
    <span class="widget"><a href="#" onclick="return rollup('TitleBox\x2D\x2D\x5FPublic\x5FBug\x5FDisplay\x5Fhtml\x2D\x2Dticket\x2Dinfo\x2Dpeople\x2D\x2D\x2D\x2DUGVvcGxl\x2D\x2D\x2D0');" title="Toggle visibility"></a></span>
    <span class="left">People</span>
    <span class="right-empty">		    </span>
  </div>
  <div class="titlebox-content " id="TitleBox--_Public_Bug_Display_html--ticket-info-people----UGVvcGxl---0">


        <table>
  <tr>
    <td class="label">Owner:</td>
    <td class="value">Nobody in particular
    
    </td>
  </tr>
  <tr>
    <td class="labeltop">Requestors:</td>
    <td class="value">
CSCHWENZ [...] cpan.org

<br />

</td>
  </tr>
  <tr>
    <td class="labeltop">Cc:</td>
    <td class="value">
calvin.schwenzfeier [...] gmail.com

<br />

</td>
  </tr>
  <tr>
    <td class="labeltop">AdminCc:</td>
    <td class="value">

</td>
  </tr>
</table>

        <hr class="clear" />
  </div>
</div>




</div>



  </td>
  <td valign="top" class="boxcontainer">
    
    <div class="ticket-info-cfs">
  <div class="titlebox ticket-info-cfs " id="">
  <div class="titlebox-title">
    <span class="widget"><a href="#" onclick="return rollup('TitleBox\x2D\x2D\x5FPublic\x5FBug\x5FDisplay\x5Fhtml\x2D\x2Dticket\x2Dinfo\x2Dcfs\x2D\x2D\x2D\x2DQnVnIEluZm9ybWF0aW9u\x2D\x2D\x2D0');" title="Toggle visibility"></a></span>
    <span class="left">Bug Information</span>
    <span class="right-empty">		    </span>
  </div>
  <div class="titlebox-content " id="TitleBox--_Public_Bug_Display_html--ticket-info-cfs----QnVnIEluZm9ybWF0aW9u---0">

 
        <table>
  <tr id="CF-1-ShowRow">
    <td class="label">Severity:</td>
    <td class="value">
Normal    </td>
  </tr>
  <tr id="CF-31394-ShowRow">
    <td class="label">Broken in:</td>
    <td class="value">
0.33    </td>
  </tr>
  <tr id="CF-31395-ShowRow">
    <td class="label">Fixed in:</td>
    <td class="value">
<i>(no value)</i>
    </td>
  </tr>
</table>


        <hr class="clear" />
  </div>
</div>




</div>


    




  </td>
</tr>
</table>

    <hr class="clear" />
  </div>
</div>




</div>


<br />


<div class="history">
<div class="titlebox" id="">
  <div class="titlebox-title">
    <span class="widget"><a href="#" onclick="return rollup('TitleBox\x2D\x2D\x5FPublic\x5FBug\x5FDisplay\x5Fhtml\x2D\x2D\x2D\x2D\x2D\x2DSGlzdG9yeQ\x5F\x5F\x2D\x2D\x2D0');" title="Toggle visibility"></a></span>
    <span class="left">History</span>
    <span class="right">		<a href="#" data-direction="open" onclick="return toggle_all_folds(this, 'Show\x20all\x20quoted\x20text', 'Hide\x20all\x20quoted\x20text');">Show all quoted text</a>    </span>
  </div>
  <div class="titlebox-content " id="TitleBox--_Public_Bug_Display_html------SGlzdG9yeQ__---0">


<div id="ticket-history">
<div class="ticket-transaction message Create odd">
<div class="ticket-transaction">
  <div class="metadata">
    <span class="type">
      &nbsp;      
    </span>
    <span class="date">Sat&nbsp;Sep&nbsp;20&nbsp;17:16:35&nbsp;2014</span>
    <span class="description">CSCHWENZ [...] cpan.org -  Ticket created</span>
    <span class="time-taken"></span>    <span class="actions hidden"></span>
  </div>
    <div class="content">
      
<table>
  <tr>
    <td align="right" class="message-header-key">CC:</td>
    <td class="message-header-value"> calvin.schwenzfeier [...] gmail.com</td>
  </tr>
  <tr>
    <td align="right" class="message-header-key">Subject:</td>
    <td class="message-header-value"> During install:  “Error:  Bareword &#34;Test::Stream::Event::Ok::NAME&#34;
 not allowed while &#34;strict subs&#34; in use”</td>
  </tr>
</table>

<div class="messagebody">
<div class="message-stanza plain-text-white-space">Configuring E/EX/EXODIST/Test-Exception-0.33.tar.gz with Build.PL
Created MYMETA.yml and MYMETA.json
Creating new &#39;Build&#39; script for &#39;Test-Exception&#39; version &#39;0.33&#39;
  EXODIST/Test-Exception-0.33.tar.gz
  /usr/local/perl-5.20.1/bin/perl Build.PL -- OK
Running Build for E/EX/EXODIST/Test-Exception-0.33.tar.gz
Building Test-Exception
  EXODIST/Test-Exception-0.33.tar.gz
  ./Build -- OK
Running Build test
t/Exception.t ... 1/20 
#   Failed test &#39;use Test::Exception;&#39;
#   at t/Exception.t line 9.
#     Tried to use &#39;Test::Exception&#39;.
#     Error:  Bareword &#34;Test::Stream::Event::Ok::NAME&#34; not allowed while &#34;strict subs&#34; in use at  /Users/cschwenz/.cpan/build/Test-Exception-0.33-2i2YsR/blib/lib/Test/Exception.pm line 344.
# Bareword &#34;Test::Stream::Event::Ok::NAME&#34; not allowed while &#34;strict subs&#34; in use at  /Users/cschwenz/.cpan/build/Test-Exception-0.33-2i2YsR/blib/lib/Test/Exception.pm line 344.
# BEGIN not safe after errors--compilation aborted at  /Users/cschwenz/.cpan/build/Test-Exception-0.33-2i2YsR/blib/lib/Test/Exception.pm line 353.
# Compilation failed in require at t/Exception.t line 9.
# BEGIN failed--compilation aborted at t/Exception.t line 9.
a normal die
t/Exception.t ... Dubious, test returned 255 &#40;wstat 65280, 0xff00&#41;
Failed 20/20 subtests 
t/caller.t ...... Bareword &#34;Test::Stream::Event::Ok::NAME&#34; not allowed while &#34;strict subs&#34; in use at  /Users/cschwenz/.cpan/build/Test-Exception-0.33-2i2YsR/blib/lib/Test/Exception.pm line 344.
Bareword &#34;Test::Stream::Event::Ok::NAME&#34; not allowed while &#34;strict subs&#34; in use at  /Users/cschwenz/.cpan/build/Test-Exception-0.33-2i2YsR/blib/lib/Test/Exception.pm line 344.
BEGIN not safe after errors--compilation aborted at  /Users/cschwenz/.cpan/build/Test-Exception-0.33-2i2YsR/blib/lib/Test/Exception.pm line 353.
Compilation failed in require at t/caller.t line 8.
BEGIN failed--compilation aborted at t/caller.t line 8.
t/caller.t ...... Dubious, test returned 255 &#40;wstat 65280, 0xff00&#41;
No subtests run 
t/edge-cases.t .. skipped: stuff relating to RT#24678 that I have not fixed yet
t/import.t ...... 1/? 
#   Failed test &#39;use Test::Exception;&#39;
#   at t/import.t line 7.
#     Tried to use &#39;Test::Exception&#39;.
#     Error:  Bareword &#34;Test::Stream::Event::Ok::NAME&#34; not allowed while &#34;strict subs&#34; in use at  /Users/cschwenz/.cpan/build/Test-Exception-0.33-2i2YsR/blib/lib/Test/Exception.pm line 344.
# Bareword &#34;Test::Stream::Event::Ok::NAME&#34; not allowed while &#34;strict subs&#34; in use at  /Users/cschwenz/.cpan/build/Test-Exception-0.33-2i2YsR/blib/lib/Test/Exception.pm line 344.
# BEGIN not safe after errors--compilation aborted at  /Users/cschwenz/.cpan/build/Test-Exception-0.33-2i2YsR/blib/lib/Test/Exception.pm line 353.
# Compilation failed in require at t/import.t line 7.
# BEGIN failed--compilation aborted at t/import.t line 7.

#   Failed test &#39;Test::Exception set plan&#39;
#   at t/import.t line 9.
#          got: &#39;0&#39;
#     expected: &#39;2&#39;
# Tests were run but no plan was declared and done_testing&#40;&#41; was not seen.
t/import.t ...... Dubious, test returned 2 &#40;wstat 512, 0x200&#41;
Failed 2/2 subtests 
t/isa.t ......... Bareword &#34;Test::Stream::Event::Ok::NAME&#34; not allowed while &#34;strict subs&#34; in use at  /Users/cschwenz/.cpan/build/Test-Exception-0.33-2i2YsR/blib/lib/Test/Exception.pm line 344.
Bareword &#34;Test::Stream::Event::Ok::NAME&#34; not allowed while &#34;strict subs&#34; in use at  /Users/cschwenz/.cpan/build/Test-Exception-0.33-2i2YsR/blib/lib/Test/Exception.pm line 344.
BEGIN not safe after errors--compilation aborted at  /Users/cschwenz/.cpan/build/Test-Exception-0.33-2i2YsR/blib/lib/Test/Exception.pm line 353.
Compilation failed in require at t/isa.t line 7.
BEGIN failed--compilation aborted at t/isa.t line 7.
# Looks like your test exited with 255 before it could output anything.
t/isa.t ......... Dubious, test returned 255 &#40;wstat 65280, 0xff00&#41;
Failed 1/1 subtests 
t/lives_and.t ... 1/3 
#   Failed test &#39;use Test::Exception;&#39;
#   at t/lives_and.t line 8.
#     Tried to use &#39;Test::Exception&#39;.
#     Error:  Bareword &#34;Test::Stream::Event::Ok::NAME&#34; not allowed while &#34;strict subs&#34; in use at  /Users/cschwenz/.cpan/build/Test-Exception-0.33-2i2YsR/blib/lib/Test/Exception.pm line 344.
# Bareword &#34;Test::Stream::Event::Ok::NAME&#34; not allowed while &#34;strict subs&#34; in use at  /Users/cschwenz/.cpan/build/Test-Exception-0.33-2i2YsR/blib/lib/Test/Exception.pm line 344.
# BEGIN not safe after errors--compilation aborted at  /Users/cschwenz/.cpan/build/Test-Exception-0.33-2i2YsR/blib/lib/Test/Exception.pm line 353.
# Compilation failed in require at t/lives_and.t line 8.
# BEGIN failed--compilation aborted at t/lives_and.t line 8.
Can&#39;t locate object method &#34;lives_and&#34; via package &#34;1&#34; &#40;perhaps you forgot to load &#34;1&#34;?&#41; at t/lives_and.t line 15.
# Looks like you planned 3 tests but ran 2.
# Looks like you failed 1 test of 2 run.
# Looks like your test exited with 255 just after 2.
t/lives_and.t ... Dubious, test returned 255 &#40;wstat 65280, 0xff00&#41;
Failed 2/3 subtests 
t/preserve.t .... 1/5 
#   Failed test &#39;use Test::Exception;&#39;
#   at t/preserve.t line 8.
#     Tried to use &#39;Test::Exception&#39;.
#     Error:  Bareword &#34;Test::Stream::Event::Ok::NAME&#34; not allowed while &#34;strict subs&#34; in use at  /Users/cschwenz/.cpan/build/Test-Exception-0.33-2i2YsR/blib/lib/Test/Exception.pm line 344.
# Bareword &#34;Test::Stream::Event::Ok::NAME&#34; not allowed while &#34;strict subs&#34; in use at  /Users/cschwenz/.cpan/build/Test-Exception-0.33-2i2YsR/blib/lib/Test/Exception.pm line 344.
# BEGIN not safe after errors--compilation aborted at  /Users/cschwenz/.cpan/build/Test-Exception-0.33-2i2YsR/blib/lib/Test/Exception.pm line 353.
# Compilation failed in require at t/preserve.t line 8.
# BEGIN failed--compilation aborted at t/preserve.t line 8.
Illegal division by zero at t/preserve.t line 12.
# Looks like you planned 5 tests but ran 1.
# Looks like you failed 1 test of 1 run.
# Looks like your test exited with 255 just after 1.
t/preserve.t .... Dubious, test returned 255 &#40;wstat 65280, 0xff00&#41;
Failed 5/5 subtests 
t/return.t ...... 1/13 
#   Failed test &#39;use Test::Exception;&#39;
#   at t/return.t line 10.
#     Tried to use &#39;Test::Exception&#39;.
#     Error:  Bareword &#34;Test::Stream::Event::Ok::NAME&#34; not allowed while &#34;strict subs&#34; in use at  /Users/cschwenz/.cpan/build/Test-Exception-0.33-2i2YsR/blib/lib/Test/Exception.pm line 344.
# Bareword &#34;Test::Stream::Event::Ok::NAME&#34; not allowed while &#34;strict subs&#34; in use at  /Users/cschwenz/.cpan/build/Test-Exception-0.33-2i2YsR/blib/lib/Test/Exception.pm line 344.
# BEGIN not safe after errors--compilation aborted at  /Users/cschwenz/.cpan/build/Test-Exception-0.33-2i2YsR/blib/lib/Test/Exception.pm line 353.
# Compilation failed in require at t/return.t line 10.
# BEGIN failed--compilation aborted at t/return.t line 10.
Illegal division by zero at t/return.t line 14.
# Looks like you planned 13 tests but ran 1.
# Looks like you failed 1 test of 1 run.
# Looks like your test exited with 255 just after 1.
t/return.t ...... Dubious, test returned 255 &#40;wstat 65280, 0xff00&#41;
Failed 13/13 subtests 
t/rt.t .......... Bareword &#34;Test::Stream::Event::Ok::NAME&#34; not allowed while &#34;strict subs&#34; in use at  /Users/cschwenz/.cpan/build/Test-Exception-0.33-2i2YsR/blib/lib/Test/Exception.pm line 344.
Bareword &#34;Test::Stream::Event::Ok::NAME&#34; not allowed while &#34;strict subs&#34; in use at  /Users/cschwenz/.cpan/build/Test-Exception-0.33-2i2YsR/blib/lib/Test/Exception.pm line 344.
BEGIN not safe after errors--compilation aborted at  /Users/cschwenz/.cpan/build/Test-Exception-0.33-2i2YsR/blib/lib/Test/Exception.pm line 353.
Compilation failed in require at t/rt.t line 6.
BEGIN failed--compilation aborted at t/rt.t line 6.
# Looks like your test exited with 255 before it could output anything.
t/rt.t .......... Dubious, test returned 255 &#40;wstat 65280, 0xff00&#41;
No subtests run 
t/stacktrace.t .. 1/3 
#   Failed test &#39;use Test::Exception;&#39;
#   at t/stacktrace.t line 10.
#     Tried to use &#39;Test::Exception&#39;.
#     Error:  Bareword &#34;Test::Stream::Event::Ok::NAME&#34; not allowed while &#34;strict subs&#34; in use at  /Users/cschwenz/.cpan/build/Test-Exception-0.33-2i2YsR/blib/lib/Test/Exception.pm line 344.
# Bareword &#34;Test::Stream::Event::Ok::NAME&#34; not allowed while &#34;strict subs&#34; in use at  /Users/cschwenz/.cpan/build/Test-Exception-0.33-2i2YsR/blib/lib/Test/Exception.pm line 344.
# BEGIN not safe after errors--compilation aborted at  /Users/cschwenz/.cpan/build/Test-Exception-0.33-2i2YsR/blib/lib/Test/Exception.pm line 353.
# Compilation failed in require at t/stacktrace.t line 10.
# BEGIN failed--compilation aborted at t/stacktrace.t line 10.
something unexpected at t/stacktrace.t line 20.
        main::throw&#40;&#41; called at t/stacktrace.t line 21
        main::try&#40;&#34;fribble&#34;&#41; called at t/stacktrace.t line 32
        main::test_false_positive&#40;&#34;/fribble/&#34;&#41; called at t/stacktrace.t line 18
t/stacktrace.t .. Dubious, test returned 255 &#40;wstat 65280, 0xff00&#41;
Failed 3/3 subtests 
t/throws_ok.t ... 1/2 
#   Failed test &#39;use Test::Exception;&#39;
#   at t/throws_ok.t line 6.
#     Tried to use &#39;Test::Exception&#39;.
#     Error:  Bareword &#34;Test::Stream::Event::Ok::NAME&#34; not allowed while &#34;strict subs&#34; in use at  /Users/cschwenz/.cpan/build/Test-Exception-0.33-2i2YsR/blib/lib/Test/Exception.pm line 344.
# Bareword &#34;Test::Stream::Event::Ok::NAME&#34; not allowed while &#34;strict subs&#34; in use at  /Users/cschwenz/.cpan/build/Test-Exception-0.33-2i2YsR/blib/lib/Test/Exception.pm line 344.
# BEGIN not safe after errors--compilation aborted at  /Users/cschwenz/.cpan/build/Test-Exception-0.33-2i2YsR/blib/lib/Test/Exception.pm line 353.
# Compilation failed in require at t/throws_ok.t line 6.
# BEGIN failed--compilation aborted at t/throws_ok.t line 6.

#   Failed test &#39;cannot pass undef to throws_ok&#39;
#   at t/throws_ok.t line 9.
#                   &#39;Can&#39;t call method &#34;throws_ok&#34; on an undefined value at t/throws_ok.t line 8.
# &#39;
#     doesn&#39;t match &#39;/^throws_ok/&#39;
# Looks like you failed 2 tests of 2.
t/throws_ok.t ... Dubious, test returned 2 &#40;wstat 512, 0x200&#41;
Failed 2/2 subtests 

Test Summary Report
-------------------
t/Exception.t &#40;Wstat: 65280 Tests: 1 Failed: 1&#41;
  Failed test:  1
  Non-zero exit status: 255
  Parse errors: Bad plan.  You planned 20 tests but ran 1.
t/caller.t    &#40;Wstat: 65280 Tests: 0 Failed: 0&#41;
  Non-zero exit status: 255
  Parse errors: No plan found in TAP output
t/import.t    &#40;Wstat: 512 Tests: 2 Failed: 2&#41;
  Failed tests:  1-2
  Non-zero exit status: 2
  Parse errors: No plan found in TAP output
t/isa.t       &#40;Wstat: 65280 Tests: 0 Failed: 0&#41;
  Non-zero exit status: 255
  Parse errors: Bad plan.  You planned 1 tests but ran 0.
t/lives_and.t &#40;Wstat: 65280 Tests: 2 Failed: 1&#41;
  Failed test:  1
  Non-zero exit status: 255
  Parse errors: Bad plan.  You planned 3 tests but ran 2.
t/preserve.t  &#40;Wstat: 65280 Tests: 1 Failed: 1&#41;
  Failed test:  1
  Non-zero exit status: 255
  Parse errors: Bad plan.  You planned 5 tests but ran 1.
t/return.t    &#40;Wstat: 65280 Tests: 1 Failed: 1&#41;
  Failed test:  1
  Non-zero exit status: 255
  Parse errors: Bad plan.  You planned 13 tests but ran 1.
t/rt.t        &#40;Wstat: 65280 Tests: 0 Failed: 0&#41;
  Non-zero exit status: 255
  Parse errors: No plan found in TAP output
t/stacktrace.t &#40;Wstat: 65280 Tests: 1 Failed: 1&#41;
  Failed test:  1
  Non-zero exit status: 255
  Parse errors: Bad plan.  You planned 3 tests but ran 1.
t/throws_ok.t &#40;Wstat: 512 Tests: 2 Failed: 2&#41;
  Failed tests:  1-2
  Non-zero exit status: 2
Files=11, Tests=10,  1 wallclock secs &#40; 0.06 usr  0.03 sys +  0.40 cusr  0.07 csys =  0.56 CPU&#41;
Result: FAIL
Failed 10/11 test programs. 9/10 subtests failed.
  EXODIST/Test-Exception-0.33.tar.gz
  ./Build test -- NOT OK
//hint// to see the cpan-testers results for installing this module, try:
  reports EXODIST/Test-Exception-0.33.tar.gz
Failed during this command:
 EXODIST/Test-Exception-0.33.tar.gz           : make_test NO
</div></div>
    </div>
</div>
</div>
<div class="ticket-transaction message Correspond even">
<div class="ticket-transaction">
  <div class="metadata">
    <span class="type">
      &nbsp;      
    </span>
    <span class="date">Wed&nbsp;Dec&nbsp;30&nbsp;16:18:44&nbsp;2015</span>
    <span class="description">exodist7 [...] gmail.com -  Correspondence added</span>
    <span class="time-taken"></span>    <span class="actions hidden"></span>
  </div>
    <div class="content">
      

<div class="messagebody">
<div class="message-stanza plain-text-white-space">This is no longer an issue, it had to do with an old Test::Stream and an old Test::Exception.
</div></div>
    </div>
</div>
</div>
<div class="ticket-transaction basics Status odd">
<div class="ticket-transaction">
  <div class="metadata">
    <span class="type">
      &nbsp;      
    </span>
    <span class="date">Wed&nbsp;Dec&nbsp;30&nbsp;16:18:44&nbsp;2015</span>
    <span class="description">The RT System itself -  Status changed from &#39;new&#39; to &#39;open&#39;</span>
    <span class="time-taken"></span>    <span class="actions hidden"></span>
  </div>
    <div class="content">
    </div>
</div>
</div>
<div class="ticket-transaction basics Status even">
<div class="ticket-transaction">
  <div class="metadata">
    <span class="type">
      &nbsp;      
    </span>
    <span class="date">Wed&nbsp;Dec&nbsp;30&nbsp;16:18:56&nbsp;2015</span>
    <span class="description">exodist7 [...] gmail.com -  Status changed from &#39;open&#39; to &#39;resolved&#39;</span>
    <span class="time-taken"></span>    <span class="actions hidden"></span>
  </div>
    <div class="content">
    </div>
</div>
</div>
</div>
    <hr class="clear" />
  </div>
</div>




</div>
 


  <hr class="clear" />
</div>
</body>
</html>
