/usr/bin/perl5.8.8 Build --makefile_env_macros 1 test
t/base........
#   Failed test 'use Encode::Detect::Detector;'
#   in t/base.t at line 5.
#     Tried to use 'Encode::Detect::Detector'.
#     Error:  Can't load '/mnt/sda1/Linux/Squeezebox/perl_missing/Encode-Detect-1.01/blib/arch/auto/Encode/Detect/Detector/Detector.so' for module Encode::Detect::Detector: /mnt/sda1/Linux/Squeezebox/perl_missing/Encode-Detect-1.01/blib/arch/auto/Encode/Detect/Detector/Detector.so: undefined symbol: _ZTVN10__cxxabiv120__si_class_type_infoE at /usr/lib/perl5/5.8.8/i486-linux-thread-multi/DynaLoader.pm line 230.
#  at (eval 3) line 2
# Compilation failed in require at (eval 3) line 2.
# BEGIN failed--compilation aborted at t/base.t line 5.
Can't locate auto/Encode/Detect/Detector/new.al in @INC (@INC contains: /mnt/sda1/Linux/Squeezebox/perl_missing/Encode-Detect-1.01/blib/lib /mnt/sda1/Linux/Squeezebox/perl_missing/Encode-Detect-1.01/blib/arch /usr/lib/perl5/5.8.8/i486-linux-thread-multi /usr/lib/perl5/5.8.8 /usr/lib/perl5/site_perl/5.8.8/i486-linux-thread-multi /usr/lib/perl5/site_perl/5.8.8 /usr/lib/perl5/site_perl /usr/lib/perl5/vendor_perl/5.8.8/i486-linux-thread-multi /usr/lib/perl5/vendor_perl/5.8.8 /usr/lib/perl5/vendor_perl .) at t/base.t line 9
# Looks like you failed 1 test of 1.
# Looks like your test died just after 1.
dubious
	Test returned status 255 (wstat 65280, 0xff00)
DIED. FAILED test 1
	Failed 1/1 tests, 0.00% okay
t/encoding....Can't load '/mnt/sda1/Linux/Squeezebox/perl_missing/Encode-Detect-1.01/blib/arch/auto/Encode/Detect/Detector/Detector.so' for module Encode::Detect::Detector: /mnt/sda1/Linux/Squeezebox/perl_missing/Encode-Detect-1.01/blib/arch/auto/Encode/Detect/Detector/Detector.so: undefined symbol: _ZTVN10__cxxabiv120__si_class_type_infoE at /usr/lib/perl5/5.8.8/i486-linux-thread-multi/DynaLoader.pm line 230.
 at /mnt/sda1/Linux/Squeezebox/perl_missing/Encode-Detect-1.01/blib/lib/Encode/Detect.pm line 43
Compilation failed in require at /mnt/sda1/Linux/Squeezebox/perl_missing/Encode-Detect-1.01/blib/lib/Encode/Detect.pm line 43.
BEGIN failed--compilation aborted at /mnt/sda1/Linux/Squeezebox/perl_missing/Encode-Detect-1.01/blib/lib/Encode/Detect.pm line 43.
Compilation failed in require at t/encoding.t line 9.
# Looks like your test died just after 1.
dubious
	Test returned status 255 (wstat 65280, 0xff00)
	after all the subtests completed successfully
Failed Test  Stat Wstat Total Fail  Failed  List of Failed
-------------------------------------------------------------------------------
t/base.t      255 65280     1    1 100.00%  1
t/encoding.t  255 65280     1    0   0.00%  ??
Failed 2/2 test scripts, 0.00% okay. 1/2 subtests failed, 50.00% okay.
make: *** [test] Error 255
