Script started on Thu Jan 13 17:00:11 2011
sh-3.00$ pwd
/export/home/buildbot/BuildSlave/OVP_COM-build-sol10-amd64/build/svnbuild/opsview-perl/perlmods
sh-3.00$ tar zvxf YAML-LibYAML-0.34: .tar.gz 
YAML-LibYAML-0.34/
YAML-LibYAML-0.34/Changes
YAML-LibYAML-0.34/inc/
YAML-LibYAML-0.34/lib/
YAML-LibYAML-0.34/LibYAML/
YAML-LibYAML-0.34/Makefile.PL
YAML-LibYAML-0.34/MANIFEST
YAML-LibYAML-0.34/META.yml
YAML-LibYAML-0.34/README
YAML-LibYAML-0.34/t/
YAML-LibYAML-0.34/t/alias.t
YAML-LibYAML-0.34/t/api.t
YAML-LibYAML-0.34/t/ascii.t
YAML-LibYAML-0.34/t/blessed.t
YAML-LibYAML-0.34/t/boolean.t
YAML-LibYAML-0.34/t/bug-pvf.t
YAML-LibYAML-0.34/t/bug-stack.t
YAML-LibYAML-0.34/t/changes.t
YAML-LibYAML-0.34/t/code.t
YAML-LibYAML-0.34/t/data/
YAML-LibYAML-0.34/t/dump.t
YAML-LibYAML-0.34/t/empty.t
YAML-LibYAML-0.34/t/error.t
YAML-LibYAML-0.34/t/file.t
YAML-LibYAML-0.34/t/glob.t
YAML-LibYAML-0.34/t/leak.t
YAML-LibYAML-0.34/t/load.t
YAML-LibYAML-0.34/t/magic.t
YAML-LibYAML-0.34/t/native.t
YAML-LibYAML-0.34/t/null.t
YAML-LibYAML-0.34/t/numbers.t
YAML-LibYAML-0.34/t/pl_sv_undef.t
YAML-LibYAML-0.34/t/private.t
YAML-LibYAML-0.34/t/quote.t
YAML-LibYAML-0.34/t/ref-scalar.t
YAML-LibYAML-0.34/t/regexp.t
YAML-LibYAML-0.34/t/string_nulls.t
YAML-LibYAML-0.34/t/tags.t
YAML-LibYAML-0.34/t/TestYAML.pm
YAML-LibYAML-0.34/t/TestYAMLTests.pm
YAML-LibYAML-0.34/t/tied.t
YAML-LibYAML-0.34/t/utf8.t
YAML-LibYAML-0.34/t/yaml_tests.yaml
YAML-LibYAML-0.34/t/data/basic.t
YAML-LibYAML-0.34/LibYAML/api.c
YAML-LibYAML-0.34/LibYAML/config.h
YAML-LibYAML-0.34/LibYAML/dumper.c
YAML-LibYAML-0.34/LibYAML/emitter.c
YAML-LibYAML-0.34/LibYAML/lib/
YAML-LibYAML-0.34/LibYAML/LibYAML.xs
YAML-LibYAML-0.34/LibYAML/loader.c
YAML-LibYAML-0.34/LibYAML/Makefile.PL
YAML-LibYAML-0.34/LibYAML/parser.c
YAML-LibYAML-0.34/LibYAML/perl_libyaml.c
YAML-LibYAML-0.34/LibYAML/perl_libyaml.h
YAML-LibYAML-0.34/LibYAML/ppport.h
YAML-LibYAML-0.34/LibYAML/ppport_sort.h
YAML-LibYAML-0.34/LibYAML/reader.c
YAML-LibYAML-0.34/LibYAML/scanner.c
YAML-LibYAML-0.34/LibYAML/test.pl
YAML-LibYAML-0.34/LibYAML/writer.c
YAML-LibYAML-0.34/LibYAML/yaml.h
YAML-LibYAML-0.34/LibYAML/yaml_private.h
YAML-LibYAML-0.34/LibYAML/lib/YAML/
YAML-LibYAML-0.34/LibYAML/lib/YAML/XS/
YAML-LibYAML-0.34/LibYAML/lib/YAML/XS/LibYAML.pm
YAML-LibYAML-0.34/lib/YAML/
YAML-LibYAML-0.34/lib/YAML/LibYAML.pm
YAML-LibYAML-0.34/lib/YAML/XS.pm
YAML-LibYAML-0.34/inc/Module/
YAML-LibYAML-0.34/inc/Spiffy.pm
YAML-LibYAML-0.34/inc/Test/
YAML-LibYAML-0.34/inc/Test/Base/
YAML-LibYAML-0.34/inc/Test/Base.pm
YAML-LibYAML-0.34/inc/Test/Builder/
YAML-LibYAML-0.34/inc/Test/Builder.pm
YAML-LibYAML-0.34/inc/Test/More.pm
YAML-LibYAML-0.34/inc/Test/Builder/Module.pm
YAML-LibYAML-0.34/inc/Test/Base/Filter.pm
YAML-LibYAML-0.34/inc/Module/Install/
YAML-LibYAML-0.34/inc/Module/Install.pm
YAML-LibYAML-0.34/inc/Module/Install/AckXXX.pm
YAML-LibYAML-0.34/inc/Module/Install/Base.pm
YAML-LibYAML-0.34/inc/Module/Install/Can.pm
YAML-LibYAML-0.34/inc/Module/Install/Fetch.pm
YAML-LibYAML-0.34/inc/Module/Install/Include.pm
YAML-LibYAML-0.34/inc/Module/Install/Makefile.pm
YAML-LibYAML-0.34/inc/Module/Install/ManifestSkip.pm
YAML-LibYAML-0.34/inc/Module/Install/Metadata.pm
YAML-LibYAML-0.34/inc/Module/Install/ReadmeFromPod.pm
YAML-LibYAML-0.34/inc/Module/Install/TestBase.pm
YAML-LibYAML-0.34/inc/Module/Install/VersionCheck.pm
YAML-LibYAML-0.34/inc/Module/Install/Win32.pm
YAML-LibYAML-0.34/inc/Module/Install/WriteAll.pm
sh-3.00$ cd YAML-LibYAML-0.34/
sh-3.00$ PERL5LIB=../ExtUtils-MakeMaker-6.56/blib//lib/ perlgcc Makefile.PL && m ake && make test
Checking if your kit is complete...
Looks good
Have /usr/perl5/5.8.4/lib/Sun/Solaris/PerlGcc
Want /usr/perl5/5.8.4/lib/i86pc-solaris-64int
Your perl and your Config.pm seem to have different ideas about the 
architecture they are running on.
Perl thinks: [PerlGcc]
Config says: [i86pc-solaris-64int]
This may or may not cause problems. Please check your installation of perl 
if you have problems building this extension.
Prototype mismatch: sub main::prompt: none vs ($;$) at ../ExtUtils-MakeMaker-6.56/blib//lib//ExtUtils/MakeMaker.pm line 202
Have /usr/perl5/5.8.4/lib/Sun/Solaris/PerlGcc
Want /usr/perl5/5.8.4/lib/i86pc-solaris-64int
Your perl and your Config.pm seem to have different ideas about the 
architecture they are running on.
Perl thinks: [PerlGcc]
Config says: [i86pc-solaris-64int]
This may or may not cause problems. Please check your installation of perl 
if you have problems building this extension.
Writing Makefile for YAML::XS::LibYAML
Writing Makefile for YAML::LibYAML
cp lib/YAML/LibYAML.pm blib/lib/YAML/LibYAML.pm
cp lib/YAML/XS.pm blib/lib/YAML/XS.pm
make[1]: Entering directory `/export/home/buildbot/BuildSlave/OVP_COM-build-sol10-amd64/build/svnbuild/opsview-perl/perlmods/YAML-LibYAML-0.34/LibYAML'
cp lib/YAML/XS/LibYAML.pm ../blib/lib/YAML/XS/LibYAML.pm
gcc -c  -I. -D_LARGEFILE_SOURCE -D_FILE_OFFSET_BITS=64 -D_TS_ERRNO -O2 -fno-strict-aliasing   -DVERSION=\"\" -DXS_VERSION=\"\" -fPIC "-I/usr/perl5/5.8.4/lib/i86pc-solaris-64int/CORE"  -DHAVE_CONFIG_H api.c
gcc -c  -I. -D_LARGEFILE_SOURCE -D_FILE_OFFSET_BITS=64 -D_TS_ERRNO -O2 -fno-strict-aliasing   -DVERSION=\"\" -DXS_VERSION=\"\" -fPIC "-I/usr/perl5/5.8.4/lib/i86pc-solaris-64int/CORE"  -DHAVE_CONFIG_H dumper.c
gcc -c  -I. -D_LARGEFILE_SOURCE -D_FILE_OFFSET_BITS=64 -D_TS_ERRNO -O2 -fno-strict-aliasing   -DVERSION=\"\" -DXS_VERSION=\"\" -fPIC "-I/usr/perl5/5.8.4/lib/i86pc-solaris-64int/CORE"  -DHAVE_CONFIG_H emitter.c
gcc -c  -I. -D_LARGEFILE_SOURCE -D_FILE_OFFSET_BITS=64 -D_TS_ERRNO -O2 -fno-strict-aliasing   -DVERSION=\"\" -DXS_VERSION=\"\" -fPIC "-I/usr/perl5/5.8.4/lib/i86pc-solaris-64int/CORE"  -DHAVE_CONFIG_H loader.c
gcc -c  -I. -D_LARGEFILE_SOURCE -D_FILE_OFFSET_BITS=64 -D_TS_ERRNO -O2 -fno-strict-aliasing   -DVERSION=\"\" -DXS_VERSION=\"\" -fPIC "-I/usr/perl5/5.8.4/lib/i86pc-solaris-64int/CORE"  -DHAVE_CONFIG_H parser.c
gcc -c  -I. -D_LARGEFILE_SOURCE -D_FILE_OFFSET_BITS=64 -D_TS_ERRNO -O2 -fno-strict-aliasing   -DVERSION=\"\" -DXS_VERSION=\"\" -fPIC "-I/usr/perl5/5.8.4/lib/i86pc-solaris-64int/CORE"  -DHAVE_CONFIG_H perl_libyaml.c
gcc -c  -I. -D_LARGEFILE_SOURCE -D_FILE_OFFSET_BITS=64 -D_TS_ERRNO -O2 -fno-strict-aliasing   -DVERSION=\"\" -DXS_VERSION=\"\" -fPIC "-I/usr/perl5/5.8.4/lib/i86pc-solaris-64int/CORE"  -DHAVE_CONFIG_H reader.c
gcc -c  -I. -D_LARGEFILE_SOURCE -D_FILE_OFFSET_BITS=64 -D_TS_ERRNO -O2 -fno-strict-aliasing   -DVERSION=\"\" -DXS_VERSION=\"\" -fPIC "-I/usr/perl5/5.8.4/lib/i86pc-solaris-64int/CORE"  -DHAVE_CONFIG_H scanner.c
gcc -c  -I. -D_LARGEFILE_SOURCE -D_FILE_OFFSET_BITS=64 -D_TS_ERRNO -O2 -fno-strict-aliasing   -DVERSION=\"\" -DXS_VERSION=\"\" -fPIC "-I/usr/perl5/5.8.4/lib/i86pc-solaris-64int/CORE"  -DHAVE_CONFIG_H writer.c
/usr/perl5/5.8.4/bin/perl /usr/perl5/5.8.4/lib/ExtUtils/xsubpp  -typemap /usr/perl5/5.8.4/lib/ExtUtils/typemap  LibYAML.xs > LibYAML.xsc && mv LibYAML.xsc LibYAML.c
gcc -c  -I. -D_LARGEFILE_SOURCE -D_FILE_OFFSET_BITS=64 -D_TS_ERRNO -O2 -fno-strict-aliasing   -DVERSION=\"\" -DXS_VERSION=\"\" -fPIC "-I/usr/perl5/5.8.4/lib/i86pc-solaris-64int/CORE"  -DHAVE_CONFIG_H LibYAML.c
Running Mkbootstrap for YAML::XS::LibYAML ()
chmod 644 LibYAML.bs
rm -f ../blib/arch/auto/YAML/XS/LibYAML/LibYAML.so
gcc  -G api.o dumper.o emitter.o loader.o parser.o perl_libyaml.o reader.o scanner.o writer.o LibYAML.o  -o ../blib/arch/auto/YAML/XS/LibYAML/LibYAML.so        \
        \
  
chmod 755 ../blib/arch/auto/YAML/XS/LibYAML/LibYAML.so
cp LibYAML.bs ../blib/arch/auto/YAML/XS/LibYAML/LibYAML.bs
chmod 644 ../blib/arch/auto/YAML/XS/LibYAML/LibYAML.bs
Manifying ../blib/man3/YAML::XS::LibYAML.3
make[1]: Leaving directory `/export/home/buildbot/BuildSlave/OVP_COM-build-sol10-amd64/build/svnbuild/opsview-perl/perlmods/YAML-LibYAML-0.34/LibYAML'
Manifying blib/man3/YAML::XS.3
lib/YAML/XS.pm:131: Unknown command paragraph "=encoding utf8"
make[1]: Entering directory `/export/home/buildbot/BuildSlave/OVP_COM-build-sol10-amd64/build/svnbuild/opsview-perl/perlmods/YAML-LibYAML-0.34/LibYAML'
make[1]: Leaving directory `/export/home/buildbot/BuildSlave/OVP_COM-build-sol10-amd64/build/svnbuild/opsview-perl/perlmods/YAML-LibYAML-0.34/LibYAML'
PERL_DL_NONLAZY=1 /usr/perl5/5.8.4/bin/perl "-MExtUtils::Command::MM" "-e" "test_harness(0, 'inc', 'blib/lib', 'blib/arch')" t/*.t
t/alias...........Can't load '/export/home/buildbot/BuildSlave/OVP_COM-build-sol10-amd64/build/svnbuild/opsview-perl/perlmods/YAML-LibYAML-0.34/blib/arch/auto/YAML/XS/LibYAML/LibYAML.so' for module YAML::XS::LibYAML: ld.so.1: perl: fatal: relocation error: file /export/home/buildbot/BuildSlave/OVP_COM-build-sol10-amd64/build/svnbuild/opsview-perl/perlmods/YAML-LibYAML-0.34/blib/arch/auto/YAML/XS/LibYAML/LibYAML.so: symbol SvPV_const: referenced symbol not found at /usr/perl5/5.8.4/lib/i86pc-solaris-64int/DynaLoader.pm line 230, <CONFIG> line 1.
 at /export/home/buildbot/BuildSlave/OVP_COM-build-sol10-amd64/build/svnbuild/opsview-perl/perlmods/YAML-LibYAML-0.34/blib/lib/YAML/XS.pm line 18
Compilation failed in require at /export/home/buildbot/BuildSlave/OVP_COM-build-sol10-amd64/build/svnbuild/opsview-perl/perlmods/YAML-LibYAML-0.34/blib/lib/YAML/XS.pm line 18, <CONFIG> line 1.
BEGIN failed--compilation aborted at /export/home/buildbot/BuildSlave/OVP_COM-build-sol10-amd64/build/svnbuild/opsview-perl/perlmods/YAML-LibYAML-0.34/blib/lib/YAML/XS.pm line 18, <CONFIG> line 1.
Compilation failed in require at (eval 22) line 1, <CONFIG> line 1.
BEGIN failed--compilation aborted at t/TestYAMLTests.pm line 31, <CONFIG> line 1.
Compilation failed in require at t/alias.t line 1, <CONFIG> line 1.
BEGIN failed--compilation aborted at t/alias.t line 1, <CONFIG> line 1.
                                                                             t/alias...........dubious
        Test returned status 255 (wstat 65280, 0xff00)
t/api.............Can't load '/export/home/buildbot/BuildSlave/OVP_COM-build-sol10-amd64/build/svnbuild/opsview-perl/perlmods/YAML-LibYAML-0.34/blib/arch/auto/YAML/XS/LibYAML/LibYAML.so' for module YAML::XS::LibYAML: ld.so.1: perl: fatal: relocation error: file /export/home/buildbot/BuildSlave/OVP_COM-build-sol10-amd64/build/svnbuild/opsview-perl/perlmods/YAML-LibYAML-0.34/blib/arch/auto/YAML/XS/LibYAML/LibYAML.so: symbol SvPV_const: referenced symbol not found at /usr/perl5/5.8.4/lib/i86pc-solaris-64int/DynaLoader.pm line 230.
 at /export/home/buildbot/BuildSlave/OVP_COM-build-sol10-amd64/build/svnbuild/opsview-perl/perlmods/YAML-LibYAML-0.34/blib/lib/YAML/XS.pm line 18
Compilation failed in require at /export/home/buildbot/BuildSlave/OVP_COM-build-sol10-amd64/build/svnbuild/opsview-perl/perlmods/YAML-LibYAML-0.34/blib/lib/YAML/XS.pm line 18.
BEGIN failed--compilation aborted at /export/home/buildbot/BuildSlave/OVP_COM-build-sol10-amd64/build/svnbuild/opsview-perl/perlmods/YAML-LibYAML-0.34/blib/lib/YAML/XS.pm line 18.
Compilation failed in require at t/api.t line 4.
BEGIN failed--compilation aborted at t/api.t line 4.
# Looks like your test exited with 255 before it could output anything.
                                                                             t/api.............dubious
        Test returned status 255 (wstat 65280, 0xff00)
DIED. FAILED tests 1-20
        Failed 20/20 tests, 0.00% okay
t/ascii...........Can't load '/export/home/buildbot/BuildSlave/OVP_COM-build-sol10-amd64/build/svnbuild/opsview-perl/perlmods/YAML-LibYAML-0.34/blib/arch/auto/YAML/XS/LibYAML/LibYAML.so' for module YAML::XS::LibYAML: ld.so.1: perl: fatal: relocation error: file /export/home/buildbot/BuildSlave/OVP_COM-build-sol10-amd64/build/svnbuild/opsview-perl/perlmods/YAML-LibYAML-0.34/blib/arch/auto/YAML/XS/LibYAML/LibYAML.so: symbol SvPV_const: referenced symbol not found at /usr/perl5/5.8.4/lib/i86pc-solaris-64int/DynaLoader.pm line 230, <CONFIG> line 1.
 at /export/home/buildbot/BuildSlave/OVP_COM-build-sol10-amd64/build/svnbuild/opsview-perl/perlmods/YAML-LibYAML-0.34/blib/lib/YAML/XS.pm line 18
Compilation failed in require at /export/home/buildbot/BuildSlave/OVP_COM-build-sol10-amd64/build/svnbuild/opsview-perl/perlmods/YAML-LibYAML-0.34/blib/lib/YAML/XS.pm line 18, <CONFIG> line 1.
BEGIN failed--compilation aborted at /export/home/buildbot/BuildSlave/OVP_COM-build-sol10-amd64/build/svnbuild/opsview-perl/perlmods/YAML-LibYAML-0.34/blib/lib/YAML/XS.pm line 18, <CONFIG> line 1.
Compilation failed in require at (eval 22) line 1, <CONFIG> line 1.
BEGIN failed--compilation aborted at t/TestYAMLTests.pm line 31, <CONFIG> line 1.
Compilation failed in require at t/ascii.t line 1, <CONFIG> line 1.
BEGIN failed--compilation aborted at t/ascii.t line 1, <CONFIG> line 1.
                                                                             t/ascii...........dubious
        Test returned status 255 (wstat 65280, 0xff00)
t/blessed.........Can't load '/export/home/buildbot/BuildSlave/OVP_COM-build-sol10-amd64/build/svnbuild/opsview-perl/perlmods/YAML-LibYAML-0.34/blib/arch/auto/YAML/XS/LibYAML/LibYAML.so' for module YAML::XS::LibYAML: ld.so.1: perl: fatal: relocation error: file /export/home/buildbot/BuildSlave/OVP_COM-build-sol10-amd64/build/svnbuild/opsview-perl/perlmods/YAML-LibYAML-0.34/blib/arch/auto/YAML/XS/LibYAML/LibYAML.so: symbol SvPV_const: referenced symbol not found at /usr/perl5/5.8.4/lib/i86pc-solaris-64int/DynaLoader.pm line 230, <CONFIG> line 1.
 at /export/home/buildbot/BuildSlave/OVP_COM-build-sol10-amd64/build/svnbuild/opsview-perl/perlmods/YAML-LibYAML-0.34/blib/lib/YAML/XS.pm line 18
Compilation failed in require at /export/home/buildbot/BuildSlave/OVP_COM-build-sol10-amd64/build/svnbuild/opsview-perl/perlmods/YAML-LibYAML-0.34/blib/lib/YAML/XS.pm line 18, <CONFIG> line 1.
BEGIN failed--compilation aborted at /export/home/buildbot/BuildSlave/OVP_COM-build-sol10-amd64/build/svnbuild/opsview-perl/perlmods/YAML-LibYAML-0.34/blib/lib/YAML/XS.pm line 18, <CONFIG> line 1.
Compilation failed in require at (eval 22) line 1, <CONFIG> line 1.
BEGIN failed--compilation aborted at t/TestYAMLTests.pm line 31, <CONFIG> line 1.
Compilation failed in require at t/blessed.t line 1, <CONFIG> line 1.
BEGIN failed--compilation aborted at t/blessed.t line 1, <CONFIG> line 1.
                                                                             t/blessed.........dubious
        Test returned status 255 (wstat 65280, 0xff00)
t/boolean.........Can't load '/export/home/buildbot/BuildSlave/OVP_COM-build-sol10-amd64/build/svnbuild/opsview-perl/perlmods/YAML-LibYAML-0.34/blib/arch/auto/YAML/XS/LibYAML/LibYAML.so' for module YAML::XS::LibYAML: ld.so.1: perl: fatal: relocation error: file /export/home/buildbot/BuildSlave/OVP_COM-build-sol10-amd64/build/svnbuild/opsview-perl/perlmods/YAML-LibYAML-0.34/blib/arch/auto/YAML/XS/LibYAML/LibYAML.so: symbol SvPV_const: referenced symbol not found at /usr/perl5/5.8.4/lib/i86pc-solaris-64int/DynaLoader.pm line 230, <CONFIG> line 1.
 at /export/home/buildbot/BuildSlave/OVP_COM-build-sol10-amd64/build/svnbuild/opsview-perl/perlmods/YAML-LibYAML-0.34/blib/lib/YAML/XS.pm line 18
Compilation failed in require at /export/home/buildbot/BuildSlave/OVP_COM-build-sol10-amd64/build/svnbuild/opsview-perl/perlmods/YAML-LibYAML-0.34/blib/lib/YAML/XS.pm line 18, <CONFIG> line 1.
BEGIN failed--compilation aborted at /export/home/buildbot/BuildSlave/OVP_COM-build-sol10-amd64/build/svnbuild/opsview-perl/perlmods/YAML-LibYAML-0.34/blib/lib/YAML/XS.pm line 18, <CONFIG> line 1.
Compilation failed in require at (eval 22) line 1, <CONFIG> line 1.
BEGIN failed--compilation aborted at t/TestYAMLTests.pm line 31, <CONFIG> line 1.
Compilation failed in require at t/boolean.t line 1, <CONFIG> line 1.
BEGIN failed--compilation aborted at t/boolean.t line 1, <CONFIG> line 1.
                                                                             t/boolean.........dubious
        Test returned status 255 (wstat 65280, 0xff00)
t/bug-pvf.........Can't load '/export/home/buildbot/BuildSlave/OVP_COM-build-sol10-amd64/build/svnbuild/opsview-perl/perlmods/YAML-LibYAML-0.34/blib/arch/auto/YAML/XS/LibYAML/LibYAML.so' for module YAML::XS::LibYAML: ld.so.1: perl: fatal: relocation error: file /export/home/buildbot/BuildSlave/OVP_COM-build-sol10-amd64/build/svnbuild/opsview-perl/perlmods/YAML-LibYAML-0.34/blib/arch/auto/YAML/XS/LibYAML/LibYAML.so: symbol SvPV_const: referenced symbol not found at /usr/perl5/5.8.4/lib/i86pc-solaris-64int/DynaLoader.pm line 230.
 at /export/home/buildbot/BuildSlave/OVP_COM-build-sol10-amd64/build/svnbuild/opsview-perl/perlmods/YAML-LibYAML-0.34/blib/lib/YAML/XS.pm line 18
Compilation failed in require at /export/home/buildbot/BuildSlave/OVP_COM-build-sol10-amd64/build/svnbuild/opsview-perl/perlmods/YAML-LibYAML-0.34/blib/lib/YAML/XS.pm line 18.
BEGIN failed--compilation aborted at /export/home/buildbot/BuildSlave/OVP_COM-build-sol10-amd64/build/svnbuild/opsview-perl/perlmods/YAML-LibYAML-0.34/blib/lib/YAML/XS.pm line 18.
Compilation failed in require at t/bug-pvf.t line 2.
BEGIN failed--compilation aborted at t/bug-pvf.t line 2.
# Looks like your test exited with 255 before it could output anything.
                                                                             t/bug-pvf.........dubious
        Test returned status 255 (wstat 65280, 0xff00)
DIED. FAILED test 1
        Failed 1/1 tests, 0.00% okay
t/bug-stack.......Can't load '/export/home/buildbot/BuildSlave/OVP_COM-build-sol10-amd64/build/svnbuild/opsview-perl/perlmods/YAML-LibYAML-0.34/blib/arch/auto/YAML/XS/LibYAML/LibYAML.so' for module YAML::XS::LibYAML: ld.so.1: perl: fatal: relocation error: file /export/home/buildbot/BuildSlave/OVP_COM-build-sol10-amd64/build/svnbuild/opsview-perl/perlmods/YAML-LibYAML-0.34/blib/arch/auto/YAML/XS/LibYAML/LibYAML.so: symbol SvPV_const: referenced symbol not found at /usr/perl5/5.8.4/lib/i86pc-solaris-64int/DynaLoader.pm line 230.
 at /export/home/buildbot/BuildSlave/OVP_COM-build-sol10-amd64/build/svnbuild/opsview-perl/perlmods/YAML-LibYAML-0.34/blib/lib/YAML/XS.pm line 18
Compilation failed in require at /export/home/buildbot/BuildSlave/OVP_COM-build-sol10-amd64/build/svnbuild/opsview-perl/perlmods/YAML-LibYAML-0.34/blib/lib/YAML/XS.pm line 18.
BEGIN failed--compilation aborted at /export/home/buildbot/BuildSlave/OVP_COM-build-sol10-amd64/build/svnbuild/opsview-perl/perlmods/YAML-LibYAML-0.34/blib/lib/YAML/XS.pm line 18.
Compilation failed in require at t/bug-stack.t line 3.
BEGIN failed--compilation aborted at t/bug-stack.t line 3.
# Looks like your test exited with 255 before it could output anything.
                                                                             t/bug-stack.......dubious
        Test returned status 255 (wstat 65280, 0xff00)
DIED. FAILED test 1
        Failed 1/1 tests, 0.00% okay
t/changes.........Can't load '/export/home/buildbot/BuildSlave/OVP_COM-build-sol10-amd64/build/svnbuild/opsview-perl/perlmods/YAML-LibYAML-0.34/blib/arch/auto/YAML/XS/LibYAML/LibYAML.so' for module YAML::XS::LibYAML: ld.so.1: perl: fatal: relocation error: file /export/home/buildbot/BuildSlave/OVP_COM-build-sol10-amd64/build/svnbuild/opsview-perl/perlmods/YAML-LibYAML-0.34/blib/arch/auto/YAML/XS/LibYAML/LibYAML.so: symbol SvPV_const: referenced symbol not found at /usr/perl5/5.8.4/lib/i86pc-solaris-64int/DynaLoader.pm line 230.
 at /export/home/buildbot/BuildSlave/OVP_COM-build-sol10-amd64/build/svnbuild/opsview-perl/perlmods/YAML-LibYAML-0.34/blib/lib/YAML/XS.pm line 18
Compilation failed in require at /export/home/buildbot/BuildSlave/OVP_COM-build-sol10-amd64/build/svnbuild/opsview-perl/perlmods/YAML-LibYAML-0.34/blib/lib/YAML/XS.pm line 18.
BEGIN failed--compilation aborted at /export/home/buildbot/BuildSlave/OVP_COM-build-sol10-amd64/build/svnbuild/opsview-perl/perlmods/YAML-LibYAML-0.34/blib/lib/YAML/XS.pm line 18.
Compilation failed in require at t/changes.t line 3.
# Looks like your test exited with 255 before it could output anything.
                                                                             t/changes.........dubious
        Test returned status 255 (wstat 65280, 0xff00)
DIED. FAILED tests 1-5
        Failed 5/5 tests, 0.00% okay
t/code............Can't load '/export/home/buildbot/BuildSlave/OVP_COM-build-sol10-amd64/build/svnbuild/opsview-perl/perlmods/YAML-LibYAML-0.34/blib/arch/auto/YAML/XS/LibYAML/LibYAML.so' for module YAML::XS::LibYAML: ld.so.1: perl: fatal: relocation error: file /export/home/buildbot/BuildSlave/OVP_COM-build-sol10-amd64/build/svnbuild/opsview-perl/perlmods/YAML-LibYAML-0.34/blib/arch/auto/YAML/XS/LibYAML/LibYAML.so: symbol SvPV_const: referenced symbol not found at /usr/perl5/5.8.4/lib/i86pc-solaris-64int/DynaLoader.pm line 230, <CONFIG> line 1.
 at /export/home/buildbot/BuildSlave/OVP_COM-build-sol10-amd64/build/svnbuild/opsview-perl/perlmods/YAML-LibYAML-0.34/blib/lib/YAML/XS.pm line 18
Compilation failed in require at /export/home/buildbot/BuildSlave/OVP_COM-build-sol10-amd64/build/svnbuild/opsview-perl/perlmods/YAML-LibYAML-0.34/blib/lib/YAML/XS.pm line 18, <CONFIG> line 1.
BEGIN failed--compilation aborted at /export/home/buildbot/BuildSlave/OVP_COM-build-sol10-amd64/build/svnbuild/opsview-perl/perlmods/YAML-LibYAML-0.34/blib/lib/YAML/XS.pm line 18, <CONFIG> line 1.
Compilation failed in require at (eval 22) line 1, <CONFIG> line 1.
BEGIN failed--compilation aborted at t/TestYAMLTests.pm line 31, <CONFIG> line 1.
Compilation failed in require at t/code.t line 1, <CONFIG> line 1.
BEGIN failed--compilation aborted at t/code.t line 1, <CONFIG> line 1.
                                                                             t/code............dubious
        Test returned status 255 (wstat 65280, 0xff00)
t/dump............Can't load '/export/home/buildbot/BuildSlave/OVP_COM-build-sol10-amd64/build/svnbuild/opsview-perl/perlmods/YAML-LibYAML-0.34/blib/arch/auto/YAML/XS/LibYAML/LibYAML.so' for module YAML::XS::LibYAML: ld.so.1: perl: fatal: relocation error: file /export/home/buildbot/BuildSlave/OVP_COM-build-sol10-amd64/build/svnbuild/opsview-perl/perlmods/YAML-LibYAML-0.34/blib/arch/auto/YAML/XS/LibYAML/LibYAML.so: symbol SvPV_const: referenced symbol not found at /usr/perl5/5.8.4/lib/i86pc-solaris-64int/DynaLoader.pm line 230, <CONFIG> line 1.
 at /export/home/buildbot/BuildSlave/OVP_COM-build-sol10-amd64/build/svnbuild/opsview-perl/perlmods/YAML-LibYAML-0.34/blib/lib/YAML/XS.pm line 18
Compilation failed in require at /export/home/buildbot/BuildSlave/OVP_COM-build-sol10-amd64/build/svnbuild/opsview-perl/perlmods/YAML-LibYAML-0.34/blib/lib/YAML/XS.pm line 18, <CONFIG> line 1.
BEGIN failed--compilation aborted at /export/home/buildbot/BuildSlave/OVP_COM-build-sol10-amd64/build/svnbuild/opsview-perl/perlmods/YAML-LibYAML-0.34/blib/lib/YAML/XS.pm line 18, <CONFIG> line 1.
Compilation failed in require at (eval 22) line 1, <CONFIG> line 1.
BEGIN failed--compilation aborted at t/TestYAMLTests.pm line 31, <CONFIG> line 1.
Compilation failed in require at t/dump.t line 1, <CONFIG> line 1.
BEGIN failed--compilation aborted at t/dump.t line 1, <CONFIG> line 1.
                                                                             t/dump............dubious
        Test returned status 255 (wstat 65280, 0xff00)
t/empty...........Can't load '/export/home/buildbot/BuildSlave/OVP_COM-build-sol10-amd64/build/svnbuild/opsview-perl/perlmods/YAML-LibYAML-0.34/blib/arch/auto/YAML/XS/LibYAML/LibYAML.so' for module YAML::XS::LibYAML: ld.so.1: perl: fatal: relocation error: file /export/home/buildbot/BuildSlave/OVP_COM-build-sol10-amd64/build/svnbuild/opsview-perl/perlmods/YAML-LibYAML-0.34/blib/arch/auto/YAML/XS/LibYAML/LibYAML.so: symbol SvPV_const: referenced symbol not found at /usr/perl5/5.8.4/lib/i86pc-solaris-64int/DynaLoader.pm line 230, <CONFIG> line 1.
 at /export/home/buildbot/BuildSlave/OVP_COM-build-sol10-amd64/build/svnbuild/opsview-perl/perlmods/YAML-LibYAML-0.34/blib/lib/YAML/XS.pm line 18
Compilation failed in require at /export/home/buildbot/BuildSlave/OVP_COM-build-sol10-amd64/build/svnbuild/opsview-perl/perlmods/YAML-LibYAML-0.34/blib/lib/YAML/XS.pm line 18, <CONFIG> line 1.
BEGIN failed--compilation aborted at /export/home/buildbot/BuildSlave/OVP_COM-build-sol10-amd64/build/svnbuild/opsview-perl/perlmods/YAML-LibYAML-0.34/blib/lib/YAML/XS.pm line 18, <CONFIG> line 1.
Compilation failed in require at (eval 22) line 1, <CONFIG> line 1.
BEGIN failed--compilation aborted at t/TestYAMLTests.pm line 31, <CONFIG> line 1.
Compilation failed in require at t/empty.t line 1, <CONFIG> line 1.
BEGIN failed--compilation aborted at t/empty.t line 1, <CONFIG> line 1.
                                                                             t/empty...........dubious
        Test returned status 255 (wstat 65280, 0xff00)
t/error...........Can't load '/export/home/buildbot/BuildSlave/OVP_COM-build-sol10-amd64/build/svnbuild/opsview-perl/perlmods/YAML-LibYAML-0.34/blib/arch/auto/YAML/XS/LibYAML/LibYAML.so' for module YAML::XS::LibYAML: ld.so.1: perl: fatal: relocation error: file /export/home/buildbot/BuildSlave/OVP_COM-build-sol10-amd64/build/svnbuild/opsview-perl/perlmods/YAML-LibYAML-0.34/blib/arch/auto/YAML/XS/LibYAML/LibYAML.so: symbol SvPV_const: referenced symbol not found at /usr/perl5/5.8.4/lib/i86pc-solaris-64int/DynaLoader.pm line 230, <CONFIG> line 1.
 at /export/home/buildbot/BuildSlave/OVP_COM-build-sol10-amd64/build/svnbuild/opsview-perl/perlmods/YAML-LibYAML-0.34/blib/lib/YAML/XS.pm line 18
Compilation failed in require at /export/home/buildbot/BuildSlave/OVP_COM-build-sol10-amd64/build/svnbuild/opsview-perl/perlmods/YAML-LibYAML-0.34/blib/lib/YAML/XS.pm line 18, <CONFIG> line 1.
BEGIN failed--compilation aborted at /export/home/buildbot/BuildSlave/OVP_COM-build-sol10-amd64/build/svnbuild/opsview-perl/perlmods/YAML-LibYAML-0.34/blib/lib/YAML/XS.pm line 18, <CONFIG> line 1.
Compilation failed in require at (eval 22) line 1, <CONFIG> line 1.
BEGIN failed--compilation aborted at t/TestYAMLTests.pm line 31, <CONFIG> line 1.
Compilation failed in require at t/error.t line 1, <CONFIG> line 1.
BEGIN failed--compilation aborted at t/error.t line 1, <CONFIG> line 1.
                                                                             t/error...........dubious
        Test returned status 255 (wstat 65280, 0xff00)
t/file............Can't load '/export/home/buildbot/BuildSlave/OVP_COM-build-sol10-amd64/build/svnbuild/opsview-perl/perlmods/YAML-LibYAML-0.34/blib/arch/auto/YAML/XS/LibYAML/LibYAML.so' for module YAML::XS::LibYAML: ld.so.1: perl: fatal: relocation error: file /export/home/buildbot/BuildSlave/OVP_COM-build-sol10-amd64/build/svnbuild/opsview-perl/perlmods/YAML-LibYAML-0.34/blib/arch/auto/YAML/XS/LibYAML/LibYAML.so: symbol SvPV_const: referenced symbol not found at /usr/perl5/5.8.4/lib/i86pc-solaris-64int/DynaLoader.pm line 230.
 at /export/home/buildbot/BuildSlave/OVP_COM-build-sol10-amd64/build/svnbuild/opsview-perl/perlmods/YAML-LibYAML-0.34/blib/lib/YAML/XS.pm line 18
Compilation failed in require at /export/home/buildbot/BuildSlave/OVP_COM-build-sol10-amd64/build/svnbuild/opsview-perl/perlmods/YAML-LibYAML-0.34/blib/lib/YAML/XS.pm line 18.
BEGIN failed--compilation aborted at /export/home/buildbot/BuildSlave/OVP_COM-build-sol10-amd64/build/svnbuild/opsview-perl/perlmods/YAML-LibYAML-0.34/blib/lib/YAML/XS.pm line 18.
Compilation failed in require at t/file.t line 3.
BEGIN failed--compilation aborted at t/file.t line 3.
# Looks like your test exited with 255 before it could output anything.
                                                                             t/file............dubious
        Test returned status 255 (wstat 65280, 0xff00)
DIED. FAILED tests 1-7
        Failed 7/7 tests, 0.00% okay
t/glob............Can't load '/export/home/buildbot/BuildSlave/OVP_COM-build-sol10-amd64/build/svnbuild/opsview-perl/perlmods/YAML-LibYAML-0.34/blib/arch/auto/YAML/XS/LibYAML/LibYAML.so' for module YAML::XS::LibYAML: ld.so.1: perl: fatal: relocation error: file /export/home/buildbot/BuildSlave/OVP_COM-build-sol10-amd64/build/svnbuild/opsview-perl/perlmods/YAML-LibYAML-0.34/blib/arch/auto/YAML/XS/LibYAML/LibYAML.so: symbol SvPV_const: referenced symbol not found at /usr/perl5/5.8.4/lib/i86pc-solaris-64int/DynaLoader.pm line 230, <CONFIG> line 1.
 at /export/home/buildbot/BuildSlave/OVP_COM-build-sol10-amd64/build/svnbuild/opsview-perl/perlmods/YAML-LibYAML-0.34/blib/lib/YAML/XS.pm line 18
Compilation failed in require at /export/home/buildbot/BuildSlave/OVP_COM-build-sol10-amd64/build/svnbuild/opsview-perl/perlmods/YAML-LibYAML-0.34/blib/lib/YAML/XS.pm line 18, <CONFIG> line 1.
BEGIN failed--compilation aborted at /export/home/buildbot/BuildSlave/OVP_COM-build-sol10-amd64/build/svnbuild/opsview-perl/perlmods/YAML-LibYAML-0.34/blib/lib/YAML/XS.pm line 18, <CONFIG> line 1.
Compilation failed in require at (eval 22) line 1, <CONFIG> line 1.
BEGIN failed--compilation aborted at t/TestYAMLTests.pm line 31, <CONFIG> line 1.
Compilation failed in require at t/glob.t line 1, <CONFIG> line 1.
BEGIN failed--compilation aborted at t/glob.t line 1, <CONFIG> line 1.
                                                                             t/glob............dubious
        Test returned status 255 (wstat 65280, 0xff00)
t/leak............Can't load '/export/home/buildbot/BuildSlave/OVP_COM-build-sol10-amd64/build/svnbuild/opsview-perl/perlmods/YAML-LibYAML-0.34/blib/arch/auto/YAML/XS/LibYAML/LibYAML.so' for module YAML::XS::LibYAML: ld.so.1: perl: fatal: relocation error: file /export/home/buildbot/BuildSlave/OVP_COM-build-sol10-amd64/build/svnbuild/opsview-perl/perlmods/YAML-LibYAML-0.34/blib/arch/auto/YAML/XS/LibYAML/LibYAML.so: symbol SvPV_const: referenced symbol not found at /usr/perl5/5.8.4/lib/i86pc-solaris-64int/DynaLoader.pm line 230, <CONFIG> line 1.
 at /export/home/buildbot/BuildSlave/OVP_COM-build-sol10-amd64/build/svnbuild/opsview-perl/perlmods/YAML-LibYAML-0.34/blib/lib/YAML/XS.pm line 18
Compilation failed in require at /export/home/buildbot/BuildSlave/OVP_COM-build-sol10-amd64/build/svnbuild/opsview-perl/perlmods/YAML-LibYAML-0.34/blib/lib/YAML/XS.pm line 18, <CONFIG> line 1.
BEGIN failed--compilation aborted at /export/home/buildbot/BuildSlave/OVP_COM-build-sol10-amd64/build/svnbuild/opsview-perl/perlmods/YAML-LibYAML-0.34/blib/lib/YAML/XS.pm line 18, <CONFIG> line 1.
Compilation failed in require at (eval 22) line 1, <CONFIG> line 1.
BEGIN failed--compilation aborted at t/TestYAMLTests.pm line 31, <CONFIG> line 1.
Compilation failed in require at t/leak.t line 1, <CONFIG> line 1.
BEGIN failed--compilation aborted at t/leak.t line 1, <CONFIG> line 1.
                                                                             t/leak............dubious
        Test returned status 255 (wstat 65280, 0xff00)
t/load............Can't load '/export/home/buildbot/BuildSlave/OVP_COM-build-sol10-amd64/build/svnbuild/opsview-perl/perlmods/YAML-LibYAML-0.34/blib/arch/auto/YAML/XS/LibYAML/LibYAML.so' for module YAML::XS::LibYAML: ld.so.1: perl: fatal: relocation error: file /export/home/buildbot/BuildSlave/OVP_COM-build-sol10-amd64/build/svnbuild/opsview-perl/perlmods/YAML-LibYAML-0.34/blib/arch/auto/YAML/XS/LibYAML/LibYAML.so: symbol SvPV_const: referenced symbol not found at /usr/perl5/5.8.4/lib/i86pc-solaris-64int/DynaLoader.pm line 230, <CONFIG> line 1.
 at /export/home/buildbot/BuildSlave/OVP_COM-build-sol10-amd64/build/svnbuild/opsview-perl/perlmods/YAML-LibYAML-0.34/blib/lib/YAML/XS.pm line 18
Compilation failed in require at /export/home/buildbot/BuildSlave/OVP_COM-build-sol10-amd64/build/svnbuild/opsview-perl/perlmods/YAML-LibYAML-0.34/blib/lib/YAML/XS.pm line 18, <CONFIG> line 1.
BEGIN failed--compilation aborted at /export/home/buildbot/BuildSlave/OVP_COM-build-sol10-amd64/build/svnbuild/opsview-perl/perlmods/YAML-LibYAML-0.34/blib/lib/YAML/XS.pm line 18, <CONFIG> line 1.
Compilation failed in require at (eval 22) line 1, <CONFIG> line 1.
BEGIN failed--compilation aborted at t/TestYAMLTests.pm line 31, <CONFIG> line 1.
Compilation failed in require at t/load.t line 1, <CONFIG> line 1.
BEGIN failed--compilation aborted at t/load.t line 1, <CONFIG> line 1.
                                                                             t/load............dubious
        Test returned status 255 (wstat 65280, 0xff00)
t/magic...........Can't load '/export/home/buildbot/BuildSlave/OVP_COM-build-sol10-amd64/build/svnbuild/opsview-perl/perlmods/YAML-LibYAML-0.34/blib/arch/auto/YAML/XS/LibYAML/LibYAML.so' for module YAML::XS::LibYAML: ld.so.1: perl: fatal: relocation error: file /export/home/buildbot/BuildSlave/OVP_COM-build-sol10-amd64/build/svnbuild/opsview-perl/perlmods/YAML-LibYAML-0.34/blib/arch/auto/YAML/XS/LibYAML/LibYAML.so: symbol SvPV_const: referenced symbol not found at /usr/perl5/5.8.4/lib/i86pc-solaris-64int/DynaLoader.pm line 230, <CONFIG> line 1.
 at /export/home/buildbot/BuildSlave/OVP_COM-build-sol10-amd64/build/svnbuild/opsview-perl/perlmods/YAML-LibYAML-0.34/blib/lib/YAML/XS.pm line 18
Compilation failed in require at /export/home/buildbot/BuildSlave/OVP_COM-build-sol10-amd64/build/svnbuild/opsview-perl/perlmods/YAML-LibYAML-0.34/blib/lib/YAML/XS.pm line 18, <CONFIG> line 1.
BEGIN failed--compilation aborted at /export/home/buildbot/BuildSlave/OVP_COM-build-sol10-amd64/build/svnbuild/opsview-perl/perlmods/YAML-LibYAML-0.34/blib/lib/YAML/XS.pm line 18, <CONFIG> line 1.
Compilation failed in require at (eval 22) line 1, <CONFIG> line 1.
BEGIN failed--compilation aborted at t/TestYAMLTests.pm line 31, <CONFIG> line 1.
Compilation failed in require at t/magic.t line 1, <CONFIG> line 1.
BEGIN failed--compilation aborted at t/magic.t line 1, <CONFIG> line 1.
                                                                             t/magic...........dubious
        Test returned status 255 (wstat 65280, 0xff00)
t/native..........Can't load '/export/home/buildbot/BuildSlave/OVP_COM-build-sol10-amd64/build/svnbuild/opsview-perl/perlmods/YAML-LibYAML-0.34/blib/arch/auto/YAML/XS/LibYAML/LibYAML.so' for module YAML::XS::LibYAML: ld.so.1: perl: fatal: relocation error: file /export/home/buildbot/BuildSlave/OVP_COM-build-sol10-amd64/build/svnbuild/opsview-perl/perlmods/YAML-LibYAML-0.34/blib/arch/auto/YAML/XS/LibYAML/LibYAML.so: symbol SvPV_const: referenced symbol not found at /usr/perl5/5.8.4/lib/i86pc-solaris-64int/DynaLoader.pm line 230, <CONFIG> line 1.
 at /export/home/buildbot/BuildSlave/OVP_COM-build-sol10-amd64/build/svnbuild/opsview-perl/perlmods/YAML-LibYAML-0.34/blib/lib/YAML/XS.pm line 18
Compilation failed in require at /export/home/buildbot/BuildSlave/OVP_COM-build-sol10-amd64/build/svnbuild/opsview-perl/perlmods/YAML-LibYAML-0.34/blib/lib/YAML/XS.pm line 18, <CONFIG> line 1.
BEGIN failed--compilation aborted at /export/home/buildbot/BuildSlave/OVP_COM-build-sol10-amd64/build/svnbuild/opsview-perl/perlmods/YAML-LibYAML-0.34/blib/lib/YAML/XS.pm line 18, <CONFIG> line 1.
Compilation failed in require at (eval 22) line 1, <CONFIG> line 1.
BEGIN failed--compilation aborted at t/TestYAMLTests.pm line 31, <CONFIG> line 1.
Compilation failed in require at t/native.t line 1, <CONFIG> line 1.
BEGIN failed--compilation aborted at t/native.t line 1, <CONFIG> line 1.
                                                                             t/native..........dubious
        Test returned status 255 (wstat 65280, 0xff00)
t/null............Can't load '/export/home/buildbot/BuildSlave/OVP_COM-build-sol10-amd64/build/svnbuild/opsview-perl/perlmods/YAML-LibYAML-0.34/blib/arch/auto/YAML/XS/LibYAML/LibYAML.so' for module YAML::XS::LibYAML: ld.so.1: perl: fatal: relocation error: file /export/home/buildbot/BuildSlave/OVP_COM-build-sol10-amd64/build/svnbuild/opsview-perl/perlmods/YAML-LibYAML-0.34/blib/arch/auto/YAML/XS/LibYAML/LibYAML.so: symbol SvPV_const: referenced symbol not found at /usr/perl5/5.8.4/lib/i86pc-solaris-64int/DynaLoader.pm line 230, <CONFIG> line 1.
 at /export/home/buildbot/BuildSlave/OVP_COM-build-sol10-amd64/build/svnbuild/opsview-perl/perlmods/YAML-LibYAML-0.34/blib/lib/YAML/XS.pm line 18
Compilation failed in require at /export/home/buildbot/BuildSlave/OVP_COM-build-sol10-amd64/build/svnbuild/opsview-perl/perlmods/YAML-LibYAML-0.34/blib/lib/YAML/XS.pm line 18, <CONFIG> line 1.
BEGIN failed--compilation aborted at /export/home/buildbot/BuildSlave/OVP_COM-build-sol10-amd64/build/svnbuild/opsview-perl/perlmods/YAML-LibYAML-0.34/blib/lib/YAML/XS.pm line 18, <CONFIG> line 1.
Compilation failed in require at (eval 22) line 1, <CONFIG> line 1.
BEGIN failed--compilation aborted at t/TestYAMLTests.pm line 31, <CONFIG> line 1.
Compilation failed in require at t/null.t line 1, <CONFIG> line 1.
BEGIN failed--compilation aborted at t/null.t line 1, <CONFIG> line 1.
                                                                             t/null............dubious
        Test returned status 255 (wstat 65280, 0xff00)
t/numbers.........Can't load '/export/home/buildbot/BuildSlave/OVP_COM-build-sol10-amd64/build/svnbuild/opsview-perl/perlmods/YAML-LibYAML-0.34/blib/arch/auto/YAML/XS/LibYAML/LibYAML.so' for module YAML::XS::LibYAML: ld.so.1: perl: fatal: relocation error: file /export/home/buildbot/BuildSlave/OVP_COM-build-sol10-amd64/build/svnbuild/opsview-perl/perlmods/YAML-LibYAML-0.34/blib/arch/auto/YAML/XS/LibYAML/LibYAML.so: symbol SvPV_const: referenced symbol not found at /usr/perl5/5.8.4/lib/i86pc-solaris-64int/DynaLoader.pm line 230, <CONFIG> line 1.
 at /export/home/buildbot/BuildSlave/OVP_COM-build-sol10-amd64/build/svnbuild/opsview-perl/perlmods/YAML-LibYAML-0.34/blib/lib/YAML/XS.pm line 18
Compilation failed in require at /export/home/buildbot/BuildSlave/OVP_COM-build-sol10-amd64/build/svnbuild/opsview-perl/perlmods/YAML-LibYAML-0.34/blib/lib/YAML/XS.pm line 18, <CONFIG> line 1.
BEGIN failed--compilation aborted at /export/home/buildbot/BuildSlave/OVP_COM-build-sol10-amd64/build/svnbuild/opsview-perl/perlmods/YAML-LibYAML-0.34/blib/lib/YAML/XS.pm line 18, <CONFIG> line 1.
Compilation failed in require at (eval 22) line 1, <CONFIG> line 1.
BEGIN failed--compilation aborted at t/TestYAMLTests.pm line 31, <CONFIG> line 1.
Compilation failed in require at t/numbers.t line 1, <CONFIG> line 1.
BEGIN failed--compilation aborted at t/numbers.t line 1, <CONFIG> line 1.
                                                                             t/numbers.........dubious
        Test returned status 255 (wstat 65280, 0xff00)
t/pl_sv_undef.....Can't load '/export/home/buildbot/BuildSlave/OVP_COM-build-sol10-amd64/build/svnbuild/opsview-perl/perlmods/YAML-LibYAML-0.34/blib/arch/auto/YAML/XS/LibYAML/LibYAML.so' for module YAML::XS::LibYAML: ld.so.1: perl: fatal: relocation error: file /export/home/buildbot/BuildSlave/OVP_COM-build-sol10-amd64/build/svnbuild/opsview-perl/perlmods/YAML-LibYAML-0.34/blib/arch/auto/YAML/XS/LibYAML/LibYAML.so: symbol SvPV_const: referenced symbol not found at /usr/perl5/5.8.4/lib/i86pc-solaris-64int/DynaLoader.pm line 230.
 at /export/home/buildbot/BuildSlave/OVP_COM-build-sol10-amd64/build/svnbuild/opsview-perl/perlmods/YAML-LibYAML-0.34/blib/lib/YAML/XS.pm line 18
Compilation failed in require at /export/home/buildbot/BuildSlave/OVP_COM-build-sol10-amd64/build/svnbuild/opsview-perl/perlmods/YAML-LibYAML-0.34/blib/lib/YAML/XS.pm line 18.
BEGIN failed--compilation aborted at /export/home/buildbot/BuildSlave/OVP_COM-build-sol10-amd64/build/svnbuild/opsview-perl/perlmods/YAML-LibYAML-0.34/blib/lib/YAML/XS.pm line 18.
Compilation failed in require at t/pl_sv_undef.t line 3.
BEGIN failed--compilation aborted at t/pl_sv_undef.t line 3.
# Looks like your test exited with 255 before it could output anything.
                                                                             t/pl_sv_undef.....dubious
        Test returned status 255 (wstat 65280, 0xff00)
DIED. FAILED tests 1-8
        Failed 8/8 tests, 0.00% okay
t/private.........Can't load '/export/home/buildbot/BuildSlave/OVP_COM-build-sol10-amd64/build/svnbuild/opsview-perl/perlmods/YAML-LibYAML-0.34/blib/arch/auto/YAML/XS/LibYAML/LibYAML.so' for module YAML::XS::LibYAML: ld.so.1: perl: fatal: relocation error: file /export/home/buildbot/BuildSlave/OVP_COM-build-sol10-amd64/build/svnbuild/opsview-perl/perlmods/YAML-LibYAML-0.34/blib/arch/auto/YAML/XS/LibYAML/LibYAML.so: symbol SvPV_const: referenced symbol not found at /usr/perl5/5.8.4/lib/i86pc-solaris-64int/DynaLoader.pm line 230, <CONFIG> line 1.
 at /export/home/buildbot/BuildSlave/OVP_COM-build-sol10-amd64/build/svnbuild/opsview-perl/perlmods/YAML-LibYAML-0.34/blib/lib/YAML/XS.pm line 18
Compilation failed in require at /export/home/buildbot/BuildSlave/OVP_COM-build-sol10-amd64/build/svnbuild/opsview-perl/perlmods/YAML-LibYAML-0.34/blib/lib/YAML/XS.pm line 18, <CONFIG> line 1.
BEGIN failed--compilation aborted at /export/home/buildbot/BuildSlave/OVP_COM-build-sol10-amd64/build/svnbuild/opsview-perl/perlmods/YAML-LibYAML-0.34/blib/lib/YAML/XS.pm line 18, <CONFIG> line 1.
Compilation failed in require at (eval 22) line 1, <CONFIG> line 1.
BEGIN failed--compilation aborted at t/TestYAMLTests.pm line 31, <CONFIG> line 1.
Compilation failed in require at t/private.t line 1, <CONFIG> line 1.
BEGIN failed--compilation aborted at t/private.t line 1, <CONFIG> line 1.
                                                                             t/private.........dubious
        Test returned status 255 (wstat 65280, 0xff00)
t/quote...........Can't load '/export/home/buildbot/BuildSlave/OVP_COM-build-sol10-amd64/build/svnbuild/opsview-perl/perlmods/YAML-LibYAML-0.34/blib/arch/auto/YAML/XS/LibYAML/LibYAML.so' for module YAML::XS::LibYAML: ld.so.1: perl: fatal: relocation error: file /export/home/buildbot/BuildSlave/OVP_COM-build-sol10-amd64/build/svnbuild/opsview-perl/perlmods/YAML-LibYAML-0.34/blib/arch/auto/YAML/XS/LibYAML/LibYAML.so: symbol SvPV_const: referenced symbol not found at /usr/perl5/5.8.4/lib/i86pc-solaris-64int/DynaLoader.pm line 230, <CONFIG> line 1.
 at /export/home/buildbot/BuildSlave/OVP_COM-build-sol10-amd64/build/svnbuild/opsview-perl/perlmods/YAML-LibYAML-0.34/blib/lib/YAML/XS.pm line 18
Compilation failed in require at /export/home/buildbot/BuildSlave/OVP_COM-build-sol10-amd64/build/svnbuild/opsview-perl/perlmods/YAML-LibYAML-0.34/blib/lib/YAML/XS.pm line 18, <CONFIG> line 1.
BEGIN failed--compilation aborted at /export/home/buildbot/BuildSlave/OVP_COM-build-sol10-amd64/build/svnbuild/opsview-perl/perlmods/YAML-LibYAML-0.34/blib/lib/YAML/XS.pm line 18, <CONFIG> line 1.
Compilation failed in require at (eval 22) line 1, <CONFIG> line 1.
BEGIN failed--compilation aborted at t/TestYAMLTests.pm line 31, <CONFIG> line 1.
Compilation failed in require at t/quote.t line 1, <CONFIG> line 1.
BEGIN failed--compilation aborted at t/quote.t line 1, <CONFIG> line 1.
                                                                             t/quote...........dubious
        Test returned status 255 (wstat 65280, 0xff00)
t/ref-scalar......Can't load '/export/home/buildbot/BuildSlave/OVP_COM-build-sol10-amd64/build/svnbuild/opsview-perl/perlmods/YAML-LibYAML-0.34/blib/arch/auto/YAML/XS/LibYAML/LibYAML.so' for module YAML::XS::LibYAML: ld.so.1: perl: fatal: relocation error: file /export/home/buildbot/BuildSlave/OVP_COM-build-sol10-amd64/build/svnbuild/opsview-perl/perlmods/YAML-LibYAML-0.34/blib/arch/auto/YAML/XS/LibYAML/LibYAML.so: symbol SvPV_const: referenced symbol not found at /usr/perl5/5.8.4/lib/i86pc-solaris-64int/DynaLoader.pm line 230, <CONFIG> line 1.
 at /export/home/buildbot/BuildSlave/OVP_COM-build-sol10-amd64/build/svnbuild/opsview-perl/perlmods/YAML-LibYAML-0.34/blib/lib/YAML/XS.pm line 18
Compilation failed in require at /export/home/buildbot/BuildSlave/OVP_COM-build-sol10-amd64/build/svnbuild/opsview-perl/perlmods/YAML-LibYAML-0.34/blib/lib/YAML/XS.pm line 18, <CONFIG> line 1.
BEGIN failed--compilation aborted at /export/home/buildbot/BuildSlave/OVP_COM-build-sol10-amd64/build/svnbuild/opsview-perl/perlmods/YAML-LibYAML-0.34/blib/lib/YAML/XS.pm line 18, <CONFIG> line 1.
Compilation failed in require at (eval 22) line 1, <CONFIG> line 1.
BEGIN failed--compilation aborted at t/TestYAMLTests.pm line 31, <CONFIG> line 1.
Compilation failed in require at t/ref-scalar.t line 1, <CONFIG> line 1.
BEGIN failed--compilation aborted at t/ref-scalar.t line 1, <CONFIG> line 1.
                                                                             t/ref-scalar......dubious
        Test returned status 255 (wstat 65280, 0xff00)
t/regexp..........Can't load '/export/home/buildbot/BuildSlave/OVP_COM-build-sol10-amd64/build/svnbuild/opsview-perl/perlmods/YAML-LibYAML-0.34/blib/arch/auto/YAML/XS/LibYAML/LibYAML.so' for module YAML::XS::LibYAML: ld.so.1: perl: fatal: relocation error: file /export/home/buildbot/BuildSlave/OVP_COM-build-sol10-amd64/build/svnbuild/opsview-perl/perlmods/YAML-LibYAML-0.34/blib/arch/auto/YAML/XS/LibYAML/LibYAML.so: symbol SvPV_const: referenced symbol not found at /usr/perl5/5.8.4/lib/i86pc-solaris-64int/DynaLoader.pm line 230, <CONFIG> line 1.
 at /export/home/buildbot/BuildSlave/OVP_COM-build-sol10-amd64/build/svnbuild/opsview-perl/perlmods/YAML-LibYAML-0.34/blib/lib/YAML/XS.pm line 18
Compilation failed in require at /export/home/buildbot/BuildSlave/OVP_COM-build-sol10-amd64/build/svnbuild/opsview-perl/perlmods/YAML-LibYAML-0.34/blib/lib/YAML/XS.pm line 18, <CONFIG> line 1.
BEGIN failed--compilation aborted at /export/home/buildbot/BuildSlave/OVP_COM-build-sol10-amd64/build/svnbuild/opsview-perl/perlmods/YAML-LibYAML-0.34/blib/lib/YAML/XS.pm line 18, <CONFIG> line 1.
Compilation failed in require at (eval 22) line 1, <CONFIG> line 1.
BEGIN failed--compilation aborted at t/TestYAMLTests.pm line 31, <CONFIG> line 1.
Compilation failed in require at t/regexp.t line 1, <CONFIG> line 1.
BEGIN failed--compilation aborted at t/regexp.t line 1, <CONFIG> line 1.
                                                                             t/regexp..........dubious
        Test returned status 255 (wstat 65280, 0xff00)
t/string_nulls....Can't load '/export/home/buildbot/BuildSlave/OVP_COM-build-sol10-amd64/build/svnbuild/opsview-perl/perlmods/YAML-LibYAML-0.34/blib/arch/auto/YAML/XS/LibYAML/LibYAML.so' for module YAML::XS::LibYAML: ld.so.1: perl: fatal: relocation error: file /export/home/buildbot/BuildSlave/OVP_COM-build-sol10-amd64/build/svnbuild/opsview-perl/perlmods/YAML-LibYAML-0.34/blib/arch/auto/YAML/XS/LibYAML/LibYAML.so: symbol SvPV_const: referenced symbol not found at /usr/perl5/5.8.4/lib/i86pc-solaris-64int/DynaLoader.pm line 230, <CONFIG> line 1.
 at /export/home/buildbot/BuildSlave/OVP_COM-build-sol10-amd64/build/svnbuild/opsview-perl/perlmods/YAML-LibYAML-0.34/blib/lib/YAML/XS.pm line 18
Compilation failed in require at /export/home/buildbot/BuildSlave/OVP_COM-build-sol10-amd64/build/svnbuild/opsview-perl/perlmods/YAML-LibYAML-0.34/blib/lib/YAML/XS.pm line 18, <CONFIG> line 1.
BEGIN failed--compilation aborted at /export/home/buildbot/BuildSlave/OVP_COM-build-sol10-amd64/build/svnbuild/opsview-perl/perlmods/YAML-LibYAML-0.34/blib/lib/YAML/XS.pm line 18, <CONFIG> line 1.
Compilation failed in require at (eval 22) line 1, <CONFIG> line 1.
BEGIN failed--compilation aborted at t/TestYAMLTests.pm line 31, <CONFIG> line 1.
Compilation failed in require at t/string_nulls.t line 1, <CONFIG> line 1.
BEGIN failed--compilation aborted at t/string_nulls.t line 1, <CONFIG> line 1.
                                                                             t/string_nulls....dubious
        Test returned status 255 (wstat 65280, 0xff00)
t/tags............Can't load '/export/home/buildbot/BuildSlave/OVP_COM-build-sol10-amd64/build/svnbuild/opsview-perl/perlmods/YAML-LibYAML-0.34/blib/arch/auto/YAML/XS/LibYAML/LibYAML.so' for module YAML::XS::LibYAML: ld.so.1: perl: fatal: relocation error: file /export/home/buildbot/BuildSlave/OVP_COM-build-sol10-amd64/build/svnbuild/opsview-perl/perlmods/YAML-LibYAML-0.34/blib/arch/auto/YAML/XS/LibYAML/LibYAML.so: symbol SvPV_const: referenced symbol not found at /usr/perl5/5.8.4/lib/i86pc-solaris-64int/DynaLoader.pm line 230, <CONFIG> line 1.
 at /export/home/buildbot/BuildSlave/OVP_COM-build-sol10-amd64/build/svnbuild/opsview-perl/perlmods/YAML-LibYAML-0.34/blib/lib/YAML/XS.pm line 18
Compilation failed in require at /export/home/buildbot/BuildSlave/OVP_COM-build-sol10-amd64/build/svnbuild/opsview-perl/perlmods/YAML-LibYAML-0.34/blib/lib/YAML/XS.pm line 18, <CONFIG> line 1.
BEGIN failed--compilation aborted at /export/home/buildbot/BuildSlave/OVP_COM-build-sol10-amd64/build/svnbuild/opsview-perl/perlmods/YAML-LibYAML-0.34/blib/lib/YAML/XS.pm line 18, <CONFIG> line 1.
Compilation failed in require at (eval 22) line 1, <CONFIG> line 1.
BEGIN failed--compilation aborted at t/TestYAMLTests.pm line 31, <CONFIG> line 1.
Compilation failed in require at t/tags.t line 1, <CONFIG> line 1.
BEGIN failed--compilation aborted at t/tags.t line 1, <CONFIG> line 1.
                                                                             t/tags............dubious
        Test returned status 255 (wstat 65280, 0xff00)
t/tied............Can't load '/export/home/buildbot/BuildSlave/OVP_COM-build-sol10-amd64/build/svnbuild/opsview-perl/perlmods/YAML-LibYAML-0.34/blib/arch/auto/YAML/XS/LibYAML/LibYAML.so' for module YAML::XS::LibYAML: ld.so.1: perl: fatal: relocation error: file /export/home/buildbot/BuildSlave/OVP_COM-build-sol10-amd64/build/svnbuild/opsview-perl/perlmods/YAML-LibYAML-0.34/blib/arch/auto/YAML/XS/LibYAML/LibYAML.so: symbol SvPV_const: referenced symbol not found at /usr/perl5/5.8.4/lib/i86pc-solaris-64int/DynaLoader.pm line 230, <CONFIG> line 1.
 at /export/home/buildbot/BuildSlave/OVP_COM-build-sol10-amd64/build/svnbuild/opsview-perl/perlmods/YAML-LibYAML-0.34/blib/lib/YAML/XS.pm line 18
Compilation failed in require at /export/home/buildbot/BuildSlave/OVP_COM-build-sol10-amd64/build/svnbuild/opsview-perl/perlmods/YAML-LibYAML-0.34/blib/lib/YAML/XS.pm line 18, <CONFIG> line 1.
BEGIN failed--compilation aborted at /export/home/buildbot/BuildSlave/OVP_COM-build-sol10-amd64/build/svnbuild/opsview-perl/perlmods/YAML-LibYAML-0.34/blib/lib/YAML/XS.pm line 18, <CONFIG> line 1.
Compilation failed in require at (eval 22) line 1, <CONFIG> line 1.
BEGIN failed--compilation aborted at t/TestYAMLTests.pm line 31, <CONFIG> line 1.
Compilation failed in require at t/tied.t line 1, <CONFIG> line 1.
BEGIN failed--compilation aborted at t/tied.t line 1, <CONFIG> line 1.
                                                                             t/tied............dubious
        Test returned status 255 (wstat 65280, 0xff00)
t/utf8............Can't load '/export/home/buildbot/BuildSlave/OVP_COM-build-sol10-amd64/build/svnbuild/opsview-perl/perlmods/YAML-LibYAML-0.34/blib/arch/auto/YAML/XS/LibYAML/LibYAML.so' for module YAML::XS::LibYAML: ld.so.1: perl: fatal: relocation error: file /export/home/buildbot/BuildSlave/OVP_COM-build-sol10-amd64/build/svnbuild/opsview-perl/perlmods/YAML-LibYAML-0.34/blib/arch/auto/YAML/XS/LibYAML/LibYAML.so: symbol SvPV_const: referenced symbol not found at /usr/perl5/5.8.4/lib/i86pc-solaris-64int/DynaLoader.pm line 230, <CONFIG> line 1.
 at /export/home/buildbot/BuildSlave/OVP_COM-build-sol10-amd64/build/svnbuild/opsview-perl/perlmods/YAML-LibYAML-0.34/blib/lib/YAML/XS.pm line 18
Compilation failed in require at /export/home/buildbot/BuildSlave/OVP_COM-build-sol10-amd64/build/svnbuild/opsview-perl/perlmods/YAML-LibYAML-0.34/blib/lib/YAML/XS.pm line 18, <CONFIG> line 1.
BEGIN failed--compilation aborted at /export/home/buildbot/BuildSlave/OVP_COM-build-sol10-amd64/build/svnbuild/opsview-perl/perlmods/YAML-LibYAML-0.34/blib/lib/YAML/XS.pm line 18, <CONFIG> line 1.
Compilation failed in require at (eval 22) line 1, <CONFIG> line 1.
BEGIN failed--compilation aborted at t/TestYAMLTests.pm line 31, <CONFIG> line 1.
Compilation failed in require at t/utf8.t line 1, <CONFIG> line 1.
BEGIN failed--compilation aborted at t/utf8.t line 1, <CONFIG> line 1.
                                                                             t/utf8............dubious
        Test returned status 255 (wstat 65280, 0xff00)
Failed Test      Stat Wstat Total Fail  Failed  List of Failed
-------------------------------------------------------------------------------
t/alias.t         255 65280    ??   ??       %  ??
t/api.t           255 65280    20   40 200.00%  1-20
t/ascii.t         255 65280    ??   ??       %  ??
t/blessed.t       255 65280    ??   ??       %  ??
t/boolean.t       255 65280    ??   ??       %  ??
t/bug-pvf.t       255 65280     1    2 200.00%  1
t/bug-stack.t     255 65280     1    2 200.00%  1
t/changes.t       255 65280     5   10 200.00%  1-5
t/code.t          255 65280    ??   ??       %  ??
t/dump.t          255 65280    ??   ??       %  ??
t/empty.t         255 65280    ??   ??       %  ??
t/error.t         255 65280    ??   ??       %  ??
t/file.t          255 65280     7   14 200.00%  1-7
t/glob.t          255 65280    ??   ??       %  ??
t/leak.t          255 65280    ??   ??       %  ??
t/load.t          255 65280    ??   ??       %  ??
t/magic.t         255 65280    ??   ??       %  ??
t/native.t        255 65280    ??   ??       %  ??
t/null.t          255 65280    ??   ??       %  ??
t/numbers.t       255 65280    ??   ??       %  ??
t/pl_sv_undef.t   255 65280     8   16 200.00%  1-8
t/private.t       255 65280    ??   ??       %  ??
t/quote.t         255 65280    ??   ??       %  ??
t/ref-scalar.t    255 65280    ??   ??       %  ??
t/regexp.t        255 65280    ??   ??       %  ??
t/string_nulls.t  255 65280    ??   ??       %  ??
t/tags.t          255 65280    ??   ??       %  ??
t/tied.t          255 65280    ??   ??       %  ??
t/utf8.t          255 65280    ??   ??       %  ??
Failed 29/29 test scripts, 0.00% okay. 42/42 subtests failed, 0.00% okay.
make: *** [test_dynamic] Error 2
sh-3.00$ 
sh-3.00$ 
sh-3.00$ 
sh-3.00$ 
sh-3.00$ 
sh-3.00$ 
sh-3.00$ 
sh-3.00$ 
sh-3.00$ 
sh-3.00$ 
sh-3.00$ 
sh-3.00$ 
sh-3.00$ cd ..
sh-3.00$ tar zvxf LibY  sh-3.00$ [6Pcd ..PERL5LIB=../ExtUtils-MakeMaker-6.56/blib//lib/ perlgcc Makefile.PL && maake && make test[Acd YAML-LibYAML-0.34/[K
[K[Ash-3.00$ cd YAML-LibYAML-0.34/sh-3.00$ tar zvxf YAML-LibYAML-0.34.tar.gz [1P[1@3
YAML-LibYAML-0.33/
YAML-LibYAML-0.33/Changes
YAML-LibYAML-0.33/inc/
YAML-LibYAML-0.33/lib/
YAML-LibYAML-0.33/LibYAML/
YAML-LibYAML-0.33/Makefile.PL
YAML-LibYAML-0.33/MANIFEST
YAML-LibYAML-0.33/META.yml
YAML-LibYAML-0.33/README
YAML-LibYAML-0.33/t/
YAML-LibYAML-0.33/t/alias.t
YAML-LibYAML-0.33/t/api.t
YAML-LibYAML-0.33/t/blessed.t
YAML-LibYAML-0.33/t/boolean.t
YAML-LibYAML-0.33/t/bug-pvf.t
YAML-LibYAML-0.33/t/bug-stack.t
YAML-LibYAML-0.33/t/changes.t
YAML-LibYAML-0.33/t/code.t
YAML-LibYAML-0.33/t/data/
YAML-LibYAML-0.33/t/dump.t
YAML-LibYAML-0.33/t/empty.t
YAML-LibYAML-0.33/t/error.t
YAML-LibYAML-0.33/t/file.t
YAML-LibYAML-0.33/t/glob.t
YAML-LibYAML-0.33/t/leak.t
YAML-LibYAML-0.33/t/load.t
YAML-LibYAML-0.33/t/null.t
YAML-LibYAML-0.33/t/numbers.t
YAML-LibYAML-0.33/t/pl_sv_undef.t
YAML-LibYAML-0.33/t/private.t
YAML-LibYAML-0.33/t/quote.t
YAML-LibYAML-0.33/t/ref-scalar.t
YAML-LibYAML-0.33/t/regexp.t
YAML-LibYAML-0.33/t/string_nulls.t
YAML-LibYAML-0.33/t/tags.t
YAML-LibYAML-0.33/t/TestYAML.pm
YAML-LibYAML-0.33/t/TestYAMLTests.pm
YAML-LibYAML-0.33/t/utf8.t
YAML-LibYAML-0.33/t/yaml_tests.yaml
YAML-LibYAML-0.33/t/data/basic.t
YAML-LibYAML-0.33/LibYAML/api.c
YAML-LibYAML-0.33/LibYAML/config.h
YAML-LibYAML-0.33/LibYAML/dumper.c
YAML-LibYAML-0.33/LibYAML/emitter.c
YAML-LibYAML-0.33/LibYAML/lib/
YAML-LibYAML-0.33/LibYAML/LibYAML.xs
YAML-LibYAML-0.33/LibYAML/loader.c
YAML-LibYAML-0.33/LibYAML/Makefile
YAML-LibYAML-0.33/LibYAML/Makefile.PL
YAML-LibYAML-0.33/LibYAML/parser.c
YAML-LibYAML-0.33/LibYAML/perl_libyaml.c
YAML-LibYAML-0.33/LibYAML/perl_libyaml.h
YAML-LibYAML-0.33/LibYAML/ppport.h
YAML-LibYAML-0.33/LibYAML/ppport_sort.h
YAML-LibYAML-0.33/LibYAML/reader.c
YAML-LibYAML-0.33/LibYAML/scanner.c
YAML-LibYAML-0.33/LibYAML/test.pl
YAML-LibYAML-0.33/LibYAML/writer.c
YAML-LibYAML-0.33/LibYAML/yaml.h
YAML-LibYAML-0.33/LibYAML/yaml_private.h
YAML-LibYAML-0.33/LibYAML/lib/YAML/
YAML-LibYAML-0.33/LibYAML/lib/YAML/XS/
YAML-LibYAML-0.33/LibYAML/lib/YAML/XS/LibYAML.pm
YAML-LibYAML-0.33/lib/YAML/
YAML-LibYAML-0.33/lib/YAML/LibYAML.pm
YAML-LibYAML-0.33/lib/YAML/XS.pm
YAML-LibYAML-0.33/inc/Module/
YAML-LibYAML-0.33/inc/Spiffy.pm
YAML-LibYAML-0.33/inc/Test/
YAML-LibYAML-0.33/inc/Test/Base/
YAML-LibYAML-0.33/inc/Test/Base.pm
YAML-LibYAML-0.33/inc/Test/Builder/
YAML-LibYAML-0.33/inc/Test/Builder.pm
YAML-LibYAML-0.33/inc/Test/More.pm
YAML-LibYAML-0.33/inc/Test/Builder/Module.pm
YAML-LibYAML-0.33/inc/Test/Base/Filter.pm
YAML-LibYAML-0.33/inc/Module/Install/
YAML-LibYAML-0.33/inc/Module/Install.pm
YAML-LibYAML-0.33/inc/Module/Install/Base.pm
YAML-LibYAML-0.33/inc/Module/Install/Can.pm
YAML-LibYAML-0.33/inc/Module/Install/Fetch.pm
YAML-LibYAML-0.33/inc/Module/Install/Include.pm
YAML-LibYAML-0.33/inc/Module/Install/Makefile.pm
YAML-LibYAML-0.33/inc/Module/Install/Metadata.pm
YAML-LibYAML-0.33/inc/Module/Install/TestBase.pm
YAML-LibYAML-0.33/inc/Module/Install/Win32.pm
YAML-LibYAML-0.33/inc/Module/Install/WriteAll.pm
sh-3.00$ cd YAML-LibYAML-0.33/
sh-3.00$ cd YAML-LibYAML-0.33/sh-3.00$ tar zvxf YAML-LibYAML-0.33.tar.gz sh-3.00$ cd ..[KPERL5LIB=../ExtUtils-MakeMaker-6.56/blib//lib/ perlgcc Makefile.PL && maake && make test
Checking if your kit is complete...
Looks good
Have /usr/perl5/5.8.4/lib/Sun/Solaris/PerlGcc
Want /usr/perl5/5.8.4/lib/i86pc-solaris-64int
Your perl and your Config.pm seem to have different ideas about the 
architecture they are running on.
Perl thinks: [PerlGcc]
Config says: [i86pc-solaris-64int]
This may or may not cause problems. Please check your installation of perl 
if you have problems building this extension.
Prototype mismatch: sub main::prompt: none vs ($;$) at ../ExtUtils-MakeMaker-6.56/blib//lib//ExtUtils/MakeMaker.pm line 202
Have /usr/perl5/5.8.4/lib/Sun/Solaris/PerlGcc
Want /usr/perl5/5.8.4/lib/i86pc-solaris-64int
Your perl and your Config.pm seem to have different ideas about the 
architecture they are running on.
Perl thinks: [PerlGcc]
Config says: [i86pc-solaris-64int]
This may or may not cause problems. Please check your installation of perl 
if you have problems building this extension.
Writing Makefile for YAML::XS::LibYAML
Writing Makefile for YAML::LibYAML
cp lib/YAML/LibYAML.pm blib/lib/YAML/LibYAML.pm
cp lib/YAML/XS.pm blib/lib/YAML/XS.pm
make[1]: Entering directory `/export/home/buildbot/BuildSlave/OVP_COM-build-sol10-amd64/build/svnbuild/opsview-perl/perlmods/YAML-LibYAML-0.33/LibYAML'
cp lib/YAML/XS/LibYAML.pm ../blib/lib/YAML/XS/LibYAML.pm
gcc -c  -I. -D_LARGEFILE_SOURCE -D_FILE_OFFSET_BITS=64 -D_TS_ERRNO -O2 -fno-strict-aliasing   -DVERSION=\"\" -DXS_VERSION=\"\" -fPIC "-I/usr/perl5/5.8.4/lib/i86pc-solaris-64int/CORE"  -DHAVE_CONFIG_H api.c
gcc -c  -I. -D_LARGEFILE_SOURCE -D_FILE_OFFSET_BITS=64 -D_TS_ERRNO -O2 -fno-strict-aliasing   -DVERSION=\"\" -DXS_VERSION=\"\" -fPIC "-I/usr/perl5/5.8.4/lib/i86pc-solaris-64int/CORE"  -DHAVE_CONFIG_H dumper.c
gcc -c  -I. -D_LARGEFILE_SOURCE -D_FILE_OFFSET_BITS=64 -D_TS_ERRNO -O2 -fno-strict-aliasing   -DVERSION=\"\" -DXS_VERSION=\"\" -fPIC "-I/usr/perl5/5.8.4/lib/i86pc-solaris-64int/CORE"  -DHAVE_CONFIG_H emitter.c
gcc -c  -I. -D_LARGEFILE_SOURCE -D_FILE_OFFSET_BITS=64 -D_TS_ERRNO -O2 -fno-strict-aliasing   -DVERSION=\"\" -DXS_VERSION=\"\" -fPIC "-I/usr/perl5/5.8.4/lib/i86pc-solaris-64int/CORE"  -DHAVE_CONFIG_H loader.c
gcc -c  -I. -D_LARGEFILE_SOURCE -D_FILE_OFFSET_BITS=64 -D_TS_ERRNO -O2 -fno-strict-aliasing   -DVERSION=\"\" -DXS_VERSION=\"\" -fPIC "-I/usr/perl5/5.8.4/lib/i86pc-solaris-64int/CORE"  -DHAVE_CONFIG_H parser.c
gcc -c  -I. -D_LARGEFILE_SOURCE -D_FILE_OFFSET_BITS=64 -D_TS_ERRNO -O2 -fno-strict-aliasing   -DVERSION=\"\" -DXS_VERSION=\"\" -fPIC "-I/usr/perl5/5.8.4/lib/i86pc-solaris-64int/CORE"  -DHAVE_CONFIG_H perl_libyaml.c
perl_libyaml.c: In function `Load':
perl_libyaml.c:154: warning: passing arg 1 of `Perl_sv_2mortal' from incompatible pointer type
gcc -c  -I. -D_LARGEFILE_SOURCE -D_FILE_OFFSET_BITS=64 -D_TS_ERRNO -O2 -fno-strict-aliasing   -DVERSION=\"\" -DXS_VERSION=\"\" -fPIC "-I/usr/perl5/5.8.4/lib/i86pc-solaris-64int/CORE"  -DHAVE_CONFIG_H reader.c
gcc -c  -I. -D_LARGEFILE_SOURCE -D_FILE_OFFSET_BITS=64 -D_TS_ERRNO -O2 -fno-strict-aliasing   -DVERSION=\"\" -DXS_VERSION=\"\" -fPIC "-I/usr/perl5/5.8.4/lib/i86pc-solaris-64int/CORE"  -DHAVE_CONFIG_H scanner.c
gcc -c  -I. -D_LARGEFILE_SOURCE -D_FILE_OFFSET_BITS=64 -D_TS_ERRNO -O2 -fno-strict-aliasing   -DVERSION=\"\" -DXS_VERSION=\"\" -fPIC "-I/usr/perl5/5.8.4/lib/i86pc-solaris-64int/CORE"  -DHAVE_CONFIG_H writer.c
/usr/perl5/5.8.4/bin/perl /usr/perl5/5.8.4/lib/ExtUtils/xsubpp  -typemap /usr/perl5/5.8.4/lib/ExtUtils/typemap  LibYAML.xs > LibYAML.xsc && mv LibYAML.xsc LibYAML.c
gcc -c  -I. -D_LARGEFILE_SOURCE -D_FILE_OFFSET_BITS=64 -D_TS_ERRNO -O2 -fno-strict-aliasing   -DVERSION=\"\" -DXS_VERSION=\"\" -fPIC "-I/usr/perl5/5.8.4/lib/i86pc-solaris-64int/CORE"  -DHAVE_CONFIG_H LibYAML.c
Running Mkbootstrap for YAML::XS::LibYAML ()
chmod 644 LibYAML.bs
rm -f ../blib/arch/auto/YAML/XS/LibYAML/LibYAML.so
gcc  -G api.o dumper.o emitter.o loader.o parser.o perl_libyaml.o reader.o scanner.o writer.o LibYAML.o  -o ../blib/arch/auto/YAML/XS/LibYAML/LibYAML.so        \
        \
  
chmod 755 ../blib/arch/auto/YAML/XS/LibYAML/LibYAML.so
cp LibYAML.bs ../blib/arch/auto/YAML/XS/LibYAML/LibYAML.bs
chmod 644 ../blib/arch/auto/YAML/XS/LibYAML/LibYAML.bs
Manifying ../blib/man3/YAML::XS::LibYAML.3
make[1]: Leaving directory `/export/home/buildbot/BuildSlave/OVP_COM-build-sol10-amd64/build/svnbuild/opsview-perl/perlmods/YAML-LibYAML-0.33/LibYAML'
Manifying blib/man3/YAML::XS.3
lib/YAML/XS.pm:153: Unknown command paragraph "=encoding utf8"
make[1]: Entering directory `/export/home/buildbot/BuildSlave/OVP_COM-build-sol10-amd64/build/svnbuild/opsview-perl/perlmods/YAML-LibYAML-0.33/LibYAML'
make[1]: Leaving directory `/export/home/buildbot/BuildSlave/OVP_COM-build-sol10-amd64/build/svnbuild/opsview-perl/perlmods/YAML-LibYAML-0.33/LibYAML'
PERL_DL_NONLAZY=1 /usr/perl5/5.8.4/bin/perl "-MExtUtils::Command::MM" "-e" "test_harness(0, 'inc', 'blib/lib', 'blib/arch')" t/*.t
t/alias...........                                                                             t/alias...........ok 1/10                                                                             t/alias...........ok 2/10                                                                             t/alias...........ok 3/10                                                                             t/alias...........ok 4/10                                                                             t/alias...........ok 5/10                                                                             t/alias...........ok 6/10                                                                             t/alias...........ok 7/10                                                                             t/alias...........ok 8/10                                                                             t/alias...........ok 9/10                                                                             t/alias...........ok 10/10                                                                             t/alias...........ok
t/api.............                                                                             t/api.............ok 1/20                                                                             t/api.............ok 2/20                                                                             t/api.............ok 3/20                                                                             t/api.............ok 4/20                                                                             t/api.............ok 5/20                                                                             t/api.............ok 6/20                                                                             t/api.............ok 7/20                                                                             t/api.............ok 8/20                                                                             t/api.............ok 9/20                                                                             t/api.............ok 10/20                                                                             t/api.............ok 11/20                                                                             t/api.............ok 12/20                                                                             t/api.............ok 13/20                                                                             t/api.............ok 14/20                                                                             t/api.............ok 15/20                                                                             t/api.............ok 16/20                                                                             t/api.............ok 17/20                                                                             t/api.............ok 18/20                                                                             t/api.............ok 19/20                                                                             t/api.............ok 20/20                                                                             t/api.............ok
t/blessed.........                                                                             t/blessed.........ok 1/10                                                                             t/blessed.........ok 2/10                                                                             t/blessed.........ok 3/10                                                                             t/blessed.........ok 4/10                                                                             t/blessed.........ok 5/10                                                                             t/blessed.........ok 6/10                                                                             t/blessed.........ok 7/10                                                                             t/blessed.........ok 8/10                                                                             t/blessed.........ok 9/10                                                                             t/blessed.........ok 10/10                                                                             t/blessed.........ok
t/boolean.........                                                                             t/boolean.........ok 1/5                                                                             t/boolean.........ok 2/5                                                                             t/boolean.........ok 3/5                                                                             t/boolean.........ok 4/5                                                                             t/boolean.........ok 5/5                                                                             t/boolean.........ok
t/bug-pvf.........                                                                             t/bug-pvf.........ok 1/1                                                                             t/bug-pvf.........ok
t/bug-stack.......                                                                             t/bug-stack.......ok 1/1                                                                             t/bug-stack.......ok
t/changes.........                                                                             t/changes.........ok 1/5                                                                             t/changes.........ok 2/5                                                                             t/changes.........ok 3/5                                                                             t/changes.........ok 4/5                                                                             t/changes.........ok 5/5                                                                             t/changes.........ok
t/code............                                                                             t/code............ok 1/3                                                                             t/code............ok 2/3                                                                             t/code............ok 3/3                                                                             t/code............ok
t/dump............                                                                             t/dump............ok 1/4                                                                             t/dump............ok 2/4                                                                             t/dump............ok 3/4                                                                             t/dump............ok 4/4                                                                             t/dump............ok
t/empty...........                                                                             t/empty...........ok 1/5                                                                             t/empty...........ok 2/5                                                                             t/empty...........ok 3/5                                                                             t/empty...........ok 4/5                                                                             t/empty...........ok 5/5                                                                             t/empty...........ok
t/error...........                                                                             t/error...........ok 1/24                                                                             t/error...........ok 2/24                                                                             t/error...........ok 3/24                                                                             t/error...........ok 4/24                                                                             t/error...........ok 5/24                                                                             t/error...........ok 6/24                                                                             t/error...........ok 7/24                                                                             t/error...........ok 8/24                                                                             t/error...........ok 9/24                                                                             t/error...........ok 10/24                                                                             t/error...........ok 11/24                                                                             t/error...........ok 12/24                                                                             t/error...........ok 13/24                                                                             t/error...........ok 14/24                                                                             t/error...........ok 15/24                                                                             t/error...........ok 16/24                                                                             t/error...........ok 17/24                                                                             t/error...........ok 18/24                                                                             t/error...........ok 19/24                                                                             t/error...........ok 20/24                                                                             t/error...........ok 21/24                                                                             t/error...........ok 22/24                                                                             t/error...........ok 23/24                                                                             t/error...........ok 24/24                                                                             t/error...........ok
t/file............                                                                             t/file............ok 1/7                                                                             t/file............ok 2/7                                                                             t/file............ok 3/7                                                                             t/file............ok 4/7                                                                             t/file............ok 5/7                                                                             t/file............ok 6/7                                                                             t/file............ok 7/7                                                                             t/file............ok
t/glob............                                                                             t/glob............ok 1/2                                                                             t/glob............ok 2/2                                                                             t/glob............ok
t/leak............                                                                             t/leak............ok 1/84                                                                             t/leak............ok 2/84                                                                             t/leak............ok 3/84                                                                             t/leak............ok 4/84                                                                             t/leak............ok 5/84                                                                             t/leak............ok 6/84                                                                             t/leak............ok 7/84                                                                             t/leak............ok 8/84                                                                             t/leak............ok 9/84                                                                             t/leak............ok 10/84                                                                             t/leak............ok 11/84                                                                             t/leak............ok 12/84                                                                             t/leak............ok 13/84                                                                             t/leak............ok 14/84                                                                             t/leak............ok 15/84                                                                             t/leak............ok 16/84                                                                             t/leak............ok 17/84                                                                             t/leak............ok 18/84                                                                             t/leak............ok 19/84                                                                             t/leak............ok 20/84                                                                             t/leak............ok 21/84                                                                             t/leak............ok 22/84                                                                             t/leak............ok 23/84                                                                             t/leak............ok 24/84                                                                             t/leak............ok 25/84                                                                             t/leak............ok 26/84                                                                             t/leak............ok 27/84                                                                             t/leak............ok 28/84                                                                             t/leak............ok 29/84                                                                             t/leak............ok 30/84                                                                             t/leak............ok 31/84                                                                             t/leak............ok 32/84                                                                             t/leak............ok 33/84                                                                             t/leak............ok 34/84                                                                             t/leak............ok 35/84                                                                             t/leak............ok 36/84                                                                             t/leak............ok 37/84                                                                             t/leak............ok 38/84                                                                             t/leak............ok 39/84                                                                             t/leak............ok 40/84                                                                             t/leak............ok 41/84                                                                             t/leak............ok 42/84                                                                             t/leak............ok 43/84                                                                             t/leak............ok 44/84                                                                             t/leak............ok 45/84                                                                             t/leak............ok 46/84                                                                             t/leak............ok 47/84                                                                             t/leak............ok 48/84                                                                             t/leak............ok 49/84                                                                             t/leak............ok 50/84                                                                             t/leak............ok 51/84                                                                             t/leak............ok 52/84                                                                             t/leak............ok 53/84                                                                             t/leak............ok 54/84                                                                             t/leak............ok 55/84                                                                             t/leak............ok 56/84                                                                             t/leak............ok 57/84                                                                             t/leak............ok 58/84                                                                             t/leak............ok 59/84                                                                             t/leak............ok 60/84                                                                             t/leak............ok 61/84                                                                             t/leak............ok 62/84                                                                             t/leak............ok 63/84                                                                             t/leak............ok 64/84                                                                             t/leak............ok 65/84                                                                             t/leak............ok 66/84                                                                             t/leak............ok 67/84                                                                             t/leak............ok 68/84                                                                             t/leak............ok 69/84                                                                             t/leak............ok 70/84                                                                             t/leak............ok 71/84                                                                             t/leak............ok 72/84                                                                             t/leak............ok 73/84                                                                             t/leak............ok 74/84                                                                             t/leak............ok 75/84                                                                             t/leak............ok 76/84                                                                             t/leak............ok 77/84                                                                             t/leak............ok 78/84                                                                             t/leak............ok 79/84                                                                             t/leak............ok 80/84                                                                             t/leak............ok 81/84                                                                             t/leak............ok 82/84                                                                             t/leak............ok 83/84                                                                             t/leak............ok 84/84                                                                             t/leak............ok
t/load............                                                                             t/load............ok 1/5                                                                             t/load............ok 2/5                                                                             t/load............ok 3/5                                                                             t/load............ok 4/5                                                                             t/load............ok 5/5                                                                             t/load............ok
t/null............                                                                             t/null............ok 1/5                                                                             t/null............ok 2/5                                                                             t/null............ok 3/5                                                                             t/null............ok 4/5                                                                             t/null............ok 5/5                                                                             t/null............ok
t/numbers.........                                                                             t/numbers.........ok 1/2                                                                             t/numbers.........ok 2/2                                                                             t/numbers.........ok
t/pl_sv_undef.....                                                                             t/pl_sv_undef.....ok 1/8                                                                             t/pl_sv_undef.....ok 2/8                                                                             t/pl_sv_undef.....ok 3/8                                                                             t/pl_sv_undef.....ok 4/8                                                                             t/pl_sv_undef.....ok 5/8                                                                             t/pl_sv_undef.....ok 6/8                                                                             t/pl_sv_undef.....ok 7/8                                                                             t/pl_sv_undef.....ok 8/8                                                                             t/pl_sv_undef.....ok
t/private.........                                                                             t/private.........ok 1/6                                                                             t/private.........ok 2/6                                                                             t/private.........ok 3/6                                                                             t/private.........ok 4/6                                                                             t/private.........ok 5/6                                                                             t/private.........ok 6/6                                                                             t/private.........ok
t/quote...........                                                                             t/quote...........ok 1/4                                                                             t/quote...........ok 2/4                                                                             t/quote...........ok 3/4                                                                             t/quote...........ok 4/4                                                                             t/quote...........ok
t/ref-scalar......                                                                             t/ref-scalar......ok 1/11                                                                             t/ref-scalar......ok 2/11                                                                             t/ref-scalar......ok 3/11                                                                             t/ref-scalar......ok 4/11                                                                             t/ref-scalar......ok 5/11                                                                             t/ref-scalar......ok 6/11                                                                             t/ref-scalar......ok 7/11                                                                             t/ref-scalar......ok 8/11                                                                             t/ref-scalar......ok 9/11                                                                             t/ref-scalar......ok 10/11                                                                             t/ref-scalar......ok 11/11                                                                             t/ref-scalar......ok
t/regexp..........                                                                             t/regexp..........NOK 1
#   Failed test 'Regular regexp dumps'
#   at t/regexp.t line 7.
#          got: '--- !!perl/regexp '(?-xism:5050)'
# '
#     expected: '--- !!perl/regexp (?-xism:5050)
# '
                                                                             t/regexp..........NOK 2
#   Failed test 'Blessed regular regexp dumps'
#   at t/regexp.t line 15.
#          got: '--- !!perl/regexp:Classy '(?-xism:99999)'
# '
#     expected: '--- !!perl/regexp:Classy (?-xism:99999)
# '
                                                                             t/regexp..........NOK 3
#   Failed test 'Regexp with flags dumps'
#   at t/regexp.t line 22.
#          got: '--- !!perl/regexp '(?mi-xs:^edcba)'
# '
#     expected: '--- !!perl/regexp (?mi-xs:^edcba)
# '
                                                                             t/regexp..........NOK 4
#   Failed test 'Blessed regexp with flags dumps'
#   at t/regexp.t line 29.
#          got: '--- !!perl/regexp:Bossy '(?mi-xs:^edcba)'
# '
#     expected: '--- !!perl/regexp:Bossy (?mi-xs:^edcba)
# '
                                                                             t/regexp..........NOK 5
#   Failed test 'Unicode regexp dumps'
#   at t/regexp.t line 37.
#          got: '--- !!perl/regexp '(?-xism:)'
# '
#     expected: '--- !!perl/regexp (?-xism:)
# '
                                                                             t/regexp..........ok 6/18                                                                             t/regexp..........ok 7/18                                                                             t/regexp..........ok 8/18                                                                             t/regexp..........ok 9/18                                                                             t/regexp..........ok 10/18                                                                             t/regexp..........ok 11/18                                                                             t/regexp..........ok 12/18                                                                             t/regexp..........ok 13/18                                                                             t/regexp..........ok 14/18                                                                             t/regexp..........ok 15/18                                                                             t/regexp..........ok 16/18                                                                             t/regexp..........ok 17/18                                                                             t/regexp..........ok 18/18# Looks like you failed 5 tests of 18.
                                                                             t/regexp..........dubious
        Test returned status 5 (wstat 1280, 0x500)
DIED. FAILED tests 1-5
        Failed 5/18 tests, 72.22% okay
t/string_nulls....                                                                             t/string_nulls....ok 1/2                                                                             t/string_nulls....ok 2/2                                                                             t/string_nulls....ok
t/tags............                                                                             t/tags............ok 1/4                                                                             t/tags............ok 2/4                                                                             t/tags............ok 3/4                                                                             t/tags............ok 4/4                                                                             t/tags............ok
t/utf8............                                                                             t/utf8............ok 1/8                                                                             t/utf8............ok 2/8                                                                             t/utf8............ok 3/8                                                                             t/utf8............ok 4/8                                                                             t/utf8............ok 5/8                                                                             t/utf8............ok 6/8                                                                             t/utf8............ok 7/8                                                                             t/utf8............ok 8/8                                                                             t/utf8............ok
Failed Test Stat Wstat Total Fail  Failed  List of Failed
-------------------------------------------------------------------------------
t/regexp.t     5  1280    18    5  27.78%  1-5
Failed 1/25 test scripts, 96.00% okay. 5/254 subtests failed, 98.03% okay.
make: *** [test_dynamic] Error 29
sh-3.00$ exit

script done on Thu Jan 13 17:03:02 2011
