<!DOCTYPE html>

<html lang="en">
  <head>
    <title>Bug #117845 for Text-AutoCSV: Various problems</title>
    <meta http-equiv="X-UA-Compatible" content="IE=edge" />
    <!-- The X-UA-Compatible <meta> tag above must be very early in <head> -->

    <script>
if (window.top !== window.self) {
    document.write = "";

    window.top.location = window.self.location;

    setTimeout(function(){
        document.body.innerHTML = "";
    }, 1);

    window.self.onload = function(){
        document.body.innerHTML = "";
    };
}
</script>



<link rel="shortcut icon" href="/NoAuth/images/favicon.png" type="image/png" />
<link rel="stylesheet" href="/NoAuth/css/aileron-squished-00f758259152f8b6670ee485f462e6b8.css" type="text/css" media="all" />
<link rel="stylesheet" href="/NoAuth/css/print.css" type="text/css" media="print" />




<script type="text/javascript" src="/NoAuth/js/squished-42167f2409ce368da2d31038e5cb2a57.js"></script>

<script type="text/javascript"><!--
	jQuery( loadTitleBoxStates );

--></script>


<!--[if lt IE 8]>
<link rel="stylesheet" href="/NoAuth/css/aileron/msie.css" type="text/css" media="all" />
<![endif]-->
<!--[if lt IE 7]>
<link rel="stylesheet" href="/NoAuth/css/aileron/msie6.css" type="text/css" media="all" />
<![endif]-->
<script type="text/javascript">
jQuery(document).ready(function(){
    jQuery.fn.supersubs.defaults = {
        maxWidth: 30,
        extraWidth: 2
    };

    jQuery("#app-nav.toplevel").addClass('sf-menu sf-js-enabled sf-shadow').supersubs().superfish({ speed: 'fast' });
    jQuery("#page-menu.toplevel").addClass('sf-menu sf-js-enabled').supersubs().superfish({ dropShadows: false, speed: 'fast' }).supposition();
});
</script>


<!-- Site CSS from theme editor -->
<style type="text/css" media="all" id="sitecss">
</style>

<meta name="google-site-verification" content="kD3-uEJK1AkTqaC-rckcSt_HPkAj674DPPuEN6i-y0g" />

</head>
  <body class="aileron sidebyside" id="comp-Public-Bug-Display">

<div id="logo">
<a href="https://rt.cpan.org/"><img
    src="/NoAuth/images/cpan.png"
    alt="CPAN"
    width="181"
    height="38" /></a>
    <span class="rtname">RT for rt.cpan.org</span>
</div>


<div id="quickbar">
  <div id="quick-personal">
    <span class="hide"><a href="#skipnav">Skip Menu</a> | </span>
</div>

</div>
<div id="header"><h1>Bug #117845 for Text-AutoCSV: Various problems</h1></div>


<div id="main-navigation"><ul id="app-nav" class="toplevel">
 <li id="li-search_dist"><a id="search_dist" class="menu-item " href="/Public/">Search Distributions</a></li>
 <li id="li-browse_dist"><a id="browse_dist" class="menu-item " href="/Public/Dist/Browse.html">Browse Distributions</a></li>
 <li id="li-about" class="has-children"><a id="about" class="menu-item " href="/NoAuth/RT/CPAN/About.html">About rt.cpan.org</a>
 <ul>
  <li id="li-about-usage"><a id="about-usage" class="menu-item " href="/NoAuth/RT/CPAN/Usage.html">How do I…?</a></li>
  <li id="li-about-about"><a id="about-about" class="menu-item " href="/NoAuth/RT/CPAN/About.html">About</a></li>
 </ul>
 </li>
 <li id="li-preferences"><a id="preferences" class="menu-item ">Welcome <span class="current-user">anonymous guest</span>.</a></li>
 <li id="li-login"><a id="login" class="menu-item " href="/NoAuth/Logout.html">Login as another user</a></li>
</ul></div>
<div id="page-navigation"><ul id="page-menu" class="toplevel">
 <li id="li-page-active_bugs"><a id="page-active_bugs" class="menu-item " href="/Public/Dist/Display.html?Status=Active;Name=Text-AutoCSV">Active bugs</a></li>
 <li id="li-page-resolved_bugs"><a id="page-resolved_bugs" class="menu-item " href="/Public/Dist/Display.html?Status=Resolved;Name=Text-AutoCSV">Resolved bugs</a></li>
 <li id="li-page-rejected_bugs"><a id="page-rejected_bugs" class="menu-item " href="/Public/Dist/Display.html?Status=Rejected;Name=Text-AutoCSV">Rejected bugs</a></li>
 <li id="li-page-report"><a id="page-report" class="menu-item " href="/Public/Bug/Report.html?Queue=Text-AutoCSV">Report a new bug</a></li>
</ul></div>
<div id="topactions"><form action="/Public/Search/Simple.html" id="simple-search">
  <input size="12" name="q" accesskey="0" class="field" value="" placeholder="Search..." />
</form>

<form action="/Public/Bug/Report.html" name="CreateTicketInQueue" id="CreateTicketInQueue" >
<input type="submit" class="button" value="New ticket in" />&nbsp;<label accesskey="9">
  <input name="Queue" size="25" placeholder="Module or distribution" value="" class="select-queue" data-autocomplete="Queues" data-autocomplete-autosubmit=1 data-autocomplete-params="right=CreateTicket" />

</label>

</form>

</div>
<div id="body">
<div id="announcement" style="padding: 1em; margin: 1em; border: solid black 1px; background: #eee">
<a href="https://log.perl.org/2020/12/rtcpanorg-sunset.html">rt.cpan.org will be shut down on March 1st, 2021.</a>
</div>

<a name="skipnav" id="skipnav" accesskey="8"></a>





<p>This queue is for tickets about the <a href="https://metacpan.org/release/Text-AutoCSV">Text-AutoCSV CPAN distribution</a>.</p>





<div class="">
  <div class="titlebox" id="">
  <div class="titlebox-title">
    <span class="widget"><a href="#" onclick="return rollup('TitleBox\x2D\x2D\x5FPublic\x5FBug\x5FDisplay\x5Fhtml\x2D\x2D\x2D\x2D\x2D\x2DUmVwb3J0IGluZm9ybWF0aW9u\x2D\x2D\x2D0');" title="Toggle visibility"></a></span>
    <span class="left">Report information</span>
    <span class="right-empty">		    </span>
  </div>
  <div class="titlebox-content " id="TitleBox--_Public_Bug_Display_html------UmVwb3J0IGluZm9ybWF0aW9u---0">


<table width="100%" class="ticket-summary">
<tr>
  <td valign="top" class="boxcontainer">
    <div class="ticket-info-basics">
  <div class="titlebox ticket-info-basics " id="">
  <div class="titlebox-title">
    <span class="widget"><a href="#" onclick="return rollup('TitleBox\x2D\x2D\x5FPublic\x5FBug\x5FDisplay\x5Fhtml\x2D\x2Dticket\x2Dinfo\x2Dbasics\x2D\x2D\x2D\x2DVGhlIEJhc2ljcw\x5F\x5F\x2D\x2D\x2D0');" title="Toggle visibility"></a></span>
    <span class="left">The Basics</span>
    <span class="right-empty">		    </span>
  </div>
  <div class="titlebox-content " id="TitleBox--_Public_Bug_Display_html--ticket-info-basics----VGhlIEJhc2ljcw__---0">


        <table>
  <tr class="id">
    <td class="label">Id:</td>
    <td class="value">117845</td>
  </tr>
  <tr class="status">
    <td class="label">Status:</td>
    <td class="value">resolved</td>
  </tr>
  <tr class="priority">
    <td class="label">Priority:</td>
    <td class="value">0/
</td>
  </tr>
  <tr class="queue">
    <td class="label">Queue:</td>
    <td class="value"><a href="/Dist/Display.html?Queue=Text-AutoCSV">Text-AutoCSV</a>
</td>
  </tr>
</table>

        <hr class="clear" />
  </div>
</div>




</div>


    <div class="ticket-info-people">
  <div class="titlebox ticket-info-people " id="">
  <div class="titlebox-title">
    <span class="widget"><a href="#" onclick="return rollup('TitleBox\x2D\x2D\x5FPublic\x5FBug\x5FDisplay\x5Fhtml\x2D\x2Dticket\x2Dinfo\x2Dpeople\x2D\x2D\x2D\x2DUGVvcGxl\x2D\x2D\x2D0');" title="Toggle visibility"></a></span>
    <span class="left">People</span>
    <span class="right-empty">		    </span>
  </div>
  <div class="titlebox-content " id="TitleBox--_Public_Bug_Display_html--ticket-info-people----UGVvcGxl---0">


        <table>
  <tr>
    <td class="label">Owner:</td>
    <td class="value">MILLETSEB [...] cpan.org
    
    </td>
  </tr>
  <tr>
    <td class="labeltop">Requestors:</td>
    <td class="value">
SREZIC [...] cpan.org

<br />

</td>
  </tr>
  <tr>
    <td class="labeltop">Cc:</td>
    <td class="value">

</td>
  </tr>
  <tr>
    <td class="labeltop">AdminCc:</td>
    <td class="value">

</td>
  </tr>
</table>

        <hr class="clear" />
  </div>
</div>




</div>



  </td>
  <td valign="top" class="boxcontainer">
    
    <div class="ticket-info-cfs">
  <div class="titlebox ticket-info-cfs " id="">
  <div class="titlebox-title">
    <span class="widget"><a href="#" onclick="return rollup('TitleBox\x2D\x2D\x5FPublic\x5FBug\x5FDisplay\x5Fhtml\x2D\x2Dticket\x2Dinfo\x2Dcfs\x2D\x2D\x2D\x2DQnVnIEluZm9ybWF0aW9u\x2D\x2D\x2D0');" title="Toggle visibility"></a></span>
    <span class="left">Bug Information</span>
    <span class="right-empty">		    </span>
  </div>
  <div class="titlebox-content " id="TitleBox--_Public_Bug_Display_html--ticket-info-cfs----QnVnIEluZm9ybWF0aW9u---0">

 
        <table>
  <tr id="CF-1-ShowRow">
    <td class="label">Severity:</td>
    <td class="value">
<i>(no value)</i>
    </td>
  </tr>
  <tr id="CF-265664-ShowRow">
    <td class="label">Broken in:</td>
    <td class="value">
1.0    </td>
  </tr>
  <tr id="CF-265665-ShowRow">
    <td class="label">Fixed in:</td>
    <td class="value">
1.1.4    </td>
  </tr>
</table>


        <hr class="clear" />
  </div>
</div>




</div>


    




  </td>
</tr>
</table>

    <hr class="clear" />
  </div>
</div>




</div>


<br />


<div class="history">
<div class="titlebox" id="">
  <div class="titlebox-title">
    <span class="widget"><a href="#" onclick="return rollup('TitleBox\x2D\x2D\x5FPublic\x5FBug\x5FDisplay\x5Fhtml\x2D\x2D\x2D\x2D\x2D\x2DSGlzdG9yeQ\x5F\x5F\x2D\x2D\x2D0');" title="Toggle visibility"></a></span>
    <span class="left">History</span>
    <span class="right">		<a href="#" data-direction="open" onclick="return toggle_all_folds(this, 'Show\x20all\x20quoted\x20text', 'Hide\x20all\x20quoted\x20text');">Show all quoted text</a> &mdash; <a href="/Public/Bug/Display.html?ShowHeaders=1;id=117845">Show full headers</a>    </span>
  </div>
  <div class="titlebox-content " id="TitleBox--_Public_Bug_Display_html------SGlzdG9yeQ__---0">


<div id="ticket-history">
<div class="ticket-transaction message Create odd">
<div class="ticket-transaction">
  <div class="metadata">
    <span class="type">
      <a name="txn-1669095" href="/Public/Bug/Display.html?id=117845#txn-1669095">#</a>      
    </span>
    <span class="date">Thu&nbsp;Sep&nbsp;15&nbsp;01:17:48&nbsp;2016</span>
    <span class="description">SREZIC [...] cpan.org -  Ticket created</span>
    <span class="time-taken"></span>    <span class="actions hidden"></span>
  </div>
    <div class="content">
      
<table>
  <tr>
    <td align="right" class="message-header-key">Subject:</td>
    <td class="message-header-value"> Various problems</td>
  </tr>
</table>
<div class="downloadattachment">
<a href="/Ticket/Attachment/1669095/895746/">Download &#40;untitled&#41;</a> / <a href="/Ticket/Attachment/WithHeaders/895746">with headers</a>
<br />
<span class="downloadcontenttype">text/plain 2k</span>
</div>
<div class="messagebody">
<div class="message-stanza plain-text-white-space">The test suite fails on some of my smokers. I see the following problems:

- t/10-prepost.t fails if DateTime::Format::Epoch::JD is not installed &#40;a missing dependency declaration or a missing skip?&#41;

- t/04-esc.t sometimes shows the following failure &#40;reason unclear&#41;:

#   Failed test &#39;ES07 - t/esc02.csv: quote escape, implicit&#39;
#   at t/04-esc.t line 92.
#          got: &#39;\&#39;
#     expected: &#39;&#34;&#39;

#   Failed test &#39;ES08 - t/esc02.csv: quote escape, implicit &#40;2&#41;&#39;
#   at t/04-esc.t line 94.
#     Structures begin differing at:
#          $got-&gt;[1]{A} = &#39;Val &#34;&#34; ya &#34;&#34; line 2&#39;
#     $expected-&gt;[1]{A} = &#39;Val &#34; ya &#34; line 2&#39;

#   Failed test &#39;WR02 - out_escape_char =&gt; &#39;&#34;&#39;&#39;
#   at t/04-esc.t line 120.
#          got: &#39;\&#39;
#     expected: &#39;&#34;&#39;

#   Failed test &#39;WR03 - reuse input escape character &#40;quote&#41; in output&#39;
#   at t/04-esc.t line 125.
#          got: &#39;\&#39;
#     expected: &#39;&#34;&#39;
# Looks like you failed 4 tests of 29.
t/04-esc.t ...... 

- t/06-exdoc.t fails sometimes like this:
Text::AutoCSV: error: t/ex1.csv: record ATIME: field ?: unable to parse datetime &#39;ATIME&#39; at t/06-exdoc.t line 219.
# Looks like you planned 13 tests but ran 11.
# Looks like your test exited with 25 just after 11.
t/06-exdoc.t .... 
Dubious, test returned 25 &#40;wstat 6400, 0x1900&#41;
Failed 2/13 subtests 

- or like this:
Can&#39;t call method &#34;isa&#34; without a package or object reference at /usr/home/eserte/.cpan/build/2016091421/Text-AutoCSV-1.0-s7nEv_/blib/lib/Text/AutoCSV.pm line 2083, &lt;_GEN_51&gt; line 5.
# Looks like your test exited with 25 just after 11.
t/06-exdoc.t .... 


- with older perls &#40;5.8.x&#41; compilation fails:

#   Failed test &#39;use Text::AutoCSV;&#39;
#   at t/01-gen.t line 28.
#     Tried to use &#39;Text::AutoCSV&#39;.
#     Error:  Unmatched &#40; in regex; marked by &lt;-- HERE in m/%y&#39;
# # then if parsing 4-digit-year dates &#40; &lt;-- HERE like &#39;31/ at /home/eserte/.cpan/build/2016091421/Text-AutoCSV-1.0-1/blib/lib/Text/AutoCSV.pm line 1318, &lt;DATA&gt; line 1.
# Compilation failed in require at t/01-gen.t line 28, &lt;DATA&gt; line 1.
# BEGIN failed--compilation aborted at t/01-gen.t line 28, &lt;DATA&gt; line 1.

- t/03-enc.t may segfault &#40;maybe only on freebsd systems&#41;
</div></div>
    </div>
</div>
</div>
<div class="ticket-transaction message Correspond even">
<div class="ticket-transaction">
  <div class="metadata">
    <span class="type">
      <a name="txn-1669521" href="/Public/Bug/Display.html?id=117845#txn-1669521">#</a>      
    </span>
    <span class="date">Fri&nbsp;Sep&nbsp;16&nbsp;03:05:24&nbsp;2016</span>
    <span class="description">MILLETSEB [...] cpan.org -  Correspondence added</span>
    <span class="time-taken"></span>    <span class="actions hidden"></span>
  </div>
    <div class="content">
      
<div class="downloadattachment">
<a href="/Ticket/Attachment/1669521/895965/">Download &#40;untitled&#41;</a> / <a href="/Ticket/Attachment/WithHeaders/895965">with headers</a>
<br />
<span class="downloadcontenttype">text/plain 3.6k</span>
</div>
<div class="messagebody">
<div class="message-stanza plain-text-white-space">Hello

Thanks for this feedback.

I just uploaded 1.0.1 which I hope resolves most of the below. To be more precise:

- t/10-prepost.t fails: now checks for DateTime::Format::Epoch::JD availability &#38; skips if not available

- t/04-esc.t sometimes fails: changed the code logic, hope it&#39;ll be better

- t/06-exdoc.t: not very clear to me where it comes from, it could be that long ago DateTime did not provide epoch&#40;&#41; and from_epoch&#40;&#41; methods. Just in case, I added checks of these methods availability and skip corresponding tests if check fails. Also changed error printed if something goes wrong &#40;error message was broken any way&#41;.

- Module load fails on old perls: the error looks like parsing of a regex occured inside a comment, so I changed it. I&#39;d be surprised no other issue comes up on old perls, I may add a minimum version of perl going forward. Hint would be welcome here, I&#39;ve no idea what makes sense or not in this area, and saying my own version is the minimum may be brutal?

- t/03-enc.t may segfault: not sure of root cause of this one. This test ensures UTF8 files with a BOM &#40;Byte-Order-Mark&#41; are well processed, and I&#39;ve had some issues with File::BOM stability in the past &#40;for ex. it doesn&#39;t work with file handles open on a variable + different behaviors between Windows and Linux&#41;.
A quick-and-dirty workaround would be to bypass test on freebsd.

Le Jeu 15 Sep 2016 01:17:48, SREZIC a écrit :
<span
    class="message-stanza-folder closed"
    onclick="fold_message_stanza(this, 'Show\x20quoted\x20text', 'Hide\x20quoted\x20text');">Show quoted text</span><br /><div class="message-stanza closed">&gt; The test suite fails on some of my smokers. I see the following
&gt; problems:
&gt; 
&gt; - t/10-prepost.t fails if DateTime::Format::Epoch::JD is not installed
&gt; &#40;a missing dependency declaration or a missing skip?&#41;
&gt; 
&gt; - t/04-esc.t sometimes shows the following failure &#40;reason unclear&#41;:
&gt; 
&gt; #   Failed test &#39;ES07 - t/esc02.csv: quote escape, implicit&#39;
&gt; #   at t/04-esc.t line 92.
&gt; #          got: &#39;\&#39;
&gt; #     expected: &#39;&#34;&#39;
&gt; 
&gt; #   Failed test &#39;ES08 - t/esc02.csv: quote escape, implicit &#40;2&#41;&#39;
&gt; #   at t/04-esc.t line 94.
&gt; #     Structures begin differing at:
&gt; #          $got-&gt;[1]{A} = &#39;Val &#34;&#34; ya &#34;&#34; line 2&#39;
&gt; #     $expected-&gt;[1]{A} = &#39;Val &#34; ya &#34; line 2&#39;
&gt; 
&gt; #   Failed test &#39;WR02 - out_escape_char =&gt; &#39;&#34;&#39;&#39;
&gt; #   at t/04-esc.t line 120.
&gt; #          got: &#39;\&#39;
&gt; #     expected: &#39;&#34;&#39;
&gt; 
&gt; #   Failed test &#39;WR03 - reuse input escape character &#40;quote&#41; in
&gt; output&#39;
&gt; #   at t/04-esc.t line 125.
&gt; #          got: &#39;\&#39;
&gt; #     expected: &#39;&#34;&#39;
&gt; # Looks like you failed 4 tests of 29.
&gt;  t/04-esc.t ......
&gt; 
&gt; - t/06-exdoc.t fails sometimes like this:
&gt; Text::AutoCSV: error: t/ex1.csv: record ATIME: field ?: unable to
&gt; parse datetime &#39;ATIME&#39; at t/06-exdoc.t line 219.
&gt; # Looks like you planned 13 tests but ran 11.
&gt; # Looks like your test exited with 25 just after 11.
&gt;  t/06-exdoc.t ....
&gt; Dubious, test returned 25 &#40;wstat 6400, 0x1900&#41;
&gt;  Failed 2/13 subtests
&gt; 
&gt; - or like this:
&gt; Can&#39;t call method &#34;isa&#34; without a package or object reference at
&gt; /usr/home/eserte/.cpan/build/2016091421/Text-AutoCSV-1.0-
&gt; s7nEv_/blib/lib/Text/AutoCSV.pm line 2083, &lt;_GEN_51&gt; line 5.
&gt; # Looks like your test exited with 25 just after 11.
&gt;  t/06-exdoc.t ....
&gt; 
&gt; 
&gt; - with older perls &#40;5.8.x&#41; compilation fails:
&gt; 
&gt; #   Failed test &#39;use Text::AutoCSV;&#39;
&gt; #   at t/01-gen.t line 28.
&gt; #     Tried to use &#39;Text::AutoCSV&#39;.
&gt; #     Error:  Unmatched &#40; in regex; marked by &lt;-- HERE in m/%y&#39;
&gt; # # then if parsing 4-digit-year dates &#40; &lt;-- HERE like &#39;31/ at
&gt; /home/eserte/.cpan/build/2016091421/Text-AutoCSV-1.0-
&gt; 1/blib/lib/Text/AutoCSV.pm line 1318, &lt;DATA&gt; line 1.
&gt; # Compilation failed in require at t/01-gen.t line 28, &lt;DATA&gt; line 1.
&gt; # BEGIN failed--compilation aborted at t/01-gen.t line 28, &lt;DATA&gt; line
&gt; 1.
&gt; 
&gt; - t/03-enc.t may segfault &#40;maybe only on freebsd systems&#41;
</div></div></div>
    </div>
</div>
</div>
<div class="ticket-transaction basics Status odd">
<div class="ticket-transaction">
  <div class="metadata">
    <span class="type">
      <a name="txn-1669522" href="/Public/Bug/Display.html?id=117845#txn-1669522">#</a>      
    </span>
    <span class="date">Fri&nbsp;Sep&nbsp;16&nbsp;03:05:25&nbsp;2016</span>
    <span class="description">The RT System itself -  Status changed from &#39;new&#39; to &#39;open&#39;</span>
    <span class="time-taken"></span>    <span class="actions hidden"></span>
  </div>
    <div class="content">
    </div>
</div>
</div>
<div class="ticket-transaction message Correspond even">
<div class="ticket-transaction">
  <div class="metadata">
    <span class="type">
      <a name="txn-1669537" href="/Public/Bug/Display.html?id=117845#txn-1669537">#</a>      
    </span>
    <span class="date">Fri&nbsp;Sep&nbsp;16&nbsp;03:26:48&nbsp;2016</span>
    <span class="description">SREZIC [...] cpan.org -  Correspondence added</span>
    <span class="time-taken"></span>    <span class="actions hidden"></span>
  </div>
    <div class="content">
      
<div class="downloadattachment">
<a href="/Ticket/Attachment/1669537/895972/">Download &#40;untitled&#41;</a> / <a href="/Ticket/Attachment/WithHeaders/895972">with headers</a>
<br />
<span class="downloadcontenttype">text/plain 4.7k</span>
</div>
<div class="messagebody">
<div class="message-stanza plain-text-white-space">Still there are problems with 1.0.1, see
<span class="clickylink"><a target="new" rel="nofollow" href="http://fast-matrix.cpantesters.org/?dist=Text-AutoCSV%201.0.1">http://fast-matrix.cpantesters.org/?dist=Text-AutoCSV%201.0.1</a></span> &#40;current results, no links to individual test reports&#41;
<span class="clickylink"><a target="new" rel="nofollow" href="http://matrix.cpantesters.org/?dist=Text-AutoCSV%201.0.1">http://matrix.cpantesters.org/?dist=Text-AutoCSV%201.0.1</a></span> &#40;updates here slower, but links to individual reports exist&#41;

The easy one:
- It seems you&#39;re using // which is not available for 5.8.9 and older. So either rewrite this construct, or increase the minimum perl version

The DateTime::Format::Epoch::JD failures are indeed gone. Still with 1.0.1 I saw at least one report with a segfault, but there are many green reports from FreeBSD systems, so maybe it&#39;s just a specific version of a prerequisite module &#40;Encode? File::BOM?&#41;. There are no pass reports for perl &lt;= 5.14.3.

For the other fails --- maybe <span class="clickylink"><a target="new" rel="nofollow" href="http://analysis.cpantesters.org/solved?distv=Text-AutoCSV-1.0.1">http://analysis.cpantesters.org/solved?distv=Text-AutoCSV-1.0.1</a></span> will give some clues if the other problems are fixed &#40;analysis does not work well if there are too many fail reasons involved&#41;.

Regards,
    Slaven

On 2016-09-16 03:05:24, MILLETSEB wrote:
<span
    class="message-stanza-folder closed"
    onclick="fold_message_stanza(this, 'Show\x20quoted\x20text', 'Hide\x20quoted\x20text');">Show quoted text</span><br /><div class="message-stanza closed">&gt; Hello
&gt; 
&gt; Thanks for this feedback.
&gt; 
&gt; I just uploaded 1.0.1 which I hope resolves most of the below. To be
&gt; more precise:
&gt; 
&gt; - t/10-prepost.t fails: now checks for DateTime::Format::Epoch::JD
&gt; availability &#38; skips if not available
&gt; 
&gt; - t/04-esc.t sometimes fails: changed the code logic, hope it&#39;ll be
&gt; better
&gt; 
&gt; - t/06-exdoc.t: not very clear to me where it comes from, it could be
&gt; that long ago DateTime did not provide epoch&#40;&#41; and from_epoch&#40;&#41;
&gt; methods. Just in case, I added checks of these methods availability
&gt; and skip corresponding tests if check fails. Also changed error
&gt; printed if something goes wrong &#40;error message was broken any way&#41;.
&gt; 
&gt; - Module load fails on old perls: the error looks like parsing of a
&gt; regex occured inside a comment, so I changed it. I&#39;d be surprised no
&gt; other issue comes up on old perls, I may add a minimum version of perl
&gt; going forward. Hint would be welcome here, I&#39;ve no idea what makes
&gt; sense or not in this area, and saying my own version is the minimum
&gt; may be brutal?
&gt; 
&gt; - t/03-enc.t may segfault: not sure of root cause of this one. This
&gt; test ensures UTF8 files with a BOM &#40;Byte-Order-Mark&#41; are well
&gt; processed, and I&#39;ve had some issues with File::BOM stability in the
&gt; past &#40;for ex. it doesn&#39;t work with file handles open on a variable +
&gt; different behaviors between Windows and Linux&#41;.
&gt; A quick-and-dirty workaround would be to bypass test on freebsd.
&gt; 
&gt; Le Jeu 15 Sep 2016 01:17:48, SREZIC a écrit :
<div class="message-stanza open">&gt; &gt; The test suite fails on some of my smokers. I see the following
&gt; &gt; problems:
&gt; &gt;
&gt; &gt; - t/10-prepost.t fails if DateTime::Format::Epoch::JD is not
&gt; &gt; installed
&gt; &gt; &#40;a missing dependency declaration or a missing skip?&#41;
&gt; &gt;
&gt; &gt; - t/04-esc.t sometimes shows the following failure &#40;reason unclear&#41;:
&gt; &gt;
&gt; &gt; #   Failed test &#39;ES07 - t/esc02.csv: quote escape, implicit&#39;
&gt; &gt; #   at t/04-esc.t line 92.
&gt; &gt; #          got: &#39;\&#39;
&gt; &gt; #     expected: &#39;&#34;&#39;
&gt; &gt;
&gt; &gt; #   Failed test &#39;ES08 - t/esc02.csv: quote escape, implicit &#40;2&#41;&#39;
&gt; &gt; #   at t/04-esc.t line 94.
&gt; &gt; #     Structures begin differing at:
&gt; &gt; #          $got-&gt;[1]{A} = &#39;Val &#34;&#34; ya &#34;&#34; line 2&#39;
&gt; &gt; #     $expected-&gt;[1]{A} = &#39;Val &#34; ya &#34; line 2&#39;
&gt; &gt;
&gt; &gt; #   Failed test &#39;WR02 - out_escape_char =&gt; &#39;&#34;&#39;&#39;
&gt; &gt; #   at t/04-esc.t line 120.
&gt; &gt; #          got: &#39;\&#39;
&gt; &gt; #     expected: &#39;&#34;&#39;
&gt; &gt;
&gt; &gt; #   Failed test &#39;WR03 - reuse input escape character &#40;quote&#41; in
&gt; &gt; output&#39;
&gt; &gt; #   at t/04-esc.t line 125.
&gt; &gt; #          got: &#39;\&#39;
&gt; &gt; #     expected: &#39;&#34;&#39;
&gt; &gt; # Looks like you failed 4 tests of 29.
&gt; &gt;  t/04-esc.t ......
&gt; &gt;
&gt; &gt; - t/06-exdoc.t fails sometimes like this:
&gt; &gt; Text::AutoCSV: error: t/ex1.csv: record ATIME: field ?: unable to
&gt; &gt; parse datetime &#39;ATIME&#39; at t/06-exdoc.t line 219.
&gt; &gt; # Looks like you planned 13 tests but ran 11.
&gt; &gt; # Looks like your test exited with 25 just after 11.
&gt; &gt;  t/06-exdoc.t ....
&gt; &gt; Dubious, test returned 25 &#40;wstat 6400, 0x1900&#41;
&gt; &gt;  Failed 2/13 subtests
&gt; &gt;
&gt; &gt; - or like this:
&gt; &gt; Can&#39;t call method &#34;isa&#34; without a package or object reference at
&gt; &gt; /usr/home/eserte/.cpan/build/2016091421/Text-AutoCSV-1.0-
&gt; &gt; s7nEv_/blib/lib/Text/AutoCSV.pm line 2083, &lt;_GEN_51&gt; line 5.
&gt; &gt; # Looks like your test exited with 25 just after 11.
&gt; &gt;  t/06-exdoc.t ....
&gt; &gt;
&gt; &gt;
&gt; &gt; - with older perls &#40;5.8.x&#41; compilation fails:
&gt; &gt;
&gt; &gt; #   Failed test &#39;use Text::AutoCSV;&#39;
&gt; &gt; #   at t/01-gen.t line 28.
&gt; &gt; #     Tried to use &#39;Text::AutoCSV&#39;.
&gt; &gt; #     Error:  Unmatched &#40; in regex; marked by &lt;-- HERE in m/%y&#39;
&gt; &gt; # # then if parsing 4-digit-year dates &#40; &lt;-- HERE like &#39;31/ at
&gt; &gt; /home/eserte/.cpan/build/2016091421/Text-AutoCSV-1.0-
&gt; &gt; 1/blib/lib/Text/AutoCSV.pm line 1318, &lt;DATA&gt; line 1.
&gt; &gt; # Compilation failed in require at t/01-gen.t line 28, &lt;DATA&gt; line 1.
&gt; &gt; # BEGIN failed--compilation aborted at t/01-gen.t line 28, &lt;DATA&gt;
&gt; &gt; line
&gt; &gt; 1.
&gt; &gt;
&gt; &gt; - t/03-enc.t may segfault &#40;maybe only on freebsd systems&#41;
</div></div></div></div>
    </div>
</div>
</div>
<div class="ticket-transaction message Correspond odd">
<div class="ticket-transaction">
  <div class="metadata">
    <span class="type">
      <a name="txn-1669678" href="/Public/Bug/Display.html?id=117845#txn-1669678">#</a>      
    </span>
    <span class="date">Fri&nbsp;Sep&nbsp;16&nbsp;17:14:45&nbsp;2016</span>
    <span class="description">SREZIC [...] cpan.org -  Correspondence added</span>
    <span class="time-taken"></span>    <span class="actions hidden"></span>
  </div>
    <div class="content">
      
<div class="downloadattachment">
<a href="/Ticket/Attachment/1669678/896046/">Download &#40;untitled&#41;</a> / <a href="/Ticket/Attachment/WithHeaders/896046">with headers</a>
<br />
<span class="downloadcontenttype">text/plain 5.5k</span>
</div>
<div class="messagebody">
<div class="message-stanza plain-text-white-space">t/06-exdoc.t has timezone-dependent failures. With TZ=UTC it fails like this:

#   Failed test &#39;EX10 - convert to epoch&#39;
#   at t/06-exdoc.t line 234.
#     Structures begin differing at:
#          $got-&gt;[0]{MTIME} = &#39;1456764872&#39;
#     $expected-&gt;[0]{MTIME} = &#39;1456761272&#39;
# Looks like you failed 1 test of 13.
t/06-exdoc.t .... 
Dubious, test returned 1 &#40;wstat 256, 0x100&#41;
Failed 1/13 subtests 

Seen with 1.0.2. I think this test does not fail in this way with TZ=Europe/Berlin.

On 2016-09-16 03:26:48, SREZIC wrote:
<span
    class="message-stanza-folder closed"
    onclick="fold_message_stanza(this, 'Show\x20quoted\x20text', 'Hide\x20quoted\x20text');">Show quoted text</span><br /><div class="message-stanza closed">&gt; Still there are problems with 1.0.1, see
&gt; <span class="clickylink"><a target="new" rel="nofollow" href="http://fast-matrix.cpantesters.org/?dist=Text-AutoCSV%201.0.1">http://fast-matrix.cpantesters.org/?dist=Text-AutoCSV%201.0.1</a></span> &#40;current
&gt; results, no links to individual test reports&#41;
&gt; <span class="clickylink"><a target="new" rel="nofollow" href="http://matrix.cpantesters.org/?dist=Text-AutoCSV%201.0.1">http://matrix.cpantesters.org/?dist=Text-AutoCSV%201.0.1</a></span> &#40;updates here
&gt; slower, but links to individual reports exist&#41;
&gt; 
&gt; The easy one:
&gt; - It seems you&#39;re using // which is not available for 5.8.9 and older.
&gt; So either rewrite this construct, or increase the minimum perl version
&gt; 
&gt; The DateTime::Format::Epoch::JD failures are indeed gone. Still with
&gt; 1.0.1 I saw at least one report with a segfault, but there are many
&gt; green reports from FreeBSD systems, so maybe it&#39;s just a specific
&gt; version of a prerequisite module &#40;Encode? File::BOM?&#41;. There are no
&gt; pass reports for perl &lt;= 5.14.3.
&gt; 
&gt; For the other fails --- maybe
&gt; <span class="clickylink"><a target="new" rel="nofollow" href="http://analysis.cpantesters.org/solved?distv=Text-AutoCSV-1.0.1">http://analysis.cpantesters.org/solved?distv=Text-AutoCSV-1.0.1</a></span> will
&gt; give some clues if the other problems are fixed &#40;analysis does not
&gt; work well if there are too many fail reasons involved&#41;.
&gt; 
&gt; Regards,
&gt;     Slaven
&gt; 
&gt; On 2016-09-16 03:05:24, MILLETSEB wrote:
<div class="message-stanza open">&gt; &gt; Hello
&gt; &gt;
&gt; &gt; Thanks for this feedback.
&gt; &gt;
&gt; &gt; I just uploaded 1.0.1 which I hope resolves most of the below. To be
&gt; &gt; more precise:
&gt; &gt;
&gt; &gt; - t/10-prepost.t fails: now checks for DateTime::Format::Epoch::JD
&gt; &gt; availability &#38; skips if not available
&gt; &gt;
&gt; &gt; - t/04-esc.t sometimes fails: changed the code logic, hope it&#39;ll be
&gt; &gt; better
&gt; &gt;
&gt; &gt; - t/06-exdoc.t: not very clear to me where it comes from, it could be
&gt; &gt; that long ago DateTime did not provide epoch&#40;&#41; and from_epoch&#40;&#41;
&gt; &gt; methods. Just in case, I added checks of these methods availability
&gt; &gt; and skip corresponding tests if check fails. Also changed error
&gt; &gt; printed if something goes wrong &#40;error message was broken any way&#41;.
&gt; &gt;
&gt; &gt; - Module load fails on old perls: the error looks like parsing of a
&gt; &gt; regex occured inside a comment, so I changed it. I&#39;d be surprised no
&gt; &gt; other issue comes up on old perls, I may add a minimum version of
&gt; &gt; perl
&gt; &gt; going forward. Hint would be welcome here, I&#39;ve no idea what makes
&gt; &gt; sense or not in this area, and saying my own version is the minimum
&gt; &gt; may be brutal?
&gt; &gt;
&gt; &gt; - t/03-enc.t may segfault: not sure of root cause of this one. This
&gt; &gt; test ensures UTF8 files with a BOM &#40;Byte-Order-Mark&#41; are well
&gt; &gt; processed, and I&#39;ve had some issues with File::BOM stability in the
&gt; &gt; past &#40;for ex. it doesn&#39;t work with file handles open on a variable +
&gt; &gt; different behaviors between Windows and Linux&#41;.
&gt; &gt; A quick-and-dirty workaround would be to bypass test on freebsd.
&gt; &gt;
&gt; &gt; Le Jeu 15 Sep 2016 01:17:48, SREZIC a écrit :
<div class="message-stanza open">&gt; &gt; &gt; The test suite fails on some of my smokers. I see the following
&gt; &gt; &gt; problems:
&gt; &gt; &gt;
&gt; &gt; &gt; - t/10-prepost.t fails if DateTime::Format::Epoch::JD is not
&gt; &gt; &gt; installed
&gt; &gt; &gt; &#40;a missing dependency declaration or a missing skip?&#41;
&gt; &gt; &gt;
&gt; &gt; &gt; - t/04-esc.t sometimes shows the following failure &#40;reason
&gt; &gt; &gt; unclear&#41;:
&gt; &gt; &gt;
&gt; &gt; &gt; #   Failed test &#39;ES07 - t/esc02.csv: quote escape, implicit&#39;
&gt; &gt; &gt; #   at t/04-esc.t line 92.
&gt; &gt; &gt; #          got: &#39;\&#39;
&gt; &gt; &gt; #     expected: &#39;&#34;&#39;
&gt; &gt; &gt;
&gt; &gt; &gt; #   Failed test &#39;ES08 - t/esc02.csv: quote escape, implicit &#40;2&#41;&#39;
&gt; &gt; &gt; #   at t/04-esc.t line 94.
&gt; &gt; &gt; #     Structures begin differing at:
&gt; &gt; &gt; #          $got-&gt;[1]{A} = &#39;Val &#34;&#34; ya &#34;&#34; line 2&#39;
&gt; &gt; &gt; #     $expected-&gt;[1]{A} = &#39;Val &#34; ya &#34; line 2&#39;
&gt; &gt; &gt;
&gt; &gt; &gt; #   Failed test &#39;WR02 - out_escape_char =&gt; &#39;&#34;&#39;&#39;
&gt; &gt; &gt; #   at t/04-esc.t line 120.
&gt; &gt; &gt; #          got: &#39;\&#39;
&gt; &gt; &gt; #     expected: &#39;&#34;&#39;
&gt; &gt; &gt;
&gt; &gt; &gt; #   Failed test &#39;WR03 - reuse input escape character &#40;quote&#41; in
&gt; &gt; &gt; output&#39;
&gt; &gt; &gt; #   at t/04-esc.t line 125.
&gt; &gt; &gt; #          got: &#39;\&#39;
&gt; &gt; &gt; #     expected: &#39;&#34;&#39;
&gt; &gt; &gt; # Looks like you failed 4 tests of 29.
&gt; &gt; &gt;  t/04-esc.t ......
&gt; &gt; &gt;
&gt; &gt; &gt; - t/06-exdoc.t fails sometimes like this:
&gt; &gt; &gt; Text::AutoCSV: error: t/ex1.csv: record ATIME: field ?: unable to
&gt; &gt; &gt; parse datetime &#39;ATIME&#39; at t/06-exdoc.t line 219.
&gt; &gt; &gt; # Looks like you planned 13 tests but ran 11.
&gt; &gt; &gt; # Looks like your test exited with 25 just after 11.
&gt; &gt; &gt;  t/06-exdoc.t ....
&gt; &gt; &gt; Dubious, test returned 25 &#40;wstat 6400, 0x1900&#41;
&gt; &gt; &gt;  Failed 2/13 subtests
&gt; &gt; &gt;
&gt; &gt; &gt; - or like this:
&gt; &gt; &gt; Can&#39;t call method &#34;isa&#34; without a package or object reference at
&gt; &gt; &gt; /usr/home/eserte/.cpan/build/2016091421/Text-AutoCSV-1.0-
&gt; &gt; &gt; s7nEv_/blib/lib/Text/AutoCSV.pm line 2083, &lt;_GEN_51&gt; line 5.
&gt; &gt; &gt; # Looks like your test exited with 25 just after 11.
&gt; &gt; &gt;  t/06-exdoc.t ....
&gt; &gt; &gt;
&gt; &gt; &gt;
&gt; &gt; &gt; - with older perls &#40;5.8.x&#41; compilation fails:
&gt; &gt; &gt;
&gt; &gt; &gt; #   Failed test &#39;use Text::AutoCSV;&#39;
&gt; &gt; &gt; #   at t/01-gen.t line 28.
&gt; &gt; &gt; #     Tried to use &#39;Text::AutoCSV&#39;.
&gt; &gt; &gt; #     Error:  Unmatched &#40; in regex; marked by &lt;-- HERE in m/%y&#39;
&gt; &gt; &gt; # # then if parsing 4-digit-year dates &#40; &lt;-- HERE like &#39;31/ at
&gt; &gt; &gt; /home/eserte/.cpan/build/2016091421/Text-AutoCSV-1.0-
&gt; &gt; &gt; 1/blib/lib/Text/AutoCSV.pm line 1318, &lt;DATA&gt; line 1.
&gt; &gt; &gt; # Compilation failed in require at t/01-gen.t line 28, &lt;DATA&gt; line
&gt; &gt; &gt; 1.
&gt; &gt; &gt; # BEGIN failed--compilation aborted at t/01-gen.t line 28, &lt;DATA&gt;
&gt; &gt; &gt; line
&gt; &gt; &gt; 1.
&gt; &gt; &gt;
&gt; &gt; &gt; - t/03-enc.t may segfault &#40;maybe only on freebsd systems&#41;
</div></div></div></div></div>
    </div>
</div>
</div>
<div class="ticket-transaction message Correspond even">
<div class="ticket-transaction">
  <div class="metadata">
    <span class="type">
      <a name="txn-1669932" href="/Public/Bug/Display.html?id=117845#txn-1669932">#</a>      
    </span>
    <span class="date">Sat&nbsp;Sep&nbsp;17&nbsp;10:27:56&nbsp;2016</span>
    <span class="description">MILLETSEB [...] cpan.org -  Correspondence added</span>
    <span class="time-taken"></span>    <span class="actions hidden"></span>
  </div>
    <div class="content">
      
<div class="downloadattachment">
<a href="/Ticket/Attachment/1669932/896179/">Download &#40;untitled&#41;</a> / <a href="/Ticket/Attachment/WithHeaders/896179">with headers</a>
<br />
<span class="downloadcontenttype">text/plain 6.2k</span>
</div>
<div class="messagebody">
<div class="message-stanza plain-text-white-space">Hello

I took your last feedback and did some updates based on it -&gt; no longer use of // and better control of TZ in 06-exdoc.t.

I think some issues will continue, I updated some .t files to use Test::More in a more natural way &#40;use of like&#40;&#41; and unlike&#40;&#41;&#41; to get more info if failure.

Thanks, Sébastien




On Fri Sep 16 17:14:45 2016, SREZIC wrote:
<span
    class="message-stanza-folder closed"
    onclick="fold_message_stanza(this, 'Show\x20quoted\x20text', 'Hide\x20quoted\x20text');">Show quoted text</span><br /><div class="message-stanza closed">&gt; t/06-exdoc.t has timezone-dependent failures. With TZ=UTC it fails
&gt; like this:
&gt; 
&gt; #   Failed test &#39;EX10 - convert to epoch&#39;
&gt; #   at t/06-exdoc.t line 234.
&gt; #     Structures begin differing at:
&gt; #          $got-&gt;[0]{MTIME} = &#39;1456764872&#39;
&gt; #     $expected-&gt;[0]{MTIME} = &#39;1456761272&#39;
&gt; # Looks like you failed 1 test of 13.
&gt;  t/06-exdoc.t ....
&gt; Dubious, test returned 1 &#40;wstat 256, 0x100&#41;
&gt;  Failed 1/13 subtests
&gt; 
&gt; Seen with 1.0.2. I think this test does not fail in this way with
&gt; TZ=Europe/Berlin.
&gt; 
&gt; On 2016-09-16 03:26:48, SREZIC wrote:
<div class="message-stanza open">&gt; &gt; Still there are problems with 1.0.1, see
&gt; &gt; <span class="clickylink"><a target="new" rel="nofollow" href="http://fast-matrix.cpantesters.org/?dist=Text-AutoCSV%201.0.1">http://fast-matrix.cpantesters.org/?dist=Text-AutoCSV%201.0.1</a></span>
&gt; &gt; &#40;current
&gt; &gt; results, no links to individual test reports&#41;
&gt; &gt; <span class="clickylink"><a target="new" rel="nofollow" href="http://matrix.cpantesters.org/?dist=Text-AutoCSV%201.0.1">http://matrix.cpantesters.org/?dist=Text-AutoCSV%201.0.1</a></span> &#40;updates
&gt; &gt; here
&gt; &gt; slower, but links to individual reports exist&#41;
&gt; &gt;
&gt; &gt; The easy one:
&gt; &gt; - It seems you&#39;re using // which is not available for 5.8.9 and
&gt; &gt; older.
&gt; &gt; So either rewrite this construct, or increase the minimum perl
&gt; &gt; version
&gt; &gt;
&gt; &gt; The DateTime::Format::Epoch::JD failures are indeed gone. Still with
&gt; &gt; 1.0.1 I saw at least one report with a segfault, but there are many
&gt; &gt; green reports from FreeBSD systems, so maybe it&#39;s just a specific
&gt; &gt; version of a prerequisite module &#40;Encode? File::BOM?&#41;. There are no
&gt; &gt; pass reports for perl &lt;= 5.14.3.
&gt; &gt;
&gt; &gt; For the other fails --- maybe
&gt; &gt; <span class="clickylink"><a target="new" rel="nofollow" href="http://analysis.cpantesters.org/solved?distv=Text-AutoCSV-1.0.1">http://analysis.cpantesters.org/solved?distv=Text-AutoCSV-1.0.1</a></span> will
&gt; &gt; give some clues if the other problems are fixed &#40;analysis does not
&gt; &gt; work well if there are too many fail reasons involved&#41;.
&gt; &gt;
&gt; &gt; Regards,
&gt; &gt;     Slaven
&gt; &gt;
&gt; &gt; On 2016-09-16 03:05:24, MILLETSEB wrote:
<div class="message-stanza open">&gt; &gt; &gt; Hello
&gt; &gt; &gt;
&gt; &gt; &gt; Thanks for this feedback.
&gt; &gt; &gt;
&gt; &gt; &gt; I just uploaded 1.0.1 which I hope resolves most of the below. To
&gt; &gt; &gt; be
&gt; &gt; &gt; more precise:
&gt; &gt; &gt;
&gt; &gt; &gt; - t/10-prepost.t fails: now checks for DateTime::Format::Epoch::JD
&gt; &gt; &gt; availability &#38; skips if not available
&gt; &gt; &gt;
&gt; &gt; &gt; - t/04-esc.t sometimes fails: changed the code logic, hope it&#39;ll be
&gt; &gt; &gt; better
&gt; &gt; &gt;
&gt; &gt; &gt; - t/06-exdoc.t: not very clear to me where it comes from, it could
&gt; &gt; &gt; be
&gt; &gt; &gt; that long ago DateTime did not provide epoch&#40;&#41; and from_epoch&#40;&#41;
&gt; &gt; &gt; methods. Just in case, I added checks of these methods availability
&gt; &gt; &gt; and skip corresponding tests if check fails. Also changed error
&gt; &gt; &gt; printed if something goes wrong &#40;error message was broken any way&#41;.
&gt; &gt; &gt;
&gt; &gt; &gt; - Module load fails on old perls: the error looks like parsing of a
&gt; &gt; &gt; regex occured inside a comment, so I changed it. I&#39;d be surprised
&gt; &gt; &gt; no
&gt; &gt; &gt; other issue comes up on old perls, I may add a minimum version of
&gt; &gt; &gt; perl
&gt; &gt; &gt; going forward. Hint would be welcome here, I&#39;ve no idea what makes
&gt; &gt; &gt; sense or not in this area, and saying my own version is the minimum
&gt; &gt; &gt; may be brutal?
&gt; &gt; &gt;
&gt; &gt; &gt; - t/03-enc.t may segfault: not sure of root cause of this one. This
&gt; &gt; &gt; test ensures UTF8 files with a BOM &#40;Byte-Order-Mark&#41; are well
&gt; &gt; &gt; processed, and I&#39;ve had some issues with File::BOM stability in the
&gt; &gt; &gt; past &#40;for ex. it doesn&#39;t work with file handles open on a variable
&gt; &gt; &gt; +
&gt; &gt; &gt; different behaviors between Windows and Linux&#41;.
&gt; &gt; &gt; A quick-and-dirty workaround would be to bypass test on freebsd.
&gt; &gt; &gt;
&gt; &gt; &gt; Le Jeu 15 Sep 2016 01:17:48, SREZIC a écrit :
<div class="message-stanza open">&gt; &gt; &gt; &gt; The test suite fails on some of my smokers. I see the following
&gt; &gt; &gt; &gt; problems:
&gt; &gt; &gt; &gt;
&gt; &gt; &gt; &gt; - t/10-prepost.t fails if DateTime::Format::Epoch::JD is not
&gt; &gt; &gt; &gt; installed
&gt; &gt; &gt; &gt; &#40;a missing dependency declaration or a missing skip?&#41;
&gt; &gt; &gt; &gt;
&gt; &gt; &gt; &gt; - t/04-esc.t sometimes shows the following failure &#40;reason
&gt; &gt; &gt; &gt; unclear&#41;:
&gt; &gt; &gt; &gt;
&gt; &gt; &gt; &gt; #   Failed test &#39;ES07 - t/esc02.csv: quote escape, implicit&#39;
&gt; &gt; &gt; &gt; #   at t/04-esc.t line 92.
&gt; &gt; &gt; &gt; #          got: &#39;\&#39;
&gt; &gt; &gt; &gt; #     expected: &#39;&#34;&#39;
&gt; &gt; &gt; &gt;
&gt; &gt; &gt; &gt; #   Failed test &#39;ES08 - t/esc02.csv: quote escape, implicit &#40;2&#41;&#39;
&gt; &gt; &gt; &gt; #   at t/04-esc.t line 94.
&gt; &gt; &gt; &gt; #     Structures begin differing at:
&gt; &gt; &gt; &gt; #          $got-&gt;[1]{A} = &#39;Val &#34;&#34; ya &#34;&#34; line 2&#39;
&gt; &gt; &gt; &gt; #     $expected-&gt;[1]{A} = &#39;Val &#34; ya &#34; line 2&#39;
&gt; &gt; &gt; &gt;
&gt; &gt; &gt; &gt; #   Failed test &#39;WR02 - out_escape_char =&gt; &#39;&#34;&#39;&#39;
&gt; &gt; &gt; &gt; #   at t/04-esc.t line 120.
&gt; &gt; &gt; &gt; #          got: &#39;\&#39;
&gt; &gt; &gt; &gt; #     expected: &#39;&#34;&#39;
&gt; &gt; &gt; &gt;
&gt; &gt; &gt; &gt; #   Failed test &#39;WR03 - reuse input escape character &#40;quote&#41; in
&gt; &gt; &gt; &gt; output&#39;
&gt; &gt; &gt; &gt; #   at t/04-esc.t line 125.
&gt; &gt; &gt; &gt; #          got: &#39;\&#39;
&gt; &gt; &gt; &gt; #     expected: &#39;&#34;&#39;
&gt; &gt; &gt; &gt; # Looks like you failed 4 tests of 29.
&gt; &gt; &gt; &gt;  t/04-esc.t ......
&gt; &gt; &gt; &gt;
&gt; &gt; &gt; &gt; - t/06-exdoc.t fails sometimes like this:
&gt; &gt; &gt; &gt; Text::AutoCSV: error: t/ex1.csv: record ATIME: field ?: unable to
&gt; &gt; &gt; &gt; parse datetime &#39;ATIME&#39; at t/06-exdoc.t line 219.
&gt; &gt; &gt; &gt; # Looks like you planned 13 tests but ran 11.
&gt; &gt; &gt; &gt; # Looks like your test exited with 25 just after 11.
&gt; &gt; &gt; &gt;  t/06-exdoc.t ....
&gt; &gt; &gt; &gt; Dubious, test returned 25 &#40;wstat 6400, 0x1900&#41;
&gt; &gt; &gt; &gt;  Failed 2/13 subtests
&gt; &gt; &gt; &gt;
&gt; &gt; &gt; &gt; - or like this:
&gt; &gt; &gt; &gt; Can&#39;t call method &#34;isa&#34; without a package or object reference at
&gt; &gt; &gt; &gt; /usr/home/eserte/.cpan/build/2016091421/Text-AutoCSV-1.0-
&gt; &gt; &gt; &gt; s7nEv_/blib/lib/Text/AutoCSV.pm line 2083, &lt;_GEN_51&gt; line 5.
&gt; &gt; &gt; &gt; # Looks like your test exited with 25 just after 11.
&gt; &gt; &gt; &gt;  t/06-exdoc.t ....
&gt; &gt; &gt; &gt;
&gt; &gt; &gt; &gt;
&gt; &gt; &gt; &gt; - with older perls &#40;5.8.x&#41; compilation fails:
&gt; &gt; &gt; &gt;
&gt; &gt; &gt; &gt; #   Failed test &#39;use Text::AutoCSV;&#39;
&gt; &gt; &gt; &gt; #   at t/01-gen.t line 28.
&gt; &gt; &gt; &gt; #     Tried to use &#39;Text::AutoCSV&#39;.
&gt; &gt; &gt; &gt; #     Error:  Unmatched &#40; in regex; marked by &lt;-- HERE in m/%y&#39;
&gt; &gt; &gt; &gt; # # then if parsing 4-digit-year dates &#40; &lt;-- HERE like &#39;31/ at
&gt; &gt; &gt; &gt; /home/eserte/.cpan/build/2016091421/Text-AutoCSV-1.0-
&gt; &gt; &gt; &gt; 1/blib/lib/Text/AutoCSV.pm line 1318, &lt;DATA&gt; line 1.
&gt; &gt; &gt; &gt; # Compilation failed in require at t/01-gen.t line 28, &lt;DATA&gt;
&gt; &gt; &gt; &gt; line
&gt; &gt; &gt; &gt; 1.
&gt; &gt; &gt; &gt; # BEGIN failed--compilation aborted at t/01-gen.t line 28, &lt;DATA&gt;
&gt; &gt; &gt; &gt; line
&gt; &gt; &gt; &gt; 1.
&gt; &gt; &gt; &gt;
&gt; &gt; &gt; &gt; - t/03-enc.t may segfault &#40;maybe only on freebsd systems&#41;
</div></div></div></div></div></div>
    </div>
</div>
</div>
<div class="ticket-transaction message Correspond odd">
<div class="ticket-transaction">
  <div class="metadata">
    <span class="type">
      <a name="txn-1671420" href="/Public/Bug/Display.html?id=117845#txn-1671420">#</a>      
    </span>
    <span class="date">Thu&nbsp;Sep&nbsp;22&nbsp;02:51:51&nbsp;2016</span>
    <span class="description">MILLETSEB [...] cpan.org -  Correspondence added</span>
    <span class="time-taken"></span>    <span class="actions hidden"></span>
  </div>
    <div class="content">
      
<div class="downloadattachment">
<a href="/Ticket/Attachment/1671420/897023/">Download &#40;untitled&#41;</a> / <a href="/Ticket/Attachment/WithHeaders/897023">with headers</a>
<br />
<span class="downloadcontenttype">text/plain 7.1k</span>
</div>
<div class="messagebody">
<div class="message-stanza plain-text-white-space">Hello

The just-uploaded 1.0.6 seems rather good.
Thanks for your support &#38; catching the TZ story.

The remainnig freebsd failure &#40;9.2-release-p4 with perl 5.8.9&#41; looks like something is totally wrong with the module I/O management, screwing up numerous tests. I presume fixing it will be costly, it&#39;ll require to install the same environment + run tests in debug mode. I&#39;ll consider adding &#34;use 5.010&#34; in the module to just bypass this issue.

Reg, Sébastien Millet




Le Sam 17 Sep 2016 10:27:56, MILLETSEB a écrit :
<span
    class="message-stanza-folder closed"
    onclick="fold_message_stanza(this, 'Show\x20quoted\x20text', 'Hide\x20quoted\x20text');">Show quoted text</span><br /><div class="message-stanza closed">&gt; Hello
&gt; 
&gt; I took your last feedback and did some updates based on it -&gt; no
&gt; longer use of // and better control of TZ in 06-exdoc.t.
&gt; 
&gt; I think some issues will continue, I updated some .t files to use
&gt; Test::More in a more natural way &#40;use of like&#40;&#41; and unlike&#40;&#41;&#41; to get
&gt; more info if failure.
&gt; 
&gt; Thanks, Sébastien
&gt; 
&gt; 
&gt; 
&gt; 
&gt; On Fri Sep 16 17:14:45 2016, SREZIC wrote:
<div class="message-stanza open">&gt; &gt; t/06-exdoc.t has timezone-dependent failures. With TZ=UTC it fails
&gt; &gt; like this:
&gt; &gt;
&gt; &gt; #   Failed test &#39;EX10 - convert to epoch&#39;
&gt; &gt; #   at t/06-exdoc.t line 234.
&gt; &gt; #     Structures begin differing at:
&gt; &gt; #          $got-&gt;[0]{MTIME} = &#39;1456764872&#39;
&gt; &gt; #     $expected-&gt;[0]{MTIME} = &#39;1456761272&#39;
&gt; &gt; # Looks like you failed 1 test of 13.
&gt; &gt;  t/06-exdoc.t ....
&gt; &gt; Dubious, test returned 1 &#40;wstat 256, 0x100&#41;
&gt; &gt;  Failed 1/13 subtests
&gt; &gt;
&gt; &gt; Seen with 1.0.2. I think this test does not fail in this way with
&gt; &gt; TZ=Europe/Berlin.
&gt; &gt;
&gt; &gt; On 2016-09-16 03:26:48, SREZIC wrote:
<div class="message-stanza open">&gt; &gt; &gt; Still there are problems with 1.0.1, see
&gt; &gt; &gt; <span class="clickylink"><a target="new" rel="nofollow" href="http://fast-matrix.cpantesters.org/?dist=Text-AutoCSV%201.0.1">http://fast-matrix.cpantesters.org/?dist=Text-AutoCSV%201.0.1</a></span>
&gt; &gt; &gt; &#40;current
&gt; &gt; &gt; results, no links to individual test reports&#41;
&gt; &gt; &gt; <span class="clickylink"><a target="new" rel="nofollow" href="http://matrix.cpantesters.org/?dist=Text-AutoCSV%201.0.1">http://matrix.cpantesters.org/?dist=Text-AutoCSV%201.0.1</a></span> &#40;updates
&gt; &gt; &gt; here
&gt; &gt; &gt; slower, but links to individual reports exist&#41;
&gt; &gt; &gt;
&gt; &gt; &gt; The easy one:
&gt; &gt; &gt; - It seems you&#39;re using // which is not available for 5.8.9 and
&gt; &gt; &gt; older.
&gt; &gt; &gt; So either rewrite this construct, or increase the minimum perl
&gt; &gt; &gt; version
&gt; &gt; &gt;
&gt; &gt; &gt; The DateTime::Format::Epoch::JD failures are indeed gone. Still
&gt; &gt; &gt; with
&gt; &gt; &gt; 1.0.1 I saw at least one report with a segfault, but there are many
&gt; &gt; &gt; green reports from FreeBSD systems, so maybe it&#39;s just a specific
&gt; &gt; &gt; version of a prerequisite module &#40;Encode? File::BOM?&#41;. There are no
&gt; &gt; &gt; pass reports for perl &lt;= 5.14.3.
&gt; &gt; &gt;
&gt; &gt; &gt; For the other fails --- maybe
&gt; &gt; &gt; <span class="clickylink"><a target="new" rel="nofollow" href="http://analysis.cpantesters.org/solved?distv=Text-AutoCSV-1.0.1">http://analysis.cpantesters.org/solved?distv=Text-AutoCSV-1.0.1</a></span>
&gt; &gt; &gt; will
&gt; &gt; &gt; give some clues if the other problems are fixed &#40;analysis does not
&gt; &gt; &gt; work well if there are too many fail reasons involved&#41;.
&gt; &gt; &gt;
&gt; &gt; &gt; Regards,
&gt; &gt; &gt;     Slaven
&gt; &gt; &gt;
&gt; &gt; &gt; On 2016-09-16 03:05:24, MILLETSEB wrote:
<div class="message-stanza open">&gt; &gt; &gt; &gt; Hello
&gt; &gt; &gt; &gt;
&gt; &gt; &gt; &gt; Thanks for this feedback.
&gt; &gt; &gt; &gt;
&gt; &gt; &gt; &gt; I just uploaded 1.0.1 which I hope resolves most of the below. To
&gt; &gt; &gt; &gt; be
&gt; &gt; &gt; &gt; more precise:
&gt; &gt; &gt; &gt;
&gt; &gt; &gt; &gt; - t/10-prepost.t fails: now checks for
&gt; &gt; &gt; &gt; DateTime::Format::Epoch::JD
&gt; &gt; &gt; &gt; availability &#38; skips if not available
&gt; &gt; &gt; &gt;
&gt; &gt; &gt; &gt; - t/04-esc.t sometimes fails: changed the code logic, hope it&#39;ll
&gt; &gt; &gt; &gt; be
&gt; &gt; &gt; &gt; better
&gt; &gt; &gt; &gt;
&gt; &gt; &gt; &gt; - t/06-exdoc.t: not very clear to me where it comes from, it
&gt; &gt; &gt; &gt; could
&gt; &gt; &gt; &gt; be
&gt; &gt; &gt; &gt; that long ago DateTime did not provide epoch&#40;&#41; and from_epoch&#40;&#41;
&gt; &gt; &gt; &gt; methods. Just in case, I added checks of these methods
&gt; &gt; &gt; &gt; availability
&gt; &gt; &gt; &gt; and skip corresponding tests if check fails. Also changed error
&gt; &gt; &gt; &gt; printed if something goes wrong &#40;error message was broken any
&gt; &gt; &gt; &gt; way&#41;.
&gt; &gt; &gt; &gt;
&gt; &gt; &gt; &gt; - Module load fails on old perls: the error looks like parsing of
&gt; &gt; &gt; &gt; a
&gt; &gt; &gt; &gt; regex occured inside a comment, so I changed it. I&#39;d be surprised
&gt; &gt; &gt; &gt; no
&gt; &gt; &gt; &gt; other issue comes up on old perls, I may add a minimum version of
&gt; &gt; &gt; &gt; perl
&gt; &gt; &gt; &gt; going forward. Hint would be welcome here, I&#39;ve no idea what
&gt; &gt; &gt; &gt; makes
&gt; &gt; &gt; &gt; sense or not in this area, and saying my own version is the
&gt; &gt; &gt; &gt; minimum
&gt; &gt; &gt; &gt; may be brutal?
&gt; &gt; &gt; &gt;
&gt; &gt; &gt; &gt; - t/03-enc.t may segfault: not sure of root cause of this one.
&gt; &gt; &gt; &gt; This
&gt; &gt; &gt; &gt; test ensures UTF8 files with a BOM &#40;Byte-Order-Mark&#41; are well
&gt; &gt; &gt; &gt; processed, and I&#39;ve had some issues with File::BOM stability in
&gt; &gt; &gt; &gt; the
&gt; &gt; &gt; &gt; past &#40;for ex. it doesn&#39;t work with file handles open on a
&gt; &gt; &gt; &gt; variable
&gt; &gt; &gt; &gt; +
&gt; &gt; &gt; &gt; different behaviors between Windows and Linux&#41;.
&gt; &gt; &gt; &gt; A quick-and-dirty workaround would be to bypass test on freebsd.
&gt; &gt; &gt; &gt;
&gt; &gt; &gt; &gt; Le Jeu 15 Sep 2016 01:17:48, SREZIC a écrit :
<div class="message-stanza open">&gt; &gt; &gt; &gt; &gt; The test suite fails on some of my smokers. I see the following
&gt; &gt; &gt; &gt; &gt; problems:
&gt; &gt; &gt; &gt; &gt;
&gt; &gt; &gt; &gt; &gt; - t/10-prepost.t fails if DateTime::Format::Epoch::JD is not
&gt; &gt; &gt; &gt; &gt; installed
&gt; &gt; &gt; &gt; &gt; &#40;a missing dependency declaration or a missing skip?&#41;
&gt; &gt; &gt; &gt; &gt;
&gt; &gt; &gt; &gt; &gt; - t/04-esc.t sometimes shows the following failure &#40;reason
&gt; &gt; &gt; &gt; &gt; unclear&#41;:
&gt; &gt; &gt; &gt; &gt;
&gt; &gt; &gt; &gt; &gt; #   Failed test &#39;ES07 - t/esc02.csv: quote escape, implicit&#39;
&gt; &gt; &gt; &gt; &gt; #   at t/04-esc.t line 92.
&gt; &gt; &gt; &gt; &gt; #          got: &#39;\&#39;
&gt; &gt; &gt; &gt; &gt; #     expected: &#39;&#34;&#39;
&gt; &gt; &gt; &gt; &gt;
&gt; &gt; &gt; &gt; &gt; #   Failed test &#39;ES08 - t/esc02.csv: quote escape, implicit
&gt; &gt; &gt; &gt; &gt; &#40;2&#41;&#39;
&gt; &gt; &gt; &gt; &gt; #   at t/04-esc.t line 94.
&gt; &gt; &gt; &gt; &gt; #     Structures begin differing at:
&gt; &gt; &gt; &gt; &gt; #          $got-&gt;[1]{A} = &#39;Val &#34;&#34; ya &#34;&#34; line 2&#39;
&gt; &gt; &gt; &gt; &gt; #     $expected-&gt;[1]{A} = &#39;Val &#34; ya &#34; line 2&#39;
&gt; &gt; &gt; &gt; &gt;
&gt; &gt; &gt; &gt; &gt; #   Failed test &#39;WR02 - out_escape_char =&gt; &#39;&#34;&#39;&#39;
&gt; &gt; &gt; &gt; &gt; #   at t/04-esc.t line 120.
&gt; &gt; &gt; &gt; &gt; #          got: &#39;\&#39;
&gt; &gt; &gt; &gt; &gt; #     expected: &#39;&#34;&#39;
&gt; &gt; &gt; &gt; &gt;
&gt; &gt; &gt; &gt; &gt; #   Failed test &#39;WR03 - reuse input escape character &#40;quote&#41; in
&gt; &gt; &gt; &gt; &gt; output&#39;
&gt; &gt; &gt; &gt; &gt; #   at t/04-esc.t line 125.
&gt; &gt; &gt; &gt; &gt; #          got: &#39;\&#39;
&gt; &gt; &gt; &gt; &gt; #     expected: &#39;&#34;&#39;
&gt; &gt; &gt; &gt; &gt; # Looks like you failed 4 tests of 29.
&gt; &gt; &gt; &gt; &gt;  t/04-esc.t ......
&gt; &gt; &gt; &gt; &gt;
&gt; &gt; &gt; &gt; &gt; - t/06-exdoc.t fails sometimes like this:
&gt; &gt; &gt; &gt; &gt; Text::AutoCSV: error: t/ex1.csv: record ATIME: field ?: unable
&gt; &gt; &gt; &gt; &gt; to
&gt; &gt; &gt; &gt; &gt; parse datetime &#39;ATIME&#39; at t/06-exdoc.t line 219.
&gt; &gt; &gt; &gt; &gt; # Looks like you planned 13 tests but ran 11.
&gt; &gt; &gt; &gt; &gt; # Looks like your test exited with 25 just after 11.
&gt; &gt; &gt; &gt; &gt;  t/06-exdoc.t ....
&gt; &gt; &gt; &gt; &gt; Dubious, test returned 25 &#40;wstat 6400, 0x1900&#41;
&gt; &gt; &gt; &gt; &gt;  Failed 2/13 subtests
&gt; &gt; &gt; &gt; &gt;
&gt; &gt; &gt; &gt; &gt; - or like this:
&gt; &gt; &gt; &gt; &gt; Can&#39;t call method &#34;isa&#34; without a package or object reference
&gt; &gt; &gt; &gt; &gt; at
&gt; &gt; &gt; &gt; &gt; /usr/home/eserte/.cpan/build/2016091421/Text-AutoCSV-1.0-
&gt; &gt; &gt; &gt; &gt; s7nEv_/blib/lib/Text/AutoCSV.pm line 2083, &lt;_GEN_51&gt; line 5.
&gt; &gt; &gt; &gt; &gt; # Looks like your test exited with 25 just after 11.
&gt; &gt; &gt; &gt; &gt;  t/06-exdoc.t ....
&gt; &gt; &gt; &gt; &gt;
&gt; &gt; &gt; &gt; &gt;
&gt; &gt; &gt; &gt; &gt; - with older perls &#40;5.8.x&#41; compilation fails:
&gt; &gt; &gt; &gt; &gt;
&gt; &gt; &gt; &gt; &gt; #   Failed test &#39;use Text::AutoCSV;&#39;
&gt; &gt; &gt; &gt; &gt; #   at t/01-gen.t line 28.
&gt; &gt; &gt; &gt; &gt; #     Tried to use &#39;Text::AutoCSV&#39;.
&gt; &gt; &gt; &gt; &gt; #     Error:  Unmatched &#40; in regex; marked by &lt;-- HERE in m/%y&#39;
&gt; &gt; &gt; &gt; &gt; # # then if parsing 4-digit-year dates &#40; &lt;-- HERE like &#39;31/ at
&gt; &gt; &gt; &gt; &gt; /home/eserte/.cpan/build/2016091421/Text-AutoCSV-1.0-
&gt; &gt; &gt; &gt; &gt; 1/blib/lib/Text/AutoCSV.pm line 1318, &lt;DATA&gt; line 1.
&gt; &gt; &gt; &gt; &gt; # Compilation failed in require at t/01-gen.t line 28, &lt;DATA&gt;
&gt; &gt; &gt; &gt; &gt; line
&gt; &gt; &gt; &gt; &gt; 1.
&gt; &gt; &gt; &gt; &gt; # BEGIN failed--compilation aborted at t/01-gen.t line 28,
&gt; &gt; &gt; &gt; &gt; &lt;DATA&gt;
&gt; &gt; &gt; &gt; &gt; line
&gt; &gt; &gt; &gt; &gt; 1.
&gt; &gt; &gt; &gt; &gt;
&gt; &gt; &gt; &gt; &gt; - t/03-enc.t may segfault &#40;maybe only on freebsd systems&#41;
</div></div></div></div></div></div></div>
    </div>
</div>
</div>
<div class="ticket-transaction message Correspond even">
<div class="ticket-transaction">
  <div class="metadata">
    <span class="type">
      <a name="txn-1671430" href="/Public/Bug/Display.html?id=117845#txn-1671430">#</a>      
    </span>
    <span class="date">Thu&nbsp;Sep&nbsp;22&nbsp;03:21:06&nbsp;2016</span>
    <span class="description">SREZIC [...] cpan.org -  Correspondence added</span>
    <span class="time-taken"></span>    <span class="actions hidden"></span>
  </div>
    <div class="content">
      
<div class="downloadattachment">
<a href="/Ticket/Attachment/1671430/897030/">Download &#40;untitled&#41;</a> / <a href="/Ticket/Attachment/WithHeaders/897030">with headers</a>
<br />
<span class="downloadcontenttype">text/plain 8.8k</span>
</div>
<div class="messagebody">
<div class="message-stanza plain-text-white-space">I have two freebsd 9.2 systems, both have perl 5.8.9 installed, one passes and the other fails. But statistical analysis helps here:

$ local-ctgetreports.pl Text-AutoCSV-1.0.6
...
****************************************************************
Regression &#39;mod:DateTime::Format::Strptime&#39;
****************************************************************
Name                   Theta          StdErr     T-stat
[0=&#39;const&#39;]           1.0000          0.0000    7467194690183316.00
[1=&#39;eq_1.55&#39;]         0.0000          0.0000       0.13
[2=&#39;eq_1.56&#39;]        -0.0000          0.0000      -0.28
[3=&#39;eq_1.61&#39;]        -1.0000          0.0000    -4311186864468679.50
[4=&#39;eq_1.67&#39;]        -0.0000          0.0000      -1.58
[5=&#39;eq_1.68&#39;]        -0.0000          0.0000      -0.01

R^2= 1.000, N= 62, K= 6
****************************************************************


So it fails if DateTime::Format::Strptime 1.61 is installed, with all other versions &#40;at least the ones I have installed&#41; pass. Indeed, if I use the latest DateTime::Format::Strptime then it passes also on the previously failing system.

Regards,
   Slaven


On 2016-09-22 02:51:51, MILLETSEB wrote:
<span
    class="message-stanza-folder closed"
    onclick="fold_message_stanza(this, 'Show\x20quoted\x20text', 'Hide\x20quoted\x20text');">Show quoted text</span><br /><div class="message-stanza closed">&gt; Hello
&gt; 
&gt; The just-uploaded 1.0.6 seems rather good.
&gt; Thanks for your support &#38; catching the TZ story.
&gt; 
&gt; The remainnig freebsd failure &#40;9.2-release-p4 with perl 5.8.9&#41; looks
&gt; like something is totally wrong with the module I/O management,
&gt; screwing up numerous tests. I presume fixing it will be costly, it&#39;ll
&gt; require to install the same environment + run tests in debug mode.
&gt; I&#39;ll consider adding &#34;use 5.010&#34; in the module to just bypass this
&gt; issue.
&gt; 
&gt; Reg, Sébastien Millet
&gt; 
&gt; 
&gt; 
&gt; 
&gt; Le Sam 17 Sep 2016 10:27:56, MILLETSEB a écrit :
<div class="message-stanza open">&gt; &gt; Hello
&gt; &gt;
&gt; &gt; I took your last feedback and did some updates based on it -&gt; no
&gt; &gt; longer use of // and better control of TZ in 06-exdoc.t.
&gt; &gt;
&gt; &gt; I think some issues will continue, I updated some .t files to use
&gt; &gt; Test::More in a more natural way &#40;use of like&#40;&#41; and unlike&#40;&#41;&#41; to get
&gt; &gt; more info if failure.
&gt; &gt;
&gt; &gt; Thanks, Sébastien
&gt; &gt;
&gt; &gt;
&gt; &gt;
&gt; &gt;
&gt; &gt; On Fri Sep 16 17:14:45 2016, SREZIC wrote:
<div class="message-stanza open">&gt; &gt; &gt; t/06-exdoc.t has timezone-dependent failures. With TZ=UTC it fails
&gt; &gt; &gt; like this:
&gt; &gt; &gt;
&gt; &gt; &gt; #   Failed test &#39;EX10 - convert to epoch&#39;
&gt; &gt; &gt; #   at t/06-exdoc.t line 234.
&gt; &gt; &gt; #     Structures begin differing at:
&gt; &gt; &gt; #          $got-&gt;[0]{MTIME} = &#39;1456764872&#39;
&gt; &gt; &gt; #     $expected-&gt;[0]{MTIME} = &#39;1456761272&#39;
&gt; &gt; &gt; # Looks like you failed 1 test of 13.
&gt; &gt; &gt;  t/06-exdoc.t ....
&gt; &gt; &gt; Dubious, test returned 1 &#40;wstat 256, 0x100&#41;
&gt; &gt; &gt;  Failed 1/13 subtests
&gt; &gt; &gt;
&gt; &gt; &gt; Seen with 1.0.2. I think this test does not fail in this way with
&gt; &gt; &gt; TZ=Europe/Berlin.
&gt; &gt; &gt;
&gt; &gt; &gt; On 2016-09-16 03:26:48, SREZIC wrote:
<div class="message-stanza open">&gt; &gt; &gt; &gt; Still there are problems with 1.0.1, see
&gt; &gt; &gt; &gt; <span class="clickylink"><a target="new" rel="nofollow" href="http://fast-matrix.cpantesters.org/?dist=Text-AutoCSV%201.0.1">http://fast-matrix.cpantesters.org/?dist=Text-AutoCSV%201.0.1</a></span>
&gt; &gt; &gt; &gt; &#40;current
&gt; &gt; &gt; &gt; results, no links to individual test reports&#41;
&gt; &gt; &gt; &gt; <span class="clickylink"><a target="new" rel="nofollow" href="http://matrix.cpantesters.org/?dist=Text-AutoCSV%201.0.1">http://matrix.cpantesters.org/?dist=Text-AutoCSV%201.0.1</a></span> &#40;updates
&gt; &gt; &gt; &gt; here
&gt; &gt; &gt; &gt; slower, but links to individual reports exist&#41;
&gt; &gt; &gt; &gt;
&gt; &gt; &gt; &gt; The easy one:
&gt; &gt; &gt; &gt; - It seems you&#39;re using // which is not available for 5.8.9 and
&gt; &gt; &gt; &gt; older.
&gt; &gt; &gt; &gt; So either rewrite this construct, or increase the minimum perl
&gt; &gt; &gt; &gt; version
&gt; &gt; &gt; &gt;
&gt; &gt; &gt; &gt; The DateTime::Format::Epoch::JD failures are indeed gone. Still
&gt; &gt; &gt; &gt; with
&gt; &gt; &gt; &gt; 1.0.1 I saw at least one report with a segfault, but there are
&gt; &gt; &gt; &gt; many
&gt; &gt; &gt; &gt; green reports from FreeBSD systems, so maybe it&#39;s just a specific
&gt; &gt; &gt; &gt; version of a prerequisite module &#40;Encode? File::BOM?&#41;. There are
&gt; &gt; &gt; &gt; no
&gt; &gt; &gt; &gt; pass reports for perl &lt;= 5.14.3.
&gt; &gt; &gt; &gt;
&gt; &gt; &gt; &gt; For the other fails --- maybe
&gt; &gt; &gt; &gt; <span class="clickylink"><a target="new" rel="nofollow" href="http://analysis.cpantesters.org/solved?distv=Text-AutoCSV-1.0.1">http://analysis.cpantesters.org/solved?distv=Text-AutoCSV-1.0.1</a></span>
&gt; &gt; &gt; &gt; will
&gt; &gt; &gt; &gt; give some clues if the other problems are fixed &#40;analysis does
&gt; &gt; &gt; &gt; not
&gt; &gt; &gt; &gt; work well if there are too many fail reasons involved&#41;.
&gt; &gt; &gt; &gt;
&gt; &gt; &gt; &gt; Regards,
&gt; &gt; &gt; &gt;     Slaven
&gt; &gt; &gt; &gt;
&gt; &gt; &gt; &gt; On 2016-09-16 03:05:24, MILLETSEB wrote:
<div class="message-stanza open">&gt; &gt; &gt; &gt; &gt; Hello
&gt; &gt; &gt; &gt; &gt;
&gt; &gt; &gt; &gt; &gt; Thanks for this feedback.
&gt; &gt; &gt; &gt; &gt;
&gt; &gt; &gt; &gt; &gt; I just uploaded 1.0.1 which I hope resolves most of the below.
&gt; &gt; &gt; &gt; &gt; To
&gt; &gt; &gt; &gt; &gt; be
&gt; &gt; &gt; &gt; &gt; more precise:
&gt; &gt; &gt; &gt; &gt;
&gt; &gt; &gt; &gt; &gt; - t/10-prepost.t fails: now checks for
&gt; &gt; &gt; &gt; &gt; DateTime::Format::Epoch::JD
&gt; &gt; &gt; &gt; &gt; availability &#38; skips if not available
&gt; &gt; &gt; &gt; &gt;
&gt; &gt; &gt; &gt; &gt; - t/04-esc.t sometimes fails: changed the code logic, hope
&gt; &gt; &gt; &gt; &gt; it&#39;ll
&gt; &gt; &gt; &gt; &gt; be
&gt; &gt; &gt; &gt; &gt; better
&gt; &gt; &gt; &gt; &gt;
&gt; &gt; &gt; &gt; &gt; - t/06-exdoc.t: not very clear to me where it comes from, it
&gt; &gt; &gt; &gt; &gt; could
&gt; &gt; &gt; &gt; &gt; be
&gt; &gt; &gt; &gt; &gt; that long ago DateTime did not provide epoch&#40;&#41; and from_epoch&#40;&#41;
&gt; &gt; &gt; &gt; &gt; methods. Just in case, I added checks of these methods
&gt; &gt; &gt; &gt; &gt; availability
&gt; &gt; &gt; &gt; &gt; and skip corresponding tests if check fails. Also changed error
&gt; &gt; &gt; &gt; &gt; printed if something goes wrong &#40;error message was broken any
&gt; &gt; &gt; &gt; &gt; way&#41;.
&gt; &gt; &gt; &gt; &gt;
&gt; &gt; &gt; &gt; &gt; - Module load fails on old perls: the error looks like parsing
&gt; &gt; &gt; &gt; &gt; of
&gt; &gt; &gt; &gt; &gt; a
&gt; &gt; &gt; &gt; &gt; regex occured inside a comment, so I changed it. I&#39;d be
&gt; &gt; &gt; &gt; &gt; surprised
&gt; &gt; &gt; &gt; &gt; no
&gt; &gt; &gt; &gt; &gt; other issue comes up on old perls, I may add a minimum version
&gt; &gt; &gt; &gt; &gt; of
&gt; &gt; &gt; &gt; &gt; perl
&gt; &gt; &gt; &gt; &gt; going forward. Hint would be welcome here, I&#39;ve no idea what
&gt; &gt; &gt; &gt; &gt; makes
&gt; &gt; &gt; &gt; &gt; sense or not in this area, and saying my own version is the
&gt; &gt; &gt; &gt; &gt; minimum
&gt; &gt; &gt; &gt; &gt; may be brutal?
&gt; &gt; &gt; &gt; &gt;
&gt; &gt; &gt; &gt; &gt; - t/03-enc.t may segfault: not sure of root cause of this one.
&gt; &gt; &gt; &gt; &gt; This
&gt; &gt; &gt; &gt; &gt; test ensures UTF8 files with a BOM &#40;Byte-Order-Mark&#41; are well
&gt; &gt; &gt; &gt; &gt; processed, and I&#39;ve had some issues with File::BOM stability in
&gt; &gt; &gt; &gt; &gt; the
&gt; &gt; &gt; &gt; &gt; past &#40;for ex. it doesn&#39;t work with file handles open on a
&gt; &gt; &gt; &gt; &gt; variable
&gt; &gt; &gt; &gt; &gt; +
&gt; &gt; &gt; &gt; &gt; different behaviors between Windows and Linux&#41;.
&gt; &gt; &gt; &gt; &gt; A quick-and-dirty workaround would be to bypass test on
&gt; &gt; &gt; &gt; &gt; freebsd.
&gt; &gt; &gt; &gt; &gt;
&gt; &gt; &gt; &gt; &gt; Le Jeu 15 Sep 2016 01:17:48, SREZIC a écrit :
<div class="message-stanza open">&gt; &gt; &gt; &gt; &gt; &gt; The test suite fails on some of my smokers. I see the
&gt; &gt; &gt; &gt; &gt; &gt; following
&gt; &gt; &gt; &gt; &gt; &gt; problems:
&gt; &gt; &gt; &gt; &gt; &gt;
&gt; &gt; &gt; &gt; &gt; &gt; - t/10-prepost.t fails if DateTime::Format::Epoch::JD is not
&gt; &gt; &gt; &gt; &gt; &gt; installed
&gt; &gt; &gt; &gt; &gt; &gt; &#40;a missing dependency declaration or a missing skip?&#41;
&gt; &gt; &gt; &gt; &gt; &gt;
&gt; &gt; &gt; &gt; &gt; &gt; - t/04-esc.t sometimes shows the following failure &#40;reason
&gt; &gt; &gt; &gt; &gt; &gt; unclear&#41;:
&gt; &gt; &gt; &gt; &gt; &gt;
&gt; &gt; &gt; &gt; &gt; &gt; #   Failed test &#39;ES07 - t/esc02.csv: quote escape, implicit&#39;
&gt; &gt; &gt; &gt; &gt; &gt; #   at t/04-esc.t line 92.
&gt; &gt; &gt; &gt; &gt; &gt; #          got: &#39;\&#39;
&gt; &gt; &gt; &gt; &gt; &gt; #     expected: &#39;&#34;&#39;
&gt; &gt; &gt; &gt; &gt; &gt;
&gt; &gt; &gt; &gt; &gt; &gt; #   Failed test &#39;ES08 - t/esc02.csv: quote escape, implicit
&gt; &gt; &gt; &gt; &gt; &gt; &#40;2&#41;&#39;
&gt; &gt; &gt; &gt; &gt; &gt; #   at t/04-esc.t line 94.
&gt; &gt; &gt; &gt; &gt; &gt; #     Structures begin differing at:
&gt; &gt; &gt; &gt; &gt; &gt; #          $got-&gt;[1]{A} = &#39;Val &#34;&#34; ya &#34;&#34; line 2&#39;
&gt; &gt; &gt; &gt; &gt; &gt; #     $expected-&gt;[1]{A} = &#39;Val &#34; ya &#34; line 2&#39;
&gt; &gt; &gt; &gt; &gt; &gt;
&gt; &gt; &gt; &gt; &gt; &gt; #   Failed test &#39;WR02 - out_escape_char =&gt; &#39;&#34;&#39;&#39;
&gt; &gt; &gt; &gt; &gt; &gt; #   at t/04-esc.t line 120.
&gt; &gt; &gt; &gt; &gt; &gt; #          got: &#39;\&#39;
&gt; &gt; &gt; &gt; &gt; &gt; #     expected: &#39;&#34;&#39;
&gt; &gt; &gt; &gt; &gt; &gt;
&gt; &gt; &gt; &gt; &gt; &gt; #   Failed test &#39;WR03 - reuse input escape character &#40;quote&#41;
&gt; &gt; &gt; &gt; &gt; &gt; in
&gt; &gt; &gt; &gt; &gt; &gt; output&#39;
&gt; &gt; &gt; &gt; &gt; &gt; #   at t/04-esc.t line 125.
&gt; &gt; &gt; &gt; &gt; &gt; #          got: &#39;\&#39;
&gt; &gt; &gt; &gt; &gt; &gt; #     expected: &#39;&#34;&#39;
&gt; &gt; &gt; &gt; &gt; &gt; # Looks like you failed 4 tests of 29.
&gt; &gt; &gt; &gt; &gt; &gt;  t/04-esc.t ......
&gt; &gt; &gt; &gt; &gt; &gt;
&gt; &gt; &gt; &gt; &gt; &gt; - t/06-exdoc.t fails sometimes like this:
&gt; &gt; &gt; &gt; &gt; &gt; Text::AutoCSV: error: t/ex1.csv: record ATIME: field ?:
&gt; &gt; &gt; &gt; &gt; &gt; unable
&gt; &gt; &gt; &gt; &gt; &gt; to
&gt; &gt; &gt; &gt; &gt; &gt; parse datetime &#39;ATIME&#39; at t/06-exdoc.t line 219.
&gt; &gt; &gt; &gt; &gt; &gt; # Looks like you planned 13 tests but ran 11.
&gt; &gt; &gt; &gt; &gt; &gt; # Looks like your test exited with 25 just after 11.
&gt; &gt; &gt; &gt; &gt; &gt;  t/06-exdoc.t ....
&gt; &gt; &gt; &gt; &gt; &gt; Dubious, test returned 25 &#40;wstat 6400, 0x1900&#41;
&gt; &gt; &gt; &gt; &gt; &gt;  Failed 2/13 subtests
&gt; &gt; &gt; &gt; &gt; &gt;
&gt; &gt; &gt; &gt; &gt; &gt; - or like this:
&gt; &gt; &gt; &gt; &gt; &gt; Can&#39;t call method &#34;isa&#34; without a package or object reference
&gt; &gt; &gt; &gt; &gt; &gt; at
&gt; &gt; &gt; &gt; &gt; &gt; /usr/home/eserte/.cpan/build/2016091421/Text-AutoCSV-1.0-
&gt; &gt; &gt; &gt; &gt; &gt; s7nEv_/blib/lib/Text/AutoCSV.pm line 2083, &lt;_GEN_51&gt; line 5.
&gt; &gt; &gt; &gt; &gt; &gt; # Looks like your test exited with 25 just after 11.
&gt; &gt; &gt; &gt; &gt; &gt;  t/06-exdoc.t ....
&gt; &gt; &gt; &gt; &gt; &gt;
&gt; &gt; &gt; &gt; &gt; &gt;
&gt; &gt; &gt; &gt; &gt; &gt; - with older perls &#40;5.8.x&#41; compilation fails:
&gt; &gt; &gt; &gt; &gt; &gt;
&gt; &gt; &gt; &gt; &gt; &gt; #   Failed test &#39;use Text::AutoCSV;&#39;
&gt; &gt; &gt; &gt; &gt; &gt; #   at t/01-gen.t line 28.
&gt; &gt; &gt; &gt; &gt; &gt; #     Tried to use &#39;Text::AutoCSV&#39;.
&gt; &gt; &gt; &gt; &gt; &gt; #     Error:  Unmatched &#40; in regex; marked by &lt;-- HERE in
&gt; &gt; &gt; &gt; &gt; &gt; m/%y&#39;
&gt; &gt; &gt; &gt; &gt; &gt; # # then if parsing 4-digit-year dates &#40; &lt;-- HERE like &#39;31/
&gt; &gt; &gt; &gt; &gt; &gt; at
&gt; &gt; &gt; &gt; &gt; &gt; /home/eserte/.cpan/build/2016091421/Text-AutoCSV-1.0-
&gt; &gt; &gt; &gt; &gt; &gt; 1/blib/lib/Text/AutoCSV.pm line 1318, &lt;DATA&gt; line 1.
&gt; &gt; &gt; &gt; &gt; &gt; # Compilation failed in require at t/01-gen.t line 28, &lt;DATA&gt;
&gt; &gt; &gt; &gt; &gt; &gt; line
&gt; &gt; &gt; &gt; &gt; &gt; 1.
&gt; &gt; &gt; &gt; &gt; &gt; # BEGIN failed--compilation aborted at t/01-gen.t line 28,
&gt; &gt; &gt; &gt; &gt; &gt; &lt;DATA&gt;
&gt; &gt; &gt; &gt; &gt; &gt; line
&gt; &gt; &gt; &gt; &gt; &gt; 1.
&gt; &gt; &gt; &gt; &gt; &gt;
&gt; &gt; &gt; &gt; &gt; &gt; - t/03-enc.t may segfault &#40;maybe only on freebsd systems&#41;
</div></div></div></div></div></div></div></div>
    </div>
</div>
</div>
<div class="ticket-transaction message Correspond odd">
<div class="ticket-transaction">
  <div class="metadata">
    <span class="type">
      <a name="txn-1671616" href="/Public/Bug/Display.html?id=117845#txn-1671616">#</a>      
    </span>
    <span class="date">Fri&nbsp;Sep&nbsp;23&nbsp;02:45:03&nbsp;2016</span>
    <span class="description">MILLETSEB [...] cpan.org -  Correspondence added</span>
    <span class="time-taken"></span>    <span class="actions hidden"></span>
  </div>
    <div class="content">
      
<div class="downloadattachment">
<a href="/Ticket/Attachment/1671616/897133/">Download &#40;untitled&#41;</a> / <a href="/Ticket/Attachment/WithHeaders/897133">with headers</a>
<br />
<span class="downloadcontenttype">text/plain 9.8k</span>
</div>
<div class="messagebody">
<div class="message-stanza plain-text-white-space">Hello

I took this feedback &#40;again&#41; and updated module -&gt; I added 1.63 as minimal version of DateTime::Format::Strptime.

I then uploaded 1.0.7 &#40;contains this bugfix + a few other improvements&#41;. So far, so good...

Reg, Sébastien




Le Jeu 22 Sep 2016 03:21:06, SREZIC a écrit :
<span
    class="message-stanza-folder closed"
    onclick="fold_message_stanza(this, 'Show\x20quoted\x20text', 'Hide\x20quoted\x20text');">Show quoted text</span><br /><div class="message-stanza closed">&gt; I have two freebsd 9.2 systems, both have perl 5.8.9 installed, one
&gt; passes and the other fails. But statistical analysis helps here:
&gt; 
&gt; $ local-ctgetreports.pl Text-AutoCSV-1.0.6
&gt; ...
&gt; ****************************************************************
&gt; Regression &#39;mod:DateTime::Format::Strptime&#39;
&gt; ****************************************************************
&gt; Name                   Theta          StdErr     T-stat
&gt; [0=&#39;const&#39;]           1.0000          0.0000    7467194690183316.00
&gt; [1=&#39;eq_1.55&#39;]         0.0000          0.0000       0.13
&gt; [2=&#39;eq_1.56&#39;]        -0.0000          0.0000      -0.28
&gt; [3=&#39;eq_1.61&#39;]        -1.0000          0.0000    -4311186864468679.50
&gt; [4=&#39;eq_1.67&#39;]        -0.0000          0.0000      -1.58
&gt; [5=&#39;eq_1.68&#39;]        -0.0000          0.0000      -0.01
&gt; 
&gt; R^2= 1.000, N= 62, K= 6
&gt; ****************************************************************
&gt; 
&gt; 
&gt; So it fails if DateTime::Format::Strptime 1.61 is installed, with all
&gt; other versions &#40;at least the ones I have installed&#41; pass. Indeed, if I
&gt; use the latest DateTime::Format::Strptime then it passes also on the
&gt; previously failing system.
&gt; 
&gt; Regards,
&gt;    Slaven
&gt; 
&gt; 
&gt; On 2016-09-22 02:51:51, MILLETSEB wrote:
<div class="message-stanza open">&gt; &gt; Hello
&gt; &gt;
&gt; &gt; The just-uploaded 1.0.6 seems rather good.
&gt; &gt; Thanks for your support &#38; catching the TZ story.
&gt; &gt;
&gt; &gt; The remainnig freebsd failure &#40;9.2-release-p4 with perl 5.8.9&#41; looks
&gt; &gt; like something is totally wrong with the module I/O management,
&gt; &gt; screwing up numerous tests. I presume fixing it will be costly, it&#39;ll
&gt; &gt; require to install the same environment + run tests in debug mode.
&gt; &gt; I&#39;ll consider adding &#34;use 5.010&#34; in the module to just bypass this
&gt; &gt; issue.
&gt; &gt;
&gt; &gt; Reg, Sébastien Millet
&gt; &gt;
&gt; &gt;
&gt; &gt;
&gt; &gt;
&gt; &gt; Le Sam 17 Sep 2016 10:27:56, MILLETSEB a écrit :
<div class="message-stanza open">&gt; &gt; &gt; Hello
&gt; &gt; &gt;
&gt; &gt; &gt; I took your last feedback and did some updates based on it -&gt; no
&gt; &gt; &gt; longer use of // and better control of TZ in 06-exdoc.t.
&gt; &gt; &gt;
&gt; &gt; &gt; I think some issues will continue, I updated some .t files to use
&gt; &gt; &gt; Test::More in a more natural way &#40;use of like&#40;&#41; and unlike&#40;&#41;&#41; to
&gt; &gt; &gt; get
&gt; &gt; &gt; more info if failure.
&gt; &gt; &gt;
&gt; &gt; &gt; Thanks, Sébastien
&gt; &gt; &gt;
&gt; &gt; &gt;
&gt; &gt; &gt;
&gt; &gt; &gt;
&gt; &gt; &gt; On Fri Sep 16 17:14:45 2016, SREZIC wrote:
<div class="message-stanza open">&gt; &gt; &gt; &gt; t/06-exdoc.t has timezone-dependent failures. With TZ=UTC it
&gt; &gt; &gt; &gt; fails
&gt; &gt; &gt; &gt; like this:
&gt; &gt; &gt; &gt;
&gt; &gt; &gt; &gt; #   Failed test &#39;EX10 - convert to epoch&#39;
&gt; &gt; &gt; &gt; #   at t/06-exdoc.t line 234.
&gt; &gt; &gt; &gt; #     Structures begin differing at:
&gt; &gt; &gt; &gt; #          $got-&gt;[0]{MTIME} = &#39;1456764872&#39;
&gt; &gt; &gt; &gt; #     $expected-&gt;[0]{MTIME} = &#39;1456761272&#39;
&gt; &gt; &gt; &gt; # Looks like you failed 1 test of 13.
&gt; &gt; &gt; &gt;  t/06-exdoc.t ....
&gt; &gt; &gt; &gt; Dubious, test returned 1 &#40;wstat 256, 0x100&#41;
&gt; &gt; &gt; &gt;  Failed 1/13 subtests
&gt; &gt; &gt; &gt;
&gt; &gt; &gt; &gt; Seen with 1.0.2. I think this test does not fail in this way with
&gt; &gt; &gt; &gt; TZ=Europe/Berlin.
&gt; &gt; &gt; &gt;
&gt; &gt; &gt; &gt; On 2016-09-16 03:26:48, SREZIC wrote:
<div class="message-stanza open">&gt; &gt; &gt; &gt; &gt; Still there are problems with 1.0.1, see
&gt; &gt; &gt; &gt; &gt; <span class="clickylink"><a target="new" rel="nofollow" href="http://fast-matrix.cpantesters.org/?dist=Text-AutoCSV%201.0.1">http://fast-matrix.cpantesters.org/?dist=Text-AutoCSV%201.0.1</a></span>
&gt; &gt; &gt; &gt; &gt; &#40;current
&gt; &gt; &gt; &gt; &gt; results, no links to individual test reports&#41;
&gt; &gt; &gt; &gt; &gt; <span class="clickylink"><a target="new" rel="nofollow" href="http://matrix.cpantesters.org/?dist=Text-AutoCSV%201.0.1">http://matrix.cpantesters.org/?dist=Text-AutoCSV%201.0.1</a></span>
&gt; &gt; &gt; &gt; &gt; &#40;updates
&gt; &gt; &gt; &gt; &gt; here
&gt; &gt; &gt; &gt; &gt; slower, but links to individual reports exist&#41;
&gt; &gt; &gt; &gt; &gt;
&gt; &gt; &gt; &gt; &gt; The easy one:
&gt; &gt; &gt; &gt; &gt; - It seems you&#39;re using // which is not available for 5.8.9 and
&gt; &gt; &gt; &gt; &gt; older.
&gt; &gt; &gt; &gt; &gt; So either rewrite this construct, or increase the minimum perl
&gt; &gt; &gt; &gt; &gt; version
&gt; &gt; &gt; &gt; &gt;
&gt; &gt; &gt; &gt; &gt; The DateTime::Format::Epoch::JD failures are indeed gone. Still
&gt; &gt; &gt; &gt; &gt; with
&gt; &gt; &gt; &gt; &gt; 1.0.1 I saw at least one report with a segfault, but there are
&gt; &gt; &gt; &gt; &gt; many
&gt; &gt; &gt; &gt; &gt; green reports from FreeBSD systems, so maybe it&#39;s just a
&gt; &gt; &gt; &gt; &gt; specific
&gt; &gt; &gt; &gt; &gt; version of a prerequisite module &#40;Encode? File::BOM?&#41;. There
&gt; &gt; &gt; &gt; &gt; are
&gt; &gt; &gt; &gt; &gt; no
&gt; &gt; &gt; &gt; &gt; pass reports for perl &lt;= 5.14.3.
&gt; &gt; &gt; &gt; &gt;
&gt; &gt; &gt; &gt; &gt; For the other fails --- maybe
&gt; &gt; &gt; &gt; &gt; <span class="clickylink"><a target="new" rel="nofollow" href="http://analysis.cpantesters.org/solved?distv=Text-AutoCSV-1.0.1">http://analysis.cpantesters.org/solved?distv=Text-AutoCSV-1.0.1</a></span>
&gt; &gt; &gt; &gt; &gt; will
&gt; &gt; &gt; &gt; &gt; give some clues if the other problems are fixed &#40;analysis does
&gt; &gt; &gt; &gt; &gt; not
&gt; &gt; &gt; &gt; &gt; work well if there are too many fail reasons involved&#41;.
&gt; &gt; &gt; &gt; &gt;
&gt; &gt; &gt; &gt; &gt; Regards,
&gt; &gt; &gt; &gt; &gt;     Slaven
&gt; &gt; &gt; &gt; &gt;
&gt; &gt; &gt; &gt; &gt; On 2016-09-16 03:05:24, MILLETSEB wrote:
<div class="message-stanza open">&gt; &gt; &gt; &gt; &gt; &gt; Hello
&gt; &gt; &gt; &gt; &gt; &gt;
&gt; &gt; &gt; &gt; &gt; &gt; Thanks for this feedback.
&gt; &gt; &gt; &gt; &gt; &gt;
&gt; &gt; &gt; &gt; &gt; &gt; I just uploaded 1.0.1 which I hope resolves most of the
&gt; &gt; &gt; &gt; &gt; &gt; below.
&gt; &gt; &gt; &gt; &gt; &gt; To
&gt; &gt; &gt; &gt; &gt; &gt; be
&gt; &gt; &gt; &gt; &gt; &gt; more precise:
&gt; &gt; &gt; &gt; &gt; &gt;
&gt; &gt; &gt; &gt; &gt; &gt; - t/10-prepost.t fails: now checks for
&gt; &gt; &gt; &gt; &gt; &gt; DateTime::Format::Epoch::JD
&gt; &gt; &gt; &gt; &gt; &gt; availability &#38; skips if not available
&gt; &gt; &gt; &gt; &gt; &gt;
&gt; &gt; &gt; &gt; &gt; &gt; - t/04-esc.t sometimes fails: changed the code logic, hope
&gt; &gt; &gt; &gt; &gt; &gt; it&#39;ll
&gt; &gt; &gt; &gt; &gt; &gt; be
&gt; &gt; &gt; &gt; &gt; &gt; better
&gt; &gt; &gt; &gt; &gt; &gt;
&gt; &gt; &gt; &gt; &gt; &gt; - t/06-exdoc.t: not very clear to me where it comes from, it
&gt; &gt; &gt; &gt; &gt; &gt; could
&gt; &gt; &gt; &gt; &gt; &gt; be
&gt; &gt; &gt; &gt; &gt; &gt; that long ago DateTime did not provide epoch&#40;&#41; and
&gt; &gt; &gt; &gt; &gt; &gt; from_epoch&#40;&#41;
&gt; &gt; &gt; &gt; &gt; &gt; methods. Just in case, I added checks of these methods
&gt; &gt; &gt; &gt; &gt; &gt; availability
&gt; &gt; &gt; &gt; &gt; &gt; and skip corresponding tests if check fails. Also changed
&gt; &gt; &gt; &gt; &gt; &gt; error
&gt; &gt; &gt; &gt; &gt; &gt; printed if something goes wrong &#40;error message was broken any
&gt; &gt; &gt; &gt; &gt; &gt; way&#41;.
&gt; &gt; &gt; &gt; &gt; &gt;
&gt; &gt; &gt; &gt; &gt; &gt; - Module load fails on old perls: the error looks like
&gt; &gt; &gt; &gt; &gt; &gt; parsing
&gt; &gt; &gt; &gt; &gt; &gt; of
&gt; &gt; &gt; &gt; &gt; &gt; a
&gt; &gt; &gt; &gt; &gt; &gt; regex occured inside a comment, so I changed it. I&#39;d be
&gt; &gt; &gt; &gt; &gt; &gt; surprised
&gt; &gt; &gt; &gt; &gt; &gt; no
&gt; &gt; &gt; &gt; &gt; &gt; other issue comes up on old perls, I may add a minimum
&gt; &gt; &gt; &gt; &gt; &gt; version
&gt; &gt; &gt; &gt; &gt; &gt; of
&gt; &gt; &gt; &gt; &gt; &gt; perl
&gt; &gt; &gt; &gt; &gt; &gt; going forward. Hint would be welcome here, I&#39;ve no idea what
&gt; &gt; &gt; &gt; &gt; &gt; makes
&gt; &gt; &gt; &gt; &gt; &gt; sense or not in this area, and saying my own version is the
&gt; &gt; &gt; &gt; &gt; &gt; minimum
&gt; &gt; &gt; &gt; &gt; &gt; may be brutal?
&gt; &gt; &gt; &gt; &gt; &gt;
&gt; &gt; &gt; &gt; &gt; &gt; - t/03-enc.t may segfault: not sure of root cause of this
&gt; &gt; &gt; &gt; &gt; &gt; one.
&gt; &gt; &gt; &gt; &gt; &gt; This
&gt; &gt; &gt; &gt; &gt; &gt; test ensures UTF8 files with a BOM &#40;Byte-Order-Mark&#41; are well
&gt; &gt; &gt; &gt; &gt; &gt; processed, and I&#39;ve had some issues with File::BOM stability
&gt; &gt; &gt; &gt; &gt; &gt; in
&gt; &gt; &gt; &gt; &gt; &gt; the
&gt; &gt; &gt; &gt; &gt; &gt; past &#40;for ex. it doesn&#39;t work with file handles open on a
&gt; &gt; &gt; &gt; &gt; &gt; variable
&gt; &gt; &gt; &gt; &gt; &gt; +
&gt; &gt; &gt; &gt; &gt; &gt; different behaviors between Windows and Linux&#41;.
&gt; &gt; &gt; &gt; &gt; &gt; A quick-and-dirty workaround would be to bypass test on
&gt; &gt; &gt; &gt; &gt; &gt; freebsd.
&gt; &gt; &gt; &gt; &gt; &gt;
&gt; &gt; &gt; &gt; &gt; &gt; Le Jeu 15 Sep 2016 01:17:48, SREZIC a écrit :
<div class="message-stanza open">&gt; &gt; &gt; &gt; &gt; &gt; &gt; The test suite fails on some of my smokers. I see the
&gt; &gt; &gt; &gt; &gt; &gt; &gt; following
&gt; &gt; &gt; &gt; &gt; &gt; &gt; problems:
&gt; &gt; &gt; &gt; &gt; &gt; &gt;
&gt; &gt; &gt; &gt; &gt; &gt; &gt; - t/10-prepost.t fails if DateTime::Format::Epoch::JD is
&gt; &gt; &gt; &gt; &gt; &gt; &gt; not
&gt; &gt; &gt; &gt; &gt; &gt; &gt; installed
&gt; &gt; &gt; &gt; &gt; &gt; &gt; &#40;a missing dependency declaration or a missing skip?&#41;
&gt; &gt; &gt; &gt; &gt; &gt; &gt;
&gt; &gt; &gt; &gt; &gt; &gt; &gt; - t/04-esc.t sometimes shows the following failure &#40;reason
&gt; &gt; &gt; &gt; &gt; &gt; &gt; unclear&#41;:
&gt; &gt; &gt; &gt; &gt; &gt; &gt;
&gt; &gt; &gt; &gt; &gt; &gt; &gt; #   Failed test &#39;ES07 - t/esc02.csv: quote escape,
&gt; &gt; &gt; &gt; &gt; &gt; &gt; implicit&#39;
&gt; &gt; &gt; &gt; &gt; &gt; &gt; #   at t/04-esc.t line 92.
&gt; &gt; &gt; &gt; &gt; &gt; &gt; #          got: &#39;\&#39;
&gt; &gt; &gt; &gt; &gt; &gt; &gt; #     expected: &#39;&#34;&#39;
&gt; &gt; &gt; &gt; &gt; &gt; &gt;
&gt; &gt; &gt; &gt; &gt; &gt; &gt; #   Failed test &#39;ES08 - t/esc02.csv: quote escape, implicit
&gt; &gt; &gt; &gt; &gt; &gt; &gt; &#40;2&#41;&#39;
&gt; &gt; &gt; &gt; &gt; &gt; &gt; #   at t/04-esc.t line 94.
&gt; &gt; &gt; &gt; &gt; &gt; &gt; #     Structures begin differing at:
&gt; &gt; &gt; &gt; &gt; &gt; &gt; #          $got-&gt;[1]{A} = &#39;Val &#34;&#34; ya &#34;&#34; line 2&#39;
&gt; &gt; &gt; &gt; &gt; &gt; &gt; #     $expected-&gt;[1]{A} = &#39;Val &#34; ya &#34; line 2&#39;
&gt; &gt; &gt; &gt; &gt; &gt; &gt;
&gt; &gt; &gt; &gt; &gt; &gt; &gt; #   Failed test &#39;WR02 - out_escape_char =&gt; &#39;&#34;&#39;&#39;
&gt; &gt; &gt; &gt; &gt; &gt; &gt; #   at t/04-esc.t line 120.
&gt; &gt; &gt; &gt; &gt; &gt; &gt; #          got: &#39;\&#39;
&gt; &gt; &gt; &gt; &gt; &gt; &gt; #     expected: &#39;&#34;&#39;
&gt; &gt; &gt; &gt; &gt; &gt; &gt;
&gt; &gt; &gt; &gt; &gt; &gt; &gt; #   Failed test &#39;WR03 - reuse input escape character
&gt; &gt; &gt; &gt; &gt; &gt; &gt; &#40;quote&#41;
&gt; &gt; &gt; &gt; &gt; &gt; &gt; in
&gt; &gt; &gt; &gt; &gt; &gt; &gt; output&#39;
&gt; &gt; &gt; &gt; &gt; &gt; &gt; #   at t/04-esc.t line 125.
&gt; &gt; &gt; &gt; &gt; &gt; &gt; #          got: &#39;\&#39;
&gt; &gt; &gt; &gt; &gt; &gt; &gt; #     expected: &#39;&#34;&#39;
&gt; &gt; &gt; &gt; &gt; &gt; &gt; # Looks like you failed 4 tests of 29.
&gt; &gt; &gt; &gt; &gt; &gt; &gt;  t/04-esc.t ......
&gt; &gt; &gt; &gt; &gt; &gt; &gt;
&gt; &gt; &gt; &gt; &gt; &gt; &gt; - t/06-exdoc.t fails sometimes like this:
&gt; &gt; &gt; &gt; &gt; &gt; &gt; Text::AutoCSV: error: t/ex1.csv: record ATIME: field ?:
&gt; &gt; &gt; &gt; &gt; &gt; &gt; unable
&gt; &gt; &gt; &gt; &gt; &gt; &gt; to
&gt; &gt; &gt; &gt; &gt; &gt; &gt; parse datetime &#39;ATIME&#39; at t/06-exdoc.t line 219.
&gt; &gt; &gt; &gt; &gt; &gt; &gt; # Looks like you planned 13 tests but ran 11.
&gt; &gt; &gt; &gt; &gt; &gt; &gt; # Looks like your test exited with 25 just after 11.
&gt; &gt; &gt; &gt; &gt; &gt; &gt;  t/06-exdoc.t ....
&gt; &gt; &gt; &gt; &gt; &gt; &gt; Dubious, test returned 25 &#40;wstat 6400, 0x1900&#41;
&gt; &gt; &gt; &gt; &gt; &gt; &gt;  Failed 2/13 subtests
&gt; &gt; &gt; &gt; &gt; &gt; &gt;
&gt; &gt; &gt; &gt; &gt; &gt; &gt; - or like this:
&gt; &gt; &gt; &gt; &gt; &gt; &gt; Can&#39;t call method &#34;isa&#34; without a package or object
&gt; &gt; &gt; &gt; &gt; &gt; &gt; reference
&gt; &gt; &gt; &gt; &gt; &gt; &gt; at
&gt; &gt; &gt; &gt; &gt; &gt; &gt; /usr/home/eserte/.cpan/build/2016091421/Text-AutoCSV-1.0-
&gt; &gt; &gt; &gt; &gt; &gt; &gt; s7nEv_/blib/lib/Text/AutoCSV.pm line 2083, &lt;_GEN_51&gt; line
&gt; &gt; &gt; &gt; &gt; &gt; &gt; 5.
&gt; &gt; &gt; &gt; &gt; &gt; &gt; # Looks like your test exited with 25 just after 11.
&gt; &gt; &gt; &gt; &gt; &gt; &gt;  t/06-exdoc.t ....
&gt; &gt; &gt; &gt; &gt; &gt; &gt;
&gt; &gt; &gt; &gt; &gt; &gt; &gt;
&gt; &gt; &gt; &gt; &gt; &gt; &gt; - with older perls &#40;5.8.x&#41; compilation fails:
&gt; &gt; &gt; &gt; &gt; &gt; &gt;
&gt; &gt; &gt; &gt; &gt; &gt; &gt; #   Failed test &#39;use Text::AutoCSV;&#39;
&gt; &gt; &gt; &gt; &gt; &gt; &gt; #   at t/01-gen.t line 28.
&gt; &gt; &gt; &gt; &gt; &gt; &gt; #     Tried to use &#39;Text::AutoCSV&#39;.
&gt; &gt; &gt; &gt; &gt; &gt; &gt; #     Error:  Unmatched &#40; in regex; marked by &lt;-- HERE in
&gt; &gt; &gt; &gt; &gt; &gt; &gt; m/%y&#39;
&gt; &gt; &gt; &gt; &gt; &gt; &gt; # # then if parsing 4-digit-year dates &#40; &lt;-- HERE like &#39;31/
&gt; &gt; &gt; &gt; &gt; &gt; &gt; at
&gt; &gt; &gt; &gt; &gt; &gt; &gt; /home/eserte/.cpan/build/2016091421/Text-AutoCSV-1.0-
&gt; &gt; &gt; &gt; &gt; &gt; &gt; 1/blib/lib/Text/AutoCSV.pm line 1318, &lt;DATA&gt; line 1.
&gt; &gt; &gt; &gt; &gt; &gt; &gt; # Compilation failed in require at t/01-gen.t line 28,
&gt; &gt; &gt; &gt; &gt; &gt; &gt; &lt;DATA&gt;
&gt; &gt; &gt; &gt; &gt; &gt; &gt; line
&gt; &gt; &gt; &gt; &gt; &gt; &gt; 1.
&gt; &gt; &gt; &gt; &gt; &gt; &gt; # BEGIN failed--compilation aborted at t/01-gen.t line 28,
&gt; &gt; &gt; &gt; &gt; &gt; &gt; &lt;DATA&gt;
&gt; &gt; &gt; &gt; &gt; &gt; &gt; line
&gt; &gt; &gt; &gt; &gt; &gt; &gt; 1.
&gt; &gt; &gt; &gt; &gt; &gt; &gt;
&gt; &gt; &gt; &gt; &gt; &gt; &gt; - t/03-enc.t may segfault &#40;maybe only on freebsd systems&#41;
</div></div></div></div></div></div></div></div></div>
    </div>
</div>
</div>
<div class="ticket-transaction other CustomField even">
<div class="ticket-transaction">
  <div class="metadata">
    <span class="type">
      <a name="txn-1676574" href="/Public/Bug/Display.html?id=117845#txn-1676574">#</a>      
    </span>
    <span class="date">Fri&nbsp;Oct&nbsp;14&nbsp;02:49:43&nbsp;2016</span>
    <span class="description">MILLETSEB [...] cpan.org -  Fixed in 1.1.4 added</span>
    <span class="time-taken"></span>    <span class="actions hidden"></span>
  </div>
    <div class="content">
    </div>
</div>
</div>
<div class="ticket-transaction message Correspond odd">
<div class="ticket-transaction">
  <div class="metadata">
    <span class="type">
      <a name="txn-1676676" href="/Public/Bug/Display.html?id=117845#txn-1676676">#</a>      
    </span>
    <span class="date">Fri&nbsp;Oct&nbsp;14&nbsp;09:03:24&nbsp;2016</span>
    <span class="description">MILLETSEB [...] cpan.org -  Correspondence added</span>
    <span class="time-taken"></span>    <span class="actions hidden"></span>
  </div>
    <div class="content">
      
<div class="downloadattachment">
<a href="/Ticket/Attachment/1676676/899817/">Download &#40;untitled&#41;</a> / <a href="/Ticket/Attachment/WithHeaders/899817">with headers</a>
<br />
<span class="downloadcontenttype">text/plain 201b</span>
</div>
<div class="messagebody">
<div class="message-stanza plain-text-white-space">Hello

I noted &#34;1.1.4&#34; as fixing all issues.

I now put the ticket in &#34;resolved&#34; status as after a few days after 1.1.4 upload I can see all tests on cpantesters.org are green.

Reg, Sébastien Millet
</div></div>
    </div>
</div>
</div>
<div class="ticket-transaction basics Status even">
<div class="ticket-transaction">
  <div class="metadata">
    <span class="type">
      <a name="txn-1676678" href="/Public/Bug/Display.html?id=117845#txn-1676678">#</a>      
    </span>
    <span class="date">Fri&nbsp;Oct&nbsp;14&nbsp;09:03:30&nbsp;2016</span>
    <span class="description">MILLETSEB [...] cpan.org -  Status changed from &#39;open&#39; to &#39;resolved&#39;</span>
    <span class="time-taken"></span>    <span class="actions hidden"></span>
  </div>
    <div class="content">
    </div>
</div>
</div>
<div class="ticket-transaction people Set odd">
<div class="ticket-transaction">
  <div class="metadata">
    <span class="type">
      <a name="txn-1676680" href="/Public/Bug/Display.html?id=117845#txn-1676680">#</a>      <a id="lasttrans" name="lasttrans"></a>
    </span>
    <span class="date">Fri&nbsp;Oct&nbsp;14&nbsp;09:03:35&nbsp;2016</span>
    <span class="description">MILLETSEB [...] cpan.org -  Taken</span>
    <span class="time-taken"></span>    <span class="actions hidden"></span>
  </div>
    <div class="content">
    </div>
</div>
</div>
</div>
    <hr class="clear" />
  </div>
</div>




</div>
 


  <hr class="clear" />
</div>
<p id="sponsors">
  This service is sponsored and maintained by
  <a href="http://bestpractical.com">Best Practical Solutions</a> and runs on
  <a href="http://noc.perl.org">Perl.org</a> infrastructure.
</p>

<p id="contact-info">
  Please report any issues with rt.cpan.org to <a href="mailto:rt-cpan-admin@bestpractical.com">rt-cpan-admin@bestpractical.com</a>.
</p>

<script>
  (function(i,s,o,g,r,a,m){i['GoogleAnalyticsObject']=r;i[r]=i[r]||function(){
  (i[r].q=i[r].q||[]).push(arguments)},i[r].l=1*new Date();a=s.createElement(o),
  m=s.getElementsByTagName(o)[0];a.async=1;a.src=g;m.parentNode.insertBefore(a,m)
  })(window,document,'script','//www.google-analytics.com/analytics.js','ga');

  ga('create', 'UA\x2D937849\x2D12');
  ga('send', 'pageview');
</script>

<div id="footer">
  <p id="time"><span>Time to display: 0.635198</span></p>
  <p id="bpscredits"><span>&#187;&#124;&#171; RT 4.0.18 Copyright 1996-2013 <a href="http://www.bestpractical.com?rt=4.0.18">Best Practical Solutions, LLC</a>.
</span></p>
</div>
  </body>
</html>
