<!DOCTYPE html>

<html lang="en">
  <head>
    <title>Bug #28989 for Test-Harness: Test-Harness-2.46 t/failure fails in Strawberry Perl</title>
    <meta http-equiv="X-UA-Compatible" content="IE=edge" />
    <!-- The X-UA-Compatible <meta> tag above must be very early in <head> -->

    <script>
if (window.top !== window.self) {
    document.write = "";

    window.top.location = window.self.location;

    setTimeout(function(){
        document.body.innerHTML = "";
    }, 1);

    window.self.onload = function(){
        document.body.innerHTML = "";
    };
}
</script>



<link rel="shortcut icon" href="/NoAuth/images/favicon.png" type="image/png" />
<link rel="stylesheet" href="/NoAuth/css/aileron-squished-00f758259152f8b6670ee485f462e6b8.css" type="text/css" media="all" />
<link rel="stylesheet" href="/NoAuth/css/print.css" type="text/css" media="print" />




<script type="text/javascript" src="/NoAuth/js/squished-42167f2409ce368da2d31038e5cb2a57.js"></script>

<script type="text/javascript"><!--
	jQuery( loadTitleBoxStates );

--></script>


<!--[if lt IE 8]>
<link rel="stylesheet" href="/NoAuth/css/aileron/msie.css" type="text/css" media="all" />
<![endif]-->
<!--[if lt IE 7]>
<link rel="stylesheet" href="/NoAuth/css/aileron/msie6.css" type="text/css" media="all" />
<![endif]-->
<script type="text/javascript">
jQuery(document).ready(function(){
    jQuery.fn.supersubs.defaults = {
        maxWidth: 30,
        extraWidth: 2
    };

    jQuery("#app-nav.toplevel").addClass('sf-menu sf-js-enabled sf-shadow').supersubs().superfish({ speed: 'fast' });
    jQuery("#page-menu.toplevel").addClass('sf-menu sf-js-enabled').supersubs().superfish({ dropShadows: false, speed: 'fast' }).supposition();
});
</script>


<!-- Site CSS from theme editor -->
<style type="text/css" media="all" id="sitecss">
</style>

<meta name="google-site-verification" content="kD3-uEJK1AkTqaC-rckcSt_HPkAj674DPPuEN6i-y0g" />

</head>
  <body class="aileron sidebyside" id="comp-Public-Bug-Display">

<div id="logo">
<a href="/"><img
    src="/NoAuth/images/cpan.png"
    alt="CPAN"
    width="181"
    height="38" /></a>
    <span class="rtname">RT for rt.cpan.org</span>
</div>


<div id="quickbar">
  <div id="quick-personal">
    <span class="hide"><a href="#skipnav">Skip Menu</a> | </span>
</div>

</div>
<div id="header"><h1>Bug #28989 for Test-Harness: Test-Harness-2.46 t/failure fails in Strawberry Perl</h1></div>



<div id="page-navigation"><ul id="page-menu" class="toplevel">
 <li id="li-page-active_bugs"><a id="page-active_bugs" class="menu-item " href="/Public/Dist/Test-Harness/Active/">Active bugs</a></li>
 <li id="li-page-resolved_bugs"><a id="page-resolved_bugs" class="menu-item " href="/Public/Dist/Test-Harness/Resolved/">Resolved bugs</a></li>
 <li id="li-page-rejected_bugs"><a id="page-rejected_bugs" class="menu-item " href="/Public/Dist/Test-Harness/Rejected/">Rejected bugs</a></li>
 <li id="li-page-report"><a id="page-report" class="menu-item " href="/Public/Dist/Test-Harness/Active/"></a></li>
</ul></div>
<div id="topactions">



</div>
<div id="body">


<a name="skipnav" id="skipnav" accesskey="8"></a>





<p>This queue is for tickets about the <a href="https://metacpan.org/release/Test-Harness">Test-Harness CPAN distribution</a>.</p>





<div class="">
  <div class="titlebox" id="">
  <div class="titlebox-title">
    <span class="widget"><a href="#" onclick="return rollup('TitleBox\x2D\x2D\x5FPublic\x5FBug\x5FDisplay\x5Fhtml\x2D\x2D\x2D\x2D\x2D\x2DUmVwb3J0IGluZm9ybWF0aW9u\x2D\x2D\x2D0');" title="Toggle visibility"></a></span>
    <span class="left">Report information</span>
    <span class="right-empty">		    </span>
  </div>
  <div class="titlebox-content " id="TitleBox--_Public_Bug_Display_html------UmVwb3J0IGluZm9ybWF0aW9u---0">


<table width="100%" class="ticket-summary">
<tr>
  <td valign="top" class="boxcontainer">
    <div class="ticket-info-basics">
  <div class="titlebox ticket-info-basics " id="">
  <div class="titlebox-title">
    <span class="widget"><a href="#" onclick="return rollup('TitleBox\x2D\x2D\x5FPublic\x5FBug\x5FDisplay\x5Fhtml\x2D\x2Dticket\x2Dinfo\x2Dbasics\x2D\x2D\x2D\x2DVGhlIEJhc2ljcw\x5F\x5F\x2D\x2D\x2D0');" title="Toggle visibility"></a></span>
    <span class="left">The Basics</span>
    <span class="right-empty">		    </span>
  </div>
  <div class="titlebox-content " id="TitleBox--_Public_Bug_Display_html--ticket-info-basics----VGhlIEJhc2ljcw__---0">


        <table>
  <tr class="id">
    <td class="label">Id:</td>
    <td class="value">28989</td>
  </tr>
  <tr class="status">
    <td class="label">Status:</td>
    <td class="value">resolved</td>
  </tr>
  <tr class="priority">
    <td class="label">Priority:</td>
    <td class="value">0/
</td>
  </tr>
  <tr class="queue">
    <td class="label">Queue:</td>
    <td class="value"><a href="/Public/Dist/Test-Harness/Active/">Test-Harness</a>
</td>
  </tr>
</table>

        <hr class="clear" />
  </div>
</div>




</div>


    <div class="ticket-info-people">
  <div class="titlebox ticket-info-people " id="">
  <div class="titlebox-title">
    <span class="widget"><a href="#" onclick="return rollup('TitleBox\x2D\x2D\x5FPublic\x5FBug\x5FDisplay\x5Fhtml\x2D\x2Dticket\x2Dinfo\x2Dpeople\x2D\x2D\x2D\x2DUGVvcGxl\x2D\x2D\x2D0');" title="Toggle visibility"></a></span>
    <span class="left">People</span>
    <span class="right-empty">		    </span>
  </div>
  <div class="titlebox-content " id="TitleBox--_Public_Bug_Display_html--ticket-info-people----UGVvcGxl---0">


        <table>
  <tr>
    <td class="label">Owner:</td>
    <td class="value">Nobody in particular
    
    </td>
  </tr>
  <tr>
    <td class="labeltop">Requestors:</td>
    <td class="value">
mmusgrove [...] cpan.org

<br />

</td>
  </tr>
  <tr>
    <td class="labeltop">Cc:</td>
    <td class="value">

</td>
  </tr>
  <tr>
    <td class="labeltop">AdminCc:</td>
    <td class="value">

</td>
  </tr>
</table>

        <hr class="clear" />
  </div>
</div>




</div>



  </td>
  <td valign="top" class="boxcontainer">
    
    <div class="ticket-info-cfs">
  <div class="titlebox ticket-info-cfs " id="">
  <div class="titlebox-title">
    <span class="widget"><a href="#" onclick="return rollup('TitleBox\x2D\x2D\x5FPublic\x5FBug\x5FDisplay\x5Fhtml\x2D\x2Dticket\x2Dinfo\x2Dcfs\x2D\x2D\x2D\x2DQnVnIEluZm9ybWF0aW9u\x2D\x2D\x2D0');" title="Toggle visibility"></a></span>
    <span class="left">Bug Information</span>
    <span class="right-empty">		    </span>
  </div>
  <div class="titlebox-content " id="TitleBox--_Public_Bug_Display_html--ticket-info-cfs----QnVnIEluZm9ybWF0aW9u---0">

 
        <table>
  <tr id="CF-1-ShowRow">
    <td class="label">Severity:</td>
    <td class="value">
Normal    </td>
  </tr>
  <tr id="CF-31430-ShowRow">
    <td class="label">Broken in:</td>
    <td class="value">
2.64    </td>
  </tr>
  <tr id="CF-31431-ShowRow">
    <td class="label">Fixed in:</td>
    <td class="value">
<i>(no value)</i>
    </td>
  </tr>
</table>


        <hr class="clear" />
  </div>
</div>




</div>


    




  </td>
</tr>
</table>

    <hr class="clear" />
  </div>
</div>




</div>


<br />


<div class="history">
<div class="titlebox" id="">
  <div class="titlebox-title">
    <span class="widget"><a href="#" onclick="return rollup('TitleBox\x2D\x2D\x5FPublic\x5FBug\x5FDisplay\x5Fhtml\x2D\x2D\x2D\x2D\x2D\x2DSGlzdG9yeQ\x5F\x5F\x2D\x2D\x2D0');" title="Toggle visibility"></a></span>
    <span class="left">History</span>
    <span class="right">		<a href="#" data-direction="open" onclick="return toggle_all_folds(this, 'Show\x20all\x20quoted\x20text', 'Hide\x20all\x20quoted\x20text');">Show all quoted text</a>    </span>
  </div>
  <div class="titlebox-content " id="TitleBox--_Public_Bug_Display_html------SGlzdG9yeQ__---0">


<div id="ticket-history">
<div class="ticket-transaction message Create odd">
<div class="ticket-transaction">
  <div class="metadata">
    <span class="type">
      &nbsp;      
    </span>
    <span class="date">Sat&nbsp;Aug&nbsp;25&nbsp;20:15:27&nbsp;2007</span>
    <span class="description">mmusgrove [...] cpan.org -  Ticket created</span>
    <span class="time-taken"></span>    <span class="actions hidden"></span>
  </div>
    <div class="content">
      
<table>
  <tr>
    <td align="right" class="message-header-key">Subject:</td>
    <td class="message-header-value"> Test-Harness-2.46 t/failure fails in Strawberry Perl</td>
  </tr>
</table>

<div class="messagebody">
<div class="message-stanza plain-text-white-space">New install of Strawberry Perl on Win XP Pro

<span
    class="message-stanza-folder closed"
    onclick="fold_message_stanza(this, 'Show\x20quoted\x20text', 'Hide\x20quoted\x20text');">Show quoted text</span><br /><div class="message-stanza closed">    cpan&gt; install Test::Harness
</div>    CPAN: Storable loaded ok
    Going to read C:\DOCUME~1\MMUSGR~1\LOCALS~1\Temp\cpan\Metadata
      Database was generated on Sat, 25 Aug 2007 12:36:43 GMT
    Running install for module Test::Harness
    Running make for P/PE/PETDANCE/Test-Harness-2.64.tar.gz
    CPAN: Digest::SHA loaded ok
    CPAN: Compress::Zlib loaded ok
    Checksum for
C:\DOCUME~1\MMUSGR~1\LOCALS~1\Temp\cpan\sources\authors\id\P\PE\PET
    DANCE\Test- Harness-2.64.tar.gz ok
    Scanning cache C:\DOCUME~1\MMUSGR~1\LOCALS~1\Temp\cpan\build for sizes
    CPAN: Archive::Tar loaded ok
    Test-Harness-2.64/
    Test-Harness-2.64/t/
    Test-Harness-2.64/t/strap-analyze. t
    Test-Harness-2.64/t/sample-tests/
    Test-Harness-2.64/t/sample-tests/no_nums
    Test-Harness-2.64/t/sample-tests/taint
    Test-Harness-2.64/t/sample-tests/bignum
    Test-Harness-2.64/t/sample-tests/todo_inline
    Test-Harness-2.64/t/sample-tests/ head_fail
    Test-Harness-2.64/t/sample-tests/simple
    Test-Harness-2.64/t/sample-t ests/segfault
    Test-Harness-2.64/t/sample-tests/bailout
    Test-Harness-2.64/t/sam ple-tests/bignum_many
    Test-Harness-2.64/t/sample-tests/inc_taint
    Test-Harness- 2.64/t/sample-tests/taint_warn
    Test-Harness-2.64/t/sample-tests/die_head_end
    T est-Harness-2.64/t/sample-tests/todo
    Test-Harness-2.64/t/sample-tests/skip_noms g
    Test-Harness-2.64/t/sample-tests/head_end
    Test-Harness-2.64/t/sample-tests/o ut_of_order
    Test-Harness-2.64/t/sample-tests/duplicates
    Test-Harness-2.64/t/sa mple-tests/shbang_misparse
    Test-Harness-2.64/t/sample-tests/skipall_nomsg
    Test -Harness-2.64/t/sample-tests/skip
    Test-Harness-2.64/t/sample-tests/switches
    Te st-Harness-2.64/t/sample-tests/die
    Test-Harness-2.64/t/sample-tests/too_many
    T est-Harness-2.64/t/sample-tests/no_output
    Test-Harness-2.64/t/sample-tests/desc riptive
    Test-Harness-2.64/t/sample-tests/vms_nit
    Test-Harness-2.64/t/sample-te sts/skipall
    Test-Harness-2.64/t/sample-tests/die_last_minute
    Test-Harness-2.64 /t/sample-tests/lone_not_bug
    Test-Harness-2.64/t/sample-tests/with_comments
    Te st-Harness-2.64/t/sample-tests/simple_fail
    Test-Harness-2.64/t/sample-tests/com bined
    Test-Harness-2.64/t/inc_taint.t
    Test-Harness-2.64/t/prove-switches.t
    Te st-Harness-2.64/t/lib/
    Test-Harness-2.64/t/lib/Test/
    Test-Harness-2.64/t/lib/T est/Simple.pm
    Test-Harness-2.64/t/lib/Test/Builder.pm
    Test-Harness-2.64/t/lib/ Test/More.pm
    Test-Harness-2.64/t/lib/if.pm
    Test-Harness-2.64/t/lib/Dev/
    Test- Harness-2.64/t/lib/Dev/Null.pm
    Test-Harness-2.64/t/from_line.t
    Test-Harness-2. 64/t/callback.t
    Test-Harness-2.64/t/pod.t
    Test-Harness-2.64/t/assert.t
    Test-H arness-2.64/t/strap.t
    Test-Harness-2.64/t/test-harness.t
    Test-Harness-2.64/t/p oint-parse.t
    Test-Harness-2.64/t/prove-globbing.t
    Test-Harness-2.64/t/point.t
    Test-Harness-2.64/t/00compile.t
    Test-Harness-2.64/t/ok.t
    Test-Harness-2.64/t/ failure.t
    Test-Harness-2.64/t/nonumbers.t
    Test-Harness-2.64/t/harness.t
    Test- Harness-2.64/t/version.t
    Test-Harness-2.64/t/base.t
    Test-Harness-2.64/Changes
    Test-Harness-2.64/MANIFEST
    Test-Harness-2.64/lib/
    Test-Harness-2.64/lib/Test/
    Test-Harness-2.64/lib/Test/Harness/
    Test-Harness-2.64/lib/Test/Harness/Point. pm
    Test-Harness-2.64/lib/Test/Harness/Straps.pm
    Test-Harness-2.64/lib/Test/Har ness/Iterator.pm
    Test-Harness-2.64/lib/Test/Harness/TAP.pod
    Test-Harness-2.64/ lib/Test/Harness/Util.pm
    Test-Harness-2.64/lib/Test/Harness/Results.pm
    Test-Ha rness-2.64/lib/Test/Harness/Assert.pm
    Test-Harness-2.64/lib/Test/Harness.pm
    Te st-Harness-2.64/NOTES
    Test-Harness-2.64/META.yml
    Test-Harness-2.64/examples/
    Test-Harness-2.64/examples/mini_harness.plx
    Test-Harness-2.64/bin/
    Test-Harnes s-2.64/bin/prove
    Test-Harness-2.64/Makefile.PL
    Removing previously used
C:\DOCUME~1\MMUSGR~1\LOCALS~1\Temp\cpan\build\Test-Harn
    ess-2.64

      CPAN.pm: Going to build P/PE/PETDANCE/Test-Harness-2.64.tar.gz

    Checking if your kit is complete...
    Looks good
    Writing Makefile for Test::Harness
    CPAN: YAML loaded ok
    cp lib/Test/Harness/Results.pm blib\lib\Test\Harness\Results.pm
    cp lib/Test/Harness/TAP.pod blib\lib\Test\Harness\TAP.pod
    cp lib/Test/Harness/Point.pm blib\lib\Test\Harness\Point.pm
    cp lib/Test/Harness/Util.pm blib\lib\Test\Harness\Util.pm
    cp lib/Test/Harness/Iterator.pm blib\lib\Test\Harness\Iterator.pm
    cp lib/Test/Harness/Assert.pm blib\lib\Test\Harness\Assert.pm
    cp lib/Test/Harness.pm blib\lib\Test\Harness.pm
    cp lib/Test/Harness/Straps.pm blib\lib\Test\Harness\Straps.pm
    C:\strawberry-perl\perl\bin\perl.exe -MExtUtils::Command -e cp
bin/prove blib\sc
    ript\prove
    pl2bat.bat blib\script\prove
      C:\strawberry-perl\dmake\bin\dmake.EXE  -- OK
    Running make test
    C:\strawberry-perl\perl\bin\perl.exe -MExtUtils::Command -e cp
bin/prove blib\sc
    ript\prove
    pl2bat.bat blib\script\prove
    C:\strawberry-perl\perl\bin\perl.exe &#34;-MExtUtils::Command::MM&#34; &#34;-e&#34;
&#34;test_harnes
    s&#40;0, &#39;blib\lib&#39;, &#39;blib\arch&#39;&#41;&#34; t/*.t
    t/00compile.........# Testing Test::Harness 2.64 under Perl 5.008008
and Test::M
    ore 0.42
    t/00compile.........ok
    t/assert............ok
    t/base..............ok
    t/ callback..........ok
    t/failure...........ok 1/6Test output counter mismatch [test 3]
    Test output counter mismatch [test 4]
    Test output counter mismatch [test 5]
    Test output counter mismatch [test 6]
    Test output counter mismatch [test 7]
    Test output counter mismatch [test 8]
    Test output counter mismatch [test 9]
    Test output counter mismatch [test 10]
    Test output counter mismatch [test 11]
    Test output counter mismatch [test 12]
    Test output counter mismatch [test 13]
    Test output counter mismatch [test 14]
    Test output counter mismatch [test 15]
    Test output counter mismatch [test 16]
    Test output counter mismatch [test 17]
    Test output counter mismatch [test 18]
    Test output counter mismatch [test 19]
    t/failure...........FAILED test 7
            Failed 1/6 tests, 83.33% okay
    t/from_line.........ok
    t/harness...........ok
    t/inc_taint.........ok
    t/ nonumbers.........ok
    t/ok................ok
    t/pod...............skipped
            all skipped: Test::Pod 1.00 required for testing POD
    t/point-parse.......ok
    t/point.............ok
    t/prove-globbing....ok
    t/p rove-switches....ok
    t/strap-analyze.....ok
    t/strap.............ok
    t/test-harn ess......Test header seen more than once!
    t/test-harness......ok 1/221FAILED--Further testing stopped:
GERONIMMMOOOOOO!!!
    dmake.EXE:  Error code 137, while making &#39;test_dynamic&#39;
      C:\strawberry-perl\dmake\bin\dmake.EXE test -- NOT OK
    Running make install
      make test had returned bad status, won&#39;t install without force
    Failed during this command:
      PETDANCE/Test-Harness-2.64.tar.gz            : make_test NO




    C:\Documents and Settings\mmusgrove&gt;perl -V
    Summary of my perl5 &#40;revision 5 version 8 subversion 8&#41; configuration:
      Platform:
        osname=MSWin32, osvers=5.1, archname=MSWin32-x86-multi-thread
        uname=&#39;&#39;
        config_args=&#39;undef&#39;
        hint=recommended, useposix=true, d_sigaction=undef
        usethreads=define use5005threads=undef useithreads=define
usemultiplicity=de
    fine
        useperlio=define d_sfio=undef uselargefiles=define usesocks=undef
        use64bitint=undef use64bitall=undef uselongdouble=undef
        usemymalloc=n, bincompat5005=undef
      Compiler:
        cc=&#39;gcc&#39;, ccflags =&#39; -s -O2 -DWIN32 -DHAVE_DES_FCRYPT 
-DPERL_IMPLICIT_CONTE
    XT -DPERL_IMPLICIT_SYS -fno-strict-aliasing -DPERL_MSVCRT_READFIX&#39;,
        optimize=&#39;-s -O2&#39;,
        cppflags=&#39;-DWIN32&#39;
        ccversion=&#39;&#39;, gccversion=&#39;3.4.5&#39;, gccosandvers=&#39;&#39;
        intsize=4, longsize=4, ptrsize=4, doublesize=8, byteorder=1234
        d_longlong=undef, longlongsize=8, d_longdbl=define, longdblsize=12
        ivtype=&#39;long&#39;, ivsize=4, nvtype=&#39;double&#39;, nvsize=8, Off_t=&#39;long
long&#39;, lseek
    size=8
        alignbytes=8, prototype=define
      Linker and Libraries:
        ld=&#39;g++&#39;, ldflags =&#39;-s -L&#34;c:\strawberry-perl\perl\lib\CORE&#34;
-L&#34;c:\strawberry
    -perl\mingw\lib&#34;&#39;
        libpth=c:\strawberry-perl\mingw\lib
        libs= -lmsvcrt -lmoldname -lkernel32 -luser32 -lgdi32 -lwinspool
-lcomdlg32
    -ladvapi32 -lshell32 -lole32 -loleaut32 -lnetapi32 -luuid -lws2_32
-lmpr -lwinmm
    -lversion -lodbc32 -lodbccp32
        perllibs= -lmsvcrt -lmoldname -lkernel32 -luser32 -lgdi32
-lwinspool -lcomdl
    g32 -ladvapi32 -lshell32 -lole32 -loleaut32 -lnetapi32 -luuid
-lws2_32 -lmpr -lw
    inmm -lversion -lodbc32 -lodbccp32
        libc=-lmsvcrt, so=dll, useshrplib=yes, libperl=libperl58.a
        gnulibc_version=&#39;&#39;
      Dynamic Linking:
        dlsrc=dl_win32.xs, dlext=dll, d_dlsymun=undef, ccdlflags=&#39; &#39;
        cccdlflags=&#39; &#39;, lddlflags=&#39;-mdll -s
-L&#34;c:\strawberry-perl\perl\lib\CORE&#34; -L&#34;
    c:\strawberry-perl\mingw\lib&#34;&#39;

    Characteristics of this binary &#40;from libperl&#41;:
      Compile-time options: MULTIPLICITY PERL_IMPLICIT_CONTEXT
                            PERL_IMPLICIT_SYS PERL_MALLOC_WRAP
                            PL_OP_SLAB_ALLOC USE_ITHREADS USE_LARGE_FILES
                            USE_PERLIO
      Built under MSWin32
      Compiled at Aug 27 2006 17:17:50
      @INC:
        C:/strawberry-perl/perl/lib
        C:/strawberry-perl/perl/site/lib
        .
</div></div>
    </div>
</div>
</div>
<div class="ticket-transaction message Correspond even">
<div class="ticket-transaction">
  <div class="metadata">
    <span class="type">
      &nbsp;      
    </span>
    <span class="date">Sat&nbsp;Aug&nbsp;25&nbsp;23:06:00&nbsp;2007</span>
    <span class="description">mmusgrove [...] cpan.org -  Correspondence added</span>
    <span class="time-taken"></span>    <span class="actions hidden"></span>
  </div>
    <div class="content">
      

<div class="messagebody">
<div class="message-stanza plain-text-white-space">The real bug is #24669 &#40;setting HARNESS_VERBOSE&#41;.
</div></div>
    </div>
</div>
</div>
<div class="ticket-transaction basics Status odd">
<div class="ticket-transaction">
  <div class="metadata">
    <span class="type">
      &nbsp;      <a id="lasttrans" name="lasttrans"></a>
    </span>
    <span class="date">Sat&nbsp;Aug&nbsp;25&nbsp;23:06:02&nbsp;2007</span>
    <span class="description">mmusgrove [...] cpan.org -  Status changed from &#39;new&#39; to &#39;resolved&#39;</span>
    <span class="time-taken"></span>    <span class="actions hidden"></span>
  </div>
    <div class="content">
    </div>
</div>
</div>
</div>
    <hr class="clear" />
  </div>
</div>




</div>
 


  <hr class="clear" />
</div>
</body>
</html>
