11 [obelix] prod % make
cp installu.pl blib/lib/DBD/installu.pl
cp Unify.pm blib/lib/DBD/Unify.pm
/bin/perl -e 'use ExtUtils::Mksymlists; \
Mksymlists("NAME" => "DBD::Unify", "DL_FUNCS" => {  }, "FUNCLIST" => [], "DL_VARS" => []);'
/bin/perl /usr/local/lib/perl5/5.8.8/ExtUtils/xsubpp  -typemap /usr/local/lib/perl5/5.8.8/ExtUtils/typemap  Unify.xs > Unify.xsc && mv Unify.xsc Unify.c
env UPPNAME='cpp -E -P' /apps/unify/ds72ac/bin/ucc -c  -I/apps/unify/ds72ac -I/apps/unify/ds72ac/include -I/usr/local/lib/perl5/site_perl/5.8.8/aix/auto/DBI -D_ALL_SOURCE -D_ANSI_C_SOURCE -D_POSIX_SOURCE -DUSE_NATIVE_DLOPEN -fno-strict-aliasing -pipe -I/usr/local/include -D_LARGE_FILES -O   -DVERSION=\"0.60\" -DXS_VERSION=\"0.60\"  "-I/usr/local/lib/perl5/5.8.8/aix/CORE"   Unify.c
/bin/perl ic2ec dbdimp.ic > dbdimp.ec
/apps/unify/ds72ac/bin/EPP  dbdimp.ec
dbdimp.ec:
env UPPNAME='cpp -E -P' /apps/unify/ds72ac/bin/ucc -c  -I/apps/unify/ds72ac -I/apps/unify/ds72ac/include -I/usr/local/lib/perl5/site_perl/5.8.8/aix/auto/DBI -D_ALL_SOURCE -D_ANSI_C_SOURCE -D_POSIX_SOURCE -DUSE_NATIVE_DLOPEN -fno-strict-aliasing -pipe -I/usr/local/include -D_LARGE_FILES -O   -DVERSION=\"0.60\" -DXS_VERSION=\"0.60\"  "-I/usr/local/lib/perl5/5.8.8/aix/CORE"   dbdimp.c
Udbdimp.c:2111: warning: initialization from incompatible pointer type
Udbdimp.c:2130: warning: initialization from incompatible pointer type
Udbdimp.c:2131: warning: initialization from incompatible pointer type
Udbdimp.c:2132: warning: initialization from incompatible pointer type
Udbdimp.c:2133: warning: initialization from incompatible pointer type
Udbdimp.c:2134: warning: initialization from incompatible pointer type
Udbdimp.c:2135: warning: initialization from incompatible pointer type
Udbdimp.c:2136: warning: initialization from incompatible pointer type
Udbdimp.c:2137: warning: initialization from incompatible pointer type
Udbdimp.c:2138: warning: initialization from incompatible pointer type
Udbdimp.c:2155: warning: initialization from incompatible pointer type
Udbdimp.c:2156: warning: initialization from incompatible pointer type
Udbdimp.c:2157: warning: initialization from incompatible pointer type
Udbdimp.c:2158: warning: initialization from incompatible pointer type
Udbdimp.c:2159: warning: initialization from incompatible pointer type
Udbdimp.c:2160: warning: initialization from incompatible pointer type
Udbdimp.c:2161: warning: initialization from incompatible pointer type
Udbdimp.c:2162: warning: initialization from incompatible pointer type
Udbdimp.c:2178: warning: initialization from incompatible pointer type
Udbdimp.c:2179: warning: initialization from incompatible pointer type
Udbdimp.c:2190: warning: initialization from incompatible pointer type
Udbdimp.c:2191: warning: initialization from incompatible pointer type
Udbdimp.c:2201: warning: initialization from incompatible pointer type
Udbdimp.c:2210: warning: initialization from incompatible pointer type
Udbdimp.c:2211: warning: initialization from incompatible pointer type
Udbdimp.c:2222: warning: initialization from incompatible pointer type
Udbdimp.c:2223: warning: initialization from incompatible pointer type
Udbdimp.c:2233: warning: initialization from incompatible pointer type
Udbdimp.c:2234: warning: initialization from incompatible pointer type
Udbdimp.c:2244: warning: initialization from incompatible pointer type
Udbdimp.c:2245: warning: initialization from incompatible pointer type
Udbdimp.c:2256: warning: initialization from incompatible pointer type
Udbdimp.c:2265: warning: initialization from incompatible pointer type
Udbdimp.c:2266: warning: initialization from incompatible pointer type
Udbdimp.c:2276: warning: initialization from incompatible pointer type
Udbdimp.c:2277: warning: initialization from incompatible pointer type
Udbdimp.c:2278: warning: initialization from incompatible pointer type
Udbdimp.c:2290: warning: initialization from incompatible pointer type
Udbdimp.c:2291: warning: initialization from incompatible pointer type
Udbdimp.c:2292: warning: initialization from incompatible pointer type
Udbdimp.c:2303: warning: initialization from incompatible pointer type
Udbdimp.c:2304: warning: initialization from incompatible pointer type
Udbdimp.c:2305: warning: initialization from incompatible pointer type
Udbdimp.c:2316: warning: initialization from incompatible pointer type
Udbdimp.c:2317: warning: initialization from incompatible pointer type
Udbdimp.c:2318: warning: initialization from incompatible pointer type
Udbdimp.c:2329: warning: initialization from incompatible pointer type
Udbdimp.c:2330: warning: initialization from incompatible pointer type
Udbdimp.c:2331: warning: initialization from incompatible pointer type
Udbdimp.c:2342: warning: initialization from incompatible pointer type
Udbdimp.c:2343: warning: initialization from incompatible pointer type
Udbdimp.c:2344: warning: initialization from incompatible pointer type
Udbdimp.c:2355: warning: initialization from incompatible pointer type
Udbdimp.c:2356: warning: initialization from incompatible pointer type
Udbdimp.c:2357: warning: initialization from incompatible pointer type
Udbdimp.c:2368: warning: initialization from incompatible pointer type
Udbdimp.c:2369: warning: initialization from incompatible pointer type
Udbdimp.c:2370: warning: initialization from incompatible pointer type
Udbdimp.c:2381: warning: initialization from incompatible pointer type
Udbdimp.c:2382: warning: initialization from incompatible pointer type
Udbdimp.c:2383: warning: initialization from incompatible pointer type
Udbdimp.c:2394: warning: initialization from incompatible pointer type
Udbdimp.c:2395: warning: initialization from incompatible pointer type
Udbdimp.c:2396: warning: initialization from incompatible pointer type
Udbdimp.c:2407: warning: initialization from incompatible pointer type
Udbdimp.c:2408: warning: initialization from incompatible pointer type
Udbdimp.c:2409: warning: initialization from incompatible pointer type
Udbdimp.c:2420: warning: initialization from incompatible pointer type
Udbdimp.c:2429: warning: initialization from incompatible pointer type
Udbdimp.c:2430: warning: initialization from incompatible pointer type
Udbdimp.c:2441: warning: initialization from incompatible pointer type
Udbdimp.c:2450: warning: initialization from incompatible pointer type
Udbdimp.c:2451: warning: initialization from incompatible pointer type
Udbdimp.c:2462: warning: initialization from incompatible pointer type
Udbdimp.c:2471: warning: initialization from incompatible pointer type
Udbdimp.c:2472: warning: initialization from incompatible pointer type
Udbdimp.c:2483: warning: initialization from incompatible pointer type
Udbdimp.c:2484: warning: initialization from incompatible pointer type
Udbdimp.c:2485: warning: initialization from incompatible pointer type
Udbdimp.c:2496: warning: initialization from incompatible pointer type
Udbdimp.c:2497: warning: initialization from incompatible pointer type
Udbdimp.c:2498: warning: initialization from incompatible pointer type
Udbdimp.c:2509: warning: initialization from incompatible pointer type
Udbdimp.c:2510: warning: initialization from incompatible pointer type
Udbdimp.c:2511: warning: initialization from incompatible pointer type
Udbdimp.c:2522: warning: initialization from incompatible pointer type
Udbdimp.c:2523: warning: initialization from incompatible pointer type
Udbdimp.c:2524: warning: initialization from incompatible pointer type
Udbdimp.c:2535: warning: initialization from incompatible pointer type
Udbdimp.c:2536: warning: initialization from incompatible pointer type
Udbdimp.c:2537: warning: initialization from incompatible pointer type
Udbdimp.c:2548: warning: initialization from incompatible pointer type
Udbdimp.c:2549: warning: initialization from incompatible pointer type
Udbdimp.c:2550: warning: initialization from incompatible pointer type
Udbdimp.c:2561: warning: initialization from incompatible pointer type
Udbdimp.c:2562: warning: initialization from incompatible pointer type
Udbdimp.c:2563: warning: initialization from incompatible pointer type
Udbdimp.c:2574: warning: initialization from incompatible pointer type
Udbdimp.c:2575: warning: initialization from incompatible pointer type
Udbdimp.c:2576: warning: initialization from incompatible pointer type
Udbdimp.c:2587: warning: initialization from incompatible pointer type
Udbdimp.c:2588: warning: initialization from incompatible pointer type
Udbdimp.c:2589: warning: initialization from incompatible pointer type
Udbdimp.c:2600: warning: initialization from incompatible pointer type
Udbdimp.c:2601: warning: initialization from incompatible pointer type
Udbdimp.c:2602: warning: initialization from incompatible pointer type
Udbdimp.c:2613: warning: initialization from incompatible pointer type
Udbdimp.c:2614: warning: initialization from incompatible pointer type
Udbdimp.c:2615: warning: initialization from incompatible pointer type
Udbdimp.c:2626: warning: initialization from incompatible pointer type
Udbdimp.c:2627: warning: initialization from incompatible pointer type
Udbdimp.c:2628: warning: initialization from incompatible pointer type
Udbdimp.c:2639: warning: initialization from incompatible pointer type
Udbdimp.c:2648: warning: initialization from incompatible pointer type
Udbdimp.c:2657: warning: initialization from incompatible pointer type
Udbdimp.c:2666: warning: initialization from incompatible pointer type
Udbdimp.c:2675: warning: initialization from incompatible pointer type
Udbdimp.c: In function `sqlError':
Udbdimp.c:11504: warning: passing arg 2 of `ufchmsg' from incompatible pointer type
Running Mkbootstrap for DBD::Unify ()
chmod 644 Unify.bs
rm -f blib/arch/auto/DBD/Unify/Unify.so
gcc  -Wl,-bhalt:4 -Wl,-bexpall -Wl,-G -Wl,-bnoentry -lc -L/usr/local/lib Unify.o dbdimp.o ulib/ACCELL.a ulib/S2000e.a ulib/S2000c.a ulib/U2000c.a ulib/U2000ul.a ulib/U2000k.a ulib/U2000c.a ulib/S2000ul.a ulib/S2000c.a ulib/U2000r.a ulib/libnwrpc.a ulib/libnwstcp.a ulib/U2000c.a ulib/U2000ul.a  -L/apps/unify/ds72ac/lib -lm -o blib/arch/auto/DBD/Unify/Unify.so        \
        \

chmod 755 blib/arch/auto/DBD/Unify/Unify.so
cp Unify.bs blib/arch/auto/DBD/Unify/Unify.bs
chmod 644 blib/arch/auto/DBD/Unify/Unify.bs
Manifying blib/man3/DBD::Unify.3
12 [obelix] prod % 
12 [obelix] prod % make test
PERL_DL_NONLAZY=1 /bin/perl "-MExtUtils::Command::MM" "-e" "test_harness(0, 'blib/lib', 'blib/arch')" t/*.t
t/00-pod..........skipped
        all skipped: Test::Pod 1.00 required for testing POD
t/00-podc.........skipped
        all skipped: Test::Pod::Covarage required for testing POD Coverage
t/01-base.........ok
t/02-connect......ok 1/10DBI connect('','',...) failed: Could not attach shared memory at required address. (-59) at t/02-connect.t line 12

#   Failed test 'Connect'
#   in t/02-connect.t at line 12.
t/02-connect......NOK 2Undefined subroutine &main::BAILOUT called at t/02-connect.t line 15.
# Looks like you planned 10 tests but only ran 2.
# Looks like you failed 1 test of 2 run.
# Looks like your test died just after 2.
t/02-connect......dubious
        Test returned status 255 (wstat 65280, 0xff00)
DIED. FAILED tests 2-10
        Failed 9/10 tests, 10.00% okay
t/03-general......ok 1/18DBI connect('','',...) failed: Could not attach shared memory at required address. (-59) at t/03-general.t line 11

#   Failed test 'Connect'
#   in t/03-general.t at line 11.
t/03-general......NOK 2Undefined subroutine &main::BAILOUT called at t/03-general.t line 14.
# Looks like you planned 18 tests but only ran 2.
# Looks like you failed 1 test of 2 run.
# Looks like your test died just after 2.
t/03-general......dubious
        Test returned status 255 (wstat 65280, 0xff00)
DIED. FAILED tests 2-18
        Failed 17/18 tests, 5.56% okay
t/05-reauth.......skipped
        all skipped: No tests here yet. Please investigate
t/10-dbi-drv......ok 1/24DBI connect('','',...) failed: Could not attach shared memory at required address. (-59) at t/10-dbi-drv.t line 20

#   Failed test 'connect'
#   in t/10-dbi-drv.t at line 20.
t/10-dbi-drv......NOK 2Can't call method "disconnect" on an undefined value at t/10-dbi-drv.t line 21.
# Looks like you planned 24 tests but only ran 2.
# Looks like you failed 1 test of 2 run.
# Looks like your test died just after 2.
t/10-dbi-drv......dubious
        Test returned status 255 (wstat 65280, 0xff00)
DIED. FAILED tests 2-24
        Failed 23/24 tests, 4.17% okay
t/11-dbi-dbh......ok 1/21DBI connect('','',...) failed: Could not attach shared memory at required address. (-59) at t/11-dbi-dbh.t line 15

#   Failed test 'connect'
#   in t/11-dbi-dbh.t at line 15.
t/11-dbi-dbh......NOK 2Undefined subroutine &main::BAILOUT called at t/11-dbi-dbh.t line 18.
# Looks like you planned 21 tests but only ran 2.
# Looks like you failed 1 test of 2 run.
# Looks like your test died just after 2.
t/11-dbi-dbh......dubious
        Test returned status 255 (wstat 65280, 0xff00)
DIED. FAILED tests 2-21
        Failed 20/21 tests, 4.76% okay
t/12-dbi-sth......ok 1/15DBI connect('','',...) failed: Could not attach shared memory at required address. (-59) at t/12-dbi-sth.t line 15

#   Failed test 'connect'
#   in t/12-dbi-sth.t at line 15.
t/12-dbi-sth......NOK 2Undefined subroutine &main::BAILOUT called at t/12-dbi-sth.t line 18.
# Looks like you planned 15 tests but only ran 2.
# Looks like you failed 1 test of 2 run.
# Looks like your test died just after 2.
t/12-dbi-sth......dubious
        Test returned status 255 (wstat 65280, 0xff00)
DIED. FAILED tests 2-15
        Failed 14/15 tests, 6.67% okay
t/20-uni-basic....DBI connect('/db','',...) failed: Could not attach shared memory at required address. (-59) at t/20-uni-basic.t line 21
# Looks like your test died before it could output anything.
t/20-uni-basic....dubious
        Test returned status 255 (wstat 65280, 0xff00)
DIED. FAILED tests 1-145
        Failed 145/145 tests, 0.00% okay
t/21-uni-regex....DBI connect('/db','',...) failed: Could not attach shared memory at required address. (-59) at t/21-uni-regex.t line 13
# Looks like your test died before it could output anything.
t/21-uni-regex....dubious
        Test returned status 255 (wstat 65280, 0xff00)
DIED. FAILED tests 1-18
        Failed 18/18 tests, 0.00% okay
t/24-text.........DBI connect('/db','',...) failed: Could not attach shared memory at required address. (-59) at t/24-text.t line 19
# Looks like your test died before it could output anything.
t/24-text.........dubious
        Test returned status 255 (wstat 65280, 0xff00)
DIED. FAILED tests 1-96
        Failed 96/96 tests, 0.00% okay
t/27-uni-max......To disable future max tests: setenv DBD_UNIFY_SKIP_27 1
t/27-uni-max......ok 1/2379DBI connect('','',...) failed: Could not attach shared memory at required address. (-59) at t/27-uni-max.t line 34

#   Failed test 'connect'
#   in t/27-uni-max.t at line 34.
t/27-uni-max......NOK 2Undefined subroutine &main::BAILOUT called at t/27-uni-max.t line 37.
# Looks like you planned 2379 tests but only ran 2.
# Looks like you failed 1 test of 2 run.
# Looks like your test died just after 2.
t/27-uni-max......dubious
        Test returned status 255 (wstat 65280, 0xff00)
DIED. FAILED tests 2-2379
        Failed 2378/2379 tests, 0.04% okay
t/30-reconnect....ok 1/17DBI connect('','',...) failed: Could not attach shared memory at required address. (-59) at t/30-reconnect.t line 11

#   Failed test 'connect 1'
#   in t/30-reconnect.t at line 11.
t/30-reconnect....NOK 2DBI connect('','',...) failed: Could not attach shared memory at required address. (-59) at t/30-reconnect.t line 28

#   Failed test 'connect 2'
t/30-reconnect....NOK 10#   in t/30-reconnect.t at line 28.
# Looks like you failed 2 tests of 17.
t/30-reconnect....dubious
        Test returned status 2 (wstat 512, 0x200)
DIED. FAILED tests 2, 10
        Failed 2/17 tests, 88.24% okay (less 14 skipped tests: 1 okay, 5.88%)
t/40-info.........ok 1/40DBI connect('','',...) failed: Could not attach shared memory at required address. (-59) at t/40-info.t line 11

#   Failed test 'connect'
#   in t/40-info.t at line 11.
t/40-info.........NOK 2Undefined subroutine &main::BAILOUT called at t/40-info.t line 14.
# Looks like you planned 40 tests but only ran 2.
# Looks like you failed 1 test of 2 run.
# Looks like your test died just after 2.
t/40-info.........dubious
        Test returned status 255 (wstat 65280, 0xff00)
DIED. FAILED tests 2-40
        Failed 39/40 tests, 2.50% okay
t/99-done.........ok
Failed Test      Stat Wstat Total Fail  List of Failed
-------------------------------------------------------------------------------
t/02-connect.t    255 65280    10   17  2-10
Failed Test      Stat Wstat Total Fail  List of Failed
-------------------------------------------------------------------------------
t/03-general.t    255 65280    18   33  2-18
Failed Test      Stat Wstat Total Fail  List of Failed
-------------------------------------------------------------------------------
t/10-dbi-drv.t    255 65280    24   45  2-24
Failed Test      Stat Wstat Total Fail  List of Failed
-------------------------------------------------------------------------------
t/11-dbi-dbh.t    255 65280    21   39  2-21
Failed Test      Stat Wstat Total Fail  List of Failed
-------------------------------------------------------------------------------
t/12-dbi-sth.t    255 65280    15   27  2-15
Failed Test      Stat Wstat Total Fail  List of Failed
-------------------------------------------------------------------------------
t/20-uni-basic.t  255 65280   145  290  1-145
Failed Test      Stat Wstat Total Fail  List of Failed
-------------------------------------------------------------------------------
t/21-uni-regex.t  255 65280    18   36  1-18
Failed Test      Stat Wstat Total Fail  List of Failed
-------------------------------------------------------------------------------
t/24-text.t       255 65280    96  192  1-96
Failed Test      Stat Wstat Total Fail  List of Failed
-------------------------------------------------------------------------------
t/27-uni-max.t    255 65280  2379 4755  2-2379
Failed Test      Stat Wstat Total Fail  List of Failed
-------------------------------------------------------------------------------
t/30-reconnect.t    2   512    17    2  2 10
Failed Test      Stat Wstat Total Fail  List of Failed
-------------------------------------------------------------------------------
t/40-info.t       255 65280    40   77  2-40
3 tests and 14 subtests skipped.
Failed 11/16 test scripts. 2761/2790 subtests failed.
Files=16, Tests=2790,  1 wallclock secs ( 1.04 cusr +  0.37 csys =  1.41 CPU)
13 [obelix] prod % 
