<!DOCTYPE html>

<html lang="en">
  <head>
    <title>Bug #74151 for Package-Stash-XS: Incompatibility with perl &lt;= 5.8.6 and Test::Without::Module</title>
    <meta http-equiv="X-UA-Compatible" content="IE=edge" />
    <!-- The X-UA-Compatible <meta> tag above must be very early in <head> -->

    <script>
if (window.top !== window.self) {
    document.write = "";

    window.top.location = window.self.location;

    setTimeout(function(){
        document.body.innerHTML = "";
    }, 1);

    window.self.onload = function(){
        document.body.innerHTML = "";
    };
}
</script>



<link rel="shortcut icon" href="/NoAuth/images/favicon.png" type="image/png" />
<link rel="stylesheet" href="/NoAuth/css/aileron-squished-00f758259152f8b6670ee485f462e6b8.css" type="text/css" media="all" />
<link rel="stylesheet" href="/NoAuth/css/print.css" type="text/css" media="print" />




<script type="text/javascript" src="/NoAuth/js/squished-42167f2409ce368da2d31038e5cb2a57.js"></script>

<script type="text/javascript"><!--
	jQuery( loadTitleBoxStates );

--></script>


<!--[if lt IE 8]>
<link rel="stylesheet" href="/NoAuth/css/aileron/msie.css" type="text/css" media="all" />
<![endif]-->
<!--[if lt IE 7]>
<link rel="stylesheet" href="/NoAuth/css/aileron/msie6.css" type="text/css" media="all" />
<![endif]-->
<script type="text/javascript">
jQuery(document).ready(function(){
    jQuery.fn.supersubs.defaults = {
        maxWidth: 30,
        extraWidth: 2
    };

    jQuery("#app-nav.toplevel").addClass('sf-menu sf-js-enabled sf-shadow').supersubs().superfish({ speed: 'fast' });
    jQuery("#page-menu.toplevel").addClass('sf-menu sf-js-enabled').supersubs().superfish({ dropShadows: false, speed: 'fast' }).supposition();
});
</script>


<!-- Site CSS from theme editor -->
<style type="text/css" media="all" id="sitecss">
</style>

<meta name="google-site-verification" content="kD3-uEJK1AkTqaC-rckcSt_HPkAj674DPPuEN6i-y0g" />

</head>
  <body class="aileron sidebyside" id="comp-Public-Bug-Display">

<div id="logo">
<a href="/"><img
    src="/NoAuth/images/cpan.png"
    alt="CPAN"
    width="181"
    height="38" /></a>
    <span class="rtname">RT for rt.cpan.org</span>
</div>


<div id="quickbar">
  <div id="quick-personal">
    <span class="hide"><a href="#skipnav">Skip Menu</a> | </span>
</div>

</div>
<div id="header"><h1>Bug #74151 for Package-Stash-XS: Incompatibility with perl &lt;= 5.8.6 and Test::Without::Module</h1></div>



<div id="page-navigation"><ul id="page-menu" class="toplevel">
 <li id="li-page-active_bugs"><a id="page-active_bugs" class="menu-item " href="/Public/Dist/Package-Stash-XS/Active/">Active bugs</a></li>
 <li id="li-page-resolved_bugs"><a id="page-resolved_bugs" class="menu-item " href="/Public/Dist/Package-Stash-XS/Resolved/">Resolved bugs</a></li>
 <li id="li-page-rejected_bugs"><a id="page-rejected_bugs" class="menu-item " href="/Public/Dist/Package-Stash-XS/Rejected/">Rejected bugs</a></li>
 <li id="li-page-report"><a id="page-report" class="menu-item " href="/Public/Dist/Package-Stash-XS/Active/"></a></li>
</ul></div>
<div id="topactions">



</div>
<div id="body">


<a name="skipnav" id="skipnav" accesskey="8"></a>




<div id="external_bugtracker">
<h3>Preferred bug tracker</h3>
<p>
<div>Please visit the <a href="https://github.com/doy/package-stash-xs/issues">preferred bug tracker</a> to report your issue.</div>
</p>
</div>

<p>This queue is for tickets about the <a href="https://metacpan.org/release/Package-Stash-XS">Package-Stash-XS CPAN distribution</a>.</p>





<div class="">
  <div class="titlebox" id="">
  <div class="titlebox-title">
    <span class="widget"><a href="#" onclick="return rollup('TitleBox\x2D\x2D\x5FPublic\x5FBug\x5FDisplay\x5Fhtml\x2D\x2D\x2D\x2D\x2D\x2DUmVwb3J0IGluZm9ybWF0aW9u\x2D\x2D\x2D0');" title="Toggle visibility"></a></span>
    <span class="left">Report information</span>
    <span class="right-empty">		    </span>
  </div>
  <div class="titlebox-content " id="TitleBox--_Public_Bug_Display_html------UmVwb3J0IGluZm9ybWF0aW9u---0">


<table width="100%" class="ticket-summary">
<tr>
  <td valign="top" class="boxcontainer">
    <div class="ticket-info-basics">
  <div class="titlebox ticket-info-basics " id="">
  <div class="titlebox-title">
    <span class="widget"><a href="#" onclick="return rollup('TitleBox\x2D\x2D\x5FPublic\x5FBug\x5FDisplay\x5Fhtml\x2D\x2Dticket\x2Dinfo\x2Dbasics\x2D\x2D\x2D\x2DVGhlIEJhc2ljcw\x5F\x5F\x2D\x2D\x2D0');" title="Toggle visibility"></a></span>
    <span class="left">The Basics</span>
    <span class="right-empty">		    </span>
  </div>
  <div class="titlebox-content " id="TitleBox--_Public_Bug_Display_html--ticket-info-basics----VGhlIEJhc2ljcw__---0">


        <table>
  <tr class="id">
    <td class="label">Id:</td>
    <td class="value">74151</td>
  </tr>
  <tr class="status">
    <td class="label">Status:</td>
    <td class="value">open</td>
  </tr>
  <tr class="priority">
    <td class="label">Priority:</td>
    <td class="value">0/
</td>
  </tr>
  <tr class="queue">
    <td class="label">Queue:</td>
    <td class="value"><a href="/Public/Dist/Package-Stash-XS/Active/">Package-Stash-XS</a>
</td>
  </tr>
</table>

        <hr class="clear" />
  </div>
</div>




</div>


    <div class="ticket-info-people">
  <div class="titlebox ticket-info-people " id="">
  <div class="titlebox-title">
    <span class="widget"><a href="#" onclick="return rollup('TitleBox\x2D\x2D\x5FPublic\x5FBug\x5FDisplay\x5Fhtml\x2D\x2Dticket\x2Dinfo\x2Dpeople\x2D\x2D\x2D\x2DUGVvcGxl\x2D\x2D\x2D0');" title="Toggle visibility"></a></span>
    <span class="left">People</span>
    <span class="right-empty">		    </span>
  </div>
  <div class="titlebox-content " id="TitleBox--_Public_Bug_Display_html--ticket-info-people----UGVvcGxl---0">


        <table>
  <tr>
    <td class="label">Owner:</td>
    <td class="value">Nobody in particular
    
    </td>
  </tr>
  <tr>
    <td class="labeltop">Requestors:</td>
    <td class="value">
paul [...] city-fan.org

<br />

</td>
  </tr>
  <tr>
    <td class="labeltop">Cc:</td>
    <td class="value">
ribasushi [...] leporine.io

<br />

</td>
  </tr>
  <tr>
    <td class="labeltop">AdminCc:</td>
    <td class="value">

</td>
  </tr>
</table>

        <hr class="clear" />
  </div>
</div>




</div>



  </td>
  <td valign="top" class="boxcontainer">
    
    <div class="ticket-info-cfs">
  <div class="titlebox ticket-info-cfs " id="">
  <div class="titlebox-title">
    <span class="widget"><a href="#" onclick="return rollup('TitleBox\x2D\x2D\x5FPublic\x5FBug\x5FDisplay\x5Fhtml\x2D\x2Dticket\x2Dinfo\x2Dcfs\x2D\x2D\x2D\x2DQnVnIEluZm9ybWF0aW9u\x2D\x2D\x2D0');" title="Toggle visibility"></a></span>
    <span class="left">Bug Information</span>
    <span class="right-empty">		    </span>
  </div>
  <div class="titlebox-content " id="TitleBox--_Public_Bug_Display_html--ticket-info-cfs----QnVnIEluZm9ybWF0aW9u---0">

 
        <table>
  <tr id="CF-1-ShowRow">
    <td class="label">Severity:</td>
    <td class="value">
<i>(no value)</i>
    </td>
  </tr>
  <tr id="CF-235688-ShowRow">
    <td class="label">Broken in:</td>
    <td class="value">
0.25    </td>
  </tr>
  <tr id="CF-235689-ShowRow">
    <td class="label">Fixed in:</td>
    <td class="value">
<i>(no value)</i>
    </td>
  </tr>
</table>


        <hr class="clear" />
  </div>
</div>




</div>


    
</div>




</div>







  </td>
</tr>
</table>

    <hr class="clear" />
  </div>
</div>




</div>


<br />


<div class="history">
<div class="titlebox" id="">
  <div class="titlebox-title">
    <span class="widget"><a href="#" onclick="return rollup('TitleBox\x2D\x2D\x5FPublic\x5FBug\x5FDisplay\x5Fhtml\x2D\x2D\x2D\x2D\x2D\x2DSGlzdG9yeQ\x5F\x5F\x2D\x2D\x2D0');" title="Toggle visibility"></a></span>
    <span class="left">History</span>
    <span class="right">		<a href="#" data-direction="open" onclick="return toggle_all_folds(this, 'Show\x20all\x20quoted\x20text', 'Hide\x20all\x20quoted\x20text');">Show all quoted text</a>    </span>
  </div>
  <div class="titlebox-content " id="TitleBox--_Public_Bug_Display_html------SGlzdG9yeQ__---0">


<div id="ticket-history">
<div class="ticket-transaction message Create odd">
<div class="ticket-transaction">
  <div class="metadata">
    <span class="type">
      &nbsp;      
    </span>
    <span class="date">Thu&nbsp;Jan&nbsp;19&nbsp;07:35:36&nbsp;2012</span>
    <span class="description">paul [...] city-fan.org -  Ticket created</span>
    <span class="time-taken"></span>    <span class="actions hidden"></span>
  </div>
    <div class="content">
      
<table>
  <tr>
    <td align="right" class="message-header-key">Subject:</td>
    <td class="message-header-value"> Incompatibility with perl &lt;= 5.8.6 and Test::Without::Module</td>
  </tr>
</table>
<div class="messageattachments">

<div class="messagebody">
<div class="message-stanza plain-text-white-space">When trying to build Class::Load 0.13 on a system with an old perl &#40;this
seems to manifest with perl &lt;= 5.8.6 and not with perl &gt;= 5.8.8&#41;, the
test suite runs some implementation tests, using Test::Without::Module
to inhibit normally-preferred implementations from loading. The test
suite fails such tests, like this:

t/011-without-xs................Package::Stash::XS is not a module name
at /usr/lib/perl5/vendor_perl/5.8.5/Package/Stash.pm line 40.
BEGIN failed--compilation aborted at
/usr/lib/perl5/vendor_perl/5.8.5/Package/Stash.pm line 46.
Compilation failed in require at
/builddir/build/BUILD/Class-Load-0.13/blib/lib/Class/Load.pm line 15.
BEGIN failed--compilation aborted at
/builddir/build/BUILD/Class-Load-0.13/blib/lib/Class/Load.pm line 15.
Compilation failed in require at t/011-without-xs.t line 14.
# Looks like your test died before it could output anything.
dubious
        Test returned status 255 &#40;wstat 65280, 0xff00&#41;
DIED. FAILED test 1
        Failed 1/1 tests, 0.00% okay
t/012-without-implementation....#     Failed test
&#40;t/012-without-implementation.t at line 14&#41;
#                   &#39;Package::Stash::XS is not a module name at
/usr/lib/perl5/vendor_perl/5.8.5/Package/Stash.pm line 40.
# BEGIN failed--compilation aborted at
/usr/lib/perl5/vendor_perl/5.8.5/Package/Stash.pm line 46.
# Compilation failed in require at
/builddir/build/BUILD/Class-Load-0.13/blib/lib/Class/Load.pm line 15.
# BEGIN failed--compilation aborted at
/builddir/build/BUILD/Class-Load-0.13/blib/lib/Class/Load.pm line 15.
# Compilation failed in require at t/012-without-implementation.t line 13.
# &#39;
#     doesn&#39;t match &#39;&#40;?-xism:Class.Load.PP\.pm did not return a true value&#41;&#39;
# Looks like you failed 1 tests of 1.
dubious
        Test returned status 1 &#40;wstat 256, 0x100&#41;
DIED. FAILED test 1
        Failed 1/1 tests, 0.00% okay

Digging around a bit, this appears to be an incompatibility between
Package::Stash::XS and Test::Without::Module on these old perls:

 * Using Test::Without::Module and *any* module name provokes the error

 * The Package::Stash test suite breaks in the presence of
Test::Without::Module on old perls if the implementation is XS but not
if it&#39;s pure perl

 * The attached test is basically a copy of Package::Stash::XS&#39;s t/get.t
but with Test::Without::Module loaded, and it fails on old perls

I don&#39;t know if the problem here is really in Package::Stash::XS or
Test::Without::Module, but I think the former is more likely so that&#39;s
why I&#39;m raising it here.

Of course you might decide that supporting such ancient perls isn&#39;t
worth it but I don&#39;t know if I don&#39;t ask...

&#40;the test output above is from CentOS 4.9 x86_64 if that&#39;s any help&#41;
</div></div>
<table>
  <tr>
    <td align="right" class="message-header-key">Subject:</td>
    <td class="message-header-value"> get-with-test-without-module.t</td>
  </tr>
</table>

<div class="messagebody">
<div class="message-stanza plain-text-white-space">#!/usr/bin/env perl
use strict;
use warnings;
use lib &#39;t/lib&#39;;
use Test::More tests =&gt; 36;

use Test::Without::Module &#39;Completely::Unrelated::Module&#39;;

use Package::Stash;
use Scalar::Util;

{
    BEGIN {
        my $stash = Package::Stash-&gt;new&#40;&#39;Hash&#39;&#41;;
        my $val = $stash-&gt;get_symbol&#40;&#39;%foo&#39;&#41;;
        is&#40;$val, undef, &#34;got nothing yet&#34;&#41;;
    }
    {
        no warnings &#39;void&#39;, &#39;once&#39;;
        %Hash::foo;
    }
    BEGIN {
        my $stash = Package::Stash-&gt;new&#40;&#39;Hash&#39;&#41;;
        my $val = $stash-&gt;get_symbol&#40;&#39;%foo&#39;&#41;;
        is&#40;ref&#40;$val&#41;, &#39;HASH&#39;, &#34;got something&#34;&#41;;
        $val-&gt;{bar} = 1;
        is_deeply&#40;$stash-&gt;get_symbol&#40;&#39;%foo&#39;&#41;, {bar =&gt; 1},
                  &#34;got the right variable&#34;&#41;;
        is_deeply&#40;\%Hash::foo, {bar =&gt; 1},
                  &#34;stash has the right variable&#34;&#41;;
    }
}

{
    BEGIN {
        my $stash = Package::Stash-&gt;new&#40;&#39;Array&#39;&#41;;
        my $val = $stash-&gt;get_symbol&#40;&#39;@foo&#39;&#41;;
        is&#40;$val, undef, &#34;got nothing yet&#34;&#41;;
    }
    {
        no warnings &#39;void&#39;, &#39;once&#39;;
        @Array::foo;
    }
    BEGIN {
        my $stash = Package::Stash-&gt;new&#40;&#39;Array&#39;&#41;;
        my $val = $stash-&gt;get_symbol&#40;&#39;@foo&#39;&#41;;
        is&#40;ref&#40;$val&#41;, &#39;ARRAY&#39;, &#34;got something&#34;&#41;;
        push @$val, 1;
        is_deeply&#40;$stash-&gt;get_symbol&#40;&#39;@foo&#39;&#41;, [1],
                  &#34;got the right variable&#34;&#41;;
        is_deeply&#40;\@Array::foo, [1],
                  &#34;stash has the right variable&#34;&#41;;
    }
}

{
    BEGIN {
        my $stash = Package::Stash-&gt;new&#40;&#39;Scalar&#39;&#41;;
        my $val = $stash-&gt;get_symbol&#40;&#39;$foo&#39;&#41;;
        is&#40;$val, undef, &#34;got nothing yet&#34;&#41;;
    }
    {
        no warnings &#39;void&#39;, &#39;once&#39;;
        $Scalar::foo;
    }
    BEGIN {
        my $stash = Package::Stash-&gt;new&#40;&#39;Scalar&#39;&#41;;
        my $val = $stash-&gt;get_symbol&#40;&#39;$foo&#39;&#41;;
        is&#40;ref&#40;$val&#41;, &#39;SCALAR&#39;, &#34;got something&#34;&#41;;
        $$val = 1;
        is_deeply&#40;$stash-&gt;get_symbol&#40;&#39;$foo&#39;&#41;, \1,
                  &#34;got the right variable&#34;&#41;;
        is&#40;$Scalar::foo, 1,
           &#34;stash has the right variable&#34;&#41;;
    }
}

{
    BEGIN {
        my $stash = Package::Stash-&gt;new&#40;&#39;Code&#39;&#41;;
        my $val = $stash-&gt;get_symbol&#40;&#39;&#38;foo&#39;&#41;;
        is&#40;$val, undef, &#34;got nothing yet&#34;&#41;;
    }
    {
        no warnings &#39;void&#39;, &#39;once&#39;;
        sub Code::foo { }
    }
    BEGIN {
        my $stash = Package::Stash-&gt;new&#40;&#39;Code&#39;&#41;;
        my $val = $stash-&gt;get_symbol&#40;&#39;&#38;foo&#39;&#41;;
        is&#40;ref&#40;$val&#41;, &#39;CODE&#39;, &#34;got something&#34;&#41;;
        is&#40;prototype&#40;$val&#41;, undef, &#34;got the right variable&#34;&#41;;
        &#38;Scalar::Util::set_prototype&#40;$val, &#39;&#38;&#39;&#41;;
        is&#40;$stash-&gt;get_symbol&#40;&#39;&#38;foo&#39;&#41;, $val,
           &#34;got the right variable&#34;&#41;;
        is&#40;prototype&#40;$stash-&gt;get_symbol&#40;&#39;&#38;foo&#39;&#41;&#41;, &#39;&#38;&#39;,
           &#34;got the right variable&#34;&#41;;
        is&#40;prototype&#40;\&#38;Code::foo&#41;, &#39;&#38;&#39;,
           &#34;stash has the right variable&#34;&#41;;
    }
}

{
    BEGIN {
        my $stash = Package::Stash-&gt;new&#40;&#39;Io&#39;&#41;;
        my $val = $stash-&gt;get_symbol&#40;&#39;FOO&#39;&#41;;
        is&#40;$val, undef, &#34;got nothing yet&#34;&#41;;
    }
    {
        no warnings &#39;void&#39;, &#39;once&#39;;
        package Io;
        fileno&#40;FOO&#41;;
    }
    BEGIN {
        my $stash = Package::Stash-&gt;new&#40;&#39;Io&#39;&#41;;
        my $val = $stash-&gt;get_symbol&#40;&#39;FOO&#39;&#41;;
        isa_ok&#40;$val, &#39;IO&#39;&#41;;
        my $str = &#34;foo&#34;;
        open $val, &#39;&lt;&#39;, \$str;
        is&#40;readline&#40;$stash-&gt;get_symbol&#40;&#39;FOO&#39;&#41;&#41;, &#34;foo&#34;,
           &#34;got the right variable&#34;&#41;;
        seek&#40;$stash-&gt;get_symbol&#40;&#39;FOO&#39;&#41;, 0, 0&#41;;
        {
            package Io;
            ::isa_ok&#40;*FOO{IO}, &#39;IO&#39;&#41;;
            ::is&#40;&lt;FOO&gt;, &#34;foo&#34;,
                 &#34;stash has the right variable&#34;&#41;;
        }
    }
}

{
    my $stash = Package::Stash-&gt;new&#40;&#39;Hash::Vivify&#39;&#41;;
    my $val = $stash-&gt;get_or_add_symbol&#40;&#39;%foo&#39;&#41;;
    is&#40;ref&#40;$val&#41;, &#39;HASH&#39;, &#34;got something&#34;&#41;;
    $val-&gt;{bar} = 1;
    is_deeply&#40;$stash-&gt;get_or_add_symbol&#40;&#39;%foo&#39;&#41;, {bar =&gt; 1},
              &#34;got the right variable&#34;&#41;;
    no warnings &#39;once&#39;;
    is_deeply&#40;\%Hash::Vivify::foo, {bar =&gt; 1},
              &#34;stash has the right variable&#34;&#41;;
}

{
    my $stash = Package::Stash-&gt;new&#40;&#39;Array::Vivify&#39;&#41;;
    my $val = $stash-&gt;get_or_add_symbol&#40;&#39;@foo&#39;&#41;;
    is&#40;ref&#40;$val&#41;, &#39;ARRAY&#39;, &#34;got something&#34;&#41;;
    push @$val, 1;
    is_deeply&#40;$stash-&gt;get_or_add_symbol&#40;&#39;@foo&#39;&#41;, [1],
              &#34;got the right variable&#34;&#41;;
    no warnings &#39;once&#39;;
    is_deeply&#40;\@Array::Vivify::foo, [1],
              &#34;stash has the right variable&#34;&#41;;
}

{
    my $stash = Package::Stash-&gt;new&#40;&#39;Scalar::Vivify&#39;&#41;;
    my $val = $stash-&gt;get_or_add_symbol&#40;&#39;$foo&#39;&#41;;
    is&#40;ref&#40;$val&#41;, &#39;SCALAR&#39;, &#34;got something&#34;&#41;;
    $$val = 1;
    is_deeply&#40;$stash-&gt;get_or_add_symbol&#40;&#39;$foo&#39;&#41;, \1,
              &#34;got the right variable&#34;&#41;;
    no warnings &#39;once&#39;;
    is&#40;$Scalar::Vivify::foo, 1,
       &#34;stash has the right variable&#34;&#41;;
}

{
    BEGIN {
        my $stash = Package::Stash-&gt;new&#40;&#39;Io::Vivify&#39;&#41;;
        my $val = $stash-&gt;get_or_add_symbol&#40;&#39;FOO&#39;&#41;;
        isa_ok&#40;$val, &#39;IO&#39;&#41;;
        my $str = &#34;foo&#34;;
        open $val, &#39;&lt;&#39;, \$str;
        is&#40;readline&#40;$stash-&gt;get_symbol&#40;&#39;FOO&#39;&#41;&#41;, &#34;foo&#34;,
           &#34;got the right variable&#34;&#41;;
        seek&#40;$stash-&gt;get_symbol&#40;&#39;FOO&#39;&#41;, 0, 0&#41;;
    }
    {
        package Io::Vivify;
        no warnings &#39;once&#39;;
        ::isa_ok&#40;*FOO{IO}, &#39;IO&#39;&#41;;
        ::is&#40;&lt;FOO&gt;, &#34;foo&#34;,
             &#34;stash has the right variable&#34;&#41;;
    }
}
</div></div>
</div>
    </div>
</div>
</div>
<div class="ticket-transaction message Correspond even">
<div class="ticket-transaction">
  <div class="metadata">
    <span class="type">
      &nbsp;      
    </span>
    <span class="date">Mon&nbsp;Feb&nbsp;13&nbsp;05:29:22&nbsp;2012</span>
    <span class="description">ribasushi [...] leporine.io -  Correspondence added</span>
    <span class="time-taken"></span>    <span class="actions hidden"></span>
  </div>
    <div class="content">
      

<div class="messagebody">
<div class="message-stanza plain-text-white-space">Since I hit this problem last year, and am now facing it again in a
different module, I figured I should write down what is actually going
on. The problem in its core is a state-corruption of the regex engine
when used during a require&#40;&#41; lookup. In other words on perl &lt;= 5.8.6 any
module that

  wraps CORE::require&#40;&#41;
   OR
  adds a coderef to @INC, 
AND
  executes code as part of this overload that involves a re match

will leave the re engine in some weird state which makes the re match
executed by Package::Stash::XS[1] &#40;invoked at [2]&#41; fail. Unfortunately I
am not aware of a way to fix this, as thre XS magic is alien to me. Will
try to interest some people with the chops to look at this. Cheers!

[1] <span class="clickylink"><a target="new" rel="nofollow" href="https://metacpan.org/source/DOY/Package-Stash-XS-0.25/XS.xs#L207">https://metacpan.org/source/DOY/Package-Stash-XS-0.25/XS.xs#L207</a></span>
[2]
<span class="clickylink"><a target="new" rel="nofollow" href="https://metacpan.org/source/DOY/Package-Stash-0.33/lib/Package/Stash.pm#L40">https://metacpan.org/source/DOY/Package-Stash-0.33/lib/Package/Stash.pm#L40</a></span>

P.S. I worked around this before privately by using index&#40;&#41; in my
require hooks. Test::WithoutModule could potentially do the same, but
it&#39;s gross, and should be last resort if we can&#39;t find a way to fix P::S::XS

P.P.S. The shortest way to demonstrate the problem:

rabbit@Thesaurus:~$ perl -v
This is perl, v5.8.6 built for i686-linux-thread-multi

rabbit@Thesaurus:~$ perl -e &#39;unshift @INC, sub { my $x = $ENV{PATH} =~
/blah/; return &#40;&#41; }; require Package::Stash::PP; print &#34;ok\n&#34;;&#39;
ok

rabbit@Thesaurus:~$ perl -e &#39;unshift @INC, sub { my $x = $ENV{PATH} =~
/blah/; return &#40;&#41; }; require Package::Stash::XS; print &#34;ok\n&#34;;&#39;
ok

rabbit@Thesaurus:~$ perl -e &#39;unshift @INC, sub { my $x = $ENV{PATH} =~
/blah/; return &#40;&#41; }; require Package::Stash; print &#34;ok\n&#34;;&#39;
Package::Stash::XS is not a module name at
/home/rabbit/perl5/perlbrew/perls/5.8.6/lib/site_perl/5.8.6/Package/Stash.pm
line 40.
BEGIN failed--compilation aborted at
/home/rabbit/perl5/perlbrew/perls/5.8.6/lib/site_perl/5.8.6/Package/Stash.pm
line 46.
Compilation failed in require at -e line 1.

rabbit@Thesaurus:~$ perl -MCarp::Always -e &#39;unshift @INC, sub { my $x =
$ENV{PATH} =~ /blah/; return &#40;&#41; }; require Package::Stash; print &#34;ok\n&#34;;&#39;
Package::Stash::XS is not a module name at
/home/rabbit/perl5/perlbrew/perls/5.8.6/lib/site_perl/5.8.6/Package/Stash.pm
line 40
        Package::Stash::BEGIN&#40;&#41; called at
/home/rabbit/perl5/perlbrew/perls/5.8.6/lib/site_perl/5.8.6/Package/Stash.pm
line 46
        eval {...} called at
/home/rabbit/perl5/perlbrew/perls/5.8.6/lib/site_perl/5.8.6/Package/Stash.pm
line 46
        require Package/Stash.pm called at -e line 1
BEGIN failed--compilation aborted at
/home/rabbit/perl5/perlbrew/perls/5.8.6/lib/site_perl/5.8.6/Package/Stash.pm
line 46
        require Package/Stash.pm called at -e line 1
Compilation failed in require at -e line 1
</div></div>
    </div>
</div>
</div>
<div class="ticket-transaction basics Status odd">
<div class="ticket-transaction">
  <div class="metadata">
    <span class="type">
      &nbsp;      
    </span>
    <span class="date">Mon&nbsp;Feb&nbsp;13&nbsp;05:29:30&nbsp;2012</span>
    <span class="description">The RT System itself -  Status changed from &#39;new&#39; to &#39;open&#39;</span>
    <span class="time-taken"></span>    <span class="actions hidden"></span>
  </div>
    <div class="content">
    </div>
</div>
</div>
<div class="ticket-transaction links AddLink even">
<div class="ticket-transaction">
  <div class="metadata">
    <span class="type">
      &nbsp;      
    </span>
    <span class="date">Mon&nbsp;Feb&nbsp;13&nbsp;05:29:31&nbsp;2012</span>
    <span class="description">ribasushi [...] leporine.io -  Dependency by ticket #74706 added</span>
    <span class="time-taken"></span>    <span class="actions hidden"></span>
  </div>
    <div class="content">
    </div>
</div>
</div>
<div class="ticket-transaction people AddWatcher odd">
<div class="ticket-transaction">
  <div class="metadata">
    <span class="type">
      &nbsp;      
    </span>
    <span class="date">Mon&nbsp;Feb&nbsp;13&nbsp;05:55:51&nbsp;2012</span>
    <span class="description">ribasushi [...] leporine.io -  Cc RIBASUSHI added</span>
    <span class="time-taken"></span>    <span class="actions hidden"></span>
  </div>
    <div class="content">
    </div>
</div>
</div>
<div class="ticket-transaction message Correspond even">
<div class="ticket-transaction">
  <div class="metadata">
    <span class="type">
      &nbsp;      
    </span>
    <span class="date">Tue&nbsp;Feb&nbsp;14&nbsp;01:07:07&nbsp;2012</span>
    <span class="description">$_ = &#39;spro^^*%*^6ut# [...] &#38;$%*c&gt;#!^!#&#38;!pan.org&#39;; y/a-z.@//cd; print -  Correspondence added</span>
    <span class="time-taken"></span>    <span class="actions hidden"></span>
  </div>
    <div class="content">
      

<div class="messagebody">
<div class="message-stanza plain-text-white-space">On Mon Feb 13 05:29:22 2012, RIBASUSHI wrote:
<span
    class="message-stanza-folder closed"
    onclick="fold_message_stanza(this, 'Show\x20quoted\x20text', 'Hide\x20quoted\x20text');">Show quoted text</span><br /><div class="message-stanza closed">&gt; Since I hit this problem last year, and am now facing it again in a
&gt; different module, I figured I should write down what is actually going
&gt; on. The problem in its core is a state-corruption of the regex engine
&gt; when used during a require&#40;&#41; lookup. In other words on perl &lt;= 5.8.6 any
&gt; module that
&gt; 
&gt;   wraps CORE::require&#40;&#41;
&gt;    OR
&gt;   adds a coderef to @INC, 
&gt; AND
&gt;   executes code as part of this overload that involves a re match
&gt; 
&gt; will leave the re engine in some weird state which makes the re match
&gt; executed by Package::Stash::XS[1] &#40;invoked at [2]&#41; fail. Unfortunately I
&gt; am not aware of a way to fix this, as thre XS magic is alien to me. Will
&gt; try to interest some people with the chops to look at this. Cheers!
&gt; 
&gt; [1] <span class="clickylink"><a target="new" rel="nofollow" href="https://metacpan.org/source/DOY/Package-Stash-XS-0.25/XS.xs#L207">https://metacpan.org/source/DOY/Package-Stash-XS-0.25/XS.xs#L207</a></span>
&gt; [2]
&gt; <span class="clickylink"><a target="new" rel="nofollow" href="https://metacpan.org/source/DOY/Package-Stash-0.33/lib/Package/Stash.pm#L40">https://metacpan.org/source/DOY/Package-Stash-0.33/lib/Package/Stash.pm#L40</a></span>
&gt; 
&gt; P.S. I worked around this before privately by using index&#40;&#41; in my
&gt; require hooks. Test::WithoutModule could potentially do the same, but
&gt; it&#39;s gross, and should be last resort if we can&#39;t find a way to fix P::S::XS
&gt; 
&gt; P.P.S. The shortest way to demonstrate the problem:
&gt; 
&gt; rabbit@Thesaurus:~$ perl -v
&gt; This is perl, v5.8.6 built for i686-linux-thread-multi
&gt; 
&gt; rabbit@Thesaurus:~$ perl -e &#39;unshift @INC, sub { my $x = $ENV{PATH} =~
&gt; /blah/; return &#40;&#41; }; require Package::Stash::PP; print &#34;ok\n&#34;;&#39;
&gt; ok
&gt; 
&gt; rabbit@Thesaurus:~$ perl -e &#39;unshift @INC, sub { my $x = $ENV{PATH} =~
&gt; /blah/; return &#40;&#41; }; require Package::Stash::XS; print &#34;ok\n&#34;;&#39;
&gt; ok
&gt; 
&gt; rabbit@Thesaurus:~$ perl -e &#39;unshift @INC, sub { my $x = $ENV{PATH} =~
&gt; /blah/; return &#40;&#41; }; require Package::Stash; print &#34;ok\n&#34;;&#39;
&gt; Package::Stash::XS is not a module name at
&gt; /home/rabbit/perl5/perlbrew/perls/5.8.6/lib/site_perl/5.8.6/Package/Stash.pm
&gt; line 40.
&gt; BEGIN failed--compilation aborted at
&gt; /home/rabbit/perl5/perlbrew/perls/5.8.6/lib/site_perl/5.8.6/Package/Stash.pm
&gt; line 46.
&gt; Compilation failed in require at -e line 1.
</div>
This has something to do with the way pregexec is called.  I donâ€™t actually understand its 
calling convention and am not about to find out.  But I did discover that doing the regexp 
match from Perl &#40;actually in Package::Stash before calling ::XS&#41; works.

Presumably the workaround is for ::XS do use a Perl subroutine for matching, or possibly even 
better, use a custom checker written in C, which would be even faster than a regexp.
</div></div>
    </div>
</div>
</div>
<div class="ticket-transaction message Correspond odd">
<div class="ticket-transaction">
  <div class="metadata">
    <span class="type">
      &nbsp;      
    </span>
    <span class="date">Fri&nbsp;Feb&nbsp;24&nbsp;06:17:16&nbsp;2012</span>
    <span class="description">djh [...] cpan.org -  Correspondence added</span>
    <span class="time-taken"></span>    <span class="actions hidden"></span>
  </div>
    <div class="content">
      

<div class="messagebody">
<div class="message-stanza plain-text-white-space">On Mon Feb 13 05:29:22 2012, RIBASUSHI wrote:
<span
    class="message-stanza-folder closed"
    onclick="fold_message_stanza(this, 'Show\x20quoted\x20text', 'Hide\x20quoted\x20text');">Show quoted text</span><br /><div class="message-stanza closed">&gt; Since I hit this problem last year, and am now facing it again in a
&gt; different module, I figured I should write down what is actually
&gt; going on.
</div>
I have a simpler failing test case:

 perl -de &#39;{ use Moose }&#39;

 Package::Stash::XS is not a module name at
/usr/lib/perl5/site_perl/5.8.5/Package/Stash.pm line 40.
...

That is, it appears to be impossible to use the debugger with any
program using Moose. This is on perl 5.8.5. Moose is up-to-date.
</div></div>
    </div>
</div>
</div>
<div class="ticket-transaction links AddLink even">
<div class="ticket-transaction">
  <div class="metadata">
    <span class="type">
      &nbsp;      
    </span>
    <span class="date">Wed&nbsp;Aug&nbsp;20&nbsp;10:36:55&nbsp;2014</span>
    <span class="description">haarg [...] haarg.org -  Reference by ticket #98207 added</span>
    <span class="time-taken"></span>    <span class="actions hidden"></span>
  </div>
    <div class="content">
    </div>
</div>
</div>
<div class="ticket-transaction links AddLink odd">
<div class="ticket-transaction">
  <div class="metadata">
    <span class="type">
      &nbsp;      <a id="lasttrans" name="lasttrans"></a>
    </span>
    <span class="date">Wed&nbsp;Aug&nbsp;20&nbsp;10:48:57&nbsp;2014</span>
    <span class="description">ether [...] cpan.org -  Reference by https://github.com/doy/package-stash-xs/issues/3 added</span>
    <span class="time-taken"></span>    <span class="actions hidden"></span>
  </div>
    <div class="content">
    </div>
</div>
</div>
</div>
    <hr class="clear" />
  </div>
</div>




</div>
 


  <hr class="clear" />
</div>
</body>
</html>
