<!DOCTYPE html>

<html lang="en">
  <head>
    <title>Bug #103414 for Carp-REPL: Test failures with latest Test::Expect</title>
    <meta http-equiv="X-UA-Compatible" content="IE=edge" />
    <!-- The X-UA-Compatible <meta> tag above must be very early in <head> -->

    <script>
if (window.top !== window.self) {
    document.write = "";

    window.top.location = window.self.location;

    setTimeout(function(){
        document.body.innerHTML = "";
    }, 1);

    window.self.onload = function(){
        document.body.innerHTML = "";
    };
}
</script>



<link rel="shortcut icon" href="/NoAuth/images/favicon.png" type="image/png" />
<link rel="stylesheet" href="/NoAuth/css/aileron-squished-00f758259152f8b6670ee485f462e6b8.css" type="text/css" media="all" />
<link rel="stylesheet" href="/NoAuth/css/print.css" type="text/css" media="print" />




<script type="text/javascript" src="/NoAuth/js/squished-42167f2409ce368da2d31038e5cb2a57.js"></script>

<script type="text/javascript"><!--
	jQuery( loadTitleBoxStates );

--></script>


<!--[if lt IE 8]>
<link rel="stylesheet" href="/NoAuth/css/aileron/msie.css" type="text/css" media="all" />
<![endif]-->
<!--[if lt IE 7]>
<link rel="stylesheet" href="/NoAuth/css/aileron/msie6.css" type="text/css" media="all" />
<![endif]-->
<script type="text/javascript">
jQuery(document).ready(function(){
    jQuery.fn.supersubs.defaults = {
        maxWidth: 30,
        extraWidth: 2
    };

    jQuery("#app-nav.toplevel").addClass('sf-menu sf-js-enabled sf-shadow').supersubs().superfish({ speed: 'fast' });
    jQuery("#page-menu.toplevel").addClass('sf-menu sf-js-enabled').supersubs().superfish({ dropShadows: false, speed: 'fast' }).supposition();
});
</script>


<!-- Site CSS from theme editor -->
<style type="text/css" media="all" id="sitecss">
</style>

<meta name="google-site-verification" content="kD3-uEJK1AkTqaC-rckcSt_HPkAj674DPPuEN6i-y0g" />

</head>
  <body class="aileron sidebyside" id="comp-Public-Bug-Display">

<div id="logo">
<a href="https://rt.cpan.org/"><img
    src="/NoAuth/images/cpan.png"
    alt="CPAN"
    width="181"
    height="38" /></a>
    <span class="rtname">RT for rt.cpan.org</span>
</div>


<div id="quickbar">
  <div id="quick-personal">
    <span class="hide"><a href="#skipnav">Skip Menu</a> | </span>
</div>

</div>
<div id="header"><h1>Bug #103414 for Carp-REPL: Test failures with latest Test::Expect</h1></div>


<div id="main-navigation"><ul id="app-nav" class="toplevel">
 <li id="li-search_dist"><a id="search_dist" class="menu-item " href="/Public/">Search Distributions</a></li>
 <li id="li-browse_dist"><a id="browse_dist" class="menu-item " href="/Public/Dist/Browse.html">Browse Distributions</a></li>
 <li id="li-about" class="has-children"><a id="about" class="menu-item " href="/NoAuth/RT/CPAN/About.html">About rt.cpan.org</a>
 <ul>
  <li id="li-about-usage"><a id="about-usage" class="menu-item " href="/NoAuth/RT/CPAN/Usage.html">How do I…?</a></li>
  <li id="li-about-about"><a id="about-about" class="menu-item " href="/NoAuth/RT/CPAN/About.html">About</a></li>
 </ul>
 </li>
 <li id="li-preferences"><a id="preferences" class="menu-item ">Welcome <span class="current-user">anonymous guest</span>.</a></li>
 <li id="li-login"><a id="login" class="menu-item " href="/NoAuth/Logout.html">Login as another user</a></li>
</ul></div>
<div id="page-navigation"><ul id="page-menu" class="toplevel">
 <li id="li-page-active_bugs"><a id="page-active_bugs" class="menu-item " href="/Public/Dist/Display.html?Status=Active;Name=Carp-REPL">Active bugs</a></li>
 <li id="li-page-resolved_bugs"><a id="page-resolved_bugs" class="menu-item " href="/Public/Dist/Display.html?Status=Resolved;Name=Carp-REPL">Resolved bugs</a></li>
 <li id="li-page-rejected_bugs"><a id="page-rejected_bugs" class="menu-item " href="/Public/Dist/Display.html?Status=Rejected;Name=Carp-REPL">Rejected bugs</a></li>
 <li id="li-page-report"><a id="page-report" class="menu-item " href="/Public/Bug/Report.html?Queue=Carp-REPL">Report a new bug</a></li>
</ul></div>
<div id="topactions"><form action="/Public/Search/Simple.html" id="simple-search">
  <input size="12" name="q" accesskey="0" class="field" value="" placeholder="Search..." />
</form>

<form action="/Public/Bug/Report.html" name="CreateTicketInQueue" id="CreateTicketInQueue" >
<input type="submit" class="button" value="New ticket in" />&nbsp;<label accesskey="9">
  <input name="Queue" size="25" placeholder="Module or distribution" value="" class="select-queue" data-autocomplete="Queues" data-autocomplete-autosubmit=1 data-autocomplete-params="right=CreateTicket" />

</label>

</form>

</div>
<div id="body">
<div id="announcement" style="padding: 1em; margin: 1em; border: solid black 1px; background: #eee">
<a href="https://log.perl.org/2020/12/rtcpanorg-sunset.html">rt.cpan.org will be shut down on March 1st, 2021.</a>
</div>

<a name="skipnav" id="skipnav" accesskey="8"></a>





<p>This queue is for tickets about the <a href="https://metacpan.org/release/Carp-REPL">Carp-REPL CPAN distribution</a>.</p>





<div class="">
  <div class="titlebox" id="">
  <div class="titlebox-title">
    <span class="widget"><a href="#" onclick="return rollup('TitleBox\x2D\x2D\x5FPublic\x5FBug\x5FDisplay\x5Fhtml\x2D\x2D\x2D\x2D\x2D\x2DUmVwb3J0IGluZm9ybWF0aW9u\x2D\x2D\x2D0');" title="Toggle visibility"></a></span>
    <span class="left">Report information</span>
    <span class="right-empty">		    </span>
  </div>
  <div class="titlebox-content " id="TitleBox--_Public_Bug_Display_html------UmVwb3J0IGluZm9ybWF0aW9u---0">


<table width="100%" class="ticket-summary">
<tr>
  <td valign="top" class="boxcontainer">
    <div class="ticket-info-basics">
  <div class="titlebox ticket-info-basics " id="">
  <div class="titlebox-title">
    <span class="widget"><a href="#" onclick="return rollup('TitleBox\x2D\x2D\x5FPublic\x5FBug\x5FDisplay\x5Fhtml\x2D\x2Dticket\x2Dinfo\x2Dbasics\x2D\x2D\x2D\x2DVGhlIEJhc2ljcw\x5F\x5F\x2D\x2D\x2D0');" title="Toggle visibility"></a></span>
    <span class="left">The Basics</span>
    <span class="right-empty">		    </span>
  </div>
  <div class="titlebox-content " id="TitleBox--_Public_Bug_Display_html--ticket-info-basics----VGhlIEJhc2ljcw__---0">


        <table>
  <tr class="id">
    <td class="label">Id:</td>
    <td class="value">103414</td>
  </tr>
  <tr class="status">
    <td class="label">Status:</td>
    <td class="value">resolved</td>
  </tr>
  <tr class="priority">
    <td class="label">Priority:</td>
    <td class="value">0/
</td>
  </tr>
  <tr class="queue">
    <td class="label">Queue:</td>
    <td class="value"><a href="/Dist/Display.html?Queue=Carp-REPL">Carp-REPL</a>
</td>
  </tr>
</table>

        <hr class="clear" />
  </div>
</div>




</div>


    <div class="ticket-info-people">
  <div class="titlebox ticket-info-people " id="">
  <div class="titlebox-title">
    <span class="widget"><a href="#" onclick="return rollup('TitleBox\x2D\x2D\x5FPublic\x5FBug\x5FDisplay\x5Fhtml\x2D\x2Dticket\x2Dinfo\x2Dpeople\x2D\x2D\x2D\x2DUGVvcGxl\x2D\x2D\x2D0');" title="Toggle visibility"></a></span>
    <span class="left">People</span>
    <span class="right-empty">		    </span>
  </div>
  <div class="titlebox-content " id="TitleBox--_Public_Bug_Display_html--ticket-info-people----UGVvcGxl---0">


        <table>
  <tr>
    <td class="label">Owner:</td>
    <td class="value">ether [...] cpan.org
    
    </td>
  </tr>
  <tr>
    <td class="labeltop">Requestors:</td>
    <td class="value">
asarch [...] hotmail.com

<br />
DAKKAR [...] cpan.org

<br />

</td>
  </tr>
  <tr>
    <td class="labeltop">Cc:</td>
    <td class="value">

</td>
  </tr>
  <tr>
    <td class="labeltop">AdminCc:</td>
    <td class="value">

</td>
  </tr>
</table>

        <hr class="clear" />
  </div>
</div>




</div>



  </td>
  <td valign="top" class="boxcontainer">
    
    <div class="ticket-info-cfs">
  <div class="titlebox ticket-info-cfs " id="">
  <div class="titlebox-title">
    <span class="widget"><a href="#" onclick="return rollup('TitleBox\x2D\x2D\x5FPublic\x5FBug\x5FDisplay\x5Fhtml\x2D\x2Dticket\x2Dinfo\x2Dcfs\x2D\x2D\x2D\x2DQnVnIEluZm9ybWF0aW9u\x2D\x2D\x2D0');" title="Toggle visibility"></a></span>
    <span class="left">Bug Information</span>
    <span class="right-empty">		    </span>
  </div>
  <div class="titlebox-content " id="TitleBox--_Public_Bug_Display_html--ticket-info-cfs----QnVnIEluZm9ybWF0aW9u---0">

 
        <table>
  <tr id="CF-1-ShowRow">
    <td class="label">Severity:</td>
    <td class="value">
<i>(no value)</i>
    </td>
  </tr>
  <tr id="CF-44434-ShowRow">
    <td class="label">Broken in:</td>
    <td class="value">
<i>(no value)</i>
    </td>
  </tr>
  <tr id="CF-44435-ShowRow">
    <td class="label">Fixed in:</td>
    <td class="value">
0.18    </td>
  </tr>
</table>


        <hr class="clear" />
  </div>
</div>




</div>


    <div class="ticket-info-attachments">
  <div class="titlebox ticket-info-attachments " id="">
  <div class="titlebox-title inverse">
    <span class="widget"><a href="#" onclick="return rollup('TitleBox\x2D\x2D\x5FPublic\x5FBug\x5FDisplay\x5Fhtml\x2D\x2Dticket\x2Dinfo\x2Dattachments\x2D\x2D\x2D\x2DQXR0YWNobWVudHM\x5F\x2D\x2D\x2D0');" title="Toggle visibility"></a></span>
    <span class="left">Attachments</span>
    <span class="right-empty">		    </span>
  </div>
  <div class="titlebox-content " id="TitleBox--_Public_Bug_Display_html--ticket-info-attachments----QXR0YWNobWVudHM_---0">




0001-ugly-fixes-for-failing-tests.patch<br />
<ul>


<li><font size="-2">
<a href="/Ticket/Attachment/1483248/790238/0001-ugly-fixes-for-failing-tests.patch">
Thu Apr 09 06:43:06 2015 (6.9k) by DAKKAR [...] cpan.org
</a>
</font></li>
</ul>

    <hr class="clear" />
  </div>
</div>




</div>







  </td>
</tr>
</table>

    <hr class="clear" />
  </div>
</div>




</div>


<br />


<div class="history">
<div class="titlebox" id="">
  <div class="titlebox-title">
    <span class="widget"><a href="#" onclick="return rollup('TitleBox\x2D\x2D\x5FPublic\x5FBug\x5FDisplay\x5Fhtml\x2D\x2D\x2D\x2D\x2D\x2DSGlzdG9yeQ\x5F\x5F\x2D\x2D\x2D0');" title="Toggle visibility"></a></span>
    <span class="left">History</span>
    <span class="right">		<a href="#" data-direction="open" onclick="return toggle_all_folds(this, 'Show\x20all\x20quoted\x20text', 'Hide\x20all\x20quoted\x20text');">Show all quoted text</a> &mdash; <a href="/Public/Bug/Display.html?ShowHeaders=1;id=103414">Show full headers</a>    </span>
  </div>
  <div class="titlebox-content " id="TitleBox--_Public_Bug_Display_html------SGlzdG9yeQ__---0">


<div id="ticket-history">
<div class="ticket-transaction message Create odd">
<div class="ticket-transaction">
  <div class="metadata">
    <span class="type">
      <a name="txn-1483223" href="/Public/Bug/Display.html?id=103414#txn-1483223">#</a>      
    </span>
    <span class="date">Thu&nbsp;Apr&nbsp;09&nbsp;06:04:36&nbsp;2015</span>
    <span class="description">DAKKAR [...] cpan.org -  Ticket created</span>
    <span class="time-taken"></span>    <span class="actions hidden"></span>
  </div>
    <div class="content">
      
<table>
  <tr>
    <td align="right" class="message-header-key">Subject:</td>
    <td class="message-header-value"> Test failures with latest Test::Expect</td>
  </tr>
</table>
<div class="downloadattachment">
<a href="/Ticket/Attachment/1483223/790218/">Download &#40;untitled&#41;</a> / <a href="/Ticket/Attachment/WithHeaders/790218">with headers</a>
<br />
<span class="downloadcontenttype">text/plain 1.1k</span>
</div>
<div class="messagebody">
<div class="message-stanza plain-text-white-space">Test::Expect fixed a long-standing bug: if you called expect_send with
a string that included regex meta-characters, the subsequent
expect_like was unreliable.

In particular, expect_like would match what you sent, not just what
the program under test printed.

So, for example, in Carp::REPL&#39;s t/04-scope.t:

  expect_send&#40;&#39;$post_local&#39;&#41;;
  expect_like&#40;qr/^\s*\$post_local\s*$/m&#41;;

would pass because the $post_local in the expect_like would match the
$post_local just sent. In fact, the REPL didn&#39;t print anything.

With the fixed Test::Expect, lots of tests fail &#40;example:
<span class="clickylink"><a target="new" rel="nofollow" href="http://www.cpantesters.org/cpan/report/cbce3aa8-da94-11e4-b53a-d28bde9d2db9">http://www.cpantesters.org/cpan/report/cbce3aa8-da94-11e4-b53a-d28bde9d2db9</a></span>
&#41;

I&#39;d like to fix either the code or the tests, but I can&#39;t understand a
few things:

* what is Carp::REPL supposed to do when asked to print an undeclared,
  not-fully-qualified variable? currently it prints nothing and
  prompts again

* what is the purpose of testing for undeclared variables in the
  tests?

* I suspect Devel::REPL::Plugin::LexEnv interacts with
  Devel::REPL::Plugin::Carp::REPL&#39;s mangle_line method, in the sense
  that both declare the same variables, and I&#39;m not sure it makes
  sense

Can anyone help?
</div></div>
    </div>
</div>
</div>
<div class="ticket-transaction message Correspond even">
<div class="ticket-transaction">
  <div class="metadata">
    <span class="type">
      <a name="txn-1483248" href="/Public/Bug/Display.html?id=103414#txn-1483248">#</a>      
    </span>
    <span class="date">Thu&nbsp;Apr&nbsp;09&nbsp;06:43:06&nbsp;2015</span>
    <span class="description">DAKKAR [...] cpan.org -  Correspondence added</span>
    <span class="time-taken"></span>    <span class="actions hidden"></span>
  </div>
    <div class="content">
      
<div class="messageattachments">
<div class="downloadattachment">
<a href="/Ticket/Attachment/1483248/790237/">Download &#40;untitled&#41;</a> / <a href="/Ticket/Attachment/WithHeaders/790237">with headers</a>
<br />
<span class="downloadcontenttype">text/plain 149b</span>
</div>
<div class="messagebody">
<div class="message-stanza plain-text-white-space">The attached patch makes the tests pass under Test::Expect 0.30, 0.31, 0.32

I still have very little clue about what the tests are doing, though...
</div></div>
<table>
  <tr>
    <td align="right" class="message-header-key">Subject:</td>
    <td class="message-header-value"> 0001-ugly-fixes-for-failing-tests.patch</td>
  </tr>
</table>
<div class="downloadattachment">
<a href="/Ticket/Attachment/1483248/790238/0001-ugly-fixes-for-failing-tests.patch">Download 0001-ugly-fixes-for-failing-tests.patch</a><br />
<span class="downloadcontenttype">text/x-diff 6.9k</span>
</div>
<div class="messagebody">
<div class="message-stanza plain-text-white-space">From 6433c616be895c6572661e4d4b373e24e5b90d9b Mon Sep 17 00:00:00 2001
From: Gianni Ceccarelli &lt;gianni.ceccarelli@net-a-porter.com&gt;
Date: Thu, 9 Apr 2015 11:35:42 +0100
Subject: [PATCH] ugly fixes for failing tests

this works with Test::Expect 0.30 &#40;like it did before&#41; and 0.31
0.32 &#40;which failed&#41;

note that I&#39;m not sure what the tests are doing! they may well be
testing meaningless stuff
---
 t/04-scope.t          | 65 +++++++++++++++------------------------------------
 t/07-frame.t          | 26 ++++++++-------------
 t/09-args.t           |  8 +++----
 t/11-warn.t           |  8 +++----
 t/lib/TestHelpers.pm  | 22 +++++++++++++++++
 t/lib/TestHelpers.pm~ | 21 +++++++++++++++++
 6 files changed, 80 insertions&#40;+&#41;, 70 deletions&#40;-&#41;
 create mode 100644 t/lib/TestHelpers.pm
 create mode 100644 t/lib/TestHelpers.pm~

diff --git a/t/04-scope.t b/t/04-scope.t
index 030f6e1..9cf066d 100644
--- a/t/04-scope.t
+++ b/t/04-scope.t
@@ -3,6 +3,8 @@ use strict;
 use warnings;
 use Test::More tests =&gt; 37;
 use Test::Expect;
+use lib &#39;t/lib&#39;;
+use TestHelpers qw&#40;e_value e_defined&#41;;
 
 expect_run
 &#40;
@@ -14,54 +16,25 @@ expect_run
 expect_send&#40;&#39;1 + 1&#39;&#41;;
 expect_like&#40;qr/\b2\b/, &#39;in the REPL&#39;&#41;;
 
-expect_send&#40;&#39;$pre_lexical&#39;&#41;;
-expect_like&#40;qr/\balpha\b/&#41;;
+e_value&#40;&#39;$pre_lexical&#39;,&#39;alpha&#39;&#41;;
+e_value&#40;&#39;$pre_global_safe&#39;,&#39;sheep&#39;&#41;;
+e_value&#40;&#39;$inner_lexical&#39;,&#39;parking&#39;&#41;;
+e_value&#40;&#39;$inner_global&#39;,&#39;to&#39;&#41;;
+e_value&#40;&#39;$pre_global&#39;,&#39;shadow stabbing&#39;&#41;;
+e_value&#40;&#39;$post_global&#39;,&#39;go&#39;&#41;;
+e_value&#40;&#39;$main::post_global&#39;,&#39;go&#39;&#41;;
 
-expect_send&#40;&#39;$pre_global_safe&#39;&#41;;
-expect_like&#40;qr/\bsheep\b/&#41;;
+e_defined&#40;&#39;$post_local&#39;,0&#41;;
+e_defined&#40;&#39;$postcall_local&#39;,0&#41;;
+e_defined&#40;&#39;$postcall_global&#39;,0&#41;;
+e_defined&#40;&#39;$other_lexical&#39;,0&#41;;
 
-expect_send&#40;&#39;$inner_lexical&#39;&#41;;
-expect_like&#40;qr/\bparking\b/&#41;;
+e_value&#40;&#39;$other_global&#39;,&#39;long jacket&#39;&#41;;
+e_value&#40;&#39;$main::other_global&#39;,&#39;long jacket&#39;&#41;;
 
-expect_send&#40;&#39;$inner_global&#39;&#41;;
-expect_like&#40;qr/\bto\b/&#41;;
+e_defined&#40;&#39;$birds&#39;,0&#41;;
+e_defined&#40;&#39;$window&#39;,0&#41;;
 
-expect_send&#40;&#39;$pre_global&#39;&#41;;
-expect_like&#40;qr/\bshadow stabbing\b/&#41;;
-
-expect_send&#40;&#39;$post_global&#39;&#41;;
-expect_like&#40;qr/\bgo\b/&#41;;
-
-expect_send&#40;&#39;$main::post_global&#39;&#41;;
-expect_like&#40;qr/\bgo\b/&#41;;
-
-expect_send&#40;&#39;$post_local&#39;&#41;;
-expect_like&#40;qr/^\s*\$post_local\s*$/m&#41;;
-
-expect_send&#40;&#39;$postcall_local&#39;&#41;;
-expect_like&#40;qr/^\s*\$postcall_local\s*$/m&#41;;
-
-expect_send&#40;&#39;$postcall_global&#39;&#41;;
-expect_like&#40;qr/^\s*\$postcall_global\s*$/m&#41;;
-
-expect_send&#40;&#39;$other_lexical&#39;&#41;;
-expect_like&#40;qr/^\s*\$other_lexical\s*$/m&#41;;
-
-expect_send&#40;&#39;$other_global&#39;&#41;;
-expect_like&#40;qr/\blong jacket\b/&#41;;
-
-expect_send&#40;&#39;$main::other_global&#39;&#41;;
-expect_like&#40;qr/\blong jacket\b/&#41;;
-
-expect_send&#40;&#39;$birds&#39;&#41;;
-expect_like&#40;qr/^\s*\$birds\s*$/m&#41;;
-
-expect_send&#40;&#39;$window&#39;&#41;;
-expect_like&#40;qr/^\s*\$window\s*$/m&#41;;
-
-expect_send&#40;&#39;$Mr::Mastodon::Farm::birds&#39;&#41;;
-expect_like&#40;qr/\bfall\b/&#41;;
-
-expect_send&#40;&#39;$Mr::Mastodon::Farm::window&#39;&#41;;
-expect_is&#40;&#39;$Mr::Mastodon::Farm::window&#39;, &#39;output was exactly what we gave to the repl, meaning the output was undef&#39;&#41;;
+e_value&#40;&#39;$Mr::Mastodon::Farm::birds&#39;,&#39;fall&#39;&#41;;
 
+e_defined&#40;&#39;$Mr::Mastodon::Farm::window&#39;,0&#41;;
diff --git a/t/07-frame.t b/t/07-frame.t
index 73c607f..937ebdf 100644
--- a/t/07-frame.t
+++ b/t/07-frame.t
@@ -3,6 +3,8 @@ use strict;
 use warnings;
 use Test::More tests =&gt; 55;
 use Test::Expect;
+use lib &#39;t/lib&#39;;
+use TestHelpers qw&#40;e_value e_defined&#41;;
 
 expect_run
 &#40;
@@ -25,38 +27,32 @@ expect_like&#40;qr{^main::fib\&#40;5\&#41; called at t/scripts/07-frame\.pl line 12}m&#41;;
 expect_send&#40;&#39;1 + 1&#39;&#41;;
 expect_like&#40;qr/\b2\b/, &#39;in the REPL&#39;&#41;;
 
-expect_send&#40;&#39;$n&#39;&#41;;
-expect_like&#40;qr/-1\b/&#41;;
+e_value&#40;&#39;$n&#39;,-1&#41;;
 
 expect_send&#40;&#39;:u&#39;&#41;;
 expect_like&#40;qr{\bNow at t/scripts/07-frame\.pl:9 \&#40;frame 1\&#41;\.}&#41;;
 
-expect_send&#40;&#39;$n&#39;&#41;;
-expect_like&#40;qr/\b0\b/&#41;;
+e_value&#40;&#39;$n&#39;,0&#41;;
 
 expect_send&#40;&#39;:up&#39;&#41;;
 expect_like&#40;qr{\bNow at t/scripts/07-frame\.pl:9 \&#40;frame 2\&#41;\.}&#41;;
 
-expect_send&#40;&#39;$n&#39;&#41;;
-expect_like&#40;qr/\b1\b/&#41;;
+e_value&#40;&#39;$n&#39;,1&#41;;
 
 expect_send&#40;&#39;:d&#39;&#41;;
 expect_like&#40;qr{\bNow at t/scripts/07-frame\.pl:9 \&#40;frame 1\&#41;\.}&#41;;
 
-expect_send&#40;&#39;$n&#39;&#41;;
-expect_like&#40;qr/\b0\b/&#41;;
+e_value&#40;&#39;$n&#39;,0&#41;;
 
 expect_send&#40;&#39;:down&#39;&#41;;
 expect_like&#40;qr{\bNow at t/scripts/07-frame\.pl:8 \&#40;frame 0\&#41;\.}&#41;;
 
-expect_send&#40;&#39;$n&#39;&#41;;
-expect_like&#40;qr/-1\b/&#41;;
+e_value&#40;&#39;$n&#39;,-1&#41;;
 
 expect_send&#40;&#39;:d&#39;&#41;;
 expect_like&#40;qr{\bYou&#39;re already at the bottom frame\.}&#41;;
 
-expect_send&#40;&#39;$n&#39;&#41;;
-expect_like&#40;qr/-1\b/&#41;;
+e_value&#40;&#39;$n&#39;,-1&#41;;
 
 expect_send&#40;&#39;my $m = 10&#39;&#41;;
 expect_like&#40;qr/\b10\b/&#41;;
@@ -64,8 +60,7 @@ expect_like&#40;qr/\b10\b/&#41;;
 expect_send&#40;&#39;:u&#39;&#41;;
 expect_like&#40;qr{\bNow at t/scripts/07-frame\.pl:9 \&#40;frame 1\&#41;\.}&#41;;
 
-expect_send&#40;&#39;$m&#39;&#41;;
-expect_like&#40;qr/^\s*\$m\s*$/m&#41;;
+e_value&#40;&#39;$m&#39;,10&#41;;
 
 expect_send&#40;&#39;:t&#39;&#41;;
 # examine the stack trace
@@ -81,8 +76,7 @@ expect_like&#40;qr{main::fib\&#40;5\&#41; called at t/scripts/07-frame\.pl line 12}m&#41;;
 expect_send&#40;&#39;:bottom&#39;&#41;;
 expect_like&#40;qr{\bNow at t/scripts/07-frame\.pl:8 \&#40;frame 0\&#41;\.}&#41;;
 
-expect_send&#40;&#39;$m&#39;&#41;;
-expect_like&#40;qr/^\s*\$m\s*$/m&#41;;
+e_value&#40;&#39;$m&#39;,10&#41;;
 
 expect_send&#40;&#39;:top&#39;&#41;;
 expect_like&#40;qr{\bNow at t/scripts/07-frame\.pl:12 \&#40;frame 7\&#41;\.}&#41;;
diff --git a/t/09-args.t b/t/09-args.t
index 463aaba..254c9dc 100644
--- a/t/09-args.t
+++ b/t/09-args.t
@@ -38,10 +38,10 @@ expect_send&#40;&#39;@$_a&#39;&#41;;
 expect_like&#40;qr/\bI I\b/&#41;;
 
 expect_send&#40;&#39;:u&#39;&#41;;
-expect_send&#40;&#39;@$_a&#39;&#41;;
-expect_like&#40;qr/\bI\b/&#41;;
+expect_send&#40;&#39;&#34;&lt;@$_a&gt;&#34;&#39;&#41;;
+expect_like&#40;qr/^&lt;I&gt;$/m&#41;;
 
 expect_send&#40;&#39;:u&#39;&#41;;
-expect_send&#40;&#39;@$_a&#39;&#41;;
-expect_like&#40;qr/\A\@\$_a\Z/&#41;;
+expect_send&#40;&#39;&#34;&lt;@$_a&gt;&#34;&#39;&#41;;
+expect_like&#40;qr/^&lt;&gt;$/m&#41;;
 
diff --git a/t/11-warn.t b/t/11-warn.t
index f840778..34b06e1 100644
--- a/t/11-warn.t
+++ b/t/11-warn.t
@@ -3,6 +3,8 @@ use strict;
 use warnings;
 use Test::More tests =&gt; 7;
 use Test::Expect;
+use lib &#39;t/lib&#39;;
+use TestHelpers qw&#40;e_value e_defined&#41;;
 
 expect_run
 &#40;
@@ -14,9 +16,7 @@ expect_run
 expect_send&#40;&#39;1 + 1&#39;&#41;;
 expect_like&#40;qr/2/&#41;;
 
-expect_send&#40;&#39;$a&#39;&#41;;
-expect_like&#40;qr/\b4\b/&#41;;
+e_value&#40;&#39;$a&#39;,4&#41;;
 
-expect_send&#40;&#39;$b&#39;&#41;;
-expect_like&#40;qr/\A\s*\$b\s*\Z/&#41;;
+e_defined&#40;&#39;$b&#39;,0&#41;;
 
diff --git a/t/lib/TestHelpers.pm b/t/lib/TestHelpers.pm
new file mode 100644
index 0000000..995e5c0
--- /dev/null
+++ b/t/lib/TestHelpers.pm
@@ -0,0 +1,22 @@
+package TestHelpers;
+use strict;
+use warnings;
+use 5.006000;
+use Test::Expect;
+use Sub::Exporter -setup =&gt; {
+    exports =&gt; [qw&#40;e_value e_defined&#41;],
+};
+
+sub e_value {
+    my &#40;$name,$expected,$note&#41; = @_;
+    expect_send&#40;$name&#41;;
+    expect_like&#40;qr/^\Q$expected\E$/m,$note&#41;;
+}
+sub e_defined {
+    my &#40;$name,$defined,$note&#41; = @_;
+    expect_send&#40;&#34;defined&#40;$name&#41;?&#39;ok&#39;:&#39;not&#39;&#34;&#41;;
+    my $r = $defined ? qr/^ok$/m : qr/^not$/m;
+    expect_like&#40;$r,$note&#41;;
+}
+
+1;
diff --git a/t/lib/TestHelpers.pm~ b/t/lib/TestHelpers.pm~
new file mode 100644
index 0000000..60351e8
--- /dev/null
+++ b/t/lib/TestHelpers.pm~
@@ -0,0 +1,21 @@
+package TestHelpers;
+use strict;
+use warnings;
+use 5.006000;
+use Sub::Exporter -setup =&gt; {
+    exports =&gt; [qw&#40;e_value e_defined&#41;],
+};
+
+sub e_value {
+    my &#40;$name,$expected,$note&#41; = @_;
+    expect_send&#40;$name&#41;;
+    expect_like&#40;qr/\b\Q$expected\E\b/,$note&#41;;
+}
+sub e_defined {
+    my &#40;$name,$defined,$note&#41; = @_;
+    expect_send&#40;&#34;defined&#40;$name&#41;?:&#39;ok&#39;:&#39;not&#39;&#34;&#41;;
+    my $r = $defined ? qr/\bok\b/ : qr/\bnot\b/;
+    expect_like&#40;$r,$note&#41;;
+}
+
+1;
-- 
2.0.5

</div></div>
</div>
    </div>
</div>
</div>
<div class="ticket-transaction message Correspond odd">
<div class="ticket-transaction">
  <div class="metadata">
    <span class="type">
      <a name="txn-1491220" href="/Public/Bug/Display.html?id=103414#txn-1491220">#</a>      
    </span>
    <span class="date">Tue&nbsp;Apr&nbsp;28&nbsp;09:41:17&nbsp;2015</span>
    <span class="description">jjnapiork [...] cpan.org -  Correspondence added</span>
    <span class="time-taken"></span>    <span class="actions hidden"></span>
  </div>
    <div class="content">
      
<div class="downloadattachment">
<a href="/Ticket/Attachment/1491220/794134/">Download &#40;untitled&#41;</a> / <a href="/Ticket/Attachment/WithHeaders/794134">with headers</a>
<br />
<span class="downloadcontenttype">text/plain 574b</span>
</div>
<div class="messagebody">
<div class="message-stanza plain-text-white-space">On Thu Apr 09 06:43:06 2015, DAKKAR wrote:
<span
    class="message-stanza-folder closed"
    onclick="fold_message_stanza(this, 'Show\x20quoted\x20text', 'Hide\x20quoted\x20text');">Show quoted text</span><br /><div class="message-stanza closed">&gt; The attached patch makes the tests pass under Test::Expect 0.30, 0.31, 0.32
&gt; 
&gt; I still have very little clue about what the tests are doing, though...
</div>

Yeah it looks like test::Expect suddenly got a new maintainer and the did a change after 6+ years that is breaking code :&#41;  I can verify that downgrading test::expect works but I think we have no choice but to upgrade code to match.  looks to me like the proposed patch is good, FWIW.  Let me know if you need a commainter &#40;this is stopping Task::Catalyst from installing&#41;
</div></div>
    </div>
</div>
</div>
<div class="ticket-transaction basics Status even">
<div class="ticket-transaction">
  <div class="metadata">
    <span class="type">
      <a name="txn-1491221" href="/Public/Bug/Display.html?id=103414#txn-1491221">#</a>      
    </span>
    <span class="date">Tue&nbsp;Apr&nbsp;28&nbsp;09:41:17&nbsp;2015</span>
    <span class="description">The RT System itself -  Status changed from &#39;new&#39; to &#39;open&#39;</span>
    <span class="time-taken"></span>    <span class="actions hidden"></span>
  </div>
    <div class="content">
    </div>
</div>
</div>
<div class="ticket-transaction message Correspond odd">
<div class="ticket-transaction">
  <div class="metadata">
    <span class="type">
      <a name="txn-1491224" href="/Public/Bug/Display.html?id=103414#txn-1491224">#</a>      
    </span>
    <span class="date">Tue&nbsp;Apr&nbsp;28&nbsp;09:41:29&nbsp;2015</span>
    <span class="description">jjnapiork [...] cpan.org -  Correspondence added</span>
    <span class="time-taken"></span>    <span class="actions hidden"></span>
  </div>
    <div class="content">
      
<div class="downloadattachment">
<a href="/Ticket/Attachment/1491224/794137/">Download &#40;untitled&#41;</a> / <a href="/Ticket/Attachment/WithHeaders/794137">with headers</a>
<br />
<span class="downloadcontenttype">text/plain 574b</span>
</div>
<div class="messagebody">
<div class="message-stanza plain-text-white-space">On Thu Apr 09 06:43:06 2015, DAKKAR wrote:
<span
    class="message-stanza-folder closed"
    onclick="fold_message_stanza(this, 'Show\x20quoted\x20text', 'Hide\x20quoted\x20text');">Show quoted text</span><br /><div class="message-stanza closed">&gt; The attached patch makes the tests pass under Test::Expect 0.30, 0.31, 0.32
&gt; 
&gt; I still have very little clue about what the tests are doing, though...
</div>

Yeah it looks like test::Expect suddenly got a new maintainer and the did a change after 6+ years that is breaking code :&#41;  I can verify that downgrading test::expect works but I think we have no choice but to upgrade code to match.  looks to me like the proposed patch is good, FWIW.  Let me know if you need a commainter &#40;this is stopping Task::Catalyst from installing&#41;
</div></div>
    </div>
</div>
</div>
<div class="ticket-transaction message Correspond even">
<div class="ticket-transaction">
  <div class="metadata">
    <span class="type">
      <a name="txn-1491337" href="/Public/Bug/Display.html?id=103414#txn-1491337">#</a>      
    </span>
    <span class="date">Tue&nbsp;Apr&nbsp;28&nbsp;12:46:50&nbsp;2015</span>
    <span class="description">rt.cpan [...] sartak.org -  Correspondence added</span>
    <span class="time-taken"></span>    <span class="actions hidden"></span>
  </div>
    <div class="content">
      
<div class="downloadattachment">
<a href="/Ticket/Attachment/1491337/794180/">Download &#40;untitled&#41;</a> / <a href="/Ticket/Attachment/WithHeaders/794180">with headers</a>
<br />
<span class="downloadcontenttype">text/plain 51b</span>
</div>
<div class="messagebody">
<div class="message-stanza plain-text-white-space">Added JJNAPIORK to co-maintainers of Carp::REPL. :&#41;
</div></div>
    </div>
</div>
</div>
<div class="ticket-transaction message Create odd">
<div class="ticket-transaction">
  <div class="metadata">
    <span class="type">
      <a name="txn-1497064" href="/Public/Bug/Display.html?id=103414#txn-1497064">#</a>      
    </span>
    <span class="date">Sat&nbsp;May&nbsp;16&nbsp;22:11:42&nbsp;2015</span>
    <span class="description">asarch [...] hotmail.com - Ticket #104478:  Ticket created</span>
    <span class="time-taken"></span>    <span class="actions hidden"></span>
  </div>
    <div class="content">
      
<table>
  <tr>
    <td align="right" class="message-header-key">Subject:</td>
    <td class="message-header-value"> Failed tests in Carp::REPL 0.17</td>
  </tr>
  <tr>
    <td align="right" class="message-header-key">Date:</td>
    <td class="message-header-value"> Sat, 16 May 2015 21:11:11 -0500</td>
  </tr>
  <tr>
    <td align="right" class="message-header-key">To:</td>
    <td class="message-header-value"> bug-Carp-REPL [...] rt.cpan.org</td>
  </tr>
  <tr>
    <td align="right" class="message-header-key">From:</td>
    <td class="message-header-value"> Alef Sheridan Ariel Ramírez Chiñas &lt;asarch [...] hotmail.com&gt;</td>
  </tr>
</table>
<div class="downloadattachment">
<a href="/Ticket/Attachment/1497064/797424/">Download &#40;untitled&#41;</a> / <a href="/Ticket/Attachment/WithHeaders/797424">with headers</a>
<br />
<span class="downloadcontenttype">text/plain 9.1k</span>
</div>
<div class="messagebody">
<div class="message-stanza plain-text-white-space">cpan Task::Catalyst

CPAN: Storable loaded ok &#40;v2.41&#41;
Reading &#39;/root/.cpan/Metadata&#39;
   Database was generated on Thu, 23 Apr 2015 02:17:02 GMT
Running install for module &#39;Task::Catalyst&#39;
Running make for B/BO/BOBTFISH/Task-Catalyst-4.02.tar.gz
CPAN: LWP::UserAgent loaded ok &#40;v6.13&#41;
Fetching with LWP:
<span class="clickylink"><a target="new" rel="nofollow" href="http://cpan.belfry.net/authors/id/B/BO/BOBTFISH/Task-Catalyst-4.02.tar.gz">http://cpan.belfry.net/authors/id/B/BO/BOBTFISH/Task-Catalyst-4.02.tar.gz</a></span>
CPAN: YAML loaded ok &#40;v1.14&#41;
CPAN: Digest::SHA loaded ok &#40;v5.84_01&#41;
Fetching with LWP:
<span class="clickylink"><a target="new" rel="nofollow" href="http://cpan.belfry.net/authors/id/B/BO/BOBTFISH/CHECKSUMS">http://cpan.belfry.net/authors/id/B/BO/BOBTFISH/CHECKSUMS</a></span>
CPAN: Compress::Zlib loaded ok &#40;v2.06&#41;
Checksum for /root/.cpan/sources/authors/id/B/BO/BOBTFISH/Task-Catalyst-4.02.tar.gz ok
CPAN: File::Temp loaded ok &#40;v0.23&#41;
CPAN: Parse::CPAN::Meta loaded ok &#40;v1.4414&#41;
CPAN: CPAN::Meta loaded ok &#40;v2.150001&#41;
CPAN: Module::CoreList loaded ok &#40;v2.96&#41;

   CPAN.pm: Building B/BO/BOBTFISH/Task-Catalyst-4.02.tar.gz

Warning: prerequisite CatalystX::REPL 0 not found.
Checking if your kit is complete...
Looks good
Generating a Unix-style Makefile
Writing Makefile for Task::Catalyst
Writing MYMETA.yml and MYMETA.json

<span
    class="message-stanza-folder closed"
    onclick="fold_message_stanza(this, 'Show\x20quoted\x20text', 'Hide\x20quoted\x20text');">Show quoted text</span><br /><div class="message-stanza closed">---- Unsatisfied dependencies detected during ----
----    BOBTFISH/Task-Catalyst-4.02.tar.gz    ----
     CatalystX::REPL [requires]
Running make test
   Delayed until after prerequisites
Running make install
   Delayed until after prerequisites
Running install for module &#39;CatalystX::REPL&#39;
Running make for F/FL/FLORA/CatalystX-REPL-0.04.tar.gz
Fetching with LWP:
<span class="clickylink"><a target="new" rel="nofollow" href="http://cpan.belfry.net/authors/id/F/FL/FLORA/CatalystX-REPL-0.04.tar.gz">http://cpan.belfry.net/authors/id/F/FL/FLORA/CatalystX-REPL-0.04.tar.gz</a></span>
Fetching with LWP:
<span class="clickylink"><a target="new" rel="nofollow" href="http://cpan.belfry.net/authors/id/F/FL/FLORA/CHECKSUMS">http://cpan.belfry.net/authors/id/F/FL/FLORA/CHECKSUMS</a></span>
Checksum for /root/.cpan/sources/authors/id/F/FL/FLORA/CatalystX-REPL-0.04.tar.gz ok

   CPAN.pm: Building F/FL/FLORA/CatalystX-REPL-0.04.tar.gz

Warning: prerequisite Carp::REPL 0 not found.
Checking if your kit is complete...
Looks good
Generating a Unix-style Makefile
Writing Makefile for CatalystX::REPL
Writing MYMETA.yml and MYMETA.json

<div class="message-stanza open">---- Unsatisfied dependencies detected during ----
----     FLORA/CatalystX-REPL-0.04.tar.gz     ----
     Carp::REPL [requires]
Running make test
   Delayed until after prerequisites
Running make install
   Delayed until after prerequisites
Running install for module &#39;Carp::REPL&#39;
Running make for T/TS/TSIBLEY/Carp-REPL-0.17.tar.gz
Fetching with LWP:
<span class="clickylink"><a target="new" rel="nofollow" href="http://cpan.belfry.net/authors/id/T/TS/TSIBLEY/Carp-REPL-0.17.tar.gz">http://cpan.belfry.net/authors/id/T/TS/TSIBLEY/Carp-REPL-0.17.tar.gz</a></span>
Fetching with LWP:
<span class="clickylink"><a target="new" rel="nofollow" href="http://cpan.belfry.net/authors/id/T/TS/TSIBLEY/CHECKSUMS">http://cpan.belfry.net/authors/id/T/TS/TSIBLEY/CHECKSUMS</a></span>
Checksum for /root/.cpan/sources/authors/id/T/TS/TSIBLEY/Carp-REPL-0.17.tar.gz ok

   CPAN.pm: Building T/TS/TSIBLEY/Carp-REPL-0.17.tar.gz

Checking if your kit is complete...
Looks good
Generating a Unix-style Makefile
Writing Makefile for Carp::REPL
Writing MYMETA.yml and MYMETA.json
cp lib/Devel/REPL/Plugin/Carp/REPL.pm blib/lib/Devel/REPL/Plugin/Carp/REPL.pm
cp lib/Carp/REPL.pm blib/lib/Carp/REPL.pm
Manifying 2 pod documents
   TSIBLEY/Carp-REPL-0.17.tar.gz
   /usr/bin/make -- OK
Running make test
PERL_DL_NONLAZY=1 &#34;/usr/bin/perl5.18.1&#34; &#34;-MExtUtils::Command::MM&#34; &#34;-MTest::Harness&#34; &#34;-e&#34; &#34;undef *Test::Harness::Switches; test_harness&#40;0, &#39;inc&#39;, &#39;blib/lib&#39;, &#39;blib/arch&#39;&#41;&#34; t/*.t
# Carp::REPL 0.17
# Devel::REPL 1.003026
# Perl 5.018001, /usr/bin/perl5.18.1
t/00-load.t ...... ok
t/01-trivial.t ... ok
t/02-lexicals.t .. ok
t/03-subs.t ...... ok

#   Failed test at t/04-scope.t line 39.
#                   &#39;&#39;
#     doesn&#39;t match &#39;&#40;?^m:^\s*\$post_local\s*$&#41;&#39;

#   Failed test at t/04-scope.t line 42.
#                   &#39;&#39;
#     doesn&#39;t match &#39;&#40;?^m:^\s*\$postcall_local\s*$&#41;&#39;

#   Failed test at t/04-scope.t line 45.
#                   &#39;&#39;
#     doesn&#39;t match &#39;&#40;?^m:^\s*\$postcall_global\s*$&#41;&#39;

#   Failed test at t/04-scope.t line 48.
#                   &#39;&#39;
#     doesn&#39;t match &#39;&#40;?^m:^\s*\$other_lexical\s*$&#41;&#39;

#   Failed test at t/04-scope.t line 57.
#                   &#39;&#39;
#     doesn&#39;t match &#39;&#40;?^m:^\s*\$birds\s*$&#41;&#39;

#   Failed test at t/04-scope.t line 60.
#                   &#39;&#39;
#     doesn&#39;t match &#39;&#40;?^m:^\s*\$window\s*$&#41;&#39;

#   Failed test &#39;output was exactly what we gave to the repl, meaning the output was undef&#39;
#   at t/04-scope.t line 66.
#          got: &#39;&#39;
#     expected: &#39;$Mr::Mastodon::Farm::window&#39;
# Looks like you failed 7 tests of 37.
t/04-scope.t .....
Dubious, test returned 7 &#40;wstat 1792, 0x700&#41;
Failed 7/37 subtests
t/05-interact.t .. ok
t/06-remember.t .. ok

#   Failed test at t/07-frame.t line 68.
#                   &#39;10&#39;
#     doesn&#39;t match &#39;&#40;?^m:^\s*\$m\s*$&#41;&#39;

#   Failed test at t/07-frame.t line 85.
#                   &#39;10&#39;
#     doesn&#39;t match &#39;&#40;?^m:^\s*\$m\s*$&#41;&#39;
# Looks like you failed 2 tests of 55.
t/07-frame.t .....
Dubious, test returned 2 &#40;wstat 512, 0x200&#41;
Failed 2/55 subtests
t/08-alias.t ..... ok

#   Failed test at t/09-args.t line 46.
#                   &#39;&#39;
#     doesn&#39;t match &#39;&#40;?^:\A\@\$_a\Z&#41;&#39;
# Looks like you failed 1 test of 26.
t/09-args.t ......
Dubious, test returned 1 &#40;wstat 256, 0x100&#41;
Failed 1/26 subtests
t/10-nodie.t ..... ok

#   Failed test at t/11-warn.t line 21.
#                   &#39;&#39;
#     doesn&#39;t match &#39;&#40;?^:\A\s*\$b\s*\Z&#41;&#39;
# Looks like you failed 1 test of 7.
t/11-warn.t ......
Dubious, test returned 1 &#40;wstat 256, 0x100&#41;
Failed 1/7 subtests
t/12-env.t ....... ok
t/13-list.t ...... ok
t/99-bug.t ....... ok

Test Summary Report
-------------------
t/04-scope.t   &#40;Wstat: 1792 Tests: 37 Failed: 7&#41;
   Failed tests:  19, 21, 23, 25, 31, 33, 37
   Non-zero exit status: 7
t/07-frame.t   &#40;Wstat: 512 Tests: 55 Failed: 2&#41;
   Failed tests:  40, 53
   Non-zero exit status: 2
t/09-args.t    &#40;Wstat: 256 Tests: 26 Failed: 1&#41;
   Failed test:  26
   Non-zero exit status: 1
t/11-warn.t    &#40;Wstat: 256 Tests: 7 Failed: 1&#41;
   Failed test:  7
   Non-zero exit status: 1
Files=15, Tests=375, 21 wallclock secs &#40; 0.31 usr  0.03 sys + 20.59 cusr  0.92 csys = 21.85 CPU&#41;
Result: FAIL
Failed 4/15 test programs. 11/375 subtests failed.
make: *** [test_dynamic] Error 255
   TSIBLEY/Carp-REPL-0.17.tar.gz
   /usr/bin/make test -- NOT OK
//hint// to see the cpan-testers results for installing this module, try:
   reports TSIBLEY/Carp-REPL-0.17.tar.gz
Running make install
   make test had returned bad status, won&#39;t install without force
Running make for F/FL/FLORA/CatalystX-REPL-0.04.tar.gz
   Has already been unwrapped into directory /root/.cpan/build/CatalystX-REPL-0.04-UWpzA3

   CPAN.pm: Building F/FL/FLORA/CatalystX-REPL-0.04.tar.gz

Warning: Prerequisite &#39;Carp::REPL =&gt; 0&#39; for &#39;FLORA/CatalystX-REPL-0.04.tar.gz&#39; failed when processing &#39;TSIBLEY/Carp-REPL-0.17.tar.gz&#39; with &#39;make_test =&gt; NO&#39;. Continuing, but chances to succeed are limited.
cp lib/CatalystX/REPL.pm blib/lib/CatalystX/REPL.pm
Manifying 1 pod document
   FLORA/CatalystX-REPL-0.04.tar.gz
   /usr/bin/make -- OK
Running make test
PERL_DL_NONLAZY=1 &#34;/usr/bin/perl5.18.1&#34; &#34;-MExtUtils::Command::MM&#34; &#34;-MTest::Harness&#34; &#34;-e&#34; &#34;undef *Test::Harness::Switches; test_harness&#40;0, &#39;blib/lib&#39;, &#39;blib/arch&#39;&#41;&#34; t/*.t
Expect::Simple: Expect::Simple: couldn&#39;t find prompt at /usr/local/share/perl5/Test/Expect.pm line 42.
# Looks like your test exited with 5 before it could output anything.
t/basic.t .................
Dubious, test returned 5 &#40;wstat 1280, 0x500&#41;
Failed 5/5 subtests
t/release-pod-coverage.t .. skipped: these tests are for release candidate testing
t/release-pod-syntax.t .... skipped: these tests are for release candidate testing

Test Summary Report
-------------------
t/basic.t               &#40;Wstat: 1280 Tests: 0 Failed: 0&#41;
   Non-zero exit status: 5
   Parse errors: Bad plan.  You planned 5 tests but ran 0.
Files=3, Tests=0,  2 wallclock secs &#40; 0.06 usr  0.01 sys +  2.09 cusr  0.09 csys =  2.25 CPU&#41;
Result: FAIL
Failed 1/3 test programs. 0/0 subtests failed.
make: *** [test_dynamic] Error 255
   FLORA/CatalystX-REPL-0.04.tar.gz
one dependency not OK &#40;Carp::REPL&#41;; additionally test harness failed
   /usr/bin/make test -- NOT OK
//hint// to see the cpan-testers results for installing this module, try:
   reports FLORA/CatalystX-REPL-0.04.tar.gz
Running make install
   make test had returned bad status, won&#39;t install without force
Running make for B/BO/BOBTFISH/Task-Catalyst-4.02.tar.gz
   Has already been unwrapped into directory /root/.cpan/build/Task-Catalyst-4.02-zi74kD

   CPAN.pm: Building B/BO/BOBTFISH/Task-Catalyst-4.02.tar.gz

Warning: Prerequisite &#39;CatalystX::REPL =&gt; 0&#39; for &#39;BOBTFISH/Task-Catalyst-4.02.tar.gz&#39; failed when processing &#39;FLORA/CatalystX-REPL-0.04.tar.gz&#39; with &#39;make_test =&gt; NO one dependency not OK &#40;Carp::REPL&#41;; additionally test harness failed&#39;. Continuing, but chances to succeed are limited.
cp lib/Task/Catalyst.pm blib/lib/Task/Catalyst.pm
Manifying 1 pod document
   BOBTFISH/Task-Catalyst-4.02.tar.gz
   /usr/bin/make -- OK
Running make test
PERL_DL_NONLAZY=1 &#34;/usr/bin/perl5.18.1&#34; &#34;-MExtUtils::Command::MM&#34; &#34;-MTest::Harness&#34; &#34;-e&#34; &#34;undef *Test::Harness::Switches; test_harness&#40;0, &#39;blib/lib&#39;, &#39;blib/arch&#39;&#41;&#34; t/*.t
t/release-pod-coverage.t .. skipped: these tests are for release candidate testing
t/release-pod-syntax.t .... skipped: these tests are for release candidate testing
t/task-bogus.t ............ ok
All tests successful.
Files=3, Tests=1,  0 wallclock secs &#40; 0.06 usr  0.01 sys +  0.14 cusr  0.02 csys =  0.23 CPU&#41;
Result: PASS
   BOBTFISH/Task-Catalyst-4.02.tar.gz
Tests succeeded but one dependency not OK &#40;CatalystX::REPL&#41;
   BOBTFISH/Task-Catalyst-4.02.tar.gz
   [dependencies] -- NA
Running make install
   make test had returned bad status, won&#39;t install without force
</div></div></div></div>
    </div>
</div>
</div>
<div class="ticket-transaction message Correspond even">
<div class="ticket-transaction">
  <div class="metadata">
    <span class="type">
      <a name="txn-1497160" href="/Public/Bug/Display.html?id=103414#txn-1497160">#</a>      
    </span>
    <span class="date">Sun&nbsp;May&nbsp;17&nbsp;02:48:33&nbsp;2015</span>
    <span class="description">SREZIC [...] cpan.org - Ticket #104478:  Correspondence added</span>
    <span class="time-taken"></span>    <span class="actions hidden"></span>
  </div>
    <div class="content">
      
<div class="downloadattachment">
<a href="/Ticket/Attachment/1497160/797449/">Download &#40;untitled&#41;</a> / <a href="/Ticket/Attachment/WithHeaders/797449">with headers</a>
<br />
<span class="downloadcontenttype">text/plain 352b</span>
</div>
<div class="messagebody">
<div class="message-stanza plain-text-white-space">On 2015-05-16 22:11:42, asarch@hotmail.com wrote:
[...]

According to 
<span class="clickylink"><a target="new" rel="nofollow" href="http://analysis.cpantesters.org/solved?distv=Carp-REPL-0.17#meta%3Adate">http://analysis.cpantesters.org/solved?distv=Carp-REPL-0.17#meta%3Adate</a></span> tests started to fail in April 2015. There&#39;s also evidence that Test::Expect 0.33 is causing the failures, see <span class="clickylink"><a target="new" rel="nofollow" href="http://analysis.cpantesters.org/reports_by_field?distv=Carp-REPL-0.17;field=mod%3ATest%3A%3AExpect">http://analysis.cpantesters.org/reports_by_field?distv=Carp-REPL-0.17;field=mod%3ATest%3A%3AExpect</a></span>
</div></div>
    </div>
</div>
</div>
<div class="ticket-transaction basics Status odd">
<div class="ticket-transaction">
  <div class="metadata">
    <span class="type">
      <a name="txn-1497161" href="/Public/Bug/Display.html?id=103414#txn-1497161">#</a>      
    </span>
    <span class="date">Sun&nbsp;May&nbsp;17&nbsp;02:48:33&nbsp;2015</span>
    <span class="description">The RT System itself - Ticket #104478:  Status changed from &#39;new&#39; to &#39;open&#39;</span>
    <span class="time-taken"></span>    <span class="actions hidden"></span>
  </div>
    <div class="content">
    </div>
</div>
</div>
<div class="ticket-transaction message Correspond even">
<div class="ticket-transaction">
  <div class="metadata">
    <span class="type">
      <a name="txn-1504042" href="/Public/Bug/Display.html?id=103414#txn-1504042">#</a>      
    </span>
    <span class="date">Fri&nbsp;Jun&nbsp;05&nbsp;07:07:19&nbsp;2015</span>
    <span class="description">ppisar [...] redhat.com - Ticket #104478:  Correspondence added</span>
    <span class="time-taken"></span>    <span class="actions hidden"></span>
  </div>
    <div class="content">
      
<table>
  <tr>
    <td align="right" class="message-header-key">From:</td>
    <td class="message-header-value"> ppisar [...] redhat.com</td>
  </tr>
</table>
<div class="downloadattachment">
<a href="/Ticket/Attachment/1504042/801501/">Download &#40;untitled&#41;</a> / <a href="/Ticket/Attachment/WithHeaders/801501">with headers</a>
<br />
<span class="downloadcontenttype">text/plain 66b</span>
</div>
<div class="messagebody">
<div class="message-stanza plain-text-white-space">See for the same bug report CPAN RT#103414. Fix is included there.
</div></div>
    </div>
</div>
</div>
<div class="ticket-transaction people Set odd">
<div class="ticket-transaction">
  <div class="metadata">
    <span class="type">
      <a name="txn-1504308" href="/Public/Bug/Display.html?id=103414#txn-1504308">#</a>      
    </span>
    <span class="date">Fri&nbsp;Jun&nbsp;05&nbsp;14:12:59&nbsp;2015</span>
    <span class="description">ether [...] cpan.org - Ticket #104478:  Taken</span>
    <span class="time-taken"></span>    <span class="actions hidden"></span>
  </div>
    <div class="content">
    </div>
</div>
</div>
<div class="ticket-transaction people Set even">
<div class="ticket-transaction">
  <div class="metadata">
    <span class="type">
      <a name="txn-1504309" href="/Public/Bug/Display.html?id=103414#txn-1504309">#</a>      
    </span>
    <span class="date">Fri&nbsp;Jun&nbsp;05&nbsp;14:15:29&nbsp;2015</span>
    <span class="description">ether [...] cpan.org -  Taken</span>
    <span class="time-taken"></span>    <span class="actions hidden"></span>
  </div>
    <div class="content">
    </div>
</div>
</div>
<div class="ticket-transaction message Correspond odd">
<div class="ticket-transaction">
  <div class="metadata">
    <span class="type">
      <a name="txn-1504310" href="/Public/Bug/Display.html?id=103414#txn-1504310">#</a>      
    </span>
    <span class="date">Fri&nbsp;Jun&nbsp;05&nbsp;14:15:49&nbsp;2015</span>
    <span class="description">ether [...] cpan.org -  Correspondence added</span>
    <span class="time-taken"></span>    <span class="actions hidden"></span>
  </div>
    <div class="content">
      
<div class="downloadattachment">
<a href="/Ticket/Attachment/1504310/801653/">Download &#40;untitled&#41;</a> / <a href="/Ticket/Attachment/WithHeaders/801653">with headers</a>
<br />
<span class="downloadcontenttype">text/plain 688b</span>
</div>
<div class="messagebody">
<div class="message-stanza plain-text-white-space">On 2015-04-28 06:41:29, JJNAPIORK wrote:
<span
    class="message-stanza-folder closed"
    onclick="fold_message_stanza(this, 'Show\x20quoted\x20text', 'Hide\x20quoted\x20text');">Show quoted text</span><br /><div class="message-stanza closed">&gt; On Thu Apr 09 06:43:06 2015, DAKKAR wrote:
<div class="message-stanza open">&gt; &gt; The attached patch makes the tests pass under Test::Expect 0.30,
&gt; &gt; 0.31, 0.32
&gt; &gt;
&gt; &gt; I still have very little clue about what the tests are doing,
&gt; &gt; though...
</div>&gt; 
&gt; 
&gt; Yeah it looks like test::Expect suddenly got a new maintainer and the
&gt; did a change after 6+ years that is breaking code :&#41;  I can verify
&gt; that downgrading test::expect works but I think we have no choice but
&gt; to upgrade code to match.  looks to me like the proposed patch is
&gt; good, FWIW.  Let me know if you need a commainter &#40;this is stopping
&gt; Task::Catalyst from installing&#41;
</div>

I&#39;ll look at doing a release fix tonight.
</div></div>
    </div>
</div>
</div>
<div class="ticket-transaction links AddLink even">
<div class="ticket-transaction">
  <div class="metadata">
    <span class="type">
      <a name="txn-1504498" href="/Public/Bug/Display.html?id=103414#txn-1504498">#</a>      
    </span>
    <span class="date">Fri&nbsp;Jun&nbsp;05&nbsp;21:53:25&nbsp;2015</span>
    <span class="description">ether [...] cpan.org - Ticket #104478:  Merged into ticket #103414</span>
    <span class="time-taken"></span>    <span class="actions hidden"></span>
  </div>
    <div class="content">
    </div>
</div>
</div>
<div class="ticket-transaction links AddLink odd">
<div class="ticket-transaction">
  <div class="metadata">
    <span class="type">
      <a name="txn-1504499" href="/Public/Bug/Display.html?id=103414#txn-1504499">#</a>      
    </span>
    <span class="date">Fri&nbsp;Jun&nbsp;05&nbsp;21:53:25&nbsp;2015</span>
    <span class="description">ether [...] cpan.org -  Merged into ticket #103414</span>
    <span class="time-taken"></span>    <span class="actions hidden"></span>
  </div>
    <div class="content">
    </div>
</div>
</div>
<div class="ticket-transaction message Correspond even">
<div class="ticket-transaction">
  <div class="metadata">
    <span class="type">
      <a name="txn-1504504" href="/Public/Bug/Display.html?id=103414#txn-1504504">#</a>      
    </span>
    <span class="date">Fri&nbsp;Jun&nbsp;05&nbsp;23:00:42&nbsp;2015</span>
    <span class="description">ether [...] cpan.org -  Correspondence added</span>
    <span class="time-taken"></span>    <span class="actions hidden"></span>
  </div>
    <div class="content">
      
<table>
  <tr>
    <td align="right" class="message-header-key">RT-Send-CC:</td>
    <td class="message-header-value"> ppisar [...] redhat.com, asarch [...] hotmail.com</td>
  </tr>
</table>
<div class="downloadattachment">
<a href="/Ticket/Attachment/1504504/801770/">Download &#40;untitled&#41;</a> / <a href="/Ticket/Attachment/WithHeaders/801770">with headers</a>
<br />
<span class="downloadcontenttype">text/plain 14b</span>
</div>
<div class="messagebody">
<div class="message-stanza plain-text-white-space">Fixed in 0.18.
</div></div>
    </div>
</div>
</div>
<div class="ticket-transaction basics Status odd">
<div class="ticket-transaction">
  <div class="metadata">
    <span class="type">
      <a name="txn-1504508" href="/Public/Bug/Display.html?id=103414#txn-1504508">#</a>      
    </span>
    <span class="date">Fri&nbsp;Jun&nbsp;05&nbsp;23:00:50&nbsp;2015</span>
    <span class="description">ether [...] cpan.org -  Status changed from &#39;open&#39; to &#39;resolved&#39;</span>
    <span class="time-taken"></span>    <span class="actions hidden"></span>
  </div>
    <div class="content">
    </div>
</div>
</div>
<div class="ticket-transaction other CustomField even">
<div class="ticket-transaction">
  <div class="metadata">
    <span class="type">
      <a name="txn-1504795" href="/Public/Bug/Display.html?id=103414#txn-1504795">#</a>      <a id="lasttrans" name="lasttrans"></a>
    </span>
    <span class="date">Sat&nbsp;Jun&nbsp;06&nbsp;16:25:03&nbsp;2015</span>
    <span class="description">ether [...] cpan.org -  Fixed in 0.18 added</span>
    <span class="time-taken"></span>    <span class="actions hidden"></span>
  </div>
    <div class="content">
    </div>
</div>
</div>
</div>
    <hr class="clear" />
  </div>
</div>




</div>
 


  <hr class="clear" />
</div>
<p id="sponsors">
  This service is sponsored and maintained by
  <a href="http://bestpractical.com">Best Practical Solutions</a> and runs on
  <a href="http://noc.perl.org">Perl.org</a> infrastructure.
</p>

<p id="contact-info">
  Please report any issues with rt.cpan.org to <a href="mailto:rt-cpan-admin@bestpractical.com">rt-cpan-admin@bestpractical.com</a>.
</p>

<script>
  (function(i,s,o,g,r,a,m){i['GoogleAnalyticsObject']=r;i[r]=i[r]||function(){
  (i[r].q=i[r].q||[]).push(arguments)},i[r].l=1*new Date();a=s.createElement(o),
  m=s.getElementsByTagName(o)[0];a.async=1;a.src=g;m.parentNode.insertBefore(a,m)
  })(window,document,'script','//www.google-analytics.com/analytics.js','ga');

  ga('create', 'UA\x2D937849\x2D12');
  ga('send', 'pageview');
</script>

<div id="footer">
  <p id="time"><span>Time to display: 0.757263</span></p>
  <p id="bpscredits"><span>&#187;&#124;&#171; RT 4.0.18 Copyright 1996-2013 <a href="http://www.bestpractical.com?rt=4.0.18">Best Practical Solutions, LLC</a>.
</span></p>
</div>
  </body>
</html>
