<!DOCTYPE html>

<html lang="en">
  <head>
    <title>Bug #89672 for Test-RedisServer: Path::Class is missing in test requires</title>
    <meta http-equiv="X-UA-Compatible" content="IE=edge" />
    <!-- The X-UA-Compatible <meta> tag above must be very early in <head> -->

    <script>
if (window.top !== window.self) {
    document.write = "";

    window.top.location = window.self.location;

    setTimeout(function(){
        document.body.innerHTML = "";
    }, 1);

    window.self.onload = function(){
        document.body.innerHTML = "";
    };
}
</script>



<link rel="shortcut icon" href="/NoAuth/images/favicon.png" type="image/png" />
<link rel="stylesheet" href="/NoAuth/css/aileron-squished-00f758259152f8b6670ee485f462e6b8.css" type="text/css" media="all" />
<link rel="stylesheet" href="/NoAuth/css/print.css" type="text/css" media="print" />




<script type="text/javascript" src="/NoAuth/js/squished-42167f2409ce368da2d31038e5cb2a57.js"></script>

<script type="text/javascript"><!--
	jQuery( loadTitleBoxStates );

--></script>


<!--[if lt IE 8]>
<link rel="stylesheet" href="/NoAuth/css/aileron/msie.css" type="text/css" media="all" />
<![endif]-->
<!--[if lt IE 7]>
<link rel="stylesheet" href="/NoAuth/css/aileron/msie6.css" type="text/css" media="all" />
<![endif]-->
<script type="text/javascript">
jQuery(document).ready(function(){
    jQuery.fn.supersubs.defaults = {
        maxWidth: 30,
        extraWidth: 2
    };

    jQuery("#app-nav.toplevel").addClass('sf-menu sf-js-enabled sf-shadow').supersubs().superfish({ speed: 'fast' });
    jQuery("#page-menu.toplevel").addClass('sf-menu sf-js-enabled').supersubs().superfish({ dropShadows: false, speed: 'fast' }).supposition();
});
</script>


<!-- Site CSS from theme editor -->
<style type="text/css" media="all" id="sitecss">
</style>

<meta name="google-site-verification" content="kD3-uEJK1AkTqaC-rckcSt_HPkAj674DPPuEN6i-y0g" />

</head>
  <body class="aileron sidebyside" id="comp-Public-Bug-Display">

<div id="logo">
<a href="/"><img
    src="/NoAuth/images/cpan.png"
    alt="CPAN"
    width="181"
    height="38" /></a>
    <span class="rtname">RT for rt.cpan.org</span>
</div>


<div id="quickbar">
  <div id="quick-personal">
    <span class="hide"><a href="#skipnav">Skip Menu</a> | </span>
</div>

</div>
<div id="header"><h1>Bug #89672 for Test-RedisServer: Path::Class is missing in test requires</h1></div>



<div id="page-navigation"><ul id="page-menu" class="toplevel">
 <li id="li-page-active_bugs"><a id="page-active_bugs" class="menu-item " href="/Public/Dist/Test-RedisServer/Active/">Active bugs</a></li>
 <li id="li-page-resolved_bugs"><a id="page-resolved_bugs" class="menu-item " href="/Public/Dist/Test-RedisServer/Resolved/">Resolved bugs</a></li>
 <li id="li-page-rejected_bugs"><a id="page-rejected_bugs" class="menu-item " href="/Public/Dist/Test-RedisServer/Rejected/">Rejected bugs</a></li>
 <li id="li-page-report"><a id="page-report" class="menu-item " href="/Public/Dist/Test-RedisServer/Active/"></a></li>
</ul></div>
<div id="topactions">



</div>
<div id="body">


<a name="skipnav" id="skipnav" accesskey="8"></a>




<div id="external_bugtracker">
<h3>Preferred bug tracker</h3>
<p>
<div>Please visit the <a href="https://github.com/typester/Test-RedisServer/issues">preferred bug tracker</a> to report your issue.</div>
</p>
</div>

<p>This queue is for tickets about the <a href="https://metacpan.org/release/Test-RedisServer">Test-RedisServer CPAN distribution</a>.</p>





<div class="">
  <div class="titlebox" id="">
  <div class="titlebox-title">
    <span class="widget"><a href="#" onclick="return rollup('TitleBox\x2D\x2D\x5FPublic\x5FBug\x5FDisplay\x5Fhtml\x2D\x2D\x2D\x2D\x2D\x2DUmVwb3J0IGluZm9ybWF0aW9u\x2D\x2D\x2D0');" title="Toggle visibility"></a></span>
    <span class="left">Report information</span>
    <span class="right-empty">		    </span>
  </div>
  <div class="titlebox-content " id="TitleBox--_Public_Bug_Display_html------UmVwb3J0IGluZm9ybWF0aW9u---0">


<table width="100%" class="ticket-summary">
<tr>
  <td valign="top" class="boxcontainer">
    <div class="ticket-info-basics">
  <div class="titlebox ticket-info-basics " id="">
  <div class="titlebox-title">
    <span class="widget"><a href="#" onclick="return rollup('TitleBox\x2D\x2D\x5FPublic\x5FBug\x5FDisplay\x5Fhtml\x2D\x2Dticket\x2Dinfo\x2Dbasics\x2D\x2D\x2D\x2DVGhlIEJhc2ljcw\x5F\x5F\x2D\x2D\x2D0');" title="Toggle visibility"></a></span>
    <span class="left">The Basics</span>
    <span class="right-empty">		    </span>
  </div>
  <div class="titlebox-content " id="TitleBox--_Public_Bug_Display_html--ticket-info-basics----VGhlIEJhc2ljcw__---0">


        <table>
  <tr class="id">
    <td class="label">Id:</td>
    <td class="value">89672</td>
  </tr>
  <tr class="status">
    <td class="label">Status:</td>
    <td class="value">resolved</td>
  </tr>
  <tr class="priority">
    <td class="label">Priority:</td>
    <td class="value">0/
</td>
  </tr>
  <tr class="queue">
    <td class="label">Queue:</td>
    <td class="value"><a href="/Public/Dist/Test-RedisServer/Active/">Test-RedisServer</a>
</td>
  </tr>
</table>

        <hr class="clear" />
  </div>
</div>




</div>


    <div class="ticket-info-people">
  <div class="titlebox ticket-info-people " id="">
  <div class="titlebox-title">
    <span class="widget"><a href="#" onclick="return rollup('TitleBox\x2D\x2D\x5FPublic\x5FBug\x5FDisplay\x5Fhtml\x2D\x2Dticket\x2Dinfo\x2Dpeople\x2D\x2D\x2D\x2DUGVvcGxl\x2D\x2D\x2D0');" title="Toggle visibility"></a></span>
    <span class="left">People</span>
    <span class="right-empty">		    </span>
  </div>
  <div class="titlebox-content " id="TitleBox--_Public_Bug_Display_html--ticket-info-people----UGVvcGxl---0">


        <table>
  <tr>
    <td class="label">Owner:</td>
    <td class="value">Nobody in particular
    
    </td>
  </tr>
  <tr>
    <td class="labeltop">Requestors:</td>
    <td class="value">
vitaliy.tokarev [...] gmail.com

<br />

</td>
  </tr>
  <tr>
    <td class="labeltop">Cc:</td>
    <td class="value">

</td>
  </tr>
  <tr>
    <td class="labeltop">AdminCc:</td>
    <td class="value">

</td>
  </tr>
</table>

        <hr class="clear" />
  </div>
</div>




</div>



  </td>
  <td valign="top" class="boxcontainer">
    
    <div class="ticket-info-cfs">
  <div class="titlebox ticket-info-cfs " id="">
  <div class="titlebox-title">
    <span class="widget"><a href="#" onclick="return rollup('TitleBox\x2D\x2D\x5FPublic\x5FBug\x5FDisplay\x5Fhtml\x2D\x2Dticket\x2Dinfo\x2Dcfs\x2D\x2D\x2D\x2DQnVnIEluZm9ybWF0aW9u\x2D\x2D\x2D0');" title="Toggle visibility"></a></span>
    <span class="left">Bug Information</span>
    <span class="right-empty">		    </span>
  </div>
  <div class="titlebox-content " id="TitleBox--_Public_Bug_Display_html--ticket-info-cfs----QnVnIEluZm9ybWF0aW9u---0">

 
        <table>
  <tr id="CF-1-ShowRow">
    <td class="label">Severity:</td>
    <td class="value">
Normal    </td>
  </tr>
  <tr id="CF-245022-ShowRow">
    <td class="label">Broken in:</td>
    <td class="value">
0.13    </td>
  </tr>
  <tr id="CF-245023-ShowRow">
    <td class="label">Fixed in:</td>
    <td class="value">
<i>(no value)</i>
    </td>
  </tr>
</table>


        <hr class="clear" />
  </div>
</div>




</div>


    
</div>




</div>







  </td>
</tr>
</table>

    <hr class="clear" />
  </div>
</div>




</div>


<br />


<div class="history">
<div class="titlebox" id="">
  <div class="titlebox-title">
    <span class="widget"><a href="#" onclick="return rollup('TitleBox\x2D\x2D\x5FPublic\x5FBug\x5FDisplay\x5Fhtml\x2D\x2D\x2D\x2D\x2D\x2DSGlzdG9yeQ\x5F\x5F\x2D\x2D\x2D0');" title="Toggle visibility"></a></span>
    <span class="left">History</span>
    <span class="right">		<a href="#" data-direction="open" onclick="return toggle_all_folds(this, 'Show\x20all\x20quoted\x20text', 'Hide\x20all\x20quoted\x20text');">Show all quoted text</a>    </span>
  </div>
  <div class="titlebox-content " id="TitleBox--_Public_Bug_Display_html------SGlzdG9yeQ__---0">


<div id="ticket-history">
<div class="ticket-transaction message Create odd">
<div class="ticket-transaction">
  <div class="metadata">
    <span class="type">
      &nbsp;      
    </span>
    <span class="date">Tue&nbsp;Oct&nbsp;22&nbsp;03:27:49&nbsp;2013</span>
    <span class="description">vitaliy.tokarev [...] gmail.com -  Ticket created</span>
    <span class="time-taken"></span>    <span class="actions hidden"></span>
  </div>
    <div class="content">
      
<table>
  <tr>
    <td align="right" class="message-header-key">Subject:</td>
    <td class="message-header-value"> Path::Class is missing in test requires</td>
  </tr>
</table>
<div class="messageattachments">

<div class="messagebody">
<div class="message-stanza plain-text-white-space">Please add Path::Class to test_requires in Makefile.PL
Patch is in attachment.

cpan[2]&gt; install Test::RedisServer
Running install for module &#39;Test::RedisServer&#39;
Running make for T/TY/TYPESTER/Test-RedisServer-0.13.tar.gz
Checksum for /home/tvv/.staticperl-5.18.1/cpan/sources/authors/id/T/TY/TYPESTER/Test-RedisServer-0.13.tar.gz ok
Scanning cache /home/tvv/.staticperl-5.18.1/cpan/build for sizes
............................................................................DONE

  CPAN.pm: Building T/TY/TYPESTER/Test-RedisServer-0.13.tar.gz

Subroutine readme_from redefined at inc/Module/Install/ReadmeFromPod.pm line 11.
Subroutine _readme_txt redefined at inc/Module/Install/ReadmeFromPod.pm line 64.
Subroutine _readme_htm redefined at inc/Module/Install/ReadmeFromPod.pm line 77.
Subroutine _readme_man redefined at inc/Module/Install/ReadmeFromPod.pm line 96.
Subroutine _readme_pdf redefined at inc/Module/Install/ReadmeFromPod.pm line 106.
Subroutine _all_from redefined at inc/Module/Install/ReadmeFromPod.pm line 122.
Cannot determine perl version info from lib/Test/RedisServer.pm
Checking if your kit is complete...
Looks good
Generating a GNU-style Makefile
Writing Makefile for Test::RedisServer
Writing MYMETA.yml and MYMETA.json
cp lib/Test/RedisServer.pm blib/lib/Test/RedisServer.pm
  TYPESTER/Test-RedisServer-0.13.tar.gz
  /usr/bin/make -- OK
&#39;YAML&#39; not installed, will not store persistent state
Running make test
PERL_DL_NONLAZY=1 /home/tvv/.staticperl-5.18.1/perl/bin/perl &#34;-MExtUtils::Command::MM&#34; &#34;-MTest::Harness&#34; &#34;-e&#34; &#34;undef *Test::Harness::Switches; test_harness&#40;0, &#39;inc&#39;, &#39;blib/lib&#39;, &#39;blib/arch&#39;&#41;&#34; t/*.t
t/basic.t ......... Subroutine Mouse::Util::install_subroutines redefined at /home/tvv/.staticperl-5.18.1/perl/lib/Mouse.pm line 66.
t/basic.t ......... ok
t/manual_start.t .. Subroutine Mouse::Util::install_subroutines redefined at /home/tvv/.staticperl-5.18.1/perl/lib/Mouse.pm line 66.
t/manual_start.t .. ok
t/no_server.t ..... Subroutine Mouse::Util::install_subroutines redefined at /home/tvv/.staticperl-5.18.1/perl/lib/Mouse.pm line 66.
t/no_server.t ..... ok
t/tmp_dir.t ....... Can&#39;t locate Path/Class.pm in @INC &#40;you may need to install the Path::Class module&#41; &#40;@INC contains: /home/tvv/.staticperl-5.18.1/cpan/build/Test-RedisServer-0.13-q49yCR/inc /home/tvv/.staticperl-5.18.1/cpan/build/Test-
BEGIN failed--compilation aborted at t/tmp_dir.t line 4.
t/tmp_dir.t ....... Dubious, test returned 2 &#40;wstat 512, 0x200&#41;
No subtests run
t/unknown_conf.t .. Subroutine Mouse::Util::install_subroutines redefined at /home/tvv/.staticperl-5.18.1/perl/lib/Mouse.pm line 66.
t/unknown_conf.t .. ok
t/wait.t .......... Subroutine Mouse::Util::install_subroutines redefined at /home/tvv/.staticperl-5.18.1/perl/lib/Mouse.pm line 66.
t/wait.t .......... ok

Test Summary Report
-------------------
t/tmp_dir.t     &#40;Wstat: 512 Tests: 0 Failed: 0&#41;
  Non-zero exit status: 2
  Parse errors: No plan found in TAP output
Files=6, Tests=21,  4 wallclock secs &#40; 0.03 usr  0.00 sys +  0.40 cusr  0.09 csys =  0.52 CPU&#41;
Result: FAIL
Failed 1/6 test programs. 0/21 subtests failed.
make: *** [test_dynamic] Error 255
  TYPESTER/Test-RedisServer-0.13.tar.gz
  /usr/bin/make test -- NOT OK
//hint// to see the cpan-testers results for installing this module, try:
  reports TYPESTER/Test-RedisServer-0.13.tar.gz
Running make install
  make test had returned bad status, won&#39;t install without force
Failed during this command:
 TYPESTER/Test-RedisServer-0.13.tar.gz        : make_test NO


Thanks.
</div></div>
<table>
  <tr>
    <td align="right" class="message-header-key">Subject:</td>
    <td class="message-header-value"> Test_RedisServer_01.diff</td>
  </tr>
</table>

<div class="messagebody">
<div class="message-stanza plain-text-white-space">--- Makefile.PL.orig	2013-10-22 11:24:46.069002911 +0400
+++ Makefile.PL	2013-10-22 11:25:07.332199291 +0400
@@ -36,6 +36,7 @@
 test_requires &#39;Redis&#39; =&gt; &#39;1.925&#39;; # unix socket supported version
 test_requires &#39;Test::More&#39; =&gt; &#39;0.86&#39;;
 test_requires &#39;Test::TCP&#39;  =&gt; &#39;1.17&#39;;
+test_requires &#39;Path::Class&#39; =&gt; &#39;0.32&#39;;
 
 requires &#39;perl&#39;       =&gt; &#39;5.008001&#39;;
 requires &#39;File::Temp&#39; =&gt; &#39;0.19&#39;; # newdir
</div></div>
</div>
    </div>
</div>
</div>
<div class="ticket-transaction message Correspond even">
<div class="ticket-transaction">
  <div class="metadata">
    <span class="type">
      &nbsp;      
    </span>
    <span class="date">Tue&nbsp;Oct&nbsp;22&nbsp;23:59:38&nbsp;2013</span>
    <span class="description">typester [...] gmail.com -  Correspondence added</span>
    <span class="time-taken"></span>    <span class="actions hidden"></span>
  </div>
    <div class="content">
      

<div class="messagebody">
<div class="message-stanza plain-text-white-space">I fixed this issue and uploaded to CPAN as 0.14.

Thanks!

On Tue Oct 22 03:27:49 2013, gh0stwizard wrote:
<span
    class="message-stanza-folder closed"
    onclick="fold_message_stanza(this, 'Show\x20quoted\x20text', 'Hide\x20quoted\x20text');">Show quoted text</span><br /><div class="message-stanza closed">&gt; Please add Path::Class to test_requires in Makefile.PL
&gt; Patch is in attachment.
&gt; 
&gt; cpan[2]&gt; install Test::RedisServer
&gt; Running install for module &#39;Test::RedisServer&#39;
&gt; Running make for T/TY/TYPESTER/Test-RedisServer-0.13.tar.gz
&gt; Checksum for /home/tvv/.staticperl-
&gt; 5.18.1/cpan/sources/authors/id/T/TY/TYPESTER/Test-RedisServer-
&gt; 0.13.tar.gz ok
&gt; Scanning cache /home/tvv/.staticperl-5.18.1/cpan/build for sizes
&gt; ............................................................................DONE
&gt; 
&gt; CPAN.pm: Building T/TY/TYPESTER/Test-RedisServer-0.13.tar.gz
&gt; 
&gt; Subroutine readme_from redefined at
&gt; inc/Module/Install/ReadmeFromPod.pm line 11.
&gt; Subroutine _readme_txt redefined at
&gt; inc/Module/Install/ReadmeFromPod.pm line 64.
&gt; Subroutine _readme_htm redefined at
&gt; inc/Module/Install/ReadmeFromPod.pm line 77.
&gt; Subroutine _readme_man redefined at
&gt; inc/Module/Install/ReadmeFromPod.pm line 96.
&gt; Subroutine _readme_pdf redefined at
&gt; inc/Module/Install/ReadmeFromPod.pm line 106.
&gt; Subroutine _all_from redefined at inc/Module/Install/ReadmeFromPod.pm
&gt; line 122.
&gt; Cannot determine perl version info from lib/Test/RedisServer.pm
&gt; Checking if your kit is complete...
&gt; Looks good
&gt; Generating a GNU-style Makefile
&gt; Writing Makefile for Test::RedisServer
&gt; Writing MYMETA.yml and MYMETA.json
&gt; cp lib/Test/RedisServer.pm blib/lib/Test/RedisServer.pm
&gt;   TYPESTER/Test-RedisServer-0.13.tar.gz
&gt;   /usr/bin/make -- OK
&gt; &#39;YAML&#39; not installed, will not store persistent state
&gt; Running make test
&gt; PERL_DL_NONLAZY=1 /home/tvv/.staticperl-5.18.1/perl/bin/perl &#34;-
&gt; MExtUtils::Command::MM&#34; &#34;-MTest::Harness&#34; &#34;-e&#34; &#34;undef
&gt; *Test::Harness::Switches; test_harness&#40;0, &#39;inc&#39;, &#39;blib/lib&#39;,
&gt; &#39;blib/arch&#39;&#41;&#34; t/*.t
&gt; t/basic.t ......... Subroutine Mouse::Util::install_subroutines
&gt; redefined at /home/tvv/.staticperl-5.18.1/perl/lib/Mouse.pm line 66.
&gt; t/basic.t ......... ok
&gt; t/manual_start.t .. Subroutine Mouse::Util::install_subroutines
&gt; redefined at /home/tvv/.staticperl-5.18.1/perl/lib/Mouse.pm line 66.
&gt; t/manual_start.t .. ok
&gt; t/no_server.t ..... Subroutine Mouse::Util::install_subroutines
&gt; redefined at /home/tvv/.staticperl-5.18.1/perl/lib/Mouse.pm line 66.
&gt; t/no_server.t ..... ok
&gt; t/tmp_dir.t ....... Can&#39;t locate Path/Class.pm in @INC &#40;you may need
&gt; to install the Path::Class module&#41; &#40;@INC contains:
&gt; /home/tvv/.staticperl-5.18.1/cpan/build/Test-RedisServer-0.13-
&gt; q49yCR/inc /home/tvv/.staticperl-5.18.1/cpan/build/Test-
&gt; BEGIN failed--compilation aborted at t/tmp_dir.t line 4.
&gt; t/tmp_dir.t ....... Dubious, test returned 2 &#40;wstat 512, 0x200&#41;
&gt; No subtests run
&gt; t/unknown_conf.t .. Subroutine Mouse::Util::install_subroutines
&gt; redefined at /home/tvv/.staticperl-5.18.1/perl/lib/Mouse.pm line 66.
&gt; t/unknown_conf.t .. ok
&gt; t/wait.t .......... Subroutine Mouse::Util::install_subroutines
&gt; redefined at /home/tvv/.staticperl-5.18.1/perl/lib/Mouse.pm line 66.
&gt; t/wait.t .......... ok
&gt; 
&gt; Test Summary Report
&gt; -------------------
&gt; t/tmp_dir.t     &#40;Wstat: 512 Tests: 0 Failed: 0&#41;
&gt;   Non-zero exit status: 2
&gt;   Parse errors: No plan found in TAP output
&gt; Files=6, Tests=21,  4 wallclock secs &#40; 0.03 usr  0.00 sys +  0.40 cusr
&gt; 0.09 csys =  0.52 CPU&#41;
&gt; Result: FAIL
&gt; Failed 1/6 test programs. 0/21 subtests failed.
&gt; make: *** [test_dynamic] Error 255
&gt;   TYPESTER/Test-RedisServer-0.13.tar.gz
&gt;   /usr/bin/make test -- NOT OK
&gt; //hint// to see the cpan-testers results for installing this module,
&gt; try:
&gt;   reports TYPESTER/Test-RedisServer-0.13.tar.gz
&gt; Running make install
&gt;   make test had returned bad status, won&#39;t install without force
&gt; Failed during this command:
&gt;  TYPESTER/Test-RedisServer-0.13.tar.gz        : make_test NO
&gt; 
&gt; 
&gt; Thanks.
</div></div></div>
    </div>
</div>
</div>
<div class="ticket-transaction basics Status odd">
<div class="ticket-transaction">
  <div class="metadata">
    <span class="type">
      &nbsp;      
    </span>
    <span class="date">Tue&nbsp;Oct&nbsp;22&nbsp;23:59:38&nbsp;2013</span>
    <span class="description">The RT System itself -  Status changed from &#39;new&#39; to &#39;open&#39;</span>
    <span class="time-taken"></span>    <span class="actions hidden"></span>
  </div>
    <div class="content">
    </div>
</div>
</div>
<div class="ticket-transaction basics Status even">
<div class="ticket-transaction">
  <div class="metadata">
    <span class="type">
      &nbsp;      
    </span>
    <span class="date">Tue&nbsp;Oct&nbsp;22&nbsp;23:59:39&nbsp;2013</span>
    <span class="description">typester [...] gmail.com -  Status changed from &#39;open&#39; to &#39;resolved&#39;</span>
    <span class="time-taken"></span>    <span class="actions hidden"></span>
  </div>
    <div class="content">
    </div>
</div>
</div>
</div>
    <hr class="clear" />
  </div>
</div>




</div>
 


  <hr class="clear" />
</div>
</body>
</html>
