PERL_DL_NONLAZY=1 /usr/bin/perl "-MExtUtils::Command::MM" "-e" "test_harness(0, 'blib/lib', 'blib/arch')" t/*.t
t/00-load...............Use of uninitialized value in hash element at /usr/lib/perl5/site_perl/5.8.5/Locale/SubCountry.pm line 439, <DATA> line 15048.
# Testing WWW::Myspace 0.65, Perl 5.008005, /usr/bin/perl
ok
t/01-login..............Use of uninitialized value in hash element at /usr/lib/perl5/site_perl/5.8.5/Locale/SubCountry.pm line 439, <DATA> line 15048.
# Account has 1 friends
Can't get friends from group due to change in myspace until method is updated. at /root/www-myspace/trunk/blib/lib/WWW/Myspace.pm line 2278.

#   Failed test 'last_login date is today'
#   at t/01-login.t line 154.
#     '1181084400'
#         >
#     '1181088805'
# Looks like you failed 1 test of 19.
dubious
	Test returned status 1 (wstat 256, 0x100)
DIED. FAILED test 19
	Failed 1/19 tests, 94.74% okay (less 1 skipped test: 17 okay, 89.47%)
t/02-dual...............Use of uninitialized value in hash element at /usr/lib/perl5/site_perl/5.8.5/Locale/SubCountry.pm line 439, <DATA> line 15048.
ok
t/03-delete.............Use of uninitialized value in hash element at /usr/lib/perl5/site_perl/5.8.5/Locale/SubCountry.pm line 439, <DATA> line 15048.
ok
t/04-approve............Use of uninitialized value in hash element at /usr/lib/perl5/site_perl/5.8.5/Locale/SubCountry.pm line 439, <DATA> line 15048.
Deleting acct2 as a friend
Sending friend request from acct2 to acct1
No Add to Friends button on form!
Approving friend request

#   Failed test 'Approve friends'
#   at t/04-approve.t line 50.
Checking for comment post using friendID 198453133 and ident wmyw47090wmyw

#   Failed test 'approve_friend_requests posted comment'
#   at t/04-approve.t line 70.
# Looks like you failed 2 tests of 2.
dubious
	Test returned status 2 (wstat 512, 0x200)
DIED. FAILED tests 1-2
	Failed 2/2 tests, 0.00% okay
t/05-message............Use of uninitialized value in hash element at /usr/lib/perl5/site_perl/5.8.5/Locale/SubCountry.pm line 439, <DATA> line 15048.
ok
        2/26 skipped: various reasons
t/06-comment............Use of uninitialized value in hash element at /usr/lib/perl5/site_perl/5.8.5/Locale/SubCountry.pm line 439, <DATA> line 15048.
Posting comment with ident wmyw37494wmyw

#   Failed test 'post_all posted comment'
#   at t/06-comment.t line 44.
# Looks like you failed 1 test of 1.
dubious
	Test returned status 1 (wstat 256, 0x100)
DIED. FAILED test 1
	Failed 1/1 tests, 0.00% okay
t/07-friend_adder.......Use of uninitialized value in hash element at /usr/lib/perl5/site_perl/5.8.5/Locale/SubCountry.pm line 439, <DATA> line 15048.
ok
t/08-cool_new_people....Use of uninitialized value in hash element at /usr/lib/perl5/site_perl/5.8.5/Locale/SubCountry.pm line 439, <DATA> line 15048.
ok
t/09-data...............Use of uninitialized value in hash element at /usr/lib/perl5/site_perl/5.8.5/Locale/SubCountry.pm line 439, <DATA> line 15048.
ok
        6/14 skipped: various reasons
t/10-mybase.............Use of uninitialized value in hash element at /usr/lib/perl5/site_perl/5.8.5/Locale/SubCountry.pm line 439, <DATA> line 15048.
ok
t/11-badlogin...........Use of uninitialized value in hash element at /usr/lib/perl5/site_perl/5.8.5/Locale/SubCountry.pm line 439, <DATA> line 15048.
Got "not logged in" page
Login Failed.  Got 'You Must Be Logged-In' page when logging in.
Check username and password.
ok
t/12-bulletin...........Use of uninitialized value in hash element at /usr/lib/perl5/site_perl/5.8.5/Locale/SubCountry.pm line 439, <DATA> line 15048.
ok
t/13-blog...............Use of uninitialized value in hash element at /usr/lib/perl5/site_perl/5.8.5/Locale/SubCountry.pm line 439, <DATA> line 15048.
ok
t/14-photos.............Use of uninitialized value in hash element at /usr/lib/perl5/site_perl/5.8.5/Locale/SubCountry.pm line 439, <DATA> line 15048.
ok
        1/3 skipped: various reasons
t/15-profile_views......Use of uninitialized value in hash element at /usr/lib/perl5/site_perl/5.8.5/Locale/SubCountry.pm line 439, <DATA> line 15048.
ok
t/16-myspace............Use of uninitialized value in hash element at /usr/lib/perl5/site_perl/5.8.5/Locale/SubCountry.pm line 439, <DATA> line 15048.
Use of uninitialized value in numeric eq (==) at t/16-myspace.t line 48, <DATA> line 22011.

#   Failed test 'correct friend_id returned'
#   at t/16-myspace.t line 48.
#          got: undef
#     expected: 78557157
# Looks like you failed 1 test of 14.
dubious
	Test returned status 1 (wstat 256, 0x100)
DIED. FAILED test 12
	Failed 1/14 tests, 92.86% okay
t/99-enduser............Use of uninitialized value in hash element at /usr/lib/perl5/site_perl/5.8.5/Locale/SubCountry.pm line 439, <DATA> line 15048.
# Running end-user tests without login
Insecure $ENV{BASH_ENV} while running with -T switch at t/99-enduser.t line 17.
# Looks like your test died before it could output anything.
dubious
	Test returned status 255 (wstat 65280, 0xff00)
t/boilerplate...........ok
t/perl_critic...........skipped
        all skipped: Test::Perl::Critic not installed
t/pod-coverage..........skipped
        all skipped: Test::Pod::Coverage 1.04 required for testing POD coverage
t/pod...................skipped
        all skipped: Test::Pod 1.14 required for testing POD
Failed Test    Stat Wstat Total Fail  List of Failed
-------------------------------------------------------------------------------
t/01-login.t      1   256    19    1  19
t/04-approve.t    2   512     2    2  1-2
t/06-comment.t    1   256     1    1  1
t/16-myspace.t    1   256    14    1  12
t/99-enduser.t  255 65280    ??   ??  ??
3 tests and 10 subtests skipped.
Failed 5/22 test scripts. 5/126 subtests failed.
Files=22, Tests=126, 960 wallclock secs (19.66 cusr +  1.17 csys = 20.83 CPU)
Failed 5/22 test programs. 5/126 subtests failed.
make: *** [test_dynamic] Error 255
