Started smoke at 1477295140
Smoking patch 875a57f183ac1c46e31889e2c32aa0b7cfb17043 v5.25.6-81-g875a57f
Smoking branch smoke-me/khw-locale
Stopped smoke at 1477295140
Started smoke at 1477295140

Configuration: -Dusedevel -Dcc="ccache gcc-6"
------------------------------------------------------------------------------

Compiler info: ccache gcc-6 version 6.1.1 20160802
TSTENV = stdio	u=6.36  s=6.05  cu=342.92  cs=151.46  scripts=2328  tests=955688
All tests successful.
Stopped smoke at 1477296040
Started smoke at 1477296040

Configuration: -Dusedevel -Dcc="ccache gcc-6" -DDEBUGGING
------------------------------------------------------------------------------

Compiler info: ccache gcc-6 version 6.1.1 20160802
TSTENV = stdio	u=7.29  s=5.35  cu=383.40  cs=114.51  scripts=2329  tests=955649
All tests successful.
Stopped smoke at 1477297005
Started smoke at 1477297005

Configuration: -Dusedevel -Dcc="ccache gcc-6" -Duselongdouble
------------------------------------------------------------------------------

Compiler info: ccache gcc-6 version 6.1.1 20160802
TSTENV = stdio	u=4.76  s=4.12  cu=279.69  cs=76.54  scripts=2328  tests=955768
All tests successful.
Stopped smoke at 1477297737
Started smoke at 1477297737

Configuration: -Dusedevel -Dcc="ccache gcc-6" -Duselongdouble -DDEBUGGING
------------------------------------------------------------------------------

Compiler info: ccache gcc-6 version 6.1.1 20160802
TSTENV = stdio	u=8.16  s=10.65  cu=434.35  cs=120.36  scripts=2329  tests=955674
All tests successful.
Stopped smoke at 1477298708
Started smoke at 1477298708

Configuration: -Dusedevel -Dcc="ccache gcc-6" -Dusequadmath
------------------------------------------------------------------------------

Compiler info: ccache gcc-6 version 6.1.1 20160802
TSTENV = stdio	u=5.96  s=10.22  cu=340.90  cs=111.96  scripts=2327  tests=955643

Inconsistent test results (between TEST and harness):
    ../t/dist/Carp/t/arg_string.t........... ......................................... FAILED at test 5

Stopped smoke at 1477299556
Started smoke at 1477299556

Configuration: -Dusedevel -Dcc="ccache gcc-6" -Dusequadmath -DDEBUGGING
------------------------------------------------------------------------------

Compiler info: ccache gcc-6 version 6.1.1 20160802
TSTENV = stdio	u=8.22  s=8.71  cu=433.00  cs=124.82  scripts=2328  tests=955699

Inconsistent test results (between TEST and harness):
    ../t/dist/Carp/t/arg_string.t........... ......................................... FAILED at test 5

Stopped smoke at 1477300583
Started smoke at 1477300583

Configuration: -Dusedevel -Dcc="ccache gcc-6" -Dusethreads
------------------------------------------------------------------------------

Compiler info: ccache gcc-6 version 6.1.1 20160802
TSTENV = stdio	u=6.44  s=10.66  cu=408.96  cs=119.82  scripts=2408  tests=966664
All tests successful.
Stopped smoke at 1477301636
Started smoke at 1477301636

Configuration: -Dusedevel -Dcc="ccache gcc-6" -Dusethreads -DDEBUGGING
------------------------------------------------------------------------------

Compiler info: ccache gcc-6 version 6.1.1 20160802
TSTENV = stdio	u=7.57  s=8.24  cu=486.29  cs=116.77  scripts=2409  tests=966683
All tests successful.
Stopped smoke at 1477302790
Started smoke at 1477302790

Configuration: -Dusedevel -Dcc="ccache gcc-6" -Dusethreads -Duselongdouble
------------------------------------------------------------------------------

Compiler info: ccache gcc-6 version 6.1.1 20160802
TSTENV = stdio	u=6.84  s=7.36  cu=416.25  cs=121.50  scripts=2408  tests=966710
All tests successful.
Stopped smoke at 1477303841
Started smoke at 1477303841

Configuration: -Dusedevel -Dcc="ccache gcc-6" -Dusethreads -Duselongdouble -DDEBUGGING
------------------------------------------------------------------------------

Compiler info: ccache gcc-6 version 6.1.1 20160802
TSTENV = stdio	u=8.26  s=8.15  cu=482.98  cs=112.82  scripts=2409  tests=966578
All tests successful.
Stopped smoke at 1477304977
Started smoke at 1477304977

Configuration: -Dusedevel -Dcc="ccache gcc-6" -Dusethreads -Dusequadmath
------------------------------------------------------------------------------

Compiler info: ccache gcc-6 version 6.1.1 20160802
TSTENV = stdio	u=5.85  s=9.58  cu=380.99  cs=90.97  scripts=2407  tests=966614

Inconsistent test results (between TEST and harness):
    ../t/dist/Carp/t/arg_string.t........... ......................................... FAILED at test 5

Stopped smoke at 1477305900
Started smoke at 1477305900

Configuration: -Dusedevel -Dcc="ccache gcc-6" -Dusethreads -Dusequadmath -DDEBUGGING
------------------------------------------------------------------------------

Compiler info: ccache gcc-6 version 6.1.1 20160802
TSTENV = stdio	u=7.59  s=11.15  cu=527.12  cs=135.59  scripts=2408  tests=966608

Inconsistent test results (between TEST and harness):
    ../t/dist/Carp/t/arg_string.t........... ......................................... FAILED at test 5

Stopped smoke at 1477307137
Finished smoking 875a57f183ac1c46e31889e2c32aa0b7cfb17043 v5.25.6-81-g875a57f smoke-me/khw-locale
