<!DOCTYPE html>

<html lang="en">
  <head>
    <title>Bug #8728 for Module-Build: Module::Build does not build on Win32 due to ExtUtils::ParseXS prerequisite</title>
    <meta http-equiv="X-UA-Compatible" content="IE=edge" />
    <!-- The X-UA-Compatible <meta> tag above must be very early in <head> -->

    <script>
if (window.top !== window.self) {
    document.write = "";

    window.top.location = window.self.location;

    setTimeout(function(){
        document.body.innerHTML = "";
    }, 1);

    window.self.onload = function(){
        document.body.innerHTML = "";
    };
}
</script>



<link rel="shortcut icon" href="/NoAuth/images/favicon.png" type="image/png" />
<link rel="stylesheet" href="/NoAuth/css/aileron-squished-00f758259152f8b6670ee485f462e6b8.css" type="text/css" media="all" />
<link rel="stylesheet" href="/NoAuth/css/print.css" type="text/css" media="print" />




<script type="text/javascript" src="/NoAuth/js/squished-42167f2409ce368da2d31038e5cb2a57.js"></script>

<script type="text/javascript"><!--
	jQuery( loadTitleBoxStates );

--></script>


<!--[if lt IE 8]>
<link rel="stylesheet" href="/NoAuth/css/aileron/msie.css" type="text/css" media="all" />
<![endif]-->
<!--[if lt IE 7]>
<link rel="stylesheet" href="/NoAuth/css/aileron/msie6.css" type="text/css" media="all" />
<![endif]-->
<script type="text/javascript">
jQuery(document).ready(function(){
    jQuery.fn.supersubs.defaults = {
        maxWidth: 30,
        extraWidth: 2
    };

    jQuery("#app-nav.toplevel").addClass('sf-menu sf-js-enabled sf-shadow').supersubs().superfish({ speed: 'fast' });
    jQuery("#page-menu.toplevel").addClass('sf-menu sf-js-enabled').supersubs().superfish({ dropShadows: false, speed: 'fast' }).supposition();
});
</script>


<!-- Site CSS from theme editor -->
<style type="text/css" media="all" id="sitecss">
</style>

<meta name="google-site-verification" content="kD3-uEJK1AkTqaC-rckcSt_HPkAj674DPPuEN6i-y0g" />

</head>
  <body class="aileron sidebyside" id="comp-Public-Bug-Display">

<div id="logo">
<a href="/"><img
    src="/NoAuth/images/cpan.png"
    alt="CPAN"
    width="181"
    height="38" /></a>
    <span class="rtname">RT for rt.cpan.org</span>
</div>


<div id="quickbar">
  <div id="quick-personal">
    <span class="hide"><a href="#skipnav">Skip Menu</a> | </span>
</div>

</div>
<div id="header"><h1>Bug #8728 for Module-Build: Module::Build does not build on Win32 due to ExtUtils::ParseXS prerequisite</h1></div>



<div id="page-navigation"><ul id="page-menu" class="toplevel">
 <li id="li-page-active_bugs"><a id="page-active_bugs" class="menu-item " href="/Public/Dist/Module-Build/Active/">Active bugs</a></li>
 <li id="li-page-resolved_bugs"><a id="page-resolved_bugs" class="menu-item " href="/Public/Dist/Module-Build/Resolved/">Resolved bugs</a></li>
 <li id="li-page-rejected_bugs"><a id="page-rejected_bugs" class="menu-item " href="/Public/Dist/Module-Build/Rejected/">Rejected bugs</a></li>
 <li id="li-page-report"><a id="page-report" class="menu-item " href="/Public/Dist/Module-Build/Active/"></a></li>
</ul></div>
<div id="topactions">



</div>
<div id="body">


<a name="skipnav" id="skipnav" accesskey="8"></a>





<p>This queue is for tickets about the <a href="https://metacpan.org/release/Module-Build">Module-Build CPAN distribution</a>.</p>





<div class="">
  <div class="titlebox" id="">
  <div class="titlebox-title">
    <span class="widget"><a href="#" onclick="return rollup('TitleBox\x2D\x2D\x5FPublic\x5FBug\x5FDisplay\x5Fhtml\x2D\x2D\x2D\x2D\x2D\x2DUmVwb3J0IGluZm9ybWF0aW9u\x2D\x2D\x2D0');" title="Toggle visibility"></a></span>
    <span class="left">Report information</span>
    <span class="right-empty">		    </span>
  </div>
  <div class="titlebox-content " id="TitleBox--_Public_Bug_Display_html------UmVwb3J0IGluZm9ybWF0aW9u---0">


<table width="100%" class="ticket-summary">
<tr>
  <td valign="top" class="boxcontainer">
    <div class="ticket-info-basics">
  <div class="titlebox ticket-info-basics " id="">
  <div class="titlebox-title">
    <span class="widget"><a href="#" onclick="return rollup('TitleBox\x2D\x2D\x5FPublic\x5FBug\x5FDisplay\x5Fhtml\x2D\x2Dticket\x2Dinfo\x2Dbasics\x2D\x2D\x2D\x2DVGhlIEJhc2ljcw\x5F\x5F\x2D\x2D\x2D0');" title="Toggle visibility"></a></span>
    <span class="left">The Basics</span>
    <span class="right-empty">		    </span>
  </div>
  <div class="titlebox-content " id="TitleBox--_Public_Bug_Display_html--ticket-info-basics----VGhlIEJhc2ljcw__---0">


        <table>
  <tr class="id">
    <td class="label">Id:</td>
    <td class="value">8728</td>
  </tr>
  <tr class="status">
    <td class="label">Status:</td>
    <td class="value">resolved</td>
  </tr>
  <tr class="priority">
    <td class="label">Priority:</td>
    <td class="value">0/
</td>
  </tr>
  <tr class="queue">
    <td class="label">Queue:</td>
    <td class="value"><a href="/Public/Dist/Module-Build/Active/">Module-Build</a>
</td>
  </tr>
</table>

        <hr class="clear" />
  </div>
</div>




</div>


    <div class="ticket-info-people">
  <div class="titlebox ticket-info-people " id="">
  <div class="titlebox-title">
    <span class="widget"><a href="#" onclick="return rollup('TitleBox\x2D\x2D\x5FPublic\x5FBug\x5FDisplay\x5Fhtml\x2D\x2Dticket\x2Dinfo\x2Dpeople\x2D\x2D\x2D\x2DUGVvcGxl\x2D\x2D\x2D0');" title="Toggle visibility"></a></span>
    <span class="left">People</span>
    <span class="right-empty">		    </span>
  </div>
  <div class="titlebox-content " id="TitleBox--_Public_Bug_Display_html--ticket-info-people----UGVvcGxl---0">


        <table>
  <tr>
    <td class="label">Owner:</td>
    <td class="value">Nobody in particular
    
    </td>
  </tr>
  <tr>
    <td class="labeltop">Requestors:</td>
    <td class="value">
corion [...] cpan.org

<br />

</td>
  </tr>
  <tr>
    <td class="labeltop">Cc:</td>
    <td class="value">

</td>
  </tr>
  <tr>
    <td class="labeltop">AdminCc:</td>
    <td class="value">

</td>
  </tr>
</table>

        <hr class="clear" />
  </div>
</div>




</div>



  </td>
  <td valign="top" class="boxcontainer">
    
    <div class="ticket-info-cfs">
  <div class="titlebox ticket-info-cfs " id="">
  <div class="titlebox-title">
    <span class="widget"><a href="#" onclick="return rollup('TitleBox\x2D\x2D\x5FPublic\x5FBug\x5FDisplay\x5Fhtml\x2D\x2Dticket\x2Dinfo\x2Dcfs\x2D\x2D\x2D\x2DQnVnIEluZm9ybWF0aW9u\x2D\x2D\x2D0');" title="Toggle visibility"></a></span>
    <span class="left">Bug Information</span>
    <span class="right-empty">		    </span>
  </div>
  <div class="titlebox-content " id="TitleBox--_Public_Bug_Display_html--ticket-info-cfs----QnVnIEluZm9ybWF0aW9u---0">

 
        <table>
  <tr id="CF-1-ShowRow">
    <td class="label">Severity:</td>
    <td class="value">
Important    </td>
  </tr>
  <tr id="CF-21558-ShowRow">
    <td class="label">Broken in:</td>
    <td class="value">
<i>(no value)</i>
    </td>
  </tr>
  <tr id="CF-21559-ShowRow">
    <td class="label">Fixed in:</td>
    <td class="value">
<i>(no value)</i>
    </td>
  </tr>
</table>


        <hr class="clear" />
  </div>
</div>




</div>


    




  </td>
</tr>
</table>

    <hr class="clear" />
  </div>
</div>




</div>


<br />


<div class="history">
<div class="titlebox" id="">
  <div class="titlebox-title">
    <span class="widget"><a href="#" onclick="return rollup('TitleBox\x2D\x2D\x5FPublic\x5FBug\x5FDisplay\x5Fhtml\x2D\x2D\x2D\x2D\x2D\x2DSGlzdG9yeQ\x5F\x5F\x2D\x2D\x2D0');" title="Toggle visibility"></a></span>
    <span class="left">History</span>
    <span class="right">		<a href="#" data-direction="open" onclick="return toggle_all_folds(this, 'Show\x20all\x20quoted\x20text', 'Hide\x20all\x20quoted\x20text');">Show all quoted text</a>    </span>
  </div>
  <div class="titlebox-content " id="TitleBox--_Public_Bug_Display_html------SGlzdG9yeQ__---0">


<div id="ticket-history">
<div class="ticket-transaction message Create odd">
<div class="ticket-transaction">
  <div class="metadata">
    <span class="type">
      &nbsp;      
    </span>
    <span class="date">Fri&nbsp;Dec&nbsp;03&nbsp;09:50:29&nbsp;2004</span>
    <span class="description">corion [...] cpan.org -  Ticket created</span>
    <span class="time-taken"></span>    <span class="actions hidden"></span>
  </div>
    <div class="content">
      
<table>
  <tr>
    <td align="right" class="message-header-key">Subject:</td>
    <td class="message-header-value"> Module::Build does not build on Win32 due to ExtUtils::ParseXS
 prerequisite</td>
  </tr>
</table>

<div class="messagebody">
<div class="message-stanza plain-text-white-space">In addition of cpansmoke / CPANPLUS trying to install the optional ExtUtils::ParseXS &#40;and failing if no C compiler is available&#41;, the tests in Module::Build also do seem to require ExtUtils::ParseXS:

C:\.cpan\5.8.5\build\Module-Build-0.2605&gt;perl Build.PL
Checking whether your kit is complete...
Looks good
 * Optional prerequisite ExtUtils::ParseXS isn&#39;t installed
ERRORS/WARNINGS FOUND IN PREREQUISITES.  You may wish to install the versions
 of the modules indicated above before proceeding with this installation.

Feature &#39;YAML_support&#39; enabled.

Deleting Build
Removed previous script &#39;Build&#39;
Creating new &#39;Build&#39; script for &#39;Module-Build&#39; version &#39;0.2605&#39;

C:\.cpan\5.8.5\build\Module-Build-0.2605&gt;perl -w Build test
Writing config notes to blib\lib\Module\Build\ConfigData.pm
t\basic.........ok
t\compat........ok
t\ext...........ok
t\extend........ok
t\files.........ok
t\install.......ok
t\manifypods....ok
t\notes.........ok
t\pod_parser....ok
t\runthrough....ok
t\signature.....skipped
        all skipped: Skipping unless $ENV{TEST_SIGNATURE} is true
t\versions......ok
t\xs............ok 6/12Can&#39;t locate loadable object for module XSTest in @INC &#40;@INC contains: C:\.cp
an\5.8.5\build\Module-Build-0.2605\t\XSTest\blib\lib C:\.cpan\5.8.5\build\Module-Build-0.2605\t\XSTe
st\blib\arch C:\.cpan\5.8.5\build\Module-Build-0.2605\blib\lib C:\.cpan\5.8.5\build\Module-Build-0.2
605\blib\arch C:\.cpan\5.8.5\build\Module-Build-0.2605\lib C:\perl\5.8.5\lib C:\perl\site\5.8.5\lib
C:\.cpan\5.8.5\build\Module-Build-0.2605 c:/perl/5.8.5/lib c:/perl/site/5.8.5/lib . c:/perl/5.8.5/li
b c:/perl/site/5.8.5/lib .&#41; at test.pl line 11
Compilation failed in require at test.pl line 11.
BEGIN failed--compilation aborted at test.pl line 11.
# Test 7 got: &#34;Failed 1/1 test scripts, 0.00% okay. 3/3 subtests failed, 0.00% okay.\n&#34; &#40;t\xs.t at l
ine 44&#41;
t\xs............NOK 7#   Expected: &#34;&#34;
#  t\xs.t line 44 is: ok $@, &#39;&#39;;
t\xs............FAILED test 7
        Failed 1/12 tests, 91.67% okay &#40;less 2 skipped tests: 9 okay, 75.00%&#41;
Failed Test Stat Wstat Total Fail  Failed  List of Failed
-------------------------------------------------------------------------------
t\xs.t                    12    1   8.33%  7
1 test and 2 subtests skipped.
Failed 1/13 test scripts, 92.31% okay. 1/312 subtests failed, 99.68% okay.

The whole install process &#40;using the already installed Module::Build 0.2605&#41; does nowhere mention ExtUtils::ParseXS as mandatory, but cpanplus resp. cpansmoke seem to think it&#39;s mandatory.

If ExtUtils::ParseXS is mandatory, then I call that a very bad design choice, as it seems to rely on the availablility of a C compiler &#40;plus toolsuite&#41;, which will rule out using Module::Build on systems without such, like Windows in its default configuration.

If the prerequisite was an oversight, consider this as a heads up.

Have fun,
-max
</div></div>
    </div>
</div>
</div>
<div class="ticket-transaction message Correspond even">
<div class="ticket-transaction">
  <div class="metadata">
    <span class="type">
      &nbsp;      
    </span>
    <span class="date">Fri&nbsp;Dec&nbsp;03&nbsp;20:16:03&nbsp;2004</span>
    <span class="description">ken [...] mathforum.org -  Correspondence added</span>
    <span class="time-taken"></span>    <span class="actions hidden"></span>
  </div>
    <div class="content">
      
<table>
  <tr>
    <td align="right" class="message-header-key">Date:</td>
    <td class="message-header-value"> Fri, 3 Dec 2004 19:15:52 -0600</td>
  </tr>
  <tr>
    <td align="right" class="message-header-key">From:</td>
    <td class="message-header-value"> &#34;Ken Williams&#34; &lt;ken [...] mathforum.org&gt;</td>
  </tr>
  <tr>
    <td align="right" class="message-header-key">To:</td>
    <td class="message-header-value"> bug-Module-Build [...] rt.cpan.org</td>
  </tr>
  <tr>
    <td align="right" class="message-header-key">Subject:</td>
    <td class="message-header-value"> Re: [cpan #8728] Module::Build does not build on Win32 due to ExtUtils::ParseXS prerequisite </td>
  </tr>
  <tr>
    <td align="right" class="message-header-key">RT-Send-Cc:</td>
    <td class="message-header-value"> </td>
  </tr>
</table>

<div class="messagebody">
<div class="message-stanza plain-text-white-space">Hi Max,

If you look closely, the error during testing isn&#39;t due to  
ExtUtils::ParseXS being missing.  It&#39;s due to a failure to build the  
sample C/XS test module, &#34;XSTest&#34;.  ExtUtils::ParseXS is indeed an  
optional prerequisite, and the test failure is because of some bona  
fide bug or another in trying to function *without* ExtUtils::ParseXS.

In your case, it seems to have found a C compiler &#40;or else it would  
have skipped that test&#41;, but it can&#39;t get it to work properly.

  -Ken


On Dec 3, 2004, at 8:50 AM, via RT wrote:

<span
    class="message-stanza-folder closed"
    onclick="fold_message_stanza(this, 'Show\x20quoted\x20text', 'Hide\x20quoted\x20text');">Show quoted text</span><br /><div class="message-stanza closed">&gt;
&gt; This message about Module-Build was sent to you by CORION  
&gt; &lt;CORION@cpan.org&gt; via rt.cpan.org
&gt;
&gt; Full context and any attached attachments can be found at:
&gt; &lt;URL: <span class="clickylink"><a target="new" rel="nofollow" href="https://rt.cpan.org/Ticket/Display.html?id=8728">https://rt.cpan.org/Ticket/Display.html?id=8728</a></span> &gt;
&gt;
&gt; In addition of cpansmoke / CPANPLUS trying to install the optional  
&gt; ExtUtils::ParseXS &#40;and failing if no C compiler is available&#41;, the  
&gt; tests in Module::Build also do seem to require ExtUtils::ParseXS:
&gt;
&gt; C:\.cpan\5.8.5\build\Module-Build-0.2605&gt;perl Build.PL
&gt; Checking whether your kit is complete...
&gt; Looks good
&gt;  * Optional prerequisite ExtUtils::ParseXS isn&#39;t installed
&gt; ERRORS/WARNINGS FOUND IN PREREQUISITES.  You may wish to install the  
&gt; versions
&gt;  of the modules indicated above before proceeding with this  
&gt; installation.
&gt;
&gt; Feature &#39;YAML_support&#39; enabled.
&gt;
&gt; Deleting Build
&gt; Removed previous script &#39;Build&#39;
&gt; Creating new &#39;Build&#39; script for &#39;Module-Build&#39; version &#39;0.2605&#39;
&gt;
&gt; C:\.cpan\5.8.5\build\Module-Build-0.2605&gt;perl -w Build test
&gt; Writing config notes to blib\lib\Module\Build\ConfigData.pm
&gt; t\basic.........ok
&gt; t\compat........ok
&gt; t\ext...........ok
&gt; t\extend........ok
&gt; t\files.........ok
&gt; t\install.......ok
&gt; t\manifypods....ok
&gt; t\notes.........ok
&gt; t\pod_parser....ok
&gt; t\runthrough....ok
&gt; t\signature.....skipped
&gt;         all skipped: Skipping unless $ENV{TEST_SIGNATURE} is true
&gt; t\versions......ok
&gt; t\xs............ok 6/12Can&#39;t locate loadable object for module XSTest  
&gt; in @INC &#40;@INC contains: C:\.cp
&gt; an\5.8.5\build\Module-Build-0.2605\t\XSTest\blib\lib  
&gt; C:\.cpan\5.8.5\build\Module-Build-0.2605\t\XSTe
&gt; st\blib\arch C:\.cpan\5.8.5\build\Module-Build-0.2605\blib\lib  
&gt; C:\.cpan\5.8.5\build\Module-Build-0.2
&gt; 605\blib\arch C:\.cpan\5.8.5\build\Module-Build-0.2605\lib  
&gt; C:\perl\5.8.5\lib C:\perl\site\5.8.5\lib
&gt; C:\.cpan\5.8.5\build\Module-Build-0.2605 c:/perl/5.8.5/lib  
&gt; c:/perl/site/5.8.5/lib . c:/perl/5.8.5/li
&gt; b c:/perl/site/5.8.5/lib .&#41; at test.pl line 11
&gt; Compilation failed in require at test.pl line 11.
&gt; BEGIN failed--compilation aborted at test.pl line 11.
&gt; # Test 7 got: &#34;Failed 1/1 test scripts, 0.00% okay. 3/3 subtests  
&gt; failed, 0.00% okay.\n&#34; &#40;t\xs.t at l
&gt; ine 44&#41;
&gt; t\xs............NOK 7#   Expected: &#34;&#34;
&gt; #  t\xs.t line 44 is: ok $@, &#39;&#39;;
&gt; t\xs............FAILED test 7
&gt;         Failed 1/12 tests, 91.67% okay &#40;less 2 skipped tests: 9 okay,  
&gt; 75.00%&#41;
&gt; Failed Test Stat Wstat Total Fail  Failed  List of Failed
&gt; ----------------------------------------------------------------------- 
&gt; --------
&gt; t\xs.t                    12    1   8.33%  7
&gt; 1 test and 2 subtests skipped.
&gt; Failed 1/13 test scripts, 92.31% okay. 1/312 subtests failed, 99.68%  
&gt; okay.
&gt;
&gt; The whole install process &#40;using the already installed Module::Build  
&gt; 0.2605&#41; does nowhere mention ExtUtils::ParseXS as mandatory, but  
&gt; cpanplus resp. cpansmoke seem to think it&#39;s mandatory.
&gt;
&gt; If ExtUtils::ParseXS is mandatory, then I call that a very bad design  
&gt; choice, as it seems to rely on the availablility of a C compiler &#40;plus  
&gt; toolsuite&#41;, which will rule out using Module::Build on systems without  
&gt; such, like Windows in its default configuration.
&gt;
&gt; If the prerequisite was an oversight, consider this as a heads up.
&gt;
&gt; Have fun,
&gt; -max
</div></div></div>
    </div>
</div>
</div>
<div class="ticket-transaction message Correspond odd">
<div class="ticket-transaction">
  <div class="metadata">
    <span class="type">
      &nbsp;      
    </span>
    <span class="date">Sat&nbsp;Dec&nbsp;04&nbsp;16:10:45&nbsp;2004</span>
    <span class="description">corion [...] cpan.org -  Correspondence added</span>
    <span class="time-taken"></span>    <span class="actions hidden"></span>
  </div>
    <div class="content">
      

<div class="messagebody">
<div class="message-stanza plain-text-white-space"><span
    class="message-stanza-folder closed"
    onclick="fold_message_stanza(this, 'Show\x20quoted\x20text', 'Hide\x20quoted\x20text');">Show quoted text</span><br /><div class="message-stanza closed">&gt; If you look closely, the error during testing isn&#39;t due to  
&gt; ExtUtils::ParseXS being missing.  It&#39;s due to a failure to build the  
&gt; sample C/XS test module, &#34;XSTest&#34;.  ExtUtils::ParseXS is indeed an  
&gt; optional prerequisite, and the test failure is because of some bona  
&gt; fide bug or another in trying to function *without* ExtUtils::ParseXS.
&gt; 
&gt; In your case, it seems to have found a C compiler &#40;or else it would  
&gt; have skipped that test&#41;, but it can&#39;t get it to work properly.
</div>Ah, yes. cl.exe is in the path, but the INCLUDE and LIBrary environment
variables haven&#39;t been set up. So that test then fails, that explains it.

The test should maybe better check whether the C&lt;link&gt; worked instead of
generating the failure afterwards, but I don&#39;t know if the Module::Build
framework supports that - the test shouldn&#39;t proceed if one of the
previous build steps didn&#39;t fatally fail but still failed, I think.

Have fun,
-max
</div></div>
    </div>
</div>
</div>
<div class="ticket-transaction message Correspond even">
<div class="ticket-transaction">
  <div class="metadata">
    <span class="type">
      &nbsp;      
    </span>
    <span class="date">Wed&nbsp;Dec&nbsp;22&nbsp;21:50:05&nbsp;2004</span>
    <span class="description">kwilliams [...] cpan.org -  Correspondence added</span>
    <span class="time-taken"></span>    <span class="actions hidden"></span>
  </div>
    <div class="content">
      

<div class="messagebody">
<div class="message-stanza plain-text-white-space">[CORION - Sat Dec  4 16:10:45 2004]:
<span
    class="message-stanza-folder closed"
    onclick="fold_message_stanza(this, 'Show\x20quoted\x20text', 'Hide\x20quoted\x20text');">Show quoted text</span><br /><div class="message-stanza closed">&gt; The test should maybe better check whether the C&lt;link&gt; worked instead of
&gt; generating the failure afterwards, but I don&#39;t know if the Module::Build
&gt; framework supports that - the test shouldn&#39;t proceed if one of the
&gt; previous build steps didn&#39;t fatally fail but still failed, I think.
</div>
An update: for the next major release of Module::Build, we&#39;ll require ExtUtils::CBuilder for 
people who want to build &#38; install XS modules.  For people who don&#39;t need/want to build XS 
modules, or for people who don&#39;t have the capability to, it&#39;s not required.

Among other things, what this means is that in Module::Build we&#39;ll have a much better idea of 
whether the user can actually compile &#38; link C code to perl modules, and we won&#39;t need the 
guesswork.

 -Ken
</div></div>
    </div>
</div>
</div>
<div class="ticket-transaction basics Status odd">
<div class="ticket-transaction">
  <div class="metadata">
    <span class="type">
      &nbsp;      <a id="lasttrans" name="lasttrans"></a>
    </span>
    <span class="date">Wed&nbsp;Dec&nbsp;22&nbsp;21:50:06&nbsp;2004</span>
    <span class="description">kwilliams [...] cpan.org -  Status changed from &#39;new&#39; to &#39;resolved&#39;</span>
    <span class="time-taken"></span>    <span class="actions hidden"></span>
  </div>
    <div class="content">
    </div>
</div>
</div>
</div>
    <hr class="clear" />
  </div>
</div>




</div>
 


  <hr class="clear" />
</div>
</body>
</html>
