<!DOCTYPE html>

<html lang="en">
  <head>
    <title>Bug #7246 for DBD-SQLite: v 1.02 Continues to Fail to Compile on SuSE 9.1 64 bit</title>
    <meta http-equiv="X-UA-Compatible" content="IE=edge" />
    <!-- The X-UA-Compatible <meta> tag above must be very early in <head> -->

    <script>
if (window.top !== window.self) {
    document.write = "";

    window.top.location = window.self.location;

    setTimeout(function(){
        document.body.innerHTML = "";
    }, 1);

    window.self.onload = function(){
        document.body.innerHTML = "";
    };
}
</script>



<link rel="shortcut icon" href="/NoAuth/images/favicon.png" type="image/png" />
<link rel="stylesheet" href="/NoAuth/css/aileron-squished-00f758259152f8b6670ee485f462e6b8.css" type="text/css" media="all" />
<link rel="stylesheet" href="/NoAuth/css/print.css" type="text/css" media="print" />




<script type="text/javascript" src="/NoAuth/js/squished-42167f2409ce368da2d31038e5cb2a57.js"></script>

<script type="text/javascript"><!--
	jQuery( loadTitleBoxStates );

--></script>


<!--[if lt IE 8]>
<link rel="stylesheet" href="/NoAuth/css/aileron/msie.css" type="text/css" media="all" />
<![endif]-->
<!--[if lt IE 7]>
<link rel="stylesheet" href="/NoAuth/css/aileron/msie6.css" type="text/css" media="all" />
<![endif]-->
<script type="text/javascript">
jQuery(document).ready(function(){
    jQuery.fn.supersubs.defaults = {
        maxWidth: 30,
        extraWidth: 2
    };

    jQuery("#app-nav.toplevel").addClass('sf-menu sf-js-enabled sf-shadow').supersubs().superfish({ speed: 'fast' });
    jQuery("#page-menu.toplevel").addClass('sf-menu sf-js-enabled').supersubs().superfish({ dropShadows: false, speed: 'fast' }).supposition();
});
</script>


<!-- Site CSS from theme editor -->
<style type="text/css" media="all" id="sitecss">
</style>

<meta name="google-site-verification" content="kD3-uEJK1AkTqaC-rckcSt_HPkAj674DPPuEN6i-y0g" />

</head>
  <body class="aileron sidebyside" id="comp-Public-Bug-Display">

<div id="logo">
<a href="/"><img
    src="/NoAuth/images/cpan.png"
    alt="CPAN"
    width="181"
    height="38" /></a>
    <span class="rtname">RT for rt.cpan.org</span>
</div>


<div id="quickbar">
  <div id="quick-personal">
    <span class="hide"><a href="#skipnav">Skip Menu</a> | </span>
</div>

</div>
<div id="header"><h1>Bug #7246 for DBD-SQLite: v 1.02 Continues to Fail to Compile on SuSE 9.1 64 bit</h1></div>



<div id="page-navigation"><ul id="page-menu" class="toplevel">
 <li id="li-page-active_bugs"><a id="page-active_bugs" class="menu-item " href="/Public/Dist/DBD-SQLite/Active/">Active bugs</a></li>
 <li id="li-page-resolved_bugs"><a id="page-resolved_bugs" class="menu-item " href="/Public/Dist/DBD-SQLite/Resolved/">Resolved bugs</a></li>
 <li id="li-page-rejected_bugs"><a id="page-rejected_bugs" class="menu-item " href="/Public/Dist/DBD-SQLite/Rejected/">Rejected bugs</a></li>
 <li id="li-page-report"><a id="page-report" class="menu-item " href="/Public/Dist/DBD-SQLite/Active/"></a></li>
</ul></div>
<div id="topactions">



</div>
<div id="body">


<a name="skipnav" id="skipnav" accesskey="8"></a>





<p>This queue is for tickets about the <a href="https://metacpan.org/release/DBD-SQLite">DBD-SQLite CPAN distribution</a>.</p>





<div class="">
  <div class="titlebox" id="">
  <div class="titlebox-title">
    <span class="widget"><a href="#" onclick="return rollup('TitleBox\x2D\x2D\x5FPublic\x5FBug\x5FDisplay\x5Fhtml\x2D\x2D\x2D\x2D\x2D\x2DUmVwb3J0IGluZm9ybWF0aW9u\x2D\x2D\x2D0');" title="Toggle visibility"></a></span>
    <span class="left">Report information</span>
    <span class="right-empty">		    </span>
  </div>
  <div class="titlebox-content " id="TitleBox--_Public_Bug_Display_html------UmVwb3J0IGluZm9ybWF0aW9u---0">


<table width="100%" class="ticket-summary">
<tr>
  <td valign="top" class="boxcontainer">
    <div class="ticket-info-basics">
  <div class="titlebox ticket-info-basics " id="">
  <div class="titlebox-title">
    <span class="widget"><a href="#" onclick="return rollup('TitleBox\x2D\x2D\x5FPublic\x5FBug\x5FDisplay\x5Fhtml\x2D\x2Dticket\x2Dinfo\x2Dbasics\x2D\x2D\x2D\x2DVGhlIEJhc2ljcw\x5F\x5F\x2D\x2D\x2D0');" title="Toggle visibility"></a></span>
    <span class="left">The Basics</span>
    <span class="right-empty">		    </span>
  </div>
  <div class="titlebox-content " id="TitleBox--_Public_Bug_Display_html--ticket-info-basics----VGhlIEJhc2ljcw__---0">


        <table>
  <tr class="id">
    <td class="label">Id:</td>
    <td class="value">7246</td>
  </tr>
  <tr class="status">
    <td class="label">Status:</td>
    <td class="value">resolved</td>
  </tr>
  <tr class="priority">
    <td class="label">Priority:</td>
    <td class="value">0/
</td>
  </tr>
  <tr class="queue">
    <td class="label">Queue:</td>
    <td class="value"><a href="/Public/Dist/DBD-SQLite/Active/">DBD-SQLite</a>
</td>
  </tr>
</table>

        <hr class="clear" />
  </div>
</div>




</div>


    <div class="ticket-info-people">
  <div class="titlebox ticket-info-people " id="">
  <div class="titlebox-title">
    <span class="widget"><a href="#" onclick="return rollup('TitleBox\x2D\x2D\x5FPublic\x5FBug\x5FDisplay\x5Fhtml\x2D\x2Dticket\x2Dinfo\x2Dpeople\x2D\x2D\x2D\x2DUGVvcGxl\x2D\x2D\x2D0');" title="Toggle visibility"></a></span>
    <span class="left">People</span>
    <span class="right-empty">		    </span>
  </div>
  <div class="titlebox-content " id="TitleBox--_Public_Bug_Display_html--ticket-info-people----UGVvcGxl---0">


        <table>
  <tr>
    <td class="label">Owner:</td>
    <td class="value">Nobody in particular
    
    </td>
  </tr>
  <tr>
    <td class="labeltop">Requestors:</td>
    <td class="value">
helphand [...] pacbell.net

<br />

</td>
  </tr>
  <tr>
    <td class="labeltop">Cc:</td>
    <td class="value">

</td>
  </tr>
  <tr>
    <td class="labeltop">AdminCc:</td>
    <td class="value">

</td>
  </tr>
</table>

        <hr class="clear" />
  </div>
</div>




</div>



  </td>
  <td valign="top" class="boxcontainer">
    
    <div class="ticket-info-cfs">
  <div class="titlebox ticket-info-cfs " id="">
  <div class="titlebox-title">
    <span class="widget"><a href="#" onclick="return rollup('TitleBox\x2D\x2D\x5FPublic\x5FBug\x5FDisplay\x5Fhtml\x2D\x2Dticket\x2Dinfo\x2Dcfs\x2D\x2D\x2D\x2DQnVnIEluZm9ybWF0aW9u\x2D\x2D\x2D0');" title="Toggle visibility"></a></span>
    <span class="left">Bug Information</span>
    <span class="right-empty">		    </span>
  </div>
  <div class="titlebox-content " id="TitleBox--_Public_Bug_Display_html--ticket-info-cfs----QnVnIEluZm9ybWF0aW9u---0">

 
        <table>
  <tr id="CF-1-ShowRow">
    <td class="label">Severity:</td>
    <td class="value">
Normal    </td>
  </tr>
  <tr id="CF-10248-ShowRow">
    <td class="label">Broken in:</td>
    <td class="value">
1.02    </td>
  </tr>
  <tr id="CF-10249-ShowRow">
    <td class="label">Fixed in:</td>
    <td class="value">
<i>(no value)</i>
    </td>
  </tr>
</table>


        <hr class="clear" />
  </div>
</div>




</div>


    
</div>




</div>







  </td>
</tr>
</table>

    <hr class="clear" />
  </div>
</div>




</div>


<br />


<div class="history">
<div class="titlebox" id="">
  <div class="titlebox-title">
    <span class="widget"><a href="#" onclick="return rollup('TitleBox\x2D\x2D\x5FPublic\x5FBug\x5FDisplay\x5Fhtml\x2D\x2D\x2D\x2D\x2D\x2DSGlzdG9yeQ\x5F\x5F\x2D\x2D\x2D0');" title="Toggle visibility"></a></span>
    <span class="left">History</span>
    <span class="right">		<a href="#" data-direction="open" onclick="return toggle_all_folds(this, 'Show\x20all\x20quoted\x20text', 'Hide\x20all\x20quoted\x20text');">Show all quoted text</a>    </span>
  </div>
  <div class="titlebox-content " id="TitleBox--_Public_Bug_Display_html------SGlzdG9yeQ__---0">


<div id="ticket-history">
<div class="ticket-transaction message Create odd">
<div class="ticket-transaction">
  <div class="metadata">
    <span class="type">
      &nbsp;      
    </span>
    <span class="date">Tue&nbsp;Aug&nbsp;03&nbsp;21:07:40&nbsp;2004</span>
    <span class="description">Guest -  Ticket created</span>
    <span class="time-taken"></span>    <span class="actions hidden"></span>
  </div>
    <div class="content">
      
<table>
  <tr>
    <td align="right" class="message-header-key">Subject:</td>
    <td class="message-header-value"> v 1.02 Continues to Fail to Compile on SuSE 9.1 64 bit</td>
  </tr>
</table>

<div class="messagebody">
<div class="message-stanza plain-text-white-space">As previously report in bug 7192 for version 1.00, versions 1.01 and 1.02 continue to fail to compile on SuSE 9.1 64-bit.

I do not understand why bug 7192 was marked resolved. 

The pertinent errors are at the end of this display....

helphand@helphand:~/DBD-SQLite-1.02&gt; perl Makefile.PL

**** WARNING **** WARNING **** WARNING **** WARNING **** WARNING ****

Your version of DBD::SQLite currently installed &#40;0.31&#41; uses
the old sqlite database format. This version of DBD::SQLite will *NOT*
open these files, and installing this module may cause problems on your
system. If this is a live environment you should upgrade with caution.

To upgrade a database, download and install both sqlite 2.x and 3.x from
<span class="clickylink"><a target="new" rel="nofollow" href="http://www.sqlite.org/">http://www.sqlite.org/</a></span> and issue:

  sqlite OLD.DB .dump | sqlite3 NEW.DB

DBD::SQLite will NOT automatically upgrade a database for you, and using
this version against an old SQLite database WILL lead to database
corruption.

Continue? [N] Y
Checking if your kit is complete...
Looks good
Using DBI 1.41 &#40;for perl 5.008003 on x86_64-linux-thread-multi&#41; installed in /usr/lib/perl5/vendor_perl/5.8.3/x86_64-linux-thread-multi/auto/DBI
Writing Makefile for DBD::SQLite
helphand@helphand:~/DBD-SQLite-1.02&gt; make
cp getsqlite.pl blib/lib/DBD/getsqlite.pl
cp lib/DBD/SQLite.pm blib/lib/DBD/SQLite.pm
/usr/bin/perl -p -e &#34;s/~DRIVER~/SQLite/g&#34; /usr/lib/perl5/vendor_perl/5.8.3/x86_64-linux-thread-multi/auto/DBI/Driver.xst &gt; SQLite.xsi
/usr/bin/perl /usr/lib/perl5/5.8.3/ExtUtils/xsubpp  -typemap /usr/lib/perl5/5.8.3/ExtUtils/typemap  SQLite.xs &gt; SQLite.xsc &#38;&#38; mv SQLite.xsc SQLite.c
cc -c  -I/usr/lib/perl5/vendor_perl/5.8.3/x86_64-linux-thread-multi/auto/DBI -D_REENTRANT -D_GNU_SOURCE -DTHREADS_HAVE_PIDS -fno-strict-aliasing -D_LARGEFILE_SOURCE -D_FILE_OFFSET_BITS=64 -O2 -DNDEBUG=1 -DSQLITE_PTR_SZ=8   -DVERSION=\&#34;1.02\&#34; -DXS_VERSION=\&#34;1.02\&#34; -fPIC &#34;-I/usr/lib/perl5/5.8.3/x86_64-linux-thread-multi/CORE&#34;   SQLite.c
In file included from dbdimp.h:7,
                 from SQLiteXS.h:10,
                 from SQLite.xs:3:
sqliteInt.h:125: error: parse error before &#34;uptr&#34;
sqliteInt.h:125: warning: data definition has no type or storage class
SQLite.xsi: In function `XS_DBD__SQLite__db_last_insert_id&#39;:
SQLite.xsi:238: warning: passing arg 2 of `sqlite_db_last_insert_id&#39; from incompatible pointer type
make: *** [SQLite.o] Error 1
helphand@helphand:~/DBD-SQLite-1.02&gt;
</div></div>
    </div>
</div>
</div>
<div class="ticket-transaction message Correspond even">
<div class="ticket-transaction">
  <div class="metadata">
    <span class="type">
      &nbsp;      
    </span>
    <span class="date">Sun&nbsp;Aug&nbsp;08&nbsp;10:15:49&nbsp;2004</span>
    <span class="description">msergeant [...] cpan.org -  Correspondence added</span>
    <span class="time-taken"></span>    <span class="actions hidden"></span>
  </div>
    <div class="content">
      

<div class="messagebody">
<div class="message-stanza plain-text-white-space">Sorry, I closed it because I was having network problems while in Portland for OSCon and so 
probably hit the wrong button.

Do you have any idea how to fix this bug &#40;as I do not&#41;? I assume it&#39;s because your libraries 
have no knowledge of the uptr type. Perhaps on 64bit it&#39;s just ptr. Either way, I suspect this is 
a bug in sqlite itself, rather than this DBD.
</div></div>
    </div>
</div>
</div>
<div class="ticket-transaction message Correspond odd">
<div class="ticket-transaction">
  <div class="metadata">
    <span class="type">
      &nbsp;      
    </span>
    <span class="date">Sun&nbsp;Aug&nbsp;08&nbsp;11:09:18&nbsp;2004</span>
    <span class="description">Guest -  Correspondence added</span>
    <span class="time-taken"></span>    <span class="actions hidden"></span>
  </div>
    <div class="content">
      

<div class="messagebody">
<div class="message-stanza plain-text-white-space">[MSERGEANT - Sun Aug  8 10:15:49 2004]: 
 
<span
    class="message-stanza-folder closed"
    onclick="fold_message_stanza(this, 'Show\x20quoted\x20text', 'Hide\x20quoted\x20text');">Show quoted text</span><br /><div class="message-stanza closed">&gt; Do you have any idea how to fix this bug &#40;as I do not&#41;? I assume it&#39;s 
&gt; because your libraries 
&gt; have no knowledge of the uptr type. Perhaps on 64bit it&#39;s just ptr. 
&gt; Either way, I suspect this is 
&gt; a bug in sqlite itself, rather than this DBD. 
</div> 
 Matt, you are correct. The source packaged with DBD::SQLite and the 
curent tarball for SQLIte 3.03 all have a bug that prevents compiling 
on 64 bit. CVS has the fix, it compiles clean. 
 
 The bug fixes are <span class="clickylink"><a target="new" rel="nofollow" href="http://www.sqlite.org/cvstrac/chngview?cn=1868">http://www.sqlite.org/cvstrac/chngview?cn=1868</a></span> and 
<span class="clickylink"><a target="new" rel="nofollow" href="http://www.sqlite.org/cvstrac/chngview?cn=1875">http://www.sqlite.org/cvstrac/chngview?cn=1875</a></span> 
 
 I&#39;ll create my own tarball and hack getsqlite.pl to use it as a 
workaround.  
 
 Thanks for the follow-up. 
 
  Scott 
  
  
 
 
 
</div></div>
    </div>
</div>
</div>
<div class="ticket-transaction message Correspond even">
<div class="ticket-transaction">
  <div class="metadata">
    <span class="type">
      &nbsp;      
    </span>
    <span class="date">Sun&nbsp;Aug&nbsp;08&nbsp;15:26:33&nbsp;2004</span>
    <span class="description">Guest -  Correspondence added</span>
    <span class="time-taken"></span>    <span class="actions hidden"></span>
  </div>
    <div class="content">
      
<table>
  <tr>
    <td align="right" class="message-header-key">From:</td>
    <td class="message-header-value"> helphand [...] pacbell.net</td>
  </tr>
</table>
<div class="messageattachments">

<div class="messagebody">
<div class="message-stanza plain-text-white-space">[guest - Sun Aug  8 11:09:18 2004]: 
 
Well, lots of progress, but I&#39;m still hitting a wall. Using latest CVS 
for SQLite, I can get DBD::SQLite to compile clean &#40; I *did* have to 
update to DBI 1.43, version 1.42 caused the same compile error reported 
by a BSD user in the resolved bug reports&#41;. 
 
I cannot get it to pass make test, I get errors complaining about 
undefined symbol: sqlite3_bind_count &#40;see attached screen dump of the 
tests&#41;. 
 
I&#39;m stuck at this point, it&#39;s beyond my knowledge where to look next. 
Any suggestions? 
 
  Scott 
</div></div>

<div class="messagebody">
<div class="message-stanza plain-text-white-space">helphand:/home/helphand/DBD-SQLite-1.02 # make test
PERL_DL_NONLAZY=1 /usr/bin/perl &#34;-MExtUtils::Command::MM&#34; &#34;-e&#34; &#34;test_harness&#40;0, &#39;blib/lib&#39;, &#39;blib/arch&#39;&#41;&#34; t/*.t
t/00basic...............Can&#39;t load &#39;/home/helphand/DBD-SQLite-1.02/blib/arch/auto/DBD/SQLite/SQLite.so&#39; for module DBD::SQLite: /home/helphand/DBD-SQLite-1.02/blib/arch/auto/DBD/SQLite/SQLite.so: undefined symbol: sqlite3_bind_count at /usr/lib/perl5/5.8.3/x86_64-linux-thread-multi/DynaLoader.pm line 229.
 at t/00basic.t line 4
Compilation failed in require at t/00basic.t line 4.
BEGIN failed--compilation aborted at t/00basic.t line 4.
t/00basic...............NOK 1# Failed test 1 in t/00basic.t at line 3
#  t/00basic.t line 3 is: END { ok&#40;$loaded&#41; }
t/00basic...............dubious
        Test returned status 255 &#40;wstat 65280, 0xff00&#41;
Scalar found where operator expected at &#40;eval 155&#41; line 1, near &#34;&#39;int&#39;  $__val&#34;
        &#40;Missing operator before   $__val?&#41;
DIED. FAILED test 1
        Failed 1/1 tests, 0.00% okay
t/01logon...............install_driver&#40;SQLite&#41; failed: Can&#39;t load &#39;/home/helphand/DBD-SQLite-1.02/blib/arch/auto/DBD/SQLite/SQLite.so&#39; for module DBD::SQLite: /home/helphand/DBD-SQLite-1.02/blib/arch/auto/DBD/SQLite/SQLite.so: undefined symbol: sqlite3_bind_count at /usr/lib/perl5/5.8.3/x86_64-linux-thread-multi/DynaLoader.pm line 229.
 at &#40;eval 1&#41; line 3
Compilation failed in require at &#40;eval 1&#41; line 3.
Perhaps a required shared library or dll isn&#39;t installed where expected
 at t/01logon.t line 4
t/01logon...............dubious
        Test returned status 255 &#40;wstat 65280, 0xff00&#41;
DIED. FAILED tests 1-2
        Failed 2/2 tests, 0.00% okay
t/02cr_table............install_driver&#40;SQLite&#41; failed: Can&#39;t load &#39;/home/helphand/DBD-SQLite-1.02/blib/arch/auto/DBD/SQLite/SQLite.so&#39; for module DBD::SQLite: /home/helphand/DBD-SQLite-1.02/blib/arch/auto/DBD/SQLite/SQLite.so: undefined symbol: sqlite3_bind_count at /usr/lib/perl5/5.8.3/x86_64-linux-thread-multi/DynaLoader.pm line 229.
 at &#40;eval 1&#41; line 3
Compilation failed in require at &#40;eval 1&#41; line 3.
Perhaps a required shared library or dll isn&#39;t installed where expected
 at t/02cr_table.t line 6
t/02cr_table............dubious
        Test returned status 255 &#40;wstat 65280, 0xff00&#41;
DIED. FAILED tests 1-4
        Failed 4/4 tests, 0.00% okay
t/03insert..............install_driver&#40;SQLite&#41; failed: Can&#39;t load &#39;/home/helphand/DBD-SQLite-1.02/blib/arch/auto/DBD/SQLite/SQLite.so&#39; for module DBD::SQLite: /home/helphand/DBD-SQLite-1.02/blib/arch/auto/DBD/SQLite/SQLite.so: undefined symbol: sqlite3_bind_count at /usr/lib/perl5/5.8.3/x86_64-linux-thread-multi/DynaLoader.pm line 229.
 at &#40;eval 1&#41; line 3
Compilation failed in require at &#40;eval 1&#41; line 3.
Perhaps a required shared library or dll isn&#39;t installed where expected
 at t/03insert.t line 4
t/03insert..............dubious
        Test returned status 255 &#40;wstat 65280, 0xff00&#41;
DIED. FAILED tests 1-10
        Failed 10/10 tests, 0.00% okay
t/04select..............install_driver&#40;SQLite&#41; failed: Can&#39;t load &#39;/home/helphand/DBD-SQLite-1.02/blib/arch/auto/DBD/SQLite/SQLite.so&#39; for module DBD::SQLite: /home/helphand/DBD-SQLite-1.02/blib/arch/auto/DBD/SQLite/SQLite.so: undefined symbol: sqlite3_bind_count at /usr/lib/perl5/5.8.3/x86_64-linux-thread-multi/DynaLoader.pm line 229.
 at &#40;eval 1&#41; line 3
Compilation failed in require at &#40;eval 1&#41; line 3.
Perhaps a required shared library or dll isn&#39;t installed where expected
 at t/04select.t line 4
t/04select..............dubious
        Test returned status 255 &#40;wstat 65280, 0xff00&#41;
DIED. FAILED tests 1-7
        Failed 7/7 tests, 0.00% okay
t/05tran................install_driver&#40;SQLite&#41; failed: Can&#39;t load &#39;/home/helphand/DBD-SQLite-1.02/blib/arch/auto/DBD/SQLite/SQLite.so&#39; for module DBD::SQLite: /home/helphand/DBD-SQLite-1.02/blib/arch/auto/DBD/SQLite/SQLite.so: undefined symbol: sqlite3_bind_count at /usr/lib/perl5/5.8.3/x86_64-linux-thread-multi/DynaLoader.pm line 229.
 at &#40;eval 1&#41; line 3
Compilation failed in require at &#40;eval 1&#41; line 3.
Perhaps a required shared library or dll isn&#39;t installed where expected
 at t/05tran.t line 5
t/05tran................dubious
        Test returned status 255 &#40;wstat 65280, 0xff00&#41;
DIED. FAILED tests 1-2
        Failed 2/2 tests, 0.00% okay
t/06error...............install_driver&#40;SQLite&#41; failed: Can&#39;t load &#39;/home/helphand/DBD-SQLite-1.02/blib/arch/auto/DBD/SQLite/SQLite.so&#39; for module DBD::SQLite: /home/helphand/DBD-SQLite-1.02/blib/arch/auto/DBD/SQLite/SQLite.so: undefined symbol: sqlite3_bind_count at /usr/lib/perl5/5.8.3/x86_64-linux-thread-multi/DynaLoader.pm line 229.
 at &#40;eval 1&#41; line 3
Compilation failed in require at &#40;eval 1&#41; line 3.
Perhaps a required shared library or dll isn&#39;t installed where expected
 at t/06error.t line 6
t/06error...............dubious
        Test returned status 255 &#40;wstat 65280, 0xff00&#41;
DIED. FAILED tests 1-2
        Failed 2/2 tests, 0.00% okay
t/08create_function.....install_driver&#40;SQLite&#41; failed: Can&#39;t load &#39;/home/helphand/DBD-SQLite-1.02/blib/arch/auto/DBD/SQLite/SQLite.so&#39; for module DBD::SQLite: /home/helphand/DBD-SQLite-1.02/blib/arch/auto/DBD/SQLite/SQLite.so: undefined symbol: sqlite3_bind_count at /usr/lib/perl5/5.8.3/x86_64-linux-thread-multi/DynaLoader.pm line 229.
 at &#40;eval 1&#41; line 3
Compilation failed in require at &#40;eval 1&#41; line 3.
Perhaps a required shared library or dll isn&#39;t installed where expected
 at t/08create_function.t line 47
t/08create_function.....dubious
        Test returned status 255 &#40;wstat 65280, 0xff00&#41;
DIED. FAILED tests 1-18
        Failed 18/18 tests, 0.00% okay
t/09create_aggregate....install_driver&#40;SQLite&#41; failed: Can&#39;t load &#39;/home/helphand/DBD-SQLite-1.02/blib/arch/auto/DBD/SQLite/SQLite.so&#39; for module DBD::SQLite: /home/helphand/DBD-SQLite-1.02/blib/arch/auto/DBD/SQLite/SQLite.so: undefined symbol: sqlite3_bind_count at /usr/lib/perl5/5.8.3/x86_64-linux-thread-multi/DynaLoader.pm line 229.
 at &#40;eval 1&#41; line 3
Compilation failed in require at &#40;eval 1&#41; line 3.
Perhaps a required shared library or dll isn&#39;t installed where expected
 at t/09create_aggregate.t line 69
t/09create_aggregate....dubious
        Test returned status 255 &#40;wstat 65280, 0xff00&#41;
DIED. FAILED tests 1-15
        Failed 15/15 tests, 0.00% okay
t/10dsnlist.............dubious
        Test returned status 255 &#40;wstat 65280, 0xff00&#41;
DIED. FAILED tests 1-3
        Failed 3/3 tests, 0.00% okay
t/20createdrop..........dubious
        Test returned status 255 &#40;wstat 65280, 0xff00&#41;
DIED. FAILED tests 1-5
        Failed 5/5 tests, 0.00% okay
t/30insertfetch.........dubious
        Test returned status 255 &#40;wstat 65280, 0xff00&#41;
DIED. FAILED tests 1-17
        Failed 17/17 tests, 0.00% okay
t/40bindparam...........dubious
        Test returned status 255 &#40;wstat 65280, 0xff00&#41;
DIED. FAILED tests 1-28
        Failed 28/28 tests, 0.00% okay
t/40blobs...............dubious
        Test returned status 255 &#40;wstat 65280, 0xff00&#41;
DIED. FAILED tests 1-13
        Failed 13/13 tests, 0.00% okay
t/40listfields..........dubious
        Test returned status 255 &#40;wstat 65280, 0xff00&#41;
DIED. FAILED tests 1-13
        Failed 13/13 tests, 0.00% okay
t/40nulls...............dubious
        Test returned status 255 &#40;wstat 65280, 0xff00&#41;
DIED. FAILED tests 1-11
        Failed 11/11 tests, 0.00% okay
t/40numrows.............dubious
        Test returned status 255 &#40;wstat 65280, 0xff00&#41;
DIED. FAILED tests 1-22
        Failed 22/22 tests, 0.00% okay
t/50chopblanks..........dubious
        Test returned status 255 &#40;wstat 65280, 0xff00&#41;
DIED. FAILED tests 1-35
        Failed 35/35 tests, 0.00% okay
t/50commit..............dubious
        Test returned status 255 &#40;wstat 65280, 0xff00&#41;
DIED. FAILED tests 1-30
        Failed 30/30 tests, 0.00% okay
t/60metadata............install_driver&#40;SQLite&#41; failed: Can&#39;t load &#39;/home/helphand/DBD-SQLite-1.02/blib/arch/auto/DBD/SQLite/SQLite.so&#39; for module DBD::SQLite: /home/helphand/DBD-SQLite-1.02/blib/arch/auto/DBD/SQLite/SQLite.so: undefined symbol: sqlite3_bind_count at /usr/lib/perl5/5.8.3/x86_64-linux-thread-multi/DynaLoader.pm line 229.
 at &#40;eval 1&#41; line 3
Compilation failed in require at &#40;eval 1&#41; line 3.
Perhaps a required shared library or dll isn&#39;t installed where expected
 at t/60metadata.t line 4
t/60metadata............dubious
        Test returned status 255 &#40;wstat 65280, 0xff00&#41;
DIED. FAILED tests 1-25
        Failed 25/25 tests, 0.00% okay
t/90cppcomments.........ok
t/99cleanup.............NOK 1# Failed test 1 in t/99cleanup.t at line 3
#  t/99cleanup.t line 3 is: ok&#40;-e &#39;foo&#39;&#41;;
t/99cleanup.............FAILED test 1
        Failed 1/2 tests, 50.00% okay
t/ak-dbd................dubious
        Test returned status 255 &#40;wstat 65280, 0xff00&#41;
DIED. FAILED tests 1-49
        Failed 49/49 tests, 0.00% okay
t/dbdadmin..............dubious
        Test returned status 255 &#40;wstat 65280, 0xff00&#41;
DIED. FAILED tests 1-4
        Failed 4/4 tests, 0.00% okay
Failed Test            Stat Wstat Total Fail  Failed  List of Failed
-------------------------------------------------------------------------------
t/00basic.t             255 65280     1    1 100.00%  1
t/01logon.t             255 65280     2    4 200.00%  1-2
t/02cr_table.t          255 65280     4    8 200.00%  1-4
t/03insert.t            255 65280    10   20 200.00%  1-10
t/04select.t            255 65280     7   14 200.00%  1-7
t/05tran.t              255 65280     2    4 200.00%  1-2
t/06error.t             255 65280     2    4 200.00%  1-2
t/08create_function.t   255 65280    18   36 200.00%  1-18
t/09create_aggregate.t  255 65280    15   30 200.00%  1-15
t/10dsnlist.t           255 65280     3    6 200.00%  1-3
t/20createdrop.t        255 65280     5   10 200.00%  1-5
t/30insertfetch.t       255 65280    17   34 200.00%  1-17
t/40bindparam.t         255 65280    28   56 200.00%  1-28
t/40blobs.t             255 65280    13   26 200.00%  1-13
t/40listfields.t        255 65280    13   26 200.00%  1-13
t/40nulls.t             255 65280    11   22 200.00%  1-11
t/40numrows.t           255 65280    22   44 200.00%  1-22
t/50chopblanks.t        255 65280    35   70 200.00%  1-35
t/50commit.t            255 65280    30   60 200.00%  1-30
t/60metadata.t          255 65280    25   50 200.00%  1-25
t/99cleanup.t                         2    1  50.00%  1
t/ak-dbd.t              255 65280    49   98 200.00%  1-49
t/dbdadmin.t            255 65280     4    8 200.00%  1-4
Failed 23/24 test scripts, 4.17% okay. 317/356 subtests failed, 10.96% okay.
make: *** [test_dynamic] Error 255
helphand:/home/helphand/DBD-SQLite-1.02 #</div></div>
</div>
    </div>
</div>
</div>
<div class="ticket-transaction message Correspond odd">
<div class="ticket-transaction">
  <div class="metadata">
    <span class="type">
      &nbsp;      
    </span>
    <span class="date">Sun&nbsp;Aug&nbsp;08&nbsp;15:42:28&nbsp;2004</span>
    <span class="description">msergeant [...] cpan.org -  Correspondence added</span>
    <span class="time-taken"></span>    <span class="actions hidden"></span>
  </div>
    <div class="content">
      

<div class="messagebody">
<div class="message-stanza plain-text-white-space">[guest - Sun Aug  8 15:26:33 2004]:

<span
    class="message-stanza-folder closed"
    onclick="fold_message_stanza(this, 'Show\x20quoted\x20text', 'Hide\x20quoted\x20text');">Show quoted text</span><br /><div class="message-stanza closed">&gt; [guest - Sun Aug  8 11:09:18 2004]: 
&gt;  
&gt; Well, lots of progress, but I&#39;m still hitting a wall. Using latest CVS 
&gt; for SQLite, I can get DBD::SQLite to compile clean &#40; I *did* have to 
&gt; update to DBI 1.43, version 1.42 caused the same compile error reported 
&gt; by a BSD user in the resolved bug reports&#41;. 
&gt;  
&gt; I cannot get it to pass make test, I get errors complaining about 
&gt; undefined symbol: sqlite3_bind_count &#40;see attached screen dump of the 
&gt; tests&#41;. 
</div>
Just change that reference in dbdimp.c to sqlite3_bind_parameter_count&#40;...&#41;. The 
sqlite3_bind_count was something I added to sqlite to get DBD::SQLite to work, but Richard 
Hipp renamed it to sqlite3_bind_parameter_count&#40;&#41; when he integrated it into sqlite.
</div></div>
    </div>
</div>
</div>
<div class="ticket-transaction message Correspond even">
<div class="ticket-transaction">
  <div class="metadata">
    <span class="type">
      &nbsp;      
    </span>
    <span class="date">Sun&nbsp;Aug&nbsp;08&nbsp;16:02:05&nbsp;2004</span>
    <span class="description">Guest -  Correspondence added</span>
    <span class="time-taken"></span>    <span class="actions hidden"></span>
  </div>
    <div class="content">
      

<div class="messagebody">
<div class="message-stanza plain-text-white-space">[MSERGEANT - Sun Aug  8 15:42:28 2004]: 
 
<span
    class="message-stanza-folder closed"
    onclick="fold_message_stanza(this, 'Show\x20quoted\x20text', 'Hide\x20quoted\x20text');">Show quoted text</span><br /><div class="message-stanza closed">&gt;  
&gt; Just change that reference in dbdimp.c to 
&gt; sqlite3_bind_parameter_count&#40;...&#41;. The 
&gt; sqlite3_bind_count was something I added to sqlite to get DBD::SQLite 
&gt; to work, but Richard 
&gt; Hipp renamed it to sqlite3_bind_parameter_count&#40;&#41; when he integrated 
&gt; it into sqlite. 
</div> 
 
  Bingo, that&#39;s it! Success!!!!!! All tests pass!!! Thank-you for 
helping me solve this! 
 
   Scott 
 
helphand:/home/helphand/DBD-SQLite-1.02 # make test 
PERL_DL_NONLAZY=1 /usr/bin/perl &#34;-MExtUtils::Command::MM&#34; &#34;-e&#34; 
&#34;test_harness&#40;0, &#39;blib/lib&#39;, &#39;blib/arch&#39;&#41;&#34; t/*.t 
t/00basic...............ok 
t/01logon...............ok 
t/02cr_table............ok 
t/03insert..............ok 
t/04select..............ok 
t/05tran................ok 
t/06error...............ok 
t/08create_function.....ok 
t/09create_aggregate....ok 
t/10dsnlist.............ok 
t/20createdrop..........ok 
t/30insertfetch.........ok 
t/40bindparam...........ok 
t/40blobs...............ok 
t/40listfields..........ok 
t/40nulls...............ok 
t/40numrows.............ok 
t/50chopblanks..........ok 
t/50commit..............ok 
t/60metadata............ok 
t/90cppcomments.........ok 
t/99cleanup.............ok 
t/ak-dbd................ok 
t/dbdadmin..............ok 
All tests successful. 
Files=24, Tests=356,  7 wallclock secs &#40; 0.92 cusr +  0.21 csys =  1.13 
CPU&#41; 
helphand:/home/helphand/DBD-SQLite-1.02 # 
 
</div></div>
    </div>
</div>
</div>
<div class="ticket-transaction basics Status odd">
<div class="ticket-transaction">
  <div class="metadata">
    <span class="type">
      &nbsp;      <a id="lasttrans" name="lasttrans"></a>
    </span>
    <span class="date">Sun&nbsp;Aug&nbsp;29&nbsp;05:53:03&nbsp;2004</span>
    <span class="description">msergeant [...] cpan.org -  Status changed from &#39;new&#39; to &#39;resolved&#39;</span>
    <span class="time-taken"></span>    <span class="actions hidden"></span>
  </div>
    <div class="content">
    </div>
</div>
</div>
</div>
    <hr class="clear" />
  </div>
</div>




</div>
 


  <hr class="clear" />
</div>
</body>
</html>
