
Microsoft (R) Program Maintenance Utility   Version 6.00.8168.0
Copyright (C) Microsoft Corp 1988-1998. All rights reserved.

cp lib/Module/Info.pm blib\lib\Module/Info.pm
cp lib/B/Module/Info.pm blib\lib\B/Module/Info.pm
cp lib/B/Utils.pm blib\lib\B/Utils.pm
	C:\opt\perl573\bin\perl.exe -MExtUtils::Command -e cp bin/pfunc blib\script\pfunc
	pl2bat.bat blib\script\pfunc
	C:\opt\perl573\bin\perl.exe "-MExtUtils::Command::MM" "-e" "test_harness(1, 'blib\lib', 'blib\arch')" t\Module-Info.t
t\Module-Info....1..51
ok 1 - use Module::Info;
ok 2 - Module::Info->can(...)
ok 3 - new_from_file isa Module::Info
ok 4 -     has no name
ok 5 -     name set
ok 6 -     version()
ok 7 -     has no inc_dir
ok 8 -     file()
ok 9 -     not a core module
ok 10 - Found a single package inside
ok 11 -   and its what we want
#     Failed test (t\Module-Info.t at line 59)
#     Structures begin differing at:
#          $got->[15] = 'Module::Info::superclasses'
#     $expected->[15] = 'Module::Info::subroutines_called'
ok 12 - Found all the subroutines
not ok 13 -    names
B::Module::Info,modules_used use failed with 255 saying:
Can't locate object method "IV" via package "B::SPECIAL" at blib/lib/B/Module/Info.pm line 199.

CHECK failed--call queue aborted.

use B::Module::Info at (eval 1) line 18

use B at blib/lib/B/Module/Info.pm line 5

use B::Utils at blib/lib/B/Module/Info.pm line 7

use 5.006 at blib/lib/B/Utils.pm line 3

use strict at blib/lib/B/Utils.pm line 4

use warnings at blib/lib/B/Utils.pm line 5

use Carp at C:/opt/perl573/lib/warnings.pm line 129

use B at blib/lib/B/Utils.pm line 17

use strict at blib/lib/B/Utils.pm line 129

use strict at blib/lib/B/Utils.pm line 159

use strict at C:\usr\local\src\.cpan\build\Module-Info-0.12\lib\Module\Info.pm line 3

use Carp at C:\usr\local\src\.cpan\build\Module-Info-0.12\lib\Module\Info.pm line 4

use File::Spec at C:\usr\local\src\.cpan\build\Module-Info-0.12\lib\Module\Info.pm line 5

use strict at C:/opt/perl573/lib/File/Spec.pm line 3

use strict at C:/opt/perl573/lib/File/Spec/Win32.pm line 3

use Cwd at C:/opt/perl573/lib/File/Spec/Win32.pm line 4

use 5.006 at C:/opt/perl573/lib/Cwd.pm line 2

use strict at C:/opt/perl573/lib/Cwd.pm line 148

use Carp at C:/opt/perl573/lib/Cwd.pm line 150

use base at C:/opt/perl573/lib/Cwd.pm line 154

use 5.006001 at C:/opt/perl573/lib/base.pm line 47

use warnings at C:/opt/perl573/lib/Cwd.pm line 505

use vars at C:/opt/perl573/lib/File/Spec/Win32.pm line 5

use 5.006 at C:/opt/perl573/lib/vars.pm line 3

use warnings::register at C:/opt/perl573/lib/vars.pm line 7

use strict at C:/opt/perl573/lib/vars.pm line 8

use strict at C:/opt/perl573/lib/File/Spec/Win32.pm line 61

use strict at C:/opt/perl573/lib/File/Spec/Unix.pm line 3

use Cwd at C:/opt/perl573/lib/File/Spec/Unix.pm line 8

use strict at C:/opt/perl573/lib/File/Spec/Unix.pm line 142

use Config at C:\usr\local\src\.cpan\build\Module-Info-0.12\lib\Module\Info.pm line 6

use Exporter at C:/opt/perl573/lib/Config.pm line 2

use vars at C:\usr\local\src\.cpan\build\Module-Info-0.12\lib\Module\Info.pm line 9
#     Failed test (t\Module-Info.t at line 63)
#          got: '0'
#     expected: '5'
#     Failed test (t\Module-Info.t at line 64)
#     Structures begin differing at:
#          $got->[0] = Does not exist
#     $expected->[0] = 'Carp'
#     Failed test (t\Module-Info.t at line 89)
not ok 14 - Found all modules used
not ok 15 -     the right ones
ok 16 - new_from_module isa Module::Info
ok 17 -     name()
ok 18 -     version()
ok 19 -     inc_dir
ok 20 -     file()
ok 21 -     not a core module
ok 22 -     name()
not ok 23 -     inc_dir()
ok 24 -     file()
ok 25 -     core module
ok 26 - new_from_module isa Module::Info
ok 27 -     name()
ok 28 -     version()
ok 29 -     inc_dir
ok 30 -     file()
ok 31 -     not a core module
ok 32 - all_installed() returned something
ok 33 -   they're all Module::Info objects
ok 34 - all_installed isa Module::Info
ok 35 -     name()
ok 36 -     version()
ok 37 -     not a core module
ok 38 - all_installed() returned something
ok 39 -   they're all Module::Info objects
ok 40 - Found two packages inside
ok 41 -   they're right
ok 42 - Found one subroutine
ok 43 -    its right
# start 20, end 21
ok 44 -    start line
ok 45 -    end line
B::Module::Info,modules_used use failed with 2 saying:
Can't call method "PADLIST" on an undefined value at blib/lib/B/Module/Info.pm line 152.

CHECK failed--call queue aborted.

use B::Module::Info at (eval 1) line 18

use B at blib/lib/B/Module/Info.pm line 5

use B::Utils at blib/lib/B/Module/Info.pm line 7

use 5.006 at blib/lib/B/Utils.pm line 3

use strict at blib/lib/B/Utils.pm line 4

use warnings at blib/lib/B/Utils.pm line 5

use Carp at C:/opt/perl573/lib/warnings.pm line 129

use B at blib/lib/B/Utils.pm line 17

use strict at blib/lib/B/Utils.pm line 129

use strict at blib/lib/B/Utils.pm line 159

use strict at C:\usr\local\src\.cpan\build\Module-Info-0.12\t\lib\Foo.pm line 3

use vars at C:\usr\local\src\.cpan\build\Module-Info-0.12\t\lib\Foo.pm line 6

use 5.006 at C:/opt/perl573/lib/vars.pm line 3

use warnings::register at C:/opt/perl573/lib/vars.pm line 7

use strict at C:/opt/perl573/lib/vars.pm line 8

use strict at C:\usr\local\src\.cpan\build\Module-Info-0.12\t\lib\Foo.pm line 25

use strict at C:\usr\local\src\.cpan\build\Module-Info-0.12\t\lib\Foo.pm line 36

use 5.004 at C:\usr\local\src\.cpan\build\Module-Info-0.12\t\lib\Foo.pm line 42

use 5 at C:\usr\local\src\.cpan\build\Module-Info-0.12\t\lib\Foo.pm line 44

use lib at C:\usr\local\src\.cpan\build\Module-Info-0.12\t\lib\Foo.pm line 45

use Config at C:/opt/perl573/lib/lib.pm line 6

use Exporter at C:/opt/perl573/lib/Config.pm line 2
#     Failed test (t\Module-Info.t at line 150)
#          got: '0'
#     expected: '5'
#     Failed test (t\Module-Info.t at line 151)
#     Structures begin differing at:
#          $got->[0] = Does not exist
#     $expected->[0] = 'Exporter'
not ok 46 - modules_used
not ok 47
ok 48 - isa
ok 49
B::Module::Info,subs_called use failed with 2 saying:
Can't locate object method "NAME" via package "B::SPECIAL" at blib/lib/B/Module/Info.pm line 254.

CHECK failed--call queue aborted.
#     Failed test (t\Module-Info.t at line 222)
#     Structures begin differing at:
#          $got->[0] = Does not exist
#     $expected->[0] = 'HASH(0x1bc4974)'
not ok 50 - subroutines_called
B::Module::Info,subs_called use failed with 2 saying:
Can't locate object method "NAME" via package "B::SPECIAL" at blib/lib/B/Module/Info.pm line 254.

CHECK failed--call queue aborted.
#     Failed test (t\Module-Info.t at line 223)
#     Structures begin differing at:
#          $got->[0] = Does not exist
#     $expected->[0] = 'HASH(0x1bc4848)'
# Looks like you failed 8 tests of 51.
not ok 51
dubious
	Test returned status 8 (wstat 2048, 0x800)
DIED. FAILED tests 13-15, 23, 46-47, 50-51
	Failed 8/51 tests, 84.31% okay
Failed 1/1 test scripts, 0.00% okay. 8/51 subtests failed, 84.31% okay.
Failed Test     Stat Wstat Total Fail  Failed  List of Failed
-------------------------------------------------------------------------------
t\Module-Info.t    8  2048    51    8  15.69%  13-15 23 46-47 50-51
NMAKE : fatal error U1077: 'C:\opt\perl573\bin\perl.exe' : return code '0x9'
Stop.
