[2016-10-26 15:10:40-0700] ==> Starting synctree
[2016-10-26 15:10:40-0700] qx[/usr/local/bin/git pull --all]
[2016-10-26 15:10:41-0700] qx[/usr/local/bin/git remote prune origin]
[2016-10-26 15:10:42-0700] qx[/usr/local/bin/git checkout blead 2>&1]
[2016-10-26 15:10:45-0700] qx[/usr/local/bin/git reset --hard]
[2016-10-26 15:10:46-0700] qx[/usr/local/bin/git clean -dfx]
[2016-10-26 15:10:49-0700] qx[/usr/local/bin/git pull --all]
From /home/afresh1/Test-Smoke/git-perl
   47ff51c..e5d8cfc  blead      -> origin/blead
[2016-10-26 15:10:49-0700] qx[/usr/local/bin/git checkout blead 2>&1]
[2016-10-26 15:10:50-0700] qx[/usr/bin/perl Porting/make_dot_patch.pl > .patch]
[2016-10-26 15:10:50-0700] /home/afresh1/Test-Smoke/perl-current is now up to patchlevel e5d8cfc54f46edb55f615c1b070d809c6a47efb7
[2016-10-26 15:10:50-0700] ==> Starting runsmoke
[2016-10-26 15:10:50-0700] [/usr/local/bin/tssmokeperl.pl] chdir(/home/afresh1/Test-Smoke/perl-current)
[2016-10-26 15:10:50-0700] qx[/usr/bin/perl -e "require q[/home/afresh1/Test-Smoke/perl-current/cpan/Test-Harness/lib/Test/Harness.pm];print Test::Harness->VERSION" 2>&1]
Argument "3.36_01" isn't numeric in numeric ge (>=) at /usr/local/libdata/perl5/site_perl/Test/Smoke/App/RunSmoke.pm line 188.
[2016-10-26 15:10:50-0700] Found: Test::Harness version 3.36_01.
[2016-10-26 15:10:50-0700] Reading build configurations from /home/afresh1/Test-Smoke/smoke/perlcurrent.cfg
[2016-10-26 15:10:50-0700] Reading 'Policy.sh' from default content (v=1)
[2016-10-26 15:10:50-0700] make distclean ...
[2016-10-26 15:10:50-0700] Smoking patch e5d8cfc54f46edb55f615c1b070d809c6a47efb7 v5.25.6-102-ge5d8cfc
[2016-10-26 15:10:50-0700] Smoking branch blead
[2016-10-26 15:10:51-0700] Locally applied patches from '/home/afresh1/Test-Smoke/perl-current/patchlevel.h'
[2016-10-26 15:10:51-0700] Patches: 'uncommitted-changes'
[2016-10-26 15:10:51-0700] Adding 'SMOKEe5d8cfc54f46edb55f615c1b070d809c6a47efb7' to the registered patches.
[2016-10-26 15:10:51-0700] 
[2016-10-26 15:10:51-0700] Configuration: -Dusedevel
[2016-10-26 15:10:51-0700] ------------------------------------------------------------------------------
[2016-10-26 15:10:51-0700] make distclean ...
[2016-10-26 15:10:51-0700] 
[2016-10-26 15:10:51-0700] Copy Policy.sh ...
[2016-10-26 15:10:51-0700] 
[2016-10-26 15:10:51-0700] Configure ...
/tmp//ccN23ROS.o: In function `main':
try.c:(.text+0x36): warning: warning: sprintf() is often misused, please use snprintf()
/tmp//ccJayWnN.o: In function `main':
try.c:(.text+0x5b): warning: warning: sprintf() is often misused, please use snprintf()
/tmp//ccdDuzcc.o: In function `xxx':
try.c:(.text+0xa3): warning: warning: vsprintf() is often misused, please use vsnprintf()
/tmp//ccTPiFYO.o: In function `main':
try.c:(.text+0xd2): warning: warning: sprintf() is often misused, please use snprintf()
[2016-10-26 15:11:56-0700] 
[2016-10-26 15:11:56-0700] make ...
op.c: In function 'Perl_report_redefined_cv':
op.c:14983: warning: passing argument 1 of 'S_CvGV' discards qualifiers from pointer target type
op.c:14983: warning: passing argument 1 of 'S_CvGV' discards qualifiers from pointer target type
op.c:14983: warning: passing argument 1 of 'S_CvGV' discards qualifiers from pointer target type
op.c:14983: warning: passing argument 1 of 'S_CvGV' discards qualifiers from pointer target type
op.c:14983: warning: passing argument 1 of 'S_CvGV' discards qualifiers from pointer target type
op.c:14983: warning: passing argument 1 of 'S_CvGV' discards qualifiers from pointer target type
op.c:14983: warning: passing argument 1 of 'S_CvGV' discards qualifiers from pointer target type
op.c:14983: warning: passing argument 1 of 'S_CvGV' discards qualifiers from pointer target type
op.c:14983: warning: passing argument 1 of 'S_CvGV' discards qualifiers from pointer target type
op.c:14983: warning: passing argument 1 of 'S_CvGV' discards qualifiers from pointer target type
op.c:14983: warning: passing argument 1 of 'S_CvGV' discards qualifiers from pointer target type
op.c:14983: warning: passing argument 1 of 'S_CvGV' discards qualifiers from pointer target type
op.c:14983: warning: passing argument 1 of 'S_CvGV' discards qualifiers from pointer target type
op.c:14983: warning: passing argument 1 of 'S_CvGV' discards qualifiers from pointer target type
op.c:14983: warning: passing argument 1 of 'S_CvGV' discards qualifiers from pointer target type
op.c:14983: warning: passing argument 1 of 'S_CvGV' discards qualifiers from pointer target type
op.c:14983: warning: passing argument 1 of 'S_CvGV' discards qualifiers from pointer target type
op.c:14983: warning: passing argument 1 of 'S_CvGV' discards qualifiers from pointer target type
op.c:14983: warning: passing argument 1 of 'S_CvGV' discards qualifiers from pointer target type
op.c:14983: warning: passing argument 1 of 'S_CvGV' discards qualifiers from pointer target type
op.c:14983: warning: passing argument 1 of 'S_CvGV' discards qualifiers from pointer target type
op.c:14983: warning: passing argument 1 of 'S_CvGV' discards qualifiers from pointer target type
op.c:14983: warning: passing argument 1 of 'S_CvGV' discards qualifiers from pointer target type
op.c:14983: warning: passing argument 1 of 'S_CvGV' discards qualifiers from pointer target type
op.c:14983: warning: passing argument 1 of 'S_CvGV' discards qualifiers from pointer target type
op.c:14983: warning: passing argument 1 of 'S_CvGV' discards qualifiers from pointer target type
op.c:14983: warning: passing argument 1 of 'S_CvGV' discards qualifiers from pointer target type
op.c:14983: warning: passing argument 1 of 'S_CvGV' discards qualifiers from pointer target type
op.c:14983: warning: passing argument 1 of 'S_CvGV' discards qualifiers from pointer target type
op.c:14983: warning: passing argument 1 of 'S_CvGV' discards qualifiers from pointer target type
op.c:14983: warning: passing argument 1 of 'S_CvGV' discards qualifiers from pointer target type
op.c:14983: warning: passing argument 1 of 'S_CvGV' discards qualifiers from pointer target type
gv.c: In function 'S_gv_stashpvn_internal':
gv.c:1446: warning: comparison is always false due to limited range of data type
gv.c:1447: warning: comparison is always false due to limited range of data type
proto.h:5503: warning: 'S_parse_ident' declared inline after being called
proto.h:5503: warning: previous declaration of 'S_parse_ident' was here
toke.c: In function 'S_scan_pat':
toke.c:9310: warning: comparison is always false due to limited range of data type
toke.c: In function 'Perl_yylex':
toke.c:2838: warning: 'offset_to_max' may be used uninitialized in this function
toke.c:2838: note: 'offset_to_max' was declared here
regcomp.c: In function 'S_make_trie':
regcomp.c:2828: warning: comparison is always false due to limited range of data type
regcomp.c: In function 'S_construct_ahocorasick_from_trie':
regcomp.c:3530: warning: comparison is always false due to limited range of data type
regcomp.c:3531: warning: comparison is always false due to limited range of data type
regcomp.c: In function 'S_join_exact':
regcomp.c:3799: warning: comparison is always false due to limited range of data type
regcomp.c: In function 'S_study_chunk':
regcomp.c:4746: warning: comparison is always false due to limited range of data type
regcomp.c:4748: warning: comparison is always false due to limited range of data type
regcomp.c: In function 'S_add_data':
regcomp.c:5969: warning: comparison is always false due to limited range of data type
regcomp.c:5971: warning: comparison is always false due to limited range of data type
regcomp.c:5973: warning: comparison is always false due to limited range of data type
regcomp.c: In function 'Perl_re_op_compile':
regcomp.c:7247: warning: comparison is always false due to limited range of data type
regcomp.c:7275: warning: comparison is always false due to limited range of data type
regcomp.c:7661: warning: comparison is always false due to limited range of data type
regcomp.c: In function 'Perl_reg_temp_copy':
regcomp.c:19399: warning: comparison is always false due to limited range of data type
dump.c: In function 'Perl_do_sv_dump':
dump.c:1998: warning: passing argument 1 of 'S_CvGV' discards qualifiers from pointer target type
dump.c:1998: warning: passing argument 1 of 'S_CvGV' discards qualifiers from pointer target type
dump.c:1998: warning: passing argument 1 of 'S_CvGV' discards qualifiers from pointer target type
dump.c:1998: warning: passing argument 1 of 'S_CvGV' discards qualifiers from pointer target type
dump.c:1998: warning: passing argument 1 of 'S_CvGV' discards qualifiers from pointer target type
hv.c: In function 'Perl_hv_undef_flags':
hv.c:1938: warning: 'orig_ix' may be used uninitialized in this function
av.c: In function 'Perl_av_undef':
av.c:545: warning: 'orig_ix' may be used uninitialized in this function
sv.c: In function 'Perl_sv_upgrade':
sv.c:1346: warning: comparison is always false due to limited range of data type
sv.c:1416: warning: comparison is always false due to limited range of data type
pp.c: In function 'Perl_pp_argelem':
pp.c:6763: warning: value computed is not used
pp_ctl.c: In function 'Perl_rxres_save':
pp_ctl.c:366: warning: comparison is always false due to limited range of data type
pp_ctl.c:368: warning: comparison is always false due to limited range of data type
pp_sys.c: In function 'Perl_tied_method':
pp_sys.c:564: warning: comparison is always false due to limited range of data type
regexec.c: In function 'Perl_regexec_flags':
regexec.c:3135: warning: comparison is always false due to limited range of data type
regexec.c:3146: warning: comparison is always false due to limited range of data type
regexec.c: In function 'S_setup_EXACTISH_ST_c1_c2':
regexec.c:4089: warning: comparison is always false due to limited range of data type
regexec.c:4090: warning: comparison is always false due to limited range of data type
utf8.c: In function 'Perl_swash_fetch':
utf8.c:3613: warning: comparison is always false due to limited range of data type
universal.c: In function 'Perl_croak_xs_usage':
universal.c:326: warning: passing argument 1 of 'S_CvGV' discards qualifiers from pointer target type
locale.c: In function 'Perl_my_strerror':
locale.c:2539: warning: 'save_locale' may be used uninitialized in this function
op.c: In function 'Perl_report_redefined_cv':
op.c:14983: warning: passing argument 1 of 'S_CvGV' discards qualifiers from pointer target type
op.c:14983: warning: passing argument 1 of 'S_CvGV' discards qualifiers from pointer target type
op.c:14983: warning: passing argument 1 of 'S_CvGV' discards qualifiers from pointer target type
op.c:14983: warning: passing argument 1 of 'S_CvGV' discards qualifiers from pointer target type
op.c:14983: warning: passing argument 1 of 'S_CvGV' discards qualifiers from pointer target type
op.c:14983: warning: passing argument 1 of 'S_CvGV' discards qualifiers from pointer target type
op.c:14983: warning: passing argument 1 of 'S_CvGV' discards qualifiers from pointer target type
op.c:14983: warning: passing argument 1 of 'S_CvGV' discards qualifiers from pointer target type
op.c:14983: warning: passing argument 1 of 'S_CvGV' discards qualifiers from pointer target type
op.c:14983: warning: passing argument 1 of 'S_CvGV' discards qualifiers from pointer target type
op.c:14983: warning: passing argument 1 of 'S_CvGV' discards qualifiers from pointer target type
op.c:14983: warning: passing argument 1 of 'S_CvGV' discards qualifiers from pointer target type
op.c:14983: warning: passing argument 1 of 'S_CvGV' discards qualifiers from pointer target type
op.c:14983: warning: passing argument 1 of 'S_CvGV' discards qualifiers from pointer target type
op.c:14983: warning: passing argument 1 of 'S_CvGV' discards qualifiers from pointer target type
op.c:14983: warning: passing argument 1 of 'S_CvGV' discards qualifiers from pointer target type
op.c:14983: warning: passing argument 1 of 'S_CvGV' discards qualifiers from pointer target type
op.c:14983: warning: passing argument 1 of 'S_CvGV' discards qualifiers from pointer target type
op.c:14983: warning: passing argument 1 of 'S_CvGV' discards qualifiers from pointer target type
op.c:14983: warning: passing argument 1 of 'S_CvGV' discards qualifiers from pointer target type
op.c:14983: warning: passing argument 1 of 'S_CvGV' discards qualifiers from pointer target type
op.c:14983: warning: passing argument 1 of 'S_CvGV' discards qualifiers from pointer target type
op.c:14983: warning: passing argument 1 of 'S_CvGV' discards qualifiers from pointer target type
op.c:14983: warning: passing argument 1 of 'S_CvGV' discards qualifiers from pointer target type
op.c:14983: warning: passing argument 1 of 'S_CvGV' discards qualifiers from pointer target type
op.c:14983: warning: passing argument 1 of 'S_CvGV' discards qualifiers from pointer target type
op.c:14983: warning: passing argument 1 of 'S_CvGV' discards qualifiers from pointer target type
op.c:14983: warning: passing argument 1 of 'S_CvGV' discards qualifiers from pointer target type
op.c:14983: warning: passing argument 1 of 'S_CvGV' discards qualifiers from pointer target type
op.c:14983: warning: passing argument 1 of 'S_CvGV' discards qualifiers from pointer target type
op.c:14983: warning: passing argument 1 of 'S_CvGV' discards qualifiers from pointer target type
op.c:14983: warning: passing argument 1 of 'S_CvGV' discards qualifiers from pointer target type
magic: PERL_MAGIC_qr already provided by misc
B.c: In function 'XS_B__PADNAME_TYPE':
B.xs:2352: warning: 'ret' may be used uninitialized in this function
B.xs:2352: note: 'ret' was declared here
Bzip2.xs: In function 'XS_Compress__Raw__Bunzip2_bzinflate':
Bzip2.xs:832: warning: comparison is always false due to limited range of data type
Zlib.xs: In function 'XS_Compress__Raw__Zlib__inflateStream_inflate':
Zlib.xs:1542: warning: comparison is always false due to limited range of data type
Zlib.xs: In function 'XS_Compress__Raw__Zlib__inflateStream_inflateSync':
Zlib.xs:1605: warning: comparison is always false due to limited range of data type
Zlib.xs: In function 'XS_Compress__Raw__Zlib__inflateScanStream_scan':
Zlib.xs:1850: warning: comparison is always false due to limited range of data type
Zlib.c: In function 'XS_Compress__Raw__Zlib_constant':
./constants.xs:11: warning: 'iv' may be used uninitialized in this function
./constants.xs:11: note: 'iv' was declared here
inflate.c: In function 'inflateUndermine':
inflate.c:1487: warning: unused parameter 'subvert'
Warning (mostly harmless): No library found for -ldb
DB_File.c: In function 'XS_DB_File_constant':
./constants.xs:11: warning: 'iv' may be used uninitialized in this function
./constants.xs:11: note: 'iv' was declared here
magic: PERL_MAGIC_qr already provided by misc
RealPPPort.xs: In function 'XS_Devel__PPPort_check_HeUTF8':
RealPPPort.xs:1765: warning: value computed is not used
In file included from SHA.xs:35:
src/sha.c: In function 'sharewind':
src/sha.c:297: warning: array size (32) smaller than bound length (64)
src/sha.c:297: warning: array size (32) smaller than bound length (64)
src/sha.c:298: warning: array size (32) smaller than bound length (64)
src/sha.c:298: warning: array size (32) smaller than bound length (64)
src/sha.c:299: warning: array size (32) smaller than bound length (64)
src/sha.c:299: warning: array size (32) smaller than bound length (64)
src/sha.c: In function 'shabytes':
src/sha.c:347: warning: comparison is always false due to limited range of data type
src/sha.c: In function 'encbase64':
src/sha.c:455: warning: comparison is always false due to limited range of data type
src/sha.c: In function 'hmacinit':
src/sha.c:495: warning: comparison is always false due to limited range of data type
src/sha.c:501: warning: comparison is always false due to limited range of data type
SHA.xs: In function 'XS_Digest__SHA__putstate':
SHA.xs:336: warning: comparison is always false due to limited range of data type
Unicode.xs: In function 'XS_Encode__Unicode_decode_xs':
Unicode.xs:187: warning: value computed is not used
Unicode.xs: In function 'XS_Encode__Unicode_encode_xs':
Unicode.xs:352: warning: value computed is not used
SysV.c: In function 'XS_IPC__SysV__constant':
./const-xs.inc:11: warning: 'iv' may be used uninitialized in this function
./const-xs.inc:11: note: 'iv' was declared here
Warning (mostly harmless): No library found for -lndbm
Warning (mostly harmless): No library found for -ldbm
Warning (mostly harmless): No library found for -lucb
Warning (mostly harmless): No library found for -lposix
Warning (mostly harmless): No library found for -lcposix
HiRes.c: In function 'XS_Time__HiRes_constant':
./const-xs.inc:11: warning: 'iv' may be used uninitialized in this function
./const-xs.inc:11: note: 'iv' was declared here
Making header files for XS...
Typemap.xs: In function 'XS_XS__Typemap_T_PACKEDARRAY_out':
Typemap.xs:848: warning: comparison is always false due to limited range of data type
re_exec.c: In function 'my_regexec':
re_exec.c:3135: warning: comparison is always false due to limited range of data type
re_exec.c:3146: warning: comparison is always false due to limited range of data type
re_exec.c: In function 'S_setup_EXACTISH_ST_c1_c2':
re_exec.c:4089: warning: comparison is always false due to limited range of data type
re_exec.c:4090: warning: comparison is always false due to limited range of data type
re_comp.c: In function 'S_make_trie':
re_comp.c:2828: warning: comparison is always false due to limited range of data type
re_comp.c: In function 'S_construct_ahocorasick_from_trie':
re_comp.c:3530: warning: comparison is always false due to limited range of data type
re_comp.c:3531: warning: comparison is always false due to limited range of data type
re_comp.c: In function 'S_join_exact':
re_comp.c:3799: warning: comparison is always false due to limited range of data type
re_comp.c: In function 'S_study_chunk':
re_comp.c:4746: warning: comparison is always false due to limited range of data type
re_comp.c:4748: warning: comparison is always false due to limited range of data type
re_comp.c: In function 'S_add_data':
re_comp.c:5969: warning: comparison is always false due to limited range of data type
re_comp.c:5971: warning: comparison is always false due to limited range of data type
re_comp.c:5973: warning: comparison is always false due to limited range of data type
re_comp.c: In function 'my_re_op_compile':
re_comp.c:7247: warning: comparison is always false due to limited range of data type
re_comp.c:7275: warning: comparison is always false due to limited range of data type
re_comp.c:7661: warning: comparison is always false due to limited range of data type
[2016-10-26 15:19:52-0700] Skip tests from '/home/afresh1/Test-Smoke/smoke/smokecurrent.skiptests'
[2016-10-26 15:19:52-0700] 
[2016-10-26 15:19:52-0700]  Tests start here:
[2016-10-26 15:19:52-0700] TSTENV = stdio	
The _test target is deprecated. Please upgrade your smoker
# Using IPC::Cmd
tar: could not exec bzip2: No such file or directory
tar: End of archive volume 1 reached
tar: Sorry, unable to determine archive format.
#   Failed test 'src/long/foo.tbz roundtrip on file names'
#   at t/09_roundtrip.t line 157.
#     Structures begin differing at:
#          $got->[2] = 'directory'
#     $expected->[2] = 'directory/'
# Looks like you failed 1 test of 7.
ExtTest.c: In function 'XS_ExtTest_constant':
ExtTest.xs:418: warning: 'iv' may be used uninitialized in this function
ExtTest.xs:418: note: 'iv' was declared here
ExtTest.xs:420: warning: 'pv' may be used uninitialized in this function
ExtTest.xs:420: note: 'pv' was declared here
ExtTest.c: In function 'XS_ExtTest_constant':
ExtTest.xs:194: warning: 'pv' may be used uninitialized in this function
ExtTest.xs:194: note: 'pv' was declared here
ExtTest.c: In function 'XS_ExtTest_constant':
ExtTest.xs:209: warning: 'iv' may be used uninitialized in this function
ExtTest.xs:209: note: 'iv' was declared here
ExtTest.c: In function 'XS_ExtTest_constant':
ExtTest.xs:190: warning: 'iv' may be used uninitialized in this function
ExtTest.xs:190: note: 'iv' was declared here
ExtTest.c: In function 'XS_ExtTest_constant':
ExtTest.xs:166: warning: 'iv' may be used uninitialized in this function
ExtTest.xs:166: note: 'iv' was declared here
# parser guessed wrong encoding expected 'CP1252' got 'UTF-8'

Name "POSIX::EXPORT_TAGS" used only once: possible typo at t/export.t line 199.
Failed 2 tests out of 2330, 99.91% okay.
### Since not all tests were successful, you may want to run some of
### them individually and examine any diagnostic messages they produce.
### See the INSTALL document's section on "make test".
### You have a good chance to get more information by running
###   ./perl harness
### in the 't' directory since most (>=80%) of the tests succeeded.
### You may have to set your dynamic library search path,
### LD_LIBRARY_PATH, to point to the build directory:
###   setenv LD_LIBRARY_PATH `pwd`:$LD_LIBRARY_PATH; cd t; ./perl harness
###   LD_LIBRARY_PATH=`pwd`:$LD_LIBRARY_PATH; export LD_LIBRARY_PATH; cd t; ./perl harness
###   export LD_LIBRARY_PATH=`pwd`:$LD_LIBRARY_PATH; cd t; ./perl harness
### for csh-style shells, like tcsh; or for traditional/modern
### Bourne-style shells, like bash, ksh, and zsh, respectively.
*** Error 1 in /home/afresh1/Test-Smoke/perl-current (makefile:793 '_test')
[2016-10-26 15:19:52-0700] echo >&2 The _test target is deprecated. Please upgrade your smoker
[2016-10-26 15:19:52-0700] ./runtests choose
[2016-10-26 15:26:59-0700] cpan/Archive-Tar/t/09_roundtrip ................................ FAILED at test 7
[2016-10-26 15:42:35-0700] lib/locale ..................................................... FAILED at test 381
[2016-10-26 15:44:25-0700] Elapsed: 1473 sec
[2016-10-26 15:44:25-0700] u=16.13  s=23.85  cu=869.49  cs=248.01  scripts=2330  tests=955000
[2016-10-26 15:44:25-0700] 
[2016-10-26 15:44:25-0700] Error while reading test-results: 1
[2016-10-26 15:44:25-0700] 
[2016-10-26 15:44:25-0700] Extending failures with harness:
[2016-10-26 15:44:25-0700] 	../lib/locale.t ../t/cpan/Archive-Tar/t/09_roundtrip.t
Can't read ../t/cpan/Archive-Tar/t/09_roundtrip.t.
[2016-10-26 15:44:26-0700] ../lib/locale.t ......................... 
[2016-10-26 15:44:26-0700] Failed 178/859 subtests 
[2016-10-26 15:44:26-0700] 
[2016-10-26 15:44:26-0700] Inconsistent test results (between TEST and harness):
[2016-10-26 15:44:26-0700]     ../t/cpan/Archive-Tar/t/09_roundtrip.t.. ................................ FAILED at test 7
[2016-10-26 15:44:26-0700]     ../lib/locale.t......................... ..................................................... FAILED at test 381

[2016-10-26 15:44:26-0700] TSTENV = perlio	
The _test target is deprecated. Please upgrade your smoker
# Using IPC::Cmd
tar: could not exec bzip2: No such file or directory
tar: End of archive volume 1 reached
tar: Sorry, unable to determine archive format.
#   Failed test 'src/long/foo.tbz roundtrip on file names'
#   at t/09_roundtrip.t line 157.
#     Structures begin differing at:
#          $got->[2] = 'directory'
#     $expected->[2] = 'directory/'
# Looks like you failed 1 test of 7.
ExtTest.c: In function 'XS_ExtTest_constant':
ExtTest.xs:418: warning: 'iv' may be used uninitialized in this function
ExtTest.xs:418: note: 'iv' was declared here
ExtTest.xs:420: warning: 'pv' may be used uninitialized in this function
ExtTest.xs:420: note: 'pv' was declared here
ExtTest.c: In function 'XS_ExtTest_constant':
ExtTest.xs:194: warning: 'pv' may be used uninitialized in this function
ExtTest.xs:194: note: 'pv' was declared here
ExtTest.c: In function 'XS_ExtTest_constant':
ExtTest.xs:209: warning: 'iv' may be used uninitialized in this function
ExtTest.xs:209: note: 'iv' was declared here
ExtTest.c: In function 'XS_ExtTest_constant':
ExtTest.xs:190: warning: 'iv' may be used uninitialized in this function
ExtTest.xs:190: note: 'iv' was declared here
ExtTest.c: In function 'XS_ExtTest_constant':
ExtTest.xs:166: warning: 'iv' may be used uninitialized in this function
ExtTest.xs:166: note: 'iv' was declared here
# parser guessed wrong encoding expected 'CP1252' got 'UTF-8'

Name "POSIX::EXPORT_TAGS" used only once: possible typo at t/export.t line 199.
Failed 2 tests out of 2332, 99.91% okay.
### Since not all tests were successful, you may want to run some of
### them individually and examine any diagnostic messages they produce.
### See the INSTALL document's section on "make test".
### You have a good chance to get more information by running
###   ./perl harness
### in the 't' directory since most (>=80%) of the tests succeeded.
### You may have to set your dynamic library search path,
### LD_LIBRARY_PATH, to point to the build directory:
###   setenv LD_LIBRARY_PATH `pwd`:$LD_LIBRARY_PATH; cd t; ./perl harness
###   LD_LIBRARY_PATH=`pwd`:$LD_LIBRARY_PATH; export LD_LIBRARY_PATH; cd t; ./perl harness
###   export LD_LIBRARY_PATH=`pwd`:$LD_LIBRARY_PATH; cd t; ./perl harness
### for csh-style shells, like tcsh; or for traditional/modern
### Bourne-style shells, like bash, ksh, and zsh, respectively.
*** Error 1 in /home/afresh1/Test-Smoke/perl-current (makefile:793 '_test')
[2016-10-26 15:44:26-0700] echo >&2 The _test target is deprecated. Please upgrade your smoker
[2016-10-26 15:44:26-0700] ./runtests choose
[2016-10-26 15:51:31-0700] cpan/Archive-Tar/t/09_roundtrip ................................ FAILED at test 7
[2016-10-26 16:06:52-0700] lib/locale ..................................................... FAILED at test 381
[2016-10-26 16:08:38-0700] Elapsed: 1452 sec
[2016-10-26 16:08:38-0700] u=15.66  s=24.22  cu=839.64  cs=245.13  scripts=2332  tests=955053
[2016-10-26 16:08:38-0700] 
[2016-10-26 16:08:38-0700] Error while reading test-results: 1
[2016-10-26 16:08:38-0700] 
[2016-10-26 16:08:38-0700] Extending failures with harness:
[2016-10-26 16:08:38-0700] 	../lib/locale.t ../t/cpan/Archive-Tar/t/09_roundtrip.t
Can't read ../t/cpan/Archive-Tar/t/09_roundtrip.t.
[2016-10-26 16:08:39-0700] ../lib/locale.t ......................... 
[2016-10-26 16:08:39-0700] Failed 178/859 subtests 
[2016-10-26 16:08:39-0700] 
[2016-10-26 16:08:39-0700] Inconsistent test results (between TEST and harness):
[2016-10-26 16:08:39-0700]     ../lib/locale.t......................... ..................................................... FAILED at test 381
[2016-10-26 16:08:39-0700]     ../t/cpan/Archive-Tar/t/09_roundtrip.t.. ................................ FAILED at test 7

[2016-10-26 16:08:39-0700] TSTENV = locale:UTF-8	
The _test target is deprecated. Please upgrade your smoker
# Using IPC::Cmd
tar: could not exec bzip2: No such file or directory
tar: End of archive volume 1 reached
tar: Sorry, unable to determine archive format.
#   Failed test 'src/long/foo.tbz roundtrip on file names'
#   at t/09_roundtrip.t line 157.
#     Structures begin differing at:
#          $got->[2] = 'directory'
#     $expected->[2] = 'directory/'
# Looks like you failed 1 test of 7.
ExtTest.c: In function 'XS_ExtTest_constant':
ExtTest.xs:418: warning: 'iv' may be used uninitialized in this function
ExtTest.xs:418: note: 'iv' was declared here
ExtTest.xs:420: warning: 'pv' may be used uninitialized in this function
ExtTest.xs:420: note: 'pv' was declared here
ExtTest.c: In function 'XS_ExtTest_constant':
ExtTest.xs:194: warning: 'pv' may be used uninitialized in this function
ExtTest.xs:194: note: 'pv' was declared here
ExtTest.c: In function 'XS_ExtTest_constant':
ExtTest.xs:209: warning: 'iv' may be used uninitialized in this function
ExtTest.xs:209: note: 'iv' was declared here
ExtTest.c: In function 'XS_ExtTest_constant':
ExtTest.xs:190: warning: 'iv' may be used uninitialized in this function
ExtTest.xs:190: note: 'iv' was declared here
ExtTest.c: In function 'XS_ExtTest_constant':
ExtTest.xs:166: warning: 'iv' may be used uninitialized in this function
ExtTest.xs:166: note: 'iv' was declared here
# parser guessed wrong encoding expected 'CP1252' got 'UTF-8'

# Failed test ''S' is set in PERL_UNICODE, or in -C, honor it, utf8 should be on'
# at t/Test2/modules/Formatter/TAP.t line 26.
(Die On Fail) at t/Test2/modules/Formatter/TAP.t line 26.
Name "POSIX::EXPORT_TAGS" used only once: possible typo at t/export.t line 199.
Failed 3 tests out of 2330, 99.87% okay.
### Since not all tests were successful, you may want to run some of
### them individually and examine any diagnostic messages they produce.
### See the INSTALL document's section on "make test".
### You have a good chance to get more information by running
###   ./perl harness
### in the 't' directory since most (>=80%) of the tests succeeded.
### You may have to set your dynamic library search path,
### LD_LIBRARY_PATH, to point to the build directory:
###   setenv LD_LIBRARY_PATH `pwd`:$LD_LIBRARY_PATH; cd t; ./perl harness
###   LD_LIBRARY_PATH=`pwd`:$LD_LIBRARY_PATH; export LD_LIBRARY_PATH; cd t; ./perl harness
###   export LD_LIBRARY_PATH=`pwd`:$LD_LIBRARY_PATH; cd t; ./perl harness
### for csh-style shells, like tcsh; or for traditional/modern
### Bourne-style shells, like bash, ksh, and zsh, respectively.
*** Error 1 in /home/afresh1/Test-Smoke/perl-current (makefile:793 '_test')
[2016-10-26 16:08:39-0700] echo >&2 The _test target is deprecated. Please upgrade your smoker
[2016-10-26 16:08:39-0700] ./runtests choose
[2016-10-26 16:15:45-0700] cpan/Archive-Tar/t/09_roundtrip ................................ FAILED at test 7
[2016-10-26 16:25:18-0700] cpan/Test-Simple/t/Test2/modules/Formatter/TAP ................. FAILED at test 4
[2016-10-26 16:31:07-0700] lib/locale ..................................................... FAILED at test 381
[2016-10-26 16:32:54-0700] Elapsed: 1455 sec
[2016-10-26 16:32:54-0700] u=16.54  s=23.39  cu=840.66  cs=245.53  scripts=2330  tests=954930
[2016-10-26 16:32:54-0700] 
[2016-10-26 16:32:54-0700] Error while reading test-results: 1
[2016-10-26 16:32:54-0700] 
[2016-10-26 16:32:54-0700] Extending failures with harness:
[2016-10-26 16:32:54-0700] 	../lib/locale.t ../t/cpan/Archive-Tar/t/09_roundtrip.t ../t/cpan/Test-Simple/t/Test2/modules/Formatter/TAP.t
Can't read ../t/cpan/Archive-Tar/t/09_roundtrip.t.
[2016-10-26 16:32:54-0700] ../lib/locale.t ........................................ 
[2016-10-26 16:32:54-0700] Failed 178/859 subtests 
[2016-10-26 16:32:54-0700] 
[2016-10-26 16:32:54-0700] Inconsistent test results (between TEST and harness):
[2016-10-26 16:32:54-0700]     ../lib/locale.t......................... ..................................................... FAILED at test 381
[2016-10-26 16:32:54-0700]     ../t/cpan/Test-Simple/t/Test2/modules/Formatter/TAP.t ................. FAILED at test 4
[2016-10-26 16:32:54-0700]     ../t/cpan/Archive-Tar/t/09_roundtrip.t.. ................................ FAILED at test 7

[2016-10-26 16:32:54-0700] Unskip tests from '/home/afresh1/Test-Smoke/smoke/smokecurrent.skiptests'
[2016-10-26 16:32:54-0700] 
[2016-10-26 16:32:54-0700] Configuration: -Dusedevel -DDEBUGGING
[2016-10-26 16:32:54-0700] ------------------------------------------------------------------------------
[2016-10-26 16:32:54-0700] make distclean ...
[2016-10-26 16:33:35-0700] 
[2016-10-26 16:33:35-0700] Copy Policy.sh ...
[2016-10-26 16:33:35-0700] 
[2016-10-26 16:33:35-0700] Configure ...
/tmp//cc7TL9cd.o: In function `main':
/home/afresh1/Test-Smoke/perl-current/UU/try.c:20: warning: warning: sprintf() is often misused, please use snprintf()
/tmp//ccys8lup.o: In function `main':
/home/afresh1/Test-Smoke/perl-current/UU/try.c:29: warning: warning: sprintf() is often misused, please use snprintf()
/tmp//ccy0a3Mi.o: In function `xxx':
/home/afresh1/Test-Smoke/perl-current/UU/try.c:29: warning: warning: vsprintf() is often misused, please use vsnprintf()
/tmp//ccYMhrpN.o: In function `main':
/home/afresh1/Test-Smoke/perl-current/UU/try.c:56: warning: warning: sprintf() is often misused, please use snprintf()
[2016-10-26 16:34:41-0700] 
[2016-10-26 16:34:41-0700] make ...
op.c: In function 'Perl_report_redefined_cv':
op.c:14983: warning: passing argument 1 of 'S_CvGV' discards qualifiers from pointer target type
op.c:14986: warning: passing argument 1 of 'S_CvGV' discards qualifiers from pointer target type
op.c:14987: warning: passing argument 1 of 'S_CvGV' discards qualifiers from pointer target type
op.c:14987: warning: passing argument 1 of 'S_CvGV' discards qualifiers from pointer target type
op.c:14987: warning: passing argument 1 of 'S_CvGV' discards qualifiers from pointer target type
op.c:14987: warning: passing argument 1 of 'S_CvGV' discards qualifiers from pointer target type
op.c:14987: warning: passing argument 1 of 'S_CvGV' discards qualifiers from pointer target type
op.c:14987: warning: passing argument 1 of 'S_CvGV' discards qualifiers from pointer target type
op.c:14987: warning: passing argument 1 of 'S_CvGV' discards qualifiers from pointer target type
op.c:14987: warning: passing argument 1 of 'S_CvGV' discards qualifiers from pointer target type
op.c:14987: warning: passing argument 1 of 'S_CvGV' discards qualifiers from pointer target type
op.c:14987: warning: passing argument 1 of 'S_CvGV' discards qualifiers from pointer target type
op.c:14987: warning: passing argument 1 of 'S_CvGV' discards qualifiers from pointer target type
op.c:14987: warning: passing argument 1 of 'S_CvGV' discards qualifiers from pointer target type
op.c:14987: warning: passing argument 1 of 'S_CvGV' discards qualifiers from pointer target type
op.c:14987: warning: passing argument 1 of 'S_CvGV' discards qualifiers from pointer target type
op.c:14987: warning: passing argument 1 of 'S_CvGV' discards qualifiers from pointer target type
op.c:14988: warning: passing argument 1 of 'S_CvGV' discards qualifiers from pointer target type
op.c:14988: warning: passing argument 1 of 'S_CvGV' discards qualifiers from pointer target type
op.c:14988: warning: passing argument 1 of 'S_CvGV' discards qualifiers from pointer target type
op.c:14988: warning: passing argument 1 of 'S_CvGV' discards qualifiers from pointer target type
op.c:14988: warning: passing argument 1 of 'S_CvGV' discards qualifiers from pointer target type
op.c:14988: warning: passing argument 1 of 'S_CvGV' discards qualifiers from pointer target type
op.c:14988: warning: passing argument 1 of 'S_CvGV' discards qualifiers from pointer target type
op.c:14988: warning: passing argument 1 of 'S_CvGV' discards qualifiers from pointer target type
op.c:14988: warning: passing argument 1 of 'S_CvGV' discards qualifiers from pointer target type
op.c:14988: warning: passing argument 1 of 'S_CvGV' discards qualifiers from pointer target type
op.c:14988: warning: passing argument 1 of 'S_CvGV' discards qualifiers from pointer target type
op.c:14988: warning: passing argument 1 of 'S_CvGV' discards qualifiers from pointer target type
op.c:14988: warning: passing argument 1 of 'S_CvGV' discards qualifiers from pointer target type
op.c:14988: warning: passing argument 1 of 'S_CvGV' discards qualifiers from pointer target type
op.c:14988: warning: passing argument 1 of 'S_CvGV' discards qualifiers from pointer target type
gv.c: In function 'S_gv_stashpvn_internal':
gv.c:1446: warning: comparison is always false due to limited range of data type
gv.c:1447: warning: comparison is always false due to limited range of data type
proto.h:5503: warning: 'S_parse_ident' declared inline after being called
proto.h:5503: warning: previous declaration of 'S_parse_ident' was here
toke.c: In function 'S_scan_pat':
toke.c:9310: warning: comparison is always false due to limited range of data type
toke.c: In function 'Perl_yylex':
toke.c:2838: warning: 'offset_to_max' may be used uninitialized in this function
toke.c:2838: note: 'offset_to_max' was declared here
pad.c: In function 'S_cv_dump':
pad.c:1855: warning: passing argument 1 of 'S_CvGV' discards qualifiers from pointer target type
pad.c:1869: warning: passing argument 1 of 'S_CvGV' discards qualifiers from pointer target type
pad.c:1869: warning: passing argument 1 of 'S_CvGV' discards qualifiers from pointer target type
pad.c:1855: warning: passing argument 1 of 'S_CvGV' discards qualifiers from pointer target type
pad.c:1863: warning: passing argument 1 of 'S_CvGV' discards qualifiers from pointer target type
pad.c:1863: warning: passing argument 1 of 'S_CvGV' discards qualifiers from pointer target type
regcomp.c: In function 'S_make_trie':
regcomp.c:2828: warning: comparison is always false due to limited range of data type
regcomp.c: In function 'S_construct_ahocorasick_from_trie':
regcomp.c:3530: warning: comparison is always false due to limited range of data type
regcomp.c:3531: warning: comparison is always false due to limited range of data type
regcomp.c: In function 'S_join_exact':
regcomp.c:3799: warning: comparison is always false due to limited range of data type
regcomp.c: In function 'S_study_chunk':
regcomp.c:4746: warning: comparison is always false due to limited range of data type
regcomp.c:4748: warning: comparison is always false due to limited range of data type
regcomp.c: In function 'S_add_data':
regcomp.c:5969: warning: comparison is always false due to limited range of data type
regcomp.c:5971: warning: comparison is always false due to limited range of data type
regcomp.c:5973: warning: comparison is always false due to limited range of data type
regcomp.c: In function 'Perl_re_op_compile':
regcomp.c:7247: warning: comparison is always false due to limited range of data type
regcomp.c:7275: warning: comparison is always false due to limited range of data type
regcomp.c:7661: warning: comparison is always false due to limited range of data type
regcomp.c: In function 'Perl_reg_temp_copy':
regcomp.c:19399: warning: comparison is always false due to limited range of data type
dump.c: In function 'Perl_do_sv_dump':
dump.c:1998: warning: passing argument 1 of 'S_CvGV' discards qualifiers from pointer target type
dump.c:2005: warning: passing argument 1 of 'S_CvGV' discards qualifiers from pointer target type
dump.c:2005: warning: passing argument 1 of 'S_CvGV' discards qualifiers from pointer target type
dump.c:2005: warning: passing argument 1 of 'S_CvGV' discards qualifiers from pointer target type
dump.c:2005: warning: passing argument 1 of 'S_CvGV' discards qualifiers from pointer target type
dump.c:2005: warning: passing argument 1 of 'S_CvGV' discards qualifiers from pointer target type
dump.c:2005: warning: passing argument 1 of 'S_CvGV' discards qualifiers from pointer target type
dump.c:2005: warning: passing argument 1 of 'S_CvGV' discards qualifiers from pointer target type
dump.c:2005: warning: passing argument 1 of 'S_CvGV' discards qualifiers from pointer target type
hv.c: In function 'Perl_hv_undef_flags':
hv.c:1938: warning: 'orig_ix' may be used uninitialized in this function
av.c: In function 'Perl_av_undef':
av.c:545: warning: 'orig_ix' may be used uninitialized in this function
sv.c: In function 'Perl_sv_upgrade':
sv.c:1346: warning: comparison is always false due to limited range of data type
sv.c:1416: warning: comparison is always false due to limited range of data type
pp.c: In function 'Perl_pp_argelem':
pp.c:6763: warning: value computed is not used
pp_ctl.c: In function 'Perl_rxres_save':
pp_ctl.c:366: warning: comparison is always false due to limited range of data type
pp_ctl.c:368: warning: comparison is always false due to limited range of data type
pp_sys.c: In function 'Perl_tied_method':
pp_sys.c:564: warning: comparison is always false due to limited range of data type
regexec.c: In function 'Perl_regexec_flags':
regexec.c:3135: warning: comparison is always false due to limited range of data type
regexec.c:3146: warning: comparison is always false due to limited range of data type
regexec.c: In function 'S_setup_EXACTISH_ST_c1_c2':
regexec.c:4089: warning: comparison is always false due to limited range of data type
regexec.c:4090: warning: comparison is always false due to limited range of data type
utf8.c: In function 'Perl_swash_fetch':
utf8.c:3613: warning: comparison is always false due to limited range of data type
universal.c: In function 'Perl_croak_xs_usage':
universal.c:326: warning: passing argument 1 of 'S_CvGV' discards qualifiers from pointer target type
locale.c: In function 'Perl_my_strerror':
locale.c:2539: warning: 'save_locale' may be used uninitialized in this function
op.c: In function 'Perl_report_redefined_cv':
op.c:14983: warning: passing argument 1 of 'S_CvGV' discards qualifiers from pointer target type
op.c:14986: warning: passing argument 1 of 'S_CvGV' discards qualifiers from pointer target type
op.c:14987: warning: passing argument 1 of 'S_CvGV' discards qualifiers from pointer target type
op.c:14987: warning: passing argument 1 of 'S_CvGV' discards qualifiers from pointer target type
op.c:14987: warning: passing argument 1 of 'S_CvGV' discards qualifiers from pointer target type
op.c:14987: warning: passing argument 1 of 'S_CvGV' discards qualifiers from pointer target type
op.c:14987: warning: passing argument 1 of 'S_CvGV' discards qualifiers from pointer target type
op.c:14987: warning: passing argument 1 of 'S_CvGV' discards qualifiers from pointer target type
op.c:14987: warning: passing argument 1 of 'S_CvGV' discards qualifiers from pointer target type
op.c:14987: warning: passing argument 1 of 'S_CvGV' discards qualifiers from pointer target type
op.c:14987: warning: passing argument 1 of 'S_CvGV' discards qualifiers from pointer target type
op.c:14987: warning: passing argument 1 of 'S_CvGV' discards qualifiers from pointer target type
op.c:14987: warning: passing argument 1 of 'S_CvGV' discards qualifiers from pointer target type
op.c:14987: warning: passing argument 1 of 'S_CvGV' discards qualifiers from pointer target type
op.c:14987: warning: passing argument 1 of 'S_CvGV' discards qualifiers from pointer target type
op.c:14987: warning: passing argument 1 of 'S_CvGV' discards qualifiers from pointer target type
op.c:14987: warning: passing argument 1 of 'S_CvGV' discards qualifiers from pointer target type
op.c:14988: warning: passing argument 1 of 'S_CvGV' discards qualifiers from pointer target type
op.c:14988: warning: passing argument 1 of 'S_CvGV' discards qualifiers from pointer target type
op.c:14988: warning: passing argument 1 of 'S_CvGV' discards qualifiers from pointer target type
op.c:14988: warning: passing argument 1 of 'S_CvGV' discards qualifiers from pointer target type
op.c:14988: warning: passing argument 1 of 'S_CvGV' discards qualifiers from pointer target type
op.c:14988: warning: passing argument 1 of 'S_CvGV' discards qualifiers from pointer target type
op.c:14988: warning: passing argument 1 of 'S_CvGV' discards qualifiers from pointer target type
op.c:14988: warning: passing argument 1 of 'S_CvGV' discards qualifiers from pointer target type
op.c:14988: warning: passing argument 1 of 'S_CvGV' discards qualifiers from pointer target type
op.c:14988: warning: passing argument 1 of 'S_CvGV' discards qualifiers from pointer target type
op.c:14988: warning: passing argument 1 of 'S_CvGV' discards qualifiers from pointer target type
op.c:14988: warning: passing argument 1 of 'S_CvGV' discards qualifiers from pointer target type
op.c:14988: warning: passing argument 1 of 'S_CvGV' discards qualifiers from pointer target type
op.c:14988: warning: passing argument 1 of 'S_CvGV' discards qualifiers from pointer target type
op.c:14988: warning: passing argument 1 of 'S_CvGV' discards qualifiers from pointer target type
magic: PERL_MAGIC_qr already provided by misc
Bzip2.xs: In function 'XS_Compress__Raw__Bunzip2_bzinflate':
Bzip2.xs:832: warning: comparison is always false due to limited range of data type
Zlib.xs: In function 'XS_Compress__Raw__Zlib__inflateStream_inflate':
Zlib.xs:1542: warning: comparison is always false due to limited range of data type
Zlib.xs: In function 'XS_Compress__Raw__Zlib__inflateStream_inflateSync':
Zlib.xs:1605: warning: comparison is always false due to limited range of data type
Zlib.xs: In function 'XS_Compress__Raw__Zlib__inflateScanStream_scan':
Zlib.xs:1850: warning: comparison is always false due to limited range of data type
Zlib.c: In function 'XS_Compress__Raw__Zlib_constant':
./constants.xs:11: warning: 'iv' may be used uninitialized in this function
./constants.xs:11: note: 'iv' was declared here
inflate.c: In function 'inflateUndermine':
inflate.c:1487: warning: unused parameter 'subvert'
Warning (mostly harmless): No library found for -ldb
DB_File.c: In function 'XS_DB_File_constant':
./constants.xs:11: warning: 'iv' may be used uninitialized in this function
./constants.xs:11: note: 'iv' was declared here
magic: PERL_MAGIC_qr already provided by misc
RealPPPort.xs: In function 'XS_Devel__PPPort_check_HeUTF8':
RealPPPort.xs:1765: warning: value computed is not used
In file included from SHA.xs:35:
src/sha.c: In function 'sharewind':
src/sha.c:297: warning: array size (32) smaller than bound length (64)
src/sha.c:297: warning: array size (32) smaller than bound length (64)
src/sha.c:298: warning: array size (32) smaller than bound length (64)
src/sha.c:298: warning: array size (32) smaller than bound length (64)
src/sha.c:299: warning: array size (32) smaller than bound length (64)
src/sha.c:299: warning: array size (32) smaller than bound length (64)
src/sha.c: In function 'shabytes':
src/sha.c:347: warning: comparison is always false due to limited range of data type
src/sha.c: In function 'encbase64':
src/sha.c:455: warning: comparison is always false due to limited range of data type
src/sha.c: In function 'hmacinit':
src/sha.c:495: warning: comparison is always false due to limited range of data type
src/sha.c:501: warning: comparison is always false due to limited range of data type
SHA.xs: In function 'XS_Digest__SHA__putstate':
SHA.xs:336: warning: comparison is always false due to limited range of data type
Unicode.xs: In function 'XS_Encode__Unicode_decode_xs':
Unicode.xs:187: warning: value computed is not used
Unicode.xs: In function 'XS_Encode__Unicode_encode_xs':
Unicode.xs:352: warning: value computed is not used
SysV.c: In function 'XS_IPC__SysV__constant':
./const-xs.inc:11: warning: 'iv' may be used uninitialized in this function
./const-xs.inc:11: note: 'iv' was declared here
Warning (mostly harmless): No library found for -lndbm
Warning (mostly harmless): No library found for -ldbm
Warning (mostly harmless): No library found for -lucb
Warning (mostly harmless): No library found for -lposix
Warning (mostly harmless): No library found for -lcposix
HiRes.c: In function 'XS_Time__HiRes_constant':
./const-xs.inc:11: warning: 'iv' may be used uninitialized in this function
./const-xs.inc:11: note: 'iv' was declared here
Making header files for XS...
Typemap.xs: In function 'XS_XS__Typemap_T_PACKEDARRAY_out':
Typemap.xs:848: warning: comparison is always false due to limited range of data type
re_exec.c: In function 'my_regexec':
re_exec.c:3135: warning: comparison is always false due to limited range of data type
re_exec.c:3146: warning: comparison is always false due to limited range of data type
re_exec.c: In function 'S_setup_EXACTISH_ST_c1_c2':
re_exec.c:4089: warning: comparison is always false due to limited range of data type
re_exec.c:4090: warning: comparison is always false due to limited range of data type
re_comp.c: In function 'S_make_trie':
re_comp.c:2828: warning: comparison is always false due to limited range of data type
re_comp.c: In function 'S_construct_ahocorasick_from_trie':
re_comp.c:3530: warning: comparison is always false due to limited range of data type
re_comp.c:3531: warning: comparison is always false due to limited range of data type
re_comp.c: In function 'S_join_exact':
re_comp.c:3799: warning: comparison is always false due to limited range of data type
re_comp.c: In function 'S_study_chunk':
re_comp.c:4746: warning: comparison is always false due to limited range of data type
re_comp.c:4748: warning: comparison is always false due to limited range of data type
re_comp.c: In function 'S_add_data':
re_comp.c:5969: warning: comparison is always false due to limited range of data type
re_comp.c:5971: warning: comparison is always false due to limited range of data type
re_comp.c:5973: warning: comparison is always false due to limited range of data type
re_comp.c: In function 'my_re_op_compile':
re_comp.c:7247: warning: comparison is always false due to limited range of data type
re_comp.c:7275: warning: comparison is always false due to limited range of data type
re_comp.c:7661: warning: comparison is always false due to limited range of data type
[2016-10-26 16:45:46-0700] Skip tests from '/home/afresh1/Test-Smoke/smoke/smokecurrent.skiptests'
[2016-10-26 16:45:46-0700] 
[2016-10-26 16:45:46-0700]  Tests start here:
[2016-10-26 16:45:46-0700] TSTENV = stdio	
The _test target is deprecated. Please upgrade your smoker
# Using IPC::Cmd
tar: could not exec bzip2: No such file or directory
tar: End of archive volume 1 reached
tar: Sorry, unable to determine archive format.
#   Failed test 'src/long/foo.tbz roundtrip on file names'
#   at t/09_roundtrip.t line 157.
#     Structures begin differing at:
#          $got->[2] = 'directory'
#     $expected->[2] = 'directory/'
# Looks like you failed 1 test of 7.
ExtTest.c: In function 'XS_ExtTest_constant':
ExtTest.xs:418: warning: 'iv' may be used uninitialized in this function
ExtTest.xs:418: note: 'iv' was declared here
ExtTest.xs:420: warning: 'pv' may be used uninitialized in this function
ExtTest.xs:420: note: 'pv' was declared here
ExtTest.c: In function 'XS_ExtTest_constant':
ExtTest.xs:194: warning: 'pv' may be used uninitialized in this function
ExtTest.xs:194: note: 'pv' was declared here
ExtTest.c: In function 'XS_ExtTest_constant':
ExtTest.xs:209: warning: 'iv' may be used uninitialized in this function
ExtTest.xs:209: note: 'iv' was declared here
ExtTest.c: In function 'XS_ExtTest_constant':
ExtTest.xs:190: warning: 'iv' may be used uninitialized in this function
ExtTest.xs:190: note: 'iv' was declared here
ExtTest.c: In function 'XS_ExtTest_constant':
ExtTest.xs:166: warning: 'iv' may be used uninitialized in this function
ExtTest.xs:166: note: 'iv' was declared here
# parser guessed wrong encoding expected 'CP1252' got 'UTF-8'

