<!DOCTYPE html>

<html lang="en">
  <head>
    <title>Bug #8499 for Test-Harness: make test fails when built from within ext/ subdirectory of Perl core build tree</title>
    <meta http-equiv="X-UA-Compatible" content="IE=edge" />
    <!-- The X-UA-Compatible <meta> tag above must be very early in <head> -->

    <script>
if (window.top !== window.self) {
    document.write = "";

    window.top.location = window.self.location;

    setTimeout(function(){
        document.body.innerHTML = "";
    }, 1);

    window.self.onload = function(){
        document.body.innerHTML = "";
    };
}
</script>



<link rel="shortcut icon" href="/NoAuth/images/favicon.png" type="image/png" />
<link rel="stylesheet" href="/NoAuth/css/aileron-squished-00f758259152f8b6670ee485f462e6b8.css" type="text/css" media="all" />
<link rel="stylesheet" href="/NoAuth/css/print.css" type="text/css" media="print" />




<script type="text/javascript" src="/NoAuth/js/squished-42167f2409ce368da2d31038e5cb2a57.js"></script>

<script type="text/javascript"><!--
	jQuery( loadTitleBoxStates );

--></script>


<!--[if lt IE 8]>
<link rel="stylesheet" href="/NoAuth/css/aileron/msie.css" type="text/css" media="all" />
<![endif]-->
<!--[if lt IE 7]>
<link rel="stylesheet" href="/NoAuth/css/aileron/msie6.css" type="text/css" media="all" />
<![endif]-->
<script type="text/javascript">
jQuery(document).ready(function(){
    jQuery.fn.supersubs.defaults = {
        maxWidth: 30,
        extraWidth: 2
    };

    jQuery("#app-nav.toplevel").addClass('sf-menu sf-js-enabled sf-shadow').supersubs().superfish({ speed: 'fast' });
    jQuery("#page-menu.toplevel").addClass('sf-menu sf-js-enabled').supersubs().superfish({ dropShadows: false, speed: 'fast' }).supposition();
});
</script>


<!-- Site CSS from theme editor -->
<style type="text/css" media="all" id="sitecss">
</style>

<meta name="google-site-verification" content="kD3-uEJK1AkTqaC-rckcSt_HPkAj674DPPuEN6i-y0g" />

</head>
  <body class="aileron sidebyside" id="comp-Public-Bug-Display">

<div id="logo">
<a href="/"><img
    src="/NoAuth/images/cpan.png"
    alt="CPAN"
    width="181"
    height="38" /></a>
    <span class="rtname">RT for rt.cpan.org</span>
</div>


<div id="quickbar">
  <div id="quick-personal">
    <span class="hide"><a href="#skipnav">Skip Menu</a> | </span>
</div>

</div>
<div id="header"><h1>Bug #8499 for Test-Harness: make test fails when built from within ext/ subdirectory of Perl core build tree</h1></div>



<div id="page-navigation"><ul id="page-menu" class="toplevel">
 <li id="li-page-active_bugs"><a id="page-active_bugs" class="menu-item " href="/Public/Dist/Test-Harness/Active/">Active bugs</a></li>
 <li id="li-page-resolved_bugs"><a id="page-resolved_bugs" class="menu-item " href="/Public/Dist/Test-Harness/Resolved/">Resolved bugs</a></li>
 <li id="li-page-rejected_bugs"><a id="page-rejected_bugs" class="menu-item " href="/Public/Dist/Test-Harness/Rejected/">Rejected bugs</a></li>
 <li id="li-page-report"><a id="page-report" class="menu-item " href="/Public/Dist/Test-Harness/Active/"></a></li>
</ul></div>
<div id="topactions">



</div>
<div id="body">


<a name="skipnav" id="skipnav" accesskey="8"></a>





<p>This queue is for tickets about the <a href="https://metacpan.org/release/Test-Harness">Test-Harness CPAN distribution</a>.</p>





<div class="">
  <div class="titlebox" id="">
  <div class="titlebox-title">
    <span class="widget"><a href="#" onclick="return rollup('TitleBox\x2D\x2D\x5FPublic\x5FBug\x5FDisplay\x5Fhtml\x2D\x2D\x2D\x2D\x2D\x2DUmVwb3J0IGluZm9ybWF0aW9u\x2D\x2D\x2D0');" title="Toggle visibility"></a></span>
    <span class="left">Report information</span>
    <span class="right-empty">		    </span>
  </div>
  <div class="titlebox-content " id="TitleBox--_Public_Bug_Display_html------UmVwb3J0IGluZm9ybWF0aW9u---0">


<table width="100%" class="ticket-summary">
<tr>
  <td valign="top" class="boxcontainer">
    <div class="ticket-info-basics">
  <div class="titlebox ticket-info-basics " id="">
  <div class="titlebox-title">
    <span class="widget"><a href="#" onclick="return rollup('TitleBox\x2D\x2D\x5FPublic\x5FBug\x5FDisplay\x5Fhtml\x2D\x2Dticket\x2Dinfo\x2Dbasics\x2D\x2D\x2D\x2DVGhlIEJhc2ljcw\x5F\x5F\x2D\x2D\x2D0');" title="Toggle visibility"></a></span>
    <span class="left">The Basics</span>
    <span class="right-empty">		    </span>
  </div>
  <div class="titlebox-content " id="TitleBox--_Public_Bug_Display_html--ticket-info-basics----VGhlIEJhc2ljcw__---0">


        <table>
  <tr class="id">
    <td class="label">Id:</td>
    <td class="value">8499</td>
  </tr>
  <tr class="status">
    <td class="label">Status:</td>
    <td class="value">resolved</td>
  </tr>
  <tr class="priority">
    <td class="label">Priority:</td>
    <td class="value">0/
</td>
  </tr>
  <tr class="queue">
    <td class="label">Queue:</td>
    <td class="value"><a href="/Public/Dist/Test-Harness/Active/">Test-Harness</a>
</td>
  </tr>
</table>

        <hr class="clear" />
  </div>
</div>




</div>


    <div class="ticket-info-people">
  <div class="titlebox ticket-info-people " id="">
  <div class="titlebox-title">
    <span class="widget"><a href="#" onclick="return rollup('TitleBox\x2D\x2D\x5FPublic\x5FBug\x5FDisplay\x5Fhtml\x2D\x2Dticket\x2Dinfo\x2Dpeople\x2D\x2D\x2D\x2DUGVvcGxl\x2D\x2D\x2D0');" title="Toggle visibility"></a></span>
    <span class="left">People</span>
    <span class="right-empty">		    </span>
  </div>
  <div class="titlebox-content " id="TitleBox--_Public_Bug_Display_html--ticket-info-people----UGVvcGxl---0">


        <table>
  <tr>
    <td class="label">Owner:</td>
    <td class="value">Nobody in particular
    
    </td>
  </tr>
  <tr>
    <td class="labeltop">Requestors:</td>
    <td class="value">
aspiers [...] lehman.com

<br />

</td>
  </tr>
  <tr>
    <td class="labeltop">Cc:</td>
    <td class="value">

</td>
  </tr>
  <tr>
    <td class="labeltop">AdminCc:</td>
    <td class="value">

</td>
  </tr>
</table>

        <hr class="clear" />
  </div>
</div>




</div>



  </td>
  <td valign="top" class="boxcontainer">
    
    <div class="ticket-info-cfs">
  <div class="titlebox ticket-info-cfs " id="">
  <div class="titlebox-title">
    <span class="widget"><a href="#" onclick="return rollup('TitleBox\x2D\x2D\x5FPublic\x5FBug\x5FDisplay\x5Fhtml\x2D\x2Dticket\x2Dinfo\x2Dcfs\x2D\x2D\x2D\x2DQnVnIEluZm9ybWF0aW9u\x2D\x2D\x2D0');" title="Toggle visibility"></a></span>
    <span class="left">Bug Information</span>
    <span class="right-empty">		    </span>
  </div>
  <div class="titlebox-content " id="TitleBox--_Public_Bug_Display_html--ticket-info-cfs----QnVnIEluZm9ybWF0aW9u---0">

 
        <table>
  <tr id="CF-1-ShowRow">
    <td class="label">Severity:</td>
    <td class="value">
<i>(no value)</i>
    </td>
  </tr>
  <tr id="CF-31430-ShowRow">
    <td class="label">Broken in:</td>
    <td class="value">
2.42    </td>
  </tr>
  <tr id="CF-31431-ShowRow">
    <td class="label">Fixed in:</td>
    <td class="value">
<i>(no value)</i>
    </td>
  </tr>
</table>


        <hr class="clear" />
  </div>
</div>




</div>


    




  </td>
</tr>
</table>

    <hr class="clear" />
  </div>
</div>




</div>


<br />


<div class="history">
<div class="titlebox" id="">
  <div class="titlebox-title">
    <span class="widget"><a href="#" onclick="return rollup('TitleBox\x2D\x2D\x5FPublic\x5FBug\x5FDisplay\x5Fhtml\x2D\x2D\x2D\x2D\x2D\x2DSGlzdG9yeQ\x5F\x5F\x2D\x2D\x2D0');" title="Toggle visibility"></a></span>
    <span class="left">History</span>
    <span class="right">		<a href="#" data-direction="open" onclick="return toggle_all_folds(this, 'Show\x20all\x20quoted\x20text', 'Hide\x20all\x20quoted\x20text');">Show all quoted text</a>    </span>
  </div>
  <div class="titlebox-content " id="TitleBox--_Public_Bug_Display_html------SGlzdG9yeQ__---0">


<div id="ticket-history">
<div class="ticket-transaction message Create odd">
<div class="ticket-transaction">
  <div class="metadata">
    <span class="type">
      &nbsp;      
    </span>
    <span class="date">Wed&nbsp;Nov&nbsp;17&nbsp;08:18:39&nbsp;2004</span>
    <span class="description">cpan [...] adamspiers.org -  Ticket created</span>
    <span class="time-taken"></span>    <span class="actions hidden"></span>
  </div>
    <div class="content">
      
<table>
  <tr>
    <td align="right" class="message-header-key">Subject:</td>
    <td class="message-header-value"> make test fails when built from within ext/ subdirectory of Perl
 core build tree</td>
  </tr>
</table>

<div class="messagebody">
<div class="message-stanza plain-text-white-space">Reproducible in 2.42.

Summary of my perl5 &#40;revision 5.0 version 6 subversion 1&#41; configuration:
  Platform:
    osname=solaris, osvers=2.8, archname=sun4-solaris-64
    uname=&#39;sunos lonwebhost11 5.8 generic_108528-20 sun4u sparc sunw,ultra-4 &#39;
    config_args=&#39;-Dprefix=/opt/perl-5.6.1_64bit -Dcf_email=xxxx@xxxx.com -Dcc=gcc -Doptimize=-O3 -Dd_bincompat3=undef -Dpager=/usr/local/bin/less -Dusemymalloc=yes -Dloclibpth=/opt/gdbm-1.8.0/lib /opt/db-1.85/lib -Dlocincpth=/opt/gdbm-1.8.0/include /opt/db-1.85/include -Duse64bitall -Dstartperl=#!/opt/perl-5.6.1_64bit/bin/perl -desO&#39;
    hint=recommended, useposix=true, d_sigaction=define
    usethreads=undef use5005threads=undef useithreads=undef usemultiplicity=undef
    useperlio=undef d_sfio=undef uselargefiles=define usesocks=undef
    use64bitint=define use64bitall=define uselongdouble=undef
  Compiler:
    cc=&#39;gcc&#39;, ccflags =&#39;-mcpu=v9 -m64 -Wa,-xarch=v9 -fno-strict-aliasing -I/opt/db-1.85/include -D_LARGEFILE_SOURCE -D_FILE_OFFSET_BITS=64&#39;,
    optimize=&#39;-O3&#39;,
    cppflags=&#39;-mcpu=v9 -m64 -Wa,-xarch=v9 -fno-strict-aliasing -I/opt/db-1.85/include&#39;
    ccversion=&#39;&#39;, gccversion=&#39;3.2.2&#39;, gccosandvers=&#39;solaris2.8&#39;
    intsize=4, longsize=8, ptrsize=8, doublesize=8, byteorder=87654321
    d_longlong=define, longlongsize=8, d_longdbl=define, longdblsize=16
    ivtype=&#39;long&#39;, ivsize=8, nvtype=&#39;double&#39;, nvsize=8, Off_t=&#39;off_t&#39;, lseeksize=8
    alignbytes=8, usemymalloc=y, prototype=define
  Linker and Libraries:
    ld=&#39;gcc&#39;, ldflags =&#39; -m64 -L/opt/db-1.85/lib &#39;
    libpth=/opt/db-1.85/lib /usr/lib /usr/ccs/lib /usr/local/lib
    libs=-lsocket -lnsl -ldb -ldl -lm -lc
    perllibs=-lsocket -lnsl -ldl -lm -lc
    libc=/usr/lib/sparcv9/libc.so, so=so, useshrplib=false, libperl=libperl.a
  Dynamic Linking:
    dlsrc=dl_dlopen.xs, dlext=so, d_dlsymun=undef, ccdlflags=&#39; &#39;
    cccdlflags=&#39;-fPIC&#39;, lddlflags=&#39; -G -m64 -L/opt/db-1.85/lib&#39;


Characteristics of this binary &#40;from libperl&#41;:
  Compile-time options: USE_64_BIT_INT USE_64_BIT_ALL USE_LARGE_FILES
  Built under solaris
  Compiled at Nov  4 2004 19:26:37
  @INC:
    /opt/perl-5.6.1_64bit/lib/5.6.1/sun4-solaris-64
    /opt/perl-5.6.1_64bit/lib/5.6.1
    /opt/perl-5.6.1_64bit/lib/site_perl/5.6.1/sun4-solaris-64
    /opt/perl-5.6.1_64bit/lib/site_perl/5.6.1
    /opt/perl-5.6.1_64bit/lib/site_perl
    .

When distribution is unpacked within ext/ subdirectory of Perl core build tree, make test fails because the Makefile picks up {INST,PERL}_{ARCH,}LIB from the core build tree:

[BP/sparcv9] Test-Harness-2.42 $ grep &#39;\.\./lib&#39; Makefile
INST_LIB = ../../lib
INST_ARCHLIB = ../../lib
PERL_LIB = ../../lib
PERL_ARCHLIB = ../../lib
[BP/sparcv9] Test-Harness-2.42 $ make test
Skip ../../lib/Test/Harness.pm &#40;unchanged&#41;
Skip ../../lib/Test/Harness/Assert.pm &#40;unchanged&#41;
Skip ../../lib/Test/Harness/Iterator.pm &#40;unchanged&#41;
Skip ../../lib/Test/Harness/Straps.pm &#40;unchanged&#41;
cp bin/prove blib/script/prove
/opt/perl-5.6.1_64bit/bin/perl -I../../lib -I../../lib -MExtUtils::MakeMaker -e &#34;MY-&gt;fixin&#40;shift&#41;&#34; blib/script/prove
PERL_DL_NONLAZY=1 /opt/perl-5.6.1_64bit/bin/perl -I../../lib -I../../lib -I../../lib -I../../lib -e &#39;use Test::Harness qw&#40;&#38;runtests $verbose&#41;;
 $verbose=0; runtests @ARGV;&#39; t/*.t
t/00compile.........# Testing Test::Harness 2.42
t/00compile.........ok
t/assert............ok
t/base..............ok
t/callback..........ok
t/inc_taint.........ok
t/nonumbers.........ok
t/ok................ok
t/pod...............skipped
        all skipped: Test::Pod 1.00 required for testing POD
t/prove-globbing....ok
t/prove-switches....blib/script/prove: Cannot find blib
No blib directories found.
#     Failed test &#40;t/prove-switches.t at line 30&#41;
t/prove-switches....NOK 1#     Structures begin differing at:
#          $got-&gt;[0] = &#39;# $Test::Harness::Switches: -T -Ifirst -Isecond -Ithird
#     &#39;
#     $expected-&gt;[0] = &#39;# $Test::Harness::Switches: -T -Iblib/arch -Iblib/lib -Ifirst -Isecond -Ithird
#     &#39;
blib/script/prove: Cannot find blib
No blib directories found.
#     Failed test &#40;t/prove-switches.t at line 39&#41;
t/prove-switches....NOK 2#     Structures begin differing at:
#          $got-&gt;[0] = &#39;# $Test::Harness::Switches: -t -Ifirst -Isecond -Ithird
#     &#39;
#     $expected-&gt;[0] = &#39;# $Test::Harness::Switches: -t -Iblib/arch -Iblib/lib -Ifirst -Isecond -Ithird
#     &#39;
blib/script/prove: Cannot find blib
No blib directories found.
#     Failed test &#40;t/prove-switches.t at line 48&#41;
t/prove-switches....NOK 3#     Structures begin differing at:
#          $got-&gt;[0] = &#39;# $Test::Harness::Switches: -Ifark -Ibork
#     &#39;
#     $expected-&gt;[0] = &#39;# $Test::Harness::Switches: -Iblib/arch -Iblib/lib -Ifark -Ibork
#     &#39;
t/prove-switches....ok 4/5blib/script/prove: Cannot find blib
No blib directories found.
#     Failed test &#40;t/prove-switches.t at line 64&#41;
t/prove-switches....NOK 5#     Structures begin differing at:
#          $got-&gt;[0] = &#39;# $Test::Harness::Switches: -Ilib
#     &#39;
#     $expected-&gt;[0] = &#39;# $Test::Harness::Switches: -Ilib -Iblib/arch -Iblib/lib
#     &#39;
# Looks like you failed 4 tests of 5.
t/prove-switches....dubious
        Test returned status 4 &#40;wstat 1024, 0x400&#41;
DIED. FAILED tests 1-3, 5
        Failed 4/5 tests, 20.00% okay
t/strap-analyze.....ok
t/strap.............ok
t/test-harness......ok
        62/208 skipped: various reasons
Failed Test        Stat Wstat Total Fail  Failed  List of Failed
-------------------------------------------------------------------------------
t/prove-switches.t    4  1024     5    4  80.00%  1-3 5
1 test and 62 subtests skipped.
Failed 1/13 test scripts, 92.31% okay. 4/537 subtests failed, 99.26% okay.
make: *** [test_dynamic] Error 11

If the distribution is unpacked and built in /var/tmp, everything works fine.
</div></div>
    </div>
</div>
</div>
<div class="ticket-transaction message Correspond even">
<div class="ticket-transaction">
  <div class="metadata">
    <span class="type">
      &nbsp;      
    </span>
    <span class="date">Wed&nbsp;Nov&nbsp;17&nbsp;16:32:05&nbsp;2004</span>
    <span class="description">schwern [...] pobox.com -  Correspondence added</span>
    <span class="time-taken"></span>    <span class="actions hidden"></span>
  </div>
    <div class="content">
      
<table>
  <tr>
    <td align="right" class="message-header-key">Date:</td>
    <td class="message-header-value"> Wed, 17 Nov 2004 16:29:33 -0500</td>
  </tr>
  <tr>
    <td align="right" class="message-header-key">From:</td>
    <td class="message-header-value"> Michael G Schwern &lt;schwern [...] pobox.com&gt;</td>
  </tr>
  <tr>
    <td align="right" class="message-header-key">To:</td>
    <td class="message-header-value"> via RT &lt;bug-Test-Harness [...] rt.cpan.org&gt;</td>
  </tr>
  <tr>
    <td align="right" class="message-header-key">Subject:</td>
    <td class="message-header-value"> Re: [cpan #8499] make test fails when built from within ext/ subdirectory of Perl core build tree</td>
  </tr>
  <tr>
    <td align="right" class="message-header-key">RT-Send-Cc:</td>
    <td class="message-header-value"> </td>
  </tr>
</table>

<div class="messagebody">
<div class="message-stanza plain-text-white-space">On Wed, Nov 17, 2004 at 08:18:46AM -0500,  via RT wrote:
<span
    class="message-stanza-folder closed"
    onclick="fold_message_stanza(this, 'Show\x20quoted\x20text', 'Hide\x20quoted\x20text');">Show quoted text</span><br /><div class="message-stanza closed">&gt; When distribution is unpacked within ext/ subdirectory of Perl core build tree, make test fails because the Makefile picks up {INST,PERL}_{ARCH,}LIB from the core build tree:
</div>
Ok.  That&#39;s about what is expected to happen.  You can&#39;t just toss modules
to ext/ especially ones that already live in lib/.

What are you trying to accomplish here?  If you want an upgraded 
Test::Harness just install Perl first then install a new T::H.

Or if you *really* want a newer T::H in the source, replace the copy in
lib/.  You might get away with putting T::H into ext/ if you also remove
the copy in lib/ but this is skating on thin ice.


-- 
Michael G Schwern        schwern@pobox.com  <span class="clickylink"><a target="new" rel="nofollow" href="http://www.pobox.com/~schwern/">http://www.pobox.com/~schwern/</a></span>
Out of ammunition.  God save the King.
</div></div>
    </div>
</div>
</div>
<div class="ticket-transaction basics Status odd">
<div class="ticket-transaction">
  <div class="metadata">
    <span class="type">
      &nbsp;      <a id="lasttrans" name="lasttrans"></a>
    </span>
    <span class="date">Wed&nbsp;Nov&nbsp;24&nbsp;16:40:49&nbsp;2004</span>
    <span class="description">andy [...] petdance.com -  Status changed from &#39;new&#39; to &#39;resolved&#39;</span>
    <span class="time-taken"></span>    <span class="actions hidden"></span>
  </div>
    <div class="content">
    </div>
</div>
</div>
</div>
    <hr class="clear" />
  </div>
</div>




</div>
 


  <hr class="clear" />
</div>
</body>
</html>
