<!DOCTYPE html>

<html lang="en">
  <head>
    <title>Bug #48533 for TheSchwartz: nmake test fails on win32</title>
    <meta http-equiv="X-UA-Compatible" content="IE=edge" />
    <!-- The X-UA-Compatible <meta> tag above must be very early in <head> -->

    <script>
if (window.top !== window.self) {
    document.write = "";

    window.top.location = window.self.location;

    setTimeout(function(){
        document.body.innerHTML = "";
    }, 1);

    window.self.onload = function(){
        document.body.innerHTML = "";
    };
}
</script>



<link rel="shortcut icon" href="/NoAuth/images/favicon.png" type="image/png" />
<link rel="stylesheet" href="/NoAuth/css/aileron-squished-00f758259152f8b6670ee485f462e6b8.css" type="text/css" media="all" />
<link rel="stylesheet" href="/NoAuth/css/print.css" type="text/css" media="print" />




<script type="text/javascript" src="/NoAuth/js/squished-42167f2409ce368da2d31038e5cb2a57.js"></script>

<script type="text/javascript"><!--
	jQuery( loadTitleBoxStates );

--></script>


<!--[if lt IE 8]>
<link rel="stylesheet" href="/NoAuth/css/aileron/msie.css" type="text/css" media="all" />
<![endif]-->
<!--[if lt IE 7]>
<link rel="stylesheet" href="/NoAuth/css/aileron/msie6.css" type="text/css" media="all" />
<![endif]-->
<script type="text/javascript">
jQuery(document).ready(function(){
    jQuery.fn.supersubs.defaults = {
        maxWidth: 30,
        extraWidth: 2
    };

    jQuery("#app-nav.toplevel").addClass('sf-menu sf-js-enabled sf-shadow').supersubs().superfish({ speed: 'fast' });
    jQuery("#page-menu.toplevel").addClass('sf-menu sf-js-enabled').supersubs().superfish({ dropShadows: false, speed: 'fast' }).supposition();
});
</script>


<!-- Site CSS from theme editor -->
<style type="text/css" media="all" id="sitecss">
</style>

<meta name="google-site-verification" content="kD3-uEJK1AkTqaC-rckcSt_HPkAj674DPPuEN6i-y0g" />

</head>
  <body class="aileron sidebyside" id="comp-Public-Bug-Display">

<div id="logo">
<a href="/"><img
    src="/NoAuth/images/cpan.png"
    alt="CPAN"
    width="181"
    height="38" /></a>
    <span class="rtname">RT for rt.cpan.org</span>
</div>


<div id="quickbar">
  <div id="quick-personal">
    <span class="hide"><a href="#skipnav">Skip Menu</a> | </span>
</div>

</div>
<div id="header"><h1>Bug #48533 for TheSchwartz: nmake test fails on win32</h1></div>



<div id="page-navigation"><ul id="page-menu" class="toplevel">
 <li id="li-page-active_bugs"><a id="page-active_bugs" class="menu-item " href="/Public/Dist/TheSchwartz/Active/">Active bugs</a></li>
 <li id="li-page-resolved_bugs"><a id="page-resolved_bugs" class="menu-item " href="/Public/Dist/TheSchwartz/Resolved/">Resolved bugs</a></li>
 <li id="li-page-rejected_bugs"><a id="page-rejected_bugs" class="menu-item " href="/Public/Dist/TheSchwartz/Rejected/">Rejected bugs</a></li>
 <li id="li-page-report"><a id="page-report" class="menu-item " href="/Public/Dist/TheSchwartz/Active/"></a></li>
</ul></div>
<div id="topactions">



</div>
<div id="body">


<a name="skipnav" id="skipnav" accesskey="8"></a>





<p>This queue is for tickets about the <a href="https://metacpan.org/release/TheSchwartz">TheSchwartz CPAN distribution</a>.</p>





<div class="">
  <div class="titlebox" id="">
  <div class="titlebox-title">
    <span class="widget"><a href="#" onclick="return rollup('TitleBox\x2D\x2D\x5FPublic\x5FBug\x5FDisplay\x5Fhtml\x2D\x2D\x2D\x2D\x2D\x2DUmVwb3J0IGluZm9ybWF0aW9u\x2D\x2D\x2D0');" title="Toggle visibility"></a></span>
    <span class="left">Report information</span>
    <span class="right-empty">		    </span>
  </div>
  <div class="titlebox-content " id="TitleBox--_Public_Bug_Display_html------UmVwb3J0IGluZm9ybWF0aW9u---0">


<table width="100%" class="ticket-summary">
<tr>
  <td valign="top" class="boxcontainer">
    <div class="ticket-info-basics">
  <div class="titlebox ticket-info-basics " id="">
  <div class="titlebox-title">
    <span class="widget"><a href="#" onclick="return rollup('TitleBox\x2D\x2D\x5FPublic\x5FBug\x5FDisplay\x5Fhtml\x2D\x2Dticket\x2Dinfo\x2Dbasics\x2D\x2D\x2D\x2DVGhlIEJhc2ljcw\x5F\x5F\x2D\x2D\x2D0');" title="Toggle visibility"></a></span>
    <span class="left">The Basics</span>
    <span class="right-empty">		    </span>
  </div>
  <div class="titlebox-content " id="TitleBox--_Public_Bug_Display_html--ticket-info-basics----VGhlIEJhc2ljcw__---0">


        <table>
  <tr class="id">
    <td class="label">Id:</td>
    <td class="value">48533</td>
  </tr>
  <tr class="status">
    <td class="label">Status:</td>
    <td class="value">resolved</td>
  </tr>
  <tr class="priority">
    <td class="label">Priority:</td>
    <td class="value">0/
</td>
  </tr>
  <tr class="queue">
    <td class="label">Queue:</td>
    <td class="value"><a href="/Public/Dist/TheSchwartz/Active/">TheSchwartz</a>
</td>
  </tr>
</table>

        <hr class="clear" />
  </div>
</div>




</div>


    <div class="ticket-info-people">
  <div class="titlebox ticket-info-people " id="">
  <div class="titlebox-title">
    <span class="widget"><a href="#" onclick="return rollup('TitleBox\x2D\x2D\x5FPublic\x5FBug\x5FDisplay\x5Fhtml\x2D\x2Dticket\x2Dinfo\x2Dpeople\x2D\x2D\x2D\x2DUGVvcGxl\x2D\x2D\x2D0');" title="Toggle visibility"></a></span>
    <span class="left">People</span>
    <span class="right-empty">		    </span>
  </div>
  <div class="titlebox-content " id="TitleBox--_Public_Bug_Display_html--ticket-info-people----UGVvcGxl---0">


        <table>
  <tr>
    <td class="label">Owner:</td>
    <td class="value">Nobody in particular
    
    </td>
  </tr>
  <tr>
    <td class="labeltop">Requestors:</td>
    <td class="value">
aliustek [...] gmail.com

<br />

</td>
  </tr>
  <tr>
    <td class="labeltop">Cc:</td>
    <td class="value">

</td>
  </tr>
  <tr>
    <td class="labeltop">AdminCc:</td>
    <td class="value">

</td>
  </tr>
</table>

        <hr class="clear" />
  </div>
</div>




</div>



  </td>
  <td valign="top" class="boxcontainer">
    
    <div class="ticket-info-cfs">
  <div class="titlebox ticket-info-cfs " id="">
  <div class="titlebox-title">
    <span class="widget"><a href="#" onclick="return rollup('TitleBox\x2D\x2D\x5FPublic\x5FBug\x5FDisplay\x5Fhtml\x2D\x2Dticket\x2Dinfo\x2Dcfs\x2D\x2D\x2D\x2DQnVnIEluZm9ybWF0aW9u\x2D\x2D\x2D0');" title="Toggle visibility"></a></span>
    <span class="left">Bug Information</span>
    <span class="right-empty">		    </span>
  </div>
  <div class="titlebox-content " id="TitleBox--_Public_Bug_Display_html--ticket-info-cfs----QnVnIEluZm9ybWF0aW9u---0">

 
        <table>
  <tr id="CF-1-ShowRow">
    <td class="label">Severity:</td>
    <td class="value">
Critical    </td>
  </tr>
  <tr id="CF-43624-ShowRow">
    <td class="label">Broken in:</td>
    <td class="value">
1.07    </td>
  </tr>
  <tr id="CF-43625-ShowRow">
    <td class="label">Fixed in:</td>
    <td class="value">
<i>(no value)</i>
    </td>
  </tr>
</table>


        <hr class="clear" />
  </div>
</div>




</div>


    
</div>




</div>







  </td>
</tr>
</table>

    <hr class="clear" />
  </div>
</div>




</div>


<br />


<div class="history">
<div class="titlebox" id="">
  <div class="titlebox-title">
    <span class="widget"><a href="#" onclick="return rollup('TitleBox\x2D\x2D\x5FPublic\x5FBug\x5FDisplay\x5Fhtml\x2D\x2D\x2D\x2D\x2D\x2DSGlzdG9yeQ\x5F\x5F\x2D\x2D\x2D0');" title="Toggle visibility"></a></span>
    <span class="left">History</span>
    <span class="right">		<a href="#" data-direction="open" onclick="return toggle_all_folds(this, 'Show\x20all\x20quoted\x20text', 'Hide\x20all\x20quoted\x20text');">Show all quoted text</a>    </span>
  </div>
  <div class="titlebox-content " id="TitleBox--_Public_Bug_Display_html------SGlzdG9yeQ__---0">


<div id="ticket-history">
<div class="ticket-transaction message Create odd">
<div class="ticket-transaction">
  <div class="metadata">
    <span class="type">
      &nbsp;      
    </span>
    <span class="date">Fri&nbsp;Aug&nbsp;07&nbsp;19:46:57&nbsp;2009</span>
    <span class="description">http://rojanu.wordpress.com/ -  Ticket created</span>
    <span class="time-taken"></span>    <span class="actions hidden"></span>
  </div>
    <div class="content">
      
<table>
  <tr>
    <td align="right" class="message-header-key">Subject:</td>
    <td class="message-header-value"> nmake test fails on win32</td>
  </tr>
</table>
<div class="messageattachments">

<div class="messagebody">
<div class="message-stanza plain-text-white-space">unlink on windows can&#39;t unlink the db files as they still have connections
perl v.5.10.0 on Windows XP SP3
</div></div>
</div>
<table>
  <tr>
    <td align="right" class="message-header-key">Subject:</td>
    <td class="message-header-value"> TheSchwartz.log</td>
  </tr>
</table>
<div class="messageattachments">
<div class="messagebody">
<div class="message-stanza plain-text-white-space">
</div></div>

<div class="messagebody">
<div class="message-stanza plain-text-white-space">Microsoft &#40;R&#41; Program Maintenance Utility   Version 1.50
Copyright &#40;c&#41; Microsoft Corp 1988-94. All rights reserved.

        C:\Perl\bin\perl.exe &#34;-Iinc&#34; -MExtUtils::Command -e cp bin/schwartzmon blib\script\schwartzmon
        pl2bat.bat blib\script\schwartzmon
        C:\Perl\bin\perl.exe &#34;-MExtUtils::Command::MM&#34; &#34;-e&#34; &#34;test_harness&#40;0, &#39;inc&#39;, &#39;blib\lib&#39;, &#39;blib\arch&#39;&#41;&#34; t/05-job-ctor.t t/api.t t/cleanup.t t/client-ti
me-unsync.t t/coalesce.t t/dead-dbs.t t/empty-db.t t/evenly-distribute.t t/fail-working-multiple.t t/funcid.t t/grab-race.t t/high-funcid-starvation.t t/inse
rt-and-do.t t/parallel-workers.t t/pod-coverage.t t/pod.t t/priority.t t/replace-with.t t/retry-delay.t t/scoreboard.t t/server-time.t t/unique.t t/work-befo
re-funcids-exist.t
t/05-job-ctor..................ok
t/api..........................ok 88/108# Looks like you planned 108 tests but ran 96.
t/api..........................dubious
        Test returned status 255 &#40;wstat 65280, 0xff00&#41;
DIED. FAILED tests 97-108
        Failed 12/108 tests, 88.89% okay &#40;less 42 skipped tests: 54 okay, 50.00%&#41;
t/cleanup......................ok 18/20Can&#39;t teardown ts1: Permission denied at t/lib/db-common.pl line 153.
# Looks like your test exited with 13 just after 20.
t/cleanup......................dubious
        Test returned status 13 &#40;wstat 3328, 0xd00&#41;
        after all the subtests completed successfully
t/client-time-unsync...........No such signal: SIGUSR1 at t/client-time-unsync.t line 26.
No such signal: SIGUSR2 at t/client-time-unsync.t line 27.
t/client-time-unsync...........ok
        2/2 skipped: various reasons
t/coalesce.....................ok 27/28Can&#39;t teardown ts1: Permission denied at t/lib/db-common.pl line 153.
# Looks like your test exited with 13 just after 28.
t/coalesce.....................dubious
        Test returned status 13 &#40;wstat 3328, 0xd00&#41;
        after all the subtests completed successfully
t/dead-dbs.....................ok
        2/4 skipped: various reasons
t/empty-db.....................ok
        3/6 skipped: various reasons
t/evenly-distribute............ok
        4/8 skipped: various reasons
t/fail-working-multiple........ok 7/8Can&#39;t teardown ts1: Permission denied at t/lib/db-common.pl line 153.
# Looks like your test exited with 13 just after 8.
t/fail-working-multiple........dubious
        Test returned status 13 &#40;wstat 3328, 0xd00&#41;
        after all the subtests completed successfully
t/funcid.......................ok
        8/16 skipped: various reasons
t/grab-race....................No such signal: SIGUSR1 at t/grab-race.t line 16.
t/grab-race....................ok
        2/2 skipped: various reasons
t/high-funcid-starvation.......ok
        4/8 skipped: various reasons
t/insert-and-do................ok 47/52Can&#39;t teardown ts1: Permission denied at t/lib/db-common.pl line 153.
# Looks like your test exited with 13 just after 52.
t/insert-and-do................dubious
        Test returned status 13 &#40;wstat 3328, 0xd00&#41;
        after all the subtests completed successfully
t/parallel-workers.............No such signal: SIGUSR1 at t/parallel-workers.t line 15.
No such signal: SIGUSR2 at t/parallel-workers.t line 16.
t/parallel-workers.............ok
        2/2 skipped: various reasons
t/pod-coverage.................ok 1/3
t/pod-coverage.................NOK 3/3#   Failed test &#39;Pod coverage on TheSchwartz&#39;
#   at t/pod-coverage.t line 27.
# Coverage for TheSchwartz is 78.3%, with 5 naked subroutines:
#       clean_scoreboard
#       end_scoreboard
#       scoreboard
#       set_scoreboard
#       start_scoreboard
# Looks like you failed 1 test of 3.
t/pod-coverage.................dubious
        Test returned status 1 &#40;wstat 256, 0x100&#41;
DIED. FAILED test 3
        Failed 1/3 tests, 66.67% okay
t/pod..........................skipped
        all skipped: Test::Pod 1.00 required for testing POD
t/priority.....................ok 61/62Can&#39;t teardown ts1: Permission denied at t/lib/db-common.pl line 153.
# Looks like your test exited with 13 just after 62.
t/priority.....................dubious
        Test returned status 13 &#40;wstat 3328, 0xd00&#41;
        after all the subtests completed successfully
t/replace-with.................ok 17/20Can&#39;t teardown ts1: Permission denied at t/lib/db-common.pl line 153.
# Looks like your test exited with 13 just after 20.
t/replace-with.................dubious
        Test returned status 13 &#40;wstat 3328, 0xd00&#41;
        after all the subtests completed successfully
t/retry-delay..................ok 13/16Can&#39;t teardown ts1: Permission denied at t/lib/db-common.pl line 153.
# Looks like your test exited with 13 just after 16.
t/retry-delay..................dubious
        Test returned status 13 &#40;wstat 3328, 0xd00&#41;
        after all the subtests completed successfully
t/scoreboard...................ok 1/20Can&#39;t create scoreboard directory &#39;/tmp/theschwartz&#39;: No such file or directory at C:\Perl\cpan\build\TheSchwartz-1.07-
p4LEyQ\blib\lib/TheSchwartz.pm line 623.
# Looks like you planned 20 tests but ran 10.
# Looks like your test exited with 2 just after 10.
t/scoreboard...................dubious
        Test returned status 2 &#40;wstat 512, 0x200&#41;
DIED. FAILED tests 11-20
        Failed 10/20 tests, 50.00% okay &#40;less 10 skipped tests: 0 okay, 0.00%&#41;
t/server-time..................ok 5/4Can&#39;t teardown ts1: Permission denied at t/lib/db-common.pl line 153.
# Looks like you planned 4 tests but ran 6.
# Looks like your test exited with 13 just after 6.
t/server-time..................dubious
        Test returned status 13 &#40;wstat 3328, 0xd00&#41;
DIED. FAILED tests 5-6
        Failed 2/4 tests, 50.00% okay &#40;less 4 skipped tests: -2 okay, -50.00%&#41;
t/unique.......................ok
        6/12 skipped: various reasons
t/work-before-funcids-exist....ok
        2/4 skipped: various reasons
Failed Test               Stat Wstat Total Fail  List of Failed
-------------------------------------------------------------------------------
t/api.t                    255 65280   108   24  97-108
t/cleanup.t                 13  3328    20    0  ??
t/coalesce.t                13  3328    28    0  ??
t/fail-working-multiple.t   13  3328     8    0  ??
t/insert-and-do.t           13  3328    52    0  ??
t/pod-coverage.t             1   256     3    1  3
t/priority.t                13  3328    62    0  ??
t/replace-with.t            13  3328    20    0  ??
t/retry-delay.t             13  3328    16    0  ??
t/scoreboard.t               2   512    20   20  11-20
t/server-time.t             13  3328     4    2  5-6
1 test and 194 subtests skipped.
Failed 11/23 test scripts. 21/424 subtests failed.
Files=23, Tests=424, 70 wallclock secs &#40; 0.00 cusr +  0.00 csys =  0.00 CPU&#41;
Failed 11/23 test programs. 21/424 subtests failed.
NMAKE : fatal error U1077: &#39;C:\WINDOWS\system32\cmd.exe&#39; : return code &#39;0xff&#39;
Stop.
  BRADFITZ/TheSchwartz-1.07.tar.gz
  nmake test -- NOT OK
//hint// to see the cpan-testers results for installing this module, try:
  reports BRADFITZ/TheSchwartz-1.07.tar.gz
Running make install
  make test had returned bad status, won&#39;t install without force</div></div>
</div>
    </div>
</div>
</div>
<div class="ticket-transaction message Correspond even">
<div class="ticket-transaction">
  <div class="metadata">
    <span class="type">
      &nbsp;      
    </span>
    <span class="date">Tue&nbsp;Mar&nbsp;23&nbsp;20:53:01&nbsp;2010</span>
    <span class="description">github [...] sixapart.com -  Correspondence added</span>
    <span class="time-taken"></span>    <span class="actions hidden"></span>
  </div>
    <div class="content">
      

<div class="messagebody">
<div class="message-stanza plain-text-white-space">Fixed
</div></div>
    </div>
</div>
</div>
<div class="ticket-transaction basics Status odd">
<div class="ticket-transaction">
  <div class="metadata">
    <span class="type">
      &nbsp;      
    </span>
    <span class="date">Tue&nbsp;Mar&nbsp;23&nbsp;20:53:02&nbsp;2010</span>
    <span class="description">The RT System itself -  Status changed from &#39;new&#39; to &#39;open&#39;</span>
    <span class="time-taken"></span>    <span class="actions hidden"></span>
  </div>
    <div class="content">
    </div>
</div>
</div>
<div class="ticket-transaction basics Status even">
<div class="ticket-transaction">
  <div class="metadata">
    <span class="type">
      &nbsp;      
    </span>
    <span class="date">Tue&nbsp;Mar&nbsp;23&nbsp;20:53:02&nbsp;2010</span>
    <span class="description">github [...] sixapart.com -  Status changed from &#39;open&#39; to &#39;resolved&#39;</span>
    <span class="time-taken"></span>    <span class="actions hidden"></span>
  </div>
    <div class="content">
    </div>
</div>
</div>
</div>
    <hr class="clear" />
  </div>
</div>




</div>
 


  <hr class="clear" />
</div>
</body>
</html>
