<!DOCTYPE html>

<html lang="en">
  <head>
    <title>Bug #123587 for ExtUtils-ModuleMaker: Bug in &#34;make test&#34; ... requires “Test::Harness” and vice versa during installing</title>
    <meta http-equiv="X-UA-Compatible" content="IE=edge" />
    <!-- The X-UA-Compatible <meta> tag above must be very early in <head> -->

    <script>
if (window.top !== window.self) {
    document.write = "";

    window.top.location = window.self.location;

    setTimeout(function(){
        document.body.innerHTML = "";
    }, 1);

    window.self.onload = function(){
        document.body.innerHTML = "";
    };
}
</script>



<link rel="shortcut icon" href="/NoAuth/images/favicon.png" type="image/png" />
<link rel="stylesheet" href="/NoAuth/css/aileron-squished-00f758259152f8b6670ee485f462e6b8.css" type="text/css" media="all" />
<link rel="stylesheet" href="/NoAuth/css/print.css" type="text/css" media="print" />




<script type="text/javascript" src="/NoAuth/js/squished-42167f2409ce368da2d31038e5cb2a57.js"></script>

<script type="text/javascript"><!--
	jQuery( loadTitleBoxStates );

--></script>


<!--[if lt IE 8]>
<link rel="stylesheet" href="/NoAuth/css/aileron/msie.css" type="text/css" media="all" />
<![endif]-->
<!--[if lt IE 7]>
<link rel="stylesheet" href="/NoAuth/css/aileron/msie6.css" type="text/css" media="all" />
<![endif]-->
<script type="text/javascript">
jQuery(document).ready(function(){
    jQuery.fn.supersubs.defaults = {
        maxWidth: 30,
        extraWidth: 2
    };

    jQuery("#app-nav.toplevel").addClass('sf-menu sf-js-enabled sf-shadow').supersubs().superfish({ speed: 'fast' });
    jQuery("#page-menu.toplevel").addClass('sf-menu sf-js-enabled').supersubs().superfish({ dropShadows: false, speed: 'fast' }).supposition();
});
</script>


<!-- Site CSS from theme editor -->
<style type="text/css" media="all" id="sitecss">
</style>

<meta name="google-site-verification" content="kD3-uEJK1AkTqaC-rckcSt_HPkAj674DPPuEN6i-y0g" />

</head>
  <body class="aileron sidebyside" id="comp-Public-Bug-Display">

<div id="logo">
<a href="/"><img
    src="/NoAuth/images/cpan.png"
    alt="CPAN"
    width="181"
    height="38" /></a>
    <span class="rtname">RT for rt.cpan.org</span>
</div>


<div id="quickbar">
  <div id="quick-personal">
    <span class="hide"><a href="#skipnav">Skip Menu</a> | </span>
</div>

</div>
<div id="header"><h1>Bug #123587 for ExtUtils-ModuleMaker: Bug in &#34;make test&#34; ... requires “Test::Harness” and vice versa during installing</h1></div>



<div id="page-navigation"><ul id="page-menu" class="toplevel">
 <li id="li-page-active_bugs"><a id="page-active_bugs" class="menu-item " href="/Public/Dist/ExtUtils-ModuleMaker/Active/">Active bugs</a></li>
 <li id="li-page-resolved_bugs"><a id="page-resolved_bugs" class="menu-item " href="/Public/Dist/ExtUtils-ModuleMaker/Resolved/">Resolved bugs</a></li>
 <li id="li-page-rejected_bugs"><a id="page-rejected_bugs" class="menu-item " href="/Public/Dist/ExtUtils-ModuleMaker/Rejected/">Rejected bugs</a></li>
 <li id="li-page-report"><a id="page-report" class="menu-item " href="/Public/Dist/ExtUtils-ModuleMaker/Active/"></a></li>
</ul></div>
<div id="topactions">



</div>
<div id="body">


<a name="skipnav" id="skipnav" accesskey="8"></a>





<p>This queue is for tickets about the <a href="https://metacpan.org/release/ExtUtils-ModuleMaker">ExtUtils-ModuleMaker CPAN distribution</a>.</p>





<div class="">
  <div class="titlebox" id="">
  <div class="titlebox-title">
    <span class="widget"><a href="#" onclick="return rollup('TitleBox\x2D\x2D\x5FPublic\x5FBug\x5FDisplay\x5Fhtml\x2D\x2D\x2D\x2D\x2D\x2DUmVwb3J0IGluZm9ybWF0aW9u\x2D\x2D\x2D0');" title="Toggle visibility"></a></span>
    <span class="left">Report information</span>
    <span class="right-empty">		    </span>
  </div>
  <div class="titlebox-content " id="TitleBox--_Public_Bug_Display_html------UmVwb3J0IGluZm9ybWF0aW9u---0">


<table width="100%" class="ticket-summary">
<tr>
  <td valign="top" class="boxcontainer">
    <div class="ticket-info-basics">
  <div class="titlebox ticket-info-basics " id="">
  <div class="titlebox-title">
    <span class="widget"><a href="#" onclick="return rollup('TitleBox\x2D\x2D\x5FPublic\x5FBug\x5FDisplay\x5Fhtml\x2D\x2Dticket\x2Dinfo\x2Dbasics\x2D\x2D\x2D\x2DVGhlIEJhc2ljcw\x5F\x5F\x2D\x2D\x2D0');" title="Toggle visibility"></a></span>
    <span class="left">The Basics</span>
    <span class="right-empty">		    </span>
  </div>
  <div class="titlebox-content " id="TitleBox--_Public_Bug_Display_html--ticket-info-basics----VGhlIEJhc2ljcw__---0">


        <table>
  <tr class="id">
    <td class="label">Id:</td>
    <td class="value">123587</td>
  </tr>
  <tr class="status">
    <td class="label">Status:</td>
    <td class="value">rejected</td>
  </tr>
  <tr class="priority">
    <td class="label">Priority:</td>
    <td class="value">0/
</td>
  </tr>
  <tr class="queue">
    <td class="label">Queue:</td>
    <td class="value"><a href="/Public/Dist/ExtUtils-ModuleMaker/Active/">ExtUtils-ModuleMaker</a>
</td>
  </tr>
</table>

        <hr class="clear" />
  </div>
</div>




</div>


    <div class="ticket-info-people">
  <div class="titlebox ticket-info-people " id="">
  <div class="titlebox-title">
    <span class="widget"><a href="#" onclick="return rollup('TitleBox\x2D\x2D\x5FPublic\x5FBug\x5FDisplay\x5Fhtml\x2D\x2Dticket\x2Dinfo\x2Dpeople\x2D\x2D\x2D\x2DUGVvcGxl\x2D\x2D\x2D0');" title="Toggle visibility"></a></span>
    <span class="left">People</span>
    <span class="right-empty">		    </span>
  </div>
  <div class="titlebox-content " id="TitleBox--_Public_Bug_Display_html--ticket-info-people----UGVvcGxl---0">


        <table>
  <tr>
    <td class="label">Owner:</td>
    <td class="value">jkeenan [...] cpan.org
    
    </td>
  </tr>
  <tr>
    <td class="labeltop">Requestors:</td>
    <td class="value">
Robert.Graf [...] s-itsolutions.at

<br />

</td>
  </tr>
  <tr>
    <td class="labeltop">Cc:</td>
    <td class="value">

</td>
  </tr>
  <tr>
    <td class="labeltop">AdminCc:</td>
    <td class="value">

</td>
  </tr>
</table>

        <hr class="clear" />
  </div>
</div>




</div>



  </td>
  <td valign="top" class="boxcontainer">
    
    <div class="ticket-info-cfs">
  <div class="titlebox ticket-info-cfs " id="">
  <div class="titlebox-title">
    <span class="widget"><a href="#" onclick="return rollup('TitleBox\x2D\x2D\x5FPublic\x5FBug\x5FDisplay\x5Fhtml\x2D\x2Dticket\x2Dinfo\x2Dcfs\x2D\x2D\x2D\x2DQnVnIEluZm9ybWF0aW9u\x2D\x2D\x2D0');" title="Toggle visibility"></a></span>
    <span class="left">Bug Information</span>
    <span class="right-empty">		    </span>
  </div>
  <div class="titlebox-content " id="TitleBox--_Public_Bug_Display_html--ticket-info-cfs----QnVnIEluZm9ybWF0aW9u---0">

 
        <table>
  <tr id="CF-1-ShowRow">
    <td class="label">Severity:</td>
    <td class="value">
<i>(no value)</i>
    </td>
  </tr>
  <tr id="CF-12500-ShowRow">
    <td class="label">Broken in:</td>
    <td class="value">
<i>(no value)</i>
    </td>
  </tr>
  <tr id="CF-12501-ShowRow">
    <td class="label">Fixed in:</td>
    <td class="value">
<i>(no value)</i>
    </td>
  </tr>
</table>


        <hr class="clear" />
  </div>
</div>




</div>


    




  </td>
</tr>
</table>

    <hr class="clear" />
  </div>
</div>




</div>


<br />


<div class="history">
<div class="titlebox" id="">
  <div class="titlebox-title">
    <span class="widget"><a href="#" onclick="return rollup('TitleBox\x2D\x2D\x5FPublic\x5FBug\x5FDisplay\x5Fhtml\x2D\x2D\x2D\x2D\x2D\x2DSGlzdG9yeQ\x5F\x5F\x2D\x2D\x2D0');" title="Toggle visibility"></a></span>
    <span class="left">History</span>
    <span class="right">		<a href="#" data-direction="open" onclick="return toggle_all_folds(this, 'Show\x20all\x20quoted\x20text', 'Hide\x20all\x20quoted\x20text');">Show all quoted text</a>    </span>
  </div>
  <div class="titlebox-content " id="TitleBox--_Public_Bug_Display_html------SGlzdG9yeQ__---0">


<div id="ticket-history">
<div class="ticket-transaction message Create odd">
<div class="ticket-transaction">
  <div class="metadata">
    <span class="type">
      &nbsp;      
    </span>
    <span class="date">Fri&nbsp;Nov&nbsp;10&nbsp;10:35:18&nbsp;2017</span>
    <span class="description">Robert.Graf [...] s-itsolutions.at -  Ticket created</span>
    <span class="time-taken"></span>    <span class="actions hidden"></span>
  </div>
    <div class="content">
      
<table>
  <tr>
    <td align="right" class="message-header-key">Subject:</td>
    <td class="message-header-value"> Bug in &#34;make test&#34; ... requires “Test::Harness” and vice versa during installing</td>
  </tr>
  <tr>
    <td align="right" class="message-header-key">Date:</td>
    <td class="message-header-value"> Fri, 10 Nov 2017 16:19:27 +0100</td>
  </tr>
  <tr>
    <td align="right" class="message-header-key">To:</td>
    <td class="message-header-value"> &#34;bug-ExtUtils-ModuleMaker [...] rt.cpan.org&#34; &lt;bug-ExtUtils-ModuleMaker [...] rt.cpan.org&gt;</td>
  </tr>
  <tr>
    <td align="right" class="message-header-key">From:</td>
    <td class="message-header-value"> Graf Robert 6318 sIT &lt;Robert.Graf [...] s-itsolutions.at&gt;</td>
  </tr>
</table>
<div class="messageattachments">

<div class="messagebody">
<div class="message-stanza plain-text-white-space">Hi,

when I run „make test“ the module “Test/Harness.pm” is missing.

[sm9ac@sec001d ExtUtils-MakeMaker-7.30]$ make test
PERL_DL_NONLAZY=1 &#34;/usr/bin/perl&#34; -Iinc &#34;-Iblib/arch&#34; &#34;-Iblib/lib&#34; &#34;-MExtUtils::Command::MM&#34; &#34;-MTest::Harness&#34; &#34;-e&#34; &#34;undef *Test::Harness::Switches; test_harness&#40;0, &#39;blib/lib&#39;, &#39;blib/arch&#39;&#41;&#34; t/*.t
Can&#39;t locate Test/Harness.pm in @INC &#40;@INC contains: inc blib/arch blib/lib /usr/local/lib64/perl5 /usr/local/share/perl5 /usr/lib64/perl5/vendor_perl /usr/share/perl5/vendor_perl /usr/lib64/perl5 /usr/share/perl5 .&#41;.
BEGIN failed--compilation aborted.
make: *** [test_dynamic] Error 2
[sm9ac@sec001d ExtUtils-MakeMaker-7.30]$ perl -V
Summary of my perl5 &#40;revision 5 version 16 subversion 3&#41; configuration:

I then downloaded Test-Harness-3.39 and cat README which shows requirement of Makefile.PL &#40;use ExtUtils::MakeMaker&#41;.

“ExtUtils::MakeMaker” requires “Test::Harness” and vice versa during installing - which isn’t possible.


I’m using Red Hat 7.3 with Perl 5.16.3


Best regards,
Robert

Ing. Robert Graf
s IT Solutions
GAL SE/SECA
s IT Solutions AT Spardat GmbH
A-1110 Vienna, Geiselbergstr. 21 - 25
Phone: +43 50100 – 17772
Mobile: +43 50100 - 6 17772
Fax: +43 50100 – 9 17772
E-Mail: robert.graf@s-itsolutions.at
Website: www.s-itsolutions.at
Diese Nachricht und allfaellige angehaengte Dokumente sind vertraulich und nur fuer den/die Adressaten bestimmt. Sollten Sie nicht der beabsichtigte Adressat sein, ist jede Offenlegung, Weiterleitung oder sonstige Verwendung dieser Information nicht gestattet. In diesem Fall bitten wir, den Absender zu verstaendigen und die Information zu vernichten. Fuer Uebermittlungsfehler oder sonstige Irrtuemer bei Uebermittlung besteht keine Haftung.
This message and any attached files are confidential and intended solely for the addressee&#40;s&#41;. Any publication, transmission or other use of the information by a person or entity other than the intended addressee is prohibited. If you receive this in error please contact the sender and delete the material. The sender does not accept liability for any errors or omissions as a result of the transmission.
</div></div>

<div class="messagebody">
</div>
</div>
    </div>
</div>
</div>
<div class="ticket-transaction message Correspond even">
<div class="ticket-transaction">
  <div class="metadata">
    <span class="type">
      &nbsp;      
    </span>
    <span class="date">Fri&nbsp;Nov&nbsp;10&nbsp;11:24:04&nbsp;2017</span>
    <span class="description">jkeenan [...] cpan.org -  Correspondence added</span>
    <span class="time-taken"></span>    <span class="actions hidden"></span>
  </div>
    <div class="content">
      

<div class="messagebody">
<div class="message-stanza plain-text-white-space">On Fri Nov 10 10:35:18 2017, Robert.Graf@s-itsolutions.at wrote:
<span
    class="message-stanza-folder closed"
    onclick="fold_message_stanza(this, 'Show\x20quoted\x20text', 'Hide\x20quoted\x20text');">Show quoted text</span><br /><div class="message-stanza closed">&gt; Hi,
&gt; 
&gt; when I run „make test“ the module “Test/Harness.pm” is missing.
&gt; 
&gt; [sm9ac@sec001d ExtUtils-MakeMaker-7.30]$ make test
&gt; PERL_DL_NONLAZY=1 &#34;/usr/bin/perl&#34; -Iinc &#34;-Iblib/arch&#34; &#34;-Iblib/lib&#34; &#34;-
&gt; MExtUtils::Command::MM&#34; &#34;-MTest::Harness&#34; &#34;-e&#34; &#34;undef
&gt; *Test::Harness::Switches; test_harness&#40;0, &#39;blib/lib&#39;, &#39;blib/arch&#39;&#41;&#34;
&gt; t/*.t
&gt; Can&#39;t locate Test/Harness.pm in @INC &#40;@INC contains: inc blib/arch
&gt; blib/lib /usr/local/lib64/perl5 /usr/local/share/perl5
&gt; /usr/lib64/perl5/vendor_perl /usr/share/perl5/vendor_perl
&gt; /usr/lib64/perl5 /usr/share/perl5 .&#41;.
&gt; BEGIN failed--compilation aborted.
&gt; make: *** [test_dynamic] Error 2
&gt; [sm9ac@sec001d ExtUtils-MakeMaker-7.30]$ perl -V
&gt; Summary of my perl5 &#40;revision 5 version 16 subversion 3&#41;
&gt; configuration:
&gt; 
&gt; I then downloaded Test-Harness-3.39 and cat README which shows
&gt; requirement of Makefile.PL &#40;use ExtUtils::MakeMaker&#41;.
&gt; 
&gt; “ExtUtils::MakeMaker” requires “Test::Harness” and vice versa during
&gt; installing - which isn’t possible.
&gt; 
&gt; 
&gt; I’m using Red Hat 7.3 with Perl 5.16.3
&gt; 
&gt; 
</div>
I suspect you have confused &#34;ExtUtils::ModuleMaker&#34;  -- the CPAN library I maintain -- with &#34;ExtUtils::MakeMaker&#34; -- whose bug queue is at <span class="clickylink"><a target="new" rel="nofollow" href="https://rt.cpan.org//Public/Dist/ExtUtils-MakeMaker/Active/">https://rt.cpan.org//Dist/Display.html?Queue=ExtUtils-MakeMaker</a></span> and which is shipped with the Perl 5 core distribution.

There&#39;s no mention of Test::Harness in ModuleMaker&#39;s Makefile.PL.  Hence, I don&#39;t think ModuleMaker is responsible for the error output you have quoted.  Please double-check.

Thank you very much.
Jim Keenan
</div></div>
    </div>
</div>
</div>
<div class="ticket-transaction basics Status odd">
<div class="ticket-transaction">
  <div class="metadata">
    <span class="type">
      &nbsp;      
    </span>
    <span class="date">Fri&nbsp;Nov&nbsp;10&nbsp;11:24:05&nbsp;2017</span>
    <span class="description">The RT System itself -  Status changed from &#39;new&#39; to &#39;open&#39;</span>
    <span class="time-taken"></span>    <span class="actions hidden"></span>
  </div>
    <div class="content">
    </div>
</div>
</div>
<div class="ticket-transaction people Set even">
<div class="ticket-transaction">
  <div class="metadata">
    <span class="type">
      &nbsp;      
    </span>
    <span class="date">Fri&nbsp;Nov&nbsp;10&nbsp;11:24:09&nbsp;2017</span>
    <span class="description">jkeenan [...] cpan.org -  Taken</span>
    <span class="time-taken"></span>    <span class="actions hidden"></span>
  </div>
    <div class="content">
    </div>
</div>
</div>
<div class="ticket-transaction message Correspond odd">
<div class="ticket-transaction">
  <div class="metadata">
    <span class="type">
      &nbsp;      
    </span>
    <span class="date">Fri&nbsp;Nov&nbsp;10&nbsp;11:33:57&nbsp;2017</span>
    <span class="description">Robert.Graf [...] s-itsolutions.at -  Correspondence added</span>
    <span class="time-taken"></span>    <span class="actions hidden"></span>
  </div>
    <div class="content">
      
<table>
  <tr>
    <td align="right" class="message-header-key">Subject:</td>
    <td class="message-header-value"> AW: [rt.cpan.org #123587] Bug in &#34;make test&#34; ... requires “Test::Harness” and vice versa during installing</td>
  </tr>
  <tr>
    <td align="right" class="message-header-key">Date:</td>
    <td class="message-header-value"> Fri, 10 Nov 2017 17:33:43 +0100</td>
  </tr>
  <tr>
    <td align="right" class="message-header-key">To:</td>
    <td class="message-header-value"> &#34;bug-ExtUtils-ModuleMaker [...] rt.cpan.org&#34; &lt;bug-ExtUtils-ModuleMaker [...] rt.cpan.org&gt;</td>
  </tr>
  <tr>
    <td align="right" class="message-header-key">From:</td>
    <td class="message-header-value"> Graf Robert 6318 sIT &lt;Robert.Graf [...] s-itsolutions.at&gt;</td>
  </tr>
</table>

<div class="messagebody">
<div class="message-stanza plain-text-white-space">Hi,

thanks a lot.

I think you are right.

I looks like our OS people in our bank have a &#34;reduced&#34; Red Hat 7.3 ?


Another user just wrote:

By default Red Hat doesn&#39;t install all parts that usually ship with perl;
what you&#39;re observing is a direct consequence of that unfortunate decision.
If you install the perl-core package your problems should go away.




I will ask what is going around here in our company.

Thanks a lot.

Robert




<span
    class="message-stanza-folder closed"
    onclick="fold_message_stanza(this, 'Show\x20quoted\x20text', 'Hide\x20quoted\x20text');">Show quoted text</span><br /><div class="message-stanza closed">-----Ursprüngliche Nachricht-----
Von: James E Keenan via RT [mailto:bug-ExtUtils-ModuleMaker@rt.cpan.org] 
Gesendet: Freitag, 10. November 2017 17:24
An: Graf Robert 6318 sIT
Betreff: [rt.cpan.org #123587] Bug in &#34;make test&#34; ... requires “Test::Harness” and vice versa during installing

&lt;URL: <span class="clickylink"><a target="new" rel="nofollow" href="https://rt.cpan.org/Ticket/Display.html?id=123587">https://rt.cpan.org/Ticket/Display.html?id=123587</a></span> &gt;

On Fri Nov 10 10:35:18 2017, Robert.Graf@s-itsolutions.at wrote:
<div class="message-stanza open">&gt; Hi,
&gt; 
&gt; when I run „make test“ the module “Test/Harness.pm” is missing.
&gt; 
&gt; [sm9ac@sec001d ExtUtils-MakeMaker-7.30]$ make test
&gt; PERL_DL_NONLAZY=1 &#34;/usr/bin/perl&#34; -Iinc &#34;-Iblib/arch&#34; &#34;-Iblib/lib&#34; &#34;-
&gt; MExtUtils::Command::MM&#34; &#34;-MTest::Harness&#34; &#34;-e&#34; &#34;undef
&gt; *Test::Harness::Switches; test_harness&#40;0, &#39;blib/lib&#39;, &#39;blib/arch&#39;&#41;&#34;
&gt; t/*.t
&gt; Can&#39;t locate Test/Harness.pm in @INC &#40;@INC contains: inc blib/arch
&gt; blib/lib /usr/local/lib64/perl5 /usr/local/share/perl5
&gt; /usr/lib64/perl5/vendor_perl /usr/share/perl5/vendor_perl
&gt; /usr/lib64/perl5 /usr/share/perl5 .&#41;.
&gt; BEGIN failed--compilation aborted.
&gt; make: *** [test_dynamic] Error 2
&gt; [sm9ac@sec001d ExtUtils-MakeMaker-7.30]$ perl -V
&gt; Summary of my perl5 &#40;revision 5 version 16 subversion 3&#41;
&gt; configuration:
&gt; 
&gt; I then downloaded Test-Harness-3.39 and cat README which shows
&gt; requirement of Makefile.PL &#40;use ExtUtils::MakeMaker&#41;.
&gt; 
&gt; “ExtUtils::MakeMaker” requires “Test::Harness” and vice versa during
&gt; installing - which isn’t possible.
&gt; 
&gt; 
&gt; I’m using Red Hat 7.3 with Perl 5.16.3
&gt; 
&gt; 
</div>
I suspect you have confused &#34;ExtUtils::ModuleMaker&#34;  -- the CPAN library I maintain -- with &#34;ExtUtils::MakeMaker&#34; -- whose bug queue is at <span class="clickylink"><a target="new" rel="nofollow" href="https://rt.cpan.org//Public/Dist/ExtUtils-MakeMaker/Active/">https://rt.cpan.org//Dist/Display.html?Queue=ExtUtils-MakeMaker</a></span> and which is shipped with the Perl 5 core distribution.

There&#39;s no mention of Test::Harness in ModuleMaker&#39;s Makefile.PL.  Hence, I don&#39;t think ModuleMaker is responsible for the error output you have quoted.  Please double-check.

Thank you very much.
Jim Keenan
</div></div></div>
    </div>
</div>
</div>
<div class="ticket-transaction message Correspond even">
<div class="ticket-transaction">
  <div class="metadata">
    <span class="type">
      &nbsp;      
    </span>
    <span class="date">Fri&nbsp;Nov&nbsp;10&nbsp;11:56:12&nbsp;2017</span>
    <span class="description">jkeenan [...] cpan.org -  Correspondence added</span>
    <span class="time-taken"></span>    <span class="actions hidden"></span>
  </div>
    <div class="content">
      

<div class="messagebody">
<div class="message-stanza plain-text-white-space">On Fri Nov 10 11:33:57 2017, Robert.Graf@s-itsolutions.at wrote:
<span
    class="message-stanza-folder closed"
    onclick="fold_message_stanza(this, 'Show\x20quoted\x20text', 'Hide\x20quoted\x20text');">Show quoted text</span><br /><div class="message-stanza closed">&gt; Hi,
&gt; 
&gt; thanks a lot.
&gt; 
&gt; I think you are right.
&gt; 
&gt; I looks like our OS people in our bank have a &#34;reduced&#34; Red Hat 7.3 ?
&gt; 
&gt; 
</div>
Wow, that&#39;s old.  ISTR installing RH 7.3 &#40;or perhaps 7.2&#41; when I first wanted to learn Linux/Unix back in 2001!

<span
    class="message-stanza-folder closed"
    onclick="fold_message_stanza(this, 'Show\x20quoted\x20text', 'Hide\x20quoted\x20text');">Show quoted text</span><br /><div class="message-stanza closed">&gt; Another user just wrote:
&gt; 
&gt; By default Red Hat doesn&#39;t install all parts that usually ship with
&gt; perl;
&gt; what you&#39;re observing is a direct consequence of that unfortunate
&gt; decision.
&gt; If you install the perl-core package your problems should go away.
&gt; 
&gt; 
</div>
Yes, it is quite common for packagers such as RedHat, Debian, etc., to &#34;split up&#34; the Perl 5 core distribution from the tarball one would get at, say, <span class="clickylink"><a target="new" rel="nofollow" href="https://www.cpan.org/src/README.html">https://www.cpan.org/src/README.html</a></span>.  The &#34;base&#34; package will, in such cases, typically include what *the system itself* needs in order to have a perl executable capable of running programs shipped with the system.  But to develop applications with Perl, you always need core modules like MakeMaker.

And these days, when someone uses Perl in a production setting, it&#39;s more common &#40;and considered best practice&#41; for the developers to build their own perl executable and libraries attached, rather than to rely on the &#34;system&#34; or &#34;vendor&#34; perl executable.  Among other things, that enables you to write in the most up-to-date versions of the Perl 5 language, e.g., 5.26 versus 5.16.

Hope that helps.


<span
    class="message-stanza-folder closed"
    onclick="fold_message_stanza(this, 'Show\x20quoted\x20text', 'Hide\x20quoted\x20text');">Show quoted text</span><br /><div class="message-stanza closed">&gt; 
&gt; 
&gt; I will ask what is going around here in our company.
&gt; 
&gt; Thanks a lot.
&gt; 
&gt; Robert
&gt; 
&gt; 
&gt; 
&gt; 
&gt; -----Ursprüngliche Nachricht-----
&gt;  Von: James E Keenan via RT [mailto:bug-ExtUtils-
&gt; ModuleMaker@rt.cpan.org]
&gt; Gesendet: Freitag, 10. November 2017 17:24
&gt; An: Graf Robert 6318 sIT
&gt; Betreff: [rt.cpan.org #123587] Bug in &#34;make test&#34; ... requires
&gt; “Test::Harness” and vice versa during installing
&gt; 
&gt; &lt;URL: <span class="clickylink"><a target="new" rel="nofollow" href="https://rt.cpan.org/Ticket/Display.html?id=123587">https://rt.cpan.org/Ticket/Display.html?id=123587</a></span> &gt;
&gt; 
&gt; On Fri Nov 10 10:35:18 2017, Robert.Graf@s-itsolutions.at wrote:
<div class="message-stanza open">&gt; &gt; Hi,
&gt; &gt;
&gt; &gt; when I run „make test“ the module “Test/Harness.pm” is missing.
&gt; &gt;
&gt; &gt; [sm9ac@sec001d ExtUtils-MakeMaker-7.30]$ make test
&gt; &gt; PERL_DL_NONLAZY=1 &#34;/usr/bin/perl&#34; -Iinc &#34;-Iblib/arch&#34; &#34;-Iblib/lib&#34; &#34;-
&gt; &gt; MExtUtils::Command::MM&#34; &#34;-MTest::Harness&#34; &#34;-e&#34; &#34;undef
&gt; &gt; *Test::Harness::Switches; test_harness&#40;0, &#39;blib/lib&#39;, &#39;blib/arch&#39;&#41;&#34;
&gt; &gt; t/*.t
&gt; &gt; Can&#39;t locate Test/Harness.pm in @INC &#40;@INC contains: inc blib/arch
&gt; &gt; blib/lib /usr/local/lib64/perl5 /usr/local/share/perl5
&gt; &gt; /usr/lib64/perl5/vendor_perl /usr/share/perl5/vendor_perl
&gt; &gt; /usr/lib64/perl5 /usr/share/perl5 .&#41;.
&gt; &gt; BEGIN failed--compilation aborted.
&gt; &gt; make: *** [test_dynamic] Error 2
&gt; &gt; [sm9ac@sec001d ExtUtils-MakeMaker-7.30]$ perl -V
&gt; &gt; Summary of my perl5 &#40;revision 5 version 16 subversion 3&#41;
&gt; &gt; configuration:
&gt; &gt;
&gt; &gt; I then downloaded Test-Harness-3.39 and cat README which shows
&gt; &gt; requirement of Makefile.PL &#40;use ExtUtils::MakeMaker&#41;.
&gt; &gt;
&gt; &gt; “ExtUtils::MakeMaker” requires “Test::Harness” and vice versa during
&gt; &gt; installing - which isn’t possible.
&gt; &gt;
&gt; &gt;
&gt; &gt; I’m using Red Hat 7.3 with Perl 5.16.3
&gt; &gt;
&gt; &gt;
</div>&gt; 
&gt; I suspect you have confused &#34;ExtUtils::ModuleMaker&#34;  -- the CPAN
&gt; library I maintain -- with &#34;ExtUtils::MakeMaker&#34; -- whose bug queue is
&gt; at <span class="clickylink"><a target="new" rel="nofollow" href="https://rt.cpan.org//Public/Dist/ExtUtils-MakeMaker/Active/">https://rt.cpan.org//Dist/Display.html?Queue=ExtUtils-MakeMaker</a></span> and
&gt; which is shipped with the Perl 5 core distribution.
&gt; 
&gt; There&#39;s no mention of Test::Harness in ModuleMaker&#39;s Makefile.PL.
&gt; Hence, I don&#39;t think ModuleMaker is responsible for the error output
&gt; you have quoted.  Please double-check.
&gt; 
&gt; Thank you very much.
&gt; Jim Keenan
</div></div></div>
    </div>
</div>
</div>
<div class="ticket-transaction message Correspond odd">
<div class="ticket-transaction">
  <div class="metadata">
    <span class="type">
      &nbsp;      
    </span>
    <span class="date">Fri&nbsp;Nov&nbsp;10&nbsp;11:56:41&nbsp;2017</span>
    <span class="description">jkeenan [...] cpan.org -  Correspondence added</span>
    <span class="time-taken"></span>    <span class="actions hidden"></span>
  </div>
    <div class="content">
      

<div class="messagebody">
<div class="message-stanza plain-text-white-space">Closing ticket.  Problem is not in ModuleMaker.
</div></div>
    </div>
</div>
</div>
<div class="ticket-transaction basics Status even">
<div class="ticket-transaction">
  <div class="metadata">
    <span class="type">
      &nbsp;      
    </span>
    <span class="date">Fri&nbsp;Nov&nbsp;10&nbsp;11:56:41&nbsp;2017</span>
    <span class="description">jkeenan [...] cpan.org -  Status changed from &#39;open&#39; to &#39;rejected&#39;</span>
    <span class="time-taken"></span>    <span class="actions hidden"></span>
  </div>
    <div class="content">
    </div>
</div>
</div>
<div class="ticket-transaction message Correspond odd">
<div class="ticket-transaction">
  <div class="metadata">
    <span class="type">
      &nbsp;      
    </span>
    <span class="date">Fri&nbsp;Nov&nbsp;10&nbsp;12:09:15&nbsp;2017</span>
    <span class="description">Robert.Graf [...] s-itsolutions.at -  Correspondence added</span>
    <span class="time-taken"></span>    <span class="actions hidden"></span>
  </div>
    <div class="content">
      
<table>
  <tr>
    <td align="right" class="message-header-key">Subject:</td>
    <td class="message-header-value"> AW: [rt.cpan.org #123587] Bug in &#34;make test&#34; ... requires “Test::Harness” and vice versa during installing</td>
  </tr>
  <tr>
    <td align="right" class="message-header-key">Date:</td>
    <td class="message-header-value"> Fri, 10 Nov 2017 18:08:58 +0100</td>
  </tr>
  <tr>
    <td align="right" class="message-header-key">To:</td>
    <td class="message-header-value"> &#34;bug-ExtUtils-ModuleMaker [...] rt.cpan.org&#34; &lt;bug-ExtUtils-ModuleMaker [...] rt.cpan.org&gt;</td>
  </tr>
  <tr>
    <td align="right" class="message-header-key">From:</td>
    <td class="message-header-value"> Graf Robert 6318 sIT &lt;Robert.Graf [...] s-itsolutions.at&gt;</td>
  </tr>
</table>

<div class="messagebody">
<div class="message-stanza plain-text-white-space">Thanks a lot for the fast reply, that helps a lot.

What should I say about our OS people in our bank? ;&#41;

&#34;We are using RH because it&#39;s stable&#34;.

I will force them to install a complete normal Perl distribution on our server.

Best regards 
Robert



<span
    class="message-stanza-folder closed"
    onclick="fold_message_stanza(this, 'Show\x20quoted\x20text', 'Hide\x20quoted\x20text');">Show quoted text</span><br /><div class="message-stanza closed">-----Ursprüngliche Nachricht-----
Von: James E Keenan via RT [mailto:bug-ExtUtils-ModuleMaker@rt.cpan.org] 
Gesendet: Freitag, 10. November 2017 17:56
An: Graf Robert 6318 sIT
Betreff: [rt.cpan.org #123587] Bug in &#34;make test&#34; ... requires “Test::Harness” and vice versa during installing

&lt;URL: <span class="clickylink"><a target="new" rel="nofollow" href="https://rt.cpan.org/Ticket/Display.html?id=123587">https://rt.cpan.org/Ticket/Display.html?id=123587</a></span> &gt;

On Fri Nov 10 11:33:57 2017, Robert.Graf@s-itsolutions.at wrote:
<div class="message-stanza open">&gt; Hi,
&gt; 
&gt; thanks a lot.
&gt; 
&gt; I think you are right.
&gt; 
&gt; I looks like our OS people in our bank have a &#34;reduced&#34; Red Hat 7.3 ?
&gt; 
&gt; 
</div>
Wow, that&#39;s old.  ISTR installing RH 7.3 &#40;or perhaps 7.2&#41; when I first wanted to learn Linux/Unix back in 2001!

<div class="message-stanza open">&gt; Another user just wrote:
&gt; 
&gt; By default Red Hat doesn&#39;t install all parts that usually ship with
&gt; perl;
&gt; what you&#39;re observing is a direct consequence of that unfortunate
&gt; decision.
&gt; If you install the perl-core package your problems should go away.
&gt; 
&gt; 
</div>
Yes, it is quite common for packagers such as RedHat, Debian, etc., to &#34;split up&#34; the Perl 5 core distribution from the tarball one would get at, say, <span class="clickylink"><a target="new" rel="nofollow" href="https://www.cpan.org/src/README.html">https://www.cpan.org/src/README.html</a></span>.  The &#34;base&#34; package will, in such cases, typically include what *the system itself* needs in order to have a perl executable capable of running programs shipped with the system.  But to develop applications with Perl, you always need core modules like MakeMaker.

And these days, when someone uses Perl in a production setting, it&#39;s more common &#40;and considered best practice&#41; for the developers to build their own perl executable and libraries attached, rather than to rely on the &#34;system&#34; or &#34;vendor&#34; perl executable.  Among other things, that enables you to write in the most up-to-date versions of the Perl 5 language, e.g., 5.26 versus 5.16.

Hope that helps.


<div class="message-stanza open">&gt; 
&gt; 
&gt; I will ask what is going around here in our company.
&gt; 
&gt; Thanks a lot.
&gt; 
&gt; Robert
&gt; 
&gt; 
&gt; 
&gt; 
&gt; -----Ursprüngliche Nachricht-----
&gt;  Von: James E Keenan via RT [mailto:bug-ExtUtils-
&gt; ModuleMaker@rt.cpan.org]
&gt; Gesendet: Freitag, 10. November 2017 17:24
&gt; An: Graf Robert 6318 sIT
&gt; Betreff: [rt.cpan.org #123587] Bug in &#34;make test&#34; ... requires
&gt; “Test::Harness” and vice versa during installing
&gt; 
&gt; &lt;URL: <span class="clickylink"><a target="new" rel="nofollow" href="https://rt.cpan.org/Ticket/Display.html?id=123587">https://rt.cpan.org/Ticket/Display.html?id=123587</a></span> &gt;
&gt; 
&gt; On Fri Nov 10 10:35:18 2017, Robert.Graf@s-itsolutions.at wrote:
<div class="message-stanza open">&gt; &gt; Hi,
&gt; &gt;
&gt; &gt; when I run „make test“ the module “Test/Harness.pm” is missing.
&gt; &gt;
&gt; &gt; [sm9ac@sec001d ExtUtils-MakeMaker-7.30]$ make test
&gt; &gt; PERL_DL_NONLAZY=1 &#34;/usr/bin/perl&#34; -Iinc &#34;-Iblib/arch&#34; &#34;-Iblib/lib&#34; &#34;-
&gt; &gt; MExtUtils::Command::MM&#34; &#34;-MTest::Harness&#34; &#34;-e&#34; &#34;undef
&gt; &gt; *Test::Harness::Switches; test_harness&#40;0, &#39;blib/lib&#39;, &#39;blib/arch&#39;&#41;&#34;
&gt; &gt; t/*.t
&gt; &gt; Can&#39;t locate Test/Harness.pm in @INC &#40;@INC contains: inc blib/arch
&gt; &gt; blib/lib /usr/local/lib64/perl5 /usr/local/share/perl5
&gt; &gt; /usr/lib64/perl5/vendor_perl /usr/share/perl5/vendor_perl
&gt; &gt; /usr/lib64/perl5 /usr/share/perl5 .&#41;.
&gt; &gt; BEGIN failed--compilation aborted.
&gt; &gt; make: *** [test_dynamic] Error 2
&gt; &gt; [sm9ac@sec001d ExtUtils-MakeMaker-7.30]$ perl -V
&gt; &gt; Summary of my perl5 &#40;revision 5 version 16 subversion 3&#41;
&gt; &gt; configuration:
&gt; &gt;
&gt; &gt; I then downloaded Test-Harness-3.39 and cat README which shows
&gt; &gt; requirement of Makefile.PL &#40;use ExtUtils::MakeMaker&#41;.
&gt; &gt;
&gt; &gt; “ExtUtils::MakeMaker” requires “Test::Harness” and vice versa during
&gt; &gt; installing - which isn’t possible.
&gt; &gt;
&gt; &gt;
&gt; &gt; I’m using Red Hat 7.3 with Perl 5.16.3
&gt; &gt;
&gt; &gt;
</div>&gt; 
&gt; I suspect you have confused &#34;ExtUtils::ModuleMaker&#34;  -- the CPAN
&gt; library I maintain -- with &#34;ExtUtils::MakeMaker&#34; -- whose bug queue is
&gt; at <span class="clickylink"><a target="new" rel="nofollow" href="https://rt.cpan.org//Public/Dist/ExtUtils-MakeMaker/Active/">https://rt.cpan.org//Dist/Display.html?Queue=ExtUtils-MakeMaker</a></span> and
&gt; which is shipped with the Perl 5 core distribution.
&gt; 
&gt; There&#39;s no mention of Test::Harness in ModuleMaker&#39;s Makefile.PL.
&gt; Hence, I don&#39;t think ModuleMaker is responsible for the error output
&gt; you have quoted.  Please double-check.
&gt; 
&gt; Thank you very much.
&gt; Jim Keenan
</div></div></div></div>
    </div>
</div>
</div>
</div>
    <hr class="clear" />
  </div>
</div>




</div>
 


  <hr class="clear" />
</div>
</body>
</html>
