<!DOCTYPE html>

<html lang="en">
  <head>
    <title>Bug #8367 for Mac-Apps-Launch: problem with test plan</title>
    <meta http-equiv="X-UA-Compatible" content="IE=edge" />
    <!-- The X-UA-Compatible <meta> tag above must be very early in <head> -->

    <script>
if (window.top !== window.self) {
    document.write = "";

    window.top.location = window.self.location;

    setTimeout(function(){
        document.body.innerHTML = "";
    }, 1);

    window.self.onload = function(){
        document.body.innerHTML = "";
    };
}
</script>



<link rel="shortcut icon" href="/NoAuth/images/favicon.png" type="image/png" />
<link rel="stylesheet" href="/NoAuth/css/aileron-squished-00f758259152f8b6670ee485f462e6b8.css" type="text/css" media="all" />
<link rel="stylesheet" href="/NoAuth/css/print.css" type="text/css" media="print" />




<script type="text/javascript" src="/NoAuth/js/squished-42167f2409ce368da2d31038e5cb2a57.js"></script>

<script type="text/javascript"><!--
	jQuery( loadTitleBoxStates );

--></script>


<!--[if lt IE 8]>
<link rel="stylesheet" href="/NoAuth/css/aileron/msie.css" type="text/css" media="all" />
<![endif]-->
<!--[if lt IE 7]>
<link rel="stylesheet" href="/NoAuth/css/aileron/msie6.css" type="text/css" media="all" />
<![endif]-->
<script type="text/javascript">
jQuery(document).ready(function(){
    jQuery.fn.supersubs.defaults = {
        maxWidth: 30,
        extraWidth: 2
    };

    jQuery("#app-nav.toplevel").addClass('sf-menu sf-js-enabled sf-shadow').supersubs().superfish({ speed: 'fast' });
    jQuery("#page-menu.toplevel").addClass('sf-menu sf-js-enabled').supersubs().superfish({ dropShadows: false, speed: 'fast' }).supposition();
});
</script>


<!-- Site CSS from theme editor -->
<style type="text/css" media="all" id="sitecss">
</style>

<meta name="google-site-verification" content="kD3-uEJK1AkTqaC-rckcSt_HPkAj674DPPuEN6i-y0g" />

</head>
  <body class="aileron sidebyside" id="comp-Public-Bug-Display">

<div id="logo">
<a href="/"><img
    src="/NoAuth/images/cpan.png"
    alt="CPAN"
    width="181"
    height="38" /></a>
    <span class="rtname">RT for rt.cpan.org</span>
</div>


<div id="quickbar">
  <div id="quick-personal">
    <span class="hide"><a href="#skipnav">Skip Menu</a> | </span>
</div>

</div>
<div id="header"><h1>Bug #8367 for Mac-Apps-Launch: problem with test plan</h1></div>



<div id="page-navigation"><ul id="page-menu" class="toplevel">
 <li id="li-page-active_bugs"><a id="page-active_bugs" class="menu-item " href="/Public/Dist/Mac-Apps-Launch/Active/">Active bugs</a></li>
 <li id="li-page-resolved_bugs"><a id="page-resolved_bugs" class="menu-item " href="/Public/Dist/Mac-Apps-Launch/Resolved/">Resolved bugs</a></li>
 <li id="li-page-rejected_bugs"><a id="page-rejected_bugs" class="menu-item " href="/Public/Dist/Mac-Apps-Launch/Rejected/">Rejected bugs</a></li>
 <li id="li-page-report"><a id="page-report" class="menu-item " href="/Public/Dist/Mac-Apps-Launch/Active/"></a></li>
</ul></div>
<div id="topactions">



</div>
<div id="body">


<a name="skipnav" id="skipnav" accesskey="8"></a>





<p>This queue is for tickets about the <a href="https://metacpan.org/release/Mac-Apps-Launch">Mac-Apps-Launch CPAN distribution</a>.</p>





<div class="">
  <div class="titlebox" id="">
  <div class="titlebox-title">
    <span class="widget"><a href="#" onclick="return rollup('TitleBox\x2D\x2D\x5FPublic\x5FBug\x5FDisplay\x5Fhtml\x2D\x2D\x2D\x2D\x2D\x2DUmVwb3J0IGluZm9ybWF0aW9u\x2D\x2D\x2D0');" title="Toggle visibility"></a></span>
    <span class="left">Report information</span>
    <span class="right-empty">		    </span>
  </div>
  <div class="titlebox-content " id="TitleBox--_Public_Bug_Display_html------UmVwb3J0IGluZm9ybWF0aW9u---0">


<table width="100%" class="ticket-summary">
<tr>
  <td valign="top" class="boxcontainer">
    <div class="ticket-info-basics">
  <div class="titlebox ticket-info-basics " id="">
  <div class="titlebox-title">
    <span class="widget"><a href="#" onclick="return rollup('TitleBox\x2D\x2D\x5FPublic\x5FBug\x5FDisplay\x5Fhtml\x2D\x2Dticket\x2Dinfo\x2Dbasics\x2D\x2D\x2D\x2DVGhlIEJhc2ljcw\x5F\x5F\x2D\x2D\x2D0');" title="Toggle visibility"></a></span>
    <span class="left">The Basics</span>
    <span class="right-empty">		    </span>
  </div>
  <div class="titlebox-content " id="TitleBox--_Public_Bug_Display_html--ticket-info-basics----VGhlIEJhc2ljcw__---0">


        <table>
  <tr class="id">
    <td class="label">Id:</td>
    <td class="value">8367</td>
  </tr>
  <tr class="status">
    <td class="label">Status:</td>
    <td class="value">resolved</td>
  </tr>
  <tr class="priority">
    <td class="label">Priority:</td>
    <td class="value">0/
</td>
  </tr>
  <tr class="queue">
    <td class="label">Queue:</td>
    <td class="value"><a href="/Public/Dist/Mac-Apps-Launch/Active/">Mac-Apps-Launch</a>
</td>
  </tr>
</table>

        <hr class="clear" />
  </div>
</div>




</div>


    <div class="ticket-info-people">
  <div class="titlebox ticket-info-people " id="">
  <div class="titlebox-title">
    <span class="widget"><a href="#" onclick="return rollup('TitleBox\x2D\x2D\x5FPublic\x5FBug\x5FDisplay\x5Fhtml\x2D\x2Dticket\x2Dinfo\x2Dpeople\x2D\x2D\x2D\x2DUGVvcGxl\x2D\x2D\x2D0');" title="Toggle visibility"></a></span>
    <span class="left">People</span>
    <span class="right-empty">		    </span>
  </div>
  <div class="titlebox-content " id="TitleBox--_Public_Bug_Display_html--ticket-info-people----UGVvcGxl---0">


        <table>
  <tr>
    <td class="label">Owner:</td>
    <td class="value">cnandor [...] cpan.org
    
    </td>
  </tr>
  <tr>
    <td class="labeltop">Requestors:</td>
    <td class="value">
cpan_user [...] philsplace.org

<br />

</td>
  </tr>
  <tr>
    <td class="labeltop">Cc:</td>
    <td class="value">

</td>
  </tr>
  <tr>
    <td class="labeltop">AdminCc:</td>
    <td class="value">

</td>
  </tr>
</table>

        <hr class="clear" />
  </div>
</div>




</div>



  </td>
  <td valign="top" class="boxcontainer">
    
    <div class="ticket-info-cfs">
  <div class="titlebox ticket-info-cfs " id="">
  <div class="titlebox-title">
    <span class="widget"><a href="#" onclick="return rollup('TitleBox\x2D\x2D\x5FPublic\x5FBug\x5FDisplay\x5Fhtml\x2D\x2Dticket\x2Dinfo\x2Dcfs\x2D\x2D\x2D\x2DQnVnIEluZm9ybWF0aW9u\x2D\x2D\x2D0');" title="Toggle visibility"></a></span>
    <span class="left">Bug Information</span>
    <span class="right-empty">		    </span>
  </div>
  <div class="titlebox-content " id="TitleBox--_Public_Bug_Display_html--ticket-info-cfs----QnVnIEluZm9ybWF0aW9u---0">

 
        <table>
  <tr id="CF-1-ShowRow">
    <td class="label">Severity:</td>
    <td class="value">
Normal    </td>
  </tr>
  <tr id="CF-19720-ShowRow">
    <td class="label">Broken in:</td>
    <td class="value">
1.90    </td>
  </tr>
  <tr id="CF-19721-ShowRow">
    <td class="label">Fixed in:</td>
    <td class="value">
1.91    </td>
  </tr>
</table>


        <hr class="clear" />
  </div>
</div>




</div>


    




  </td>
</tr>
</table>

    <hr class="clear" />
  </div>
</div>




</div>


<br />


<div class="history">
<div class="titlebox" id="">
  <div class="titlebox-title">
    <span class="widget"><a href="#" onclick="return rollup('TitleBox\x2D\x2D\x5FPublic\x5FBug\x5FDisplay\x5Fhtml\x2D\x2D\x2D\x2D\x2D\x2DSGlzdG9yeQ\x5F\x5F\x2D\x2D\x2D0');" title="Toggle visibility"></a></span>
    <span class="left">History</span>
    <span class="right">		<a href="#" data-direction="open" onclick="return toggle_all_folds(this, 'Show\x20all\x20quoted\x20text', 'Hide\x20all\x20quoted\x20text');">Show all quoted text</a>    </span>
  </div>
  <div class="titlebox-content " id="TitleBox--_Public_Bug_Display_html------SGlzdG9yeQ__---0">


<div id="ticket-history">
<div class="ticket-transaction message Create odd">
<div class="ticket-transaction">
  <div class="metadata">
    <span class="type">
      &nbsp;      
    </span>
    <span class="date">Thu&nbsp;Nov&nbsp;11&nbsp;13:14:14&nbsp;2004</span>
    <span class="description">Guest -  Ticket created</span>
    <span class="time-taken"></span>    <span class="actions hidden"></span>
  </div>
    <div class="content">
      
<table>
  <tr>
    <td align="right" class="message-header-key">Subject:</td>
    <td class="message-header-value"> problem with test plan</td>
  </tr>
</table>

<div class="messagebody">
<div class="message-stanza plain-text-white-space">While installing on a new G5 iMac, OS version 10.3.6 I got the following:

Running install for module Mac::Apps::Launch
Running make for C/CN/CNANDOR/Mac-Apps-Launch-1.90.tar.gz
  Is already unwrapped into directory /Users/phillip/.cpan/build/Mac-Apps-Launch-1.90
  Has already been processed within this session
Running make test
PERL_DL_NONLAZY=1 /usr/bin/perl &#34;-MExtUtils::Command::MM&#34; &#34;-e&#34; &#34;test_harness&#40;0, &#39;blib/lib&#39;, &#39;blib/arch&#39;&#41;&#34; t/*.t
t/launch....ok 17/23# Looks like you planned 23 tests but only ran 22.       

changing the plan to show 22 tests let the install finish. &#40;Hopefully there really were only 22 tests&#41;
</div></div>
    </div>
</div>
</div>
<div class="ticket-transaction message Correspond even">
<div class="ticket-transaction">
  <div class="metadata">
    <span class="type">
      &nbsp;      
    </span>
    <span class="date">Fri&nbsp;Nov&nbsp;12&nbsp;01:26:47&nbsp;2004</span>
    <span class="description">cnandor [...] cpan.org -  Correspondence added</span>
    <span class="time-taken"></span>    <span class="actions hidden"></span>
  </div>
    <div class="content">
      
<table>
  <tr>
    <td align="right" class="message-header-key">Date:</td>
    <td class="message-header-value"> Thu, 11 Nov 2004 21:28:06 -0800</td>
  </tr>
  <tr>
    <td align="right" class="message-header-key">To:</td>
    <td class="message-header-value"> bug-Mac-Apps-Launch [...] rt.cpan.org</td>
  </tr>
  <tr>
    <td align="right" class="message-header-key">From:</td>
    <td class="message-header-value"> Chris Nandor &lt;cnandor [...] cpan.org&gt;</td>
  </tr>
  <tr>
    <td align="right" class="message-header-key">Subject:</td>
    <td class="message-header-value"> Re: [cpan #8367] problem with test plan</td>
  </tr>
  <tr>
    <td align="right" class="message-header-key">RT-Send-Cc:</td>
    <td class="message-header-value"> </td>
  </tr>
</table>

<div class="messagebody">
<div class="message-stanza plain-text-white-space">At 13:14 -0500 2004.11.11, Guest via RT wrote:
<span
    class="message-stanza-folder closed"
    onclick="fold_message_stanza(this, 'Show\x20quoted\x20text', 'Hide\x20quoted\x20text');">Show quoted text</span><br /><div class="message-stanza closed">&gt;PERL_DL_NONLAZY=1 /usr/bin/perl &#34;-MExtUtils::Command::MM&#34; &#34;-e&#34;
&gt;&#34;test_harness&#40;0, &#39;blib/lib&#39;, &#39;blib/arch&#39;&#41;&#34; t/*.t
&gt;t/launch....ok 17/23# Looks like you planned 23 tests but only ran 22.
&gt;
&gt;changing the plan to show 22 tests let the install finish. &#40;Hopefully there
&gt;really were only 22 tests&#41;
</div>
Odd.  Please rerun make test with `make test TEST_VERBOSE=1`, and send in
the output, along with the output of `perl -V`.  Thanks,

-- 
Chris Nandor                      pudge@pobox.com    <span class="clickylink"><a target="new" rel="nofollow" href="http://pudge.net/">http://pudge.net/</a></span>
Open Source Technology Group       pudge@ostg.com     <span class="clickylink"><a target="new" rel="nofollow" href="http://ostg.com/">http://ostg.com/</a></span>
</div></div>
    </div>
</div>
</div>
<div class="ticket-transaction message Correspond odd">
<div class="ticket-transaction">
  <div class="metadata">
    <span class="type">
      &nbsp;      
    </span>
    <span class="date">Fri&nbsp;Nov&nbsp;12&nbsp;12:00:47&nbsp;2004</span>
    <span class="description">Guest -  Correspondence added</span>
    <span class="time-taken"></span>    <span class="actions hidden"></span>
  </div>
    <div class="content">
      

<div class="messagebody">
<div class="message-stanza plain-text-white-space">[CNANDOR - Fri Nov 12 01:26:47 2004]:

<span
    class="message-stanza-folder closed"
    onclick="fold_message_stanza(this, 'Show\x20quoted\x20text', 'Hide\x20quoted\x20text');">Show quoted text</span><br /><div class="message-stanza closed">&gt; Odd.  Please rerun make test with `make test TEST_VERBOSE=1`, and send
&gt;    in
&gt; the output, along with the output of `perl -V`.  Thanks,
</div>
&#40;after setting the plan back to 23&#41;

It looks like having textedit or the calculator running prior to the
tests throws things off. If I have one of them running, the tests fail.
If I stop both of them, the tests pass.

Hope this helps!

---

This is with textedit running:

phillip$ make test TEST_VERBOSE=1
PERL_DL_NONLAZY=1 /usr/bin/perl &#34;-MExtUtils::Command::MM&#34; &#34;-e&#34;
&#34;test_harness&#40;1, &#39;blib/lib&#39;, &#39;blib/arch&#39;&#41;&#34; t/*.t
t/launch....1..23
ok 1 - use Mac::Apps::Launch;
ok 2 # skip Not MacPerl
not ok 3 - Hide # TODO no Mac::Apps::Launch Hide/Show on Mac OS X
#     Failed &#40;TODO&#41; test &#40;t/launch.t at line 32&#41;
not ok 4 - Show # TODO no Mac::Apps::Launch Hide/Show on Mac OS X
#     Failed &#40;TODO&#41; test &#40;t/launch.t at line 33&#41;
ok 5 - IsRunning
ok 6 - IsRunning
ok 7 - SetFront
ok 8 - IsRunning
ok 9 - LaunchSpecs
ok 10 - IsRunning
ok 11 - Find /Applications/Calculator.app
ok 12 - Kill /Applications/Calculator.app
ok 13 - Don&#39;t find /Applications/Calculator.app
ok 14 - IsRunning
ok 15 - IsRunning
ok 16 - LaunchSpecs
ok 17 - IsRunning
# Looks like you planned 23 tests but only ran 22.
ok 18 - Find /Applications/TextEdit.app
ok 19 # skip /Applications/TextEdit.app was previously running
ok 20 # skip /Applications/TextEdit.app was previously running
ok 21 # skip Mac::Apps::Launch Quit/Launch Finder
ok 22 # skip Mac::Apps::Launch Quit/Launch Finder
dubious
        Test returned status 1 &#40;wstat 256, 0x100&#41;
DIED. FAILED test 23
        Failed 1/23 tests, 95.65% okay &#40;less 5 skipped tests: 17 okay,
73.91%&#41;
t/pod.......1..1
ok 1 - POD test for blib/lib/Mac/Apps/Launch.pm
ok
Failed Test Stat Wstat Total Fail  Failed  List of Failed
-------------------------------------------------------------------------------
t/launch.t     1   256    23    2   8.70%  23
5 subtests skipped.
Failed 1/2 test scripts, 50.00% okay. 1/24 subtests failed, 95.83% okay.
make: *** [test_dynamic] Error 2

phillip$ perl -V
Summary of my perl5 &#40;revision 5.0 version 8 subversion 1 RC3&#41; configuration:
  Platform:
    osname=darwin, osvers=7.0, archname=darwin-thread-multi-2level
    uname=&#39;darwin hampsten 7.0 darwin kernel version 6.0: fri jul 25
16:58:41 pdt 2003;
root:xnu-344.frankd.rootsxnu-344.frankd~objrelease_ppc power macintosh
powerpc &#39;
    config_args=&#39;-ds -e -Dprefix=/usr -Dccflags=-g  -pipe 
-Dldflags=-Dman3ext=3pm -Duseithreads -Duseshrplib&#39;
    hint=recommended, useposix=true, d_sigaction=define
    usethreads=define use5005threads=undef useithreads=define
usemultiplicity=define
    useperlio=define d_sfio=undef uselargefiles=define usesocks=undef
    use64bitint=undef use64bitall=undef uselongdouble=undef
    usemymalloc=n, bincompat5005=undef
  Compiler:
    cc=&#39;cc&#39;, ccflags =&#39;-g -pipe -pipe -fno-common -DPERL_DARWIN
-no-cpp-precomp -fno-strict-aliasing -I/usr/local/include&#39;,
    optimize=&#39;-Os&#39;,
    cppflags=&#39;-no-cpp-precomp -g -pipe -pipe -fno-common -DPERL_DARWIN
-no-cpp-precomp -fno-strict-aliasing -I/usr/local/include&#39;
    ccversion=&#39;&#39;, gccversion=&#39;3.3 20030304 &#40;Apple Computer, Inc. build
1495&#41;&#39;, gccosandvers=&#39;&#39;
    intsize=4, longsize=4, ptrsize=4, doublesize=8, byteorder=4321
    d_longlong=define, longlongsize=8, d_longdbl=define, longdblsize=8
    ivtype=&#39;long&#39;, ivsize=4, nvtype=&#39;double&#39;, nvsize=8, Off_t=&#39;off_t&#39;,
lseeksize=8
    alignbytes=8, prototype=define
  Linker and Libraries:
    ld=&#39;MACOSX_DEPLOYMENT_TARGET=10.3 cc&#39;, ldflags =&#39;-L/usr/local/lib&#39;
    libpth=/usr/local/lib /usr/lib
    libs=-ldbm -ldl -lm -lc
    perllibs=-ldl -lm -lc
    libc=/usr/lib/libc.dylib, so=dylib, useshrplib=true,
libperl=libperl.dylib
    gnulibc_version=&#39;&#39;
  Dynamic Linking:
    dlsrc=dl_dyld.xs, dlext=bundle, d_dlsymun=undef, ccdlflags=&#39; &#39;
    cccdlflags=&#39; &#39;, lddlflags=&#39;-bundle -undefined dynamic_lookup
-L/usr/local/lib&#39;


Characteristics of this binary &#40;from libperl&#41;: 
  Compile-time options: MULTIPLICITY USE_ITHREADS USE_LARGE_FILES
PERL_IMPLICIT_CONTEXT
  Locally applied patches:
        RC3
  Built under darwin
  Compiled at Sep 12 2003 19:50:49
  @INC:
    /System/Library/Perl/5.8.1/darwin-thread-multi-2level
    /System/Library/Perl/5.8.1
    /Library/Perl/5.8.1/darwin-thread-multi-2level
    /Library/Perl/5.8.1
    /Library/Perl
    /Network/Library/Perl/5.8.1/darwin-thread-multi-2level
    /Network/Library/Perl/5.8.1
    /Network/Library/Perl
    .


---------

Now comes the interesting part. I noticed that tests 19 and 20 were
skipped because textedit was already running.

So, I quit textedit and re-ran the tests. Here is what I got:

---------

make test TEST_VERBOSE=1
PERL_DL_NONLAZY=1 /usr/bin/perl &#34;-MExtUtils::Command::MM&#34; &#34;-e&#34;
&#34;test_harness&#40;1, &#39;blib/lib&#39;, &#39;blib/arch&#39;&#41;&#34; t/*.t
t/launch....1..23
ok 1 - use Mac::Apps::Launch;
ok 2 # skip Not MacPerl
not ok 3 - Hide # TODO no Mac::Apps::Launch Hide/Show on Mac OS X
#     Failed &#40;TODO&#41; test &#40;t/launch.t at line 32&#41;
not ok 4 - Show # TODO no Mac::Apps::Launch Hide/Show on Mac OS X
#     Failed &#40;TODO&#41; test &#40;t/launch.t at line 33&#41;
ok 5 - IsRunning
ok 6 - IsRunning
ok 7 - SetFront
ok 8 - IsRunning
ok 9 - LaunchSpecs
ok 10 - IsRunning
ok 11 - Find /Applications/TextEdit.app
ok 12 - Kill /Applications/TextEdit.app
ok 13 - Don&#39;t find /Applications/TextEdit.app
ok 14 - IsRunning
ok 15 - IsRunning
ok 16 - LaunchSpecs
ok 17 - IsRunning
ok 18 - Find /Applications/Calculator.app
ok 19 - Kill /Applications/Calculator.app
ok 20 - Don&#39;t find /Applications/Calculator.app
ok 21 - IsRunning
ok 22 # skip Mac::Apps::Launch Quit/Launch Finder
ok 23 # skip Mac::Apps::Launch Quit/Launch Finder
ok
        3/23 skipped: various reasons
t/pod.......1..1
ok 1 - POD test for blib/lib/Mac/Apps/Launch.pm
ok
All tests successful, 3 subtests skipped.
Files=2, Tests=24, 14 wallclock secs &#40; 0.60 cusr +  0.28 csys =  0.88 CPU&#41;

-------

Starting textedit and running the test again caused the failure noted above.

Next, I shut down textedit and started up the calculator instead. I got
this:

-------

phillip$ make test TEST_VERBOSE=1
PERL_DL_NONLAZY=1 /usr/bin/perl &#34;-MExtUtils::Command::MM&#34; &#34;-e&#34;
&#34;test_harness&#40;1, &#39;blib/lib&#39;, &#39;blib/arch&#39;&#41;&#34; t/*.t
t/launch....1..23
ok 1 - use Mac::Apps::Launch;
ok 2 # skip Not MacPerl
not ok 3 - Hide # TODO no Mac::Apps::Launch Hide/Show on Mac OS X
#     Failed &#40;TODO&#41; test &#40;t/launch.t at line 32&#41;
not ok 4 - Show # TODO no Mac::Apps::Launch Hide/Show on Mac OS X
#     Failed &#40;TODO&#41; test &#40;t/launch.t at line 33&#41;
ok 5 - IsRunning
ok 6 - IsRunning
ok 7 - SetFront
ok 8 - IsRunning
ok 9 - LaunchSpecs
ok 10 - IsRunning
ok 11 - Find /Applications/TextEdit.app
ok 12 - Kill /Applications/TextEdit.app
ok 13 - Don&#39;t find /Applications/TextEdit.app
ok 14 - IsRunning
ok 15 - IsRunning
ok 16 - LaunchSpecs
ok 17 - IsRunning
# Looks like you planned 23 tests but only ran 22.
ok 18 - Find /Applications/Calculator.app
ok 19 # skip /Applications/Calculator.app was previously running
ok 20 # skip /Applications/Calculator.app was previously running
ok 21 # skip Mac::Apps::Launch Quit/Launch Finder
ok 22 # skip Mac::Apps::Launch Quit/Launch Finder
dubious
        Test returned status 1 &#40;wstat 256, 0x100&#41;
DIED. FAILED test 23
        Failed 1/23 tests, 95.65% okay &#40;less 5 skipped tests: 17 okay,
73.91%&#41;
t/pod.......1..1
ok 1 - POD test for blib/lib/Mac/Apps/Launch.pm
ok
Failed Test Stat Wstat Total Fail  Failed  List of Failed
-------------------------------------------------------------------------------
t/launch.t     1   256    23    2   8.70%  23
5 subtests skipped.
Failed 1/2 test scripts, 50.00% okay. 1/24 subtests failed, 95.83% okay.
make: *** [test_dynamic] Error 2
</div></div>
    </div>
</div>
</div>
<div class="ticket-transaction basics Status even">
<div class="ticket-transaction">
  <div class="metadata">
    <span class="type">
      &nbsp;      
    </span>
    <span class="date">Tue&nbsp;Dec&nbsp;07&nbsp;00:28:32&nbsp;2004</span>
    <span class="description">cnandor [...] cpan.org -  Status changed from &#39;new&#39; to &#39;open&#39;</span>
    <span class="time-taken"></span>    <span class="actions hidden"></span>
  </div>
    <div class="content">
    </div>
</div>
</div>
<div class="ticket-transaction message Correspond odd">
<div class="ticket-transaction">
  <div class="metadata">
    <span class="type">
      &nbsp;      
    </span>
    <span class="date">Tue&nbsp;Dec&nbsp;07&nbsp;00:28:32&nbsp;2004</span>
    <span class="description">cnandor [...] cpan.org -  Correspondence added</span>
    <span class="time-taken"></span>    <span class="actions hidden"></span>
  </div>
    <div class="content">
      

<div class="messagebody">
<div class="message-stanza plain-text-white-space">[guest - Fri Nov 12 12:00:47 2004]:

<span
    class="message-stanza-folder closed"
    onclick="fold_message_stanza(this, 'Show\x20quoted\x20text', 'Hide\x20quoted\x20text');">Show quoted text</span><br /><div class="message-stanza closed">&gt; Now comes the interesting part. I noticed that tests 19 and 20 were
&gt; skipped because textedit was already running.
&gt; 
&gt; So, I quit textedit and re-ran the tests. Here is what I got:
</div>
I am finally finding time to fix this stuff, and yes, that is exactly the problem, a bug in the 
tests for the situation where TextEdit is already running.  Fixed, will upload new version 
soon.  Thanks!

-- 
Chris Nandor                      pudge@pobox.com    <span class="clickylink"><a target="new" rel="nofollow" href="http://pudge.net/">http://pudge.net/</a></span>
Open Source Development Network    pudge@osdn.com     <span class="clickylink"><a target="new" rel="nofollow" href="http://osdn.com/">http://osdn.com/</a></span>
</div></div>
    </div>
</div>
</div>
<div class="ticket-transaction people Give even">
<div class="ticket-transaction">
  <div class="metadata">
    <span class="type">
      &nbsp;      
    </span>
    <span class="date">Tue&nbsp;Dec&nbsp;07&nbsp;00:28:33&nbsp;2004</span>
    <span class="description">cnandor [...] cpan.org -  Given to CNANDOR</span>
    <span class="time-taken"></span>    <span class="actions hidden"></span>
  </div>
    <div class="content">
    </div>
</div>
</div>
<div class="ticket-transaction message Correspond odd">
<div class="ticket-transaction">
  <div class="metadata">
    <span class="type">
      &nbsp;      
    </span>
    <span class="date">Tue&nbsp;Dec&nbsp;07&nbsp;10:44:31&nbsp;2004</span>
    <span class="description">Guest -  Correspondence added</span>
    <span class="time-taken"></span>    <span class="actions hidden"></span>
  </div>
    <div class="content">
      

<div class="messagebody">
<div class="message-stanza plain-text-white-space">[CNANDOR - Tue Dec  7 00:28:32 2004]:

<span
    class="message-stanza-folder closed"
    onclick="fold_message_stanza(this, 'Show\x20quoted\x20text', 'Hide\x20quoted\x20text');">Show quoted text</span><br /><div class="message-stanza closed">&gt; I am finally finding time to fix this stuff, and yes, that is exactly
&gt;    the problem, a bug in the
&gt; tests for the situation where TextEdit is already running.  Fixed,
&gt;    will upload new version
&gt; soon.  Thanks!
</div>
Thanks!

I just re-ran the tests above with the various combinations of apps
opened &#40;or not&#41; and everything worked.
</div></div>
    </div>
</div>
</div>
<div class="ticket-transaction basics Status even">
<div class="ticket-transaction">
  <div class="metadata">
    <span class="type">
      &nbsp;      
    </span>
    <span class="date">Tue&nbsp;Dec&nbsp;07&nbsp;11:23:05&nbsp;2004</span>
    <span class="description">cnandor [...] cpan.org -  Status changed from &#39;open&#39; to &#39;resolved&#39;</span>
    <span class="time-taken"></span>    <span class="actions hidden"></span>
  </div>
    <div class="content">
    </div>
</div>
</div>
<div class="ticket-transaction other CustomField odd">
<div class="ticket-transaction">
  <div class="metadata">
    <span class="type">
      &nbsp;      
    </span>
    <span class="date">Tue&nbsp;Dec&nbsp;07&nbsp;11:23:06&nbsp;2004</span>
    <span class="description">cnandor [...] cpan.org -  Fixed in 1.91 added</span>
    <span class="time-taken"></span>    <span class="actions hidden"></span>
  </div>
    <div class="content">
    </div>
</div>
</div>
<div class="ticket-transaction message Correspond even">
<div class="ticket-transaction">
  <div class="metadata">
    <span class="type">
      &nbsp;      
    </span>
    <span class="date">Sat&nbsp;Apr&nbsp;22&nbsp;04:32:30&nbsp;2006</span>
    <span class="description">Guest -  Correspondence added</span>
    <span class="time-taken"></span>    <span class="actions hidden"></span>
  </div>
    <div class="content">
      
<table>
  <tr>
    <td align="right" class="message-header-key">Subject:</td>
    <td class="message-header-value"> Calculator/Missing/Disabled?</td>
  </tr>
  <tr>
    <td align="right" class="message-header-key">From:</td>
    <td class="message-header-value"> Chriself [...] sbcglobal.net</td>
  </tr>
</table>

<div class="messagebody">
<div class="message-stanza plain-text-white-space">space.bar.not.working&#40;newOneOrdered&#41;

Problem:
MyDesktopCalculatorHas&#34;Disappeared&#34;

Looked.everywhere.I.could.think.of.

What.to.Do?

ChrisSelf
</div></div>
    </div>
</div>
</div>
<div class="ticket-transaction basics Status odd">
<div class="ticket-transaction">
  <div class="metadata">
    <span class="type">
      &nbsp;      
    </span>
    <span class="date">Sat&nbsp;Apr&nbsp;22&nbsp;04:33:16&nbsp;2006</span>
    <span class="description">The RT System itself -  Status changed from &#39;resolved&#39; to &#39;open&#39;</span>
    <span class="time-taken"></span>    <span class="actions hidden"></span>
  </div>
    <div class="content">
    </div>
</div>
</div>
<div class="ticket-transaction message Correspond even">
<div class="ticket-transaction">
  <div class="metadata">
    <span class="type">
      &nbsp;      
    </span>
    <span class="date">Sun&nbsp;Apr&nbsp;23&nbsp;20:50:18&nbsp;2006</span>
    <span class="description">cnandor [...] cpan.org -  Correspondence added</span>
    <span class="time-taken"></span>    <span class="actions hidden"></span>
  </div>
    <div class="content">
      
<table>
  <tr>
    <td align="right" class="message-header-key">Subject:</td>
    <td class="message-header-value"> Re: [rt.cpan.org #8367] Calculator/Missing/Disabled?</td>
  </tr>
  <tr>
    <td align="right" class="message-header-key">Date:</td>
    <td class="message-header-value"> Sun, 23 Apr 2006 17:48:51 -0700</td>
  </tr>
  <tr>
    <td align="right" class="message-header-key">To:</td>
    <td class="message-header-value"> bug-Mac-Apps-Launch [...] rt.cpan.org</td>
  </tr>
  <tr>
    <td align="right" class="message-header-key">From:</td>
    <td class="message-header-value"> Chris Nandor &lt;cnandor [...] cpan.org&gt;</td>
  </tr>
</table>

<div class="messagebody">
<div class="message-stanza plain-text-white-space">At 4:34 -0400 2006.04.22, Guest via RT wrote:
<span
    class="message-stanza-folder closed"
    onclick="fold_message_stanza(this, 'Show\x20quoted\x20text', 'Hide\x20quoted\x20text');">Show quoted text</span><br /><div class="message-stanza closed">&gt;       Queue: Mac-Apps-Launch
&gt; Ticket &lt;URL: <span class="clickylink"><a target="new" rel="nofollow" href="http://rt.cpan.org/Ticket/Display.html?id=8367">http://rt.cpan.org/Ticket/Display.html?id=8367</a></span> &gt;
&gt;
&gt;space.bar.not.working&#40;newOneOrdered&#41;
&gt;
&gt;Problem:
&gt;MyDesktopCalculatorHas&#34;Disappeared&#34;
&gt;
&gt;Looked.everywhere.I.could.think.of.
&gt;
&gt;What.to.Do?
</div>
First: I have no idea what a &#34;desktop calculator&#34; means in this context.

Second: Please do not re-open a resolved bug report unless this has
something to do with that bug report.  It doesn&#39;t.  Create a new bug report
if there&#39;s a problem, and please explain what that problem is.

Thanks,

-- 
Chris Nandor                      pudge@pobox.com    <span class="clickylink"><a target="new" rel="nofollow" href="http://pudge.net/">http://pudge.net/</a></span>
Open Source Technology Group       pudge@ostg.com     <span class="clickylink"><a target="new" rel="nofollow" href="http://ostg.com/">http://ostg.com/</a></span>
</div></div>
    </div>
</div>
</div>
<div class="ticket-transaction basics Status odd">
<div class="ticket-transaction">
  <div class="metadata">
    <span class="type">
      &nbsp;      
    </span>
    <span class="date">Sun&nbsp;Apr&nbsp;23&nbsp;20:54:34&nbsp;2006</span>
    <span class="description">cnandor [...] cpan.org -  Status changed from &#39;open&#39; to &#39;resolved&#39;</span>
    <span class="time-taken"></span>    <span class="actions hidden"></span>
  </div>
    <div class="content">
    </div>
</div>
</div>
</div>
    <hr class="clear" />
  </div>
</div>




</div>
 


  <hr class="clear" />
</div>
</body>
</html>
