This is a `make test' failure report for POE-0.3101. It is also a bug
report on a more severe level if hangs while trying to run the test
suite are considered "severe".

`$ uname -s' gives "CYGWIN_NT-5.1" (system is Windows XP service pack 1)
`$ cygcheck -vc cygwin perl' gives
    Package              Version        Status
    cygwin               1.5.16-1       OK
    perl                 5.8.6-4        OK


In the following log, two test files were excluded entirely because previous
runs showed that they each caused the entire process (test-running) to hang
indefinitely: 01_sysrw.t and wheel_sf_unix.t
 (This was accomplished through the crude mechanism of doing
      return unless /\.t$/ and  !( /01_sysrw/ or /wheel_sf_unix/ );
  in sub gather_test_files() in "test.pl".)

---------------------------------------------------------------------------

/usr/bin/perl.exe "-Iblib/lib" "-Iblib/arch" test.pl
tests/10_units/01_preprocessor/01_preprocessor......ok
tests/10_units/01_preprocessor/02_macro_usebytes....ok
tests/10_units/02_pipes/01_base.....................skipped
        all skipped: not implemented yet
tests/10_units/02_pipes/02_oneway...................ok
tests/10_units/02_pipes/03_twoway...................ok
tests/10_units/03_base/01_poe.......................ok
tests/10_units/03_base/02_api_resloader.............ok
tests/10_units/03_base/03_component.................ok
tests/10_units/03_base/04_driver....................ok
tests/10_units/03_base/05_filter....................ok
tests/10_units/03_base/06_loop......................ok
tests/10_units/03_base/07_queue.....................ok
tests/10_units/03_base/08_resource..................ok
tests/10_units/03_base/09_resources.................skipped
        all skipped: not implemented yet
tests/10_units/03_base/10_wheel.....................ok
tests/10_units/03_base/11_assert_usage..............ok
tests/10_units/03_base/12_assert_retval.............ok
tests/10_units/03_base/13_assert_data...............ok
tests/10_units/03_base/14_kernel....................ok
tests/10_units/05_filters/01_block..................ok
tests/10_units/05_filters/02_grep...................skipped
        all skipped: not implemented yet
tests/10_units/05_filters/03_http...................ok
        7/56 skipped: PUT not supported yet.
tests/10_units/05_filters/04_line...................ok
tests/10_units/05_filters/05_map....................skipped
        all skipped: not implemented yet
tests/10_units/05_filters/06_recordblock............skipped
        all skipped: not implemented yet
tests/10_units/05_filters/07_reference..............ok
tests/10_units/05_filters/08_stream.................ok
tests/10_units/05_filters/50_stackable..............ok
tests/10_units/05_filters/99_filterchange...........ok
tests/10_units/06_queues/01_array...................ok
tests/20_resources/10_perl/aliases..................ok
tests/20_resources/10_perl/caller_state.............ok
tests/20_resources/10_perl/controls.................ok
tests/20_resources/10_perl/events...................ok
tests/20_resources/10_perl/extrefs..................ok
tests/20_resources/10_perl/filehandles..............ok
tests/20_resources/10_perl/sessions.................ok
tests/20_resources/10_perl/sids.....................ok
tests/20_resources/10_perl/signals..................ok
tests/20_resources/10_perl/statistics...............skipped
        all skipped: not implemented yet
tests/30_loops/10_select/all_errors.................skipped
        all skipped: no reason given
tests/30_loops/10_select/comp_tcp...................ok
tests/30_loops/10_select/k_alarms...................ok
tests/30_loops/10_select/k_aliases..................ok
tests/30_loops/10_select/k_detach...................ok
tests/30_loops/10_select/k_selects..................ok
tests/30_loops/10_select/k_signals..................ok
tests/30_loops/10_select/ses_nfa....................ok
tests/30_loops/10_select/ses_session................ok
tests/30_loops/10_select/wheel_accept...............ok
tests/30_loops/10_select/wheel_run..................ok
tests/30_loops/10_select/wheel_sf_ipv6..............dubious
	Test returned status 255 (wstat 65280, 0xff00)
tests/30_loops/10_select/wheel_sf_tcp...............ok
tests/30_loops/10_select/wheel_sf_udp...............ok
tests/30_loops/10_select/wheel_tail.................dubious
	Test returned status 13 (wstat 3328, 0xd00)
DIED. FAILED tests 1-11
	Failed 11/11 tests, 0.00% okay
tests/30_loops/20_poll/all_errors...................skipped
        all skipped: no reason given
tests/30_loops/20_poll/comp_tcp.....................ok
tests/30_loops/20_poll/k_alarms.....................ok
tests/30_loops/20_poll/k_aliases....................ok
tests/30_loops/20_poll/k_detach.....................ok
tests/30_loops/20_poll/k_selects....................ok
tests/30_loops/20_poll/k_signals....................ok
tests/30_loops/20_poll/ses_nfa......................ok
tests/30_loops/20_poll/ses_session..................ok
tests/30_loops/20_poll/wheel_accept.................ok
tests/30_loops/20_poll/wheel_run....................ok
tests/30_loops/20_poll/wheel_sf_ipv6................dubious
	Test returned status 255 (wstat 65280, 0xff00)
tests/30_loops/20_poll/wheel_sf_tcp.................ok
tests/30_loops/20_poll/wheel_sf_udp.................ok
tests/30_loops/20_poll/wheel_tail...................dubious
	Test returned status 13 (wstat 3328, 0xd00)
DIED. FAILED tests 1-11
	Failed 11/11 tests, 0.00% okay
tests/30_loops/30_event/all_errors..................skipped
        all skipped: no reason given
tests/30_loops/30_event/comp_tcp....................ok
tests/30_loops/30_event/k_alarms....................ok
tests/30_loops/30_event/k_aliases...................ok
tests/30_loops/30_event/k_detach....................ok
tests/30_loops/30_event/k_selects...................ok
tests/30_loops/30_event/k_signals...................ok
tests/30_loops/30_event/ses_nfa.....................ok
tests/30_loops/30_event/ses_session.................ok
tests/30_loops/30_event/wheel_accept................ok
tests/30_loops/30_event/wheel_run...................ok
tests/30_loops/30_event/wheel_sf_ipv6...............dubious
	Test returned status 2 (wstat 512, 0x200)
tests/30_loops/30_event/wheel_sf_tcp................ok
tests/30_loops/30_event/wheel_sf_udp................ok
tests/30_loops/30_event/wheel_tail..................dubious
	Test returned status 1 (wstat 256, 0x100)
DIED. FAILED tests 1-11
	Failed 11/11 tests, 0.00% okay
tests/30_loops/40_gtk/all_errors....................skipped
        all skipped: no reason given
tests/30_loops/40_gtk/comp_tcp......................skipped
        all skipped: no reason given
tests/30_loops/40_gtk/k_alarms......................skipped
        all skipped: no reason given
tests/30_loops/40_gtk/k_aliases.....................skipped
        all skipped: no reason given
tests/30_loops/40_gtk/k_detach......................skipped
        all skipped: no reason given
tests/30_loops/40_gtk/k_selects.....................skipped
        all skipped: no reason given
tests/30_loops/40_gtk/k_signals.....................skipped
        all skipped: no reason given
tests/30_loops/40_gtk/ses_nfa.......................skipped
        all skipped: no reason given
tests/30_loops/40_gtk/ses_session...................skipped
        all skipped: no reason given
tests/30_loops/40_gtk/wheel_accept..................skipped
        all skipped: no reason given
tests/30_loops/40_gtk/wheel_run.....................skipped
        all skipped: no reason given
tests/30_loops/40_gtk/wheel_sf_ipv6.................skipped
        all skipped: no reason given
tests/30_loops/40_gtk/wheel_sf_tcp..................skipped
        all skipped: no reason given
tests/30_loops/40_gtk/wheel_sf_udp..................skipped
        all skipped: no reason given
tests/30_loops/40_gtk/wheel_tail....................skipped
        all skipped: no reason given
tests/30_loops/50_tk/all_errors.....................skipped
        all skipped: no reason given
tests/30_loops/50_tk/comp_tcp.......................skipped
        all skipped: no reason given
tests/30_loops/50_tk/k_alarms.......................skipped
        all skipped: no reason given
tests/30_loops/50_tk/k_aliases......................skipped
        all skipped: no reason given
tests/30_loops/50_tk/k_detach.......................skipped
        all skipped: no reason given
tests/30_loops/50_tk/k_selects......................skipped
        all skipped: no reason given
tests/30_loops/50_tk/k_signals......................skipped
        all skipped: no reason given
tests/30_loops/50_tk/ses_nfa........................skipped
        all skipped: no reason given
tests/30_loops/50_tk/ses_session....................skipped
        all skipped: no reason given
tests/30_loops/50_tk/wheel_accept...................skipped
        all skipped: no reason given
tests/30_loops/50_tk/wheel_run......................skipped
        all skipped: no reason given
tests/30_loops/50_tk/wheel_sf_ipv6..................skipped
        all skipped: no reason given
tests/30_loops/50_tk/wheel_sf_tcp...................skipped
        all skipped: no reason given
tests/30_loops/50_tk/wheel_sf_udp...................skipped
        all skipped: no reason given
tests/30_loops/50_tk/wheel_tail.....................skipped
        all skipped: no reason given
tests/90_regression/ferrari-server-unix.............ok
tests/90_regression/neyuki_detach...................ok
tests/90_regression/rt1648-tied-stderr..............ok
tests/90_regression/suzman_windows..................ok
tests/90_regression/ton-stop-corruption.............ok
Failed Test                              Stat Wstat Total Fail  Failed  List of Failed
---------------------------------------------------------------------------------------------------------------------------------------------
tests/30_loops/10_select/wheel_sf_ipv6.t  255 65280    ??   ??       %  ??
tests/30_loops/10_select/wheel_tail.t      13  3328    11   11 100.00%  1-11
tests/30_loops/20_poll/wheel_sf_ipv6.t    255 65280    ??   ??       %  ??
tests/30_loops/20_poll/wheel_tail.t        13  3328    11   11 100.00%  1-11
tests/30_loops/30_event/wheel_sf_ipv6.t     2   512    ??   ??       %  ??
tests/30_loops/30_event/wheel_tail.t        1   256    11   11 100.00%  1-11
39 tests and 7 subtests skipped.
