<!DOCTYPE html>

<html lang="en">
  <head>
    <title>Bug #106808 for ExtUtils-MakeMaker: Wrong empty line in PASTHRU cmd</title>
    <meta http-equiv="X-UA-Compatible" content="IE=edge" />
    <!-- The X-UA-Compatible <meta> tag above must be very early in <head> -->

    <script>
if (window.top !== window.self) {
    document.write = "";

    window.top.location = window.self.location;

    setTimeout(function(){
        document.body.innerHTML = "";
    }, 1);

    window.self.onload = function(){
        document.body.innerHTML = "";
    };
}
</script>



<link rel="shortcut icon" href="/NoAuth/images/favicon.png" type="image/png" />
<link rel="stylesheet" href="/NoAuth/css/aileron-squished-00f758259152f8b6670ee485f462e6b8.css" type="text/css" media="all" />
<link rel="stylesheet" href="/NoAuth/css/print.css" type="text/css" media="print" />




<script type="text/javascript" src="/NoAuth/js/squished-42167f2409ce368da2d31038e5cb2a57.js"></script>

<script type="text/javascript"><!--
	jQuery( loadTitleBoxStates );

--></script>


<!--[if lt IE 8]>
<link rel="stylesheet" href="/NoAuth/css/aileron/msie.css" type="text/css" media="all" />
<![endif]-->
<!--[if lt IE 7]>
<link rel="stylesheet" href="/NoAuth/css/aileron/msie6.css" type="text/css" media="all" />
<![endif]-->
<script type="text/javascript">
jQuery(document).ready(function(){
    jQuery.fn.supersubs.defaults = {
        maxWidth: 30,
        extraWidth: 2
    };

    jQuery("#app-nav.toplevel").addClass('sf-menu sf-js-enabled sf-shadow').supersubs().superfish({ speed: 'fast' });
    jQuery("#page-menu.toplevel").addClass('sf-menu sf-js-enabled').supersubs().superfish({ dropShadows: false, speed: 'fast' }).supposition();
});
</script>


<!-- Site CSS from theme editor -->
<style type="text/css" media="all" id="sitecss">
</style>

<meta name="google-site-verification" content="kD3-uEJK1AkTqaC-rckcSt_HPkAj674DPPuEN6i-y0g" />

</head>
  <body class="aileron sidebyside" id="comp-Public-Bug-Display">

<div id="logo">
<a href="/"><img
    src="/NoAuth/images/cpan.png"
    alt="CPAN"
    width="181"
    height="38" /></a>
    <span class="rtname">RT for rt.cpan.org</span>
</div>


<div id="quickbar">
  <div id="quick-personal">
    <span class="hide"><a href="#skipnav">Skip Menu</a> | </span>
</div>

</div>
<div id="header"><h1>Bug #106808 for ExtUtils-MakeMaker: Wrong empty line in PASTHRU cmd</h1></div>



<div id="page-navigation"><ul id="page-menu" class="toplevel">
 <li id="li-page-active_bugs"><a id="page-active_bugs" class="menu-item " href="/Public/Dist/ExtUtils-MakeMaker/Active/">Active bugs</a></li>
 <li id="li-page-resolved_bugs"><a id="page-resolved_bugs" class="menu-item " href="/Public/Dist/ExtUtils-MakeMaker/Resolved/">Resolved bugs</a></li>
 <li id="li-page-rejected_bugs"><a id="page-rejected_bugs" class="menu-item " href="/Public/Dist/ExtUtils-MakeMaker/Rejected/">Rejected bugs</a></li>
 <li id="li-page-report"><a id="page-report" class="menu-item " href="/Public/Dist/ExtUtils-MakeMaker/Active/"></a></li>
</ul></div>
<div id="topactions">



</div>
<div id="body">


<a name="skipnav" id="skipnav" accesskey="8"></a>





<p>This queue is for tickets about the <a href="https://metacpan.org/release/ExtUtils-MakeMaker">ExtUtils-MakeMaker CPAN distribution</a>.</p>





<div class="">
  <div class="titlebox" id="">
  <div class="titlebox-title">
    <span class="widget"><a href="#" onclick="return rollup('TitleBox\x2D\x2D\x5FPublic\x5FBug\x5FDisplay\x5Fhtml\x2D\x2D\x2D\x2D\x2D\x2DUmVwb3J0IGluZm9ybWF0aW9u\x2D\x2D\x2D0');" title="Toggle visibility"></a></span>
    <span class="left">Report information</span>
    <span class="right-empty">		    </span>
  </div>
  <div class="titlebox-content " id="TitleBox--_Public_Bug_Display_html------UmVwb3J0IGluZm9ybWF0aW9u---0">


<table width="100%" class="ticket-summary">
<tr>
  <td valign="top" class="boxcontainer">
    <div class="ticket-info-basics">
  <div class="titlebox ticket-info-basics " id="">
  <div class="titlebox-title">
    <span class="widget"><a href="#" onclick="return rollup('TitleBox\x2D\x2D\x5FPublic\x5FBug\x5FDisplay\x5Fhtml\x2D\x2Dticket\x2Dinfo\x2Dbasics\x2D\x2D\x2D\x2DVGhlIEJhc2ljcw\x5F\x5F\x2D\x2D\x2D0');" title="Toggle visibility"></a></span>
    <span class="left">The Basics</span>
    <span class="right-empty">		    </span>
  </div>
  <div class="titlebox-content " id="TitleBox--_Public_Bug_Display_html--ticket-info-basics----VGhlIEJhc2ljcw__---0">


        <table>
  <tr class="id">
    <td class="label">Id:</td>
    <td class="value">106808</td>
  </tr>
  <tr class="status">
    <td class="label">Status:</td>
    <td class="value">resolved</td>
  </tr>
  <tr class="priority">
    <td class="label">Priority:</td>
    <td class="value">0/
</td>
  </tr>
  <tr class="queue">
    <td class="label">Queue:</td>
    <td class="value"><a href="/Public/Dist/ExtUtils-MakeMaker/Active/">ExtUtils-MakeMaker</a>
</td>
  </tr>
</table>

        <hr class="clear" />
  </div>
</div>




</div>


    <div class="ticket-info-people">
  <div class="titlebox ticket-info-people " id="">
  <div class="titlebox-title">
    <span class="widget"><a href="#" onclick="return rollup('TitleBox\x2D\x2D\x5FPublic\x5FBug\x5FDisplay\x5Fhtml\x2D\x2Dticket\x2Dinfo\x2Dpeople\x2D\x2D\x2D\x2DUGVvcGxl\x2D\x2D\x2D0');" title="Toggle visibility"></a></span>
    <span class="left">People</span>
    <span class="right-empty">		    </span>
  </div>
  <div class="titlebox-content " id="TitleBox--_Public_Bug_Display_html--ticket-info-people----UGVvcGxl---0">


        <table>
  <tr>
    <td class="label">Owner:</td>
    <td class="value">BINGOS [...] cpan.org
    
    </td>
  </tr>
  <tr>
    <td class="labeltop">Requestors:</td>
    <td class="value">
jplesnik [...] redhat.com

<br />

</td>
  </tr>
  <tr>
    <td class="labeltop">Cc:</td>
    <td class="value">
SREZIC [...] cpan.org

<br />

</td>
  </tr>
  <tr>
    <td class="labeltop">AdminCc:</td>
    <td class="value">

</td>
  </tr>
</table>

        <hr class="clear" />
  </div>
</div>




</div>



  </td>
  <td valign="top" class="boxcontainer">
    
    <div class="ticket-info-cfs">
  <div class="titlebox ticket-info-cfs " id="">
  <div class="titlebox-title">
    <span class="widget"><a href="#" onclick="return rollup('TitleBox\x2D\x2D\x5FPublic\x5FBug\x5FDisplay\x5Fhtml\x2D\x2Dticket\x2Dinfo\x2Dcfs\x2D\x2D\x2D\x2DQnVnIEluZm9ybWF0aW9u\x2D\x2D\x2D0');" title="Toggle visibility"></a></span>
    <span class="left">Bug Information</span>
    <span class="right-empty">		    </span>
  </div>
  <div class="titlebox-content " id="TitleBox--_Public_Bug_Display_html--ticket-info-cfs----QnVnIEluZm9ybWF0aW9u---0">

 
        <table>
  <tr id="CF-1-ShowRow">
    <td class="label">Severity:</td>
    <td class="value">
<i>(no value)</i>
    </td>
  </tr>
  <tr id="CF-12494-ShowRow">
    <td class="label">Broken in:</td>
    <td class="value">
7.06    </td>
  </tr>
  <tr id="CF-12495-ShowRow">
    <td class="label">Fixed in:</td>
    <td class="value">
<ul>
<li>
7.07_01</li>
<li>
7.08</li>
<li>
7.10</li>
<li>
7.11_01</li>
<li>
7.11_02</li>
<li>
7.11_03</li>
<li>
7.11_04</li>
<li>
7.11_05</li>
<li>
7.11_06</li>
<li>
7.12</li>
</ul>
    </td>
  </tr>
</table>


        <hr class="clear" />
  </div>
</div>




</div>


    
</div>




</div>







  </td>
</tr>
</table>

    <hr class="clear" />
  </div>
</div>




</div>


<br />


<div class="history">
<div class="titlebox" id="">
  <div class="titlebox-title">
    <span class="widget"><a href="#" onclick="return rollup('TitleBox\x2D\x2D\x5FPublic\x5FBug\x5FDisplay\x5Fhtml\x2D\x2D\x2D\x2D\x2D\x2DSGlzdG9yeQ\x5F\x5F\x2D\x2D\x2D0');" title="Toggle visibility"></a></span>
    <span class="left">History</span>
    <span class="right">		<a href="#" data-direction="open" onclick="return toggle_all_folds(this, 'Show\x20all\x20quoted\x20text', 'Hide\x20all\x20quoted\x20text');">Show all quoted text</a>    </span>
  </div>
  <div class="titlebox-content " id="TitleBox--_Public_Bug_Display_html------SGlzdG9yeQ__---0">


<div id="ticket-history">
<div class="ticket-transaction message Create odd">
<div class="ticket-transaction">
  <div class="metadata">
    <span class="type">
      &nbsp;      
    </span>
    <span class="date">Tue&nbsp;Sep&nbsp;01&nbsp;07:07:42&nbsp;2015</span>
    <span class="description">jplesnik [...] redhat.com -  Ticket created</span>
    <span class="time-taken"></span>    <span class="actions hidden"></span>
  </div>
    <div class="content">
      
<table>
  <tr>
    <td align="right" class="message-header-key">Subject:</td>
    <td class="message-header-value"> Wrong empty line in PASTHRU cmd</td>
  </tr>
</table>

<div class="messagebody">
<div class="message-stanza plain-text-white-space">I got following error when I try rebuild Net::CUPS module

# perl Makefile.PL  
Net::CUPS Configuration 
Running cups-config ... 2.1rc1 
Generating a Unix-style Makefile 
Writing Makefile for Net::CUPS &lt;mock-chroot&gt;

# make 
Makefile:327: *** missing separator.  Stop.

The error is caused by following code
 321 PASTHRU = LIBPERL_A=&#34;$&#40;LIBPERL_A&#41;&#34;\
 322         LINKTYPE=&#34;$&#40;LINKTYPE&#41;&#34;\
 323         OPTIMIZE=&#34;$&#40;OPTIMIZE&#41;&#34;\
 324         PREFIX=&#34;$&#40;PREFIX&#41;&#34;\
 325         PASTHRU_DEFINE=&#39; $&#40;PASTHRU_DEFINE&#41;&#39;\
 326         PASTHRU_INC=&#39;
 327  $&#40;PASTHRU_INC&#41;&#39;


The empty line is add by this part of lib/ExtUtils/MM_Unix.pm

2949         # expand within perl if given since need to use quote_literal
2950         # since INC might include space-protecting &#34;&#34;!
2951         $val = $self-&gt;{$key} if defined $self-&gt;{$key};
</div></div>
    </div>
</div>
</div>
<div class="ticket-transaction message Correspond even">
<div class="ticket-transaction">
  <div class="metadata">
    <span class="type">
      &nbsp;      
    </span>
    <span class="date">Tue&nbsp;Sep&nbsp;01&nbsp;07:09:11&nbsp;2015</span>
    <span class="description">jplesnik [...] redhat.com -  Correspondence added</span>
    <span class="time-taken"></span>    <span class="actions hidden"></span>
  </div>
    <div class="content">
      
<table>
  <tr>
    <td align="right" class="message-header-key">From:</td>
    <td class="message-header-value"> jplesnik [...] redhat.com</td>
  </tr>
</table>

<div class="messagebody">
<div class="message-stanza plain-text-white-space">On Tue Sep 01 07:07:42 2015, jplesnik wrote:
<span
    class="message-stanza-folder closed"
    onclick="fold_message_stanza(this, 'Show\x20quoted\x20text', 'Hide\x20quoted\x20text');">Show quoted text</span><br /><div class="message-stanza closed">&gt; I got following error when I try rebuild Net::CUPS module
&gt; 
&gt; # perl Makefile.PL  
&gt; Net::CUPS Configuration 
&gt; Running cups-config ... 2.1rc1 
&gt; Generating a Unix-style Makefile 
&gt; Writing Makefile for Net::CUPS &lt;mock-chroot&gt;
&gt; 
&gt; # make 
&gt; Makefile:327: *** missing separator.  Stop.
&gt; 
&gt; The error is caused by following code
&gt;  321 PASTHRU = LIBPERL_A=&#34;$&#40;LIBPERL_A&#41;&#34;\
&gt;  322         LINKTYPE=&#34;$&#40;LINKTYPE&#41;&#34;\
&gt;  323         OPTIMIZE=&#34;$&#40;OPTIMIZE&#41;&#34;\
&gt;  324         PREFIX=&#34;$&#40;PREFIX&#41;&#34;\
&gt;  325         PASTHRU_DEFINE=&#39; $&#40;PASTHRU_DEFINE&#41;&#39;\
&gt;  326         PASTHRU_INC=&#39;
&gt;  327  $&#40;PASTHRU_INC&#41;&#39;
&gt; 
&gt; 
&gt; The empty line is add by this part of lib/ExtUtils/MM_Unix.pm
&gt; 
&gt; 2949         # expand within perl if given since need to use quote_literal
&gt; 2950         # since INC might include space-protecting &#34;&#34;!
&gt; 2951         $val = $self-&gt;{$key} if defined $self-&gt;{$key};
&gt; 
</div>
Break in 7.06
</div></div>
    </div>
</div>
</div>
<div class="ticket-transaction message Correspond odd">
<div class="ticket-transaction">
  <div class="metadata">
    <span class="type">
      &nbsp;      
    </span>
    <span class="date">Tue&nbsp;Sep&nbsp;01&nbsp;08:20:26&nbsp;2015</span>
    <span class="description">jplesnik [...] redhat.com -  Correspondence added</span>
    <span class="time-taken"></span>    <span class="actions hidden"></span>
  </div>
    <div class="content">
      
<table>
  <tr>
    <td align="right" class="message-header-key">From:</td>
    <td class="message-header-value"> jplesnik [...] redhat.com</td>
  </tr>
</table>
<div class="messageattachments">

<div class="messagebody">
<div class="message-stanza plain-text-white-space">On Tue Sep 01 07:09:11 2015, jplesnik wrote:
<span
    class="message-stanza-folder closed"
    onclick="fold_message_stanza(this, 'Show\x20quoted\x20text', 'Hide\x20quoted\x20text');">Show quoted text</span><br /><div class="message-stanza closed">&gt; On Tue Sep 01 07:07:42 2015, jplesnik wrote:
<div class="message-stanza open">&gt; &gt; I got following error when I try rebuild Net::CUPS module
&gt; &gt; 
&gt; &gt; # perl Makefile.PL  
&gt; &gt; Net::CUPS Configuration 
&gt; &gt; Running cups-config ... 2.1rc1 
&gt; &gt; Generating a Unix-style Makefile 
&gt; &gt; Writing Makefile for Net::CUPS &lt;mock-chroot&gt;
&gt; &gt; 
&gt; &gt; # make 
&gt; &gt; Makefile:327: *** missing separator.  Stop.
&gt; &gt; 
&gt; &gt; The error is caused by following code
&gt; &gt;  321 PASTHRU = LIBPERL_A=&#34;$&#40;LIBPERL_A&#41;&#34;\
&gt; &gt;  322         LINKTYPE=&#34;$&#40;LINKTYPE&#41;&#34;\
&gt; &gt;  323         OPTIMIZE=&#34;$&#40;OPTIMIZE&#41;&#34;\
&gt; &gt;  324         PREFIX=&#34;$&#40;PREFIX&#41;&#34;\
&gt; &gt;  325         PASTHRU_DEFINE=&#39; $&#40;PASTHRU_DEFINE&#41;&#39;\
&gt; &gt;  326         PASTHRU_INC=&#39;
&gt; &gt;  327  $&#40;PASTHRU_INC&#41;&#39;
&gt; &gt; 
&gt; &gt; 
&gt; &gt; The empty line is add by this part of lib/ExtUtils/MM_Unix.pm
&gt; &gt; 
&gt; &gt; 2949         # expand within perl if given since need to use quote_literal
&gt; &gt; 2950         # since INC might include space-protecting &#34;&#34;!
&gt; &gt; 2951         $val = $self-&gt;{$key} if defined $self-&gt;{$key};
&gt; &gt; 
</div>&gt; 
&gt; Break in 7.06
</div>
It is caused, because a command, used for getting INC value, returns just new line. Net::CUPS module is this case. 

There is used 
$config{INC} = `cups-config --cflags`;
in Makefile.PL

I attached the patch which could solve the issue.
</div></div>
<table>
  <tr>
    <td align="right" class="message-header-key">Subject:</td>
    <td class="message-header-value"> ExtUtils-MakeMaker-7.06-Remove-new-line-from-INC.patch</td>
  </tr>
</table>

<div class="messagebody">
<div class="message-stanza plain-text-white-space">diff -up ExtUtils-MakeMaker-7.06/lib/ExtUtils/MM_Unix.pm.orig ExtUtils-MakeMaker-7.06/lib/ExtUtils/MM_Unix.pm
--- ExtUtils-MakeMaker-7.06/lib/ExtUtils/MM_Unix.pm.orig	2015-09-01 13:10:14.810680431 +0200
+++ ExtUtils-MakeMaker-7.06/lib/ExtUtils/MM_Unix.pm	2015-09-01 14:03:30.587696052 +0200
@@ -2948,7 +2948,7 @@ sub pasthru {
         my $val = qq{\$&#40;$key&#41;};
         # expand within perl if given since need to use quote_literal
         # since INC might include space-protecting &#34;&#34;!
-        $val = $self-&gt;{$key} if defined $self-&gt;{$key};
+        chomp&#40;$val = $self-&gt;{$key}&#41; if defined $self-&gt;{$key};
         $val .= &#34; \$&#40;PASTHRU_$key&#41;&#34;;
         my $quoted = $self-&gt;quote_literal&#40;$val&#41;;
         push @pasthru, qq{PASTHRU_$key=$quoted};
</div></div>
</div>
    </div>
</div>
</div>
<div class="ticket-transaction other CustomField even">
<div class="ticket-transaction">
  <div class="metadata">
    <span class="type">
      &nbsp;      
    </span>
    <span class="date">Tue&nbsp;Sep&nbsp;01&nbsp;12:25:44&nbsp;2015</span>
    <span class="description">ether [...] cpan.org -  Broken in 7.06 added</span>
    <span class="time-taken"></span>    <span class="actions hidden"></span>
  </div>
    <div class="content">
    </div>
</div>
</div>
<div class="ticket-transaction other CustomField odd">
<div class="ticket-transaction">
  <div class="metadata">
    <span class="type">
      &nbsp;      
    </span>
    <span class="date">Tue&nbsp;Sep&nbsp;01&nbsp;12:25:44&nbsp;2015</span>
    <span class="description">ether [...] cpan.org -  Fixed in 7.06 deleted</span>
    <span class="time-taken"></span>    <span class="actions hidden"></span>
  </div>
    <div class="content">
    </div>
</div>
</div>
<div class="ticket-transaction message Correspond even">
<div class="ticket-transaction">
  <div class="metadata">
    <span class="type">
      &nbsp;      
    </span>
    <span class="date">Tue&nbsp;Sep&nbsp;01&nbsp;16:04:28&nbsp;2015</span>
    <span class="description">SREZIC [...] cpan.org -  Correspondence added</span>
    <span class="time-taken"></span>    <span class="actions hidden"></span>
  </div>
    <div class="content">
      

<div class="messagebody">
<div class="message-stanza plain-text-white-space">On 2015-09-01 07:07:42, jplesnik wrote:
<span
    class="message-stanza-folder closed"
    onclick="fold_message_stanza(this, 'Show\x20quoted\x20text', 'Hide\x20quoted\x20text');">Show quoted text</span><br /><div class="message-stanza closed">&gt; I got following error when I try rebuild Net::CUPS module
&gt; 
&gt; # perl Makefile.PL  
&gt; Net::CUPS Configuration 
&gt; Running cups-config ... 2.1rc1 
&gt; Generating a Unix-style Makefile 
&gt; Writing Makefile for Net::CUPS &lt;mock-chroot&gt;
&gt; 
&gt; # make 
&gt; Makefile:327: *** missing separator.  Stop.
&gt; 
&gt; The error is caused by following code
&gt;  321 PASTHRU = LIBPERL_A=&#34;$&#40;LIBPERL_A&#41;&#34;\
&gt;  322         LINKTYPE=&#34;$&#40;LINKTYPE&#41;&#34;\
&gt;  323         OPTIMIZE=&#34;$&#40;OPTIMIZE&#41;&#34;\
&gt;  324         PREFIX=&#34;$&#40;PREFIX&#41;&#34;\
&gt;  325         PASTHRU_DEFINE=&#39; $&#40;PASTHRU_DEFINE&#41;&#39;\
&gt;  326         PASTHRU_INC=&#39;
&gt;  327  $&#40;PASTHRU_INC&#41;&#39;
&gt; 
&gt; 
&gt; The empty line is add by this part of lib/ExtUtils/MM_Unix.pm
&gt; 
&gt; 2949         # expand within perl if given since need to use quote_literal
&gt; 2950         # since INC might include space-protecting &#34;&#34;!
&gt; 2951         $val = $self-&gt;{$key} if defined $self-&gt;{$key};
&gt; 
</div>

There are also new errors with KNI/HTTP-Any-0.05.tar.gz when using ExtUtils::MakeMaker 7.06 is installed:

--------------------------------
Output from &#39;/usr/bin/make&#39;:

make: *** No rule to make target `HTTP/Any/AnyEvent.pm HTTP/Any/Curl.pm HTTP/Any/LWP.pm\&#39;, needed by `pm_to_blib&#39;.  Stop.
--------------------------------

Don&#39;t know if this is the same or another problem.
</div></div>
    </div>
</div>
</div>
<div class="ticket-transaction basics Status odd">
<div class="ticket-transaction">
  <div class="metadata">
    <span class="type">
      &nbsp;      
    </span>
    <span class="date">Tue&nbsp;Sep&nbsp;01&nbsp;16:04:29&nbsp;2015</span>
    <span class="description">The RT System itself -  Status changed from &#39;new&#39; to &#39;open&#39;</span>
    <span class="time-taken"></span>    <span class="actions hidden"></span>
  </div>
    <div class="content">
    </div>
</div>
</div>
<div class="ticket-transaction people AddWatcher even">
<div class="ticket-transaction">
  <div class="metadata">
    <span class="type">
      &nbsp;      
    </span>
    <span class="date">Tue&nbsp;Sep&nbsp;01&nbsp;16:05:09&nbsp;2015</span>
    <span class="description">SREZIC [...] cpan.org -  Cc SREZIC added</span>
    <span class="time-taken"></span>    <span class="actions hidden"></span>
  </div>
    <div class="content">
    </div>
</div>
</div>
<div class="ticket-transaction message Correspond odd">
<div class="ticket-transaction">
  <div class="metadata">
    <span class="type">
      &nbsp;      
    </span>
    <span class="date">Tue&nbsp;Sep&nbsp;01&nbsp;16:32:11&nbsp;2015</span>
    <span class="description">SREZIC [...] cpan.org -  Correspondence added</span>
    <span class="time-taken"></span>    <span class="actions hidden"></span>
  </div>
    <div class="content">
      

<div class="messagebody">
<div class="message-stanza plain-text-white-space">On 2015-09-01 16:04:28, SREZIC wrote:
<span
    class="message-stanza-folder closed"
    onclick="fold_message_stanza(this, 'Show\x20quoted\x20text', 'Hide\x20quoted\x20text');">Show quoted text</span><br /><div class="message-stanza closed">&gt; On 2015-09-01 07:07:42, jplesnik wrote:
<div class="message-stanza open">&gt; &gt; I got following error when I try rebuild Net::CUPS module
&gt; &gt;
&gt; &gt; # perl Makefile.PL
&gt; &gt; Net::CUPS Configuration
&gt; &gt; Running cups-config ... 2.1rc1
&gt; &gt; Generating a Unix-style Makefile
&gt; &gt; Writing Makefile for Net::CUPS &lt;mock-chroot&gt;
&gt; &gt;
&gt; &gt; # make
&gt; &gt; Makefile:327: *** missing separator.  Stop.
&gt; &gt;
&gt; &gt; The error is caused by following code
&gt; &gt;  321 PASTHRU = LIBPERL_A=&#34;$&#40;LIBPERL_A&#41;&#34;\
&gt; &gt;  322         LINKTYPE=&#34;$&#40;LINKTYPE&#41;&#34;\
&gt; &gt;  323         OPTIMIZE=&#34;$&#40;OPTIMIZE&#41;&#34;\
&gt; &gt;  324         PREFIX=&#34;$&#40;PREFIX&#41;&#34;\
&gt; &gt;  325         PASTHRU_DEFINE=&#39; $&#40;PASTHRU_DEFINE&#41;&#39;\
&gt; &gt;  326         PASTHRU_INC=&#39;
&gt; &gt;  327  $&#40;PASTHRU_INC&#41;&#39;
&gt; &gt;
&gt; &gt;
&gt; &gt; The empty line is add by this part of lib/ExtUtils/MM_Unix.pm
&gt; &gt;
&gt; &gt; 2949         # expand within perl if given since need to use
&gt; &gt; quote_literal
&gt; &gt; 2950         # since INC might include space-protecting &#34;&#34;!
&gt; &gt; 2951         $val = $self-&gt;{$key} if defined $self-&gt;{$key};
&gt; &gt;
</div>&gt; 
&gt; 
&gt; There are also new errors with KNI/HTTP-Any-0.05.tar.gz when using
&gt; ExtUtils::MakeMaker 7.06 is installed:
&gt; 
&gt; --------------------------------
&gt; Output from &#39;/usr/bin/make&#39;:
&gt; 
&gt; make: *** No rule to make target `HTTP/Any/AnyEvent.pm
&gt; HTTP/Any/Curl.pm HTTP/Any/LWP.pm\&#39;, needed by `pm_to_blib&#39;.  Stop.
&gt; --------------------------------
&gt; 
&gt; Don&#39;t know if this is the same or another problem.
</div>
Another victim: a test in INGY/Inline-C-0.76.tar.gz fails now:

#   Failed test &#39;make test&#39;
#   at t/27inline_maker.t line 60.
# make[1]: Entering directory `/tmpfs/.cpan-build/2015090118/Inline-C-0.76-4_aPp0/_Inline_27inline_maker.14150/src dir&#39;
# cp Simple.pm blib/lib/Math/Simple.pm
# &#34;/bbbike/perl-5.20.0/bin/perl&#34; -Mblib -MInline=NOISY,_INSTALL_ -MMath::Simple -e&#34;my %A = &#40;modinlname =&gt; &#39;Math-Simple.inl&#39;, module =&gt; &#39;Math::Simple&#39;&#41;; my %S = &#40;API =&gt; \%A&#41;; Inline::satisfy_makefile_dep&#40;\%S&#41;;&#34; 1.23 blib/arch
# Can&#39;t locate Math/Simple.pm in @INC &#40;you may need to install the Math::Simple module&#41; &#40;@INC contains: /tmpfs/.cpan-build/2015090118/Inline-C-0.76-4_aPp0/_Inline_27inline_maker.14150/src dir/../../blib/arch /tmpfs/.cpan-build/2015090118/Inline-C-0.76-4_aPp0/_Inline_27inline_maker.14150/src dir/../../blib/lib /tmpfs/.cpan-build/2015090118/Inline-C-0.76-4_aPp0/blib/lib /tmpfs/.cpan-build/2015090118/Inline-C-0.76-4_aPp0/blib/arch /home/eserte/.cpan/build/2015090118/ExtUtils-MakeMaker-7.06-tZDGF3/blib/arch /home/eserte/.cpan/build/2015090118/ExtUtils-MakeMaker-7.06-tZDGF3/blib/lib /home/eserte/.cpan/build/2015090118/ExtUtils-MakeMaker-7.06-tZDGF3/blib/arch /home/eserte/.cpan/build/2015090118/ExtUtils-MakeMaker-7.06-tZDGF3/blib/lib /opt/perl-5.20.0/lib/site_perl/5.20.0/x86_64-linux /opt/perl-5.20.0/lib/site_perl/5.20.0 /opt/perl-5.20.0/lib/5.20.0/x86_64-linux /opt/perl-5.20.0/lib/5.20.0 .&#41;.
# BEGIN failed--compilation aborted.
# make[1]: Leaving directory `/tmpfs/.cpan-build/2015090118/Inline-C-0.76-4_aPp0/_Inline_27inline_maker.14150/src dir&#39;
# make[1]: *** [Math-Simple.inl] Error 2

#   Failed test &#39;make test&#39;
#   at t/27inline_maker.t line 60.
# make[1]: Entering directory `/tmpfs/.cpan-build/2015090118/Inline-C-0.76-4_aPp0/_Inline_27inline_maker.14150/src dir&#39;
# cp lib/Boo.pm blib/lib/Boo.pm
# cp lib/Boo/Far/Faz.pm blib/lib/Boo/Far/Faz.pm
# cp lib/Boo/Far.pm blib/lib/Boo/Far.pm
# cp lib/Boo/Far/data.txt blib/lib/Boo/Far/data.txt
# &#34;/bbbike/perl-5.20.0/bin/perl&#34; -Mblib -MInline=NOISY,_INSTALL_ -MBoo::Far::Faz -e&#34;my %A = &#40;modinlname =&gt; &#39;Boo-Far-Faz.inl&#39;, module =&gt; &#39;Boo::Far::Faz&#39;&#41;; my %S = &#40;API =&gt; \%A&#41;; Inline::satisfy_makefile_dep&#40;\%S&#41;;&#34; 2.01 blib/arch
# Can&#39;t locate Boo/Far/Faz.pm in @INC &#40;you may need to install the Boo::Far::Faz module&#41; &#40;@INC contains: /tmpfs/.cpan-build/2015090118/Inline-C-0.76-4_aPp0/_Inline_27inline_maker.14150/src dir/../../blib/arch /tmpfs/.cpan-build/2015090118/Inline-C-0.76-4_aPp0/_Inline_27inline_maker.14150/src dir/../../blib/lib /tmpfs/.cpan-build/2015090118/Inline-C-0.76-4_aPp0/blib/lib /tmpfs/.cpan-build/2015090118/Inline-C-0.76-4_aPp0/blib/arch /home/eserte/.cpan/build/2015090118/ExtUtils-MakeMaker-7.06-tZDGF3/blib/arch /home/eserte/.cpan/build/2015090118/ExtUtils-MakeMaker-7.06-tZDGF3/blib/lib /home/eserte/.cpan/build/2015090118/ExtUtils-MakeMaker-7.06-tZDGF3/blib/arch /home/eserte/.cpan/build/2015090118/ExtUtils-MakeMaker-7.06-tZDGF3/blib/lib /opt/perl-5.20.0/lib/site_perl/5.20.0/x86_64-linux /opt/perl-5.20.0/lib/site_perl/5.20.0 /opt/perl-5.20.0/lib/5.20.0/x86_64-linux /opt/perl-5.20.0/lib/5.20.0 .&#41;.
# BEGIN failed--compilation aborted.
# make[1]: Leaving directory `/tmpfs/.cpan-build/2015090118/Inline-C-0.76-4_aPp0/_Inline_27inline_maker.14150/src dir&#39;
# make[1]: *** [Boo-Far-Faz.inl] Error 2
# Looks like you failed 2 tests of 8.
t/27inline_maker.t ....... 
Dubious, test returned 2 &#40;wstat 512, 0x200&#41;
Failed 2/8 subtests 
</div></div>
    </div>
</div>
</div>
<div class="ticket-transaction message Correspond even">
<div class="ticket-transaction">
  <div class="metadata">
    <span class="type">
      &nbsp;      
    </span>
    <span class="date">Tue&nbsp;Sep&nbsp;01&nbsp;17:04:10&nbsp;2015</span>
    <span class="description">SREZIC [...] cpan.org -  Correspondence added</span>
    <span class="time-taken"></span>    <span class="actions hidden"></span>
  </div>
    <div class="content">
      

<div class="messagebody">
<div class="message-stanza plain-text-white-space">On 2015-09-01 16:32:11, SREZIC wrote:
<span
    class="message-stanza-folder closed"
    onclick="fold_message_stanza(this, 'Show\x20quoted\x20text', 'Hide\x20quoted\x20text');">Show quoted text</span><br /><div class="message-stanza closed">&gt; On 2015-09-01 16:04:28, SREZIC wrote:
<div class="message-stanza open">&gt; &gt; On 2015-09-01 07:07:42, jplesnik wrote:
<div class="message-stanza open">&gt; &gt; &gt; I got following error when I try rebuild Net::CUPS module
&gt; &gt; &gt;
&gt; &gt; &gt; # perl Makefile.PL
&gt; &gt; &gt; Net::CUPS Configuration
&gt; &gt; &gt; Running cups-config ... 2.1rc1
&gt; &gt; &gt; Generating a Unix-style Makefile
&gt; &gt; &gt; Writing Makefile for Net::CUPS &lt;mock-chroot&gt;
&gt; &gt; &gt;
&gt; &gt; &gt; # make
&gt; &gt; &gt; Makefile:327: *** missing separator.  Stop.
&gt; &gt; &gt;
&gt; &gt; &gt; The error is caused by following code
&gt; &gt; &gt;  321 PASTHRU = LIBPERL_A=&#34;$&#40;LIBPERL_A&#41;&#34;\
&gt; &gt; &gt;  322         LINKTYPE=&#34;$&#40;LINKTYPE&#41;&#34;\
&gt; &gt; &gt;  323         OPTIMIZE=&#34;$&#40;OPTIMIZE&#41;&#34;\
&gt; &gt; &gt;  324         PREFIX=&#34;$&#40;PREFIX&#41;&#34;\
&gt; &gt; &gt;  325         PASTHRU_DEFINE=&#39; $&#40;PASTHRU_DEFINE&#41;&#39;\
&gt; &gt; &gt;  326         PASTHRU_INC=&#39;
&gt; &gt; &gt;  327  $&#40;PASTHRU_INC&#41;&#39;
&gt; &gt; &gt;
&gt; &gt; &gt;
&gt; &gt; &gt; The empty line is add by this part of lib/ExtUtils/MM_Unix.pm
&gt; &gt; &gt;
&gt; &gt; &gt; 2949         # expand within perl if given since need to use
&gt; &gt; &gt; quote_literal
&gt; &gt; &gt; 2950         # since INC might include space-protecting &#34;&#34;!
&gt; &gt; &gt; 2951         $val = $self-&gt;{$key} if defined $self-&gt;{$key};
&gt; &gt; &gt;
</div>&gt; &gt;
&gt; &gt;
&gt; &gt; There are also new errors with KNI/HTTP-Any-0.05.tar.gz when using
&gt; &gt; ExtUtils::MakeMaker 7.06 is installed:
&gt; &gt;
&gt; &gt; --------------------------------
&gt; &gt; Output from &#39;/usr/bin/make&#39;:
&gt; &gt;
&gt; &gt; make: *** No rule to make target `HTTP/Any/AnyEvent.pm
&gt; &gt; HTTP/Any/Curl.pm HTTP/Any/LWP.pm\&#39;, needed by `pm_to_blib&#39;.  Stop.
&gt; &gt; --------------------------------
&gt; &gt;
&gt; &gt; Don&#39;t know if this is the same or another problem.
</div>&gt; 
&gt; Another victim: a test in INGY/Inline-C-0.76.tar.gz fails now:
&gt; 
&gt; #   Failed test &#39;make test&#39;
&gt; #   at t/27inline_maker.t line 60.
&gt; # make[1]: Entering directory `/tmpfs/.cpan-build/2015090118/Inline-C-
&gt; 0.76-4_aPp0/_Inline_27inline_maker.14150/src dir&#39;
&gt; # cp Simple.pm blib/lib/Math/Simple.pm
&gt; # &#34;/bbbike/perl-5.20.0/bin/perl&#34; -Mblib -MInline=NOISY,_INSTALL_
&gt; -MMath::Simple -e&#34;my %A = &#40;modinlname =&gt; &#39;Math-Simple.inl&#39;, module =&gt;
&gt; &#39;Math::Simple&#39;&#41;; my %S = &#40;API =&gt; \%A&#41;;
&gt; Inline::satisfy_makefile_dep&#40;\%S&#41;;&#34; 1.23 blib/arch
&gt; # Can&#39;t locate Math/Simple.pm in @INC &#40;you may need to install the
&gt; Math::Simple module&#41; &#40;@INC contains: /tmpfs/.cpan-
&gt; build/2015090118/Inline-C-0.76-4_aPp0/_Inline_27inline_maker.14150/src
&gt; dir/../../blib/arch /tmpfs/.cpan-build/2015090118/Inline-C-0.76-
&gt; 4_aPp0/_Inline_27inline_maker.14150/src dir/../../blib/lib
&gt; /tmpfs/.cpan-build/2015090118/Inline-C-0.76-4_aPp0/blib/lib
&gt; /tmpfs/.cpan-build/2015090118/Inline-C-0.76-4_aPp0/blib/arch
&gt; /home/eserte/.cpan/build/2015090118/ExtUtils-MakeMaker-7.06-
&gt; tZDGF3/blib/arch /home/eserte/.cpan/build/2015090118/ExtUtils-
&gt; MakeMaker-7.06-tZDGF3/blib/lib
&gt; /home/eserte/.cpan/build/2015090118/ExtUtils-MakeMaker-7.06-
&gt; tZDGF3/blib/arch /home/eserte/.cpan/build/2015090118/ExtUtils-
&gt; MakeMaker-7.06-tZDGF3/blib/lib /opt/perl-
&gt; 5.20.0/lib/site_perl/5.20.0/x86_64-linux /opt/perl-
&gt; 5.20.0/lib/site_perl/5.20.0 /opt/perl-5.20.0/lib/5.20.0/x86_64-linux
&gt; /opt/perl-5.20.0/lib/5.20.0 .&#41;.
&gt; # BEGIN failed--compilation aborted.
&gt; # make[1]: Leaving directory `/tmpfs/.cpan-build/2015090118/Inline-C-
&gt; 0.76-4_aPp0/_Inline_27inline_maker.14150/src dir&#39;
&gt; # make[1]: *** [Math-Simple.inl] Error 2
&gt; 
&gt; #   Failed test &#39;make test&#39;
&gt; #   at t/27inline_maker.t line 60.
&gt; # make[1]: Entering directory `/tmpfs/.cpan-build/2015090118/Inline-C-
&gt; 0.76-4_aPp0/_Inline_27inline_maker.14150/src dir&#39;
&gt; # cp lib/Boo.pm blib/lib/Boo.pm
&gt; # cp lib/Boo/Far/Faz.pm blib/lib/Boo/Far/Faz.pm
&gt; # cp lib/Boo/Far.pm blib/lib/Boo/Far.pm
&gt; # cp lib/Boo/Far/data.txt blib/lib/Boo/Far/data.txt
&gt; # &#34;/bbbike/perl-5.20.0/bin/perl&#34; -Mblib -MInline=NOISY,_INSTALL_
&gt; -MBoo::Far::Faz -e&#34;my %A = &#40;modinlname =&gt; &#39;Boo-Far-Faz.inl&#39;, module =&gt;
&gt; &#39;Boo::Far::Faz&#39;&#41;; my %S = &#40;API =&gt; \%A&#41;;
&gt; Inline::satisfy_makefile_dep&#40;\%S&#41;;&#34; 2.01 blib/arch
&gt; # Can&#39;t locate Boo/Far/Faz.pm in @INC &#40;you may need to install the
&gt; Boo::Far::Faz module&#41; &#40;@INC contains: /tmpfs/.cpan-
&gt; build/2015090118/Inline-C-0.76-4_aPp0/_Inline_27inline_maker.14150/src
&gt; dir/../../blib/arch /tmpfs/.cpan-build/2015090118/Inline-C-0.76-
&gt; 4_aPp0/_Inline_27inline_maker.14150/src dir/../../blib/lib
&gt; /tmpfs/.cpan-build/2015090118/Inline-C-0.76-4_aPp0/blib/lib
&gt; /tmpfs/.cpan-build/2015090118/Inline-C-0.76-4_aPp0/blib/arch
&gt; /home/eserte/.cpan/build/2015090118/ExtUtils-MakeMaker-7.06-
&gt; tZDGF3/blib/arch /home/eserte/.cpan/build/2015090118/ExtUtils-
&gt; MakeMaker-7.06-tZDGF3/blib/lib
&gt; /home/eserte/.cpan/build/2015090118/ExtUtils-MakeMaker-7.06-
&gt; tZDGF3/blib/arch /home/eserte/.cpan/build/2015090118/ExtUtils-
&gt; MakeMaker-7.06-tZDGF3/blib/lib /opt/perl-
&gt; 5.20.0/lib/site_perl/5.20.0/x86_64-linux /opt/perl-
&gt; 5.20.0/lib/site_perl/5.20.0 /opt/perl-5.20.0/lib/5.20.0/x86_64-linux
&gt; /opt/perl-5.20.0/lib/5.20.0 .&#41;.
&gt; # BEGIN failed--compilation aborted.
&gt; # make[1]: Leaving directory `/tmpfs/.cpan-build/2015090118/Inline-C-
&gt; 0.76-4_aPp0/_Inline_27inline_maker.14150/src dir&#39;
&gt; # make[1]: *** [Boo-Far-Faz.inl] Error 2
&gt; # Looks like you failed 2 tests of 8.
&gt;  t/27inline_maker.t .......
&gt; Dubious, test returned 2 &#40;wstat 512, 0x200&#41;
&gt;  Failed 2/8 subtests
</div>
And another one: TOMSON/Image-LibRSVG-0.07.tar.gz

...
  TOMSON/Image-LibRSVG-0.07.tar.gz
  /opt/perl-5.20.3-RC2/bin/perl Makefile.PL -- OK
Running make for T/TO/TOMSON/Image-LibRSVG-0.07.tar.gz
CPAN: Module::CoreList loaded ok &#40;v5.20150822&#41;
Makefile:315: *** missing separator.  Stop.
&#40;/usr/bin/make exited with 512&#41;
CPAN::Reporter: make result is &#39;unknown&#39;, Stopped with an error.
</div></div>
    </div>
</div>
</div>
<div class="ticket-transaction message Correspond odd">
<div class="ticket-transaction">
  <div class="metadata">
    <span class="type">
      &nbsp;      
    </span>
    <span class="date">Wed&nbsp;Sep&nbsp;02&nbsp;02:09:27&nbsp;2015</span>
    <span class="description">SREZIC [...] cpan.org -  Correspondence added</span>
    <span class="time-taken"></span>    <span class="actions hidden"></span>
  </div>
    <div class="content">
      

<div class="messagebody">
<div class="message-stanza plain-text-white-space">On 2015-09-01 17:04:10, SREZIC wrote:
<span
    class="message-stanza-folder closed"
    onclick="fold_message_stanza(this, 'Show\x20quoted\x20text', 'Hide\x20quoted\x20text');">Show quoted text</span><br /><div class="message-stanza closed">&gt; On 2015-09-01 16:32:11, SREZIC wrote:
<div class="message-stanza open">&gt; &gt; On 2015-09-01 16:04:28, SREZIC wrote:
<div class="message-stanza open">&gt; &gt; &gt; On 2015-09-01 07:07:42, jplesnik wrote:
<div class="message-stanza open">&gt; &gt; &gt; &gt; I got following error when I try rebuild Net::CUPS module
&gt; &gt; &gt; &gt;
&gt; &gt; &gt; &gt; # perl Makefile.PL
&gt; &gt; &gt; &gt; Net::CUPS Configuration
&gt; &gt; &gt; &gt; Running cups-config ... 2.1rc1
&gt; &gt; &gt; &gt; Generating a Unix-style Makefile
&gt; &gt; &gt; &gt; Writing Makefile for Net::CUPS &lt;mock-chroot&gt;
&gt; &gt; &gt; &gt;
&gt; &gt; &gt; &gt; # make
&gt; &gt; &gt; &gt; Makefile:327: *** missing separator.  Stop.
&gt; &gt; &gt; &gt;
&gt; &gt; &gt; &gt; The error is caused by following code
&gt; &gt; &gt; &gt;  321 PASTHRU = LIBPERL_A=&#34;$&#40;LIBPERL_A&#41;&#34;\
&gt; &gt; &gt; &gt;  322         LINKTYPE=&#34;$&#40;LINKTYPE&#41;&#34;\
&gt; &gt; &gt; &gt;  323         OPTIMIZE=&#34;$&#40;OPTIMIZE&#41;&#34;\
&gt; &gt; &gt; &gt;  324         PREFIX=&#34;$&#40;PREFIX&#41;&#34;\
&gt; &gt; &gt; &gt;  325         PASTHRU_DEFINE=&#39; $&#40;PASTHRU_DEFINE&#41;&#39;\
&gt; &gt; &gt; &gt;  326         PASTHRU_INC=&#39;
&gt; &gt; &gt; &gt;  327  $&#40;PASTHRU_INC&#41;&#39;
&gt; &gt; &gt; &gt;
&gt; &gt; &gt; &gt;
&gt; &gt; &gt; &gt; The empty line is add by this part of lib/ExtUtils/MM_Unix.pm
&gt; &gt; &gt; &gt;
&gt; &gt; &gt; &gt; 2949         # expand within perl if given since need to use
&gt; &gt; &gt; &gt; quote_literal
&gt; &gt; &gt; &gt; 2950         # since INC might include space-protecting &#34;&#34;!
&gt; &gt; &gt; &gt; 2951         $val = $self-&gt;{$key} if defined $self-&gt;{$key};
&gt; &gt; &gt; &gt;
</div>&gt; &gt; &gt;
&gt; &gt; &gt;
&gt; &gt; &gt; There are also new errors with KNI/HTTP-Any-0.05.tar.gz when using
&gt; &gt; &gt; ExtUtils::MakeMaker 7.06 is installed:
&gt; &gt; &gt;
&gt; &gt; &gt; --------------------------------
&gt; &gt; &gt; Output from &#39;/usr/bin/make&#39;:
&gt; &gt; &gt;
&gt; &gt; &gt; make: *** No rule to make target `HTTP/Any/AnyEvent.pm
&gt; &gt; &gt; HTTP/Any/Curl.pm HTTP/Any/LWP.pm\&#39;, needed by `pm_to_blib&#39;.  Stop.
&gt; &gt; &gt; --------------------------------
&gt; &gt; &gt;
&gt; &gt; &gt; Don&#39;t know if this is the same or another problem.
</div>&gt; &gt; 
&gt; &gt; Another victim: a test in INGY/Inline-C-0.76.tar.gz fails now:
&gt; &gt; 
&gt; &gt; #   Failed test &#39;make test&#39;
&gt; &gt; #   at t/27inline_maker.t line 60.
&gt; &gt; # make[1]: Entering directory `/tmpfs/.cpan-build/2015090118/Inline-C-
&gt; &gt; 0.76-4_aPp0/_Inline_27inline_maker.14150/src dir&#39;
&gt; &gt; # cp Simple.pm blib/lib/Math/Simple.pm
&gt; &gt; # &#34;/bbbike/perl-5.20.0/bin/perl&#34; -Mblib -MInline=NOISY,_INSTALL_
&gt; &gt; -MMath::Simple -e&#34;my %A = &#40;modinlname =&gt; &#39;Math-Simple.inl&#39;, module =&gt;
&gt; &gt; &#39;Math::Simple&#39;&#41;; my %S = &#40;API =&gt; \%A&#41;;
&gt; &gt; Inline::satisfy_makefile_dep&#40;\%S&#41;;&#34; 1.23 blib/arch
&gt; &gt; # Can&#39;t locate Math/Simple.pm in @INC &#40;you may need to install the
&gt; &gt; Math::Simple module&#41; &#40;@INC contains: /tmpfs/.cpan-
&gt; &gt; build/2015090118/Inline-C-0.76-4_aPp0/_Inline_27inline_maker.14150/src
&gt; &gt; dir/../../blib/arch /tmpfs/.cpan-build/2015090118/Inline-C-0.76-
&gt; &gt; 4_aPp0/_Inline_27inline_maker.14150/src dir/../../blib/lib
&gt; &gt; /tmpfs/.cpan-build/2015090118/Inline-C-0.76-4_aPp0/blib/lib
&gt; &gt; /tmpfs/.cpan-build/2015090118/Inline-C-0.76-4_aPp0/blib/arch
&gt; &gt; /home/eserte/.cpan/build/2015090118/ExtUtils-MakeMaker-7.06-
&gt; &gt; tZDGF3/blib/arch /home/eserte/.cpan/build/2015090118/ExtUtils-
&gt; &gt; MakeMaker-7.06-tZDGF3/blib/lib
&gt; &gt; /home/eserte/.cpan/build/2015090118/ExtUtils-MakeMaker-7.06-
&gt; &gt; tZDGF3/blib/arch /home/eserte/.cpan/build/2015090118/ExtUtils-
&gt; &gt; MakeMaker-7.06-tZDGF3/blib/lib /opt/perl-
&gt; &gt; 5.20.0/lib/site_perl/5.20.0/x86_64-linux /opt/perl-
&gt; &gt; 5.20.0/lib/site_perl/5.20.0 /opt/perl-5.20.0/lib/5.20.0/x86_64-linux
&gt; &gt; /opt/perl-5.20.0/lib/5.20.0 .&#41;.
&gt; &gt; # BEGIN failed--compilation aborted.
&gt; &gt; # make[1]: Leaving directory `/tmpfs/.cpan-build/2015090118/Inline-C-
&gt; &gt; 0.76-4_aPp0/_Inline_27inline_maker.14150/src dir&#39;
&gt; &gt; # make[1]: *** [Math-Simple.inl] Error 2
&gt; &gt; 
&gt; &gt; #   Failed test &#39;make test&#39;
&gt; &gt; #   at t/27inline_maker.t line 60.
&gt; &gt; # make[1]: Entering directory `/tmpfs/.cpan-build/2015090118/Inline-C-
&gt; &gt; 0.76-4_aPp0/_Inline_27inline_maker.14150/src dir&#39;
&gt; &gt; # cp lib/Boo.pm blib/lib/Boo.pm
&gt; &gt; # cp lib/Boo/Far/Faz.pm blib/lib/Boo/Far/Faz.pm
&gt; &gt; # cp lib/Boo/Far.pm blib/lib/Boo/Far.pm
&gt; &gt; # cp lib/Boo/Far/data.txt blib/lib/Boo/Far/data.txt
&gt; &gt; # &#34;/bbbike/perl-5.20.0/bin/perl&#34; -Mblib -MInline=NOISY,_INSTALL_
&gt; &gt; -MBoo::Far::Faz -e&#34;my %A = &#40;modinlname =&gt; &#39;Boo-Far-Faz.inl&#39;, module =&gt;
&gt; &gt; &#39;Boo::Far::Faz&#39;&#41;; my %S = &#40;API =&gt; \%A&#41;;
&gt; &gt; Inline::satisfy_makefile_dep&#40;\%S&#41;;&#34; 2.01 blib/arch
&gt; &gt; # Can&#39;t locate Boo/Far/Faz.pm in @INC &#40;you may need to install the
&gt; &gt; Boo::Far::Faz module&#41; &#40;@INC contains: /tmpfs/.cpan-
&gt; &gt; build/2015090118/Inline-C-0.76-4_aPp0/_Inline_27inline_maker.14150/src
&gt; &gt; dir/../../blib/arch /tmpfs/.cpan-build/2015090118/Inline-C-0.76-
&gt; &gt; 4_aPp0/_Inline_27inline_maker.14150/src dir/../../blib/lib
&gt; &gt; /tmpfs/.cpan-build/2015090118/Inline-C-0.76-4_aPp0/blib/lib
&gt; &gt; /tmpfs/.cpan-build/2015090118/Inline-C-0.76-4_aPp0/blib/arch
&gt; &gt; /home/eserte/.cpan/build/2015090118/ExtUtils-MakeMaker-7.06-
&gt; &gt; tZDGF3/blib/arch /home/eserte/.cpan/build/2015090118/ExtUtils-
&gt; &gt; MakeMaker-7.06-tZDGF3/blib/lib
&gt; &gt; /home/eserte/.cpan/build/2015090118/ExtUtils-MakeMaker-7.06-
&gt; &gt; tZDGF3/blib/arch /home/eserte/.cpan/build/2015090118/ExtUtils-
&gt; &gt; MakeMaker-7.06-tZDGF3/blib/lib /opt/perl-
&gt; &gt; 5.20.0/lib/site_perl/5.20.0/x86_64-linux /opt/perl-
&gt; &gt; 5.20.0/lib/site_perl/5.20.0 /opt/perl-5.20.0/lib/5.20.0/x86_64-linux
&gt; &gt; /opt/perl-5.20.0/lib/5.20.0 .&#41;.
&gt; &gt; # BEGIN failed--compilation aborted.
&gt; &gt; # make[1]: Leaving directory `/tmpfs/.cpan-build/2015090118/Inline-C-
&gt; &gt; 0.76-4_aPp0/_Inline_27inline_maker.14150/src dir&#39;
&gt; &gt; # make[1]: *** [Boo-Far-Faz.inl] Error 2
&gt; &gt; # Looks like you failed 2 tests of 8.
&gt; &gt;  t/27inline_maker.t .......
&gt; &gt; Dubious, test returned 2 &#40;wstat 512, 0x200&#41;
&gt; &gt;  Failed 2/8 subtests
</div>&gt; 
&gt; And another one: TOMSON/Image-LibRSVG-0.07.tar.gz
&gt; 
&gt; ...
&gt;   TOMSON/Image-LibRSVG-0.07.tar.gz
&gt;   /opt/perl-5.20.3-RC2/bin/perl Makefile.PL -- OK
&gt; Running make for T/TO/TOMSON/Image-LibRSVG-0.07.tar.gz
&gt; CPAN: Module::CoreList loaded ok &#40;v5.20150822&#41;
&gt; Makefile:315: *** missing separator.  Stop.
&gt; &#40;/usr/bin/make exited with 512&#41;
&gt; CPAN::Reporter: make result is &#39;unknown&#39;, Stopped with an error.
&gt; 
</div>
Also affected: MIRK/Net-Z3950-ZOOM-1.30.tar.gz

...
  MIRK/Net-Z3950-ZOOM-1.30.tar.gz
  /bbbike/perl-5.18.4/bin/perl Makefile.PL -- OK
Running make for M/MI/MIRK/Net-Z3950-ZOOM-1.30.tar.gz
Makefile:323: *** missing separator.  Stop.
&#40;/usr/bin/make exited with 512&#41;
CPAN::Reporter: make result is &#39;unknown&#39;, Stopped with an error.
</div></div>
    </div>
</div>
</div>
<div class="ticket-transaction message Correspond even">
<div class="ticket-transaction">
  <div class="metadata">
    <span class="type">
      &nbsp;      
    </span>
    <span class="date">Wed&nbsp;Sep&nbsp;02&nbsp;02:50:42&nbsp;2015</span>
    <span class="description">SREZIC [...] cpan.org -  Correspondence added</span>
    <span class="time-taken"></span>    <span class="actions hidden"></span>
  </div>
    <div class="content">
      

<div class="messagebody">
<div class="message-stanza plain-text-white-space">On 2015-09-02 02:09:27, SREZIC wrote:
<span
    class="message-stanza-folder closed"
    onclick="fold_message_stanza(this, 'Show\x20quoted\x20text', 'Hide\x20quoted\x20text');">Show quoted text</span><br /><div class="message-stanza closed">&gt; On 2015-09-01 17:04:10, SREZIC wrote:
<div class="message-stanza open">&gt; &gt; On 2015-09-01 16:32:11, SREZIC wrote:
<div class="message-stanza open">&gt; &gt; &gt; On 2015-09-01 16:04:28, SREZIC wrote:
<div class="message-stanza open">&gt; &gt; &gt; &gt; On 2015-09-01 07:07:42, jplesnik wrote:
<div class="message-stanza open">&gt; &gt; &gt; &gt; &gt; I got following error when I try rebuild Net::CUPS module
&gt; &gt; &gt; &gt; &gt;
&gt; &gt; &gt; &gt; &gt; # perl Makefile.PL
&gt; &gt; &gt; &gt; &gt; Net::CUPS Configuration
&gt; &gt; &gt; &gt; &gt; Running cups-config ... 2.1rc1
&gt; &gt; &gt; &gt; &gt; Generating a Unix-style Makefile
&gt; &gt; &gt; &gt; &gt; Writing Makefile for Net::CUPS &lt;mock-chroot&gt;
&gt; &gt; &gt; &gt; &gt;
&gt; &gt; &gt; &gt; &gt; # make
&gt; &gt; &gt; &gt; &gt; Makefile:327: *** missing separator.  Stop.
&gt; &gt; &gt; &gt; &gt;
&gt; &gt; &gt; &gt; &gt; The error is caused by following code
&gt; &gt; &gt; &gt; &gt;  321 PASTHRU = LIBPERL_A=&#34;$&#40;LIBPERL_A&#41;&#34;\
&gt; &gt; &gt; &gt; &gt;  322         LINKTYPE=&#34;$&#40;LINKTYPE&#41;&#34;\
&gt; &gt; &gt; &gt; &gt;  323         OPTIMIZE=&#34;$&#40;OPTIMIZE&#41;&#34;\
&gt; &gt; &gt; &gt; &gt;  324         PREFIX=&#34;$&#40;PREFIX&#41;&#34;\
&gt; &gt; &gt; &gt; &gt;  325         PASTHRU_DEFINE=&#39; $&#40;PASTHRU_DEFINE&#41;&#39;\
&gt; &gt; &gt; &gt; &gt;  326         PASTHRU_INC=&#39;
&gt; &gt; &gt; &gt; &gt;  327  $&#40;PASTHRU_INC&#41;&#39;
&gt; &gt; &gt; &gt; &gt;
&gt; &gt; &gt; &gt; &gt;
&gt; &gt; &gt; &gt; &gt; The empty line is add by this part of lib/ExtUtils/MM_Unix.pm
&gt; &gt; &gt; &gt; &gt;
&gt; &gt; &gt; &gt; &gt; 2949         # expand within perl if given since need to use
&gt; &gt; &gt; &gt; &gt; quote_literal
&gt; &gt; &gt; &gt; &gt; 2950         # since INC might include space-protecting &#34;&#34;!
&gt; &gt; &gt; &gt; &gt; 2951         $val = $self-&gt;{$key} if defined $self-&gt;{$key};
&gt; &gt; &gt; &gt; &gt;
</div>&gt; &gt; &gt; &gt;
&gt; &gt; &gt; &gt;
&gt; &gt; &gt; &gt; There are also new errors with KNI/HTTP-Any-0.05.tar.gz when using
&gt; &gt; &gt; &gt; ExtUtils::MakeMaker 7.06 is installed:
&gt; &gt; &gt; &gt;
&gt; &gt; &gt; &gt; --------------------------------
&gt; &gt; &gt; &gt; Output from &#39;/usr/bin/make&#39;:
&gt; &gt; &gt; &gt;
&gt; &gt; &gt; &gt; make: *** No rule to make target `HTTP/Any/AnyEvent.pm
&gt; &gt; &gt; &gt; HTTP/Any/Curl.pm HTTP/Any/LWP.pm\&#39;, needed by `pm_to_blib&#39;.  Stop.
&gt; &gt; &gt; &gt; --------------------------------
&gt; &gt; &gt; &gt;
&gt; &gt; &gt; &gt; Don&#39;t know if this is the same or another problem.
</div>&gt; &gt; &gt; 
&gt; &gt; &gt; Another victim: a test in INGY/Inline-C-0.76.tar.gz fails now:
&gt; &gt; &gt; 
&gt; &gt; &gt; #   Failed test &#39;make test&#39;
&gt; &gt; &gt; #   at t/27inline_maker.t line 60.
&gt; &gt; &gt; # make[1]: Entering directory `/tmpfs/.cpan-build/2015090118/Inline-C-
&gt; &gt; &gt; 0.76-4_aPp0/_Inline_27inline_maker.14150/src dir&#39;
&gt; &gt; &gt; # cp Simple.pm blib/lib/Math/Simple.pm
&gt; &gt; &gt; # &#34;/bbbike/perl-5.20.0/bin/perl&#34; -Mblib -MInline=NOISY,_INSTALL_
&gt; &gt; &gt; -MMath::Simple -e&#34;my %A = &#40;modinlname =&gt; &#39;Math-Simple.inl&#39;, module =&gt;
&gt; &gt; &gt; &#39;Math::Simple&#39;&#41;; my %S = &#40;API =&gt; \%A&#41;;
&gt; &gt; &gt; Inline::satisfy_makefile_dep&#40;\%S&#41;;&#34; 1.23 blib/arch
&gt; &gt; &gt; # Can&#39;t locate Math/Simple.pm in @INC &#40;you may need to install the
&gt; &gt; &gt; Math::Simple module&#41; &#40;@INC contains: /tmpfs/.cpan-
&gt; &gt; &gt; build/2015090118/Inline-C-0.76-4_aPp0/_Inline_27inline_maker.14150/src
&gt; &gt; &gt; dir/../../blib/arch /tmpfs/.cpan-build/2015090118/Inline-C-0.76-
&gt; &gt; &gt; 4_aPp0/_Inline_27inline_maker.14150/src dir/../../blib/lib
&gt; &gt; &gt; /tmpfs/.cpan-build/2015090118/Inline-C-0.76-4_aPp0/blib/lib
&gt; &gt; &gt; /tmpfs/.cpan-build/2015090118/Inline-C-0.76-4_aPp0/blib/arch
&gt; &gt; &gt; /home/eserte/.cpan/build/2015090118/ExtUtils-MakeMaker-7.06-
&gt; &gt; &gt; tZDGF3/blib/arch /home/eserte/.cpan/build/2015090118/ExtUtils-
&gt; &gt; &gt; MakeMaker-7.06-tZDGF3/blib/lib
&gt; &gt; &gt; /home/eserte/.cpan/build/2015090118/ExtUtils-MakeMaker-7.06-
&gt; &gt; &gt; tZDGF3/blib/arch /home/eserte/.cpan/build/2015090118/ExtUtils-
&gt; &gt; &gt; MakeMaker-7.06-tZDGF3/blib/lib /opt/perl-
&gt; &gt; &gt; 5.20.0/lib/site_perl/5.20.0/x86_64-linux /opt/perl-
&gt; &gt; &gt; 5.20.0/lib/site_perl/5.20.0 /opt/perl-5.20.0/lib/5.20.0/x86_64-linux
&gt; &gt; &gt; /opt/perl-5.20.0/lib/5.20.0 .&#41;.
&gt; &gt; &gt; # BEGIN failed--compilation aborted.
&gt; &gt; &gt; # make[1]: Leaving directory `/tmpfs/.cpan-build/2015090118/Inline-C-
&gt; &gt; &gt; 0.76-4_aPp0/_Inline_27inline_maker.14150/src dir&#39;
&gt; &gt; &gt; # make[1]: *** [Math-Simple.inl] Error 2
&gt; &gt; &gt; 
&gt; &gt; &gt; #   Failed test &#39;make test&#39;
&gt; &gt; &gt; #   at t/27inline_maker.t line 60.
&gt; &gt; &gt; # make[1]: Entering directory `/tmpfs/.cpan-build/2015090118/Inline-C-
&gt; &gt; &gt; 0.76-4_aPp0/_Inline_27inline_maker.14150/src dir&#39;
&gt; &gt; &gt; # cp lib/Boo.pm blib/lib/Boo.pm
&gt; &gt; &gt; # cp lib/Boo/Far/Faz.pm blib/lib/Boo/Far/Faz.pm
&gt; &gt; &gt; # cp lib/Boo/Far.pm blib/lib/Boo/Far.pm
&gt; &gt; &gt; # cp lib/Boo/Far/data.txt blib/lib/Boo/Far/data.txt
&gt; &gt; &gt; # &#34;/bbbike/perl-5.20.0/bin/perl&#34; -Mblib -MInline=NOISY,_INSTALL_
&gt; &gt; &gt; -MBoo::Far::Faz -e&#34;my %A = &#40;modinlname =&gt; &#39;Boo-Far-Faz.inl&#39;, module =&gt;
&gt; &gt; &gt; &#39;Boo::Far::Faz&#39;&#41;; my %S = &#40;API =&gt; \%A&#41;;
&gt; &gt; &gt; Inline::satisfy_makefile_dep&#40;\%S&#41;;&#34; 2.01 blib/arch
&gt; &gt; &gt; # Can&#39;t locate Boo/Far/Faz.pm in @INC &#40;you may need to install the
&gt; &gt; &gt; Boo::Far::Faz module&#41; &#40;@INC contains: /tmpfs/.cpan-
&gt; &gt; &gt; build/2015090118/Inline-C-0.76-4_aPp0/_Inline_27inline_maker.14150/src
&gt; &gt; &gt; dir/../../blib/arch /tmpfs/.cpan-build/2015090118/Inline-C-0.76-
&gt; &gt; &gt; 4_aPp0/_Inline_27inline_maker.14150/src dir/../../blib/lib
&gt; &gt; &gt; /tmpfs/.cpan-build/2015090118/Inline-C-0.76-4_aPp0/blib/lib
&gt; &gt; &gt; /tmpfs/.cpan-build/2015090118/Inline-C-0.76-4_aPp0/blib/arch
&gt; &gt; &gt; /home/eserte/.cpan/build/2015090118/ExtUtils-MakeMaker-7.06-
&gt; &gt; &gt; tZDGF3/blib/arch /home/eserte/.cpan/build/2015090118/ExtUtils-
&gt; &gt; &gt; MakeMaker-7.06-tZDGF3/blib/lib
&gt; &gt; &gt; /home/eserte/.cpan/build/2015090118/ExtUtils-MakeMaker-7.06-
&gt; &gt; &gt; tZDGF3/blib/arch /home/eserte/.cpan/build/2015090118/ExtUtils-
&gt; &gt; &gt; MakeMaker-7.06-tZDGF3/blib/lib /opt/perl-
&gt; &gt; &gt; 5.20.0/lib/site_perl/5.20.0/x86_64-linux /opt/perl-
&gt; &gt; &gt; 5.20.0/lib/site_perl/5.20.0 /opt/perl-5.20.0/lib/5.20.0/x86_64-linux
&gt; &gt; &gt; /opt/perl-5.20.0/lib/5.20.0 .&#41;.
&gt; &gt; &gt; # BEGIN failed--compilation aborted.
&gt; &gt; &gt; # make[1]: Leaving directory `/tmpfs/.cpan-build/2015090118/Inline-C-
&gt; &gt; &gt; 0.76-4_aPp0/_Inline_27inline_maker.14150/src dir&#39;
&gt; &gt; &gt; # make[1]: *** [Boo-Far-Faz.inl] Error 2
&gt; &gt; &gt; # Looks like you failed 2 tests of 8.
&gt; &gt; &gt;  t/27inline_maker.t .......
&gt; &gt; &gt; Dubious, test returned 2 &#40;wstat 512, 0x200&#41;
&gt; &gt; &gt;  Failed 2/8 subtests
</div>&gt; &gt; 
&gt; &gt; And another one: TOMSON/Image-LibRSVG-0.07.tar.gz
&gt; &gt; 
&gt; &gt; ...
&gt; &gt;   TOMSON/Image-LibRSVG-0.07.tar.gz
&gt; &gt;   /opt/perl-5.20.3-RC2/bin/perl Makefile.PL -- OK
&gt; &gt; Running make for T/TO/TOMSON/Image-LibRSVG-0.07.tar.gz
&gt; &gt; CPAN: Module::CoreList loaded ok &#40;v5.20150822&#41;
&gt; &gt; Makefile:315: *** missing separator.  Stop.
&gt; &gt; &#40;/usr/bin/make exited with 512&#41;
&gt; &gt; CPAN::Reporter: make result is &#39;unknown&#39;, Stopped with an error.
&gt; &gt; 
</div>&gt; 
&gt; Also affected: MIRK/Net-Z3950-ZOOM-1.30.tar.gz
&gt; 
&gt; ...
&gt;   MIRK/Net-Z3950-ZOOM-1.30.tar.gz
&gt;   /bbbike/perl-5.18.4/bin/perl Makefile.PL -- OK
&gt; Running make for M/MI/MIRK/Net-Z3950-ZOOM-1.30.tar.gz
&gt; Makefile:323: *** missing separator.  Stop.
&gt; &#40;/usr/bin/make exited with 512&#41;
&gt; CPAN::Reporter: make result is &#39;unknown&#39;, Stopped with an error.
&gt; 
</div>
And DROLSKY/File-LibMagic-1.13.tar.gz:

Output from &#39;/usr/bin/make&#39;:

cp lib/File/LibMagic.xs blib/lib/File/LibMagic.xs
cp lib/File/typemap blib/lib/File/typemap
cp lib/File/LibMagic.pm blib/lib/File/LibMagic.pm
Running Mkbootstrap for LibMagic &#40;&#41;
chmod 644 &#34;LibMagic.bs&#34;
&#34;/bbbike/perl-5.20.2/bin/perl&#34; -MExtUtils::Command::MM -e &#39;cp_nonempty&#39; -- LibMagic.bs blib/arch/auto/File/LibMagic/LibMagic.bs 644
&#34;/bbbike/perl-5.20.2/bin/perl&#34; &#34;/opt/perl-5.20.2/lib/5.20.2/ExtUtils/xsubpp&#34;  -typemap &#39;/opt/perl-5.20.2/lib/5.20.2/ExtUtils/typemap&#39;  lib/File/LibMagic.xs &gt; lib/File/LibMagic.xsc
mv lib/File/LibMagic.xsc lib/File/LibMagic.c
cc -c  -I. -Ic -fwrapv -fno-strict-aliasing -pipe -fstack-protector -I/usr/local/include -D_LARGEFILE_SOURCE -D_FILE_OFFSET_BITS=64 -O2   -DVERSION=\&#34;1.13\&#34; -DXS_VERSION=\&#34;1.13\&#34; -fPIC &#34;-I/opt/perl-5.20.2/lib/5.20.2/x86_64-linux/CORE&#34;   lib/File/LibMagic.c -o lib/File/LibMagic.o
rm -f blib/arch/auto/File/LibMagic/LibMagic.so
LD_RUN_PATH=&#34;/usr/lib/x86_64-linux-gnu&#34; cc  -shared -O2 -L/usr/local/lib -fstack-protector -o blib/arch/auto/File/LibMagic/LibMagic.so  LibMagic.o  \
           -lmagic   \
          
cc: error: LibMagic.o: No such file or directory
make: *** [blib/arch/auto/File/LibMagic/LibMagic.so] Error 1
</div></div>
    </div>
</div>
</div>
<div class="ticket-transaction message Correspond odd">
<div class="ticket-transaction">
  <div class="metadata">
    <span class="type">
      &nbsp;      
    </span>
    <span class="date">Thu&nbsp;Apr&nbsp;21&nbsp;10:00:10&nbsp;2016</span>
    <span class="description">BINGOS [...] cpan.org -  Correspondence added</span>
    <span class="time-taken"></span>    <span class="actions hidden"></span>
  </div>
    <div class="content">
      

<div class="messagebody">
<div class="message-stanza plain-text-white-space">This was fixed in 7.08 and 7.12 is now out.

Many thanks.
</div></div>
    </div>
</div>
</div>
<div class="ticket-transaction basics Status even">
<div class="ticket-transaction">
  <div class="metadata">
    <span class="type">
      &nbsp;      
    </span>
    <span class="date">Thu&nbsp;Apr&nbsp;21&nbsp;10:00:11&nbsp;2016</span>
    <span class="description">BINGOS [...] cpan.org -  Status changed from &#39;open&#39; to &#39;resolved&#39;</span>
    <span class="time-taken"></span>    <span class="actions hidden"></span>
  </div>
    <div class="content">
    </div>
</div>
</div>
<div class="ticket-transaction people Set odd">
<div class="ticket-transaction">
  <div class="metadata">
    <span class="type">
      &nbsp;      
    </span>
    <span class="date">Thu&nbsp;Apr&nbsp;21&nbsp;10:00:17&nbsp;2016</span>
    <span class="description">BINGOS [...] cpan.org -  Taken</span>
    <span class="time-taken"></span>    <span class="actions hidden"></span>
  </div>
    <div class="content">
    </div>
</div>
</div>
<div class="ticket-transaction other CustomField even">
<div class="ticket-transaction">
  <div class="metadata">
    <span class="type">
      &nbsp;      
    </span>
    <span class="date">Thu&nbsp;Apr&nbsp;21&nbsp;10:00:18&nbsp;2016</span>
    <span class="description">BINGOS [...] cpan.org -  Fixed in 7.07_01 added</span>
    <span class="time-taken"></span>    <span class="actions hidden"></span>
  </div>
    <div class="content">
    </div>
</div>
</div>
<div class="ticket-transaction other CustomField odd">
<div class="ticket-transaction">
  <div class="metadata">
    <span class="type">
      &nbsp;      
    </span>
    <span class="date">Thu&nbsp;Apr&nbsp;21&nbsp;10:00:19&nbsp;2016</span>
    <span class="description">BINGOS [...] cpan.org -  Fixed in 7.08 added</span>
    <span class="time-taken"></span>    <span class="actions hidden"></span>
  </div>
    <div class="content">
    </div>
</div>
</div>
<div class="ticket-transaction other CustomField even">
<div class="ticket-transaction">
  <div class="metadata">
    <span class="type">
      &nbsp;      
    </span>
    <span class="date">Thu&nbsp;Apr&nbsp;21&nbsp;10:00:19&nbsp;2016</span>
    <span class="description">BINGOS [...] cpan.org -  Fixed in 7.10 added</span>
    <span class="time-taken"></span>    <span class="actions hidden"></span>
  </div>
    <div class="content">
    </div>
</div>
</div>
<div class="ticket-transaction other CustomField odd">
<div class="ticket-transaction">
  <div class="metadata">
    <span class="type">
      &nbsp;      
    </span>
    <span class="date">Thu&nbsp;Apr&nbsp;21&nbsp;10:00:20&nbsp;2016</span>
    <span class="description">BINGOS [...] cpan.org -  Fixed in 7.11_01 added</span>
    <span class="time-taken"></span>    <span class="actions hidden"></span>
  </div>
    <div class="content">
    </div>
</div>
</div>
<div class="ticket-transaction other CustomField even">
<div class="ticket-transaction">
  <div class="metadata">
    <span class="type">
      &nbsp;      
    </span>
    <span class="date">Thu&nbsp;Apr&nbsp;21&nbsp;10:00:20&nbsp;2016</span>
    <span class="description">BINGOS [...] cpan.org -  Fixed in 7.11_02 added</span>
    <span class="time-taken"></span>    <span class="actions hidden"></span>
  </div>
    <div class="content">
    </div>
</div>
</div>
<div class="ticket-transaction other CustomField odd">
<div class="ticket-transaction">
  <div class="metadata">
    <span class="type">
      &nbsp;      
    </span>
    <span class="date">Thu&nbsp;Apr&nbsp;21&nbsp;10:00:21&nbsp;2016</span>
    <span class="description">BINGOS [...] cpan.org -  Fixed in 7.11_03 added</span>
    <span class="time-taken"></span>    <span class="actions hidden"></span>
  </div>
    <div class="content">
    </div>
</div>
</div>
<div class="ticket-transaction other CustomField even">
<div class="ticket-transaction">
  <div class="metadata">
    <span class="type">
      &nbsp;      
    </span>
    <span class="date">Thu&nbsp;Apr&nbsp;21&nbsp;10:00:22&nbsp;2016</span>
    <span class="description">BINGOS [...] cpan.org -  Fixed in 7.11_04 added</span>
    <span class="time-taken"></span>    <span class="actions hidden"></span>
  </div>
    <div class="content">
    </div>
</div>
</div>
<div class="ticket-transaction other CustomField odd">
<div class="ticket-transaction">
  <div class="metadata">
    <span class="type">
      &nbsp;      
    </span>
    <span class="date">Thu&nbsp;Apr&nbsp;21&nbsp;10:00:23&nbsp;2016</span>
    <span class="description">BINGOS [...] cpan.org -  Fixed in 7.11_05 added</span>
    <span class="time-taken"></span>    <span class="actions hidden"></span>
  </div>
    <div class="content">
    </div>
</div>
</div>
<div class="ticket-transaction other CustomField even">
<div class="ticket-transaction">
  <div class="metadata">
    <span class="type">
      &nbsp;      
    </span>
    <span class="date">Thu&nbsp;Apr&nbsp;21&nbsp;10:00:23&nbsp;2016</span>
    <span class="description">BINGOS [...] cpan.org -  Fixed in 7.11_06 added</span>
    <span class="time-taken"></span>    <span class="actions hidden"></span>
  </div>
    <div class="content">
    </div>
</div>
</div>
<div class="ticket-transaction other CustomField odd">
<div class="ticket-transaction">
  <div class="metadata">
    <span class="type">
      &nbsp;      <a id="lasttrans" name="lasttrans"></a>
    </span>
    <span class="date">Thu&nbsp;Apr&nbsp;21&nbsp;10:00:24&nbsp;2016</span>
    <span class="description">BINGOS [...] cpan.org -  Fixed in 7.12 added</span>
    <span class="time-taken"></span>    <span class="actions hidden"></span>
  </div>
    <div class="content">
    </div>
</div>
</div>
</div>
    <hr class="clear" />
  </div>
</div>




</div>
 


  <hr class="clear" />
</div>
</body>
</html>
