<!DOCTYPE html>

<html lang="en">
  <head>
    <title>Bug #89537 for DBD-mysql: make tests fail with Makefile.PL --ps-protocol</title>
    <meta http-equiv="X-UA-Compatible" content="IE=edge" />
    <!-- The X-UA-Compatible <meta> tag above must be very early in <head> -->

    <script>
if (window.top !== window.self) {
    document.write = "";

    window.top.location = window.self.location;

    setTimeout(function(){
        document.body.innerHTML = "";
    }, 1);

    window.self.onload = function(){
        document.body.innerHTML = "";
    };
}
</script>



<link rel="shortcut icon" href="/NoAuth/images/favicon.png" type="image/png" />
<link rel="stylesheet" href="/NoAuth/css/aileron-squished-00f758259152f8b6670ee485f462e6b8.css" type="text/css" media="all" />
<link rel="stylesheet" href="/NoAuth/css/print.css" type="text/css" media="print" />




<script type="text/javascript" src="/NoAuth/js/squished-42167f2409ce368da2d31038e5cb2a57.js"></script>

<script type="text/javascript"><!--
	jQuery( loadTitleBoxStates );

--></script>


<!--[if lt IE 8]>
<link rel="stylesheet" href="/NoAuth/css/aileron/msie.css" type="text/css" media="all" />
<![endif]-->
<!--[if lt IE 7]>
<link rel="stylesheet" href="/NoAuth/css/aileron/msie6.css" type="text/css" media="all" />
<![endif]-->
<script type="text/javascript">
jQuery(document).ready(function(){
    jQuery.fn.supersubs.defaults = {
        maxWidth: 30,
        extraWidth: 2
    };

    jQuery("#app-nav.toplevel").addClass('sf-menu sf-js-enabled sf-shadow').supersubs().superfish({ speed: 'fast' });
    jQuery("#page-menu.toplevel").addClass('sf-menu sf-js-enabled').supersubs().superfish({ dropShadows: false, speed: 'fast' }).supposition();
});
</script>


<!-- Site CSS from theme editor -->
<style type="text/css" media="all" id="sitecss">
</style>

<meta name="google-site-verification" content="kD3-uEJK1AkTqaC-rckcSt_HPkAj674DPPuEN6i-y0g" />

</head>
  <body class="aileron sidebyside" id="comp-Public-Bug-Display">

<div id="logo">
<a href="https://rt.cpan.org/"><img
    src="/NoAuth/images/cpan.png"
    alt="CPAN"
    width="181"
    height="38" /></a>
    <span class="rtname">RT for rt.cpan.org</span>
</div>


<div id="quickbar">
  <div id="quick-personal">
    <span class="hide"><a href="#skipnav">Skip Menu</a> | </span>
</div>

</div>
<div id="header"><h1>Bug #89537 for DBD-mysql: make tests fail with Makefile.PL --ps-protocol</h1></div>


<div id="main-navigation"><ul id="app-nav" class="toplevel">
 <li id="li-search_dist"><a id="search_dist" class="menu-item " href="/Public/">Search Distributions</a></li>
 <li id="li-browse_dist"><a id="browse_dist" class="menu-item " href="/Public/Dist/Browse.html">Browse Distributions</a></li>
 <li id="li-about" class="has-children"><a id="about" class="menu-item " href="/NoAuth/RT/CPAN/About.html">About rt.cpan.org</a>
 <ul>
  <li id="li-about-usage"><a id="about-usage" class="menu-item " href="/NoAuth/RT/CPAN/Usage.html">How do I…?</a></li>
  <li id="li-about-about"><a id="about-about" class="menu-item " href="/NoAuth/RT/CPAN/About.html">About</a></li>
 </ul>
 </li>
 <li id="li-preferences"><a id="preferences" class="menu-item ">Welcome <span class="current-user">anonymous guest</span>.</a></li>
 <li id="li-login"><a id="login" class="menu-item " href="/NoAuth/Logout.html">Login as another user</a></li>
</ul></div>
<div id="page-navigation"><ul id="page-menu" class="toplevel">
 <li id="li-page-active_bugs"><a id="page-active_bugs" class="menu-item " href="/Public/Dist/Display.html?Status=Active;Name=DBD-mysql">Active bugs</a></li>
 <li id="li-page-resolved_bugs"><a id="page-resolved_bugs" class="menu-item " href="/Public/Dist/Display.html?Status=Resolved;Name=DBD-mysql">Resolved bugs</a></li>
 <li id="li-page-rejected_bugs"><a id="page-rejected_bugs" class="menu-item " href="/Public/Dist/Display.html?Status=Rejected;Name=DBD-mysql">Rejected bugs</a></li>
 <li id="li-page-report"><a id="page-report" class="menu-item " href="/Public/Bug/Report.html?Queue=DBD-mysql">Report a new bug</a></li>
</ul></div>
<div id="topactions"><form action="/Public/Search/Simple.html" id="simple-search">
  <input size="12" name="q" accesskey="0" class="field" value="" placeholder="Search..." />
</form>

<form action="/Public/Bug/Report.html" name="CreateTicketInQueue" id="CreateTicketInQueue" >
<input type="submit" class="button" value="New ticket in" />&nbsp;<label accesskey="9">
  <input name="Queue" size="25" placeholder="Module or distribution" value="" class="select-queue" data-autocomplete="Queues" data-autocomplete-autosubmit=1 data-autocomplete-params="right=CreateTicket" />

</label>

</form>

</div>
<div id="body">
<div id="announcement" style="padding: 1em; margin: 1em; border: solid black 1px; background: #eee">
<a href="https://log.perl.org/2020/12/rtcpanorg-sunset.html">rt.cpan.org will be shut down on March 1st, 2021.</a>
</div>

<a name="skipnav" id="skipnav" accesskey="8"></a>





<p>This queue is for tickets about the <a href="https://metacpan.org/release/DBD-mysql">DBD-mysql CPAN distribution</a>.</p>





<div class="">
  <div class="titlebox" id="">
  <div class="titlebox-title">
    <span class="widget"><a href="#" onclick="return rollup('TitleBox\x2D\x2D\x5FPublic\x5FBug\x5FDisplay\x5Fhtml\x2D\x2D\x2D\x2D\x2D\x2DUmVwb3J0IGluZm9ybWF0aW9u\x2D\x2D\x2D0');" title="Toggle visibility"></a></span>
    <span class="left">Report information</span>
    <span class="right-empty">		    </span>
  </div>
  <div class="titlebox-content " id="TitleBox--_Public_Bug_Display_html------UmVwb3J0IGluZm9ybWF0aW9u---0">


<table width="100%" class="ticket-summary">
<tr>
  <td valign="top" class="boxcontainer">
    <div class="ticket-info-basics">
  <div class="titlebox ticket-info-basics " id="">
  <div class="titlebox-title">
    <span class="widget"><a href="#" onclick="return rollup('TitleBox\x2D\x2D\x5FPublic\x5FBug\x5FDisplay\x5Fhtml\x2D\x2Dticket\x2Dinfo\x2Dbasics\x2D\x2D\x2D\x2DVGhlIEJhc2ljcw\x5F\x5F\x2D\x2D\x2D0');" title="Toggle visibility"></a></span>
    <span class="left">The Basics</span>
    <span class="right-empty">		    </span>
  </div>
  <div class="titlebox-content " id="TitleBox--_Public_Bug_Display_html--ticket-info-basics----VGhlIEJhc2ljcw__---0">


        <table>
  <tr class="id">
    <td class="label">Id:</td>
    <td class="value">89537</td>
  </tr>
  <tr class="status">
    <td class="label">Status:</td>
    <td class="value">resolved</td>
  </tr>
  <tr class="priority">
    <td class="label">Priority:</td>
    <td class="value">0/
</td>
  </tr>
  <tr class="queue">
    <td class="label">Queue:</td>
    <td class="value"><a href="/Dist/Display.html?Queue=DBD-mysql">DBD-mysql</a>
</td>
  </tr>
</table>

        <hr class="clear" />
  </div>
</div>




</div>


    <div class="ticket-info-people">
  <div class="titlebox ticket-info-people " id="">
  <div class="titlebox-title">
    <span class="widget"><a href="#" onclick="return rollup('TitleBox\x2D\x2D\x5FPublic\x5FBug\x5FDisplay\x5Fhtml\x2D\x2Dticket\x2Dinfo\x2Dpeople\x2D\x2D\x2D\x2DUGVvcGxl\x2D\x2D\x2D0');" title="Toggle visibility"></a></span>
    <span class="left">People</span>
    <span class="right-empty">		    </span>
  </div>
  <div class="titlebox-content " id="TitleBox--_Public_Bug_Display_html--ticket-info-people----UGVvcGxl---0">


        <table>
  <tr>
    <td class="label">Owner:</td>
    <td class="value">CAPTTOFU [...] cpan.org
    
    </td>
  </tr>
  <tr>
    <td class="labeltop">Requestors:</td>
    <td class="value">
TODDR [...] cpan.org

<br />

</td>
  </tr>
  <tr>
    <td class="labeltop">Cc:</td>
    <td class="value">

</td>
  </tr>
  <tr>
    <td class="labeltop">AdminCc:</td>
    <td class="value">

</td>
  </tr>
</table>

        <hr class="clear" />
  </div>
</div>




</div>



  </td>
  <td valign="top" class="boxcontainer">
    
    <div class="ticket-info-cfs">
  <div class="titlebox ticket-info-cfs " id="">
  <div class="titlebox-title">
    <span class="widget"><a href="#" onclick="return rollup('TitleBox\x2D\x2D\x5FPublic\x5FBug\x5FDisplay\x5Fhtml\x2D\x2Dticket\x2Dinfo\x2Dcfs\x2D\x2D\x2D\x2DQnVnIEluZm9ybWF0aW9u\x2D\x2D\x2D0');" title="Toggle visibility"></a></span>
    <span class="left">Bug Information</span>
    <span class="right-empty">		    </span>
  </div>
  <div class="titlebox-content " id="TitleBox--_Public_Bug_Display_html--ticket-info-cfs----QnVnIEluZm9ybWF0aW9u---0">

 
        <table>
  <tr id="CF-1-ShowRow">
    <td class="label">Severity:</td>
    <td class="value">
<i>(no value)</i>
    </td>
  </tr>
  <tr id="CF-10170-ShowRow">
    <td class="label">Broken in:</td>
    <td class="value">
4.024    </td>
  </tr>
  <tr id="CF-10171-ShowRow">
    <td class="label">Fixed in:</td>
    <td class="value">
4.040    </td>
  </tr>
</table>


        <hr class="clear" />
  </div>
</div>




</div>


    




  </td>
</tr>
</table>

    <hr class="clear" />
  </div>
</div>




</div>


<br />


<div class="history">
<div class="titlebox" id="">
  <div class="titlebox-title">
    <span class="widget"><a href="#" onclick="return rollup('TitleBox\x2D\x2D\x5FPublic\x5FBug\x5FDisplay\x5Fhtml\x2D\x2D\x2D\x2D\x2D\x2DSGlzdG9yeQ\x5F\x5F\x2D\x2D\x2D0');" title="Toggle visibility"></a></span>
    <span class="left">History</span>
    <span class="right">		<a href="#" data-direction="open" onclick="return toggle_all_folds(this, 'Show\x20all\x20quoted\x20text', 'Hide\x20all\x20quoted\x20text');">Show all quoted text</a> &mdash; <a href="/Public/Bug/Display.html?ShowHeaders=1;id=89537">Show full headers</a>    </span>
  </div>
  <div class="titlebox-content " id="TitleBox--_Public_Bug_Display_html------SGlzdG9yeQ__---0">


<div id="ticket-history">
<div class="ticket-transaction message Create odd">
<div class="ticket-transaction">
  <div class="metadata">
    <span class="type">
      <a name="txn-1275449" href="/Public/Bug/Display.html?id=89537#txn-1275449">#</a>      
    </span>
    <span class="date">Tue&nbsp;Oct&nbsp;15&nbsp;16:19:55&nbsp;2013</span>
    <span class="description">TODDR [...] cpan.org -  Ticket created</span>
    <span class="time-taken"></span>    <span class="actions hidden"></span>
  </div>
    <div class="content">
      
<table>
  <tr>
    <td align="right" class="message-header-key">Subject:</td>
    <td class="message-header-value"> make tests fail against mariadb-native-client commit 101</td>
  </tr>
</table>
<div class="downloadattachment">
<a href="/Ticket/Attachment/1275449/675629/">Download &#40;untitled&#41;</a> / <a href="/Ticket/Attachment/WithHeaders/675629">with headers</a>
<br />
<span class="downloadcontenttype">text/plain 1.2k</span>
</div>
<div class="messagebody">
<div class="message-stanza plain-text-white-space">I&#39;ve just run make test against DBD-mysql 4.024 against mariadb-native-client commit 101. 

This test fails for me when I run Makefile.PL with --ps-protocol

$&gt;prove -bvm t/40types.t                                                                                                                               
t/40types.t .. 
err perl 
1..20
ok 1 - Connected to database
ok 2 - making slate clean
ok 3 - creating table
ok 4 - getting table information
ok 5 - checking column type
ok 6
ok 7 - cleaning up
ok 8 - creating table
ok 9 - binding parameter
ok 10 - inserting data
ok 11
ok 12 - binding parameter
ok 13 - inserting data
ok 14
ok 15
ok 16 - cleaning up
ok 17 - creating table
ok 18 - loading data
not ok 19

#   Failed test at t/40types.t line 67.
#     Structures begin differing at:
#          $got-&gt;[1][0] = &#39;18446744073709551615&#39;
#     $expected-&gt;[1][0] = &#39;4294967295&#39;
ok 20 - cleaning up
# Looks like you failed 1 test of 20.
Dubious, test returned 1 &#40;wstat 256, 0x100&#41;
Failed 1/20 subtests 

Test Summary Report
-------------------
t/40types.t &#40;Wstat: 256 Tests: 20 Failed: 1&#41;
  Failed test:  19
  Non-zero exit status: 1
Files=1, Tests=20,  0 wallclock secs &#40; 0.04 usr  0.01 sys +  0.04 cusr  0.01 csys =  0.10 CPU&#41;
Result: FAIL
</div></div>
    </div>
</div>
</div>
<div class="ticket-transaction message Correspond even">
<div class="ticket-transaction">
  <div class="metadata">
    <span class="type">
      <a name="txn-1275455" href="/Public/Bug/Display.html?id=89537#txn-1275455">#</a>      
    </span>
    <span class="date">Tue&nbsp;Oct&nbsp;15&nbsp;16:29:45&nbsp;2013</span>
    <span class="description">TODDR [...] cpan.org -  Correspondence added</span>
    <span class="time-taken"></span>    <span class="actions hidden"></span>
  </div>
    <div class="content">
      
<div class="downloadattachment">
<a href="/Ticket/Attachment/1275455/675635/">Download &#40;untitled&#41;</a> / <a href="/Ticket/Attachment/WithHeaders/675635">with headers</a>
<br />
<span class="downloadcontenttype">text/plain 62b</span>
</div>
<div class="messagebody">
<div class="message-stanza plain-text-white-space">Tests run fine without the --ps-protocol option to Makefile.PL
</div></div>
    </div>
</div>
</div>
<div class="ticket-transaction basics Set odd">
<div class="ticket-transaction">
  <div class="metadata">
    <span class="type">
      <a name="txn-1275623" href="/Public/Bug/Display.html?id=89537#txn-1275623">#</a>      
    </span>
    <span class="date">Wed&nbsp;Oct&nbsp;16&nbsp;06:26:44&nbsp;2013</span>
    <span class="description">MICHIELB [...] cpan.org -  Subject changed from &#39;make tests fail against mariadb-native-client commit 101&#39; to &#39;make tests fail with Makefile.PL --ps-protocol&#39;</span>
    <span class="time-taken"></span>    <span class="actions hidden"></span>
  </div>
    <div class="content">
    </div>
</div>
</div>
<div class="ticket-transaction people Set even">
<div class="ticket-transaction">
  <div class="metadata">
    <span class="type">
      <a name="txn-1275624" href="/Public/Bug/Display.html?id=89537#txn-1275624">#</a>      
    </span>
    <span class="date">Wed&nbsp;Oct&nbsp;16&nbsp;06:26:44&nbsp;2013</span>
    <span class="description">MICHIELB [...] cpan.org -  Given to CAPTTOFU</span>
    <span class="time-taken"></span>    <span class="actions hidden"></span>
  </div>
    <div class="content">
    </div>
</div>
</div>
<div class="ticket-transaction message Correspond odd">
<div class="ticket-transaction">
  <div class="metadata">
    <span class="type">
      <a name="txn-1275633" href="/Public/Bug/Display.html?id=89537#txn-1275633">#</a>      
    </span>
    <span class="date">Wed&nbsp;Oct&nbsp;16&nbsp;06:33:19&nbsp;2013</span>
    <span class="description">MICHIELB [...] cpan.org -  Correspondence added</span>
    <span class="time-taken"></span>    <span class="actions hidden"></span>
  </div>
    <div class="content">
      
<div class="downloadattachment">
<a href="/Ticket/Attachment/1275633/675739/">Download &#40;untitled&#41;</a> / <a href="/Ticket/Attachment/WithHeaders/675739">with headers</a>
<br />
<span class="downloadcontenttype">text/plain 6.8k</span>
</div>
<div class="messagebody">
<div class="message-stanza plain-text-white-space">thanks for reporting this issue. I found tests also fail if I use --ps-protocol with &#39;normal&#39; mysql client libraries. My test output below.

@Patrick - I have not much clue about --ps-protocol but I noticed the first failing tests have specified explicitly bind_param in the inserts. Could this be a problem?

I noticed there are quite a few bugs open related to prepared statements and type guessing.

t/00base.t ........................... ok   
t/10connect.t ........................ ok   
t/15reconnect.t ...................... ok     
t/20createdrop.t ..................... ok   
t/25lockunlock.t ..................... ok     
t/29warnings.t ....................... ok     
t/30insertfetch.t .................... ok     
t/31insertid.t ....................... ok     
t/32insert_error.t ................... ok   
t/35limit.t .......................... ok       
t/35prepare.t ........................ ok     
t/40bindparam.t ...................... ok     
t/40bindparam2.t ..................... ok     
t/40blobs.t .......................... ok     
t/40catalog.t ........................ ok     
t/40keyinfo.t ........................ ok   
t/40listfields.t ..................... ok     
t/40nulls.t .......................... ok     
t/40nulls_prepare.t .................. 1/22 
#   Failed test at t/40nulls_prepare.t line 70.
#     Structures begin differing at:
#          $got = undef
#     $expected = ARRAY&#40;0x8b292e8&#41;
# Looks like you failed 1 test of 22.
t/40nulls_prepare.t .................. Dubious, test returned 1 &#40;wstat 256, 0x100&#41;
Failed 1/22 subtests 
t/40numrows.t ........................ ok     
t/40server_prepare.t ................. ok     
t/40server_prepare_error.t ........... ok   
t/40types.t .......................... ok    
t/41bindparam.t ...................... ok     
t/41blobs_prepare.t .................. ok     
t/42bindparam.t ...................... ok     
t/43count_params.t ................... ok     
t/50chopblanks.t ..................... ok     
t/50commit.t ......................... ok     
t/51bind_type_guessing.t ............. 1/25 DBD::mysql::st execute failed: Lost connection to MySQL server during query at t/51bind_type_guessing.t line 82.
DBD::mysql::st execute failed: Lost connection to MySQL server during query at t/51bind_type_guessing.t line 82.
Issuing rollback&#40;&#41; due to DESTROY without explicit disconnect&#40;&#41; of DBD::mysql::db handle test;mysql_server_prepare=1 at t/51bind_type_guessing.t line 82.
# Looks like you planned 25 tests but ran 23.
# Looks like your test exited with 255 just after 23.
t/51bind_type_guessing.t ............. Dubious, test returned 255 &#40;wstat 65280, 0xff00&#41;
Failed 2/25 subtests 
t/52comment.t ........................ skipped: ERROR: Can&#39;t connect to local MySQL server through socket &#39;/var/run/mysqld/mysqld.sock&#39; &#40;2&#41;. Can&#39;t continue test
t/53comment.t ........................ skipped: ERROR: Can&#39;t connect to local MySQL server through socket &#39;/var/run/mysqld/mysqld.sock&#39; &#40;2&#41;, DBI connect&#40;&#39;test;mysql_server_prepare=1&#39;,&#39;test&#39;,...&#41; failed: Can&#39;t connect to local MySQL server through socket &#39;/var/run/mysqld/mysqld.sock&#39; &#40;2&#41; at t/53comment.t line 15.
t/55utf8.t ........................... skipped: ERROR: DBI connect&#40;&#39;test;mysql_server_prepare=1&#39;,&#39;test&#39;,...&#41; failed: Can&#39;t connect to local MySQL server through socket &#39;/var/run/mysqld/mysqld.sock&#39; &#40;2&#41; at t/55utf8.t line 15.
t/60leaks.t .......................... skipped: Skip $ENV{EXTENDED_TESTING} is not set
t/65segfault.t ....................... skipped: ERROR: Can&#39;t connect to local MySQL server through socket &#39;/var/run/mysqld/mysqld.sock&#39; &#40;2&#41;. Can&#39;t continue test
t/65types.t .......................... skipped: ERROR: DBI connect&#40;&#39;test;mysql_server_prepare=1&#39;,&#39;test&#39;,...&#41; failed: Can&#39;t connect to local MySQL server through socket &#39;/var/run/mysqld/mysqld.sock&#39; &#40;2&#41; at t/65types.t line 14.
t/70takeimp.t ........................ skipped: Can&#39;t connect to database ERROR: DBI connect&#40;&#39;test;mysql_server_prepare=1&#39;,&#39;test&#39;,...&#41; failed: Can&#39;t connect to local MySQL server through socket &#39;/var/run/mysqld/mysqld.sock&#39; &#40;2&#41; at t/70takeimp.t line 21.
t/71impdata.t ........................ DBI connect&#40;&#39;test;mysql_server_prepare=1&#39;,&#39;test&#39;,...&#41; failed: Can&#39;t connect to local MySQL server through socket &#39;/var/run/mysqld/mysqld.sock&#39; &#40;2&#41; at t/71impdata.t line 14.
t/71impdata.t ........................ skipped: Can&#39;t obtain driver handle. Can&#39;t continue test
t/75supported_sql.t .................. skipped: ERROR: Can&#39;t connect to local MySQL server through socket &#39;/var/run/mysqld/mysqld.sock&#39; &#40;2&#41;. Can&#39;t continue test
t/76multi_statement.t ................ skipped: ERROR: DBI connect&#40;&#39;test;mysql_server_prepare=1&#39;,&#39;test&#39;,...&#41; failed: Can&#39;t connect to local MySQL server through socket &#39;/var/run/mysqld/mysqld.sock&#39; &#40;2&#41; at t/76multi_statement.t line 16.
t/80procs.t .......................... skipped: ERROR: Can&#39;t connect to local MySQL server through socket &#39;/var/run/mysqld/mysqld.sock&#39; &#40;2&#41;. Can&#39;t continue test
t/81procs.t .......................... skipped: ERROR: Can&#39;t connect to local MySQL server through socket &#39;/var/run/mysqld/mysqld.sock&#39; &#40;2&#41;. Can&#39;t continue test
t/85init_command.t ................... skipped: ERROR: �� @�� @local MySQL server through socket &#39;/var/run/mysqld/mysqld.sock&#39; &#40;2&#41;. Can&#39;t continue test
t/86_bug_36972.t ..................... skipped: ERROR: DBI connect&#40;&#39;test;mysql_server_prepare=1&#39;,&#39;test&#39;,...&#41; failed: Can&#39;t connect to local MySQL server through socket &#39;/var/run/mysqld/mysqld.sock&#39; &#40;2&#41; at t/86_bug_36972.t line 15.
t/87async.t .......................... skipped: ERROR: Can&#39;t connect to local MySQL server through socket &#39;/var/run/mysqld/mysqld.sock&#39; &#40;2&#41; Can&#39;t continue test
t/88async-multi-stmts.t .............. skipped: ERROR: Can&#39;t connect to local MySQL server through socket &#39;/var/run/mysqld/mysqld.sock&#39; &#40;2&#41; Can&#39;t continue test
t/89async-method-check.t ............. skipped: ERROR: Can&#39;t connect to local MySQL server through socket &#39;/var/run/mysqld/mysqld.sock&#39; &#40;2&#41; Can&#39;t continue test
t/90no-async.t ....................... skipped: ERROR: �� @�� @local MySQL server through socket &#39;/var/run/mysqld/mysqld.sock&#39; &#40;2&#41; Can&#39;t continue test
t/91errcheck.t ....................... skipped: ERROR: Can&#39;t connect to local MySQL server through socket &#39;/var/run/mysqld/mysqld.sock&#39; &#40;2&#41; Can&#39;t continue test
t/99_bug_server_prepare_blob_null.t .. ok     
t/pod.t .............................. ok   
t/rt83494-quotes-comments.t .......... ok     
t/rt85919-fetch-lost-connection.t .... ok   

Test Summary Report
-------------------
t/40nulls_prepare.t                &#40;Wstat: 256 Tests: 22 Failed: 1&#41;
  Failed test:  19
  Non-zero exit status: 1
t/51bind_type_guessing.t           &#40;Wstat: 65280 Tests: 23 Failed: 0&#41;
  Non-zero exit status: 255
  Parse errors: Bad plan.  You planned 25 tests but ran 23.
Files=53, Tests=717, 11 wallclock secs &#40; 0.13 usr  0.17 sys +  2.74 cusr  0.57 csys =  3.61 CPU&#41;
Result: FAIL
Failed 2/53 test programs. 1/717 subtests failed.
make: *** [test_dynamic] Error 255
</div></div>
    </div>
</div>
</div>
<div class="ticket-transaction basics Status even">
<div class="ticket-transaction">
  <div class="metadata">
    <span class="type">
      <a name="txn-1275634" href="/Public/Bug/Display.html?id=89537#txn-1275634">#</a>      
    </span>
    <span class="date">Wed&nbsp;Oct&nbsp;16&nbsp;06:33:20&nbsp;2013</span>
    <span class="description">The RT System itself -  Status changed from &#39;new&#39; to &#39;open&#39;</span>
    <span class="time-taken"></span>    <span class="actions hidden"></span>
  </div>
    <div class="content">
    </div>
</div>
</div>
<div class="ticket-transaction message Correspond odd">
<div class="ticket-transaction">
  <div class="metadata">
    <span class="type">
      <a name="txn-1279752" href="/Public/Bug/Display.html?id=89537#txn-1279752">#</a>      
    </span>
    <span class="date">Sun&nbsp;Oct&nbsp;27&nbsp;09:47:56&nbsp;2013</span>
    <span class="description">CAPTTOFU [...] cpan.org -  Correspondence added</span>
    <span class="time-taken"></span>    <span class="actions hidden"></span>
  </div>
    <div class="content">
      
<div class="downloadattachment">
<a href="/Ticket/Attachment/1279752/678111/">Download &#40;untitled&#41;</a> / <a href="/Ticket/Attachment/WithHeaders/678111">with headers</a>
<br />
<span class="downloadcontenttype">text/plain 662b</span>
</div>
<div class="messagebody">
<div class="message-stanza plain-text-white-space">Michiel, et al,

--ps-protocol causes &#34;mysql_server_prepare=1&#34; to be appended to the DSN and server-side prepare to be used. Years ago, MySQL decided that this wasn&#39;t really supported and asked all maintainers to switch to the emulated prepare. I did so, but still tried to maintain it working but in recent years this test seems to have started failing. The only way to know whether it&#39;s the driver or the client/server is to write the same test in C to verify.

Two options

1. Spend time trying to debug where this fails in the code, something I&#39;ve spent a bit of time doing
2. Support only what MySQL &#40;Sky, Oracle, Percona&#41; support and leave this as optional
</div></div>
    </div>
</div>
</div>
<div class="ticket-transaction message Correspond even">
<div class="ticket-transaction">
  <div class="metadata">
    <span class="type">
      <a name="txn-1279755" href="/Public/Bug/Display.html?id=89537#txn-1279755">#</a>      
    </span>
    <span class="date">Sun&nbsp;Oct&nbsp;27&nbsp;09:49:06&nbsp;2013</span>
    <span class="description">CAPTTOFU [...] cpan.org -  Correspondence added</span>
    <span class="time-taken"></span>    <span class="actions hidden"></span>
  </div>
    <div class="content">
      
<div class="downloadattachment">
<a href="/Ticket/Attachment/1279755/678114/">Download &#40;untitled&#41;</a> / <a href="/Ticket/Attachment/WithHeaders/678114">with headers</a>
<br />
<span class="downloadcontenttype">text/plain 7.1k</span>
</div>
<div class="messagebody">
<div class="message-stanza plain-text-white-space">What version is this test yielding these results? I&#39;ve never seen it fail this badly.

On Wed Oct 16 06:33:19 2013, MICHIELB wrote:
<span
    class="message-stanza-folder closed"
    onclick="fold_message_stanza(this, 'Show\x20quoted\x20text', 'Hide\x20quoted\x20text');">Show quoted text</span><br /><div class="message-stanza closed">&gt; thanks for reporting this issue. I found tests also fail if I use
&gt; --ps-protocol with &#39;normal&#39; mysql client libraries. My test output
&gt; below.
&gt; 
&gt; @Patrick - I have not much clue about --ps-protocol but I noticed the
&gt; first failing tests have specified explicitly bind_param in the
&gt; inserts. Could this be a problem?
&gt; 
&gt; I noticed there are quite a few bugs open related to prepared
&gt; statements and type guessing.
&gt; 
&gt; t/00base.t ........................... ok
&gt; t/10connect.t ........................ ok
&gt;   t/15reconnect.t ...................... ok
&gt; t/20createdrop.t ..................... ok
&gt;   t/25lockunlock.t ..................... ok
&gt;   t/29warnings.t ....................... ok
&gt;   t/30insertfetch.t .................... ok
&gt;   t/31insertid.t ....................... ok
&gt; t/32insert_error.t ................... ok
&gt;     t/35limit.t .......................... ok
&gt;   t/35prepare.t ........................ ok
&gt;   t/40bindparam.t ...................... ok
&gt;   t/40bindparam2.t ..................... ok
&gt;   t/40blobs.t .......................... ok
&gt;   t/40catalog.t ........................ ok
&gt; t/40keyinfo.t ........................ ok
&gt;   t/40listfields.t ..................... ok
&gt;   t/40nulls.t .......................... ok
&gt; t/40nulls_prepare.t .................. 1/22
&gt; #   Failed test at t/40nulls_prepare.t line 70.
&gt; #     Structures begin differing at:
&gt; #          $got = undef
&gt; #     $expected = ARRAY&#40;0x8b292e8&#41;
&gt; # Looks like you failed 1 test of 22.
&gt; t/40nulls_prepare.t .................. Dubious, test returned 1 &#40;wstat
&gt; 256, 0x100&#41;
&gt; Failed 1/22 subtests
&gt;   t/40numrows.t ........................ ok
&gt;   t/40server_prepare.t ................. ok
&gt; t/40server_prepare_error.t ........... ok
&gt;  t/40types.t .......................... ok
&gt;   t/41bindparam.t ...................... ok
&gt;   t/41blobs_prepare.t .................. ok
&gt;   t/42bindparam.t ...................... ok
&gt;   t/43count_params.t ................... ok
&gt;   t/50chopblanks.t ..................... ok
&gt;   t/50commit.t ......................... ok
&gt; t/51bind_type_guessing.t ............. 1/25 DBD::mysql::st execute
&gt; failed: Lost connection to MySQL server during query at
&gt; t/51bind_type_guessing.t line 82.
&gt; DBD::mysql::st execute failed: Lost connection to MySQL server during
&gt; query at t/51bind_type_guessing.t line 82.
&gt; Issuing rollback&#40;&#41; due to DESTROY without explicit disconnect&#40;&#41; of
&gt; DBD::mysql::db handle test;mysql_server_prepare=1 at
&gt; t/51bind_type_guessing.t line 82.
&gt; # Looks like you planned 25 tests but ran 23.
&gt; # Looks like your test exited with 255 just after 23.
&gt; t/51bind_type_guessing.t ............. Dubious, test returned 255
&gt; &#40;wstat 65280, 0xff00&#41;
&gt; Failed 2/25 subtests
&gt; t/52comment.t ........................ skipped: ERROR: Can&#39;t connect
&gt; to local MySQL server through socket &#39;/var/run/mysqld/mysqld.sock&#39;
&gt; &#40;2&#41;. Can&#39;t continue test
&gt; t/53comment.t ........................ skipped: ERROR: Can&#39;t connect
&gt; to local MySQL server through socket &#39;/var/run/mysqld/mysqld.sock&#39;
&gt; &#40;2&#41;, DBI connect&#40;&#39;test;mysql_server_prepare=1&#39;,&#39;test&#39;,...&#41; failed:
&gt; Can&#39;t connect to local MySQL server through socket
&gt; &#39;/var/run/mysqld/mysqld.sock&#39; &#40;2&#41; at t/53comment.t line 15.
&gt; t/55utf8.t ........................... skipped: ERROR: DBI
&gt; connect&#40;&#39;test;mysql_server_prepare=1&#39;,&#39;test&#39;,...&#41; failed: Can&#39;t
&gt; connect to local MySQL server through socket
&gt; &#39;/var/run/mysqld/mysqld.sock&#39; &#40;2&#41; at t/55utf8.t line 15.
&gt; t/60leaks.t .......................... skipped: Skip
&gt; $ENV{EXTENDED_TESTING} is not set
&gt; t/65segfault.t ....................... skipped: ERROR: Can&#39;t connect
&gt; to local MySQL server through socket &#39;/var/run/mysqld/mysqld.sock&#39;
&gt; &#40;2&#41;. Can&#39;t continue test
&gt; t/65types.t .......................... skipped: ERROR: DBI
&gt; connect&#40;&#39;test;mysql_server_prepare=1&#39;,&#39;test&#39;,...&#41; failed: Can&#39;t
&gt; connect to local MySQL server through socket
&gt; &#39;/var/run/mysqld/mysqld.sock&#39; &#40;2&#41; at t/65types.t line 14.
&gt; t/70takeimp.t ........................ skipped: Can&#39;t connect to
&gt; database ERROR: DBI connect&#40;&#39;test;mysql_server_prepare=1&#39;,&#39;test&#39;,...&#41;
&gt; failed: Can&#39;t connect to local MySQL server through socket
&gt; &#39;/var/run/mysqld/mysqld.sock&#39; &#40;2&#41; at t/70takeimp.t line 21.
&gt; t/71impdata.t ........................ DBI
&gt; connect&#40;&#39;test;mysql_server_prepare=1&#39;,&#39;test&#39;,...&#41; failed: Can&#39;t
&gt; connect to local MySQL server through socket
&gt; &#39;/var/run/mysqld/mysqld.sock&#39; &#40;2&#41; at t/71impdata.t line 14.
&gt; t/71impdata.t ........................ skipped: Can&#39;t obtain driver
&gt; handle. Can&#39;t continue test
&gt; t/75supported_sql.t .................. skipped: ERROR: Can&#39;t connect
&gt; to local MySQL server through socket &#39;/var/run/mysqld/mysqld.sock&#39;
&gt; &#40;2&#41;. Can&#39;t continue test
&gt; t/76multi_statement.t ................ skipped: ERROR: DBI
&gt; connect&#40;&#39;test;mysql_server_prepare=1&#39;,&#39;test&#39;,...&#41; failed: Can&#39;t
&gt; connect to local MySQL server through socket
&gt; &#39;/var/run/mysqld/mysqld.sock&#39; &#40;2&#41; at t/76multi_statement.t line 16.
&gt; t/80procs.t .......................... skipped: ERROR: Can&#39;t connect
&gt; to local MySQL server through socket &#39;/var/run/mysqld/mysqld.sock&#39;
&gt; &#40;2&#41;. Can&#39;t continue test
&gt; t/81procs.t .......................... skipped: ERROR: Can&#39;t connect
&gt; to local MySQL server through socket &#39;/var/run/mysqld/mysqld.sock&#39;
&gt; &#40;2&#41;. Can&#39;t continue test
&gt; t/85init_command.t ................... skipped: ERROR: �� @�� @local
&gt; MySQL server through socket &#39;/var/run/mysqld/mysqld.sock&#39; &#40;2&#41;. Can&#39;t
&gt; continue test
&gt; t/86_bug_36972.t ..................... skipped: ERROR: DBI
&gt; connect&#40;&#39;test;mysql_server_prepare=1&#39;,&#39;test&#39;,...&#41; failed: Can&#39;t
&gt; connect to local MySQL server through socket
&gt; &#39;/var/run/mysqld/mysqld.sock&#39; &#40;2&#41; at t/86_bug_36972.t line 15.
&gt; t/87async.t .......................... skipped: ERROR: Can&#39;t connect
&gt; to local MySQL server through socket &#39;/var/run/mysqld/mysqld.sock&#39; &#40;2&#41;
&gt; Can&#39;t continue test
&gt; t/88async-multi-stmts.t .............. skipped: ERROR: Can&#39;t connect
&gt; to local MySQL server through socket &#39;/var/run/mysqld/mysqld.sock&#39; &#40;2&#41;
&gt; Can&#39;t continue test
&gt; t/89async-method-check.t ............. skipped: ERROR: Can&#39;t connect
&gt; to local MySQL server through socket &#39;/var/run/mysqld/mysqld.sock&#39; &#40;2&#41;
&gt; Can&#39;t continue test
&gt; t/90no-async.t ....................... skipped: ERROR: �� @�� @local
&gt; MySQL server through socket &#39;/var/run/mysqld/mysqld.sock&#39; &#40;2&#41; Can&#39;t
&gt; continue test
&gt; t/91errcheck.t ....................... skipped: ERROR: Can&#39;t connect
&gt; to local MySQL server through socket &#39;/var/run/mysqld/mysqld.sock&#39; &#40;2&#41;
&gt; Can&#39;t continue test
&gt;   t/99_bug_server_prepare_blob_null.t .. ok
&gt; t/pod.t .............................. ok
&gt;   t/rt83494-quotes-comments.t .......... ok
&gt; t/rt85919-fetch-lost-connection.t .... ok
&gt; 
&gt; Test Summary Report
&gt; -------------------
&gt; t/40nulls_prepare.t                &#40;Wstat: 256 Tests: 22 Failed: 1&#41;
&gt;   Failed test:  19
&gt;   Non-zero exit status: 1
&gt; t/51bind_type_guessing.t           &#40;Wstat: 65280 Tests: 23 Failed: 0&#41;
&gt;   Non-zero exit status: 255
&gt;   Parse errors: Bad plan.  You planned 25 tests but ran 23.
&gt; Files=53, Tests=717, 11 wallclock secs &#40; 0.13 usr  0.17 sys +  2.74
&gt; cusr  0.57 csys =  3.61 CPU&#41;
&gt; Result: FAIL
&gt; Failed 2/53 test programs. 1/717 subtests failed.
&gt; make: *** [test_dynamic] Error 255
</div></div></div>
    </div>
</div>
</div>
<div class="ticket-transaction message Correspond odd">
<div class="ticket-transaction">
  <div class="metadata">
    <span class="type">
      <a name="txn-1701474" href="/Public/Bug/Display.html?id=89537#txn-1701474">#</a>      
    </span>
    <span class="date">Sun&nbsp;Jan&nbsp;29&nbsp;09:58:34&nbsp;2017</span>
    <span class="description">MICHIELB [...] cpan.org -  Correspondence added</span>
    <span class="time-taken"></span>    <span class="actions hidden"></span>
  </div>
    <div class="content">
      
<div class="downloadattachment">
<a href="/Ticket/Attachment/1701474/913819/">Download &#40;untitled&#41;</a> / <a href="/Ticket/Attachment/WithHeaders/913819">with headers</a>
<br />
<span class="downloadcontenttype">text/plain 15b</span>
</div>
<div class="messagebody">
<div class="message-stanza plain-text-white-space">Fixed in 4.040.
</div></div>
    </div>
</div>
</div>
<div class="ticket-transaction basics Status even">
<div class="ticket-transaction">
  <div class="metadata">
    <span class="type">
      <a name="txn-1701477" href="/Public/Bug/Display.html?id=89537#txn-1701477">#</a>      
    </span>
    <span class="date">Sun&nbsp;Jan&nbsp;29&nbsp;09:58:45&nbsp;2017</span>
    <span class="description">MICHIELB [...] cpan.org -  Status changed from &#39;open&#39; to &#39;resolved&#39;</span>
    <span class="time-taken"></span>    <span class="actions hidden"></span>
  </div>
    <div class="content">
    </div>
</div>
</div>
<div class="ticket-transaction other CustomField odd">
<div class="ticket-transaction">
  <div class="metadata">
    <span class="type">
      <a name="txn-1701479" href="/Public/Bug/Display.html?id=89537#txn-1701479">#</a>      <a id="lasttrans" name="lasttrans"></a>
    </span>
    <span class="date">Sun&nbsp;Jan&nbsp;29&nbsp;09:58:50&nbsp;2017</span>
    <span class="description">MICHIELB [...] cpan.org -  Fixed in 4.040 added</span>
    <span class="time-taken"></span>    <span class="actions hidden"></span>
  </div>
    <div class="content">
    </div>
</div>
</div>
</div>
    <hr class="clear" />
  </div>
</div>




</div>
 


  <hr class="clear" />
</div>
<p id="sponsors">
  This service is sponsored and maintained by
  <a href="http://bestpractical.com">Best Practical Solutions</a> and runs on
  <a href="http://noc.perl.org">Perl.org</a> infrastructure.
</p>

<p id="contact-info">
  Please report any issues with rt.cpan.org to <a href="mailto:rt-cpan-admin@bestpractical.com">rt-cpan-admin@bestpractical.com</a>.
</p>

<script>
  (function(i,s,o,g,r,a,m){i['GoogleAnalyticsObject']=r;i[r]=i[r]||function(){
  (i[r].q=i[r].q||[]).push(arguments)},i[r].l=1*new Date();a=s.createElement(o),
  m=s.getElementsByTagName(o)[0];a.async=1;a.src=g;m.parentNode.insertBefore(a,m)
  })(window,document,'script','//www.google-analytics.com/analytics.js','ga');

  ga('create', 'UA\x2D937849\x2D12');
  ga('send', 'pageview');
</script>

<div id="footer">
  <p id="time"><span>Time to display: 0.577785</span></p>
  <p id="bpscredits"><span>&#187;&#124;&#171; RT 4.0.18 Copyright 1996-2013 <a href="http://www.bestpractical.com?rt=4.0.18">Best Practical Solutions, LLC</a>.
</span></p>
</div>
  </body>
</html>
