<!DOCTYPE html>

<html lang="en">
  <head>
    <title>Bug #65478 for Time-Period: PBOYD/Time-Period-1.21.tar.gz</title>
    <meta http-equiv="X-UA-Compatible" content="IE=edge" />
    <!-- The X-UA-Compatible <meta> tag above must be very early in <head> -->

    <script>
if (window.top !== window.self) {
    document.write = "";

    window.top.location = window.self.location;

    setTimeout(function(){
        document.body.innerHTML = "";
    }, 1);

    window.self.onload = function(){
        document.body.innerHTML = "";
    };
}
</script>



<link rel="shortcut icon" href="/NoAuth/images/favicon.png" type="image/png" />
<link rel="stylesheet" href="/NoAuth/css/aileron-squished-00f758259152f8b6670ee485f462e6b8.css" type="text/css" media="all" />
<link rel="stylesheet" href="/NoAuth/css/print.css" type="text/css" media="print" />




<script type="text/javascript" src="/NoAuth/js/squished-42167f2409ce368da2d31038e5cb2a57.js"></script>

<script type="text/javascript"><!--
	jQuery( loadTitleBoxStates );

--></script>


<!--[if lt IE 8]>
<link rel="stylesheet" href="/NoAuth/css/aileron/msie.css" type="text/css" media="all" />
<![endif]-->
<!--[if lt IE 7]>
<link rel="stylesheet" href="/NoAuth/css/aileron/msie6.css" type="text/css" media="all" />
<![endif]-->
<script type="text/javascript">
jQuery(document).ready(function(){
    jQuery.fn.supersubs.defaults = {
        maxWidth: 30,
        extraWidth: 2
    };

    jQuery("#app-nav.toplevel").addClass('sf-menu sf-js-enabled sf-shadow').supersubs().superfish({ speed: 'fast' });
    jQuery("#page-menu.toplevel").addClass('sf-menu sf-js-enabled').supersubs().superfish({ dropShadows: false, speed: 'fast' }).supposition();
});
</script>


<!-- Site CSS from theme editor -->
<style type="text/css" media="all" id="sitecss">
</style>

<meta name="google-site-verification" content="kD3-uEJK1AkTqaC-rckcSt_HPkAj674DPPuEN6i-y0g" />

</head>
  <body class="aileron sidebyside" id="comp-Public-Bug-Display">

<div id="logo">
<a href="/"><img
    src="/NoAuth/images/cpan.png"
    alt="CPAN"
    width="181"
    height="38" /></a>
    <span class="rtname">RT for rt.cpan.org</span>
</div>


<div id="quickbar">
  <div id="quick-personal">
    <span class="hide"><a href="#skipnav">Skip Menu</a> | </span>
</div>

</div>
<div id="header"><h1>Bug #65478 for Time-Period: PBOYD/Time-Period-1.21.tar.gz</h1></div>



<div id="page-navigation"><ul id="page-menu" class="toplevel">
 <li id="li-page-active_bugs"><a id="page-active_bugs" class="menu-item " href="/Public/Dist/Time-Period/Active/">Active bugs</a></li>
 <li id="li-page-resolved_bugs"><a id="page-resolved_bugs" class="menu-item " href="/Public/Dist/Time-Period/Resolved/">Resolved bugs</a></li>
 <li id="li-page-rejected_bugs"><a id="page-rejected_bugs" class="menu-item " href="/Public/Dist/Time-Period/Rejected/">Rejected bugs</a></li>
 <li id="li-page-report"><a id="page-report" class="menu-item " href="/Public/Dist/Time-Period/Active/"></a></li>
</ul></div>
<div id="topactions">



</div>
<div id="body">


<a name="skipnav" id="skipnav" accesskey="8"></a>





<p>This queue is for tickets about the <a href="https://metacpan.org/release/Time-Period">Time-Period CPAN distribution</a>.</p>





<div class="">
  <div class="titlebox" id="">
  <div class="titlebox-title">
    <span class="widget"><a href="#" onclick="return rollup('TitleBox\x2D\x2D\x5FPublic\x5FBug\x5FDisplay\x5Fhtml\x2D\x2D\x2D\x2D\x2D\x2DUmVwb3J0IGluZm9ybWF0aW9u\x2D\x2D\x2D0');" title="Toggle visibility"></a></span>
    <span class="left">Report information</span>
    <span class="right-empty">		    </span>
  </div>
  <div class="titlebox-content " id="TitleBox--_Public_Bug_Display_html------UmVwb3J0IGluZm9ybWF0aW9u---0">


<table width="100%" class="ticket-summary">
<tr>
  <td valign="top" class="boxcontainer">
    <div class="ticket-info-basics">
  <div class="titlebox ticket-info-basics " id="">
  <div class="titlebox-title">
    <span class="widget"><a href="#" onclick="return rollup('TitleBox\x2D\x2D\x5FPublic\x5FBug\x5FDisplay\x5Fhtml\x2D\x2Dticket\x2Dinfo\x2Dbasics\x2D\x2D\x2D\x2DVGhlIEJhc2ljcw\x5F\x5F\x2D\x2D\x2D0');" title="Toggle visibility"></a></span>
    <span class="left">The Basics</span>
    <span class="right-empty">		    </span>
  </div>
  <div class="titlebox-content " id="TitleBox--_Public_Bug_Display_html--ticket-info-basics----VGhlIEJhc2ljcw__---0">


        <table>
  <tr class="id">
    <td class="label">Id:</td>
    <td class="value">65478</td>
  </tr>
  <tr class="status">
    <td class="label">Status:</td>
    <td class="value">resolved</td>
  </tr>
  <tr class="priority">
    <td class="label">Priority:</td>
    <td class="value">0/
</td>
  </tr>
  <tr class="queue">
    <td class="label">Queue:</td>
    <td class="value"><a href="/Public/Dist/Time-Period/Active/">Time-Period</a>
</td>
  </tr>
</table>

        <hr class="clear" />
  </div>
</div>




</div>


    <div class="ticket-info-people">
  <div class="titlebox ticket-info-people " id="">
  <div class="titlebox-title">
    <span class="widget"><a href="#" onclick="return rollup('TitleBox\x2D\x2D\x5FPublic\x5FBug\x5FDisplay\x5Fhtml\x2D\x2Dticket\x2Dinfo\x2Dpeople\x2D\x2D\x2D\x2DUGVvcGxl\x2D\x2D\x2D0');" title="Toggle visibility"></a></span>
    <span class="left">People</span>
    <span class="right-empty">		    </span>
  </div>
  <div class="titlebox-content " id="TitleBox--_Public_Bug_Display_html--ticket-info-people----UGVvcGxl---0">


        <table>
  <tr>
    <td class="label">Owner:</td>
    <td class="value">Nobody in particular
    
    </td>
  </tr>
  <tr>
    <td class="labeltop">Requestors:</td>
    <td class="value">
bem [...] residents.frmug.org

<br />

</td>
  </tr>
  <tr>
    <td class="labeltop">Cc:</td>
    <td class="value">

</td>
  </tr>
  <tr>
    <td class="labeltop">AdminCc:</td>
    <td class="value">

</td>
  </tr>
</table>

        <hr class="clear" />
  </div>
</div>




</div>



  </td>
  <td valign="top" class="boxcontainer">
    
    <div class="ticket-info-cfs">
  <div class="titlebox ticket-info-cfs " id="">
  <div class="titlebox-title">
    <span class="widget"><a href="#" onclick="return rollup('TitleBox\x2D\x2D\x5FPublic\x5FBug\x5FDisplay\x5Fhtml\x2D\x2Dticket\x2Dinfo\x2Dcfs\x2D\x2D\x2D\x2DQnVnIEluZm9ybWF0aW9u\x2D\x2D\x2D0');" title="Toggle visibility"></a></span>
    <span class="left">Bug Information</span>
    <span class="right-empty">		    </span>
  </div>
  <div class="titlebox-content " id="TitleBox--_Public_Bug_Display_html--ticket-info-cfs----QnVnIEluZm9ybWF0aW9u---0">

 
        <table>
  <tr id="CF-1-ShowRow">
    <td class="label">Severity:</td>
    <td class="value">
<i>(no value)</i>
    </td>
  </tr>
  <tr id="CF-33484-ShowRow">
    <td class="label">Broken in:</td>
    <td class="value">
<i>(no value)</i>
    </td>
  </tr>
  <tr id="CF-33485-ShowRow">
    <td class="label">Fixed in:</td>
    <td class="value">
<i>(no value)</i>
    </td>
  </tr>
</table>


        <hr class="clear" />
  </div>
</div>




</div>


    




  </td>
</tr>
</table>

    <hr class="clear" />
  </div>
</div>




</div>


<br />


<div class="history">
<div class="titlebox" id="">
  <div class="titlebox-title">
    <span class="widget"><a href="#" onclick="return rollup('TitleBox\x2D\x2D\x5FPublic\x5FBug\x5FDisplay\x5Fhtml\x2D\x2D\x2D\x2D\x2D\x2DSGlzdG9yeQ\x5F\x5F\x2D\x2D\x2D0');" title="Toggle visibility"></a></span>
    <span class="left">History</span>
    <span class="right">		<a href="#" data-direction="open" onclick="return toggle_all_folds(this, 'Show\x20all\x20quoted\x20text', 'Hide\x20all\x20quoted\x20text');">Show all quoted text</a>    </span>
  </div>
  <div class="titlebox-content " id="TitleBox--_Public_Bug_Display_html------SGlzdG9yeQ__---0">


<div id="ticket-history">
<div class="ticket-transaction message Create odd">
<div class="ticket-transaction">
  <div class="metadata">
    <span class="type">
      &nbsp;      
    </span>
    <span class="date">Sat&nbsp;Feb&nbsp;05&nbsp;11:06:03&nbsp;2011</span>
    <span class="description">bem [...] residents.frmug.org -  Ticket created</span>
    <span class="time-taken"></span>    <span class="actions hidden"></span>
  </div>
    <div class="content">
      
<table>
  <tr>
    <td align="right" class="message-header-key">Subject:</td>
    <td class="message-header-value"> PBOYD/Time-Period-1.21.tar.gz</td>
  </tr>
  <tr>
    <td align="right" class="message-header-key">Date:</td>
    <td class="message-header-value"> Sat, 05 Feb 2011 17:05:40 +0100</td>
  </tr>
  <tr>
    <td align="right" class="message-header-key">To:</td>
    <td class="message-header-value"> bug-Time-Period [...] rt.cpan.org</td>
  </tr>
  <tr>
    <td align="right" class="message-header-key">From:</td>
    <td class="message-header-value"> Emmanuel Bataille &lt;bem [...] residents.frmug.org&gt;</td>
  </tr>
</table>

<div class="messagebody">
<div class="message-stanza plain-text-white-space">Failed cpan upgrade for PBOYD/Time-Period-1.21.tar.gz

perl version : perl, v5.8.8 built for i486-linux-gnu-thread-multi

system : Debian Etch - Linux 2.6.18-6-686 #1 SMP
          Thu Oct 9 15:52:18 UTC 2008 i686 GNU/Linux

Details :
cpan[1]&gt; upgrade Time::Period
CPAN: Storable loaded ok &#40;v2.25&#41;
Going to read &#39;/root/.cpan/Metadata&#39;
   Database was generated on Thu, 03 Feb 2011 22:33:01 GMT

Package namespace         installed    latest  in CPAN file
Time::Period                   1.20      1.21  PBOYD/Time-Period-1.21.tar.gz
Running install for module &#39;Time::Period&#39;
Running make for P/PB/PBOYD/Time-Period-1.21.tar.gz
CPAN: Digest::SHA loaded ok &#40;v5.50&#41;
CPAN: Compress::Zlib loaded ok &#40;v2.033&#41;
Checksum for 
/home/facteur/.cpan/sources/authors/id/P/PB/PBOYD/Time-Period-1.21.tar.gz ok
Scanning cache /root/.cpan/build for sizes
DONE
CPAN: Archive::Tar loaded ok &#40;v1.76&#41;
Time-Period-1.21/
Time-Period-1.21/MANIFEST
Time-Period-1.21/dist.ini
Time-Period-1.21/LICENSE
Time-Period-1.21/README
Time-Period-1.21/META.yml
Time-Period-1.21/Makefile.PL
Time-Period-1.21/t/
Time-Period-1.21/t/06_year_day.t
Time-Period-1.21/t/01_time_period.t
Time-Period-1.21/t/02_weekday.t
Time-Period-1.21/t/03_year.t
Time-Period-1.21/t/08_hour.t
Time-Period-1.21/t/04_month.t
Time-Period-1.21/t/10_second.t
Time-Period-1.21/t/07_month_day.t
Time-Period-1.21/t/09_minute.t
Time-Period-1.21/t/05_week.t
Time-Period-1.21/lib/
Time-Period-1.21/lib/Time/
Time-Period-1.21/lib/Time/Period.pm
CPAN: File::Temp loaded ok &#40;v0.22&#41;
CPAN: YAML loaded ok &#40;v0.72&#41;

   CPAN.pm: Going to build P/PB/PBOYD/Time-Period-1.21.tar.gz

Checking if your kit is complete...
Looks good
Writing Makefile for Time::Period
cp lib/Time/Period.pm blib/lib/Time/Period.pm
Manifying blib/man3/Time::Period.3pm
   PBOYD/Time-Period-1.21.tar.gz
   /usr/bin/make -- OK
Running make test
PERL_DL_NONLAZY=1 /usr/bin/perl &#34;-MExtUtils::Command::MM&#34; &#34;-e&#34; 
&#34;test_harness&#40;0, &#39;blib/lib&#39;, &#39;blib/arch&#39;&#41;&#34; t/*.t
t/01_time_period.t .. ok
t/02_weekday.t ...... ok
t/03_year.t ......... ok
t/04_month.t ........ ok
t/05_week.t ......... ok
t/06_year_day.t ..... ok
t/07_month_day.t .... ok
t/08_hour.t ......... 1/33
#   Failed test &#39;should match a single hour&#39;
#   at t/08_hour.t line 10.
#          got: &#39;0&#39;
#     expected: &#39;1&#39;

#   Failed test &#39;should match a single hour, by the long form&#39;
#   at t/08_hour.t line 11.
#          got: &#39;0&#39;
#     expected: &#39;1&#39;

#   Failed test &#39;should be able to match a range of hours&#39;
#   at t/08_hour.t line 14.
#          got: &#39;0&#39;
#     expected: &#39;1&#39;

#   Failed test &#39;should be able to match a range of days when the first 
hour is greater than the second&#39;
#   at t/08_hour.t line 17.
#          got: &#39;0&#39;
#     expected: &#39;1&#39;

#   Failed test &#39;should be able to not match a range of days when the 
first hour is greater than the second&#39;
#   at t/08_hour.t line 19.
#          got: &#39;1&#39;
#     expected: &#39;0&#39;

#   Failed test &#39;12am should be treated as midnight &#40;single&#41;&#39;
#   at t/08_hour.t line 29.
#          got: &#39;0&#39;
#     expected: &#39;1&#39;

#   Failed test &#39;12am should be treated as midnight &#40;left&#41;&#39;
#   at t/08_hour.t line 30.
#          got: &#39;0&#39;
#     expected: &#39;1&#39;

#   Failed test &#39;12am should be treated as midnight &#40;right&#41;&#39;
#   at t/08_hour.t line 31.
#          got: &#39;0&#39;
#     expected: &#39;1&#39;

#   Failed test &#39;&#34;am&#34; times should not be altered &#40;single&#41;&#39;
#   at t/08_hour.t line 33.
#          got: &#39;0&#39;
#     expected: &#39;1&#39;

#   Failed test &#39;&#34;am&#34; times should not be altered &#40;left&#41;&#39;
#   at t/08_hour.t line 34.
#          got: &#39;0&#39;
#     expected: &#39;1&#39;

#   Failed test &#39;&#34;am&#34; times should not be altered &#40;left&#41;&#39;
#   at t/08_hour.t line 35.
#          got: &#39;0&#39;
#     expected: &#39;1&#39;

#   Failed test &#39;12noon should be treated as 12pm &#40;single&#41;&#39;
#   at t/08_hour.t line 37.
#          got: &#39;0&#39;
#     expected: &#39;1&#39;

#   Failed test &#39;12noon should be treated as 12pm &#40;left&#41;&#39;
#   at t/08_hour.t line 38.
#          got: &#39;0&#39;
#     expected: &#39;1&#39;

#   Failed test &#39;12noon should be treated as 12pm &#40;right&#41;&#39;
#   at t/08_hour.t line 39.
#          got: &#39;0&#39;
#     expected: &#39;1&#39;

#   Failed test &#39;&#34;pm&#34; times should have 12 hours added to them &#40;single&#41;&#39;
#   at t/08_hour.t line 45.
#          got: &#39;0&#39;
#     expected: &#39;1&#39;

#   Failed test &#39;&#34;pm&#34; times should have 12 hours added to them &#40;left&#41;&#39;
#   at t/08_hour.t line 46.
#          got: &#39;0&#39;
#     expected: &#39;1&#39;

#   Failed test &#39;&#34;pm&#34; times should have 12 hours added to them &#40;right&#41;&#39;
#   at t/08_hour.t line 47.
#          got: &#39;0&#39;
#     expected: &#39;1&#39;

#   Failed test &#39;12pm should be treated as noon &#40;single&#41;&#39;
#   at t/08_hour.t line 49.
#          got: &#39;0&#39;
#     expected: &#39;1&#39;

#   Failed test &#39;12pm should be treated as noon &#40;left&#41;&#39;
#   at t/08_hour.t line 50.
#          got: &#39;0&#39;
#     expected: &#39;1&#39;

#   Failed test &#39;12pm should be treated as noon &#40;right&#41;&#39;
#   at t/08_hour.t line 51.
#          got: &#39;0&#39;
#     expected: &#39;1&#39;
Argument &#34;one&#34; isn&#39;t numeric in numeric gt &#40;&gt;&#41; at 
/root/.cpan/build/Time-Period-1.21-Ukvgb5/blib/lib/Time/Period.pm line 720.
# Looks like you failed 20 tests of 33.
t/08_hour.t ......... Dubious, test returned 20 &#40;wstat 5120, 0x1400&#41;
Failed 20/33 subtests
t/09_minute.t ....... ok
t/10_second.t ....... ok

Test Summary Report
-------------------
t/08_hour.t       &#40;Wstat: 5120 Tests: 33 Failed: 20&#41;
   Failed tests:  1-2, 4, 6, 8, 14-22, 26-31
   Non-zero exit status: 20
Files=10, Tests=209,  3 wallclock secs &#40; 0.34 usr  0.08 sys +  1.61 cusr 
  0.26 csys =  2.29 CPU&#41;
Result: FAIL
Failed 1/10 test programs. 20/209 subtests failed.
make: *** [test_dynamic] Erreur 255
   PBOYD/Time-Period-1.21.tar.gz
   /usr/bin/make test -- NOT OK
//hint// to see the cpan-testers results for installing this module, try:
   reports PBOYD/Time-Period-1.21.tar.gz
Running make install
   make test had returned bad status, won&#39;t install without force
Failed during this command:
  PBOYD/Time-Period-1.21.tar.gz                : make_test NO
</div></div>
    </div>
</div>
</div>
<div class="ticket-transaction message Correspond even">
<div class="ticket-transaction">
  <div class="metadata">
    <span class="type">
      &nbsp;      
    </span>
    <span class="date">Sat&nbsp;Feb&nbsp;12&nbsp;18:46:51&nbsp;2011</span>
    <span class="description">djh [...] cpan.org -  Correspondence added</span>
    <span class="time-taken"></span>    <span class="actions hidden"></span>
  </div>
    <div class="content">
      

<div class="messagebody">
<div class="message-stanza plain-text-white-space">Just to confirm that I seem to be seeing the same problem for a clean
install on perl 5.12.1

cpan[1]&gt; install Time::Period
Going to read &#39;/root/.cpan/Metadata&#39;
  Database was generated on Fri, 11 Feb 2011 22:35:23 GMT
Running install for module &#39;Time::Period&#39;
Running make for P/PB/PBOYD/Time-Period-1.21.tar.gz
Fetching with LWP:
ftp://cpan.etla.org/pub/CPAN/authors/id/P/PB/PBOYD/Time-Period-1.21.tar.gz
Warning &#40;usually harmless&#41;: &#39;YAML&#39; not installed, cannot parse
&#39;/root/.cpan/FTPstats.yml&#39;

Warning &#40;usually harmless&#41;: &#39;YAML&#39; not installed, cannot parse
&#39;/root/.cpan/FTPstats.yml&#39;

Fetching with LWP:
ftp://cpan.etla.org/pub/CPAN/authors/id/P/PB/PBOYD/CHECKSUMS
Checksum for
/root/.cpan/sources/authors/id/P/PB/PBOYD/Time-Period-1.21.tar.gz ok
Scanning cache /root/.cpan/build for sizes
............................................................................DONE

  CPAN.pm: Going to build P/PB/PBOYD/Time-Period-1.21.tar.gz

Checking if your kit is complete...
Looks good
Writing Makefile for Time::Period
cp lib/Time/Period.pm blib/lib/Time/Period.pm
Manifying blib/man3/Time::Period.3pm
  PBOYD/Time-Period-1.21.tar.gz
  /usr/bin/make -- OK
&#39;YAML&#39; not installed, will not store persistent state
Running make test
PERL_DL_NONLAZY=1 /usr/bin/perl &#34;-MExtUtils::Command::MM&#34; &#34;-e&#34;
&#34;test_harness&#40;0, &#39;blib/lib&#39;, &#39;blib/arch&#39;&#41;&#34; t/*.t
t/01_time_period.t .. ok     
t/02_weekday.t ...... ok     
t/03_year.t ......... ok     
t/04_month.t ........ ok     
t/05_week.t ......... ok     
t/06_year_day.t ..... ok     
t/07_month_day.t .... ok     
t/08_hour.t ......... 1/33 
#   Failed test &#39;should match a single hour&#39;
#   at t/08_hour.t line 10.
#          got: &#39;0&#39;
#     expected: &#39;1&#39;

#   Failed test &#39;should match a single hour, by the long form&#39;
#   at t/08_hour.t line 11.
#          got: &#39;0&#39;
#     expected: &#39;1&#39;

#   Failed test &#39;should be able to match a range of hours&#39;
#   at t/08_hour.t line 14.
#          got: &#39;0&#39;
#     expected: &#39;1&#39;

#   Failed test &#39;should be able to not match a range of days when the
first hour is greater than the second&#39;
#   at t/08_hour.t line 19.
#          got: &#39;1&#39;
#     expected: &#39;0&#39;

#   Failed test &#39;12am should be treated as midnight &#40;single&#41;&#39;
#   at t/08_hour.t line 29.
#          got: &#39;0&#39;
#     expected: &#39;1&#39;

#   Failed test &#39;12am should be treated as midnight &#40;left&#41;&#39;
#   at t/08_hour.t line 30.
#          got: &#39;0&#39;
#     expected: &#39;1&#39;

#   Failed test &#39;12am should be treated as midnight &#40;right&#41;&#39;
#   at t/08_hour.t line 31.
#          got: &#39;0&#39;
#     expected: &#39;1&#39;

#   Failed test &#39;&#34;am&#34; times should not be altered &#40;single&#41;&#39;
#   at t/08_hour.t line 33.
#          got: &#39;0&#39;
#     expected: &#39;1&#39;

#   Failed test &#39;&#34;am&#34; times should not be altered &#40;left&#41;&#39;
#   at t/08_hour.t line 34.
#          got: &#39;0&#39;
#     expected: &#39;1&#39;

#   Failed test &#39;&#34;am&#34; times should not be altered &#40;left&#41;&#39;
#   at t/08_hour.t line 35.
#          got: &#39;0&#39;
#     expected: &#39;1&#39;

#   Failed test &#39;12noon should be treated as 12pm &#40;single&#41;&#39;
#   at t/08_hour.t line 37.
#          got: &#39;0&#39;
#     expected: &#39;1&#39;

#   Failed test &#39;12noon should be treated as 12pm &#40;left&#41;&#39;
#   at t/08_hour.t line 38.
#          got: &#39;0&#39;
#     expected: &#39;1&#39;

#   Failed test &#39;12noon should be treated as 12pm &#40;right&#41;&#39;
#   at t/08_hour.t line 39.
#          got: &#39;0&#39;
#     expected: &#39;1&#39;

#   Failed test &#39;&#34;pm&#34; times should have 12 hours added to them &#40;single&#41;&#39;
#   at t/08_hour.t line 45.
#          got: &#39;0&#39;
#     expected: &#39;1&#39;

#   Failed test &#39;&#34;pm&#34; times should have 12 hours added to them &#40;left&#41;&#39;
#   at t/08_hour.t line 46.
#          got: &#39;0&#39;
#     expected: &#39;1&#39;

#   Failed test &#39;&#34;pm&#34; times should have 12 hours added to them &#40;right&#41;&#39;
#   at t/08_hour.t line 47.
#          got: &#39;0&#39;
#     expected: &#39;1&#39;

#   Failed test &#39;12pm should be treated as noon &#40;single&#41;&#39;
#   at t/08_hour.t line 49.
#          got: &#39;0&#39;
#     expected: &#39;1&#39;

#   Failed test &#39;12pm should be treated as noon &#40;left&#41;&#39;
#   at t/08_hour.t line 50.
#          got: &#39;0&#39;
#     expected: &#39;1&#39;

#   Failed test &#39;12pm should be treated as noon &#40;right&#41;&#39;
#   at t/08_hour.t line 51.
#          got: &#39;0&#39;
#     expected: &#39;1&#39;
Argument &#34;one&#34; isn&#39;t numeric in numeric gt &#40;&gt;&#41; at
/root/.cpan/build/Time-Period-1.21-61rtR_/blib/lib/Time/Period.pm line 720.
# Looks like you failed 19 tests of 33.
t/08_hour.t ......... Dubious, test returned 19 &#40;wstat 4864, 0x1300&#41;
Failed 19/33 subtests 
t/09_minute.t ....... ok     
t/10_second.t ....... ok     

Test Summary Report
-------------------
t/08_hour.t       &#40;Wstat: 4864 Tests: 33 Failed: 19&#41;
  Failed tests:  1-2, 4, 8, 14-22, 26-31
  Non-zero exit status: 19
Files=10, Tests=209,  1 wallclock secs &#40; 0.14 usr  0.04 sys +  0.47 cusr
 0.06 csys =  0.71 CPU&#41;
Result: FAIL
Failed 1/10 test programs. 19/209 subtests failed.
make: *** [test_dynamic] Error 255
  PBOYD/Time-Period-1.21.tar.gz
  /usr/bin/make test -- NOT OK
//hint// to see the cpan-testers results for installing this module, try:
  reports PBOYD/Time-Period-1.21.tar.gz
Running make install
  make test had returned bad status, won&#39;t install without force
Failed during this command:
 PBOYD/Time-Period-1.21.tar.gz                : make_test NO

cpan[2]&gt; 


perl -V
Summary of my perl5 &#40;revision 5 version 12 subversion 1&#41; configuration:
   
  Platform:
    osname=linux, osvers=2.6.32, archname=x86_64-linux-thread-multi
    uname=&#39;linux build33 2.6.32 #1 smp 2011-01-07 16:03:50 +0100 x86_64
x86_64 x86_64 gnulinux &#39;
    config_args=&#39;-ds -e -Dprefix=/usr -Dvendorprefix=/usr
-Dinstallusrbinperl -Dusethreads -Di_db -Di_dbm -Di_ndbm -Di_gdbm
-Duseshrplib=true -Doptimize=-fmessage-length=0 -O2 -Wall
-D_FORTIFY_SOURCE=2 -fstack-protector -funwind-tables
-fasynchronous-unwind-tables -g -Wall -pipe
-Accflags=-DPERL_USE_SAFE_PUTENV&#39;
    hint=recommended, useposix=true, d_sigaction=define
    useithreads=define, usemultiplicity=define
    useperlio=define, d_sfio=undef, uselargefiles=define, usesocks=undef
    use64bitint=define, use64bitall=define, uselongdouble=undef
    usemymalloc=n, bincompat5005=undef
  Compiler:
    cc=&#39;cc&#39;, ccflags =&#39;-D_REENTRANT -D_GNU_SOURCE -DPERL_USE_SAFE_PUTENV
-DDEBUGGING -fno-strict-aliasing -pipe -fstack-protector
-D_LARGEFILE_SOURCE -D_FILE_OFFSET_BITS=64&#39;,
    optimize=&#39;-fmessage-length=0 -O2 -Wall -D_FORTIFY_SOURCE=2
-fstack-protector -funwind-tables -fasynchronous-unwind-tables -g -Wall
-pipe&#39;,
    cppflags=&#39;-D_REENTRANT -D_GNU_SOURCE -DPERL_USE_SAFE_PUTENV
-DDEBUGGING -fno-strict-aliasing -pipe -fstack-protector&#39;
    ccversion=&#39;&#39;, gccversion=&#39;4.5.0 20100604 [gcc-4_5-branch revision
160292]&#39;, gccosandvers=&#39;&#39;
    intsize=4, longsize=8, ptrsize=8, doublesize=8, byteorder=12345678
    d_longlong=define, longlongsize=8, d_longdbl=define, longdblsize=16
    ivtype=&#39;long&#39;, ivsize=8, nvtype=&#39;double&#39;, nvsize=8, Off_t=&#39;off_t&#39;,
lseeksize=8
    alignbytes=8, prototype=define
  Linker and Libraries:
    ld=&#39;cc&#39;, ldflags =&#39; -L/usr/local/lib64 -fstack-protector&#39;
    libpth=/lib64 /usr/lib64 /usr/local/lib64
    libs=-lm -ldl -lcrypt -lpthread
    perllibs=-lm -ldl -lcrypt -lpthread
    libc=/lib64/libc-2.11.2.so, so=so, useshrplib=true, libperl=libperl.so
    gnulibc_version=&#39;2.11.2&#39;
  Dynamic Linking:
    dlsrc=dl_dlopen.xs, dlext=so, d_dlsymun=undef, ccdlflags=&#39;-Wl,-E
-Wl,-rpath,/usr/lib/perl5/5.12.1/x86_64-linux-thread-multi/CORE&#39;
    cccdlflags=&#39;-fPIC&#39;, lddlflags=&#39;-shared -L/usr/local/lib64
-fstack-protector&#39;


Characteristics of this binary &#40;from libperl&#41;: 
  Compile-time options: DEBUGGING MULTIPLICITY PERL_DONT_CREATE_GVSV
                        PERL_IMPLICIT_CONTEXT PERL_MALLOC_WRAP
                        PERL_TRACK_MEMPOOL PERL_USE_SAFE_PUTENV
                        USE_64_BIT_ALL USE_64_BIT_INT USE_ITHREADS
                        USE_LARGE_FILES USE_PERLIO USE_PERL_ATOF
                        USE_REENTRANT_API
  Built under linux
  Compiled at Jan 12 2011 17:47:28
  @INC:
    /usr/lib/perl5/site_perl/5.12.1/x86_64-linux-thread-multi
    /usr/lib/perl5/site_perl/5.12.1
    /usr/lib/perl5/vendor_perl/5.12.1/x86_64-linux-thread-multi
    /usr/lib/perl5/vendor_perl/5.12.1
    /usr/lib/perl5/5.12.1/x86_64-linux-thread-multi
    /usr/lib/perl5/5.12.1
    .
</div></div>
    </div>
</div>
</div>
<div class="ticket-transaction basics Status odd">
<div class="ticket-transaction">
  <div class="metadata">
    <span class="type">
      &nbsp;      
    </span>
    <span class="date">Sat&nbsp;Feb&nbsp;12&nbsp;18:46:51&nbsp;2011</span>
    <span class="description">The RT System itself -  Status changed from &#39;new&#39; to &#39;open&#39;</span>
    <span class="time-taken"></span>    <span class="actions hidden"></span>
  </div>
    <div class="content">
    </div>
</div>
</div>
<div class="ticket-transaction message Correspond even">
<div class="ticket-transaction">
  <div class="metadata">
    <span class="type">
      &nbsp;      
    </span>
    <span class="date">Tue&nbsp;Feb&nbsp;15&nbsp;06:45:50&nbsp;2011</span>
    <span class="description">pboyd [...] cpan.org -  Correspondence added</span>
    <span class="time-taken"></span>    <span class="actions hidden"></span>
  </div>
    <div class="content">
      

<div class="messagebody">
<div class="message-stanza plain-text-white-space">I just added version 1.22, which has passing tests.

Sorry about this, it was an oversight. The tests were working in EST
&#40;where I am&#41;, but failing everywhere else.
</div></div>
    </div>
</div>
</div>
<div class="ticket-transaction basics Status odd">
<div class="ticket-transaction">
  <div class="metadata">
    <span class="type">
      &nbsp;      
    </span>
    <span class="date">Tue&nbsp;Feb&nbsp;15&nbsp;06:45:51&nbsp;2011</span>
    <span class="description">pboyd [...] cpan.org -  Status changed from &#39;open&#39; to &#39;resolved&#39;</span>
    <span class="time-taken"></span>    <span class="actions hidden"></span>
  </div>
    <div class="content">
    </div>
</div>
</div>
<div class="ticket-transaction message Correspond even">
<div class="ticket-transaction">
  <div class="metadata">
    <span class="type">
      &nbsp;      
    </span>
    <span class="date">Tue&nbsp;Feb&nbsp;15&nbsp;08:45:29&nbsp;2011</span>
    <span class="description">bem [...] residents.frmug.org -  Correspondence added</span>
    <span class="time-taken"></span>    <span class="actions hidden"></span>
  </div>
    <div class="content">
      
<table>
  <tr>
    <td align="right" class="message-header-key">Subject:</td>
    <td class="message-header-value"> Re: [rt.cpan.org #65478] PBOYD/Time-Period-1.21.tar.gz</td>
  </tr>
  <tr>
    <td align="right" class="message-header-key">Date:</td>
    <td class="message-header-value"> Tue, 15 Feb 2011 14:45:18 +0100</td>
  </tr>
  <tr>
    <td align="right" class="message-header-key">To:</td>
    <td class="message-header-value"> bug-Time-Period [...] rt.cpan.org</td>
  </tr>
  <tr>
    <td align="right" class="message-header-key">From:</td>
    <td class="message-header-value"> Emmanuel Bataille &lt;bem [...] residents.frmug.org&gt;</td>
  </tr>
</table>

<div class="messagebody">
<div class="message-stanza plain-text-white-space">Paul Boyd via RT a Ã©crit :
<span
    class="message-stanza-folder closed"
    onclick="fold_message_stanza(this, 'Show\x20quoted\x20text', 'Hide\x20quoted\x20text');">Show quoted text</span><br /><div class="message-stanza closed">&gt; &lt;URL: <span class="clickylink"><a target="new" rel="nofollow" href="https://rt.cpan.org/Ticket/Display.html?id=65478">https://rt.cpan.org/Ticket/Display.html?id=65478</a></span> &gt;
&gt; 
&gt; I just added version 1.22, which has passing tests.
&gt; 
&gt; Sorry about this, it was an oversight. The tests were working in EST
&gt; &#40;where I am&#41;, but failing everywhere else.
</div>
Thank you. I was thinking that timezone was the problem.
</div></div>
    </div>
</div>
</div>
<div class="ticket-transaction basics Status odd">
<div class="ticket-transaction">
  <div class="metadata">
    <span class="type">
      &nbsp;      
    </span>
    <span class="date">Tue&nbsp;Feb&nbsp;15&nbsp;08:45:29&nbsp;2011</span>
    <span class="description">The RT System itself -  Status changed from &#39;resolved&#39; to &#39;open&#39;</span>
    <span class="time-taken"></span>    <span class="actions hidden"></span>
  </div>
    <div class="content">
    </div>
</div>
</div>
<div class="ticket-transaction basics Status even">
<div class="ticket-transaction">
  <div class="metadata">
    <span class="type">
      &nbsp;      
    </span>
    <span class="date">Sun&nbsp;Feb&nbsp;27&nbsp;05:57:24&nbsp;2011</span>
    <span class="description">pboyd [...] cpan.org -  Status changed from &#39;open&#39; to &#39;resolved&#39;</span>
    <span class="time-taken"></span>    <span class="actions hidden"></span>
  </div>
    <div class="content">
    </div>
</div>
</div>
</div>
    <hr class="clear" />
  </div>
</div>




</div>
 


  <hr class="clear" />
</div>
</body>
</html>
