<!DOCTYPE html>

<html lang="en">
  <head>
    <title>Bug #62130 for Net-Z3950-ZOOM: arslan - Bug &#40;I think&#41; in Net-Z3950-ZOOM</title>
    <meta http-equiv="X-UA-Compatible" content="IE=edge" />
    <!-- The X-UA-Compatible <meta> tag above must be very early in <head> -->

    <script>
if (window.top !== window.self) {
    document.write = "";

    window.top.location = window.self.location;

    setTimeout(function(){
        document.body.innerHTML = "";
    }, 1);

    window.self.onload = function(){
        document.body.innerHTML = "";
    };
}
</script>



<link rel="shortcut icon" href="/NoAuth/images/favicon.png" type="image/png" />
<link rel="stylesheet" href="/NoAuth/css/aileron-squished-00f758259152f8b6670ee485f462e6b8.css" type="text/css" media="all" />
<link rel="stylesheet" href="/NoAuth/css/print.css" type="text/css" media="print" />




<script type="text/javascript" src="/NoAuth/js/squished-42167f2409ce368da2d31038e5cb2a57.js"></script>

<script type="text/javascript"><!--
	jQuery( loadTitleBoxStates );

--></script>


<!--[if lt IE 8]>
<link rel="stylesheet" href="/NoAuth/css/aileron/msie.css" type="text/css" media="all" />
<![endif]-->
<!--[if lt IE 7]>
<link rel="stylesheet" href="/NoAuth/css/aileron/msie6.css" type="text/css" media="all" />
<![endif]-->
<script type="text/javascript">
jQuery(document).ready(function(){
    jQuery.fn.supersubs.defaults = {
        maxWidth: 30,
        extraWidth: 2
    };

    jQuery("#app-nav.toplevel").addClass('sf-menu sf-js-enabled sf-shadow').supersubs().superfish({ speed: 'fast' });
    jQuery("#page-menu.toplevel").addClass('sf-menu sf-js-enabled').supersubs().superfish({ dropShadows: false, speed: 'fast' }).supposition();
});
</script>


<!-- Site CSS from theme editor -->
<style type="text/css" media="all" id="sitecss">
</style>

<meta name="google-site-verification" content="kD3-uEJK1AkTqaC-rckcSt_HPkAj674DPPuEN6i-y0g" />

</head>
  <body class="aileron sidebyside" id="comp-Public-Bug-Display">

<div id="logo">
<a href="/"><img
    src="/NoAuth/images/cpan.png"
    alt="CPAN"
    width="181"
    height="38" /></a>
    <span class="rtname">RT for rt.cpan.org</span>
</div>


<div id="quickbar">
  <div id="quick-personal">
    <span class="hide"><a href="#skipnav">Skip Menu</a> | </span>
</div>

</div>
<div id="header"><h1>Bug #62130 for Net-Z3950-ZOOM: arslan - Bug &#40;I think&#41; in Net-Z3950-ZOOM</h1></div>



<div id="page-navigation"><ul id="page-menu" class="toplevel">
 <li id="li-page-active_bugs"><a id="page-active_bugs" class="menu-item " href="/Public/Dist/Net-Z3950-ZOOM/Active/">Active bugs</a></li>
 <li id="li-page-resolved_bugs"><a id="page-resolved_bugs" class="menu-item " href="/Public/Dist/Net-Z3950-ZOOM/Resolved/">Resolved bugs</a></li>
 <li id="li-page-rejected_bugs"><a id="page-rejected_bugs" class="menu-item " href="/Public/Dist/Net-Z3950-ZOOM/Rejected/">Rejected bugs</a></li>
 <li id="li-page-report"><a id="page-report" class="menu-item " href="/Public/Dist/Net-Z3950-ZOOM/Active/"></a></li>
</ul></div>
<div id="topactions">



</div>
<div id="body">


<a name="skipnav" id="skipnav" accesskey="8"></a>





<p>This queue is for tickets about the <a href="https://metacpan.org/release/Net-Z3950-ZOOM">Net-Z3950-ZOOM CPAN distribution</a>.</p>





<div class="">
  <div class="titlebox" id="">
  <div class="titlebox-title">
    <span class="widget"><a href="#" onclick="return rollup('TitleBox\x2D\x2D\x5FPublic\x5FBug\x5FDisplay\x5Fhtml\x2D\x2D\x2D\x2D\x2D\x2DUmVwb3J0IGluZm9ybWF0aW9u\x2D\x2D\x2D0');" title="Toggle visibility"></a></span>
    <span class="left">Report information</span>
    <span class="right-empty">		    </span>
  </div>
  <div class="titlebox-content " id="TitleBox--_Public_Bug_Display_html------UmVwb3J0IGluZm9ybWF0aW9u---0">


<table width="100%" class="ticket-summary">
<tr>
  <td valign="top" class="boxcontainer">
    <div class="ticket-info-basics">
  <div class="titlebox ticket-info-basics " id="">
  <div class="titlebox-title">
    <span class="widget"><a href="#" onclick="return rollup('TitleBox\x2D\x2D\x5FPublic\x5FBug\x5FDisplay\x5Fhtml\x2D\x2Dticket\x2Dinfo\x2Dbasics\x2D\x2D\x2D\x2DVGhlIEJhc2ljcw\x5F\x5F\x2D\x2D\x2D0');" title="Toggle visibility"></a></span>
    <span class="left">The Basics</span>
    <span class="right-empty">		    </span>
  </div>
  <div class="titlebox-content " id="TitleBox--_Public_Bug_Display_html--ticket-info-basics----VGhlIEJhc2ljcw__---0">


        <table>
  <tr class="id">
    <td class="label">Id:</td>
    <td class="value">62130</td>
  </tr>
  <tr class="status">
    <td class="label">Status:</td>
    <td class="value">open</td>
  </tr>
  <tr class="priority">
    <td class="label">Priority:</td>
    <td class="value">0/
</td>
  </tr>
  <tr class="queue">
    <td class="label">Queue:</td>
    <td class="value"><a href="/Public/Dist/Net-Z3950-ZOOM/Active/">Net-Z3950-ZOOM</a>
</td>
  </tr>
</table>

        <hr class="clear" />
  </div>
</div>




</div>


    <div class="ticket-info-people">
  <div class="titlebox ticket-info-people " id="">
  <div class="titlebox-title">
    <span class="widget"><a href="#" onclick="return rollup('TitleBox\x2D\x2D\x5FPublic\x5FBug\x5FDisplay\x5Fhtml\x2D\x2Dticket\x2Dinfo\x2Dpeople\x2D\x2D\x2D\x2DUGVvcGxl\x2D\x2D\x2D0');" title="Toggle visibility"></a></span>
    <span class="left">People</span>
    <span class="right-empty">		    </span>
  </div>
  <div class="titlebox-content " id="TitleBox--_Public_Bug_Display_html--ticket-info-people----UGVvcGxl---0">


        <table>
  <tr>
    <td class="label">Owner:</td>
    <td class="value">Nobody in particular
    
    </td>
  </tr>
  <tr>
    <td class="labeltop">Requestors:</td>
    <td class="value">
arslanone [...] gmail.com

<br />

</td>
  </tr>
  <tr>
    <td class="labeltop">Cc:</td>
    <td class="value">

</td>
  </tr>
  <tr>
    <td class="labeltop">AdminCc:</td>
    <td class="value">

</td>
  </tr>
</table>

        <hr class="clear" />
  </div>
</div>




</div>



  </td>
  <td valign="top" class="boxcontainer">
    
    <div class="ticket-info-cfs">
  <div class="titlebox ticket-info-cfs " id="">
  <div class="titlebox-title">
    <span class="widget"><a href="#" onclick="return rollup('TitleBox\x2D\x2D\x5FPublic\x5FBug\x5FDisplay\x5Fhtml\x2D\x2Dticket\x2Dinfo\x2Dcfs\x2D\x2D\x2D\x2DQnVnIEluZm9ybWF0aW9u\x2D\x2D\x2D0');" title="Toggle visibility"></a></span>
    <span class="left">Bug Information</span>
    <span class="right-empty">		    </span>
  </div>
  <div class="titlebox-content " id="TitleBox--_Public_Bug_Display_html--ticket-info-cfs----QnVnIEluZm9ybWF0aW9u---0">

 
        <table>
  <tr id="CF-1-ShowRow">
    <td class="label">Severity:</td>
    <td class="value">
<i>(no value)</i>
    </td>
  </tr>
  <tr id="CF-23468-ShowRow">
    <td class="label">Broken in:</td>
    <td class="value">
<i>(no value)</i>
    </td>
  </tr>
  <tr id="CF-23469-ShowRow">
    <td class="label">Fixed in:</td>
    <td class="value">
<i>(no value)</i>
    </td>
  </tr>
</table>


        <hr class="clear" />
  </div>
</div>




</div>


    




  </td>
</tr>
</table>

    <hr class="clear" />
  </div>
</div>




</div>


<br />


<div class="history">
<div class="titlebox" id="">
  <div class="titlebox-title">
    <span class="widget"><a href="#" onclick="return rollup('TitleBox\x2D\x2D\x5FPublic\x5FBug\x5FDisplay\x5Fhtml\x2D\x2D\x2D\x2D\x2D\x2DSGlzdG9yeQ\x5F\x5F\x2D\x2D\x2D0');" title="Toggle visibility"></a></span>
    <span class="left">History</span>
    <span class="right">		<a href="#" data-direction="open" onclick="return toggle_all_folds(this, 'Show\x20all\x20quoted\x20text', 'Hide\x20all\x20quoted\x20text');">Show all quoted text</a>    </span>
  </div>
  <div class="titlebox-content " id="TitleBox--_Public_Bug_Display_html------SGlzdG9yeQ__---0">


<div id="ticket-history">
<div class="ticket-transaction message Create odd">
<div class="ticket-transaction">
  <div class="metadata">
    <span class="type">
      &nbsp;      
    </span>
    <span class="date">Thu&nbsp;Oct&nbsp;14&nbsp;11:25:23&nbsp;2010</span>
    <span class="description">arslanone [...] gmail.com -  Ticket created</span>
    <span class="time-taken"></span>    <span class="actions hidden"></span>
  </div>
    <div class="content">
      
<table>
  <tr>
    <td align="right" class="message-header-key">Subject:</td>
    <td class="message-header-value"> arslan - Bug &#40;I think&#41; in Net-Z3950-ZOOM</td>
  </tr>
  <tr>
    <td align="right" class="message-header-key">Date:</td>
    <td class="message-header-value"> Thu, 14 Oct 2010 19:56:36 +0500</td>
  </tr>
  <tr>
    <td align="right" class="message-header-key">To:</td>
    <td class="message-header-value"> bug-Net-Z3950-ZOOM [...] rt.cpan.org, arslanone [...] gmail.com</td>
  </tr>
  <tr>
    <td align="right" class="message-header-key">From:</td>
    <td class="message-header-value"> Arslan Farooq &lt;arslanone [...] gmail.com&gt;</td>
  </tr>
</table>
<div class="messageattachments">

<div class="messagebody">
<div class="message-stanza plain-text-white-space">Hi,

I am trying to install Koha 3.0.6 &#40;3.00.06.010&#41;. And it seems Net-Z3950-ZOOM
1.26 and YAZ 4.1.1 don&#39;t get along very well.

YAZ 4.1.1 is already installed on my setup. Output when trying to
install Net-Z3950-ZOOM
1.26 is below in this email.

Regards
Arslan Farooq

*Useful information:*

Net-Z3950-ZOOM v1.26
Perl v5.10.1
Slackware 13.1 &#40;32bit&#41;
Linux bluestar 2.6.33.4-smp #2 SMP i686 AMD Athlon&#40;tm&#41; 64 Processor 3500+
AuthenticAMD GNU/Linux



########################################################################################
root@bluestar:/mnt/sda1/Patches/Koha# perl -MCPAN -e &#39;install
&#34;Net::Z3950::ZOOM&#34;&#39;
CPAN: Storable loaded ok &#40;v2.21&#41;
Going to read &#39;/root/.cpan/Metadata&#39;
  Database was generated on Thu, 14 Oct 2010 08:29:58 GMT
Running install for module &#39;Net::Z3950::ZOOM&#39;
CPAN: YAML loaded ok &#40;v0.72&#41;
Running make for M/MI/MIRK/Net-Z3950-ZOOM-1.26.tar.gz
CPAN: Digest::SHA loaded ok &#40;v5.47&#41;
CPAN: Compress::Zlib loaded ok &#40;v2.02&#41;
Checksum for
/root/.cpan/sources/authors/id/M/MI/MIRK/Net-Z3950-ZOOM-1.26.tar.gz ok
CPAN: Archive::Tar loaded ok &#40;v1.52&#41;
Net-Z3950-ZOOM-1.26/
Net-Z3950-ZOOM-1.26/Makefile.PL
Net-Z3950-ZOOM-1.26/README
Net-Z3950-ZOOM-1.26/Changes
Net-Z3950-ZOOM-1.26/typemap
Net-Z3950-ZOOM-1.26/META.yml
Net-Z3950-ZOOM-1.26/t/
Net-Z3950-ZOOM-1.26/t/15-scan.t
Net-Z3950-ZOOM-1.26/t/1-Net-Z3950-ZOOM.t
Net-Z3950-ZOOM-1.26/t/14-sorting.t
Net-Z3950-ZOOM-1.26/t/10-options.t
Net-Z3950-ZOOM-1.26/t/21-option-callback.t
Net-Z3950-ZOOM-1.26/t/29-events.t
Net-Z3950-ZOOM-1.26/t/17-logging.t
Net-Z3950-ZOOM-1.26/t/18-charset.t
Net-Z3950-ZOOM-1.26/t/28-charset.t
Net-Z3950-ZOOM-1.26/t/13-resultset.t
Net-Z3950-ZOOM-1.26/t/27-logging.t
Net-Z3950-ZOOM-1.26/t/25-scan.t
Net-Z3950-ZOOM-1.26/t/20-options.t
Net-Z3950-ZOOM-1.26/t/16-packages.t
Net-Z3950-ZOOM-1.26/t/12-query.t
Net-Z3950-ZOOM-1.26/t/11-option-callback.t
Net-Z3950-ZOOM-1.26/t/19-events.t
Net-Z3950-ZOOM-1.26/t/22-query.t
Net-Z3950-ZOOM-1.26/t/26-packages.t
Net-Z3950-ZOOM-1.26/t/23-resultset.t
Net-Z3950-ZOOM-1.26/t/24-sorting.t
Net-Z3950-ZOOM-1.26/t/2-ZOOM.t
Net-Z3950-ZOOM-1.26/ZOOM.xs
Net-Z3950-ZOOM-1.26/samples/
Net-Z3950-ZOOM-1.26/samples/README
Net-Z3950-ZOOM-1.26/samples/records/
Net-Z3950-ZOOM-1.26/samples/records/esdd0006.grs
Net-Z3950-ZOOM-1.26/samples/zoom/
Net-Z3950-ZOOM-1.26/samples/zoom/zoomtst1.pl
Net-Z3950-ZOOM-1.26/samples/zoom/async.pl
Net-Z3950-ZOOM-1.26/samples/zoom/zoomtst3.pl
Net-Z3950-ZOOM-1.26/samples/zoom/update.pl
Net-Z3950-ZOOM-1.26/samples/zoom/zoomscan.pl
Net-Z3950-ZOOM-1.26/samples/zoom/zselect
Net-Z3950-ZOOM-1.26/samples/zoom/trivial-async.pl
Net-Z3950-ZOOM-1.26/samples/zoom/zhello.pl
Net-Z3950-ZOOM-1.26/samples/zoom/zoomdump
Net-Z3950-ZOOM-1.26/samples/net-z3950/
Net-Z3950-ZOOM-1.26/samples/net-z3950/zoomtst1.pl
Net-Z3950-ZOOM-1.26/samples/net-z3950-zoom/
Net-Z3950-ZOOM-1.26/samples/net-z3950-zoom/zoomtst1.pl
Net-Z3950-ZOOM-1.26/samples/net-z3950-zoom/async.pl
Net-Z3950-ZOOM-1.26/samples/net-z3950-zoom/zoomtst3.pl
Net-Z3950-ZOOM-1.26/samples/ccl/
Net-Z3950-ZOOM-1.26/samples/ccl/default.bib
Net-Z3950-ZOOM-1.26/samples/cql/
Net-Z3950-ZOOM-1.26/samples/cql/pqf.properties
Net-Z3950-ZOOM-1.26/lib/
Net-Z3950-ZOOM-1.26/lib/ZOOM.pm
Net-Z3950-ZOOM-1.26/lib/ZOOM.pod
Net-Z3950-ZOOM-1.26/lib/Net/
Net-Z3950-ZOOM-1.26/lib/Net/Z3950.pm
Net-Z3950-ZOOM-1.26/lib/Net/Z3950/
Net-Z3950-ZOOM-1.26/lib/Net/Z3950/ZOOM.pm
Net-Z3950-ZOOM-1.26/MANIFEST.SKIP
Net-Z3950-ZOOM-1.26/MANIFEST
CPAN: File::Temp loaded ok &#40;v0.22&#41;

  CPAN.pm: Going to build M/MI/MIRK/Net-Z3950-ZOOM-1.26.tar.gz

Checking if your kit is complete...
Looks good
Writing Makefile for Net::Z3950::ZOOM
cp lib/Net/Z3950/ZOOM.pm blib/lib/Net/Z3950/ZOOM.pm
cp lib/ZOOM.pod blib/lib/ZOOM.pod
cp lib/ZOOM.pm blib/lib/ZOOM.pm
cp lib/Net/Z3950.pm blib/lib/Net/Z3950.pm
/usr/bin/perl5.10.1 /usr/lib/perl5/5.10.1/ExtUtils/xsubpp  -typemap
/usr/lib/perl5/5.10.1/ExtUtils/typemap -typemap typemap  ZOOM.xs &gt; ZOOM.xsc
&#38;&#38; mv ZOOM.xsc ZOOM.c
cc -c  -DYAZ_POSIX_THREADS=1 -DYAZ_HAVE_XML2=1 -DYAZ_HAVE_XSLT=1
-DYAZ_HAVE_EXSLT=1 -I/usr/include/libxml2 -D_REENTRANT -D_GNU_SOURCE
-fno-strict-aliasing -pipe -fstack-protector -I/usr/local/include
-D_LARGEFILE_SOURCE -D_FILE_OFFSET_BITS=64 -O2 -march=i486 -mtune=i686
-DVERSION=\&#34;1.26\&#34; -DXS_VERSION=\&#34;1.26\&#34; -fPIC
&#34;-I/usr/lib/perl5/5.10.1/i486-linux-thread-multi/CORE&#34;   ZOOM.c
Running Mkbootstrap for Net::Z3950::ZOOM &#40;&#41;
chmod 644 ZOOM.bs
rm -f blib/arch/auto/Net/Z3950/ZOOM/ZOOM.so
LD_RUN_PATH=&#34;/usr/lib&#34; cc  -shared -O2 -march=i486 -mtune=i686
-L/usr/local/lib -fstack-protector ZOOM.o  -o
blib/arch/auto/Net/Z3950/ZOOM/ZOOM.so \
   -lyaz -lexslt -lxslt -lz -lm -lgcrypt -lgpg-error -lxml2 -lpthread   \

chmod 755 blib/arch/auto/Net/Z3950/ZOOM/ZOOM.so
cp ZOOM.bs blib/arch/auto/Net/Z3950/ZOOM/ZOOM.bs
chmod 644 blib/arch/auto/Net/Z3950/ZOOM/ZOOM.bs
cp samples/zoom/zoomdump blib/script/zoomdump
/usr/bin/perl5.10.1 -MExtUtils::MY -e &#39;MY-&gt;fixin&#40;shift&#41;&#39; --
blib/script/zoomdump
cp samples/zoom/zselect blib/script/zselect
/usr/bin/perl5.10.1 -MExtUtils::MY -e &#39;MY-&gt;fixin&#40;shift&#41;&#39; --
blib/script/zselect
Manifying blib/man3/Net::Z3950::ZOOM.3
Manifying blib/man3/ZOOM.3
  MIRK/Net-Z3950-ZOOM-1.26.tar.gz
  /usr/bin/make -- OK
Running make test
PERL_DL_NONLAZY=1 /usr/bin/perl5.10.1 &#34;-MExtUtils::Command::MM&#34; &#34;-e&#34;
&#34;test_harness&#40;0, &#39;blib/lib&#39;, &#39;blib/arch&#39;&#41;&#34; t/*.t
t/1-Net-Z3950-ZOOM.t .... ok
t/10-options.t .......... ok
t/11-option-callback.t .. ok
t/12-query.t ............ ok
t/13-resultset.t ........ ok
t/14-sorting.t .......... ok
t/15-scan.t ............. 2/87
#   Failed test &#39;display term 1 identical to term&#39;
#   at t/15-scan.t line 34.

#   Failed test &#39;display term 2 identical to term&#39;
#   at t/15-scan.t line 34.

#   Failed test &#39;display term 3 identical to term&#39;
#   at t/15-scan.t line 34.

#   Failed test &#39;display term 4 identical to term&#39;
#   at t/15-scan.t line 34.

#   Failed test &#39;display term 8 identical to term&#39;
#   at t/15-scan.t line 34.

#   Failed test &#39;display term 9 identical to term&#39;
#   at t/15-scan.t line 34.

#   Failed test &#39;display term 10 identical to term&#39;
#   at t/15-scan.t line 34.
t/15-scan.t ............. 48/87
#   Failed test &#39;title term was in term list&#39;
#   at t/15-scan.t line 54.

#   Failed test &#39;title term was in term list&#39;
#   at t/15-scan.t line 54.

#   Failed test &#39;title term was in term list&#39;
#   at t/15-scan.t line 54.

#   Failed test &#39;title term was in term list&#39;
#   at t/15-scan.t line 54.
# Looks like you failed 11 tests of 87.
t/15-scan.t ............. Dubious, test returned 11 &#40;wstat 2816, 0xb00&#41;
Failed 11/87 subtests
t/16-packages.t ......... ok
t/17-logging.t .......... ok
t/18-charset.t .......... ok
t/19-events.t ........... ok
t/2-ZOOM.t .............. ok
t/20-options.t .......... ok
t/21-option-callback.t .. ok
t/22-query.t ............ ok
t/23-resultset.t ........ ok
t/24-sorting.t .......... ok
t/25-scan.t ............. 3/87
#   Failed test &#39;display term 1 identical to term&#39;
#   at t/25-scan.t line 31.

#   Failed test &#39;display term 2 identical to term&#39;
#   at t/25-scan.t line 31.

#   Failed test &#39;display term 3 identical to term&#39;
#   at t/25-scan.t line 31.

#   Failed test &#39;display term 4 identical to term&#39;
#   at t/25-scan.t line 31.

#   Failed test &#39;display term 8 identical to term&#39;
#   at t/25-scan.t line 31.

#   Failed test &#39;display term 9 identical to term&#39;
#   at t/25-scan.t line 31.

#   Failed test &#39;display term 10 identical to term&#39;
#   at t/25-scan.t line 31.

#   Failed test &#39;title term was in term list&#39;
#   at t/25-scan.t line 51.

#   Failed test &#39;title term was in term list&#39;
#   at t/25-scan.t line 51.

#   Failed test &#39;title term was in term list&#39;
#   at t/25-scan.t line 51.

#   Failed test &#39;title term was in term list&#39;
#   at t/25-scan.t line 51.
t/25-scan.t ............. 76/87 # Looks like you failed 11 tests of 87.
t/25-scan.t ............. Dubious, test returned 11 &#40;wstat 2816, 0xb00&#41;
Failed 11/87 subtests
t/26-packages.t ......... ok
t/27-logging.t .......... ok
t/28-charset.t .......... ok
t/29-events.t ........... ok

Test Summary Report
-------------------
t/15-scan.t           &#40;Wstat: 2816 Tests: 87 Failed: 11&#41;
  Failed tests:  9, 13, 17, 21, 37, 41, 45, 59, 62, 65, 68
  Non-zero exit status: 11
t/25-scan.t           &#40;Wstat: 2816 Tests: 87 Failed: 11&#41;
  Failed tests:  9, 13, 17, 21, 37, 41, 45, 59, 62, 65, 68
  Non-zero exit status: 11
Files=22, Tests=712, 335 wallclock secs &#40; 0.21 usr  0.07 sys +  1.29 cusr
 0.16 csys =  1.73 CPU&#41;
Result: FAIL
Failed 2/22 test programs. 22/712 subtests failed.
make: *** [test_dynamic] Error 255
  MIRK/Net-Z3950-ZOOM-1.26.tar.gz
  /usr/bin/make test -- NOT OK
//hint// to see the cpan-testers results for installing this module, try:
  reports MIRK/Net-Z3950-ZOOM-1.26.tar.gz
Running make install
  make test had returned bad status, won&#39;t install without force


-- 
The trick, is living without an answer. I think.
</div></div>

<div class="messagebody">
<p>Message body is not shown because it is too large.</p></div>
</div>
    </div>
</div>
</div>
<div class="ticket-transaction message Correspond even">
<div class="ticket-transaction">
  <div class="metadata">
    <span class="type">
      &nbsp;      
    </span>
    <span class="date">Thu&nbsp;Oct&nbsp;14&nbsp;12:11:36&nbsp;2010</span>
    <span class="description">mike [...] indexdata.com -  Correspondence added</span>
    <span class="time-taken"></span>    <span class="actions hidden"></span>
  </div>
    <div class="content">
      
<table>
  <tr>
    <td align="right" class="message-header-key">Subject:</td>
    <td class="message-header-value"> Re: [rt.cpan.org #62130] arslan - Bug &#40;I think&#41; in Net-Z3950-ZOOM</td>
  </tr>
  <tr>
    <td align="right" class="message-header-key">Date:</td>
    <td class="message-header-value"> Thu, 14 Oct 2010 17:09:09 +0100</td>
  </tr>
  <tr>
    <td align="right" class="message-header-key">To:</td>
    <td class="message-header-value"> bug-Net-Z3950-ZOOM [...] rt.cpan.org</td>
  </tr>
  <tr>
    <td align="right" class="message-header-key">From:</td>
    <td class="message-header-value"> Mike Taylor &lt;mike [...] indexdata.com&gt;</td>
  </tr>
</table>

<div class="messagebody">
<div class="message-stanza plain-text-white-space">I&#39;ll try to look into this properly tomorrow, but in the mean time
note that the only thing that&#39;s happening here is that a single check
is failing in the test-suite: that the &#34;display term&#34; returned from a
scan operation is the same as the raw term.  I think it&#39;s highly
unlikely that Koha relies on that rather esoteric accident of
implementation, so you can probably just go ahead and install despite
the test-suite&#39;s apparent failure.


On 14 October 2010 16:25, Arslan Farooq via RT
&lt;bug-Net-Z3950-ZOOM@rt.cpan.org&gt; wrote:
<span
    class="message-stanza-folder closed"
    onclick="fold_message_stanza(this, 'Show\x20quoted\x20text', 'Hide\x20quoted\x20text');">Show quoted text</span><br /><div class="message-stanza closed">&gt; Thu Oct 14 11:25:23 2010: Request 62130 was acted upon.
&gt; Transaction: Ticket created by arslanone@gmail.com
&gt;       Queue: Net-Z3950-ZOOM
&gt;     Subject: arslan - Bug &#40;I think&#41; in Net-Z3950-ZOOM
&gt;   Broken in: &#40;no value&#41;
&gt;    Severity: &#40;no value&#41;
&gt;       Owner: Nobody
&gt;  Requestors: arslanone@gmail.com
&gt;      Status: new
&gt;  Ticket &lt;URL: <span class="clickylink"><a target="new" rel="nofollow" href="http://rt.cpan.org/Ticket/Display.html?id=62130">http://rt.cpan.org/Ticket/Display.html?id=62130</a></span> &gt;
&gt;
&gt;
&gt; Hi,
&gt;
&gt; I am trying to install Koha 3.0.6 &#40;3.00.06.010&#41;. And it seems Net-Z3950-ZOOM
&gt; 1.26 and YAZ 4.1.1 don&#39;t get along very well.
&gt;
&gt; YAZ 4.1.1 is already installed on my setup. Output when trying to
&gt; install Net-Z3950-ZOOM
&gt; 1.26 is below in this email.
&gt;
&gt; Regards
&gt; Arslan Farooq
&gt;
&gt; *Useful information:*
&gt;
&gt; Net-Z3950-ZOOM v1.26
&gt; Perl v5.10.1
&gt; Slackware 13.1 &#40;32bit&#41;
&gt; Linux bluestar 2.6.33.4-smp #2 SMP i686 AMD Athlon&#40;tm&#41; 64 Processor 3500+
&gt; AuthenticAMD GNU/Linux
&gt;
&gt;
&gt;
&gt; ########################################################################################
&gt; root@bluestar:/mnt/sda1/Patches/Koha# perl -MCPAN -e &#39;install
&gt; &#34;Net::Z3950::ZOOM&#34;&#39;
&gt; CPAN: Storable loaded ok &#40;v2.21&#41;
&gt; Going to read &#39;/root/.cpan/Metadata&#39;
&gt;  Database was generated on Thu, 14 Oct 2010 08:29:58 GMT
&gt; Running install for module &#39;Net::Z3950::ZOOM&#39;
&gt; CPAN: YAML loaded ok &#40;v0.72&#41;
&gt; Running make for M/MI/MIRK/Net-Z3950-ZOOM-1.26.tar.gz
&gt; CPAN: Digest::SHA loaded ok &#40;v5.47&#41;
&gt; CPAN: Compress::Zlib loaded ok &#40;v2.02&#41;
&gt; Checksum for
&gt; /root/.cpan/sources/authors/id/M/MI/MIRK/Net-Z3950-ZOOM-1.26.tar.gz ok
&gt; CPAN: Archive::Tar loaded ok &#40;v1.52&#41;
&gt; Net-Z3950-ZOOM-1.26/
&gt; Net-Z3950-ZOOM-1.26/Makefile.PL
&gt; Net-Z3950-ZOOM-1.26/README
&gt; Net-Z3950-ZOOM-1.26/Changes
&gt; Net-Z3950-ZOOM-1.26/typemap
&gt; Net-Z3950-ZOOM-1.26/META.yml
&gt; Net-Z3950-ZOOM-1.26/t/
&gt; Net-Z3950-ZOOM-1.26/t/15-scan.t
&gt; Net-Z3950-ZOOM-1.26/t/1-Net-Z3950-ZOOM.t
&gt; Net-Z3950-ZOOM-1.26/t/14-sorting.t
&gt; Net-Z3950-ZOOM-1.26/t/10-options.t
&gt; Net-Z3950-ZOOM-1.26/t/21-option-callback.t
&gt; Net-Z3950-ZOOM-1.26/t/29-events.t
&gt; Net-Z3950-ZOOM-1.26/t/17-logging.t
&gt; Net-Z3950-ZOOM-1.26/t/18-charset.t
&gt; Net-Z3950-ZOOM-1.26/t/28-charset.t
&gt; Net-Z3950-ZOOM-1.26/t/13-resultset.t
&gt; Net-Z3950-ZOOM-1.26/t/27-logging.t
&gt; Net-Z3950-ZOOM-1.26/t/25-scan.t
&gt; Net-Z3950-ZOOM-1.26/t/20-options.t
&gt; Net-Z3950-ZOOM-1.26/t/16-packages.t
&gt; Net-Z3950-ZOOM-1.26/t/12-query.t
&gt; Net-Z3950-ZOOM-1.26/t/11-option-callback.t
&gt; Net-Z3950-ZOOM-1.26/t/19-events.t
&gt; Net-Z3950-ZOOM-1.26/t/22-query.t
&gt; Net-Z3950-ZOOM-1.26/t/26-packages.t
&gt; Net-Z3950-ZOOM-1.26/t/23-resultset.t
&gt; Net-Z3950-ZOOM-1.26/t/24-sorting.t
&gt; Net-Z3950-ZOOM-1.26/t/2-ZOOM.t
&gt; Net-Z3950-ZOOM-1.26/ZOOM.xs
&gt; Net-Z3950-ZOOM-1.26/samples/
&gt; Net-Z3950-ZOOM-1.26/samples/README
&gt; Net-Z3950-ZOOM-1.26/samples/records/
&gt; Net-Z3950-ZOOM-1.26/samples/records/esdd0006.grs
&gt; Net-Z3950-ZOOM-1.26/samples/zoom/
&gt; Net-Z3950-ZOOM-1.26/samples/zoom/zoomtst1.pl
&gt; Net-Z3950-ZOOM-1.26/samples/zoom/async.pl
&gt; Net-Z3950-ZOOM-1.26/samples/zoom/zoomtst3.pl
&gt; Net-Z3950-ZOOM-1.26/samples/zoom/update.pl
&gt; Net-Z3950-ZOOM-1.26/samples/zoom/zoomscan.pl
&gt; Net-Z3950-ZOOM-1.26/samples/zoom/zselect
&gt; Net-Z3950-ZOOM-1.26/samples/zoom/trivial-async.pl
&gt; Net-Z3950-ZOOM-1.26/samples/zoom/zhello.pl
&gt; Net-Z3950-ZOOM-1.26/samples/zoom/zoomdump
&gt; Net-Z3950-ZOOM-1.26/samples/net-z3950/
&gt; Net-Z3950-ZOOM-1.26/samples/net-z3950/zoomtst1.pl
&gt; Net-Z3950-ZOOM-1.26/samples/net-z3950-zoom/
&gt; Net-Z3950-ZOOM-1.26/samples/net-z3950-zoom/zoomtst1.pl
&gt; Net-Z3950-ZOOM-1.26/samples/net-z3950-zoom/async.pl
&gt; Net-Z3950-ZOOM-1.26/samples/net-z3950-zoom/zoomtst3.pl
&gt; Net-Z3950-ZOOM-1.26/samples/ccl/
&gt; Net-Z3950-ZOOM-1.26/samples/ccl/default.bib
&gt; Net-Z3950-ZOOM-1.26/samples/cql/
&gt; Net-Z3950-ZOOM-1.26/samples/cql/pqf.properties
&gt; Net-Z3950-ZOOM-1.26/lib/
&gt; Net-Z3950-ZOOM-1.26/lib/ZOOM.pm
&gt; Net-Z3950-ZOOM-1.26/lib/ZOOM.pod
&gt; Net-Z3950-ZOOM-1.26/lib/Net/
&gt; Net-Z3950-ZOOM-1.26/lib/Net/Z3950.pm
&gt; Net-Z3950-ZOOM-1.26/lib/Net/Z3950/
&gt; Net-Z3950-ZOOM-1.26/lib/Net/Z3950/ZOOM.pm
&gt; Net-Z3950-ZOOM-1.26/MANIFEST.SKIP
&gt; Net-Z3950-ZOOM-1.26/MANIFEST
&gt; CPAN: File::Temp loaded ok &#40;v0.22&#41;
&gt;
&gt;  CPAN.pm: Going to build M/MI/MIRK/Net-Z3950-ZOOM-1.26.tar.gz
&gt;
&gt; Checking if your kit is complete...
&gt; Looks good
&gt; Writing Makefile for Net::Z3950::ZOOM
&gt; cp lib/Net/Z3950/ZOOM.pm blib/lib/Net/Z3950/ZOOM.pm
&gt; cp lib/ZOOM.pod blib/lib/ZOOM.pod
&gt; cp lib/ZOOM.pm blib/lib/ZOOM.pm
&gt; cp lib/Net/Z3950.pm blib/lib/Net/Z3950.pm
&gt; /usr/bin/perl5.10.1 /usr/lib/perl5/5.10.1/ExtUtils/xsubpp  -typemap
&gt; /usr/lib/perl5/5.10.1/ExtUtils/typemap -typemap typemap  ZOOM.xs &gt; ZOOM.xsc
&gt; &#38;&#38; mv ZOOM.xsc ZOOM.c
&gt; cc -c  -DYAZ_POSIX_THREADS=1 -DYAZ_HAVE_XML2=1 -DYAZ_HAVE_XSLT=1
&gt; -DYAZ_HAVE_EXSLT=1 -I/usr/include/libxml2 -D_REENTRANT -D_GNU_SOURCE
&gt; -fno-strict-aliasing -pipe -fstack-protector -I/usr/local/include
&gt; -D_LARGEFILE_SOURCE -D_FILE_OFFSET_BITS=64 -O2 -march=i486 -mtune=i686
&gt; -DVERSION=\&#34;1.26\&#34; -DXS_VERSION=\&#34;1.26\&#34; -fPIC
&gt; &#34;-I/usr/lib/perl5/5.10.1/i486-linux-thread-multi/CORE&#34;   ZOOM.c
&gt; Running Mkbootstrap for Net::Z3950::ZOOM &#40;&#41;
&gt; chmod 644 ZOOM.bs
&gt; rm -f blib/arch/auto/Net/Z3950/ZOOM/ZOOM.so
&gt; LD_RUN_PATH=&#34;/usr/lib&#34; cc  -shared -O2 -march=i486 -mtune=i686
&gt; -L/usr/local/lib -fstack-protector ZOOM.o  -o
&gt; blib/arch/auto/Net/Z3950/ZOOM/ZOOM.so \
&gt;   -lyaz -lexslt -lxslt -lz -lm -lgcrypt -lgpg-error -lxml2 -lpthread   \
&gt;
&gt; chmod 755 blib/arch/auto/Net/Z3950/ZOOM/ZOOM.so
&gt; cp ZOOM.bs blib/arch/auto/Net/Z3950/ZOOM/ZOOM.bs
&gt; chmod 644 blib/arch/auto/Net/Z3950/ZOOM/ZOOM.bs
&gt; cp samples/zoom/zoomdump blib/script/zoomdump
&gt; /usr/bin/perl5.10.1 -MExtUtils::MY -e &#39;MY-&gt;fixin&#40;shift&#41;&#39; --
&gt; blib/script/zoomdump
&gt; cp samples/zoom/zselect blib/script/zselect
&gt; /usr/bin/perl5.10.1 -MExtUtils::MY -e &#39;MY-&gt;fixin&#40;shift&#41;&#39; --
&gt; blib/script/zselect
&gt; Manifying blib/man3/Net::Z3950::ZOOM.3
&gt; Manifying blib/man3/ZOOM.3
&gt;  MIRK/Net-Z3950-ZOOM-1.26.tar.gz
&gt;  /usr/bin/make -- OK
&gt; Running make test
&gt; PERL_DL_NONLAZY=1 /usr/bin/perl5.10.1 &#34;-MExtUtils::Command::MM&#34; &#34;-e&#34;
&gt; &#34;test_harness&#40;0, &#39;blib/lib&#39;, &#39;blib/arch&#39;&#41;&#34; t/*.t
&gt; t/1-Net-Z3950-ZOOM.t .... ok
&gt; t/10-options.t .......... ok
&gt; t/11-option-callback.t .. ok
&gt; t/12-query.t ............ ok
&gt; t/13-resultset.t ........ ok
&gt; t/14-sorting.t .......... ok
&gt; t/15-scan.t ............. 2/87
&gt; #   Failed test &#39;display term 1 identical to term&#39;
&gt; #   at t/15-scan.t line 34.
&gt;
&gt; #   Failed test &#39;display term 2 identical to term&#39;
&gt; #   at t/15-scan.t line 34.
&gt;
&gt; #   Failed test &#39;display term 3 identical to term&#39;
&gt; #   at t/15-scan.t line 34.
&gt;
&gt; #   Failed test &#39;display term 4 identical to term&#39;
&gt; #   at t/15-scan.t line 34.
&gt;
&gt; #   Failed test &#39;display term 8 identical to term&#39;
&gt; #   at t/15-scan.t line 34.
&gt;
&gt; #   Failed test &#39;display term 9 identical to term&#39;
&gt; #   at t/15-scan.t line 34.
&gt;
&gt; #   Failed test &#39;display term 10 identical to term&#39;
&gt; #   at t/15-scan.t line 34.
&gt; t/15-scan.t ............. 48/87
&gt; #   Failed test &#39;title term was in term list&#39;
&gt; #   at t/15-scan.t line 54.
&gt;
&gt; #   Failed test &#39;title term was in term list&#39;
&gt; #   at t/15-scan.t line 54.
&gt;
&gt; #   Failed test &#39;title term was in term list&#39;
&gt; #   at t/15-scan.t line 54.
&gt;
&gt; #   Failed test &#39;title term was in term list&#39;
&gt; #   at t/15-scan.t line 54.
&gt; # Looks like you failed 11 tests of 87.
&gt; t/15-scan.t ............. Dubious, test returned 11 &#40;wstat 2816, 0xb00&#41;
&gt; Failed 11/87 subtests
&gt; t/16-packages.t ......... ok
&gt; t/17-logging.t .......... ok
&gt; t/18-charset.t .......... ok
&gt; t/19-events.t ........... ok
&gt; t/2-ZOOM.t .............. ok
&gt; t/20-options.t .......... ok
&gt; t/21-option-callback.t .. ok
&gt; t/22-query.t ............ ok
&gt; t/23-resultset.t ........ ok
&gt; t/24-sorting.t .......... ok
&gt; t/25-scan.t ............. 3/87
&gt; #   Failed test &#39;display term 1 identical to term&#39;
&gt; #   at t/25-scan.t line 31.
&gt;
&gt; #   Failed test &#39;display term 2 identical to term&#39;
&gt; #   at t/25-scan.t line 31.
&gt;
&gt; #   Failed test &#39;display term 3 identical to term&#39;
&gt; #   at t/25-scan.t line 31.
&gt;
&gt; #   Failed test &#39;display term 4 identical to term&#39;
&gt; #   at t/25-scan.t line 31.
&gt;
&gt; #   Failed test &#39;display term 8 identical to term&#39;
&gt; #   at t/25-scan.t line 31.
&gt;
&gt; #   Failed test &#39;display term 9 identical to term&#39;
&gt; #   at t/25-scan.t line 31.
&gt;
&gt; #   Failed test &#39;display term 10 identical to term&#39;
&gt; #   at t/25-scan.t line 31.
&gt;
&gt; #   Failed test &#39;title term was in term list&#39;
&gt; #   at t/25-scan.t line 51.
&gt;
&gt; #   Failed test &#39;title term was in term list&#39;
&gt; #   at t/25-scan.t line 51.
&gt;
&gt; #   Failed test &#39;title term was in term list&#39;
&gt; #   at t/25-scan.t line 51.
&gt;
&gt; #   Failed test &#39;title term was in term list&#39;
&gt; #   at t/25-scan.t line 51.
&gt; t/25-scan.t ............. 76/87 # Looks like you failed 11 tests of 87.
&gt; t/25-scan.t ............. Dubious, test returned 11 &#40;wstat 2816, 0xb00&#41;
&gt; Failed 11/87 subtests
&gt; t/26-packages.t ......... ok
&gt; t/27-logging.t .......... ok
&gt; t/28-charset.t .......... ok
&gt; t/29-events.t ........... ok
&gt;
&gt; Test Summary Report
&gt; -------------------
&gt; t/15-scan.t           &#40;Wstat: 2816 Tests: 87 Failed: 11&#41;
&gt;  Failed tests:  9, 13, 17, 21, 37, 41, 45, 59, 62, 65, 68
&gt;  Non-zero exit status: 11
&gt; t/25-scan.t           &#40;Wstat: 2816 Tests: 87 Failed: 11&#41;
&gt;  Failed tests:  9, 13, 17, 21, 37, 41, 45, 59, 62, 65, 68
&gt;  Non-zero exit status: 11
&gt; Files=22, Tests=712, 335 wallclock secs &#40; 0.21 usr  0.07 sys +  1.29 cusr
&gt;  0.16 csys =  1.73 CPU&#41;
&gt; Result: FAIL
&gt; Failed 2/22 test programs. 22/712 subtests failed.
&gt; make: *** [test_dynamic] Error 255
&gt;  MIRK/Net-Z3950-ZOOM-1.26.tar.gz
&gt;  /usr/bin/make test -- NOT OK
&gt; //hint// to see the cpan-testers results for installing this module, try:
&gt;  reports MIRK/Net-Z3950-ZOOM-1.26.tar.gz
&gt; Running make install
&gt;  make test had returned bad status, won&#39;t install without force
&gt;
&gt;
&gt; --
&gt; The trick, is living without an answer. I think.
&gt;
&gt;
&gt;
</div></div></div>
    </div>
</div>
</div>
<div class="ticket-transaction basics Status odd">
<div class="ticket-transaction">
  <div class="metadata">
    <span class="type">
      &nbsp;      
    </span>
    <span class="date">Thu&nbsp;Oct&nbsp;14&nbsp;12:11:37&nbsp;2010</span>
    <span class="description">The RT System itself -  Status changed from &#39;new&#39; to &#39;open&#39;</span>
    <span class="time-taken"></span>    <span class="actions hidden"></span>
  </div>
    <div class="content">
    </div>
</div>
</div>
<div class="ticket-transaction message Correspond even">
<div class="ticket-transaction">
  <div class="metadata">
    <span class="type">
      &nbsp;      
    </span>
    <span class="date">Thu&nbsp;Oct&nbsp;14&nbsp;12:34:12&nbsp;2010</span>
    <span class="description">arslanone [...] gmail.com -  Correspondence added</span>
    <span class="time-taken"></span>    <span class="actions hidden"></span>
  </div>
    <div class="content">
      
<table>
  <tr>
    <td align="right" class="message-header-key">Subject:</td>
    <td class="message-header-value"> Re: [rt.cpan.org #62130] arslan - Bug &#40;I think&#41; in Net-Z3950-ZOOM</td>
  </tr>
  <tr>
    <td align="right" class="message-header-key">Date:</td>
    <td class="message-header-value"> Thu, 14 Oct 2010 21:33:44 +0500</td>
  </tr>
  <tr>
    <td align="right" class="message-header-key">To:</td>
    <td class="message-header-value"> bug-Net-Z3950-ZOOM [...] rt.cpan.org</td>
  </tr>
  <tr>
    <td align="right" class="message-header-key">From:</td>
    <td class="message-header-value"> Arslan Farooq &lt;arslanone [...] gmail.com&gt;</td>
  </tr>
</table>
<div class="messageattachments">

<div class="messagebody">
<div class="message-stanza plain-text-white-space"><span
    class="message-stanza-folder closed"
    onclick="fold_message_stanza(this, 'Show\x20quoted\x20text', 'Hide\x20quoted\x20text');">Show quoted text</span><br /><div class="message-stanza closed">&gt; &lt;URL: <span class="clickylink"><a target="new" rel="nofollow" href="https://rt.cpan.org/Ticket/Display.html?id=62130">https://rt.cpan.org/Ticket/Display.html?id=62130</a></span> &gt;
&gt;
&gt; I&#39;ll try to look into this properly tomorrow, but in the mean time
&gt; note that the only thing that&#39;s happening here is that a single check
&gt; is failing in the test-suite: that the &#34;display term&#34; returned from a
&gt; scan operation is the same as the raw term.  I think it&#39;s highly
&gt; unlikely that Koha relies on that rather esoteric accident of
&gt; implementation, so you can probably just go ahead and install despite
&gt; the test-suite&#39;s apparent failure.
&gt;
&gt;
&gt;
</div>Thank you Mike.

I did the Net-Z3950-ZOOM install despite the error - as you said ... and now
Koha is working.

I am an MLIS student and I just want to get familiar with Koha :&#41;

Thanks again.
arslan




-- 
The trick, is living without an answer. I think.
</div></div>

<div class="messagebody">
</div>
</div>
    </div>
</div>
</div>
<div class="ticket-transaction message Correspond odd">
<div class="ticket-transaction">
  <div class="metadata">
    <span class="type">
      &nbsp;      
    </span>
    <span class="date">Fri&nbsp;Oct&nbsp;15&nbsp;08:59:11&nbsp;2010</span>
    <span class="description">mike [...] indexdata.com -  Correspondence added</span>
    <span class="time-taken"></span>    <span class="actions hidden"></span>
  </div>
    <div class="content">
      
<table>
  <tr>
    <td align="right" class="message-header-key">Subject:</td>
    <td class="message-header-value"> Re: [rt.cpan.org #62130] arslan - Bug &#40;I think&#41; in Net-Z3950-ZOOM</td>
  </tr>
  <tr>
    <td align="right" class="message-header-key">Date:</td>
    <td class="message-header-value"> Fri, 15 Oct 2010 13:58:39 +0100</td>
  </tr>
  <tr>
    <td align="right" class="message-header-key">To:</td>
    <td class="message-header-value"> bug-Net-Z3950-ZOOM [...] rt.cpan.org</td>
  </tr>
  <tr>
    <td align="right" class="message-header-key">From:</td>
    <td class="message-header-value"> Mike Taylor &lt;mike [...] indexdata.com&gt;</td>
  </tr>
</table>

<div class="messagebody">
<div class="message-stanza plain-text-white-space">OK, I verified that, as suspected, the problem was only in the
test-suite and not in the actual library -- so you were just fine
going ahead with the install.

What had in fact changed was the implementation of the Scan operation
in the server that the test-suite runs against -- it was no longer
providing properties that the test-suite was, wrongly, assuming would
be there.  I&#39;ve now made the test-suite for the Scan operation less
strict on things like requiring the displayTerm to be identical to the
term, so that it runs correctly against the upgraded test server.

The resulting ZOOM-Perl v1.28 has been released on CPAN and should
find its way to your local mirror soon.  If you want to redo the
install, you should find that it goes smoothly.  Please verify this so
that the bug can be closed.

Thanks for reporting.

-- Mike.




On 14 October 2010 17:34, Arslan Farooq via RT
&lt;bug-Net-Z3950-ZOOM@rt.cpan.org&gt; wrote:
<span
    class="message-stanza-folder closed"
    onclick="fold_message_stanza(this, 'Show\x20quoted\x20text', 'Hide\x20quoted\x20text');">Show quoted text</span><br /><div class="message-stanza closed">&gt;       Queue: Net-Z3950-ZOOM
&gt;  Ticket &lt;URL: <span class="clickylink"><a target="new" rel="nofollow" href="http://rt.cpan.org/Ticket/Display.html?id=62130">http://rt.cpan.org/Ticket/Display.html?id=62130</a></span> &gt;
&gt;
<div class="message-stanza open">&gt;&gt; &lt;URL: <span class="clickylink"><a target="new" rel="nofollow" href="https://rt.cpan.org/Ticket/Display.html?id=62130">https://rt.cpan.org/Ticket/Display.html?id=62130</a></span> &gt;
&gt;&gt;
&gt;&gt; I&#39;ll try to look into this properly tomorrow, but in the mean time
&gt;&gt; note that the only thing that&#39;s happening here is that a single check
&gt;&gt; is failing in the test-suite: that the &#34;display term&#34; returned from a
&gt;&gt; scan operation is the same as the raw term.  I think it&#39;s highly
&gt;&gt; unlikely that Koha relies on that rather esoteric accident of
&gt;&gt; implementation, so you can probably just go ahead and install despite
&gt;&gt; the test-suite&#39;s apparent failure.
&gt;&gt;
&gt;&gt;
&gt;&gt;
</div>&gt; Thank you Mike.
&gt;
&gt; I did the Net-Z3950-ZOOM install despite the error - as you said ... and now
&gt; Koha is working.
&gt;
&gt; I am an MLIS student and I just want to get familiar with Koha :&#41;
&gt;
&gt; Thanks again.
&gt; arslan
&gt;
&gt;
&gt;
&gt;
&gt; --
&gt; The trick, is living without an answer. I think.
&gt;
&gt;
&gt;
</div></div></div>
    </div>
</div>
</div>
<div class="ticket-transaction message Correspond even">
<div class="ticket-transaction">
  <div class="metadata">
    <span class="type">
      &nbsp;      
    </span>
    <span class="date">Fri&nbsp;Oct&nbsp;15&nbsp;13:29:11&nbsp;2010</span>
    <span class="description">arslanone [...] gmail.com -  Correspondence added</span>
    <span class="time-taken"></span>    <span class="actions hidden"></span>
  </div>
    <div class="content">
      
<table>
  <tr>
    <td align="right" class="message-header-key">Subject:</td>
    <td class="message-header-value"> Re: [rt.cpan.org #62130] arslan - Bug &#40;I think&#41; in Net-Z3950-ZOOM</td>
  </tr>
  <tr>
    <td align="right" class="message-header-key">Date:</td>
    <td class="message-header-value"> Fri, 15 Oct 2010 22:28:38 +0500</td>
  </tr>
  <tr>
    <td align="right" class="message-header-key">To:</td>
    <td class="message-header-value"> bug-Net-Z3950-ZOOM [...] rt.cpan.org</td>
  </tr>
  <tr>
    <td align="right" class="message-header-key">From:</td>
    <td class="message-header-value"> Arslan Farooq &lt;arslanone [...] gmail.com&gt;</td>
  </tr>
</table>
<div class="messageattachments">

<div class="messagebody">
<div class="message-stanza plain-text-white-space">Hello Mike,


<span
    class="message-stanza-folder closed"
    onclick="fold_message_stanza(this, 'Show\x20quoted\x20text', 'Hide\x20quoted\x20text');">Show quoted text</span><br /><div class="message-stanza closed">&gt; OK, I verified that, as suspected, the problem was only in the
&gt; test-suite and not in the actual library -- so you were just fine
&gt; going ahead with the install.
&gt;
&gt; What had in fact changed was the implementation of the Scan operation
&gt; in the server that the test-suite runs against -- it was no longer
&gt; providing properties that the test-suite was, wrongly, assuming would
&gt; be there.  I&#39;ve now made the test-suite for the Scan operation less
&gt; strict on things like requiring the displayTerm to be identical to the
&gt; term, so that it runs correctly against the upgraded test server.
&gt;
</div>
Thank you so much for your help.


<span
    class="message-stanza-folder closed"
    onclick="fold_message_stanza(this, 'Show\x20quoted\x20text', 'Hide\x20quoted\x20text');">Show quoted text</span><br /><div class="message-stanza closed">&gt;
&gt; The resulting ZOOM-Perl v1.28 has been released on CPAN and should
&gt; find its way to your local mirror soon.  If you want to redo the
&gt; install, you should find that it goes smoothly.  Please verify this so
&gt; that the bug can be closed.
&gt;
&gt;
</div>Yes, I downloaded the 1.28 version and have installed it. Installation went
smoothly without any issue.

Thanks for fixing this :&#41;

Regards
arslan

=========================================================
bash-4.1# cd /mnt/sda1/Patches/Koha/Net-Z3950-ZOOM-1.28
bash-4.1# perl Makefile.PL
Checking if your kit is complete...
Looks good
Writing Makefile for Net::Z3950::ZOOM
bash-4.1# make
cp lib/Net/Z3950/ZOOM.pm blib/lib/Net/Z3950/ZOOM.pm
cp lib/ZOOM.pod blib/lib/ZOOM.pod
cp lib/ZOOM.pm blib/lib/ZOOM.pm
cp lib/Net/Z3950.pm blib/lib/Net/Z3950.pm
/usr/bin/perl5.10.1 /usr/lib/perl5/5.10.1/ExtUtils/xsubpp  -typemap
/usr/lib/perl5/5.10.1/ExtUtils/typemap -typemap typemap  ZOOM.xs &gt; ZOOM.xsc
&#38;&#38; mv ZOOM.xsc ZOOM.c
cc -c  -DYAZ_POSIX_THREADS=1 -DYAZ_HAVE_XML2=1 -DYAZ_HAVE_XSLT=1
-DYAZ_HAVE_EXSLT=1 -I/usr/include/libxml2 -D_REENTRANT -D_GNU_SOURCE
-fno-strict-aliasing -pipe -fstack-protector -I/usr/local/include
-D_LARGEFILE_SOURCE -D_FILE_OFFSET_BITS=64 -O2 -march=i486 -mtune=i686
-DVERSION=\&#34;1.28\&#34; -DXS_VERSION=\&#34;1.28\&#34; -fPIC
&#34;-I/usr/lib/perl5/5.10.1/i486-linux-thread-multi/CORE&#34;   ZOOM.c
Running Mkbootstrap for Net::Z3950::ZOOM &#40;&#41;
chmod 644 ZOOM.bs
rm -f blib/arch/auto/Net/Z3950/ZOOM/ZOOM.so
LD_RUN_PATH=&#34;/usr/lib&#34; cc  -shared -O2 -march=i486 -mtune=i686
-L/usr/local/lib -fstack-protector ZOOM.o  -o
blib/arch/auto/Net/Z3950/ZOOM/ZOOM.so \
   -lyaz -lexslt -lxslt -lz -lm -lgcrypt -lgpg-error -lxml2 -lpthread   \

chmod 755 blib/arch/auto/Net/Z3950/ZOOM/ZOOM.so
cp ZOOM.bs blib/arch/auto/Net/Z3950/ZOOM/ZOOM.bs
chmod 644 blib/arch/auto/Net/Z3950/ZOOM/ZOOM.bs
cp samples/zoom/zoomdump blib/script/zoomdump
/usr/bin/perl5.10.1 -MExtUtils::MY -e &#39;MY-&gt;fixin&#40;shift&#41;&#39; --
blib/script/zoomdump
cp samples/zoom/zselect blib/script/zselect
/usr/bin/perl5.10.1 -MExtUtils::MY -e &#39;MY-&gt;fixin&#40;shift&#41;&#39; --
blib/script/zselect
Manifying blib/man3/Net::Z3950::ZOOM.3
Manifying blib/man3/ZOOM.3
bash-4.1# make test
PERL_DL_NONLAZY=1 /usr/bin/perl5.10.1 &#34;-MExtUtils::Command::MM&#34; &#34;-e&#34;
&#34;test_harness&#40;0, &#39;blib/lib&#39;, &#39;blib/arch&#39;&#41;&#34; t/*.t
t/1-Net-Z3950-ZOOM.t .... ok
t/10-options.t .......... ok
t/11-option-callback.t .. ok
t/12-query.t ............ ok
t/13-resultset.t ........ ok
t/14-sorting.t .......... ok
t/15-scan.t ............. ok
t/16-packages.t ......... ok
t/17-logging.t .......... ok
t/18-charset.t .......... ok
t/19-events.t ........... ok
t/2-ZOOM.t .............. ok
t/20-options.t .......... ok
t/21-option-callback.t .. ok
t/22-query.t ............ ok
t/23-resultset.t ........ ok
t/24-sorting.t .......... ok
t/25-scan.t ............. ok
t/26-packages.t ......... ok
t/27-logging.t .......... ok
t/28-charset.t .......... ok
t/29-events.t ........... ok
All tests successful.
Files=22, Tests=700, 63 wallclock secs &#40; 0.20 usr  0.08 sys +  1.24 cusr
 0.17 csys =  1.69 CPU&#41;
Result: PASS
bash-4.1# make install
Files found in blib/arch: installing files in blib/lib into architecture
dependent library tree
Installing
/usr/lib/perl5/site_perl/5.10.1/i486-linux-thread-multi/auto/Net/Z3950/ZOOM/ZOOM.so
Installing
/usr/lib/perl5/site_perl/5.10.1/i486-linux-thread-multi/Net/Z3950/ZOOM.pm
Installing /usr/share/man/man3/Net::Z3950::ZOOM.3
Appending installation info to
/usr/lib/perl5/5.10.1/i486-linux-thread-multi/perllocal.pod
bash-4.1#

-- 
The trick, is living without an answer. I think.
</div></div>

<div class="messagebody">
</div>
</div>
    </div>
</div>
</div>
<div class="ticket-transaction message Correspond odd">
<div class="ticket-transaction">
  <div class="metadata">
    <span class="type">
      &nbsp;      
    </span>
    <span class="date">Fri&nbsp;Oct&nbsp;15&nbsp;13:53:44&nbsp;2010</span>
    <span class="description">mike [...] indexdata.com -  Correspondence added</span>
    <span class="time-taken"></span>    <span class="actions hidden"></span>
  </div>
    <div class="content">
      
<table>
  <tr>
    <td align="right" class="message-header-key">Subject:</td>
    <td class="message-header-value"> Re: [rt.cpan.org #62130] arslan - Bug &#40;I think&#41; in Net-Z3950-ZOOM</td>
  </tr>
  <tr>
    <td align="right" class="message-header-key">Date:</td>
    <td class="message-header-value"> Fri, 15 Oct 2010 18:53:03 +0100</td>
  </tr>
  <tr>
    <td align="right" class="message-header-key">To:</td>
    <td class="message-header-value"> bug-Net-Z3950-ZOOM [...] rt.cpan.org</td>
  </tr>
  <tr>
    <td align="right" class="message-header-key">From:</td>
    <td class="message-header-value"> Mike Taylor &lt;mike [...] indexdata.com&gt;</td>
  </tr>
</table>

<div class="messagebody">
<div class="message-stanza plain-text-white-space">Excellent, thanks for verifying.

Now I don&#39;t know how these tickets get closed.  If an adminstrator
reads this, can he please see to it?



On 15 October 2010 18:29, Arslan Farooq via RT
&lt;bug-Net-Z3950-ZOOM@rt.cpan.org&gt; wrote:
<span
    class="message-stanza-folder closed"
    onclick="fold_message_stanza(this, 'Show\x20quoted\x20text', 'Hide\x20quoted\x20text');">Show quoted text</span><br /><div class="message-stanza closed">&gt;       Queue: Net-Z3950-ZOOM
&gt;  Ticket &lt;URL: <span class="clickylink"><a target="new" rel="nofollow" href="https://rt.cpan.org/Ticket/Display.html?id=62130">https://rt.cpan.org/Ticket/Display.html?id=62130</a></span> &gt;
&gt;
&gt; Hello Mike,
&gt;
&gt;
<div class="message-stanza open">&gt;&gt; OK, I verified that, as suspected, the problem was only in the
&gt;&gt; test-suite and not in the actual library -- so you were just fine
&gt;&gt; going ahead with the install.
&gt;&gt;
&gt;&gt; What had in fact changed was the implementation of the Scan operation
&gt;&gt; in the server that the test-suite runs against -- it was no longer
&gt;&gt; providing properties that the test-suite was, wrongly, assuming would
&gt;&gt; be there.  I&#39;ve now made the test-suite for the Scan operation less
&gt;&gt; strict on things like requiring the displayTerm to be identical to the
&gt;&gt; term, so that it runs correctly against the upgraded test server.
&gt;&gt;
</div>&gt;
&gt; Thank you so much for your help.
&gt;
&gt;
<div class="message-stanza open">&gt;&gt;
&gt;&gt; The resulting ZOOM-Perl v1.28 has been released on CPAN and should
&gt;&gt; find its way to your local mirror soon.  If you want to redo the
&gt;&gt; install, you should find that it goes smoothly.  Please verify this so
&gt;&gt; that the bug can be closed.
&gt;&gt;
&gt;&gt;
</div>&gt; Yes, I downloaded the 1.28 version and have installed it. Installation went
&gt; smoothly without any issue.
&gt;
&gt; Thanks for fixing this :&#41;
&gt;
&gt; Regards
&gt; arslan
&gt;
&gt; =========================================================
&gt; bash-4.1# cd /mnt/sda1/Patches/Koha/Net-Z3950-ZOOM-1.28
&gt; bash-4.1# perl Makefile.PL
&gt; Checking if your kit is complete...
&gt; Looks good
&gt; Writing Makefile for Net::Z3950::ZOOM
&gt; bash-4.1# make
&gt; cp lib/Net/Z3950/ZOOM.pm blib/lib/Net/Z3950/ZOOM.pm
&gt; cp lib/ZOOM.pod blib/lib/ZOOM.pod
&gt; cp lib/ZOOM.pm blib/lib/ZOOM.pm
&gt; cp lib/Net/Z3950.pm blib/lib/Net/Z3950.pm
&gt; /usr/bin/perl5.10.1 /usr/lib/perl5/5.10.1/ExtUtils/xsubpp  -typemap
&gt; /usr/lib/perl5/5.10.1/ExtUtils/typemap -typemap typemap  ZOOM.xs &gt; ZOOM.xsc
&gt; &#38;&#38; mv ZOOM.xsc ZOOM.c
&gt; cc -c  -DYAZ_POSIX_THREADS=1 -DYAZ_HAVE_XML2=1 -DYAZ_HAVE_XSLT=1
&gt; -DYAZ_HAVE_EXSLT=1 -I/usr/include/libxml2 -D_REENTRANT -D_GNU_SOURCE
&gt; -fno-strict-aliasing -pipe -fstack-protector -I/usr/local/include
&gt; -D_LARGEFILE_SOURCE -D_FILE_OFFSET_BITS=64 -O2 -march=i486 -mtune=i686
&gt; -DVERSION=\&#34;1.28\&#34; -DXS_VERSION=\&#34;1.28\&#34; -fPIC
&gt; &#34;-I/usr/lib/perl5/5.10.1/i486-linux-thread-multi/CORE&#34;   ZOOM.c
&gt; Running Mkbootstrap for Net::Z3950::ZOOM &#40;&#41;
&gt; chmod 644 ZOOM.bs
&gt; rm -f blib/arch/auto/Net/Z3950/ZOOM/ZOOM.so
&gt; LD_RUN_PATH=&#34;/usr/lib&#34; cc  -shared -O2 -march=i486 -mtune=i686
&gt; -L/usr/local/lib -fstack-protector ZOOM.o  -o
&gt; blib/arch/auto/Net/Z3950/ZOOM/ZOOM.so \
&gt;   -lyaz -lexslt -lxslt -lz -lm -lgcrypt -lgpg-error -lxml2 -lpthread   \
&gt;
&gt; chmod 755 blib/arch/auto/Net/Z3950/ZOOM/ZOOM.so
&gt; cp ZOOM.bs blib/arch/auto/Net/Z3950/ZOOM/ZOOM.bs
&gt; chmod 644 blib/arch/auto/Net/Z3950/ZOOM/ZOOM.bs
&gt; cp samples/zoom/zoomdump blib/script/zoomdump
&gt; /usr/bin/perl5.10.1 -MExtUtils::MY -e &#39;MY-&gt;fixin&#40;shift&#41;&#39; --
&gt; blib/script/zoomdump
&gt; cp samples/zoom/zselect blib/script/zselect
&gt; /usr/bin/perl5.10.1 -MExtUtils::MY -e &#39;MY-&gt;fixin&#40;shift&#41;&#39; --
&gt; blib/script/zselect
&gt; Manifying blib/man3/Net::Z3950::ZOOM.3
&gt; Manifying blib/man3/ZOOM.3
&gt; bash-4.1# make test
&gt; PERL_DL_NONLAZY=1 /usr/bin/perl5.10.1 &#34;-MExtUtils::Command::MM&#34; &#34;-e&#34;
&gt; &#34;test_harness&#40;0, &#39;blib/lib&#39;, &#39;blib/arch&#39;&#41;&#34; t/*.t
&gt; t/1-Net-Z3950-ZOOM.t .... ok
&gt; t/10-options.t .......... ok
&gt; t/11-option-callback.t .. ok
&gt; t/12-query.t ............ ok
&gt; t/13-resultset.t ........ ok
&gt; t/14-sorting.t .......... ok
&gt; t/15-scan.t ............. ok
&gt; t/16-packages.t ......... ok
&gt; t/17-logging.t .......... ok
&gt; t/18-charset.t .......... ok
&gt; t/19-events.t ........... ok
&gt; t/2-ZOOM.t .............. ok
&gt; t/20-options.t .......... ok
&gt; t/21-option-callback.t .. ok
&gt; t/22-query.t ............ ok
&gt; t/23-resultset.t ........ ok
&gt; t/24-sorting.t .......... ok
&gt; t/25-scan.t ............. ok
&gt; t/26-packages.t ......... ok
&gt; t/27-logging.t .......... ok
&gt; t/28-charset.t .......... ok
&gt; t/29-events.t ........... ok
&gt; All tests successful.
&gt; Files=22, Tests=700, 63 wallclock secs &#40; 0.20 usr  0.08 sys +  1.24 cusr
&gt;  0.17 csys =  1.69 CPU&#41;
&gt; Result: PASS
&gt; bash-4.1# make install
&gt; Files found in blib/arch: installing files in blib/lib into architecture
&gt; dependent library tree
&gt; Installing
&gt; /usr/lib/perl5/site_perl/5.10.1/i486-linux-thread-multi/auto/Net/Z3950/ZOOM/ZOOM.so
&gt; Installing
&gt; /usr/lib/perl5/site_perl/5.10.1/i486-linux-thread-multi/Net/Z3950/ZOOM.pm
&gt; Installing /usr/share/man/man3/Net::Z3950::ZOOM.3
&gt; Appending installation info to
&gt; /usr/lib/perl5/5.10.1/i486-linux-thread-multi/perllocal.pod
&gt; bash-4.1#
&gt;
&gt; --
&gt; The trick, is living without an answer. I think.
&gt;
&gt;
&gt;
</div></div></div>
    </div>
</div>
</div>
</div>
    <hr class="clear" />
  </div>
</div>




</div>
 


  <hr class="clear" />
</div>
</body>
</html>
