cpanm (App::cpanminus) 1.7044 on perl 5.029008 built for darwin-2level
Work directory is /Users/sidenla/.cpanm/work/1556207329.8132
You have make /usr/bin/make
You have LWP 6.37
You have /usr/bin/tar: bsdtar 2.8.3 - libarchive 2.8.3
You have /usr/bin/unzip
--> Working on App-lcpan-1.032.tar.gz
Fetching file:///Users/sidenla/Downloads/App-lcpan-1.032.tar.gz
-> OK
Unpacking App-lcpan-1.032.tar.gz
Entering App-lcpan-1.032
Checking configure dependencies from META.json
Checking if you have ExtUtils::MakeMaker 6.58 ... Yes (7.34)
Configuring App-lcpan-1.032
Running Makefile.PL
Warning: prerequisite Data::Sah::Coerce::perl::date::float_epoch 0.025 not found.
Warning: prerequisite Data::Sah::Coerce::perl::date::obj_DateTime 0.025 not found.
Warning: prerequisite Data::Sah::Coerce::perl::date::obj_TimeMoment 0.025 not found.
Warning: prerequisite Data::Sah::Coerce::perl::date::str_iso8601 0.025 not found.
Warning: prerequisite Data::Sah::Coerce::perl::str::str_normalize_perl_distname 0 not found.
Warning: prerequisite Data::Sah::Coerce::perl::str::str_normalize_perl_modname 0 not found.
Warning: prerequisite Data::Sah::Coerce::perl::str::str_strip_trailing_slash 0 not found.
Warning: prerequisite Data::Sah::Compiler::perl::TH::array 0 not found.
Warning: prerequisite Data::Sah::Compiler::perl::TH::bool 0 not found.
Warning: prerequisite Data::Sah::Compiler::perl::TH::date 0 not found.
Warning: prerequisite Data::Sah::Compiler::perl::TH::int 0 not found.
Warning: prerequisite Data::Sah::Compiler::perl::TH::re 0 not found.
Warning: prerequisite Data::Sah::Compiler::perl::TH::str 0 not found.
Warning: prerequisite Perinci::CmdLine::Any 0.13 not found.
Warning: prerequisite Sah::Schema::dirname 0 not found.
Warning: prerequisite Sah::Schema::filename 0 not found.
Warning: prerequisite Sah::Schema::perl::distname 0 not found.
Warning: prerequisite Sah::Schema::perl::modname 0 not found.
Checking if your kit is complete...
Looks good
Generating a Unix-style Makefile
Writing Makefile for App::lcpan
Writing MYMETA.yml and MYMETA.json
-> OK
Checking dependencies from MYMETA.json ...
Checking if you have Sah::Schema::perl::modname 0 ... No
Checking if you have CPAN::Mini 0 ... Yes (1.111016)
Checking if you have Clone::Util 0.03 ... Yes (0.03)
Checking if you have experimental 0 ... Yes (0.020)
Checking if you have File::HomeDir 0 ... Yes (1.004)
Checking if you have File::Which 0 ... Yes (1.23)
Checking if you have Encode 0 ... Yes (3.00)
Checking if you have Data::Sah::Coerce::perl::str::str_normalize_perl_modname 0 ... No
Checking if you have warnings 0 ... Yes (1.43)
Checking if you have Data::Sah::Compiler::perl::TH::str 0 ... No
Checking if you have parent 0 ... Yes (0.237)
Checking if you have Test::SQL::Schema::Versioned 0.15 ... Yes (0.237)
Checking if you have Perinci::CmdLine::Util::Config 1.721 ... Yes (1.721)
Checking if you have File::Util::Tempdir 0.032 ... Yes (0.034)
Checking if you have Log::ger 0.023 ... Yes (0.027)
Checking if you have SQL::Schema::Versioned 0.234 ... Yes (0.237)
Checking if you have Browser::Open 0 ... Yes (0.04)
Checking if you have Data::Sah::Compiler::perl::TH::int 0 ... No
Checking if you have Test::WithDB::SQLite 0.08 ... Yes (0.100)
Checking if you have Sah::Schema::posint 0 ... Yes (0.071)
Checking if you have Version::Util 0.731 ... Yes (0.731)
Checking if you have Data::Sah::Coerce::perl::str::str_normalize_perl_distname 0 ... No
Checking if you have File::Copy 0 ... Yes (2.34)
Checking if you have IO::Prompt::I18N 0 ... Yes (0.80)
Checking if you have Complete::Util 0.57 ... Yes (0.600)
Checking if you have App::cpanm::script 0.002 ... Yes (0.002)
Checking if you have Sah::Schema::filename 0 ... No
Checking if you have ExtUtils::MakeMaker 0 ... Yes (7.34)
Checking if you have Module::CoreList::More 0.04 ... Yes (0.08)
Checking if you have File::ShareDir 0 ... Yes (1.116)
Checking if you have Data::Sah::Compiler::perl::TH::bool 0 ... No
Checking if you have Compiler::Lexer 0 ... Yes (0.22)
Checking if you have Data::Sah::Compiler::perl::TH::date 0 ... No
Checking if you have LWP::UserAgent::Patch::FilterMirrorMaxSize 0 ... Yes (0.05)
Checking if you have IO::Handle 0 ... Yes (1.40)
Checking if you have Complete::File 0 ... Yes (0.43)
Checking if you have Data::Sah::Coerce::perl::date::str_iso8601 0.025 ... No
Checking if you have HTTP::Response 0 ... Yes (6.18)
Checking if you have Data::Sah::Coerce::perl::date::obj_DateTime 0.025 ... No
Checking if you have List::Util 1.45 ... Yes (1.50)
Checking if you have PERLANCAR::Module::List 0 ... Yes (0.003005)
Checking if you have Data::Sah::Coerce::perl::str::str_strip_trailing_slash 0 ... No
Checking if you have File::Temp 0 ... Yes (0.2309)
Checking if you have DBD::SQLite 0 ... Yes (1.62)
Checking if you have Data::Sah::Compiler::perl::TH::array 0 ... No
Checking if you have Data::Sah::Compiler::perl::TH::re 0 ... No
Checking if you have Test::More 0.98 ... Yes (1.302162)
Checking if you have IPC::System::Options 0.331 ... Yes (0.331)
Checking if you have Data::Sah::Coerce::perl::date::float_epoch 0.025 ... No
Checking if you have IO::Compress::Gzip 0 ... Yes (2.084)
Checking if you have POSIX 0 ... Yes (1.87)
Checking if you have Function::Fallback::CoreOrPP 0.07 ... Yes (0.08)
Checking if you have Perinci::CmdLine::Any 0.13 ... No
Checking if you have strict 0 ... Yes (1.11)
Checking if you have Sah::Schema::dirname 0 ... No
Checking if you have Data::Sah::Coerce::perl::date::obj_TimeMoment 0.025 ... No
Checking if you have Archive::Extract 0 ... Yes (0.80)
Checking if you have File::Spec 0 ... Yes (3.77)
Checking if you have OrePAN 0 ... Yes (0.08)
Checking if you have IPC::Open3 0 ... Yes (1.20)
Checking if you have Logfile::Rotate 0 ... Yes (1.05)
Checking if you have PerlIO::gzip 0 ... Yes (0.20)
Checking if you have Archive::Tar 0 ... Yes (2.32)
Checking if you have Proc::ChildError 0 ... Yes (0.04)
Checking if you have Sah::Schema::perl::distname 0 ... No
Checking if you have Exporter 5.57 ... Yes (5.73)
Checking if you have App::ShellCompleter::cpanm 0 ... Yes (0.19)
Checking if you have Perinci::Object 0.310 ... Yes (0.310)
Checking if you have Perinci::Sub::DepChecker 0 ... Yes (0.11)
Checking if you have File::Slurper 0 ... Yes (0.012)
Checking if you have DBI 0 ... Yes (1.642)
Checking if you have base 0 ... Yes (2.27)
Checking if you have Pod::Simple::Methody 0 ... Yes (3.35)
Checking if you have Module::XSOrPP 0 ... Yes (0.11)
Checking if you have Parse::CPAN::Meta 0 ... Yes (2.150010)
Checking if you have Archive::Zip 0 ... Yes (1.64)
Checking if you have Module::Patch 0.270 ... Yes (0.276)
==> Found dependencies: Sah::Schema::perl::modname, Data::Sah::Coerce::perl::str::str_normalize_perl_modname, Data::Sah::Compiler::perl::TH::str, Data::Sah::Compiler::perl::TH::int, Data::Sah::Coerce::perl::str::str_normalize_perl_distname, Sah::Schema::filename, Data::Sah::Compiler::perl::TH::bool, Data::Sah::Compiler::perl::TH::date, Data::Sah::Coerce::perl::date::str_iso8601, Data::Sah::Coerce::perl::date::obj_DateTime, Data::Sah::Coerce::perl::str::str_strip_trailing_slash, Data::Sah::Compiler::perl::TH::array, Data::Sah::Compiler::perl::TH::re, Data::Sah::Coerce::perl::date::float_epoch, Perinci::CmdLine::Any, Sah::Schema::dirname, Data::Sah::Coerce::perl::date::obj_TimeMoment, Sah::Schema::perl::distname
Searching Sah::Schema::perl::modname (0) on cpanmetadb ...
--> Working on Sah::Schema::perl::modname
Fetching http://www.cpan.org/authors/id/P/PE/PERLANCAR/Sah-Schemas-Perl-0.018.tar.gz
-> OK
Unpacking Sah-Schemas-Perl-0.018.tar.gz
Entering Sah-Schemas-Perl-0.018
Checking configure dependencies from META.json
Checking if you have ExtUtils::MakeMaker 6.58 ... Yes (7.34)
Configuring Sah-Schemas-Perl-0.018
Running Makefile.PL
Warning: prerequisite Perinci::Sub::XCompletion::perl_distname 0 not found.
Warning: prerequisite Perinci::Sub::XCompletion::perl_modname 0 not found.
Warning: prerequisite Perinci::Sub::XCompletion::perl_modname_or_prefix 0 not found.
Warning: prerequisite Perinci::Sub::XCompletion::perl_modprefix 0 not found.
Checking if your kit is complete...
Looks good
Generating a Unix-style Makefile
Writing Makefile for Sah::Schemas::Perl
Writing MYMETA.yml and MYMETA.json
-> OK
Checking dependencies from MYMETA.json ...
Checking if you have Complete::Module 0 ... Yes (0.260)
Checking if you have IPC::Open3 0 ... Yes (1.20)
Checking if you have Perinci::Sub::XCompletion::perl_distname 0 ... No
Checking if you have Perinci::Sub::XCompletion::perl_modname 0 ... No
Checking if you have IO::Handle 0 ... Yes (1.40)
Checking if you have Complete::File 0 ... Yes (0.43)
Checking if you have Module::Path::More 0.32 ... Yes (0.33)
Checking if you have Test::Needs 0 ... Yes (0.002005)
Checking if you have File::Spec 0 ... Yes (3.77)
Checking if you have Perinci::Sub::XCompletion::perl_modname_or_prefix 0 ... No
Checking if you have Perinci::Sub::XCompletion::perl_modprefix 0 ... No
Checking if you have warnings 0 ... Yes (1.43)
Checking if you have ExtUtils::MakeMaker 0 ... Yes (7.34)
Checking if you have strict 0 ... Yes (1.11)
Checking if you have Complete::Util 0.57 ... Yes (0.600)
Checking if you have Test::More 0.98 ... Yes (1.302162)
==> Found dependencies: Perinci::Sub::XCompletion::perl_distname, Perinci::Sub::XCompletion::perl_modname, Perinci::Sub::XCompletion::perl_modname_or_prefix, Perinci::Sub::XCompletion::perl_modprefix
Searching Perinci::Sub::XCompletion::perl_distname (0) on cpanmetadb ...
--> Working on Perinci::Sub::XCompletion::perl_distname
Fetching http://www.cpan.org/authors/id/P/PE/PERLANCAR/Perinci-Sub-XCompletion-0.101.tar.gz
-> OK
Unpacking Perinci-Sub-XCompletion-0.101.tar.gz
Entering Perinci-Sub-XCompletion-0.101
Checking configure dependencies from META.json
Checking if you have ExtUtils::MakeMaker 6.58 ... Yes (7.34)
Configuring Perinci-Sub-XCompletion-0.101
Running Makefile.PL
Warning: prerequisite Complete::Riap 0 not found.
Checking if your kit is complete...
Looks good
Generating a Unix-style Makefile
Writing Makefile for Perinci::Sub::XCompletion
Writing MYMETA.yml and MYMETA.json
-> OK
Checking dependencies from MYMETA.json ...
Checking if you have File::Spec 0 ... Yes (3.77)
Checking if you have Complete::Riap 0 ... No
Checking if you have Complete::Dist 0 ... Yes (0.07)
Checking if you have warnings 0 ... Yes (1.43)
Checking if you have strict 0 ... Yes (1.11)
Checking if you have ExtUtils::MakeMaker 0 ... Yes (7.34)
Checking if you have IPC::Open3 0 ... Yes (1.20)
Checking if you have Complete::Module 0 ... Yes (0.260)
Checking if you have Complete::Util 0.57 ... Yes (0.600)
Checking if you have Test::More 0 ... Yes (1.302162)
Checking if you have Complete::File 0.38 ... Yes (0.43)
Checking if you have IO::Handle 0 ... Yes (1.40)
==> Found dependencies: Complete::Riap
Searching Complete::Riap (0) on cpanmetadb ...
--> Working on Complete::Riap
Fetching http://www.cpan.org/authors/id/P/PE/PERLANCAR/Complete-Riap-0.07.tar.gz
-> OK
Unpacking Complete-Riap-0.07.tar.gz
Entering Complete-Riap-0.07
Checking configure dependencies from META.json
Checking if you have ExtUtils::MakeMaker 6.58 ... Yes (7.34)
Configuring Complete-Riap-0.07
Running Makefile.PL
Warning: prerequisite Perinci::Access 0 not found.
Checking if your kit is complete...
Looks good
Generating a Unix-style Makefile
Writing Makefile for Complete::Riap
Writing MYMETA.yml and MYMETA.json
-> OK
Checking dependencies from MYMETA.json ...
Checking if you have Test::More 0 ... Yes (1.302162)
Checking if you have Complete::Path 0.20 ... Yes (0.24)
Checking if you have IO::Handle 0 ... Yes (1.40)
Checking if you have Complete::Common 0.21 ... Yes (0.22)
Checking if you have Perinci::Access 0 ... No
Checking if you have File::Spec 0 ... Yes (3.77)
Checking if you have IPC::Open3 0 ... Yes (1.20)
Checking if you have ExtUtils::MakeMaker 0 ... Yes (7.34)
==> Found dependencies: Perinci::Access
Searching Perinci::Access (0) on cpanmetadb ...
--> Working on Perinci::Access
Fetching http://www.cpan.org/authors/id/P/PE/PERLANCAR/Perinci-Access-0.45.tar.gz
-> OK
Unpacking Perinci-Access-0.45.tar.gz
Entering Perinci-Access-0.45
Checking configure dependencies from META.json
Checking if you have ExtUtils::MakeMaker 6.58 ... Yes (7.34)
Configuring Perinci-Access-0.45
Running Makefile.PL
Warning: prerequisite Perinci::Access::Perl 0.87 not found.
Warning: prerequisite Perinci::Access::Schemeless 0.87 not found.
Checking if your kit is complete...
Looks good
Generating a Unix-style Makefile
Writing Makefile for Perinci::Access
Writing MYMETA.yml and MYMETA.json
-> OK
Checking dependencies from MYMETA.json ...
Checking if you have Perinci::Access::Schemeless 0.87 ... No
Checking if you have IPC::Open3 0 ... Yes (1.20)
Checking if you have Log::ger 0.011 ... Yes (0.027)
Checking if you have Scalar::Util 0 ... Yes (1.50)
Checking if you have Perinci::Access::Simple::Client 0.13 ... Yes (0.23)
Checking if you have IO::Handle 0 ... Yes (1.40)
Checking if you have URI::Split 0 ... Yes (1.76)
Checking if you have File::Spec 0 ... Yes (3.77)
Checking if you have strict 0 ... Yes (1.11)
Checking if you have ExtUtils::MakeMaker 0 ... Yes (7.34)
Checking if you have warnings 0 ... Yes (1.43)
Checking if you have Perinci::Access::HTTP::Client 0.18 ... Yes (0.24)
Checking if you have Perinci::Examples 0.79 ... Yes (0.811)
Checking if you have Test::More 0.96 ... Yes (1.302162)
Checking if you have Perinci::Access::Perl 0.87 ... No
==> Found dependencies: Perinci::Access::Schemeless, Perinci::Access::Perl
Searching Perinci::Access::Schemeless (0.87) on cpanmetadb ...
--> Working on Perinci::Access::Schemeless
Fetching http://www.cpan.org/authors/id/P/PE/PERLANCAR/Perinci-Access-Perl-0.890.tar.gz
-> OK
Unpacking Perinci-Access-Perl-0.890.tar.gz
Entering Perinci-Access-Perl-0.890
Checking configure dependencies from META.json
Checking if you have ExtUtils::MakeMaker 6.58 ... Yes (7.34)
Configuring Perinci-Access-Perl-0.890
Running Makefile.PL
Warning: prerequisite Perinci::Sub::Complete 0.89 not found.
Warning: prerequisite Perinci::Sub::GetArgs::Argv 0.83 not found.
Checking if your kit is complete...
Looks good
Generating a Unix-style Makefile
Writing Makefile for Perinci::Access::Perl
Writing MYMETA.yml and MYMETA.json
-> OK
Checking dependencies from MYMETA.json ...
Checking if you have Perinci::Sub::Complete 0.89 ... No
Checking if you have strict 0 ... Yes (1.11)
Checking if you have warnings 0 ... Yes (1.43)
Checking if you have File::Spec 0 ... Yes (3.77)
Checking if you have Perinci::Sub::Normalize 0.19 ... Yes (0.200)
Checking if you have parent 0 ... Yes (0.237)
Checking if you have URI::Split 0 ... Yes (1.76)
Checking if you have lib 0 ... Yes (0.65)
Checking if you have Test::More 0.98 ... Yes (1.302162)
Checking if you have experimental 0 ... Yes (0.020)
Checking if you have Perinci::Sub::Wrapper 0.83 ... Yes (0.850)
Checking if you have Perinci::Sub::GetArgs::Argv 0.83 ... No
Checking if you have Perinci::Sub::Util 0.46 ... Yes (0.46)
Checking if you have IPC::Open3 0 ... Yes (1.20)
Checking if you have UUID::Random 0 ... Yes (0.04)
Checking if you have Module::List 0 ... Yes (0.004)
Checking if you have Scalar::Util 0 ... Yes (1.50)
Checking if you have Log::ger 0.023 ... Yes (0.027)
Checking if you have Monkey::Patch::Action 0.060 ... Yes (0.061)
Checking if you have Progress::Any 0.214 ... Yes (0.214)
Checking if you have ExtUtils::MakeMaker 0 ... Yes (7.34)
Checking if you have FindBin 0 ... Yes (1.51)
Checking if you have File::Slurper 0 ... Yes (0.012)
Checking if you have Perinci::Object 0.310 ... Yes (0.310)
Checking if you have Module::Path::More 0.32 ... Yes (0.33)
Checking if you have Test::Exception 0 ... Yes (0.43)
Checking if you have Package::Util::Lite 0 ... Yes (0.001)
Checking if you have Perinci::Examples 0.811 ... Yes (0.811)
Checking if you have Class::Inspector 0 ... Yes (1.32)
Checking if you have Tie::Cache 0 ... Yes (0.21)
Checking if you have List::Util 1.45 ... Yes (1.50)
Checking if you have File::Temp 0 ... Yes (0.2309)
Checking if you have IO::Handle 0 ... Yes (1.40)
Checking if you have Perinci::Access::Base 0.31 ... Yes (0.33)
==> Found dependencies: Perinci::Sub::Complete, Perinci::Sub::GetArgs::Argv
Searching Perinci::Sub::Complete (0.89) on cpanmetadb ...
--> Working on Perinci::Sub::Complete
Fetching http://www.cpan.org/authors/id/P/PE/PERLANCAR/Perinci-Sub-Complete-0.933.tar.gz
-> OK
Unpacking Perinci-Sub-Complete-0.933.tar.gz
Entering Perinci-Sub-Complete-0.933
Checking configure dependencies from META.json
Checking if you have ExtUtils::MakeMaker 6.58 ... Yes (7.34)
Configuring Perinci-Sub-Complete-0.933
Running Makefile.PL
Warning: prerequisite Perinci::Sub::GetArgs::Argv 0.83 not found.
Checking if your kit is complete...
Looks good
Generating a Unix-style Makefile
Writing Makefile for Perinci::Sub::Complete
Writing MYMETA.yml and MYMETA.json
-> OK
Checking dependencies from MYMETA.json ...
Checking if you have Test::More 0.98 ... Yes (1.302162)
Checking if you have Perinci::Sub::GetArgs::Argv 0.83 ... No
Checking if you have Module::Installed::Tiny 0 ... Yes (0.003)
Checking if you have strict 0 ... Yes (1.11)
Checking if you have warnings 0 ... Yes (1.43)
Checking if you have Perinci::Sub::Normalize 0.19 ... Yes (0.200)
Checking if you have File::Spec 0 ... Yes (3.77)
Checking if you have Log::ger 0.027 ... Yes (0.027)
Checking if you have Monkey::Patch::Action 0.060 ... Yes (0.061)
Checking if you have IPC::Open3 0 ... Yes (1.20)
Checking if you have Data::Sah::Normalize 0 ... Yes (0.050)
Checking if you have Complete::Getopt::Long 0.43 ... Yes (0.46)
Checking if you have Perinci::Sub::Util 0.46 ... Yes (0.46)
Checking if you have Exporter 5.57 ... Yes (5.73)
Checking if you have Sah::SchemaR::posint 0 ... Yes (0.071)
Checking if you have Test::Exception 0 ... Yes (0.43)
Checking if you have Complete::Bash 0.27 ... Yes (0.320)
Checking if you have Complete::Util 0.57 ... Yes (0.600)
Checking if you have Perinci::Examples 0.811 ... Yes (0.811)
Checking if you have ExtUtils::MakeMaker 0 ... Yes (7.34)
Checking if you have IO::Handle 0 ... Yes (1.40)
Checking if you have Sah::SchemaR::negint 0 ... Yes (0.071)
Checking if you have Complete::Common 0.22 ... Yes (0.22)
==> Found dependencies: Perinci::Sub::GetArgs::Argv
Searching Perinci::Sub::GetArgs::Argv (0.83) on cpanmetadb ...
--> Working on Perinci::Sub::GetArgs::Argv
Fetching http://www.cpan.org/authors/id/P/PE/PERLANCAR/Perinci-Sub-GetArgs-Argv-0.841.tar.gz
-> OK
Unpacking Perinci-Sub-GetArgs-Argv-0.841.tar.gz
Entering Perinci-Sub-GetArgs-Argv-0.841
Checking configure dependencies from META.json
Checking if you have ExtUtils::MakeMaker 6.58 ... Yes (7.34)
Configuring Perinci-Sub-GetArgs-Argv-0.841
Running Makefile.PL
Warning: prerequisite Data::Sah::Type::array 0 not found.
Warning: prerequisite Data::Sah::Type::hash 0 not found.
Warning: prerequisite Data::Sah::Type::int 0 not found.
Warning: prerequisite Perinci::Sub::GetArgs::Array 0.170 not found.
Checking if your kit is complete...
Looks good
Generating a Unix-style Makefile
Writing Makefile for Perinci::Sub::GetArgs::Argv
Writing MYMETA.yml and MYMETA.json
-> OK
Checking dependencies from MYMETA.json ...
Checking if you have List::Util 1.45 ... Yes (1.50)
Checking if you have MIME::Base64 0 ... Yes (3.15)
Checking if you have JSON::PP 0 ... Yes (4.00)
Checking if you have YAML::Old 0 ... Yes (1.23)
Checking if you have IO::Handle 0 ... Yes (1.40)
Checking if you have Getopt::Long 2.50 ... Yes (2.5)
Checking if you have ExtUtils::MakeMaker 0 ... Yes (7.34)
Checking if you have Data::Sah::Resolve 0.003 ... Yes (0.007)
Checking if you have Data::Dmp 0.21 ... Yes (0.23)
Checking if you have Data::Sah::Type::int 0 ... No
Checking if you have Data::Sah::Util::Type 0.45 ... Yes (0.46)
Checking if you have Exporter 5.57 ... Yes (5.73)
Checking if you have Data::Sah::Normalize 0 ... Yes (0.050)
Checking if you have IPC::Open3 0 ... Yes (1.20)
Checking if you have Perinci::Sub::Util 0.46 ... Yes (0.46)
Checking if you have Getopt::Long::Util 0.890 ... Yes (0.890)
Checking if you have Data::Clean::JSON 0.390 ... Yes (0.391)
Checking if you have warnings 0 ... Yes (1.43)
Checking if you have strict 0 ... Yes (1.11)
Checking if you have Getopt::Long::Negate::EN 0 ... Yes (0.05)
Checking if you have Data::Sah::Type::array 0 ... No
Checking if you have Perinci::Sub::GetArgs::Array 0.170 ... No
Checking if you have Test::Needs 0 ... Yes (0.002005)
Checking if you have Perinci::Sub::Normalize 0.19 ... Yes (0.200)
Checking if you have Lingua::EN::PluralToSingular 0 ... Yes (0.21)
Checking if you have File::Spec 0 ... Yes (3.77)
Checking if you have Data::Clean::FromJSON 0.11 ... Yes (0.391)
Checking if you have Data::Sah::Type::hash 0 ... No
Checking if you have Test::More 0.98 ... Yes (1.302162)
Checking if you have Function::Fallback::CoreOrPP 0 ... Yes (0.08)
==> Found dependencies: Data::Sah::Type::int, Data::Sah::Type::array, Perinci::Sub::GetArgs::Array, Data::Sah::Type::hash
Searching Data::Sah::Type::int (0) on cpanmetadb ...
--> Working on Data::Sah::Type::int
Fetching http://www.cpan.org/authors/id/P/PE/PERLANCAR/Data-Sah-0.895.tar.gz
-> OK
Unpacking Data-Sah-0.895.tar.gz
Entering Data-Sah-0.895
Checking configure dependencies from META.json
Checking if you have ExtUtils::MakeMaker 6.58 ... Yes (7.34)
Configuring Data-Sah-0.895
Running Makefile.PL
Warning: prerequisite Data::Sah::Coerce 0.031 not found.
Warning: prerequisite Data::Sah::CoerceCommon 0 not found.
Checking if your kit is complete...
Looks good
Generating a Unix-style Makefile
Writing Makefile for Data::Sah
Writing MYMETA.yml and MYMETA.json
-> OK
Checking dependencies from MYMETA.json ...
Checking if you have JSON 0 ... Yes (4.02)
Checking if you have Scalar::Util 0 ... Yes (1.50)
Checking if you have Log::ger 0.023 ... Yes (0.027)
Checking if you have utf8 0 ... Yes (1.21)
Checking if you have Mo 0 ... Yes (0.40)
Checking if you have Role::Tiny 0 ... Yes (2.000006)
Checking if you have Text::sprintfn 0 ... Yes (0.08)
Checking if you have Data::Sah::Normalize 0.03 ... Yes (0.050)
Checking if you have IPC::Open3 0 ... Yes (1.20)
Checking if you have Regexp::Stringify 0 ... Yes (0.06)
Checking if you have Sah::SpecTest v0.9.42 ... Yes (0.9.45)
Checking if you have Data::Sah::CoerceCommon 0 ... No
Checking if you have POSIX 0 ... Yes (1.87)
Checking if you have Data::Sah::Coerce 0.031 ... No
Checking if you have experimental 0 ... Yes (0.020)
Checking if you have File::ShareDir::Tarball 0 ... Yes (0.2.2)
Checking if you have Test::More 0.98 ... Yes (1.302162)
Checking if you have strict 0 ... Yes (1.11)
Checking if you have warnings 0 ... Yes (1.43)
Checking if you have Module::Installed::Tiny 0 ... Yes (0.003)
Checking if you have File::Spec 0 ... Yes (3.77)
Checking if you have Tie::IxHash 0 ... Yes (1.23)
Checking if you have parent 0 ... Yes (0.237)
Checking if you have IO::Handle 0 ... Yes (1.40)
Checking if you have Test::Warn 0 ... Yes (0.36)
Checking if you have Data::Dump 0 ... Yes (1.23)
Checking if you have Scalar::Util::Numeric::PP 0 ... Yes (0.04)
Checking if you have List::Util 1.45 ... Yes (1.50)
Checking if you have lib::filter 0.03 ... Yes (0.27)
Checking if you have Lingua::EN::Numbers::Ordinate 1.02 ... Yes (1.04)
Checking if you have Time::Duration::Parse::AsHash 0 ... Yes (0.10.6)
Checking if you have overload 0 ... Yes (1.30)
Checking if you have Test::Exception 0 ... Yes (0.43)
Checking if you have Time::HiRes 0 ... Yes (1.9760)
Checking if you have Exporter 5.57 ... Yes (5.73)
Checking if you have ExtUtils::MakeMaker 0 ... Yes (7.34)
Checking if you have Data::Dmp 0.21 ... Yes (0.23)
Checking if you have Data::Sah::Resolve 0.003 ... Yes (0.007)
Checking if you have File::Slurper 0 ... Yes (0.012)
Checking if you have File::ShareDir 0 ... Yes (1.116)
Checking if you have Role::Tiny::With 0 ... Yes (2.000006)
Checking if you have File::chdir 0 ... Yes (0.1010)
==> Found dependencies: Data::Sah::CoerceCommon, Data::Sah::Coerce
Searching Data::Sah::CoerceCommon (0) on cpanmetadb ...
--> Working on Data::Sah::CoerceCommon
Fetching http://www.cpan.org/authors/id/P/PE/PERLANCAR/Data-Sah-Coerce-0.033.tar.gz
-> OK
Unpacking Data-Sah-Coerce-0.033.tar.gz
Entering Data-Sah-Coerce-0.033
Checking configure dependencies from META.json
Checking if you have ExtUtils::MakeMaker 6.58 ... Yes (7.34)
Configuring Data-Sah-Coerce-0.033
Running Makefile.PL
Checking if your kit is complete...
Looks good
Generating a Unix-style Makefile
Writing Makefile for Data::Sah::Coerce
Writing MYMETA.yml and MYMETA.json
-> OK
Checking dependencies from MYMETA.json ...
Checking if you have File::Spec 0 ... Yes (3.77)
Checking if you have Test::Needs 0 ... Yes (0.002005)
Checking if you have warnings 0 ... Yes (1.43)
Checking if you have ExtUtils::MakeMaker 0 ... Yes (7.34)
Checking if you have strict 0 ... Yes (1.11)
Checking if you have Nodejs::Util 0.007 ... Yes (0.012)
Checking if you have Test::More 0.98 ... Yes (1.302162)
Checking if you have IPC::System::Options 0.331 ... Yes (0.331)
Checking if you have Test::Exception 0 ... Yes (0.43)
Checking if you have Exporter 5.57 ... Yes (5.73)
Checking if you have subroutines 0 ... Yes (0.001)
Checking if you have File::Temp 0 ... Yes (0.2309)
Checking if you have IPC::Open3 0 ... Yes (1.20)
Checking if you have JSON 0 ... Yes (4.02)
Checking if you have Log::ger 0.023 ... Yes (0.027)
Checking if you have IO::Handle 0 ... Yes (1.40)
Building and testing Data-Sah-Coerce-0.033
cp lib/Data/Sah/Coerce/perl/bool/str.pm blib/lib/Data/Sah/Coerce/perl/bool/str.pm
cp lib/Data/Sah/Coerce/js/datenotime/str.pm blib/lib/Data/Sah/Coerce/js/datenotime/str.pm
cp lib/Data/Sah/Coerce/perl/float/str_percent.pm blib/lib/Data/Sah/Coerce/perl/float/str_percent.pm
cp lib/Data/Sah/Coerce/perl/datenotime/float_epoch.pm blib/lib/Data/Sah/Coerce/perl/datenotime/float_epoch.pm
cp lib/Data/Sah/Coerce/js/date/obj_Date.pm blib/lib/Data/Sah/Coerce/js/date/obj_Date.pm
cp lib/Data/Sah/Coerce/perl/datetime/str_iso8601.pm blib/lib/Data/Sah/Coerce/perl/datetime/str_iso8601.pm
cp lib/Data/Sah/Coerce/perl/datetime/float_epoch.pm blib/lib/Data/Sah/Coerce/perl/datetime/float_epoch.pm
cp lib/Data/Sah/Coerce/perl/duration/obj_DateTimeDuration.pm blib/lib/Data/Sah/Coerce/perl/duration/obj_DateTimeDuration.pm
cp lib/Data/Sah/Coerce.pm blib/lib/Data/Sah/Coerce.pm
cp lib/Data/Sah/Coerce/js/date/str.pm blib/lib/Data/Sah/Coerce/js/date/str.pm
cp lib/Data/Sah/Coerce/perl/datenotime/obj_DateTime.pm blib/lib/Data/Sah/Coerce/perl/datenotime/obj_DateTime.pm
cp lib/Data/Sah/Coerce/perl/date/float_epoch.pm blib/lib/Data/Sah/Coerce/perl/date/float_epoch.pm
cp lib/Data/Sah/Coerce/perl/int/str_percent.pm blib/lib/Data/Sah/Coerce/perl/int/str_percent.pm
cp lib/Data/Sah/Coerce/perl/datetime/float_epoch_always.pm blib/lib/Data/Sah/Coerce/perl/datetime/float_epoch_always.pm
cp lib/Data/Sah/Coerce/js/datetime/float_epoch.pm blib/lib/Data/Sah/Coerce/js/datetime/float_epoch.pm
cp lib/Data/Sah/Coerce/perl/duration/str_iso8601.pm blib/lib/Data/Sah/Coerce/perl/duration/str_iso8601.pm
cp lib/Data/Sah/Coerce/js/duration/float_secs.pm blib/lib/Data/Sah/Coerce/js/duration/float_secs.pm
cp lib/Data/Sah/Coerce/js/duration/str_iso8601.pm blib/lib/Data/Sah/Coerce/js/duration/str_iso8601.pm
cp lib/Data/Sah/Coerce/perl/datetime/obj_TimeMoment.pm blib/lib/Data/Sah/Coerce/perl/datetime/obj_TimeMoment.pm
cp lib/Data/Sah/Coerce/perl/timeofday/obj_DateTimeOfDay.pm blib/lib/Data/Sah/Coerce/perl/timeofday/obj_DateTimeOfDay.pm
cp lib/Data/Sah/Coerce/perl/datetime/obj_DateTime.pm blib/lib/Data/Sah/Coerce/perl/datetime/obj_DateTime.pm
cp lib/Data/Sah/Coerce/perl/date/obj_TimeMoment.pm blib/lib/Data/Sah/Coerce/perl/date/obj_TimeMoment.pm
cp lib/Data/Sah/Coerce/perl/duration/str_human.pm blib/lib/Data/Sah/Coerce/perl/duration/str_human.pm
cp lib/Data/Sah/Coerce/js/bool/str.pm blib/lib/Data/Sah/Coerce/js/bool/str.pm
cp lib/Data/Sah/Coerce/perl/date/str_iso8601.pm blib/lib/Data/Sah/Coerce/perl/date/str_iso8601.pm
cp lib/Data/Sah/Coerce/js/datenotime/obj_Date.pm blib/lib/Data/Sah/Coerce/js/datenotime/obj_Date.pm
cp lib/Data/Sah/Coerce/perl/date/float_epoch_always.pm blib/lib/Data/Sah/Coerce/perl/date/float_epoch_always.pm
cp lib/Data/Sah/CoerceCommon.pm blib/lib/Data/Sah/CoerceCommon.pm
cp lib/Data/Sah/Coerce/js/datetime/obj_Date.pm blib/lib/Data/Sah/Coerce/js/datetime/obj_Date.pm
cp lib/Data/Sah/Coerce/js/timeofday/str_hms.pm blib/lib/Data/Sah/Coerce/js/timeofday/str_hms.pm
cp lib/Data/Sah/CoerceJS.pm blib/lib/Data/Sah/CoerceJS.pm
cp lib/Data/Sah/Coerce/js/date/float_epoch.pm blib/lib/Data/Sah/Coerce/js/date/float_epoch.pm
cp lib/Data/Sah/Coerce/perl/datenotime/str_iso8601.pm blib/lib/Data/Sah/Coerce/perl/datenotime/str_iso8601.pm
cp lib/Data/Sah/Coerce/js/datetime/str.pm blib/lib/Data/Sah/Coerce/js/datetime/str.pm
cp lib/Data/Sah/Coerce/js/bool/float.pm blib/lib/Data/Sah/Coerce/js/bool/float.pm
cp lib/Data/Sah/Coerce/perl/duration/float_secs.pm blib/lib/Data/Sah/Coerce/perl/duration/float_secs.pm
cp lib/Data/Sah/Coerce/perl/datenotime/float_epoch_always.pm blib/lib/Data/Sah/Coerce/perl/datenotime/float_epoch_always.pm
cp lib/Data/Sah/Coerce/js/datenotime/float_epoch.pm blib/lib/Data/Sah/Coerce/js/datenotime/float_epoch.pm
cp lib/Data/Sah/Coerce/perl/timeofday/str_hms.pm blib/lib/Data/Sah/Coerce/perl/timeofday/str_hms.pm
cp lib/Data/Sah/Coerce/perl/datenotime/obj_TimeMoment.pm blib/lib/Data/Sah/Coerce/perl/datenotime/obj_TimeMoment.pm
cp lib/Data/Sah/Coerce/perl/date/obj_DateTime.pm blib/lib/Data/Sah/Coerce/perl/date/obj_DateTime.pm
Manifying 41 pod documents
PERL_DL_NONLAZY=1 "/Users/sidenla/perl5/perlbrew/perls/perl-5.29.8/bin/perl5.29.8" "-MExtUtils::Command::MM" "-MTest::Harness" "-e" "undef *Test::Harness::Switches; test_harness(0, 'blib/lib', 'blib/arch')" t/*.t
t/00-compile.t ........... ok
t/01-basic.t ............. ok
t/author-critic.t ........ skipped: these tests are for testing by the author
t/author-pod-coverage.t .. skipped: these tests are for testing by the author
t/author-pod-syntax.t .... skipped: these tests are for testing by the author
t/js-bool.t .............. ok

        #   Failed test at t/js-date.t line 26.
        #          got: '2016-01-01T17:34:56.000Z'
        #     expected: '2016-01-01T12:34:56.000Z'
        # Looks like you failed 1 test of 2.

    #   Failed test 'from string'
    #   at t/js-date.t line 27.
    # Looks like you failed 1 test of 3.

#   Failed test 'coerce_to=Date'
#   at t/js-date.t line 28.
# Looks like you failed 1 test of 1.
t/js-date.t .............. 
Dubious, test returned 1 (wstat 256, 0x100)
Failed 1/1 subtests 
t/js-duration.t .......... ok
t/js-timeofday.t ......... ok
t/perl-bool.t ............ ok
t/perl-date.t ............ ok
t/perl-datenotime.t ...... ok
t/perl-datetime.t ........ ok
t/perl-duration.t ........ ok
t/perl-timeofday.t ....... ok
t/release-rinci.t ........ skipped: these tests are for release candidate testing

Test Summary Report
-------------------
t/js-date.t            (Wstat: 256 Tests: 1 Failed: 1)
  Failed test:  1
  Non-zero exit status: 1
Files=16, Tests=60,  7 wallclock secs ( 0.08 usr  0.04 sys +  4.69 cusr  1.48 csys =  6.29 CPU)
Result: FAIL
Failed 1/16 test programs. 1/60 subtests failed.
make: *** [test_dynamic] Error 255
-> FAIL Installing Data::Sah::CoerceCommon failed. See /Users/sidenla/.cpanm/work/1556207329.8132/build.log for details. Retry with --force to force install it.
Searching Data::Sah::Coerce (0.031) on cpanmetadb ...
Already tried Data-Sah-Coerce-0.033. Skipping.
-> FAIL Installing the dependencies failed: Module 'Data::Sah::Coerce' is not installed, Module 'Data::Sah::CoerceCommon' is not installed
-> FAIL Bailing out the installation for Data-Sah-0.895.
Searching Data::Sah::Type::array (0) on cpanmetadb ...
Already tried Data-Sah-0.895. Skipping.
Searching Perinci::Sub::GetArgs::Array (0.170) on cpanmetadb ...
--> Working on Perinci::Sub::GetArgs::Array
Fetching http://www.cpan.org/authors/id/P/PE/PERLANCAR/Perinci-Sub-GetArgs-Array-0.170.tar.gz
-> OK
Unpacking Perinci-Sub-GetArgs-Array-0.170.tar.gz
Entering Perinci-Sub-GetArgs-Array-0.170
Checking configure dependencies from META.json
Checking if you have ExtUtils::MakeMaker 6.58 ... Yes (7.34)
Configuring Perinci-Sub-GetArgs-Array-0.170
Running Makefile.PL
Checking if your kit is complete...
Looks good
Generating a Unix-style Makefile
Writing Makefile for Perinci::Sub::GetArgs::Array
Writing MYMETA.yml and MYMETA.json
-> OK
Checking dependencies from MYMETA.json ...
Checking if you have IPC::Open3 0 ... Yes (1.20)
Checking if you have warnings 0 ... Yes (1.43)
Checking if you have ExtUtils::MakeMaker 0 ... Yes (7.34)
Checking if you have strict 0 ... Yes (1.11)
Checking if you have Perinci::Sub::Normalize 0.19 ... Yes (0.200)
Checking if you have File::Spec 0 ... Yes (3.77)
Checking if you have Exporter 5.57 ... Yes (5.73)
Checking if you have IO::Handle 0 ... Yes (1.40)
Checking if you have Test::More 0.98 ... Yes (1.302162)
Building and testing Perinci-Sub-GetArgs-Array-0.170
cp lib/Perinci/Sub/GetArgs/Array.pm blib/lib/Perinci/Sub/GetArgs/Array.pm
Manifying 1 pod document
PERL_DL_NONLAZY=1 "/Users/sidenla/perl5/perlbrew/perls/perl-5.29.8/bin/perl5.29.8" "-MExtUtils::Command::MM" "-MTest::Harness" "-e" "undef *Test::Harness::Switches; test_harness(0, 'blib/lib', 'blib/arch')" t/*.t
t/00-compile.t ........... ok
        # No tests run!

    #   Failed test 'No tests run for subtest "arg_slurpy (3, string)"'
    #   at t/01-basics.t line 156.
    # Looks like you failed 1 test of 1.

#   Failed test 'slurpy (str)'
#   at t/01-basics.t line 70.
Unknown property '/args/arg2/slurpy' (and couldn't load property module 'Perinci/Sub/Property/arg/slurpy.pm'): Can't locate Perinci/Sub/Property/arg/slurpy.pm in @INC (you may need to install the Perinci::Sub::Property::arg::slurpy module) (@INC contains: /Users/sidenla/.cpanm/work/1556207329.8132/Perinci-Sub-GetArgs-Array-0.170/blib/lib /Users/sidenla/.cpanm/work/1556207329.8132/Perinci-Sub-GetArgs-Array-0.170/blib/arch /Users/sidenla/perl5/perlbrew/perls/perl-5.29.8/lib/site_perl/5.29.8/darwin-2level /Users/sidenla/perl5/perlbrew/perls/perl-5.29.8/lib/site_perl/5.29.8 /Users/sidenla/perl5/perlbrew/perls/perl-5.29.8/lib/5.29.8/darwin-2level /Users/sidenla/perl5/perlbrew/perls/perl-5.29.8/lib/5.29.8 .) at /Users/sidenla/perl5/perlbrew/perls/perl-5.29.8/lib/site_perl/5.29.8/Perinci/Sub/Normalize.pm line 58.
# Tests were run but no plan was declared and done_testing() was not seen.
# Looks like your test exited with 255 just after 7.
t/01-basics.t ............ 
Dubious, test returned 255 (wstat 65280, 0xff00)
Failed 1/7 subtests 
t/author-critic.t ........ skipped: these tests are for testing by the author
t/author-pod-coverage.t .. skipped: these tests are for testing by the author
t/author-pod-syntax.t .... skipped: these tests are for testing by the author
t/release-rinci.t ........ skipped: these tests are for release candidate testing

Test Summary Report
-------------------
t/01-basics.t          (Wstat: 65280 Tests: 7 Failed: 1)
  Failed test:  7
  Non-zero exit status: 255
  Parse errors: No plan found in TAP output
Files=6, Tests=8,  0 wallclock secs ( 0.03 usr  0.02 sys +  0.14 cusr  0.07 csys =  0.26 CPU)
Result: FAIL
Failed 1/6 test programs. 1/8 subtests failed.
make: *** [test_dynamic] Error 255
-> FAIL Installing Perinci::Sub::GetArgs::Array failed. See /Users/sidenla/.cpanm/work/1556207329.8132/build.log for details. Retry with --force to force install it.
Searching Data::Sah::Type::hash (0) on cpanmetadb ...
Already tried Data-Sah-0.895. Skipping.
-> FAIL Installing the dependencies failed: Module 'Perinci::Sub::GetArgs::Array' is not installed, Module 'Data::Sah::Type::array' is not installed, Module 'Data::Sah::Type::hash' is not installed, Module 'Data::Sah::Type::int' is not installed
-> FAIL Bailing out the installation for Perinci-Sub-GetArgs-Argv-0.841.
-> FAIL Installing the dependencies failed: Module 'Perinci::Sub::GetArgs::Argv' is not installed
-> FAIL Bailing out the installation for Perinci-Sub-Complete-0.933.
Already tried Perinci::Sub::GetArgs::Argv. Skipping.
-> FAIL Installing the dependencies failed: Module 'Perinci::Sub::GetArgs::Argv' is not installed, Module 'Perinci::Sub::Complete' is not installed
-> FAIL Bailing out the installation for Perinci-Access-Perl-0.890.
Searching Perinci::Access::Perl (0.87) on cpanmetadb ...
Already tried Perinci-Access-Perl-0.890. Skipping.
-> FAIL Installing the dependencies failed: Module 'Perinci::Access::Perl' is not installed, Module 'Perinci::Access::Schemeless' is not installed
-> FAIL Bailing out the installation for Perinci-Access-0.45.
-> FAIL Installing the dependencies failed: Module 'Perinci::Access' is not installed
-> FAIL Bailing out the installation for Complete-Riap-0.07.
-> FAIL Installing the dependencies failed: Module 'Complete::Riap' is not installed
-> FAIL Bailing out the installation for Perinci-Sub-XCompletion-0.101.
Searching Perinci::Sub::XCompletion::perl_modname (0) on cpanmetadb ...
Already tried Perinci-Sub-XCompletion-0.101. Skipping.
Searching Perinci::Sub::XCompletion::perl_modname_or_prefix (0) on cpanmetadb ...
Already tried Perinci-Sub-XCompletion-0.101. Skipping.
Searching Perinci::Sub::XCompletion::perl_modprefix (0) on cpanmetadb ...
Already tried Perinci-Sub-XCompletion-0.101. Skipping.
-> FAIL Installing the dependencies failed: Module 'Perinci::Sub::XCompletion::perl_distname' is not installed, Module 'Perinci::Sub::XCompletion::perl_modname' is not installed, Module 'Perinci::Sub::XCompletion::perl_modname_or_prefix' is not installed, Module 'Perinci::Sub::XCompletion::perl_modprefix' is not installed
-> FAIL Bailing out the installation for Sah-Schemas-Perl-0.018.
Searching Data::Sah::Coerce::perl::str::str_normalize_perl_modname (0) on cpanmetadb ...
Already tried Sah-Schemas-Perl-0.018. Skipping.
Searching Data::Sah::Compiler::perl::TH::str (0) on cpanmetadb ...
Already tried Data-Sah-0.895. Skipping.
Searching Data::Sah::Compiler::perl::TH::int (0) on cpanmetadb ...
Already tried Data-Sah-0.895. Skipping.
Searching Data::Sah::Coerce::perl::str::str_normalize_perl_distname (0) on cpanmetadb ...
Already tried Sah-Schemas-Perl-0.018. Skipping.
Searching Sah::Schema::filename (0) on cpanmetadb ...
--> Working on Sah::Schema::filename
Fetching http://www.cpan.org/authors/id/P/PE/PERLANCAR/Sah-Schemas-Path-0.005.tar.gz
-> OK
Unpacking Sah-Schemas-Path-0.005.tar.gz
Entering Sah-Schemas-Path-0.005
Checking configure dependencies from META.json
Checking if you have ExtUtils::MakeMaker 6.58 ... Yes (7.34)
Configuring Sah-Schemas-Path-0.005
Running Makefile.PL
Warning: prerequisite Perinci::Sub::XCompletion::dirname 0 not found.
Warning: prerequisite Perinci::Sub::XCompletion::filename 0 not found.
Checking if your kit is complete...
Looks good
Generating a Unix-style Makefile
Writing Makefile for Sah::Schemas::Path
Writing MYMETA.yml and MYMETA.json
-> OK
Checking dependencies from MYMETA.json ...
Checking if you have Test::More 0 ... Yes (1.302162)
Checking if you have IO::Handle 0 ... Yes (1.40)
Checking if you have Perinci::Sub::XCompletion::dirname 0 ... No
Checking if you have File::Spec 0 ... Yes (3.77)
Checking if you have ExtUtils::MakeMaker 0 ... Yes (7.34)
Checking if you have warnings 0 ... Yes (1.43)
Checking if you have Perinci::Sub::XCompletion::filename 0 ... No
Checking if you have strict 0 ... Yes (1.11)
Checking if you have IPC::Open3 0 ... Yes (1.20)
==> Found dependencies: Perinci::Sub::XCompletion::dirname, Perinci::Sub::XCompletion::filename
Searching Perinci::Sub::XCompletion::dirname (0) on cpanmetadb ...
Already tried Perinci-Sub-XCompletion-0.101. Skipping.
Searching Perinci::Sub::XCompletion::filename (0) on cpanmetadb ...
Already tried Perinci-Sub-XCompletion-0.101. Skipping.
-> FAIL Installing the dependencies failed: Module 'Perinci::Sub::XCompletion::filename' is not installed, Module 'Perinci::Sub::XCompletion::dirname' is not installed
-> FAIL Bailing out the installation for Sah-Schemas-Path-0.005.
Searching Data::Sah::Compiler::perl::TH::bool (0) on cpanmetadb ...
Already tried Data-Sah-0.895. Skipping.
Searching Data::Sah::Compiler::perl::TH::date (0) on cpanmetadb ...
Already tried Data-Sah-0.895. Skipping.
Searching Data::Sah::Coerce::perl::date::str_iso8601 (0.025) on cpanmetadb ...
Already tried Data-Sah-Coerce-0.033. Skipping.
Searching Data::Sah::Coerce::perl::date::obj_DateTime (0.025) on cpanmetadb ...
Already tried Data-Sah-Coerce-0.033. Skipping.
Searching Data::Sah::Coerce::perl::str::str_strip_trailing_slash (0) on cpanmetadb ...
Already tried Sah-Schemas-Path-0.005. Skipping.
Searching Data::Sah::Compiler::perl::TH::array (0) on cpanmetadb ...
Already tried Data-Sah-0.895. Skipping.
Searching Data::Sah::Compiler::perl::TH::re (0) on cpanmetadb ...
Already tried Data-Sah-0.895. Skipping.
Searching Data::Sah::Coerce::perl::date::float_epoch (0.025) on cpanmetadb ...
Already tried Data-Sah-Coerce-0.033. Skipping.
Searching Perinci::CmdLine::Any (0.13) on cpanmetadb ...
--> Working on Perinci::CmdLine::Any
Fetching http://www.cpan.org/authors/id/P/PE/PERLANCAR/Perinci-CmdLine-Any-0.14.tar.gz
-> OK
Unpacking Perinci-CmdLine-Any-0.14.tar.gz
Entering Perinci-CmdLine-Any-0.14
Checking configure dependencies from META.json
Checking if you have ExtUtils::MakeMaker 6.58 ... Yes (7.34)
Configuring Perinci-CmdLine-Any-0.14
Running Makefile.PL
Warning: prerequisite Perinci::CmdLine::Lite 1.76 not found.
Checking if your kit is complete...
Looks good
Generating a Unix-style Makefile
Writing Makefile for Perinci::CmdLine::Any
Writing MYMETA.yml and MYMETA.json
-> OK
Checking dependencies from MYMETA.json ...
Checking if you have IPC::Open3 0 ... Yes (1.20)
Checking if you have strict 0 ... Yes (1.11)
Checking if you have warnings 0 ... Yes (1.43)
Checking if you have ExtUtils::MakeMaker 0 ... Yes (7.34)
Checking if you have File::Spec 0 ... Yes (3.77)
Checking if you have Test::Needs 0 ... Yes (0.002005)
Checking if you have IO::Handle 0 ... Yes (1.40)
Checking if you have Capture::Tiny 0 ... Yes (0.48)
Checking if you have Perinci::CmdLine::Lite 1.76 ... No
Checking if you have Test::More 0.98 ... Yes (1.302162)
==> Found dependencies: Perinci::CmdLine::Lite
Searching Perinci::CmdLine::Lite (1.76) on cpanmetadb ...
--> Working on Perinci::CmdLine::Lite
Fetching http://www.cpan.org/authors/id/P/PE/PERLANCAR/Perinci-CmdLine-Lite-1.817.tar.gz
-> OK
Unpacking Perinci-CmdLine-Lite-1.817.tar.gz
Entering Perinci-CmdLine-Lite-1.817
Checking configure dependencies from META.json
Checking if you have ExtUtils::MakeMaker 6.58 ... Yes (7.34)
Checking if you have File::ShareDir::Install 0.06 ... Yes (0.13)
Configuring Perinci-CmdLine-Lite-1.817
Running Makefile.PL
Warning: prerequisite Data::Sah 0.895 not found.
Warning: prerequisite Perinci::CmdLine::Help 0.15 not found.
Warning: prerequisite Perinci::Sub::Complete 0.89 not found.
Warning: prerequisite Perinci::Sub::GetArgs::Argv 0.83 not found.
Warning: prerequisite Test::Perinci::CmdLine 1.47 not found.
Checking if your kit is complete...
Looks good
Generating a Unix-style Makefile
Writing Makefile for Perinci::CmdLine::Lite
Writing MYMETA.yml and MYMETA.json
-> OK
Checking dependencies from MYMETA.json ...
Checking if you have strict 0 ... Yes (1.11)
Checking if you have warnings 0 ... Yes (1.43)
Checking if you have Perinci::Sub::Complete 0.89 ... No
Checking if you have Complete::Fish 0.03 ... Yes (0.05)
Checking if you have File::Spec 0 ... Yes (3.77)
Checking if you have Perinci::CmdLine::Util::Config 1.721 ... Yes (1.721)
Checking if you have Complete::Tcsh 0 ... Yes (0.02)
Checking if you have Test::Perinci::CmdLine 1.47 ... No
Checking if you have Perinci::Access::Lite 0.09 ... Yes (0.14)
Checking if you have Perinci::Sub::GetArgs::Argv 0.83 ... No
Checking if you have Test::More 0.98 ... Yes (1.302162)
Checking if you have File::Which 0 ... Yes (1.23)
Checking if you have Encode 0 ... Yes (3.00)
Checking if you have IPC::Open3 0 ... Yes (1.20)
Checking if you have Fcntl 0 ... Yes (1.13)
Checking if you have Data::Clean::JSON 0.390 ... Yes (0.391)
Checking if you have Scalar::Util 0 ... Yes (1.50)
Checking if you have Log::ger 0.023 ... Yes (0.027)
Checking if you have Complete::Zsh 0 ... Yes (0.03)
Checking if you have Data::Sah 0.895 ... No
Checking if you have JSON::MaybeXS 0 ... Yes (1.004000)
Checking if you have Mo 0 ... Yes (0.40)
Checking if you have ExtUtils::MakeMaker 0 ... Yes (7.34)
Checking if you have Perinci::Result::Format::Lite 0.273 ... Yes (0.274)
Checking if you have Progress::Any::Output 0 ... Yes (0.214)
Checking if you have Data::Sah::Util::Type 0.45 ... Yes (0.46)
Checking if you have Log::ger::Output::Screen 0.007 ... Yes (0.008)
Checking if you have Perinci::Object 0.310 ... Yes (0.310)
Checking if you have Complete::Bash 0.27 ... Yes (0.320)
Checking if you have Complete::Util 0.57 ... Yes (0.600)
Checking if you have MIME::Base64 0 ... Yes (3.15)
Checking if you have Data::Dump 0 ... Yes (1.23)
Checking if you have Log::ger::App 0.009 ... Yes (0.009)
Checking if you have List::Util 1.45 ... Yes (1.50)
Checking if you have Progress::Any::Output::TermProgressBarColor 0.17 ... Yes (0.245)
Checking if you have YAML::Old 0 ... Yes (1.23)
Checking if you have File::Temp 0 ... Yes (0.2309)
Checking if you have Perinci::CmdLine::Help 0.15 ... No
Checking if you have IO::Handle 0 ... Yes (1.40)
Checking if you have Getopt::Long 0 ... Yes (2.5)
==> Found dependencies: Perinci::Sub::Complete, Test::Perinci::CmdLine, Perinci::Sub::GetArgs::Argv, Data::Sah, Perinci::CmdLine::Help
Already tried Perinci::Sub::Complete. Skipping.
Searching Test::Perinci::CmdLine (1.47) on cpanmetadb ...
--> Working on Test::Perinci::CmdLine
Fetching http://www.cpan.org/authors/id/P/PE/PERLANCAR/Test-Perinci-CmdLine-1.47.tar.gz
-> OK
Unpacking Test-Perinci-CmdLine-1.47.tar.gz
Entering Test-Perinci-CmdLine-1.47
Checking configure dependencies from META.json
Checking if you have ExtUtils::MakeMaker 6.58 ... Yes (7.34)
Configuring Test-Perinci-CmdLine-1.47
Running Makefile.PL
Warning: prerequisite Perinci::CmdLine::Gen 0.42 not found.
Checking if your kit is complete...
Looks good
Generating a Unix-style Makefile
Writing Makefile for Test::Perinci::CmdLine
Writing MYMETA.yml and MYMETA.json
-> OK
Checking dependencies from MYMETA.json ...
Checking if you have IPC::Open3 0 ... Yes (1.20)
Checking if you have File::Temp 0 ... Yes (0.2309)
Checking if you have Perinci::Examples::Tiny 0.79 ... Yes (0.811)
Checking if you have lib::filter 0 ... Yes (0.27)
Checking if you have Capture::Tiny 0 ... Yes (0.48)
Checking if you have IO::Handle 0 ... Yes (1.40)
Checking if you have ExtUtils::MakeMaker 0 ... Yes (7.34)
Checking if you have warnings 0 ... Yes (1.43)
Checking if you have strict 0 ... Yes (1.11)
Checking if you have Devel::Confess 0 ... Yes (0.009004)
Checking if you have File::Spec 0 ... Yes (3.77)
Checking if you have File::Slurper 0 ... Yes (0.012)
Checking if you have Exporter 0 ... Yes (5.73)
Checking if you have File::Path 0 ... Yes (2.16)
Checking if you have experimental 0 ... Yes (0.020)
Checking if you have IPC::System::Options 0.27 ... Yes (0.331)
Checking if you have Test::More 0.98 ... Yes (1.302162)
Checking if you have Perinci::Examples 0.79 ... Yes (0.811)
Checking if you have Perinci::CmdLine::Gen 0.42 ... No
==> Found dependencies: Perinci::CmdLine::Gen
Searching Perinci::CmdLine::Gen (0.42) on cpanmetadb ...
--> Working on Perinci::CmdLine::Gen
Fetching http://www.cpan.org/authors/id/P/PE/PERLANCAR/Perinci-CmdLine-Gen-0.490.tar.gz
-> OK
Unpacking Perinci-CmdLine-Gen-0.490.tar.gz
Entering Perinci-CmdLine-Gen-0.490
Checking configure dependencies from META.json
Checking if you have ExtUtils::MakeMaker 6.58 ... Yes (7.34)
Configuring Perinci-CmdLine-Gen-0.490
Running Makefile.PL
Warning: prerequisite Perinci::Access 0 not found.
Checking if your kit is complete...
Looks good
Generating a Unix-style Makefile
Writing Makefile for Perinci::CmdLine::Gen
Writing MYMETA.yml and MYMETA.json
-> OK
Checking dependencies from MYMETA.json ...
Checking if you have IPC::Open3 0 ... Yes (1.20)
Checking if you have Data::Dump 0 ... Yes (1.23)
Checking if you have IO::Handle 0 ... Yes (1.40)
Checking if you have Log::ger 0.027 ... Yes (0.027)
Checking if you have Perinci::Access 0 ... No
Checking if you have File::Spec 0 ... Yes (3.77)
Checking if you have strict 0 ... Yes (1.11)
Checking if you have warnings 0 ... Yes (1.43)
Checking if you have ExtUtils::MakeMaker 0 ... Yes (7.34)
Checking if you have File::Which 0 ... Yes (1.23)
Checking if you have Test::More 0 ... Yes (1.302162)
Checking if you have URI 0 ... Yes (1.76)
Checking if you have String::Indent 0.03 ... Yes (0.03)
Checking if you have Exporter 5.57 ... Yes (5.73)
==> Found dependencies: Perinci::Access
Already tried Perinci::Access. Skipping.
-> FAIL Installing the dependencies failed: Module 'Perinci::Access' is not installed
-> FAIL Bailing out the installation for Perinci-CmdLine-Gen-0.490.
-> FAIL Installing the dependencies failed: Module 'Perinci::CmdLine::Gen' is not installed
-> FAIL Bailing out the installation for Test-Perinci-CmdLine-1.47.
Already tried Perinci::Sub::GetArgs::Argv. Skipping.
Searching Data::Sah (0.895) on cpanmetadb ...
Already tried Data-Sah-0.895. Skipping.
Searching Perinci::CmdLine::Help (0.15) on cpanmetadb ...
--> Working on Perinci::CmdLine::Help
Fetching http://www.cpan.org/authors/id/P/PE/PERLANCAR/Perinci-CmdLine-Help-0.171.tar.gz
-> OK
Unpacking Perinci-CmdLine-Help-0.171.tar.gz
Entering Perinci-CmdLine-Help-0.171
Checking configure dependencies from META.json
Checking if you have ExtUtils::MakeMaker 6.58 ... Yes (7.34)
Configuring Perinci-CmdLine-Help-0.171
Running Makefile.PL
Warning: prerequisite Perinci::Sub::To::CLIDocData 0.28 not found.
Checking if your kit is complete...
Looks good
Generating a Unix-style Makefile
Writing Makefile for Perinci::CmdLine::Help
Writing MYMETA.yml and MYMETA.json
-> OK
Checking dependencies from MYMETA.json ...
Checking if you have File::Spec 0 ... Yes (3.77)
Checking if you have Perinci::Sub::To::CLIDocData 0.28 ... No
Checking if you have IPC::Open3 0 ... Yes (1.20)
Checking if you have Data::Dmp 0.21 ... Yes (0.23)
Checking if you have ExtUtils::MakeMaker 0 ... Yes (7.34)
Checking if you have strict 0 ... Yes (1.11)
Checking if you have warnings 0 ... Yes (1.43)
Checking if you have Test::More 0 ... Yes (1.302162)
Checking if you have IO::Handle 0 ... Yes (1.40)
Checking if you have Exporter 5.57 ... Yes (5.73)
Checking if you have Text::Wrap 0 ... Yes (2013.0523)
==> Found dependencies: Perinci::Sub::To::CLIDocData
Searching Perinci::Sub::To::CLIDocData (0.28) on cpanmetadb ...
--> Working on Perinci::Sub::To::CLIDocData
Fetching http://www.cpan.org/authors/id/P/PE/PERLANCAR/Perinci-Sub-To-CLIDocData-0.290.tar.gz
-> OK
Unpacking Perinci-Sub-To-CLIDocData-0.290.tar.gz
Entering Perinci-Sub-To-CLIDocData-0.290
Checking configure dependencies from META.json
Checking if you have ExtUtils::MakeMaker 6.58 ... Yes (7.34)
Configuring Perinci-Sub-To-CLIDocData-0.290
Running Makefile.PL
Warning: prerequisite Perinci::Sub::GetArgs::Argv 0.841 not found.
Checking if your kit is complete...
Looks good
Generating a Unix-style Makefile
Writing Makefile for Perinci::Sub::To::CLIDocData
Writing MYMETA.yml and MYMETA.json
-> OK
Checking dependencies from MYMETA.json ...
Checking if you have IPC::Open3 0 ... Yes (1.20)
Checking if you have Perinci::Sub::Util 0.46 ... Yes (0.46)
Checking if you have String::ShellQuote 0 ... Yes (1.04)
Checking if you have IO::Handle 0 ... Yes (1.40)
Checking if you have Perinci::Sub::Normalize 0.19 ... Yes (0.200)
Checking if you have Perinci::Object 0.310 ... Yes (0.310)
Checking if you have File::Spec 0 ... Yes (3.77)
Checking if you have ExtUtils::MakeMaker 0 ... Yes (7.34)
Checking if you have strict 0 ... Yes (1.11)
Checking if you have warnings 0 ... Yes (1.43)
Checking if you have Getopt::Long::Negate::EN 0 ... Yes (0.05)
Checking if you have Perinci::Sub::ConvertArgs::Argv 0 ... Yes (0.10)
Checking if you have Perinci::Sub::GetArgs::Argv 0.841 ... No
Checking if you have Test::More 0 ... Yes (1.302162)
Checking if you have Exporter 5.57 ... Yes (5.73)
==> Found dependencies: Perinci::Sub::GetArgs::Argv
Already tried Perinci::Sub::GetArgs::Argv. Skipping.
-> FAIL Installing the dependencies failed: Module 'Perinci::Sub::GetArgs::Argv' is not installed
-> FAIL Bailing out the installation for Perinci-Sub-To-CLIDocData-0.290.
-> FAIL Installing the dependencies failed: Module 'Perinci::Sub::To::CLIDocData' is not installed
-> FAIL Bailing out the installation for Perinci-CmdLine-Help-0.171.
-> FAIL Installing the dependencies failed: Module 'Data::Sah' is not installed, Module 'Perinci::Sub::GetArgs::Argv' is not installed, Module 'Test::Perinci::CmdLine' is not installed, Module 'Perinci::Sub::Complete' is not installed, Module 'Perinci::CmdLine::Help' is not installed
-> FAIL Bailing out the installation for Perinci-CmdLine-Lite-1.817.
-> FAIL Installing the dependencies failed: Module 'Perinci::CmdLine::Lite' is not installed
-> FAIL Bailing out the installation for Perinci-CmdLine-Any-0.14.
Searching Sah::Schema::dirname (0) on cpanmetadb ...
Already tried Sah-Schemas-Path-0.005. Skipping.
Searching Data::Sah::Coerce::perl::date::obj_TimeMoment (0.025) on cpanmetadb ...
Already tried Data-Sah-Coerce-0.033. Skipping.
Searching Sah::Schema::perl::distname (0) on cpanmetadb ...
Already tried Sah-Schemas-Perl-0.018. Skipping.
-> FAIL Installing the dependencies failed: Module 'Sah::Schema::perl::distname' is not installed, Module 'Data::Sah::Coerce::perl::date::float_epoch' is not installed, Module 'Data::Sah::Compiler::perl::TH::array' is not installed, Module 'Data::Sah::Compiler::perl::TH::re' is not installed, Module 'Data::Sah::Coerce::perl::date::obj_TimeMoment' is not installed, Module 'Perinci::CmdLine::Any' is not installed, Module 'Sah::Schema::dirname' is not installed, Module 'Sah::Schema::filename' is not installed, Module 'Data::Sah::Compiler::perl::TH::bool' is not installed, Module 'Data::Sah::Coerce::perl::date::str_iso8601' is not installed, Module 'Data::Sah::Compiler::perl::TH::date' is not installed, Module 'Data::Sah::Coerce::perl::date::obj_DateTime' is not installed, Module 'Data::Sah::Coerce::perl::str::str_strip_trailing_slash' is not installed, Module 'Data::Sah::Coerce::perl::str::str_normalize_perl_modname' is not installed, Module 'Sah::Schema::perl::modname' is not installed, Module 'Data::Sah::Compiler::perl::TH::str' is not installed, Module 'Data::Sah::Coerce::perl::str::str_normalize_perl_distname' is not installed, Module 'Data::Sah::Compiler::perl::TH::int' is not installed
-> FAIL Bailing out the installation for App-lcpan-1.032.
